[2023-07-04T00:07:12.823+0000] {processor.py:157} INFO - Started process (PID=84) to work on /home/airflow/.local/lib/python3.7/site-packages/airflow/example_dags/plugins/workday.py
[2023-07-04T00:07:12.825+0000] {processor.py:826} INFO - Processing file /home/airflow/.local/lib/python3.7/site-packages/airflow/example_dags/plugins/workday.py for tasks to queue
[2023-07-04T00:07:12.827+0000] {logging_mixin.py:149} INFO - [2023-07-04T00:07:12.827+0000] {dagbag.py:541} INFO - Filling up the DagBag from /home/airflow/.local/lib/python3.7/site-packages/airflow/example_dags/plugins/workday.py
[2023-07-04T00:07:15.836+0000] {processor.py:838} WARNING - No viable dags retrieved from /home/airflow/.local/lib/python3.7/site-packages/airflow/example_dags/plugins/workday.py
[2023-07-04T00:07:15.877+0000] {processor.py:179} INFO - Processing /home/airflow/.local/lib/python3.7/site-packages/airflow/example_dags/plugins/workday.py took 3.060 seconds
[2023-07-04T00:07:45.978+0000] {processor.py:157} INFO - Started process (PID=141) to work on /home/airflow/.local/lib/python3.7/site-packages/airflow/example_dags/plugins/workday.py
[2023-07-04T00:07:45.979+0000] {processor.py:826} INFO - Processing file /home/airflow/.local/lib/python3.7/site-packages/airflow/example_dags/plugins/workday.py for tasks to queue
[2023-07-04T00:07:45.981+0000] {logging_mixin.py:149} INFO - [2023-07-04T00:07:45.981+0000] {dagbag.py:541} INFO - Filling up the DagBag from /home/airflow/.local/lib/python3.7/site-packages/airflow/example_dags/plugins/workday.py
[2023-07-04T00:07:46.739+0000] {processor.py:838} WARNING - No viable dags retrieved from /home/airflow/.local/lib/python3.7/site-packages/airflow/example_dags/plugins/workday.py
[2023-07-04T00:07:46.765+0000] {processor.py:179} INFO - Processing /home/airflow/.local/lib/python3.7/site-packages/airflow/example_dags/plugins/workday.py took 0.793 seconds
[2023-07-04T00:08:17.627+0000] {processor.py:157} INFO - Started process (PID=198) to work on /home/airflow/.local/lib/python3.7/site-packages/airflow/example_dags/plugins/workday.py
[2023-07-04T00:08:17.629+0000] {processor.py:826} INFO - Processing file /home/airflow/.local/lib/python3.7/site-packages/airflow/example_dags/plugins/workday.py for tasks to queue
[2023-07-04T00:08:17.630+0000] {logging_mixin.py:149} INFO - [2023-07-04T00:08:17.630+0000] {dagbag.py:541} INFO - Filling up the DagBag from /home/airflow/.local/lib/python3.7/site-packages/airflow/example_dags/plugins/workday.py
[2023-07-04T00:08:18.191+0000] {processor.py:838} WARNING - No viable dags retrieved from /home/airflow/.local/lib/python3.7/site-packages/airflow/example_dags/plugins/workday.py
[2023-07-04T00:08:18.208+0000] {processor.py:179} INFO - Processing /home/airflow/.local/lib/python3.7/site-packages/airflow/example_dags/plugins/workday.py took 0.586 seconds
[2023-07-04T00:08:48.339+0000] {processor.py:157} INFO - Started process (PID=255) to work on /home/airflow/.local/lib/python3.7/site-packages/airflow/example_dags/plugins/workday.py
[2023-07-04T00:08:48.341+0000] {processor.py:826} INFO - Processing file /home/airflow/.local/lib/python3.7/site-packages/airflow/example_dags/plugins/workday.py for tasks to queue
[2023-07-04T00:08:48.343+0000] {logging_mixin.py:149} INFO - [2023-07-04T00:08:48.343+0000] {dagbag.py:541} INFO - Filling up the DagBag from /home/airflow/.local/lib/python3.7/site-packages/airflow/example_dags/plugins/workday.py
[2023-07-04T00:08:49.055+0000] {processor.py:838} WARNING - No viable dags retrieved from /home/airflow/.local/lib/python3.7/site-packages/airflow/example_dags/plugins/workday.py
[2023-07-04T00:08:49.081+0000] {processor.py:179} INFO - Processing /home/airflow/.local/lib/python3.7/site-packages/airflow/example_dags/plugins/workday.py took 0.750 seconds
[2023-07-04T00:09:19.854+0000] {processor.py:157} INFO - Started process (PID=312) to work on /home/airflow/.local/lib/python3.7/site-packages/airflow/example_dags/plugins/workday.py
[2023-07-04T00:09:19.855+0000] {processor.py:826} INFO - Processing file /home/airflow/.local/lib/python3.7/site-packages/airflow/example_dags/plugins/workday.py for tasks to queue
[2023-07-04T00:09:19.857+0000] {logging_mixin.py:149} INFO - [2023-07-04T00:09:19.856+0000] {dagbag.py:541} INFO - Filling up the DagBag from /home/airflow/.local/lib/python3.7/site-packages/airflow/example_dags/plugins/workday.py
[2023-07-04T00:09:20.393+0000] {processor.py:838} WARNING - No viable dags retrieved from /home/airflow/.local/lib/python3.7/site-packages/airflow/example_dags/plugins/workday.py
[2023-07-04T00:09:20.415+0000] {processor.py:179} INFO - Processing /home/airflow/.local/lib/python3.7/site-packages/airflow/example_dags/plugins/workday.py took 0.565 seconds
[2023-07-04T00:09:50.526+0000] {processor.py:157} INFO - Started process (PID=369) to work on /home/airflow/.local/lib/python3.7/site-packages/airflow/example_dags/plugins/workday.py
[2023-07-04T00:09:50.528+0000] {processor.py:826} INFO - Processing file /home/airflow/.local/lib/python3.7/site-packages/airflow/example_dags/plugins/workday.py for tasks to queue
[2023-07-04T00:09:50.529+0000] {logging_mixin.py:149} INFO - [2023-07-04T00:09:50.529+0000] {dagbag.py:541} INFO - Filling up the DagBag from /home/airflow/.local/lib/python3.7/site-packages/airflow/example_dags/plugins/workday.py
[2023-07-04T00:09:51.067+0000] {processor.py:838} WARNING - No viable dags retrieved from /home/airflow/.local/lib/python3.7/site-packages/airflow/example_dags/plugins/workday.py
[2023-07-04T00:09:51.089+0000] {processor.py:179} INFO - Processing /home/airflow/.local/lib/python3.7/site-packages/airflow/example_dags/plugins/workday.py took 0.568 seconds
[2023-07-04T00:10:21.752+0000] {processor.py:157} INFO - Started process (PID=425) to work on /home/airflow/.local/lib/python3.7/site-packages/airflow/example_dags/plugins/workday.py
[2023-07-04T00:10:21.754+0000] {processor.py:826} INFO - Processing file /home/airflow/.local/lib/python3.7/site-packages/airflow/example_dags/plugins/workday.py for tasks to queue
[2023-07-04T00:10:21.755+0000] {logging_mixin.py:149} INFO - [2023-07-04T00:10:21.755+0000] {dagbag.py:541} INFO - Filling up the DagBag from /home/airflow/.local/lib/python3.7/site-packages/airflow/example_dags/plugins/workday.py
[2023-07-04T00:10:22.436+0000] {processor.py:838} WARNING - No viable dags retrieved from /home/airflow/.local/lib/python3.7/site-packages/airflow/example_dags/plugins/workday.py
[2023-07-04T00:10:22.460+0000] {processor.py:179} INFO - Processing /home/airflow/.local/lib/python3.7/site-packages/airflow/example_dags/plugins/workday.py took 0.714 seconds
[2023-07-04T00:10:53.412+0000] {processor.py:157} INFO - Started process (PID=482) to work on /home/airflow/.local/lib/python3.7/site-packages/airflow/example_dags/plugins/workday.py
[2023-07-04T00:10:53.413+0000] {processor.py:826} INFO - Processing file /home/airflow/.local/lib/python3.7/site-packages/airflow/example_dags/plugins/workday.py for tasks to queue
[2023-07-04T00:10:53.414+0000] {logging_mixin.py:149} INFO - [2023-07-04T00:10:53.414+0000] {dagbag.py:541} INFO - Filling up the DagBag from /home/airflow/.local/lib/python3.7/site-packages/airflow/example_dags/plugins/workday.py
[2023-07-04T00:10:54.150+0000] {processor.py:838} WARNING - No viable dags retrieved from /home/airflow/.local/lib/python3.7/site-packages/airflow/example_dags/plugins/workday.py
[2023-07-04T00:10:54.176+0000] {processor.py:179} INFO - Processing /home/airflow/.local/lib/python3.7/site-packages/airflow/example_dags/plugins/workday.py took 0.770 seconds
[2023-07-04T00:11:24.557+0000] {processor.py:157} INFO - Started process (PID=539) to work on /home/airflow/.local/lib/python3.7/site-packages/airflow/example_dags/plugins/workday.py
[2023-07-04T00:11:24.559+0000] {processor.py:826} INFO - Processing file /home/airflow/.local/lib/python3.7/site-packages/airflow/example_dags/plugins/workday.py for tasks to queue
[2023-07-04T00:11:24.561+0000] {logging_mixin.py:149} INFO - [2023-07-04T00:11:24.560+0000] {dagbag.py:541} INFO - Filling up the DagBag from /home/airflow/.local/lib/python3.7/site-packages/airflow/example_dags/plugins/workday.py
[2023-07-04T00:11:25.108+0000] {processor.py:838} WARNING - No viable dags retrieved from /home/airflow/.local/lib/python3.7/site-packages/airflow/example_dags/plugins/workday.py
[2023-07-04T00:11:25.127+0000] {processor.py:179} INFO - Processing /home/airflow/.local/lib/python3.7/site-packages/airflow/example_dags/plugins/workday.py took 0.576 seconds
[2023-07-04T00:11:55.743+0000] {processor.py:157} INFO - Started process (PID=596) to work on /home/airflow/.local/lib/python3.7/site-packages/airflow/example_dags/plugins/workday.py
[2023-07-04T00:11:55.745+0000] {processor.py:826} INFO - Processing file /home/airflow/.local/lib/python3.7/site-packages/airflow/example_dags/plugins/workday.py for tasks to queue
[2023-07-04T00:11:55.747+0000] {logging_mixin.py:149} INFO - [2023-07-04T00:11:55.747+0000] {dagbag.py:541} INFO - Filling up the DagBag from /home/airflow/.local/lib/python3.7/site-packages/airflow/example_dags/plugins/workday.py
[2023-07-04T00:11:56.331+0000] {processor.py:838} WARNING - No viable dags retrieved from /home/airflow/.local/lib/python3.7/site-packages/airflow/example_dags/plugins/workday.py
[2023-07-04T00:11:56.354+0000] {processor.py:179} INFO - Processing /home/airflow/.local/lib/python3.7/site-packages/airflow/example_dags/plugins/workday.py took 0.617 seconds
[2023-07-04T00:12:26.530+0000] {processor.py:157} INFO - Started process (PID=653) to work on /home/airflow/.local/lib/python3.7/site-packages/airflow/example_dags/plugins/workday.py
[2023-07-04T00:12:26.532+0000] {processor.py:826} INFO - Processing file /home/airflow/.local/lib/python3.7/site-packages/airflow/example_dags/plugins/workday.py for tasks to queue
[2023-07-04T00:12:26.534+0000] {logging_mixin.py:149} INFO - [2023-07-04T00:12:26.533+0000] {dagbag.py:541} INFO - Filling up the DagBag from /home/airflow/.local/lib/python3.7/site-packages/airflow/example_dags/plugins/workday.py
[2023-07-04T00:12:27.149+0000] {processor.py:838} WARNING - No viable dags retrieved from /home/airflow/.local/lib/python3.7/site-packages/airflow/example_dags/plugins/workday.py
[2023-07-04T00:12:27.176+0000] {processor.py:179} INFO - Processing /home/airflow/.local/lib/python3.7/site-packages/airflow/example_dags/plugins/workday.py took 0.653 seconds
[2023-07-04T00:12:57.728+0000] {processor.py:157} INFO - Started process (PID=710) to work on /home/airflow/.local/lib/python3.7/site-packages/airflow/example_dags/plugins/workday.py
[2023-07-04T00:12:57.729+0000] {processor.py:826} INFO - Processing file /home/airflow/.local/lib/python3.7/site-packages/airflow/example_dags/plugins/workday.py for tasks to queue
[2023-07-04T00:12:57.731+0000] {logging_mixin.py:149} INFO - [2023-07-04T00:12:57.731+0000] {dagbag.py:541} INFO - Filling up the DagBag from /home/airflow/.local/lib/python3.7/site-packages/airflow/example_dags/plugins/workday.py
[2023-07-04T00:12:58.384+0000] {processor.py:838} WARNING - No viable dags retrieved from /home/airflow/.local/lib/python3.7/site-packages/airflow/example_dags/plugins/workday.py
[2023-07-04T00:12:58.411+0000] {processor.py:179} INFO - Processing /home/airflow/.local/lib/python3.7/site-packages/airflow/example_dags/plugins/workday.py took 0.690 seconds
[2023-07-04T00:13:28.544+0000] {processor.py:157} INFO - Started process (PID=767) to work on /home/airflow/.local/lib/python3.7/site-packages/airflow/example_dags/plugins/workday.py
[2023-07-04T00:13:28.547+0000] {processor.py:826} INFO - Processing file /home/airflow/.local/lib/python3.7/site-packages/airflow/example_dags/plugins/workday.py for tasks to queue
[2023-07-04T00:13:28.549+0000] {logging_mixin.py:149} INFO - [2023-07-04T00:13:28.549+0000] {dagbag.py:541} INFO - Filling up the DagBag from /home/airflow/.local/lib/python3.7/site-packages/airflow/example_dags/plugins/workday.py
[2023-07-04T00:13:29.327+0000] {processor.py:838} WARNING - No viable dags retrieved from /home/airflow/.local/lib/python3.7/site-packages/airflow/example_dags/plugins/workday.py
[2023-07-04T00:13:29.360+0000] {processor.py:179} INFO - Processing /home/airflow/.local/lib/python3.7/site-packages/airflow/example_dags/plugins/workday.py took 0.823 seconds
[2023-07-04T00:13:59.542+0000] {processor.py:157} INFO - Started process (PID=824) to work on /home/airflow/.local/lib/python3.7/site-packages/airflow/example_dags/plugins/workday.py
[2023-07-04T00:13:59.543+0000] {processor.py:826} INFO - Processing file /home/airflow/.local/lib/python3.7/site-packages/airflow/example_dags/plugins/workday.py for tasks to queue
[2023-07-04T00:13:59.545+0000] {logging_mixin.py:149} INFO - [2023-07-04T00:13:59.545+0000] {dagbag.py:541} INFO - Filling up the DagBag from /home/airflow/.local/lib/python3.7/site-packages/airflow/example_dags/plugins/workday.py
[2023-07-04T00:14:00.293+0000] {processor.py:838} WARNING - No viable dags retrieved from /home/airflow/.local/lib/python3.7/site-packages/airflow/example_dags/plugins/workday.py
[2023-07-04T00:14:00.324+0000] {processor.py:179} INFO - Processing /home/airflow/.local/lib/python3.7/site-packages/airflow/example_dags/plugins/workday.py took 0.792 seconds
[2023-07-04T00:14:30.491+0000] {processor.py:157} INFO - Started process (PID=881) to work on /home/airflow/.local/lib/python3.7/site-packages/airflow/example_dags/plugins/workday.py
[2023-07-04T00:14:30.493+0000] {processor.py:826} INFO - Processing file /home/airflow/.local/lib/python3.7/site-packages/airflow/example_dags/plugins/workday.py for tasks to queue
[2023-07-04T00:14:30.495+0000] {logging_mixin.py:149} INFO - [2023-07-04T00:14:30.494+0000] {dagbag.py:541} INFO - Filling up the DagBag from /home/airflow/.local/lib/python3.7/site-packages/airflow/example_dags/plugins/workday.py
[2023-07-04T00:14:31.090+0000] {processor.py:838} WARNING - No viable dags retrieved from /home/airflow/.local/lib/python3.7/site-packages/airflow/example_dags/plugins/workday.py
[2023-07-04T00:14:31.107+0000] {processor.py:179} INFO - Processing /home/airflow/.local/lib/python3.7/site-packages/airflow/example_dags/plugins/workday.py took 0.628 seconds
[2023-07-04T00:15:01.449+0000] {processor.py:157} INFO - Started process (PID=938) to work on /home/airflow/.local/lib/python3.7/site-packages/airflow/example_dags/plugins/workday.py
[2023-07-04T00:15:01.450+0000] {processor.py:826} INFO - Processing file /home/airflow/.local/lib/python3.7/site-packages/airflow/example_dags/plugins/workday.py for tasks to queue
[2023-07-04T00:15:01.451+0000] {logging_mixin.py:149} INFO - [2023-07-04T00:15:01.451+0000] {dagbag.py:541} INFO - Filling up the DagBag from /home/airflow/.local/lib/python3.7/site-packages/airflow/example_dags/plugins/workday.py
[2023-07-04T00:15:02.183+0000] {processor.py:838} WARNING - No viable dags retrieved from /home/airflow/.local/lib/python3.7/site-packages/airflow/example_dags/plugins/workday.py
[2023-07-04T00:15:02.212+0000] {processor.py:179} INFO - Processing /home/airflow/.local/lib/python3.7/site-packages/airflow/example_dags/plugins/workday.py took 0.768 seconds
[2023-07-04T00:15:32.370+0000] {processor.py:157} INFO - Started process (PID=995) to work on /home/airflow/.local/lib/python3.7/site-packages/airflow/example_dags/plugins/workday.py
[2023-07-04T00:15:32.371+0000] {processor.py:826} INFO - Processing file /home/airflow/.local/lib/python3.7/site-packages/airflow/example_dags/plugins/workday.py for tasks to queue
[2023-07-04T00:15:32.373+0000] {logging_mixin.py:149} INFO - [2023-07-04T00:15:32.372+0000] {dagbag.py:541} INFO - Filling up the DagBag from /home/airflow/.local/lib/python3.7/site-packages/airflow/example_dags/plugins/workday.py
[2023-07-04T00:15:33.150+0000] {processor.py:838} WARNING - No viable dags retrieved from /home/airflow/.local/lib/python3.7/site-packages/airflow/example_dags/plugins/workday.py
[2023-07-04T00:15:33.173+0000] {processor.py:179} INFO - Processing /home/airflow/.local/lib/python3.7/site-packages/airflow/example_dags/plugins/workday.py took 0.808 seconds
[2023-07-04T00:16:03.450+0000] {processor.py:157} INFO - Started process (PID=1053) to work on /home/airflow/.local/lib/python3.7/site-packages/airflow/example_dags/plugins/workday.py
[2023-07-04T00:16:03.451+0000] {processor.py:826} INFO - Processing file /home/airflow/.local/lib/python3.7/site-packages/airflow/example_dags/plugins/workday.py for tasks to queue
[2023-07-04T00:16:03.453+0000] {logging_mixin.py:149} INFO - [2023-07-04T00:16:03.453+0000] {dagbag.py:541} INFO - Filling up the DagBag from /home/airflow/.local/lib/python3.7/site-packages/airflow/example_dags/plugins/workday.py
[2023-07-04T00:16:04.236+0000] {processor.py:838} WARNING - No viable dags retrieved from /home/airflow/.local/lib/python3.7/site-packages/airflow/example_dags/plugins/workday.py
[2023-07-04T00:16:04.258+0000] {processor.py:179} INFO - Processing /home/airflow/.local/lib/python3.7/site-packages/airflow/example_dags/plugins/workday.py took 0.816 seconds
[2023-07-04T00:16:34.932+0000] {processor.py:157} INFO - Started process (PID=1110) to work on /home/airflow/.local/lib/python3.7/site-packages/airflow/example_dags/plugins/workday.py
[2023-07-04T00:16:34.934+0000] {processor.py:826} INFO - Processing file /home/airflow/.local/lib/python3.7/site-packages/airflow/example_dags/plugins/workday.py for tasks to queue
[2023-07-04T00:16:34.936+0000] {logging_mixin.py:149} INFO - [2023-07-04T00:16:34.936+0000] {dagbag.py:541} INFO - Filling up the DagBag from /home/airflow/.local/lib/python3.7/site-packages/airflow/example_dags/plugins/workday.py
[2023-07-04T00:16:35.613+0000] {processor.py:838} WARNING - No viable dags retrieved from /home/airflow/.local/lib/python3.7/site-packages/airflow/example_dags/plugins/workday.py
[2023-07-04T00:16:35.629+0000] {processor.py:179} INFO - Processing /home/airflow/.local/lib/python3.7/site-packages/airflow/example_dags/plugins/workday.py took 0.707 seconds
[2023-07-04T00:17:05.840+0000] {processor.py:157} INFO - Started process (PID=1167) to work on /home/airflow/.local/lib/python3.7/site-packages/airflow/example_dags/plugins/workday.py
[2023-07-04T00:17:05.843+0000] {processor.py:826} INFO - Processing file /home/airflow/.local/lib/python3.7/site-packages/airflow/example_dags/plugins/workday.py for tasks to queue
[2023-07-04T00:17:05.845+0000] {logging_mixin.py:149} INFO - [2023-07-04T00:17:05.845+0000] {dagbag.py:541} INFO - Filling up the DagBag from /home/airflow/.local/lib/python3.7/site-packages/airflow/example_dags/plugins/workday.py
[2023-07-04T00:17:06.611+0000] {processor.py:838} WARNING - No viable dags retrieved from /home/airflow/.local/lib/python3.7/site-packages/airflow/example_dags/plugins/workday.py
[2023-07-04T00:17:06.664+0000] {processor.py:179} INFO - Processing /home/airflow/.local/lib/python3.7/site-packages/airflow/example_dags/plugins/workday.py took 0.831 seconds
[2023-07-04T00:17:37.012+0000] {processor.py:157} INFO - Started process (PID=1224) to work on /home/airflow/.local/lib/python3.7/site-packages/airflow/example_dags/plugins/workday.py
[2023-07-04T00:17:37.014+0000] {processor.py:826} INFO - Processing file /home/airflow/.local/lib/python3.7/site-packages/airflow/example_dags/plugins/workday.py for tasks to queue
[2023-07-04T00:17:37.015+0000] {logging_mixin.py:149} INFO - [2023-07-04T00:17:37.015+0000] {dagbag.py:541} INFO - Filling up the DagBag from /home/airflow/.local/lib/python3.7/site-packages/airflow/example_dags/plugins/workday.py
[2023-07-04T00:17:37.562+0000] {processor.py:838} WARNING - No viable dags retrieved from /home/airflow/.local/lib/python3.7/site-packages/airflow/example_dags/plugins/workday.py
[2023-07-04T00:17:37.585+0000] {processor.py:179} INFO - Processing /home/airflow/.local/lib/python3.7/site-packages/airflow/example_dags/plugins/workday.py took 0.578 seconds
[2023-07-04T00:18:07.806+0000] {processor.py:157} INFO - Started process (PID=1281) to work on /home/airflow/.local/lib/python3.7/site-packages/airflow/example_dags/plugins/workday.py
[2023-07-04T00:18:07.809+0000] {processor.py:826} INFO - Processing file /home/airflow/.local/lib/python3.7/site-packages/airflow/example_dags/plugins/workday.py for tasks to queue
[2023-07-04T00:18:07.810+0000] {logging_mixin.py:149} INFO - [2023-07-04T00:18:07.810+0000] {dagbag.py:541} INFO - Filling up the DagBag from /home/airflow/.local/lib/python3.7/site-packages/airflow/example_dags/plugins/workday.py
[2023-07-04T00:18:08.644+0000] {processor.py:838} WARNING - No viable dags retrieved from /home/airflow/.local/lib/python3.7/site-packages/airflow/example_dags/plugins/workday.py
[2023-07-04T00:18:08.674+0000] {processor.py:179} INFO - Processing /home/airflow/.local/lib/python3.7/site-packages/airflow/example_dags/plugins/workday.py took 0.873 seconds
[2023-07-04T00:18:38.803+0000] {processor.py:157} INFO - Started process (PID=1338) to work on /home/airflow/.local/lib/python3.7/site-packages/airflow/example_dags/plugins/workday.py
[2023-07-04T00:18:38.805+0000] {processor.py:826} INFO - Processing file /home/airflow/.local/lib/python3.7/site-packages/airflow/example_dags/plugins/workday.py for tasks to queue
[2023-07-04T00:18:38.806+0000] {logging_mixin.py:149} INFO - [2023-07-04T00:18:38.806+0000] {dagbag.py:541} INFO - Filling up the DagBag from /home/airflow/.local/lib/python3.7/site-packages/airflow/example_dags/plugins/workday.py
[2023-07-04T00:18:39.663+0000] {processor.py:838} WARNING - No viable dags retrieved from /home/airflow/.local/lib/python3.7/site-packages/airflow/example_dags/plugins/workday.py
[2023-07-04T00:18:39.685+0000] {processor.py:179} INFO - Processing /home/airflow/.local/lib/python3.7/site-packages/airflow/example_dags/plugins/workday.py took 0.890 seconds
[2023-07-04T00:19:10.103+0000] {processor.py:157} INFO - Started process (PID=1394) to work on /home/airflow/.local/lib/python3.7/site-packages/airflow/example_dags/plugins/workday.py
[2023-07-04T00:19:10.106+0000] {processor.py:826} INFO - Processing file /home/airflow/.local/lib/python3.7/site-packages/airflow/example_dags/plugins/workday.py for tasks to queue
[2023-07-04T00:19:10.108+0000] {logging_mixin.py:149} INFO - [2023-07-04T00:19:10.108+0000] {dagbag.py:541} INFO - Filling up the DagBag from /home/airflow/.local/lib/python3.7/site-packages/airflow/example_dags/plugins/workday.py
[2023-07-04T00:19:11.016+0000] {processor.py:838} WARNING - No viable dags retrieved from /home/airflow/.local/lib/python3.7/site-packages/airflow/example_dags/plugins/workday.py
[2023-07-04T00:19:11.038+0000] {processor.py:179} INFO - Processing /home/airflow/.local/lib/python3.7/site-packages/airflow/example_dags/plugins/workday.py took 0.944 seconds
[2023-07-04T00:19:41.453+0000] {processor.py:157} INFO - Started process (PID=1452) to work on /home/airflow/.local/lib/python3.7/site-packages/airflow/example_dags/plugins/workday.py
[2023-07-04T00:19:41.455+0000] {processor.py:826} INFO - Processing file /home/airflow/.local/lib/python3.7/site-packages/airflow/example_dags/plugins/workday.py for tasks to queue
[2023-07-04T00:19:41.458+0000] {logging_mixin.py:149} INFO - [2023-07-04T00:19:41.458+0000] {dagbag.py:541} INFO - Filling up the DagBag from /home/airflow/.local/lib/python3.7/site-packages/airflow/example_dags/plugins/workday.py
[2023-07-04T00:19:42.440+0000] {processor.py:838} WARNING - No viable dags retrieved from /home/airflow/.local/lib/python3.7/site-packages/airflow/example_dags/plugins/workday.py
[2023-07-04T00:19:42.463+0000] {processor.py:179} INFO - Processing /home/airflow/.local/lib/python3.7/site-packages/airflow/example_dags/plugins/workday.py took 1.015 seconds
[2023-07-04T00:20:12.577+0000] {processor.py:157} INFO - Started process (PID=1516) to work on /home/airflow/.local/lib/python3.7/site-packages/airflow/example_dags/plugins/workday.py
[2023-07-04T00:20:12.578+0000] {processor.py:826} INFO - Processing file /home/airflow/.local/lib/python3.7/site-packages/airflow/example_dags/plugins/workday.py for tasks to queue
[2023-07-04T00:20:12.580+0000] {logging_mixin.py:149} INFO - [2023-07-04T00:20:12.580+0000] {dagbag.py:541} INFO - Filling up the DagBag from /home/airflow/.local/lib/python3.7/site-packages/airflow/example_dags/plugins/workday.py
[2023-07-04T00:20:13.293+0000] {processor.py:838} WARNING - No viable dags retrieved from /home/airflow/.local/lib/python3.7/site-packages/airflow/example_dags/plugins/workday.py
[2023-07-04T00:20:13.313+0000] {processor.py:179} INFO - Processing /home/airflow/.local/lib/python3.7/site-packages/airflow/example_dags/plugins/workday.py took 0.741 seconds
[2023-07-04T00:20:43.530+0000] {processor.py:157} INFO - Started process (PID=1573) to work on /home/airflow/.local/lib/python3.7/site-packages/airflow/example_dags/plugins/workday.py
[2023-07-04T00:20:43.531+0000] {processor.py:826} INFO - Processing file /home/airflow/.local/lib/python3.7/site-packages/airflow/example_dags/plugins/workday.py for tasks to queue
[2023-07-04T00:20:43.532+0000] {logging_mixin.py:149} INFO - [2023-07-04T00:20:43.532+0000] {dagbag.py:541} INFO - Filling up the DagBag from /home/airflow/.local/lib/python3.7/site-packages/airflow/example_dags/plugins/workday.py
[2023-07-04T00:20:44.208+0000] {processor.py:838} WARNING - No viable dags retrieved from /home/airflow/.local/lib/python3.7/site-packages/airflow/example_dags/plugins/workday.py
[2023-07-04T00:20:44.227+0000] {processor.py:179} INFO - Processing /home/airflow/.local/lib/python3.7/site-packages/airflow/example_dags/plugins/workday.py took 0.702 seconds
[2023-07-04T00:21:14.285+0000] {processor.py:157} INFO - Started process (PID=1629) to work on /home/airflow/.local/lib/python3.7/site-packages/airflow/example_dags/plugins/workday.py
[2023-07-04T00:21:14.286+0000] {processor.py:826} INFO - Processing file /home/airflow/.local/lib/python3.7/site-packages/airflow/example_dags/plugins/workday.py for tasks to queue
[2023-07-04T00:21:14.288+0000] {logging_mixin.py:149} INFO - [2023-07-04T00:21:14.287+0000] {dagbag.py:541} INFO - Filling up the DagBag from /home/airflow/.local/lib/python3.7/site-packages/airflow/example_dags/plugins/workday.py
[2023-07-04T00:21:14.928+0000] {processor.py:838} WARNING - No viable dags retrieved from /home/airflow/.local/lib/python3.7/site-packages/airflow/example_dags/plugins/workday.py
[2023-07-04T00:21:14.947+0000] {processor.py:179} INFO - Processing /home/airflow/.local/lib/python3.7/site-packages/airflow/example_dags/plugins/workday.py took 0.668 seconds
[2023-07-04T00:21:45.275+0000] {processor.py:157} INFO - Started process (PID=1686) to work on /home/airflow/.local/lib/python3.7/site-packages/airflow/example_dags/plugins/workday.py
[2023-07-04T00:21:45.277+0000] {processor.py:826} INFO - Processing file /home/airflow/.local/lib/python3.7/site-packages/airflow/example_dags/plugins/workday.py for tasks to queue
[2023-07-04T00:21:45.278+0000] {logging_mixin.py:149} INFO - [2023-07-04T00:21:45.277+0000] {dagbag.py:541} INFO - Filling up the DagBag from /home/airflow/.local/lib/python3.7/site-packages/airflow/example_dags/plugins/workday.py
[2023-07-04T00:21:45.948+0000] {processor.py:838} WARNING - No viable dags retrieved from /home/airflow/.local/lib/python3.7/site-packages/airflow/example_dags/plugins/workday.py
[2023-07-04T00:21:45.965+0000] {processor.py:179} INFO - Processing /home/airflow/.local/lib/python3.7/site-packages/airflow/example_dags/plugins/workday.py took 0.696 seconds
[2023-07-04T00:22:16.122+0000] {processor.py:157} INFO - Started process (PID=1743) to work on /home/airflow/.local/lib/python3.7/site-packages/airflow/example_dags/plugins/workday.py
[2023-07-04T00:22:16.123+0000] {processor.py:826} INFO - Processing file /home/airflow/.local/lib/python3.7/site-packages/airflow/example_dags/plugins/workday.py for tasks to queue
[2023-07-04T00:22:16.125+0000] {logging_mixin.py:149} INFO - [2023-07-04T00:22:16.124+0000] {dagbag.py:541} INFO - Filling up the DagBag from /home/airflow/.local/lib/python3.7/site-packages/airflow/example_dags/plugins/workday.py
[2023-07-04T00:22:17.052+0000] {processor.py:838} WARNING - No viable dags retrieved from /home/airflow/.local/lib/python3.7/site-packages/airflow/example_dags/plugins/workday.py
[2023-07-04T00:22:17.070+0000] {processor.py:179} INFO - Processing /home/airflow/.local/lib/python3.7/site-packages/airflow/example_dags/plugins/workday.py took 0.954 seconds
[2023-07-04T00:22:47.176+0000] {processor.py:157} INFO - Started process (PID=1800) to work on /home/airflow/.local/lib/python3.7/site-packages/airflow/example_dags/plugins/workday.py
[2023-07-04T00:22:47.178+0000] {processor.py:826} INFO - Processing file /home/airflow/.local/lib/python3.7/site-packages/airflow/example_dags/plugins/workday.py for tasks to queue
[2023-07-04T00:22:47.178+0000] {logging_mixin.py:149} INFO - [2023-07-04T00:22:47.178+0000] {dagbag.py:541} INFO - Filling up the DagBag from /home/airflow/.local/lib/python3.7/site-packages/airflow/example_dags/plugins/workday.py
[2023-07-04T00:22:47.835+0000] {processor.py:838} WARNING - No viable dags retrieved from /home/airflow/.local/lib/python3.7/site-packages/airflow/example_dags/plugins/workday.py
[2023-07-04T00:22:47.850+0000] {processor.py:179} INFO - Processing /home/airflow/.local/lib/python3.7/site-packages/airflow/example_dags/plugins/workday.py took 0.679 seconds
[2023-07-04T00:23:18.386+0000] {processor.py:157} INFO - Started process (PID=1857) to work on /home/airflow/.local/lib/python3.7/site-packages/airflow/example_dags/plugins/workday.py
[2023-07-04T00:23:18.388+0000] {processor.py:826} INFO - Processing file /home/airflow/.local/lib/python3.7/site-packages/airflow/example_dags/plugins/workday.py for tasks to queue
[2023-07-04T00:23:18.391+0000] {logging_mixin.py:149} INFO - [2023-07-04T00:23:18.390+0000] {dagbag.py:541} INFO - Filling up the DagBag from /home/airflow/.local/lib/python3.7/site-packages/airflow/example_dags/plugins/workday.py
[2023-07-04T00:23:19.169+0000] {processor.py:838} WARNING - No viable dags retrieved from /home/airflow/.local/lib/python3.7/site-packages/airflow/example_dags/plugins/workday.py
[2023-07-04T00:23:19.189+0000] {processor.py:179} INFO - Processing /home/airflow/.local/lib/python3.7/site-packages/airflow/example_dags/plugins/workday.py took 0.808 seconds
[2023-07-04T00:23:49.784+0000] {processor.py:157} INFO - Started process (PID=1916) to work on /home/airflow/.local/lib/python3.7/site-packages/airflow/example_dags/plugins/workday.py
[2023-07-04T00:23:49.785+0000] {processor.py:826} INFO - Processing file /home/airflow/.local/lib/python3.7/site-packages/airflow/example_dags/plugins/workday.py for tasks to queue
[2023-07-04T00:23:49.786+0000] {logging_mixin.py:149} INFO - [2023-07-04T00:23:49.786+0000] {dagbag.py:541} INFO - Filling up the DagBag from /home/airflow/.local/lib/python3.7/site-packages/airflow/example_dags/plugins/workday.py
[2023-07-04T00:23:50.485+0000] {processor.py:838} WARNING - No viable dags retrieved from /home/airflow/.local/lib/python3.7/site-packages/airflow/example_dags/plugins/workday.py
[2023-07-04T00:23:50.502+0000] {processor.py:179} INFO - Processing /home/airflow/.local/lib/python3.7/site-packages/airflow/example_dags/plugins/workday.py took 0.726 seconds
[2023-07-04T00:24:21.056+0000] {processor.py:157} INFO - Started process (PID=1973) to work on /home/airflow/.local/lib/python3.7/site-packages/airflow/example_dags/plugins/workday.py
[2023-07-04T00:24:21.057+0000] {processor.py:826} INFO - Processing file /home/airflow/.local/lib/python3.7/site-packages/airflow/example_dags/plugins/workday.py for tasks to queue
[2023-07-04T00:24:21.059+0000] {logging_mixin.py:149} INFO - [2023-07-04T00:24:21.059+0000] {dagbag.py:541} INFO - Filling up the DagBag from /home/airflow/.local/lib/python3.7/site-packages/airflow/example_dags/plugins/workday.py
[2023-07-04T00:24:22.049+0000] {processor.py:838} WARNING - No viable dags retrieved from /home/airflow/.local/lib/python3.7/site-packages/airflow/example_dags/plugins/workday.py
[2023-07-04T00:24:22.074+0000] {processor.py:179} INFO - Processing /home/airflow/.local/lib/python3.7/site-packages/airflow/example_dags/plugins/workday.py took 1.025 seconds
[2023-07-04T00:24:52.709+0000] {processor.py:157} INFO - Started process (PID=2034) to work on /home/airflow/.local/lib/python3.7/site-packages/airflow/example_dags/plugins/workday.py
[2023-07-04T00:24:52.710+0000] {processor.py:826} INFO - Processing file /home/airflow/.local/lib/python3.7/site-packages/airflow/example_dags/plugins/workday.py for tasks to queue
[2023-07-04T00:24:52.712+0000] {logging_mixin.py:149} INFO - [2023-07-04T00:24:52.711+0000] {dagbag.py:541} INFO - Filling up the DagBag from /home/airflow/.local/lib/python3.7/site-packages/airflow/example_dags/plugins/workday.py
[2023-07-04T00:24:53.587+0000] {processor.py:838} WARNING - No viable dags retrieved from /home/airflow/.local/lib/python3.7/site-packages/airflow/example_dags/plugins/workday.py
[2023-07-04T00:24:53.610+0000] {processor.py:179} INFO - Processing /home/airflow/.local/lib/python3.7/site-packages/airflow/example_dags/plugins/workday.py took 0.911 seconds
[2023-07-04T00:25:24.312+0000] {processor.py:157} INFO - Started process (PID=2094) to work on /home/airflow/.local/lib/python3.7/site-packages/airflow/example_dags/plugins/workday.py
[2023-07-04T00:25:24.314+0000] {processor.py:826} INFO - Processing file /home/airflow/.local/lib/python3.7/site-packages/airflow/example_dags/plugins/workday.py for tasks to queue
[2023-07-04T00:25:24.317+0000] {logging_mixin.py:149} INFO - [2023-07-04T00:25:24.316+0000] {dagbag.py:541} INFO - Filling up the DagBag from /home/airflow/.local/lib/python3.7/site-packages/airflow/example_dags/plugins/workday.py
[2023-07-04T00:25:25.263+0000] {processor.py:838} WARNING - No viable dags retrieved from /home/airflow/.local/lib/python3.7/site-packages/airflow/example_dags/plugins/workday.py
[2023-07-04T00:25:25.285+0000] {processor.py:179} INFO - Processing /home/airflow/.local/lib/python3.7/site-packages/airflow/example_dags/plugins/workday.py took 0.981 seconds
[2023-07-04T00:25:55.800+0000] {processor.py:157} INFO - Started process (PID=2153) to work on /home/airflow/.local/lib/python3.7/site-packages/airflow/example_dags/plugins/workday.py
[2023-07-04T00:25:55.802+0000] {processor.py:826} INFO - Processing file /home/airflow/.local/lib/python3.7/site-packages/airflow/example_dags/plugins/workday.py for tasks to queue
[2023-07-04T00:25:55.804+0000] {logging_mixin.py:149} INFO - [2023-07-04T00:25:55.804+0000] {dagbag.py:541} INFO - Filling up the DagBag from /home/airflow/.local/lib/python3.7/site-packages/airflow/example_dags/plugins/workday.py
[2023-07-04T00:25:56.610+0000] {processor.py:838} WARNING - No viable dags retrieved from /home/airflow/.local/lib/python3.7/site-packages/airflow/example_dags/plugins/workday.py
[2023-07-04T00:25:56.632+0000] {processor.py:179} INFO - Processing /home/airflow/.local/lib/python3.7/site-packages/airflow/example_dags/plugins/workday.py took 0.841 seconds
[2023-07-04T00:26:27.395+0000] {processor.py:157} INFO - Started process (PID=2212) to work on /home/airflow/.local/lib/python3.7/site-packages/airflow/example_dags/plugins/workday.py
[2023-07-04T00:26:27.396+0000] {processor.py:826} INFO - Processing file /home/airflow/.local/lib/python3.7/site-packages/airflow/example_dags/plugins/workday.py for tasks to queue
[2023-07-04T00:26:27.398+0000] {logging_mixin.py:149} INFO - [2023-07-04T00:26:27.397+0000] {dagbag.py:541} INFO - Filling up the DagBag from /home/airflow/.local/lib/python3.7/site-packages/airflow/example_dags/plugins/workday.py
[2023-07-04T00:26:28.069+0000] {processor.py:838} WARNING - No viable dags retrieved from /home/airflow/.local/lib/python3.7/site-packages/airflow/example_dags/plugins/workday.py
[2023-07-04T00:26:28.088+0000] {processor.py:179} INFO - Processing /home/airflow/.local/lib/python3.7/site-packages/airflow/example_dags/plugins/workday.py took 0.700 seconds
[2023-07-04T00:26:59.150+0000] {processor.py:157} INFO - Started process (PID=2272) to work on /home/airflow/.local/lib/python3.7/site-packages/airflow/example_dags/plugins/workday.py
[2023-07-04T00:26:59.151+0000] {processor.py:826} INFO - Processing file /home/airflow/.local/lib/python3.7/site-packages/airflow/example_dags/plugins/workday.py for tasks to queue
[2023-07-04T00:26:59.153+0000] {logging_mixin.py:149} INFO - [2023-07-04T00:26:59.152+0000] {dagbag.py:541} INFO - Filling up the DagBag from /home/airflow/.local/lib/python3.7/site-packages/airflow/example_dags/plugins/workday.py
[2023-07-04T00:26:59.877+0000] {processor.py:838} WARNING - No viable dags retrieved from /home/airflow/.local/lib/python3.7/site-packages/airflow/example_dags/plugins/workday.py
[2023-07-04T00:26:59.895+0000] {processor.py:179} INFO - Processing /home/airflow/.local/lib/python3.7/site-packages/airflow/example_dags/plugins/workday.py took 0.753 seconds
[2023-07-04T00:27:30.612+0000] {processor.py:157} INFO - Started process (PID=2330) to work on /home/airflow/.local/lib/python3.7/site-packages/airflow/example_dags/plugins/workday.py
[2023-07-04T00:27:30.614+0000] {processor.py:826} INFO - Processing file /home/airflow/.local/lib/python3.7/site-packages/airflow/example_dags/plugins/workday.py for tasks to queue
[2023-07-04T00:27:30.615+0000] {logging_mixin.py:149} INFO - [2023-07-04T00:27:30.615+0000] {dagbag.py:541} INFO - Filling up the DagBag from /home/airflow/.local/lib/python3.7/site-packages/airflow/example_dags/plugins/workday.py
[2023-07-04T00:27:31.355+0000] {processor.py:838} WARNING - No viable dags retrieved from /home/airflow/.local/lib/python3.7/site-packages/airflow/example_dags/plugins/workday.py
[2023-07-04T00:27:31.373+0000] {processor.py:179} INFO - Processing /home/airflow/.local/lib/python3.7/site-packages/airflow/example_dags/plugins/workday.py took 0.768 seconds
[2023-07-04T00:28:01.485+0000] {processor.py:157} INFO - Started process (PID=2387) to work on /home/airflow/.local/lib/python3.7/site-packages/airflow/example_dags/plugins/workday.py
[2023-07-04T00:28:01.487+0000] {processor.py:826} INFO - Processing file /home/airflow/.local/lib/python3.7/site-packages/airflow/example_dags/plugins/workday.py for tasks to queue
[2023-07-04T00:28:01.489+0000] {logging_mixin.py:149} INFO - [2023-07-04T00:28:01.489+0000] {dagbag.py:541} INFO - Filling up the DagBag from /home/airflow/.local/lib/python3.7/site-packages/airflow/example_dags/plugins/workday.py
[2023-07-04T00:28:02.785+0000] {processor.py:838} WARNING - No viable dags retrieved from /home/airflow/.local/lib/python3.7/site-packages/airflow/example_dags/plugins/workday.py
[2023-07-04T00:28:02.809+0000] {processor.py:179} INFO - Processing /home/airflow/.local/lib/python3.7/site-packages/airflow/example_dags/plugins/workday.py took 1.333 seconds
[2023-07-04T00:28:33.819+0000] {processor.py:157} INFO - Started process (PID=2448) to work on /home/airflow/.local/lib/python3.7/site-packages/airflow/example_dags/plugins/workday.py
[2023-07-04T00:28:33.820+0000] {processor.py:826} INFO - Processing file /home/airflow/.local/lib/python3.7/site-packages/airflow/example_dags/plugins/workday.py for tasks to queue
[2023-07-04T00:28:33.822+0000] {logging_mixin.py:149} INFO - [2023-07-04T00:28:33.821+0000] {dagbag.py:541} INFO - Filling up the DagBag from /home/airflow/.local/lib/python3.7/site-packages/airflow/example_dags/plugins/workday.py
[2023-07-04T00:28:34.696+0000] {processor.py:838} WARNING - No viable dags retrieved from /home/airflow/.local/lib/python3.7/site-packages/airflow/example_dags/plugins/workday.py
[2023-07-04T00:28:34.717+0000] {processor.py:179} INFO - Processing /home/airflow/.local/lib/python3.7/site-packages/airflow/example_dags/plugins/workday.py took 0.906 seconds
[2023-07-04T00:29:05.881+0000] {processor.py:157} INFO - Started process (PID=2510) to work on /home/airflow/.local/lib/python3.7/site-packages/airflow/example_dags/plugins/workday.py
[2023-07-04T00:29:05.883+0000] {processor.py:826} INFO - Processing file /home/airflow/.local/lib/python3.7/site-packages/airflow/example_dags/plugins/workday.py for tasks to queue
[2023-07-04T00:29:05.885+0000] {logging_mixin.py:149} INFO - [2023-07-04T00:29:05.884+0000] {dagbag.py:541} INFO - Filling up the DagBag from /home/airflow/.local/lib/python3.7/site-packages/airflow/example_dags/plugins/workday.py
[2023-07-04T00:29:06.892+0000] {processor.py:838} WARNING - No viable dags retrieved from /home/airflow/.local/lib/python3.7/site-packages/airflow/example_dags/plugins/workday.py
[2023-07-04T00:29:06.921+0000] {processor.py:179} INFO - Processing /home/airflow/.local/lib/python3.7/site-packages/airflow/example_dags/plugins/workday.py took 1.051 seconds
[2023-07-04T00:29:36.985+0000] {processor.py:157} INFO - Started process (PID=2567) to work on /home/airflow/.local/lib/python3.7/site-packages/airflow/example_dags/plugins/workday.py
[2023-07-04T00:29:36.987+0000] {processor.py:826} INFO - Processing file /home/airflow/.local/lib/python3.7/site-packages/airflow/example_dags/plugins/workday.py for tasks to queue
[2023-07-04T00:29:36.988+0000] {logging_mixin.py:149} INFO - [2023-07-04T00:29:36.988+0000] {dagbag.py:541} INFO - Filling up the DagBag from /home/airflow/.local/lib/python3.7/site-packages/airflow/example_dags/plugins/workday.py
[2023-07-04T00:29:37.590+0000] {processor.py:838} WARNING - No viable dags retrieved from /home/airflow/.local/lib/python3.7/site-packages/airflow/example_dags/plugins/workday.py
[2023-07-04T00:29:37.610+0000] {processor.py:179} INFO - Processing /home/airflow/.local/lib/python3.7/site-packages/airflow/example_dags/plugins/workday.py took 0.630 seconds
[2023-07-04T00:30:07.825+0000] {processor.py:157} INFO - Started process (PID=2624) to work on /home/airflow/.local/lib/python3.7/site-packages/airflow/example_dags/plugins/workday.py
[2023-07-04T00:30:07.827+0000] {processor.py:826} INFO - Processing file /home/airflow/.local/lib/python3.7/site-packages/airflow/example_dags/plugins/workday.py for tasks to queue
[2023-07-04T00:30:07.828+0000] {logging_mixin.py:149} INFO - [2023-07-04T00:30:07.828+0000] {dagbag.py:541} INFO - Filling up the DagBag from /home/airflow/.local/lib/python3.7/site-packages/airflow/example_dags/plugins/workday.py
[2023-07-04T00:30:08.674+0000] {processor.py:838} WARNING - No viable dags retrieved from /home/airflow/.local/lib/python3.7/site-packages/airflow/example_dags/plugins/workday.py
[2023-07-04T00:30:08.697+0000] {processor.py:179} INFO - Processing /home/airflow/.local/lib/python3.7/site-packages/airflow/example_dags/plugins/workday.py took 0.880 seconds
[2023-07-04T00:30:39.137+0000] {processor.py:157} INFO - Started process (PID=2682) to work on /home/airflow/.local/lib/python3.7/site-packages/airflow/example_dags/plugins/workday.py
[2023-07-04T00:30:39.139+0000] {processor.py:826} INFO - Processing file /home/airflow/.local/lib/python3.7/site-packages/airflow/example_dags/plugins/workday.py for tasks to queue
[2023-07-04T00:30:39.141+0000] {logging_mixin.py:149} INFO - [2023-07-04T00:30:39.141+0000] {dagbag.py:541} INFO - Filling up the DagBag from /home/airflow/.local/lib/python3.7/site-packages/airflow/example_dags/plugins/workday.py
[2023-07-04T00:30:40.032+0000] {processor.py:838} WARNING - No viable dags retrieved from /home/airflow/.local/lib/python3.7/site-packages/airflow/example_dags/plugins/workday.py
[2023-07-04T00:30:40.060+0000] {processor.py:179} INFO - Processing /home/airflow/.local/lib/python3.7/site-packages/airflow/example_dags/plugins/workday.py took 0.931 seconds
[2023-07-04T00:31:10.683+0000] {processor.py:157} INFO - Started process (PID=2740) to work on /home/airflow/.local/lib/python3.7/site-packages/airflow/example_dags/plugins/workday.py
[2023-07-04T00:31:10.684+0000] {processor.py:826} INFO - Processing file /home/airflow/.local/lib/python3.7/site-packages/airflow/example_dags/plugins/workday.py for tasks to queue
[2023-07-04T00:31:10.685+0000] {logging_mixin.py:149} INFO - [2023-07-04T00:31:10.685+0000] {dagbag.py:541} INFO - Filling up the DagBag from /home/airflow/.local/lib/python3.7/site-packages/airflow/example_dags/plugins/workday.py
[2023-07-04T00:31:11.299+0000] {processor.py:838} WARNING - No viable dags retrieved from /home/airflow/.local/lib/python3.7/site-packages/airflow/example_dags/plugins/workday.py
[2023-07-04T00:31:11.314+0000] {processor.py:179} INFO - Processing /home/airflow/.local/lib/python3.7/site-packages/airflow/example_dags/plugins/workday.py took 0.637 seconds
[2023-07-04T00:31:42.085+0000] {processor.py:157} INFO - Started process (PID=2798) to work on /home/airflow/.local/lib/python3.7/site-packages/airflow/example_dags/plugins/workday.py
[2023-07-04T00:31:42.086+0000] {processor.py:826} INFO - Processing file /home/airflow/.local/lib/python3.7/site-packages/airflow/example_dags/plugins/workday.py for tasks to queue
[2023-07-04T00:31:42.087+0000] {logging_mixin.py:149} INFO - [2023-07-04T00:31:42.087+0000] {dagbag.py:541} INFO - Filling up the DagBag from /home/airflow/.local/lib/python3.7/site-packages/airflow/example_dags/plugins/workday.py
[2023-07-04T00:31:42.731+0000] {processor.py:838} WARNING - No viable dags retrieved from /home/airflow/.local/lib/python3.7/site-packages/airflow/example_dags/plugins/workday.py
[2023-07-04T00:31:42.747+0000] {processor.py:179} INFO - Processing /home/airflow/.local/lib/python3.7/site-packages/airflow/example_dags/plugins/workday.py took 0.668 seconds
[2023-07-04T00:32:13.323+0000] {processor.py:157} INFO - Started process (PID=2855) to work on /home/airflow/.local/lib/python3.7/site-packages/airflow/example_dags/plugins/workday.py
[2023-07-04T00:32:13.324+0000] {processor.py:826} INFO - Processing file /home/airflow/.local/lib/python3.7/site-packages/airflow/example_dags/plugins/workday.py for tasks to queue
[2023-07-04T00:32:13.325+0000] {logging_mixin.py:149} INFO - [2023-07-04T00:32:13.325+0000] {dagbag.py:541} INFO - Filling up the DagBag from /home/airflow/.local/lib/python3.7/site-packages/airflow/example_dags/plugins/workday.py
[2023-07-04T00:32:13.891+0000] {processor.py:838} WARNING - No viable dags retrieved from /home/airflow/.local/lib/python3.7/site-packages/airflow/example_dags/plugins/workday.py
[2023-07-04T00:32:13.910+0000] {processor.py:179} INFO - Processing /home/airflow/.local/lib/python3.7/site-packages/airflow/example_dags/plugins/workday.py took 0.591 seconds
[2023-07-04T00:32:44.165+0000] {processor.py:157} INFO - Started process (PID=2912) to work on /home/airflow/.local/lib/python3.7/site-packages/airflow/example_dags/plugins/workday.py
[2023-07-04T00:32:44.167+0000] {processor.py:826} INFO - Processing file /home/airflow/.local/lib/python3.7/site-packages/airflow/example_dags/plugins/workday.py for tasks to queue
[2023-07-04T00:32:44.170+0000] {logging_mixin.py:149} INFO - [2023-07-04T00:32:44.170+0000] {dagbag.py:541} INFO - Filling up the DagBag from /home/airflow/.local/lib/python3.7/site-packages/airflow/example_dags/plugins/workday.py
[2023-07-04T00:32:45.988+0000] {processor.py:838} WARNING - No viable dags retrieved from /home/airflow/.local/lib/python3.7/site-packages/airflow/example_dags/plugins/workday.py
[2023-07-04T00:32:46.066+0000] {processor.py:179} INFO - Processing /home/airflow/.local/lib/python3.7/site-packages/airflow/example_dags/plugins/workday.py took 1.914 seconds
