[2023-07-04T00:07:11.782+0000] {processor.py:157} INFO - Started process (PID=77) to work on /home/airflow/.local/lib/python3.7/site-packages/airflow/example_dags/example_bash_operator.py
[2023-07-04T00:07:11.784+0000] {processor.py:826} INFO - Processing file /home/airflow/.local/lib/python3.7/site-packages/airflow/example_dags/example_bash_operator.py for tasks to queue
[2023-07-04T00:07:11.786+0000] {logging_mixin.py:149} INFO - [2023-07-04T00:07:11.786+0000] {dagbag.py:541} INFO - Filling up the DagBag from /home/airflow/.local/lib/python3.7/site-packages/airflow/example_dags/example_bash_operator.py
[2023-07-04T00:07:11.827+0000] {processor.py:836} INFO - DAG(s) dict_keys(['example_bash_operator']) retrieved from /home/airflow/.local/lib/python3.7/site-packages/airflow/example_dags/example_bash_operator.py
[2023-07-04T00:07:11.942+0000] {logging_mixin.py:149} INFO - [2023-07-04T00:07:11.942+0000] {dag.py:2726} INFO - Sync 1 DAGs
[2023-07-04T00:07:12.040+0000] {logging_mixin.py:149} INFO - [2023-07-04T00:07:12.040+0000] {dag.py:3490} INFO - Setting next_dagrun for example_bash_operator to 2023-07-03T00:00:00+00:00, run_after=2023-07-04T00:00:00+00:00
[2023-07-04T00:07:12.125+0000] {processor.py:179} INFO - Processing /home/airflow/.local/lib/python3.7/site-packages/airflow/example_dags/example_bash_operator.py took 0.351 seconds
[2023-07-04T00:07:42.370+0000] {processor.py:157} INFO - Started process (PID=134) to work on /home/airflow/.local/lib/python3.7/site-packages/airflow/example_dags/example_bash_operator.py
[2023-07-04T00:07:42.372+0000] {processor.py:826} INFO - Processing file /home/airflow/.local/lib/python3.7/site-packages/airflow/example_dags/example_bash_operator.py for tasks to queue
[2023-07-04T00:07:42.374+0000] {logging_mixin.py:149} INFO - [2023-07-04T00:07:42.374+0000] {dagbag.py:541} INFO - Filling up the DagBag from /home/airflow/.local/lib/python3.7/site-packages/airflow/example_dags/example_bash_operator.py
[2023-07-04T00:07:42.405+0000] {processor.py:836} INFO - DAG(s) dict_keys(['example_bash_operator']) retrieved from /home/airflow/.local/lib/python3.7/site-packages/airflow/example_dags/example_bash_operator.py
[2023-07-04T00:07:42.496+0000] {logging_mixin.py:149} INFO - [2023-07-04T00:07:42.496+0000] {dag.py:2726} INFO - Sync 1 DAGs
[2023-07-04T00:07:42.557+0000] {logging_mixin.py:149} INFO - [2023-07-04T00:07:42.557+0000] {dag.py:3490} INFO - Setting next_dagrun for example_bash_operator to 2023-07-03T00:00:00+00:00, run_after=2023-07-04T00:00:00+00:00
[2023-07-04T00:07:42.594+0000] {processor.py:179} INFO - Processing /home/airflow/.local/lib/python3.7/site-packages/airflow/example_dags/example_bash_operator.py took 0.233 seconds
[2023-07-04T00:08:13.115+0000] {processor.py:157} INFO - Started process (PID=191) to work on /home/airflow/.local/lib/python3.7/site-packages/airflow/example_dags/example_bash_operator.py
[2023-07-04T00:08:13.117+0000] {processor.py:826} INFO - Processing file /home/airflow/.local/lib/python3.7/site-packages/airflow/example_dags/example_bash_operator.py for tasks to queue
[2023-07-04T00:08:13.119+0000] {logging_mixin.py:149} INFO - [2023-07-04T00:08:13.118+0000] {dagbag.py:541} INFO - Filling up the DagBag from /home/airflow/.local/lib/python3.7/site-packages/airflow/example_dags/example_bash_operator.py
[2023-07-04T00:08:13.145+0000] {processor.py:836} INFO - DAG(s) dict_keys(['example_bash_operator']) retrieved from /home/airflow/.local/lib/python3.7/site-packages/airflow/example_dags/example_bash_operator.py
[2023-07-04T00:08:13.212+0000] {logging_mixin.py:149} INFO - [2023-07-04T00:08:13.212+0000] {dag.py:2726} INFO - Sync 1 DAGs
[2023-07-04T00:08:13.259+0000] {logging_mixin.py:149} INFO - [2023-07-04T00:08:13.259+0000] {dag.py:3490} INFO - Setting next_dagrun for example_bash_operator to 2023-07-03T00:00:00+00:00, run_after=2023-07-04T00:00:00+00:00
[2023-07-04T00:08:13.293+0000] {processor.py:179} INFO - Processing /home/airflow/.local/lib/python3.7/site-packages/airflow/example_dags/example_bash_operator.py took 0.183 seconds
[2023-07-04T00:08:43.717+0000] {processor.py:157} INFO - Started process (PID=248) to work on /home/airflow/.local/lib/python3.7/site-packages/airflow/example_dags/example_bash_operator.py
[2023-07-04T00:08:43.719+0000] {processor.py:826} INFO - Processing file /home/airflow/.local/lib/python3.7/site-packages/airflow/example_dags/example_bash_operator.py for tasks to queue
[2023-07-04T00:08:43.721+0000] {logging_mixin.py:149} INFO - [2023-07-04T00:08:43.721+0000] {dagbag.py:541} INFO - Filling up the DagBag from /home/airflow/.local/lib/python3.7/site-packages/airflow/example_dags/example_bash_operator.py
[2023-07-04T00:08:43.752+0000] {processor.py:836} INFO - DAG(s) dict_keys(['example_bash_operator']) retrieved from /home/airflow/.local/lib/python3.7/site-packages/airflow/example_dags/example_bash_operator.py
[2023-07-04T00:08:43.843+0000] {logging_mixin.py:149} INFO - [2023-07-04T00:08:43.843+0000] {dag.py:2726} INFO - Sync 1 DAGs
[2023-07-04T00:08:43.934+0000] {logging_mixin.py:149} INFO - [2023-07-04T00:08:43.934+0000] {dag.py:3490} INFO - Setting next_dagrun for example_bash_operator to 2023-07-03T00:00:00+00:00, run_after=2023-07-04T00:00:00+00:00
[2023-07-04T00:08:43.970+0000] {processor.py:179} INFO - Processing /home/airflow/.local/lib/python3.7/site-packages/airflow/example_dags/example_bash_operator.py took 0.260 seconds
[2023-07-04T00:09:14.213+0000] {processor.py:157} INFO - Started process (PID=305) to work on /home/airflow/.local/lib/python3.7/site-packages/airflow/example_dags/example_bash_operator.py
[2023-07-04T00:09:14.215+0000] {processor.py:826} INFO - Processing file /home/airflow/.local/lib/python3.7/site-packages/airflow/example_dags/example_bash_operator.py for tasks to queue
[2023-07-04T00:09:14.218+0000] {logging_mixin.py:149} INFO - [2023-07-04T00:09:14.217+0000] {dagbag.py:541} INFO - Filling up the DagBag from /home/airflow/.local/lib/python3.7/site-packages/airflow/example_dags/example_bash_operator.py
[2023-07-04T00:09:14.251+0000] {processor.py:836} INFO - DAG(s) dict_keys(['example_bash_operator']) retrieved from /home/airflow/.local/lib/python3.7/site-packages/airflow/example_dags/example_bash_operator.py
[2023-07-04T00:09:14.321+0000] {logging_mixin.py:149} INFO - [2023-07-04T00:09:14.320+0000] {dag.py:2726} INFO - Sync 1 DAGs
[2023-07-04T00:09:14.378+0000] {logging_mixin.py:149} INFO - [2023-07-04T00:09:14.377+0000] {dag.py:3490} INFO - Setting next_dagrun for example_bash_operator to 2023-07-03T00:00:00+00:00, run_after=2023-07-04T00:00:00+00:00
[2023-07-04T00:09:14.413+0000] {processor.py:179} INFO - Processing /home/airflow/.local/lib/python3.7/site-packages/airflow/example_dags/example_bash_operator.py took 0.208 seconds
[2023-07-04T00:09:44.909+0000] {processor.py:157} INFO - Started process (PID=362) to work on /home/airflow/.local/lib/python3.7/site-packages/airflow/example_dags/example_bash_operator.py
[2023-07-04T00:09:44.911+0000] {processor.py:826} INFO - Processing file /home/airflow/.local/lib/python3.7/site-packages/airflow/example_dags/example_bash_operator.py for tasks to queue
[2023-07-04T00:09:44.913+0000] {logging_mixin.py:149} INFO - [2023-07-04T00:09:44.912+0000] {dagbag.py:541} INFO - Filling up the DagBag from /home/airflow/.local/lib/python3.7/site-packages/airflow/example_dags/example_bash_operator.py
[2023-07-04T00:09:44.943+0000] {processor.py:836} INFO - DAG(s) dict_keys(['example_bash_operator']) retrieved from /home/airflow/.local/lib/python3.7/site-packages/airflow/example_dags/example_bash_operator.py
[2023-07-04T00:09:45.015+0000] {logging_mixin.py:149} INFO - [2023-07-04T00:09:45.015+0000] {dag.py:2726} INFO - Sync 1 DAGs
[2023-07-04T00:09:45.083+0000] {logging_mixin.py:149} INFO - [2023-07-04T00:09:45.083+0000] {dag.py:3490} INFO - Setting next_dagrun for example_bash_operator to 2023-07-03T00:00:00+00:00, run_after=2023-07-04T00:00:00+00:00
[2023-07-04T00:09:45.123+0000] {processor.py:179} INFO - Processing /home/airflow/.local/lib/python3.7/site-packages/airflow/example_dags/example_bash_operator.py took 0.220 seconds
[2023-07-04T00:10:15.742+0000] {processor.py:157} INFO - Started process (PID=418) to work on /home/airflow/.local/lib/python3.7/site-packages/airflow/example_dags/example_bash_operator.py
[2023-07-04T00:10:15.744+0000] {processor.py:826} INFO - Processing file /home/airflow/.local/lib/python3.7/site-packages/airflow/example_dags/example_bash_operator.py for tasks to queue
[2023-07-04T00:10:15.746+0000] {logging_mixin.py:149} INFO - [2023-07-04T00:10:15.745+0000] {dagbag.py:541} INFO - Filling up the DagBag from /home/airflow/.local/lib/python3.7/site-packages/airflow/example_dags/example_bash_operator.py
[2023-07-04T00:10:15.797+0000] {processor.py:836} INFO - DAG(s) dict_keys(['example_bash_operator']) retrieved from /home/airflow/.local/lib/python3.7/site-packages/airflow/example_dags/example_bash_operator.py
[2023-07-04T00:10:15.915+0000] {logging_mixin.py:149} INFO - [2023-07-04T00:10:15.914+0000] {dag.py:2726} INFO - Sync 1 DAGs
[2023-07-04T00:10:16.002+0000] {logging_mixin.py:149} INFO - [2023-07-04T00:10:16.002+0000] {dag.py:3490} INFO - Setting next_dagrun for example_bash_operator to 2023-07-03T00:00:00+00:00, run_after=2023-07-04T00:00:00+00:00
[2023-07-04T00:10:16.058+0000] {processor.py:179} INFO - Processing /home/airflow/.local/lib/python3.7/site-packages/airflow/example_dags/example_bash_operator.py took 0.324 seconds
[2023-07-04T00:10:46.750+0000] {processor.py:157} INFO - Started process (PID=475) to work on /home/airflow/.local/lib/python3.7/site-packages/airflow/example_dags/example_bash_operator.py
[2023-07-04T00:10:46.752+0000] {processor.py:826} INFO - Processing file /home/airflow/.local/lib/python3.7/site-packages/airflow/example_dags/example_bash_operator.py for tasks to queue
[2023-07-04T00:10:46.753+0000] {logging_mixin.py:149} INFO - [2023-07-04T00:10:46.752+0000] {dagbag.py:541} INFO - Filling up the DagBag from /home/airflow/.local/lib/python3.7/site-packages/airflow/example_dags/example_bash_operator.py
[2023-07-04T00:10:46.776+0000] {processor.py:836} INFO - DAG(s) dict_keys(['example_bash_operator']) retrieved from /home/airflow/.local/lib/python3.7/site-packages/airflow/example_dags/example_bash_operator.py
[2023-07-04T00:10:46.843+0000] {logging_mixin.py:149} INFO - [2023-07-04T00:10:46.842+0000] {dag.py:2726} INFO - Sync 1 DAGs
[2023-07-04T00:10:46.889+0000] {logging_mixin.py:149} INFO - [2023-07-04T00:10:46.889+0000] {dag.py:3490} INFO - Setting next_dagrun for example_bash_operator to 2023-07-03T00:00:00+00:00, run_after=2023-07-04T00:00:00+00:00
[2023-07-04T00:10:46.942+0000] {processor.py:179} INFO - Processing /home/airflow/.local/lib/python3.7/site-packages/airflow/example_dags/example_bash_operator.py took 0.199 seconds
[2023-07-04T00:11:17.770+0000] {processor.py:157} INFO - Started process (PID=532) to work on /home/airflow/.local/lib/python3.7/site-packages/airflow/example_dags/example_bash_operator.py
[2023-07-04T00:11:17.771+0000] {processor.py:826} INFO - Processing file /home/airflow/.local/lib/python3.7/site-packages/airflow/example_dags/example_bash_operator.py for tasks to queue
[2023-07-04T00:11:17.772+0000] {logging_mixin.py:149} INFO - [2023-07-04T00:11:17.772+0000] {dagbag.py:541} INFO - Filling up the DagBag from /home/airflow/.local/lib/python3.7/site-packages/airflow/example_dags/example_bash_operator.py
[2023-07-04T00:11:17.799+0000] {processor.py:836} INFO - DAG(s) dict_keys(['example_bash_operator']) retrieved from /home/airflow/.local/lib/python3.7/site-packages/airflow/example_dags/example_bash_operator.py
[2023-07-04T00:11:17.871+0000] {logging_mixin.py:149} INFO - [2023-07-04T00:11:17.871+0000] {dag.py:2726} INFO - Sync 1 DAGs
[2023-07-04T00:11:17.921+0000] {logging_mixin.py:149} INFO - [2023-07-04T00:11:17.921+0000] {dag.py:3490} INFO - Setting next_dagrun for example_bash_operator to 2023-07-03T00:00:00+00:00, run_after=2023-07-04T00:00:00+00:00
[2023-07-04T00:11:17.970+0000] {processor.py:179} INFO - Processing /home/airflow/.local/lib/python3.7/site-packages/airflow/example_dags/example_bash_operator.py took 0.206 seconds
[2023-07-04T00:11:48.660+0000] {processor.py:157} INFO - Started process (PID=589) to work on /home/airflow/.local/lib/python3.7/site-packages/airflow/example_dags/example_bash_operator.py
[2023-07-04T00:11:48.662+0000] {processor.py:826} INFO - Processing file /home/airflow/.local/lib/python3.7/site-packages/airflow/example_dags/example_bash_operator.py for tasks to queue
[2023-07-04T00:11:48.665+0000] {logging_mixin.py:149} INFO - [2023-07-04T00:11:48.664+0000] {dagbag.py:541} INFO - Filling up the DagBag from /home/airflow/.local/lib/python3.7/site-packages/airflow/example_dags/example_bash_operator.py
[2023-07-04T00:11:48.706+0000] {processor.py:836} INFO - DAG(s) dict_keys(['example_bash_operator']) retrieved from /home/airflow/.local/lib/python3.7/site-packages/airflow/example_dags/example_bash_operator.py
[2023-07-04T00:11:48.860+0000] {logging_mixin.py:149} INFO - [2023-07-04T00:11:48.860+0000] {dag.py:2726} INFO - Sync 1 DAGs
[2023-07-04T00:11:48.917+0000] {logging_mixin.py:149} INFO - [2023-07-04T00:11:48.917+0000] {dag.py:3490} INFO - Setting next_dagrun for example_bash_operator to 2023-07-03T00:00:00+00:00, run_after=2023-07-04T00:00:00+00:00
[2023-07-04T00:11:48.981+0000] {processor.py:179} INFO - Processing /home/airflow/.local/lib/python3.7/site-packages/airflow/example_dags/example_bash_operator.py took 0.327 seconds
[2023-07-04T00:12:19.118+0000] {processor.py:157} INFO - Started process (PID=645) to work on /home/airflow/.local/lib/python3.7/site-packages/airflow/example_dags/example_bash_operator.py
[2023-07-04T00:12:19.120+0000] {processor.py:826} INFO - Processing file /home/airflow/.local/lib/python3.7/site-packages/airflow/example_dags/example_bash_operator.py for tasks to queue
[2023-07-04T00:12:19.122+0000] {logging_mixin.py:149} INFO - [2023-07-04T00:12:19.122+0000] {dagbag.py:541} INFO - Filling up the DagBag from /home/airflow/.local/lib/python3.7/site-packages/airflow/example_dags/example_bash_operator.py
[2023-07-04T00:12:19.165+0000] {processor.py:836} INFO - DAG(s) dict_keys(['example_bash_operator']) retrieved from /home/airflow/.local/lib/python3.7/site-packages/airflow/example_dags/example_bash_operator.py
[2023-07-04T00:12:19.261+0000] {logging_mixin.py:149} INFO - [2023-07-04T00:12:19.261+0000] {dag.py:2726} INFO - Sync 1 DAGs
[2023-07-04T00:12:19.335+0000] {logging_mixin.py:149} INFO - [2023-07-04T00:12:19.335+0000] {dag.py:3490} INFO - Setting next_dagrun for example_bash_operator to 2023-07-03T00:00:00+00:00, run_after=2023-07-04T00:00:00+00:00
[2023-07-04T00:12:19.376+0000] {processor.py:179} INFO - Processing /home/airflow/.local/lib/python3.7/site-packages/airflow/example_dags/example_bash_operator.py took 0.265 seconds
[2023-07-04T00:12:49.429+0000] {processor.py:157} INFO - Started process (PID=702) to work on /home/airflow/.local/lib/python3.7/site-packages/airflow/example_dags/example_bash_operator.py
[2023-07-04T00:12:49.430+0000] {processor.py:826} INFO - Processing file /home/airflow/.local/lib/python3.7/site-packages/airflow/example_dags/example_bash_operator.py for tasks to queue
[2023-07-04T00:12:49.431+0000] {logging_mixin.py:149} INFO - [2023-07-04T00:12:49.431+0000] {dagbag.py:541} INFO - Filling up the DagBag from /home/airflow/.local/lib/python3.7/site-packages/airflow/example_dags/example_bash_operator.py
[2023-07-04T00:12:49.457+0000] {processor.py:836} INFO - DAG(s) dict_keys(['example_bash_operator']) retrieved from /home/airflow/.local/lib/python3.7/site-packages/airflow/example_dags/example_bash_operator.py
[2023-07-04T00:12:49.549+0000] {logging_mixin.py:149} INFO - [2023-07-04T00:12:49.549+0000] {dag.py:2726} INFO - Sync 1 DAGs
[2023-07-04T00:12:49.679+0000] {logging_mixin.py:149} INFO - [2023-07-04T00:12:49.678+0000] {dag.py:3490} INFO - Setting next_dagrun for example_bash_operator to 2023-07-03T00:00:00+00:00, run_after=2023-07-04T00:00:00+00:00
[2023-07-04T00:12:49.775+0000] {processor.py:179} INFO - Processing /home/airflow/.local/lib/python3.7/site-packages/airflow/example_dags/example_bash_operator.py took 0.353 seconds
[2023-07-04T00:13:20.640+0000] {processor.py:157} INFO - Started process (PID=759) to work on /home/airflow/.local/lib/python3.7/site-packages/airflow/example_dags/example_bash_operator.py
[2023-07-04T00:13:20.641+0000] {processor.py:826} INFO - Processing file /home/airflow/.local/lib/python3.7/site-packages/airflow/example_dags/example_bash_operator.py for tasks to queue
[2023-07-04T00:13:20.642+0000] {logging_mixin.py:149} INFO - [2023-07-04T00:13:20.642+0000] {dagbag.py:541} INFO - Filling up the DagBag from /home/airflow/.local/lib/python3.7/site-packages/airflow/example_dags/example_bash_operator.py
[2023-07-04T00:13:20.668+0000] {processor.py:836} INFO - DAG(s) dict_keys(['example_bash_operator']) retrieved from /home/airflow/.local/lib/python3.7/site-packages/airflow/example_dags/example_bash_operator.py
[2023-07-04T00:13:20.733+0000] {logging_mixin.py:149} INFO - [2023-07-04T00:13:20.733+0000] {dag.py:2726} INFO - Sync 1 DAGs
[2023-07-04T00:13:20.785+0000] {logging_mixin.py:149} INFO - [2023-07-04T00:13:20.785+0000] {dag.py:3490} INFO - Setting next_dagrun for example_bash_operator to 2023-07-03T00:00:00+00:00, run_after=2023-07-04T00:00:00+00:00
[2023-07-04T00:13:20.818+0000] {processor.py:179} INFO - Processing /home/airflow/.local/lib/python3.7/site-packages/airflow/example_dags/example_bash_operator.py took 0.184 seconds
[2023-07-04T00:13:50.941+0000] {processor.py:157} INFO - Started process (PID=816) to work on /home/airflow/.local/lib/python3.7/site-packages/airflow/example_dags/example_bash_operator.py
[2023-07-04T00:13:50.943+0000] {processor.py:826} INFO - Processing file /home/airflow/.local/lib/python3.7/site-packages/airflow/example_dags/example_bash_operator.py for tasks to queue
[2023-07-04T00:13:50.944+0000] {logging_mixin.py:149} INFO - [2023-07-04T00:13:50.944+0000] {dagbag.py:541} INFO - Filling up the DagBag from /home/airflow/.local/lib/python3.7/site-packages/airflow/example_dags/example_bash_operator.py
[2023-07-04T00:13:50.981+0000] {processor.py:836} INFO - DAG(s) dict_keys(['example_bash_operator']) retrieved from /home/airflow/.local/lib/python3.7/site-packages/airflow/example_dags/example_bash_operator.py
[2023-07-04T00:13:51.076+0000] {logging_mixin.py:149} INFO - [2023-07-04T00:13:51.076+0000] {dag.py:2726} INFO - Sync 1 DAGs
[2023-07-04T00:13:51.127+0000] {logging_mixin.py:149} INFO - [2023-07-04T00:13:51.126+0000] {dag.py:3490} INFO - Setting next_dagrun for example_bash_operator to 2023-07-03T00:00:00+00:00, run_after=2023-07-04T00:00:00+00:00
[2023-07-04T00:13:51.169+0000] {processor.py:179} INFO - Processing /home/airflow/.local/lib/python3.7/site-packages/airflow/example_dags/example_bash_operator.py took 0.236 seconds
[2023-07-04T00:14:21.266+0000] {processor.py:157} INFO - Started process (PID=873) to work on /home/airflow/.local/lib/python3.7/site-packages/airflow/example_dags/example_bash_operator.py
[2023-07-04T00:14:21.269+0000] {processor.py:826} INFO - Processing file /home/airflow/.local/lib/python3.7/site-packages/airflow/example_dags/example_bash_operator.py for tasks to queue
[2023-07-04T00:14:21.271+0000] {logging_mixin.py:149} INFO - [2023-07-04T00:14:21.270+0000] {dagbag.py:541} INFO - Filling up the DagBag from /home/airflow/.local/lib/python3.7/site-packages/airflow/example_dags/example_bash_operator.py
[2023-07-04T00:14:21.299+0000] {processor.py:836} INFO - DAG(s) dict_keys(['example_bash_operator']) retrieved from /home/airflow/.local/lib/python3.7/site-packages/airflow/example_dags/example_bash_operator.py
[2023-07-04T00:14:21.377+0000] {logging_mixin.py:149} INFO - [2023-07-04T00:14:21.377+0000] {dag.py:2726} INFO - Sync 1 DAGs
[2023-07-04T00:14:21.445+0000] {logging_mixin.py:149} INFO - [2023-07-04T00:14:21.444+0000] {dag.py:3490} INFO - Setting next_dagrun for example_bash_operator to 2023-07-03T00:00:00+00:00, run_after=2023-07-04T00:00:00+00:00
[2023-07-04T00:14:21.487+0000] {processor.py:179} INFO - Processing /home/airflow/.local/lib/python3.7/site-packages/airflow/example_dags/example_bash_operator.py took 0.228 seconds
[2023-07-04T00:14:51.660+0000] {processor.py:157} INFO - Started process (PID=930) to work on /home/airflow/.local/lib/python3.7/site-packages/airflow/example_dags/example_bash_operator.py
[2023-07-04T00:14:51.664+0000] {processor.py:826} INFO - Processing file /home/airflow/.local/lib/python3.7/site-packages/airflow/example_dags/example_bash_operator.py for tasks to queue
[2023-07-04T00:14:51.667+0000] {logging_mixin.py:149} INFO - [2023-07-04T00:14:51.666+0000] {dagbag.py:541} INFO - Filling up the DagBag from /home/airflow/.local/lib/python3.7/site-packages/airflow/example_dags/example_bash_operator.py
[2023-07-04T00:14:51.717+0000] {processor.py:836} INFO - DAG(s) dict_keys(['example_bash_operator']) retrieved from /home/airflow/.local/lib/python3.7/site-packages/airflow/example_dags/example_bash_operator.py
[2023-07-04T00:14:51.866+0000] {logging_mixin.py:149} INFO - [2023-07-04T00:14:51.865+0000] {dag.py:2726} INFO - Sync 1 DAGs
[2023-07-04T00:14:51.956+0000] {logging_mixin.py:149} INFO - [2023-07-04T00:14:51.956+0000] {dag.py:3490} INFO - Setting next_dagrun for example_bash_operator to 2023-07-03T00:00:00+00:00, run_after=2023-07-04T00:00:00+00:00
[2023-07-04T00:14:52.016+0000] {processor.py:179} INFO - Processing /home/airflow/.local/lib/python3.7/site-packages/airflow/example_dags/example_bash_operator.py took 0.370 seconds
[2023-07-04T00:15:22.177+0000] {processor.py:157} INFO - Started process (PID=988) to work on /home/airflow/.local/lib/python3.7/site-packages/airflow/example_dags/example_bash_operator.py
[2023-07-04T00:15:22.180+0000] {processor.py:826} INFO - Processing file /home/airflow/.local/lib/python3.7/site-packages/airflow/example_dags/example_bash_operator.py for tasks to queue
[2023-07-04T00:15:22.183+0000] {logging_mixin.py:149} INFO - [2023-07-04T00:15:22.182+0000] {dagbag.py:541} INFO - Filling up the DagBag from /home/airflow/.local/lib/python3.7/site-packages/airflow/example_dags/example_bash_operator.py
[2023-07-04T00:15:22.225+0000] {processor.py:836} INFO - DAG(s) dict_keys(['example_bash_operator']) retrieved from /home/airflow/.local/lib/python3.7/site-packages/airflow/example_dags/example_bash_operator.py
[2023-07-04T00:15:22.313+0000] {logging_mixin.py:149} INFO - [2023-07-04T00:15:22.313+0000] {dag.py:2726} INFO - Sync 1 DAGs
[2023-07-04T00:15:22.384+0000] {logging_mixin.py:149} INFO - [2023-07-04T00:15:22.383+0000] {dag.py:3490} INFO - Setting next_dagrun for example_bash_operator to 2023-07-03T00:00:00+00:00, run_after=2023-07-04T00:00:00+00:00
[2023-07-04T00:15:22.437+0000] {processor.py:179} INFO - Processing /home/airflow/.local/lib/python3.7/site-packages/airflow/example_dags/example_bash_operator.py took 0.269 seconds
[2023-07-04T00:15:53.122+0000] {processor.py:157} INFO - Started process (PID=1045) to work on /home/airflow/.local/lib/python3.7/site-packages/airflow/example_dags/example_bash_operator.py
[2023-07-04T00:15:53.124+0000] {processor.py:826} INFO - Processing file /home/airflow/.local/lib/python3.7/site-packages/airflow/example_dags/example_bash_operator.py for tasks to queue
[2023-07-04T00:15:53.125+0000] {logging_mixin.py:149} INFO - [2023-07-04T00:15:53.125+0000] {dagbag.py:541} INFO - Filling up the DagBag from /home/airflow/.local/lib/python3.7/site-packages/airflow/example_dags/example_bash_operator.py
[2023-07-04T00:15:53.165+0000] {processor.py:836} INFO - DAG(s) dict_keys(['example_bash_operator']) retrieved from /home/airflow/.local/lib/python3.7/site-packages/airflow/example_dags/example_bash_operator.py
[2023-07-04T00:15:53.276+0000] {logging_mixin.py:149} INFO - [2023-07-04T00:15:53.276+0000] {dag.py:2726} INFO - Sync 1 DAGs
[2023-07-04T00:15:53.347+0000] {logging_mixin.py:149} INFO - [2023-07-04T00:15:53.346+0000] {dag.py:3490} INFO - Setting next_dagrun for example_bash_operator to 2023-07-03T00:00:00+00:00, run_after=2023-07-04T00:00:00+00:00
[2023-07-04T00:15:53.395+0000] {processor.py:179} INFO - Processing /home/airflow/.local/lib/python3.7/site-packages/airflow/example_dags/example_bash_operator.py took 0.283 seconds
[2023-07-04T00:16:24.211+0000] {processor.py:157} INFO - Started process (PID=1102) to work on /home/airflow/.local/lib/python3.7/site-packages/airflow/example_dags/example_bash_operator.py
[2023-07-04T00:16:24.212+0000] {processor.py:826} INFO - Processing file /home/airflow/.local/lib/python3.7/site-packages/airflow/example_dags/example_bash_operator.py for tasks to queue
[2023-07-04T00:16:24.214+0000] {logging_mixin.py:149} INFO - [2023-07-04T00:16:24.213+0000] {dagbag.py:541} INFO - Filling up the DagBag from /home/airflow/.local/lib/python3.7/site-packages/airflow/example_dags/example_bash_operator.py
[2023-07-04T00:16:24.236+0000] {processor.py:836} INFO - DAG(s) dict_keys(['example_bash_operator']) retrieved from /home/airflow/.local/lib/python3.7/site-packages/airflow/example_dags/example_bash_operator.py
[2023-07-04T00:16:24.299+0000] {logging_mixin.py:149} INFO - [2023-07-04T00:16:24.298+0000] {dag.py:2726} INFO - Sync 1 DAGs
[2023-07-04T00:16:24.349+0000] {logging_mixin.py:149} INFO - [2023-07-04T00:16:24.349+0000] {dag.py:3490} INFO - Setting next_dagrun for example_bash_operator to 2023-07-03T00:00:00+00:00, run_after=2023-07-04T00:00:00+00:00
[2023-07-04T00:16:24.383+0000] {processor.py:179} INFO - Processing /home/airflow/.local/lib/python3.7/site-packages/airflow/example_dags/example_bash_operator.py took 0.179 seconds
[2023-07-04T00:16:54.808+0000] {processor.py:157} INFO - Started process (PID=1159) to work on /home/airflow/.local/lib/python3.7/site-packages/airflow/example_dags/example_bash_operator.py
[2023-07-04T00:16:54.809+0000] {processor.py:826} INFO - Processing file /home/airflow/.local/lib/python3.7/site-packages/airflow/example_dags/example_bash_operator.py for tasks to queue
[2023-07-04T00:16:54.810+0000] {logging_mixin.py:149} INFO - [2023-07-04T00:16:54.810+0000] {dagbag.py:541} INFO - Filling up the DagBag from /home/airflow/.local/lib/python3.7/site-packages/airflow/example_dags/example_bash_operator.py
[2023-07-04T00:16:54.836+0000] {processor.py:836} INFO - DAG(s) dict_keys(['example_bash_operator']) retrieved from /home/airflow/.local/lib/python3.7/site-packages/airflow/example_dags/example_bash_operator.py
[2023-07-04T00:16:54.919+0000] {logging_mixin.py:149} INFO - [2023-07-04T00:16:54.919+0000] {dag.py:2726} INFO - Sync 1 DAGs
[2023-07-04T00:16:55.005+0000] {logging_mixin.py:149} INFO - [2023-07-04T00:16:55.004+0000] {dag.py:3490} INFO - Setting next_dagrun for example_bash_operator to 2023-07-03T00:00:00+00:00, run_after=2023-07-04T00:00:00+00:00
[2023-07-04T00:16:55.045+0000] {processor.py:179} INFO - Processing /home/airflow/.local/lib/python3.7/site-packages/airflow/example_dags/example_bash_operator.py took 0.244 seconds
[2023-07-04T00:17:25.265+0000] {processor.py:157} INFO - Started process (PID=1216) to work on /home/airflow/.local/lib/python3.7/site-packages/airflow/example_dags/example_bash_operator.py
[2023-07-04T00:17:25.267+0000] {processor.py:826} INFO - Processing file /home/airflow/.local/lib/python3.7/site-packages/airflow/example_dags/example_bash_operator.py for tasks to queue
[2023-07-04T00:17:25.270+0000] {logging_mixin.py:149} INFO - [2023-07-04T00:17:25.269+0000] {dagbag.py:541} INFO - Filling up the DagBag from /home/airflow/.local/lib/python3.7/site-packages/airflow/example_dags/example_bash_operator.py
[2023-07-04T00:17:25.361+0000] {processor.py:836} INFO - DAG(s) dict_keys(['example_bash_operator']) retrieved from /home/airflow/.local/lib/python3.7/site-packages/airflow/example_dags/example_bash_operator.py
[2023-07-04T00:17:25.491+0000] {logging_mixin.py:149} INFO - [2023-07-04T00:17:25.491+0000] {dag.py:2726} INFO - Sync 1 DAGs
[2023-07-04T00:17:25.582+0000] {logging_mixin.py:149} INFO - [2023-07-04T00:17:25.582+0000] {dag.py:3490} INFO - Setting next_dagrun for example_bash_operator to 2023-07-03T00:00:00+00:00, run_after=2023-07-04T00:00:00+00:00
[2023-07-04T00:17:25.631+0000] {processor.py:179} INFO - Processing /home/airflow/.local/lib/python3.7/site-packages/airflow/example_dags/example_bash_operator.py took 0.377 seconds
[2023-07-04T00:17:56.362+0000] {processor.py:157} INFO - Started process (PID=1273) to work on /home/airflow/.local/lib/python3.7/site-packages/airflow/example_dags/example_bash_operator.py
[2023-07-04T00:17:56.364+0000] {processor.py:826} INFO - Processing file /home/airflow/.local/lib/python3.7/site-packages/airflow/example_dags/example_bash_operator.py for tasks to queue
[2023-07-04T00:17:56.366+0000] {logging_mixin.py:149} INFO - [2023-07-04T00:17:56.366+0000] {dagbag.py:541} INFO - Filling up the DagBag from /home/airflow/.local/lib/python3.7/site-packages/airflow/example_dags/example_bash_operator.py
[2023-07-04T00:17:56.402+0000] {processor.py:836} INFO - DAG(s) dict_keys(['example_bash_operator']) retrieved from /home/airflow/.local/lib/python3.7/site-packages/airflow/example_dags/example_bash_operator.py
[2023-07-04T00:17:56.484+0000] {logging_mixin.py:149} INFO - [2023-07-04T00:17:56.483+0000] {dag.py:2726} INFO - Sync 1 DAGs
[2023-07-04T00:17:56.547+0000] {logging_mixin.py:149} INFO - [2023-07-04T00:17:56.547+0000] {dag.py:3490} INFO - Setting next_dagrun for example_bash_operator to 2023-07-03T00:00:00+00:00, run_after=2023-07-04T00:00:00+00:00
[2023-07-04T00:17:56.589+0000] {processor.py:179} INFO - Processing /home/airflow/.local/lib/python3.7/site-packages/airflow/example_dags/example_bash_operator.py took 0.235 seconds
[2023-07-04T00:18:27.159+0000] {processor.py:157} INFO - Started process (PID=1330) to work on /home/airflow/.local/lib/python3.7/site-packages/airflow/example_dags/example_bash_operator.py
[2023-07-04T00:18:27.160+0000] {processor.py:826} INFO - Processing file /home/airflow/.local/lib/python3.7/site-packages/airflow/example_dags/example_bash_operator.py for tasks to queue
[2023-07-04T00:18:27.162+0000] {logging_mixin.py:149} INFO - [2023-07-04T00:18:27.161+0000] {dagbag.py:541} INFO - Filling up the DagBag from /home/airflow/.local/lib/python3.7/site-packages/airflow/example_dags/example_bash_operator.py
[2023-07-04T00:18:27.191+0000] {processor.py:836} INFO - DAG(s) dict_keys(['example_bash_operator']) retrieved from /home/airflow/.local/lib/python3.7/site-packages/airflow/example_dags/example_bash_operator.py
[2023-07-04T00:18:27.264+0000] {logging_mixin.py:149} INFO - [2023-07-04T00:18:27.264+0000] {dag.py:2726} INFO - Sync 1 DAGs
[2023-07-04T00:18:27.318+0000] {logging_mixin.py:149} INFO - [2023-07-04T00:18:27.318+0000] {dag.py:3490} INFO - Setting next_dagrun for example_bash_operator to 2023-07-03T00:00:00+00:00, run_after=2023-07-04T00:00:00+00:00
[2023-07-04T00:18:27.355+0000] {processor.py:179} INFO - Processing /home/airflow/.local/lib/python3.7/site-packages/airflow/example_dags/example_bash_operator.py took 0.201 seconds
[2023-07-04T00:18:58.197+0000] {processor.py:157} INFO - Started process (PID=1386) to work on /home/airflow/.local/lib/python3.7/site-packages/airflow/example_dags/example_bash_operator.py
[2023-07-04T00:18:58.201+0000] {processor.py:826} INFO - Processing file /home/airflow/.local/lib/python3.7/site-packages/airflow/example_dags/example_bash_operator.py for tasks to queue
[2023-07-04T00:18:58.204+0000] {logging_mixin.py:149} INFO - [2023-07-04T00:18:58.203+0000] {dagbag.py:541} INFO - Filling up the DagBag from /home/airflow/.local/lib/python3.7/site-packages/airflow/example_dags/example_bash_operator.py
[2023-07-04T00:18:58.254+0000] {processor.py:836} INFO - DAG(s) dict_keys(['example_bash_operator']) retrieved from /home/airflow/.local/lib/python3.7/site-packages/airflow/example_dags/example_bash_operator.py
[2023-07-04T00:18:58.333+0000] {logging_mixin.py:149} INFO - [2023-07-04T00:18:58.332+0000] {dag.py:2726} INFO - Sync 1 DAGs
[2023-07-04T00:18:58.404+0000] {logging_mixin.py:149} INFO - [2023-07-04T00:18:58.403+0000] {dag.py:3490} INFO - Setting next_dagrun for example_bash_operator to 2023-07-03T00:00:00+00:00, run_after=2023-07-04T00:00:00+00:00
[2023-07-04T00:18:58.440+0000] {processor.py:179} INFO - Processing /home/airflow/.local/lib/python3.7/site-packages/airflow/example_dags/example_bash_operator.py took 0.254 seconds
[2023-07-04T00:19:29.034+0000] {processor.py:157} INFO - Started process (PID=1444) to work on /home/airflow/.local/lib/python3.7/site-packages/airflow/example_dags/example_bash_operator.py
[2023-07-04T00:19:29.035+0000] {processor.py:826} INFO - Processing file /home/airflow/.local/lib/python3.7/site-packages/airflow/example_dags/example_bash_operator.py for tasks to queue
[2023-07-04T00:19:29.038+0000] {logging_mixin.py:149} INFO - [2023-07-04T00:19:29.037+0000] {dagbag.py:541} INFO - Filling up the DagBag from /home/airflow/.local/lib/python3.7/site-packages/airflow/example_dags/example_bash_operator.py
[2023-07-04T00:19:29.081+0000] {processor.py:836} INFO - DAG(s) dict_keys(['example_bash_operator']) retrieved from /home/airflow/.local/lib/python3.7/site-packages/airflow/example_dags/example_bash_operator.py
[2023-07-04T00:19:29.172+0000] {logging_mixin.py:149} INFO - [2023-07-04T00:19:29.172+0000] {dag.py:2726} INFO - Sync 1 DAGs
[2023-07-04T00:19:29.236+0000] {logging_mixin.py:149} INFO - [2023-07-04T00:19:29.236+0000] {dag.py:3490} INFO - Setting next_dagrun for example_bash_operator to 2023-07-03T00:00:00+00:00, run_after=2023-07-04T00:00:00+00:00
[2023-07-04T00:19:29.278+0000] {processor.py:179} INFO - Processing /home/airflow/.local/lib/python3.7/site-packages/airflow/example_dags/example_bash_operator.py took 0.255 seconds
[2023-07-04T00:19:59.753+0000] {processor.py:157} INFO - Started process (PID=1501) to work on /home/airflow/.local/lib/python3.7/site-packages/airflow/example_dags/example_bash_operator.py
[2023-07-04T00:19:59.756+0000] {processor.py:826} INFO - Processing file /home/airflow/.local/lib/python3.7/site-packages/airflow/example_dags/example_bash_operator.py for tasks to queue
[2023-07-04T00:19:59.758+0000] {logging_mixin.py:149} INFO - [2023-07-04T00:19:59.757+0000] {dagbag.py:541} INFO - Filling up the DagBag from /home/airflow/.local/lib/python3.7/site-packages/airflow/example_dags/example_bash_operator.py
[2023-07-04T00:19:59.791+0000] {processor.py:836} INFO - DAG(s) dict_keys(['example_bash_operator']) retrieved from /home/airflow/.local/lib/python3.7/site-packages/airflow/example_dags/example_bash_operator.py
[2023-07-04T00:19:59.883+0000] {logging_mixin.py:149} INFO - [2023-07-04T00:19:59.883+0000] {dag.py:2726} INFO - Sync 1 DAGs
[2023-07-04T00:19:59.947+0000] {logging_mixin.py:149} INFO - [2023-07-04T00:19:59.946+0000] {dag.py:3490} INFO - Setting next_dagrun for example_bash_operator to 2023-07-03T00:00:00+00:00, run_after=2023-07-04T00:00:00+00:00
[2023-07-04T00:19:59.994+0000] {processor.py:179} INFO - Processing /home/airflow/.local/lib/python3.7/site-packages/airflow/example_dags/example_bash_operator.py took 0.249 seconds
[2023-07-04T00:20:30.408+0000] {processor.py:157} INFO - Started process (PID=1558) to work on /home/airflow/.local/lib/python3.7/site-packages/airflow/example_dags/example_bash_operator.py
[2023-07-04T00:20:30.410+0000] {processor.py:826} INFO - Processing file /home/airflow/.local/lib/python3.7/site-packages/airflow/example_dags/example_bash_operator.py for tasks to queue
[2023-07-04T00:20:30.411+0000] {logging_mixin.py:149} INFO - [2023-07-04T00:20:30.410+0000] {dagbag.py:541} INFO - Filling up the DagBag from /home/airflow/.local/lib/python3.7/site-packages/airflow/example_dags/example_bash_operator.py
[2023-07-04T00:20:30.437+0000] {processor.py:836} INFO - DAG(s) dict_keys(['example_bash_operator']) retrieved from /home/airflow/.local/lib/python3.7/site-packages/airflow/example_dags/example_bash_operator.py
[2023-07-04T00:20:30.510+0000] {logging_mixin.py:149} INFO - [2023-07-04T00:20:30.510+0000] {dag.py:2726} INFO - Sync 1 DAGs
[2023-07-04T00:20:30.567+0000] {logging_mixin.py:149} INFO - [2023-07-04T00:20:30.566+0000] {dag.py:3490} INFO - Setting next_dagrun for example_bash_operator to 2023-07-03T00:00:00+00:00, run_after=2023-07-04T00:00:00+00:00
[2023-07-04T00:20:30.606+0000] {processor.py:179} INFO - Processing /home/airflow/.local/lib/python3.7/site-packages/airflow/example_dags/example_bash_operator.py took 0.205 seconds
[2023-07-04T00:21:01.418+0000] {processor.py:157} INFO - Started process (PID=1615) to work on /home/airflow/.local/lib/python3.7/site-packages/airflow/example_dags/example_bash_operator.py
[2023-07-04T00:21:01.420+0000] {processor.py:826} INFO - Processing file /home/airflow/.local/lib/python3.7/site-packages/airflow/example_dags/example_bash_operator.py for tasks to queue
[2023-07-04T00:21:01.422+0000] {logging_mixin.py:149} INFO - [2023-07-04T00:21:01.422+0000] {dagbag.py:541} INFO - Filling up the DagBag from /home/airflow/.local/lib/python3.7/site-packages/airflow/example_dags/example_bash_operator.py
[2023-07-04T00:21:01.450+0000] {processor.py:836} INFO - DAG(s) dict_keys(['example_bash_operator']) retrieved from /home/airflow/.local/lib/python3.7/site-packages/airflow/example_dags/example_bash_operator.py
[2023-07-04T00:21:01.521+0000] {logging_mixin.py:149} INFO - [2023-07-04T00:21:01.521+0000] {dag.py:2726} INFO - Sync 1 DAGs
[2023-07-04T00:21:01.586+0000] {logging_mixin.py:149} INFO - [2023-07-04T00:21:01.585+0000] {dag.py:3490} INFO - Setting next_dagrun for example_bash_operator to 2023-07-03T00:00:00+00:00, run_after=2023-07-04T00:00:00+00:00
[2023-07-04T00:21:01.629+0000] {processor.py:179} INFO - Processing /home/airflow/.local/lib/python3.7/site-packages/airflow/example_dags/example_bash_operator.py took 0.217 seconds
[2023-07-04T00:21:32.022+0000] {processor.py:157} INFO - Started process (PID=1671) to work on /home/airflow/.local/lib/python3.7/site-packages/airflow/example_dags/example_bash_operator.py
[2023-07-04T00:21:32.024+0000] {processor.py:826} INFO - Processing file /home/airflow/.local/lib/python3.7/site-packages/airflow/example_dags/example_bash_operator.py for tasks to queue
[2023-07-04T00:21:32.027+0000] {logging_mixin.py:149} INFO - [2023-07-04T00:21:32.026+0000] {dagbag.py:541} INFO - Filling up the DagBag from /home/airflow/.local/lib/python3.7/site-packages/airflow/example_dags/example_bash_operator.py
[2023-07-04T00:21:32.060+0000] {processor.py:836} INFO - DAG(s) dict_keys(['example_bash_operator']) retrieved from /home/airflow/.local/lib/python3.7/site-packages/airflow/example_dags/example_bash_operator.py
[2023-07-04T00:21:32.125+0000] {logging_mixin.py:149} INFO - [2023-07-04T00:21:32.125+0000] {dag.py:2726} INFO - Sync 1 DAGs
[2023-07-04T00:21:32.176+0000] {logging_mixin.py:149} INFO - [2023-07-04T00:21:32.176+0000] {dag.py:3490} INFO - Setting next_dagrun for example_bash_operator to 2023-07-03T00:00:00+00:00, run_after=2023-07-04T00:00:00+00:00
[2023-07-04T00:21:32.216+0000] {processor.py:179} INFO - Processing /home/airflow/.local/lib/python3.7/site-packages/airflow/example_dags/example_bash_operator.py took 0.203 seconds
[2023-07-04T00:22:03.167+0000] {processor.py:157} INFO - Started process (PID=1728) to work on /home/airflow/.local/lib/python3.7/site-packages/airflow/example_dags/example_bash_operator.py
[2023-07-04T00:22:03.169+0000] {processor.py:826} INFO - Processing file /home/airflow/.local/lib/python3.7/site-packages/airflow/example_dags/example_bash_operator.py for tasks to queue
[2023-07-04T00:22:03.172+0000] {logging_mixin.py:149} INFO - [2023-07-04T00:22:03.171+0000] {dagbag.py:541} INFO - Filling up the DagBag from /home/airflow/.local/lib/python3.7/site-packages/airflow/example_dags/example_bash_operator.py
[2023-07-04T00:22:03.221+0000] {processor.py:836} INFO - DAG(s) dict_keys(['example_bash_operator']) retrieved from /home/airflow/.local/lib/python3.7/site-packages/airflow/example_dags/example_bash_operator.py
[2023-07-04T00:22:03.347+0000] {logging_mixin.py:149} INFO - [2023-07-04T00:22:03.346+0000] {dag.py:2726} INFO - Sync 1 DAGs
[2023-07-04T00:22:03.455+0000] {logging_mixin.py:149} INFO - [2023-07-04T00:22:03.455+0000] {dag.py:3490} INFO - Setting next_dagrun for example_bash_operator to 2023-07-03T00:00:00+00:00, run_after=2023-07-04T00:00:00+00:00
[2023-07-04T00:22:03.538+0000] {processor.py:179} INFO - Processing /home/airflow/.local/lib/python3.7/site-packages/airflow/example_dags/example_bash_operator.py took 0.382 seconds
[2023-07-04T00:22:33.907+0000] {processor.py:157} INFO - Started process (PID=1785) to work on /home/airflow/.local/lib/python3.7/site-packages/airflow/example_dags/example_bash_operator.py
[2023-07-04T00:22:33.911+0000] {processor.py:826} INFO - Processing file /home/airflow/.local/lib/python3.7/site-packages/airflow/example_dags/example_bash_operator.py for tasks to queue
[2023-07-04T00:22:33.914+0000] {logging_mixin.py:149} INFO - [2023-07-04T00:22:33.913+0000] {dagbag.py:541} INFO - Filling up the DagBag from /home/airflow/.local/lib/python3.7/site-packages/airflow/example_dags/example_bash_operator.py
[2023-07-04T00:22:33.957+0000] {processor.py:836} INFO - DAG(s) dict_keys(['example_bash_operator']) retrieved from /home/airflow/.local/lib/python3.7/site-packages/airflow/example_dags/example_bash_operator.py
[2023-07-04T00:22:34.065+0000] {logging_mixin.py:149} INFO - [2023-07-04T00:22:34.065+0000] {dag.py:2726} INFO - Sync 1 DAGs
[2023-07-04T00:22:34.128+0000] {logging_mixin.py:149} INFO - [2023-07-04T00:22:34.128+0000] {dag.py:3490} INFO - Setting next_dagrun for example_bash_operator to 2023-07-03T00:00:00+00:00, run_after=2023-07-04T00:00:00+00:00
[2023-07-04T00:22:34.170+0000] {processor.py:179} INFO - Processing /home/airflow/.local/lib/python3.7/site-packages/airflow/example_dags/example_bash_operator.py took 0.269 seconds
[2023-07-04T00:23:04.574+0000] {processor.py:157} INFO - Started process (PID=1842) to work on /home/airflow/.local/lib/python3.7/site-packages/airflow/example_dags/example_bash_operator.py
[2023-07-04T00:23:04.576+0000] {processor.py:826} INFO - Processing file /home/airflow/.local/lib/python3.7/site-packages/airflow/example_dags/example_bash_operator.py for tasks to queue
[2023-07-04T00:23:04.577+0000] {logging_mixin.py:149} INFO - [2023-07-04T00:23:04.577+0000] {dagbag.py:541} INFO - Filling up the DagBag from /home/airflow/.local/lib/python3.7/site-packages/airflow/example_dags/example_bash_operator.py
[2023-07-04T00:23:04.608+0000] {processor.py:836} INFO - DAG(s) dict_keys(['example_bash_operator']) retrieved from /home/airflow/.local/lib/python3.7/site-packages/airflow/example_dags/example_bash_operator.py
[2023-07-04T00:23:04.691+0000] {logging_mixin.py:149} INFO - [2023-07-04T00:23:04.690+0000] {dag.py:2726} INFO - Sync 1 DAGs
[2023-07-04T00:23:04.749+0000] {logging_mixin.py:149} INFO - [2023-07-04T00:23:04.748+0000] {dag.py:3490} INFO - Setting next_dagrun for example_bash_operator to 2023-07-03T00:00:00+00:00, run_after=2023-07-04T00:00:00+00:00
[2023-07-04T00:23:04.792+0000] {processor.py:179} INFO - Processing /home/airflow/.local/lib/python3.7/site-packages/airflow/example_dags/example_bash_operator.py took 0.224 seconds
[2023-07-04T00:23:35.628+0000] {processor.py:157} INFO - Started process (PID=1899) to work on /home/airflow/.local/lib/python3.7/site-packages/airflow/example_dags/example_bash_operator.py
[2023-07-04T00:23:35.630+0000] {processor.py:826} INFO - Processing file /home/airflow/.local/lib/python3.7/site-packages/airflow/example_dags/example_bash_operator.py for tasks to queue
[2023-07-04T00:23:35.631+0000] {logging_mixin.py:149} INFO - [2023-07-04T00:23:35.631+0000] {dagbag.py:541} INFO - Filling up the DagBag from /home/airflow/.local/lib/python3.7/site-packages/airflow/example_dags/example_bash_operator.py
[2023-07-04T00:23:35.665+0000] {processor.py:836} INFO - DAG(s) dict_keys(['example_bash_operator']) retrieved from /home/airflow/.local/lib/python3.7/site-packages/airflow/example_dags/example_bash_operator.py
[2023-07-04T00:23:35.745+0000] {logging_mixin.py:149} INFO - [2023-07-04T00:23:35.745+0000] {dag.py:2726} INFO - Sync 1 DAGs
[2023-07-04T00:23:35.804+0000] {logging_mixin.py:149} INFO - [2023-07-04T00:23:35.804+0000] {dag.py:3490} INFO - Setting next_dagrun for example_bash_operator to 2023-07-03T00:00:00+00:00, run_after=2023-07-04T00:00:00+00:00
[2023-07-04T00:23:35.845+0000] {processor.py:179} INFO - Processing /home/airflow/.local/lib/python3.7/site-packages/airflow/example_dags/example_bash_operator.py took 0.223 seconds
[2023-07-04T00:24:06.737+0000] {processor.py:157} INFO - Started process (PID=1956) to work on /home/airflow/.local/lib/python3.7/site-packages/airflow/example_dags/example_bash_operator.py
[2023-07-04T00:24:06.742+0000] {processor.py:826} INFO - Processing file /home/airflow/.local/lib/python3.7/site-packages/airflow/example_dags/example_bash_operator.py for tasks to queue
[2023-07-04T00:24:06.745+0000] {logging_mixin.py:149} INFO - [2023-07-04T00:24:06.745+0000] {dagbag.py:541} INFO - Filling up the DagBag from /home/airflow/.local/lib/python3.7/site-packages/airflow/example_dags/example_bash_operator.py
[2023-07-04T00:24:06.813+0000] {processor.py:836} INFO - DAG(s) dict_keys(['example_bash_operator']) retrieved from /home/airflow/.local/lib/python3.7/site-packages/airflow/example_dags/example_bash_operator.py
[2023-07-04T00:24:06.895+0000] {logging_mixin.py:149} INFO - [2023-07-04T00:24:06.895+0000] {dag.py:2726} INFO - Sync 1 DAGs
[2023-07-04T00:24:06.955+0000] {logging_mixin.py:149} INFO - [2023-07-04T00:24:06.955+0000] {dag.py:3490} INFO - Setting next_dagrun for example_bash_operator to 2023-07-03T00:00:00+00:00, run_after=2023-07-04T00:00:00+00:00
[2023-07-04T00:24:07.002+0000] {processor.py:179} INFO - Processing /home/airflow/.local/lib/python3.7/site-packages/airflow/example_dags/example_bash_operator.py took 0.281 seconds
[2023-07-04T00:24:37.185+0000] {processor.py:157} INFO - Started process (PID=2012) to work on /home/airflow/.local/lib/python3.7/site-packages/airflow/example_dags/example_bash_operator.py
[2023-07-04T00:24:37.186+0000] {processor.py:826} INFO - Processing file /home/airflow/.local/lib/python3.7/site-packages/airflow/example_dags/example_bash_operator.py for tasks to queue
[2023-07-04T00:24:37.187+0000] {logging_mixin.py:149} INFO - [2023-07-04T00:24:37.187+0000] {dagbag.py:541} INFO - Filling up the DagBag from /home/airflow/.local/lib/python3.7/site-packages/airflow/example_dags/example_bash_operator.py
[2023-07-04T00:24:37.218+0000] {processor.py:836} INFO - DAG(s) dict_keys(['example_bash_operator']) retrieved from /home/airflow/.local/lib/python3.7/site-packages/airflow/example_dags/example_bash_operator.py
[2023-07-04T00:24:37.292+0000] {logging_mixin.py:149} INFO - [2023-07-04T00:24:37.292+0000] {dag.py:2726} INFO - Sync 1 DAGs
[2023-07-04T00:24:37.340+0000] {logging_mixin.py:149} INFO - [2023-07-04T00:24:37.339+0000] {dag.py:3490} INFO - Setting next_dagrun for example_bash_operator to 2023-07-03T00:00:00+00:00, run_after=2023-07-04T00:00:00+00:00
[2023-07-04T00:24:37.386+0000] {processor.py:179} INFO - Processing /home/airflow/.local/lib/python3.7/site-packages/airflow/example_dags/example_bash_operator.py took 0.208 seconds
[2023-07-04T00:25:07.495+0000] {processor.py:157} INFO - Started process (PID=2069) to work on /home/airflow/.local/lib/python3.7/site-packages/airflow/example_dags/example_bash_operator.py
[2023-07-04T00:25:07.496+0000] {processor.py:826} INFO - Processing file /home/airflow/.local/lib/python3.7/site-packages/airflow/example_dags/example_bash_operator.py for tasks to queue
[2023-07-04T00:25:07.498+0000] {logging_mixin.py:149} INFO - [2023-07-04T00:25:07.497+0000] {dagbag.py:541} INFO - Filling up the DagBag from /home/airflow/.local/lib/python3.7/site-packages/airflow/example_dags/example_bash_operator.py
[2023-07-04T00:25:07.530+0000] {processor.py:836} INFO - DAG(s) dict_keys(['example_bash_operator']) retrieved from /home/airflow/.local/lib/python3.7/site-packages/airflow/example_dags/example_bash_operator.py
[2023-07-04T00:25:07.645+0000] {logging_mixin.py:149} INFO - [2023-07-04T00:25:07.645+0000] {dag.py:2726} INFO - Sync 1 DAGs
[2023-07-04T00:25:07.709+0000] {logging_mixin.py:149} INFO - [2023-07-04T00:25:07.709+0000] {dag.py:3490} INFO - Setting next_dagrun for example_bash_operator to 2023-07-03T00:00:00+00:00, run_after=2023-07-04T00:00:00+00:00
[2023-07-04T00:25:07.744+0000] {processor.py:179} INFO - Processing /home/airflow/.local/lib/python3.7/site-packages/airflow/example_dags/example_bash_operator.py took 0.255 seconds
[2023-07-04T00:25:37.856+0000] {processor.py:157} INFO - Started process (PID=2127) to work on /home/airflow/.local/lib/python3.7/site-packages/airflow/example_dags/example_bash_operator.py
[2023-07-04T00:25:37.858+0000] {processor.py:826} INFO - Processing file /home/airflow/.local/lib/python3.7/site-packages/airflow/example_dags/example_bash_operator.py for tasks to queue
[2023-07-04T00:25:37.859+0000] {logging_mixin.py:149} INFO - [2023-07-04T00:25:37.859+0000] {dagbag.py:541} INFO - Filling up the DagBag from /home/airflow/.local/lib/python3.7/site-packages/airflow/example_dags/example_bash_operator.py
[2023-07-04T00:25:37.890+0000] {processor.py:836} INFO - DAG(s) dict_keys(['example_bash_operator']) retrieved from /home/airflow/.local/lib/python3.7/site-packages/airflow/example_dags/example_bash_operator.py
[2023-07-04T00:25:37.964+0000] {logging_mixin.py:149} INFO - [2023-07-04T00:25:37.964+0000] {dag.py:2726} INFO - Sync 1 DAGs
[2023-07-04T00:25:38.009+0000] {logging_mixin.py:149} INFO - [2023-07-04T00:25:38.009+0000] {dag.py:3490} INFO - Setting next_dagrun for example_bash_operator to 2023-07-03T00:00:00+00:00, run_after=2023-07-04T00:00:00+00:00
[2023-07-04T00:25:38.050+0000] {processor.py:179} INFO - Processing /home/airflow/.local/lib/python3.7/site-packages/airflow/example_dags/example_bash_operator.py took 0.200 seconds
[2023-07-04T00:26:08.321+0000] {processor.py:157} INFO - Started process (PID=2184) to work on /home/airflow/.local/lib/python3.7/site-packages/airflow/example_dags/example_bash_operator.py
[2023-07-04T00:26:08.323+0000] {processor.py:826} INFO - Processing file /home/airflow/.local/lib/python3.7/site-packages/airflow/example_dags/example_bash_operator.py for tasks to queue
[2023-07-04T00:26:08.324+0000] {logging_mixin.py:149} INFO - [2023-07-04T00:26:08.324+0000] {dagbag.py:541} INFO - Filling up the DagBag from /home/airflow/.local/lib/python3.7/site-packages/airflow/example_dags/example_bash_operator.py
[2023-07-04T00:26:08.359+0000] {processor.py:836} INFO - DAG(s) dict_keys(['example_bash_operator']) retrieved from /home/airflow/.local/lib/python3.7/site-packages/airflow/example_dags/example_bash_operator.py
[2023-07-04T00:26:08.449+0000] {logging_mixin.py:149} INFO - [2023-07-04T00:26:08.448+0000] {dag.py:2726} INFO - Sync 1 DAGs
[2023-07-04T00:26:08.526+0000] {logging_mixin.py:149} INFO - [2023-07-04T00:26:08.525+0000] {dag.py:3490} INFO - Setting next_dagrun for example_bash_operator to 2023-07-03T00:00:00+00:00, run_after=2023-07-04T00:00:00+00:00
[2023-07-04T00:26:08.574+0000] {processor.py:179} INFO - Processing /home/airflow/.local/lib/python3.7/site-packages/airflow/example_dags/example_bash_operator.py took 0.265 seconds
[2023-07-04T00:26:38.688+0000] {processor.py:157} INFO - Started process (PID=2241) to work on /home/airflow/.local/lib/python3.7/site-packages/airflow/example_dags/example_bash_operator.py
[2023-07-04T00:26:38.690+0000] {processor.py:826} INFO - Processing file /home/airflow/.local/lib/python3.7/site-packages/airflow/example_dags/example_bash_operator.py for tasks to queue
[2023-07-04T00:26:38.691+0000] {logging_mixin.py:149} INFO - [2023-07-04T00:26:38.691+0000] {dagbag.py:541} INFO - Filling up the DagBag from /home/airflow/.local/lib/python3.7/site-packages/airflow/example_dags/example_bash_operator.py
[2023-07-04T00:26:38.722+0000] {processor.py:836} INFO - DAG(s) dict_keys(['example_bash_operator']) retrieved from /home/airflow/.local/lib/python3.7/site-packages/airflow/example_dags/example_bash_operator.py
[2023-07-04T00:26:38.814+0000] {logging_mixin.py:149} INFO - [2023-07-04T00:26:38.813+0000] {dag.py:2726} INFO - Sync 1 DAGs
[2023-07-04T00:26:38.875+0000] {logging_mixin.py:149} INFO - [2023-07-04T00:26:38.874+0000] {dag.py:3490} INFO - Setting next_dagrun for example_bash_operator to 2023-07-03T00:00:00+00:00, run_after=2023-07-04T00:00:00+00:00
[2023-07-04T00:26:38.915+0000] {processor.py:179} INFO - Processing /home/airflow/.local/lib/python3.7/site-packages/airflow/example_dags/example_bash_operator.py took 0.234 seconds
[2023-07-04T00:27:09.154+0000] {processor.py:157} INFO - Started process (PID=2298) to work on /home/airflow/.local/lib/python3.7/site-packages/airflow/example_dags/example_bash_operator.py
[2023-07-04T00:27:09.155+0000] {processor.py:826} INFO - Processing file /home/airflow/.local/lib/python3.7/site-packages/airflow/example_dags/example_bash_operator.py for tasks to queue
[2023-07-04T00:27:09.157+0000] {logging_mixin.py:149} INFO - [2023-07-04T00:27:09.157+0000] {dagbag.py:541} INFO - Filling up the DagBag from /home/airflow/.local/lib/python3.7/site-packages/airflow/example_dags/example_bash_operator.py
[2023-07-04T00:27:09.195+0000] {processor.py:836} INFO - DAG(s) dict_keys(['example_bash_operator']) retrieved from /home/airflow/.local/lib/python3.7/site-packages/airflow/example_dags/example_bash_operator.py
[2023-07-04T00:27:09.290+0000] {logging_mixin.py:149} INFO - [2023-07-04T00:27:09.290+0000] {dag.py:2726} INFO - Sync 1 DAGs
[2023-07-04T00:27:09.358+0000] {logging_mixin.py:149} INFO - [2023-07-04T00:27:09.358+0000] {dag.py:3490} INFO - Setting next_dagrun for example_bash_operator to 2023-07-03T00:00:00+00:00, run_after=2023-07-04T00:00:00+00:00
[2023-07-04T00:27:09.406+0000] {processor.py:179} INFO - Processing /home/airflow/.local/lib/python3.7/site-packages/airflow/example_dags/example_bash_operator.py took 0.262 seconds
[2023-07-04T00:27:40.104+0000] {processor.py:157} INFO - Started process (PID=2355) to work on /home/airflow/.local/lib/python3.7/site-packages/airflow/example_dags/example_bash_operator.py
[2023-07-04T00:27:40.106+0000] {processor.py:826} INFO - Processing file /home/airflow/.local/lib/python3.7/site-packages/airflow/example_dags/example_bash_operator.py for tasks to queue
[2023-07-04T00:27:40.107+0000] {logging_mixin.py:149} INFO - [2023-07-04T00:27:40.107+0000] {dagbag.py:541} INFO - Filling up the DagBag from /home/airflow/.local/lib/python3.7/site-packages/airflow/example_dags/example_bash_operator.py
[2023-07-04T00:27:40.136+0000] {processor.py:836} INFO - DAG(s) dict_keys(['example_bash_operator']) retrieved from /home/airflow/.local/lib/python3.7/site-packages/airflow/example_dags/example_bash_operator.py
[2023-07-04T00:27:40.214+0000] {logging_mixin.py:149} INFO - [2023-07-04T00:27:40.214+0000] {dag.py:2726} INFO - Sync 1 DAGs
[2023-07-04T00:27:40.274+0000] {logging_mixin.py:149} INFO - [2023-07-04T00:27:40.273+0000] {dag.py:3490} INFO - Setting next_dagrun for example_bash_operator to 2023-07-03T00:00:00+00:00, run_after=2023-07-04T00:00:00+00:00
[2023-07-04T00:27:40.317+0000] {processor.py:179} INFO - Processing /home/airflow/.local/lib/python3.7/site-packages/airflow/example_dags/example_bash_operator.py took 0.220 seconds
[2023-07-04T00:28:10.771+0000] {processor.py:157} INFO - Started process (PID=2412) to work on /home/airflow/.local/lib/python3.7/site-packages/airflow/example_dags/example_bash_operator.py
[2023-07-04T00:28:10.774+0000] {processor.py:826} INFO - Processing file /home/airflow/.local/lib/python3.7/site-packages/airflow/example_dags/example_bash_operator.py for tasks to queue
[2023-07-04T00:28:10.776+0000] {logging_mixin.py:149} INFO - [2023-07-04T00:28:10.775+0000] {dagbag.py:541} INFO - Filling up the DagBag from /home/airflow/.local/lib/python3.7/site-packages/airflow/example_dags/example_bash_operator.py
[2023-07-04T00:28:10.809+0000] {processor.py:836} INFO - DAG(s) dict_keys(['example_bash_operator']) retrieved from /home/airflow/.local/lib/python3.7/site-packages/airflow/example_dags/example_bash_operator.py
[2023-07-04T00:28:10.874+0000] {logging_mixin.py:149} INFO - [2023-07-04T00:28:10.873+0000] {dag.py:2726} INFO - Sync 1 DAGs
[2023-07-04T00:28:10.925+0000] {logging_mixin.py:149} INFO - [2023-07-04T00:28:10.925+0000] {dag.py:3490} INFO - Setting next_dagrun for example_bash_operator to 2023-07-03T00:00:00+00:00, run_after=2023-07-04T00:00:00+00:00
[2023-07-04T00:28:10.961+0000] {processor.py:179} INFO - Processing /home/airflow/.local/lib/python3.7/site-packages/airflow/example_dags/example_bash_operator.py took 0.198 seconds
[2023-07-04T00:28:41.439+0000] {processor.py:157} INFO - Started process (PID=2469) to work on /home/airflow/.local/lib/python3.7/site-packages/airflow/example_dags/example_bash_operator.py
[2023-07-04T00:28:41.441+0000] {processor.py:826} INFO - Processing file /home/airflow/.local/lib/python3.7/site-packages/airflow/example_dags/example_bash_operator.py for tasks to queue
[2023-07-04T00:28:41.443+0000] {logging_mixin.py:149} INFO - [2023-07-04T00:28:41.443+0000] {dagbag.py:541} INFO - Filling up the DagBag from /home/airflow/.local/lib/python3.7/site-packages/airflow/example_dags/example_bash_operator.py
[2023-07-04T00:28:41.470+0000] {processor.py:836} INFO - DAG(s) dict_keys(['example_bash_operator']) retrieved from /home/airflow/.local/lib/python3.7/site-packages/airflow/example_dags/example_bash_operator.py
[2023-07-04T00:28:41.531+0000] {logging_mixin.py:149} INFO - [2023-07-04T00:28:41.531+0000] {dag.py:2726} INFO - Sync 1 DAGs
[2023-07-04T00:28:41.573+0000] {logging_mixin.py:149} INFO - [2023-07-04T00:28:41.573+0000] {dag.py:3490} INFO - Setting next_dagrun for example_bash_operator to 2023-07-03T00:00:00+00:00, run_after=2023-07-04T00:00:00+00:00
[2023-07-04T00:28:41.606+0000] {processor.py:179} INFO - Processing /home/airflow/.local/lib/python3.7/site-packages/airflow/example_dags/example_bash_operator.py took 0.175 seconds
[2023-07-04T00:29:12.422+0000] {processor.py:157} INFO - Started process (PID=2526) to work on /home/airflow/.local/lib/python3.7/site-packages/airflow/example_dags/example_bash_operator.py
[2023-07-04T00:29:12.424+0000] {processor.py:826} INFO - Processing file /home/airflow/.local/lib/python3.7/site-packages/airflow/example_dags/example_bash_operator.py for tasks to queue
[2023-07-04T00:29:12.426+0000] {logging_mixin.py:149} INFO - [2023-07-04T00:29:12.426+0000] {dagbag.py:541} INFO - Filling up the DagBag from /home/airflow/.local/lib/python3.7/site-packages/airflow/example_dags/example_bash_operator.py
[2023-07-04T00:29:12.466+0000] {processor.py:836} INFO - DAG(s) dict_keys(['example_bash_operator']) retrieved from /home/airflow/.local/lib/python3.7/site-packages/airflow/example_dags/example_bash_operator.py
[2023-07-04T00:29:12.616+0000] {logging_mixin.py:149} INFO - [2023-07-04T00:29:12.616+0000] {dag.py:2726} INFO - Sync 1 DAGs
[2023-07-04T00:29:12.714+0000] {logging_mixin.py:149} INFO - [2023-07-04T00:29:12.713+0000] {dag.py:3490} INFO - Setting next_dagrun for example_bash_operator to 2023-07-03T00:00:00+00:00, run_after=2023-07-04T00:00:00+00:00
[2023-07-04T00:29:12.778+0000] {processor.py:179} INFO - Processing /home/airflow/.local/lib/python3.7/site-packages/airflow/example_dags/example_bash_operator.py took 0.362 seconds
[2023-07-04T00:29:42.914+0000] {processor.py:157} INFO - Started process (PID=2584) to work on /home/airflow/.local/lib/python3.7/site-packages/airflow/example_dags/example_bash_operator.py
[2023-07-04T00:29:42.915+0000] {processor.py:826} INFO - Processing file /home/airflow/.local/lib/python3.7/site-packages/airflow/example_dags/example_bash_operator.py for tasks to queue
[2023-07-04T00:29:42.916+0000] {logging_mixin.py:149} INFO - [2023-07-04T00:29:42.916+0000] {dagbag.py:541} INFO - Filling up the DagBag from /home/airflow/.local/lib/python3.7/site-packages/airflow/example_dags/example_bash_operator.py
[2023-07-04T00:29:42.945+0000] {processor.py:836} INFO - DAG(s) dict_keys(['example_bash_operator']) retrieved from /home/airflow/.local/lib/python3.7/site-packages/airflow/example_dags/example_bash_operator.py
[2023-07-04T00:29:43.012+0000] {logging_mixin.py:149} INFO - [2023-07-04T00:29:43.012+0000] {dag.py:2726} INFO - Sync 1 DAGs
[2023-07-04T00:29:43.058+0000] {logging_mixin.py:149} INFO - [2023-07-04T00:29:43.058+0000] {dag.py:3490} INFO - Setting next_dagrun for example_bash_operator to 2023-07-03T00:00:00+00:00, run_after=2023-07-04T00:00:00+00:00
[2023-07-04T00:29:43.091+0000] {processor.py:179} INFO - Processing /home/airflow/.local/lib/python3.7/site-packages/airflow/example_dags/example_bash_operator.py took 0.181 seconds
[2023-07-04T00:30:13.923+0000] {processor.py:157} INFO - Started process (PID=2640) to work on /home/airflow/.local/lib/python3.7/site-packages/airflow/example_dags/example_bash_operator.py
[2023-07-04T00:30:13.928+0000] {processor.py:826} INFO - Processing file /home/airflow/.local/lib/python3.7/site-packages/airflow/example_dags/example_bash_operator.py for tasks to queue
[2023-07-04T00:30:13.938+0000] {logging_mixin.py:149} INFO - [2023-07-04T00:30:13.936+0000] {dagbag.py:541} INFO - Filling up the DagBag from /home/airflow/.local/lib/python3.7/site-packages/airflow/example_dags/example_bash_operator.py
[2023-07-04T00:30:13.993+0000] {processor.py:836} INFO - DAG(s) dict_keys(['example_bash_operator']) retrieved from /home/airflow/.local/lib/python3.7/site-packages/airflow/example_dags/example_bash_operator.py
[2023-07-04T00:30:14.128+0000] {logging_mixin.py:149} INFO - [2023-07-04T00:30:14.128+0000] {dag.py:2726} INFO - Sync 1 DAGs
[2023-07-04T00:30:14.186+0000] {logging_mixin.py:149} INFO - [2023-07-04T00:30:14.186+0000] {dag.py:3490} INFO - Setting next_dagrun for example_bash_operator to 2023-07-03T00:00:00+00:00, run_after=2023-07-04T00:00:00+00:00
[2023-07-04T00:30:14.227+0000] {processor.py:179} INFO - Processing /home/airflow/.local/lib/python3.7/site-packages/airflow/example_dags/example_bash_operator.py took 0.316 seconds
[2023-07-04T00:30:44.549+0000] {processor.py:157} INFO - Started process (PID=2703) to work on /home/airflow/.local/lib/python3.7/site-packages/airflow/example_dags/example_bash_operator.py
[2023-07-04T00:30:44.552+0000] {processor.py:826} INFO - Processing file /home/airflow/.local/lib/python3.7/site-packages/airflow/example_dags/example_bash_operator.py for tasks to queue
[2023-07-04T00:30:44.555+0000] {logging_mixin.py:149} INFO - [2023-07-04T00:30:44.554+0000] {dagbag.py:541} INFO - Filling up the DagBag from /home/airflow/.local/lib/python3.7/site-packages/airflow/example_dags/example_bash_operator.py
[2023-07-04T00:30:44.593+0000] {processor.py:836} INFO - DAG(s) dict_keys(['example_bash_operator']) retrieved from /home/airflow/.local/lib/python3.7/site-packages/airflow/example_dags/example_bash_operator.py
[2023-07-04T00:30:44.684+0000] {logging_mixin.py:149} INFO - [2023-07-04T00:30:44.684+0000] {dag.py:2726} INFO - Sync 1 DAGs
[2023-07-04T00:30:44.755+0000] {logging_mixin.py:149} INFO - [2023-07-04T00:30:44.755+0000] {dag.py:3490} INFO - Setting next_dagrun for example_bash_operator to 2023-07-03T00:00:00+00:00, run_after=2023-07-04T00:00:00+00:00
[2023-07-04T00:30:44.813+0000] {processor.py:179} INFO - Processing /home/airflow/.local/lib/python3.7/site-packages/airflow/example_dags/example_bash_operator.py took 0.276 seconds
[2023-07-04T00:31:15.799+0000] {processor.py:157} INFO - Started process (PID=2760) to work on /home/airflow/.local/lib/python3.7/site-packages/airflow/example_dags/example_bash_operator.py
[2023-07-04T00:31:15.800+0000] {processor.py:826} INFO - Processing file /home/airflow/.local/lib/python3.7/site-packages/airflow/example_dags/example_bash_operator.py for tasks to queue
[2023-07-04T00:31:15.802+0000] {logging_mixin.py:149} INFO - [2023-07-04T00:31:15.801+0000] {dagbag.py:541} INFO - Filling up the DagBag from /home/airflow/.local/lib/python3.7/site-packages/airflow/example_dags/example_bash_operator.py
[2023-07-04T00:31:15.826+0000] {processor.py:836} INFO - DAG(s) dict_keys(['example_bash_operator']) retrieved from /home/airflow/.local/lib/python3.7/site-packages/airflow/example_dags/example_bash_operator.py
[2023-07-04T00:31:15.889+0000] {logging_mixin.py:149} INFO - [2023-07-04T00:31:15.889+0000] {dag.py:2726} INFO - Sync 1 DAGs
[2023-07-04T00:31:15.950+0000] {logging_mixin.py:149} INFO - [2023-07-04T00:31:15.950+0000] {dag.py:3490} INFO - Setting next_dagrun for example_bash_operator to 2023-07-03T00:00:00+00:00, run_after=2023-07-04T00:00:00+00:00
[2023-07-04T00:31:16.021+0000] {processor.py:179} INFO - Processing /home/airflow/.local/lib/python3.7/site-packages/airflow/example_dags/example_bash_operator.py took 0.227 seconds
[2023-07-04T00:31:46.195+0000] {processor.py:157} INFO - Started process (PID=2817) to work on /home/airflow/.local/lib/python3.7/site-packages/airflow/example_dags/example_bash_operator.py
[2023-07-04T00:31:46.197+0000] {processor.py:826} INFO - Processing file /home/airflow/.local/lib/python3.7/site-packages/airflow/example_dags/example_bash_operator.py for tasks to queue
[2023-07-04T00:31:46.198+0000] {logging_mixin.py:149} INFO - [2023-07-04T00:31:46.198+0000] {dagbag.py:541} INFO - Filling up the DagBag from /home/airflow/.local/lib/python3.7/site-packages/airflow/example_dags/example_bash_operator.py
[2023-07-04T00:31:46.219+0000] {processor.py:836} INFO - DAG(s) dict_keys(['example_bash_operator']) retrieved from /home/airflow/.local/lib/python3.7/site-packages/airflow/example_dags/example_bash_operator.py
[2023-07-04T00:31:46.264+0000] {logging_mixin.py:149} INFO - [2023-07-04T00:31:46.264+0000] {dag.py:2726} INFO - Sync 1 DAGs
[2023-07-04T00:31:46.298+0000] {logging_mixin.py:149} INFO - [2023-07-04T00:31:46.298+0000] {dag.py:3490} INFO - Setting next_dagrun for example_bash_operator to 2023-07-03T00:00:00+00:00, run_after=2023-07-04T00:00:00+00:00
[2023-07-04T00:31:46.325+0000] {processor.py:179} INFO - Processing /home/airflow/.local/lib/python3.7/site-packages/airflow/example_dags/example_bash_operator.py took 0.135 seconds
[2023-07-04T00:32:16.706+0000] {processor.py:157} INFO - Started process (PID=2874) to work on /home/airflow/.local/lib/python3.7/site-packages/airflow/example_dags/example_bash_operator.py
[2023-07-04T00:32:16.708+0000] {processor.py:826} INFO - Processing file /home/airflow/.local/lib/python3.7/site-packages/airflow/example_dags/example_bash_operator.py for tasks to queue
[2023-07-04T00:32:16.710+0000] {logging_mixin.py:149} INFO - [2023-07-04T00:32:16.709+0000] {dagbag.py:541} INFO - Filling up the DagBag from /home/airflow/.local/lib/python3.7/site-packages/airflow/example_dags/example_bash_operator.py
[2023-07-04T00:32:16.735+0000] {processor.py:836} INFO - DAG(s) dict_keys(['example_bash_operator']) retrieved from /home/airflow/.local/lib/python3.7/site-packages/airflow/example_dags/example_bash_operator.py
[2023-07-04T00:32:16.807+0000] {logging_mixin.py:149} INFO - [2023-07-04T00:32:16.807+0000] {dag.py:2726} INFO - Sync 1 DAGs
[2023-07-04T00:32:16.856+0000] {logging_mixin.py:149} INFO - [2023-07-04T00:32:16.856+0000] {dag.py:3490} INFO - Setting next_dagrun for example_bash_operator to 2023-07-03T00:00:00+00:00, run_after=2023-07-04T00:00:00+00:00
[2023-07-04T00:32:16.890+0000] {processor.py:179} INFO - Processing /home/airflow/.local/lib/python3.7/site-packages/airflow/example_dags/example_bash_operator.py took 0.191 seconds
[2023-07-04T00:32:49.106+0000] {processor.py:157} INFO - Started process (PID=2932) to work on /home/airflow/.local/lib/python3.7/site-packages/airflow/example_dags/example_bash_operator.py
[2023-07-04T00:32:49.112+0000] {processor.py:826} INFO - Processing file /home/airflow/.local/lib/python3.7/site-packages/airflow/example_dags/example_bash_operator.py for tasks to queue
[2023-07-04T00:32:49.115+0000] {logging_mixin.py:149} INFO - [2023-07-04T00:32:49.115+0000] {dagbag.py:541} INFO - Filling up the DagBag from /home/airflow/.local/lib/python3.7/site-packages/airflow/example_dags/example_bash_operator.py
[2023-07-04T00:32:49.301+0000] {processor.py:836} INFO - DAG(s) dict_keys(['example_bash_operator']) retrieved from /home/airflow/.local/lib/python3.7/site-packages/airflow/example_dags/example_bash_operator.py
[2023-07-04T00:32:49.577+0000] {logging_mixin.py:149} INFO - [2023-07-04T00:32:49.576+0000] {dag.py:2726} INFO - Sync 1 DAGs
[2023-07-04T00:32:49.699+0000] {logging_mixin.py:149} INFO - [2023-07-04T00:32:49.698+0000] {dag.py:3490} INFO - Setting next_dagrun for example_bash_operator to 2023-07-03T00:00:00+00:00, run_after=2023-07-04T00:00:00+00:00
[2023-07-04T00:32:49.787+0000] {processor.py:179} INFO - Processing /home/airflow/.local/lib/python3.7/site-packages/airflow/example_dags/example_bash_operator.py took 0.705 seconds
[2023-07-04T00:33:19.937+0000] {processor.py:157} INFO - Started process (PID=2989) to work on /home/airflow/.local/lib/python3.7/site-packages/airflow/example_dags/example_bash_operator.py
[2023-07-04T00:33:19.940+0000] {processor.py:826} INFO - Processing file /home/airflow/.local/lib/python3.7/site-packages/airflow/example_dags/example_bash_operator.py for tasks to queue
[2023-07-04T00:33:19.941+0000] {logging_mixin.py:149} INFO - [2023-07-04T00:33:19.941+0000] {dagbag.py:541} INFO - Filling up the DagBag from /home/airflow/.local/lib/python3.7/site-packages/airflow/example_dags/example_bash_operator.py
[2023-07-04T00:33:19.970+0000] {processor.py:836} INFO - DAG(s) dict_keys(['example_bash_operator']) retrieved from /home/airflow/.local/lib/python3.7/site-packages/airflow/example_dags/example_bash_operator.py
[2023-07-04T00:33:20.034+0000] {logging_mixin.py:149} INFO - [2023-07-04T00:33:20.034+0000] {dag.py:2726} INFO - Sync 1 DAGs
[2023-07-04T00:33:20.078+0000] {logging_mixin.py:149} INFO - [2023-07-04T00:33:20.077+0000] {dag.py:3490} INFO - Setting next_dagrun for example_bash_operator to 2023-07-03T00:00:00+00:00, run_after=2023-07-04T00:00:00+00:00
[2023-07-04T00:33:20.103+0000] {processor.py:179} INFO - Processing /home/airflow/.local/lib/python3.7/site-packages/airflow/example_dags/example_bash_operator.py took 0.176 seconds
[2023-07-04T00:33:50.275+0000] {processor.py:157} INFO - Started process (PID=3046) to work on /home/airflow/.local/lib/python3.7/site-packages/airflow/example_dags/example_bash_operator.py
[2023-07-04T00:33:50.278+0000] {processor.py:826} INFO - Processing file /home/airflow/.local/lib/python3.7/site-packages/airflow/example_dags/example_bash_operator.py for tasks to queue
[2023-07-04T00:33:50.281+0000] {logging_mixin.py:149} INFO - [2023-07-04T00:33:50.280+0000] {dagbag.py:541} INFO - Filling up the DagBag from /home/airflow/.local/lib/python3.7/site-packages/airflow/example_dags/example_bash_operator.py
[2023-07-04T00:33:50.309+0000] {processor.py:836} INFO - DAG(s) dict_keys(['example_bash_operator']) retrieved from /home/airflow/.local/lib/python3.7/site-packages/airflow/example_dags/example_bash_operator.py
[2023-07-04T00:33:50.379+0000] {logging_mixin.py:149} INFO - [2023-07-04T00:33:50.379+0000] {dag.py:2726} INFO - Sync 1 DAGs
[2023-07-04T00:33:50.433+0000] {logging_mixin.py:149} INFO - [2023-07-04T00:33:50.433+0000] {dag.py:3490} INFO - Setting next_dagrun for example_bash_operator to 2023-07-03T00:00:00+00:00, run_after=2023-07-04T00:00:00+00:00
[2023-07-04T00:33:50.466+0000] {processor.py:179} INFO - Processing /home/airflow/.local/lib/python3.7/site-packages/airflow/example_dags/example_bash_operator.py took 0.202 seconds
[2023-07-04T00:34:20.641+0000] {processor.py:157} INFO - Started process (PID=3103) to work on /home/airflow/.local/lib/python3.7/site-packages/airflow/example_dags/example_bash_operator.py
[2023-07-04T00:34:20.642+0000] {processor.py:826} INFO - Processing file /home/airflow/.local/lib/python3.7/site-packages/airflow/example_dags/example_bash_operator.py for tasks to queue
[2023-07-04T00:34:20.643+0000] {logging_mixin.py:149} INFO - [2023-07-04T00:34:20.643+0000] {dagbag.py:541} INFO - Filling up the DagBag from /home/airflow/.local/lib/python3.7/site-packages/airflow/example_dags/example_bash_operator.py
[2023-07-04T00:34:20.665+0000] {processor.py:836} INFO - DAG(s) dict_keys(['example_bash_operator']) retrieved from /home/airflow/.local/lib/python3.7/site-packages/airflow/example_dags/example_bash_operator.py
[2023-07-04T00:34:20.740+0000] {logging_mixin.py:149} INFO - [2023-07-04T00:34:20.740+0000] {dag.py:2726} INFO - Sync 1 DAGs
[2023-07-04T00:34:20.786+0000] {logging_mixin.py:149} INFO - [2023-07-04T00:34:20.786+0000] {dag.py:3490} INFO - Setting next_dagrun for example_bash_operator to 2023-07-03T00:00:00+00:00, run_after=2023-07-04T00:00:00+00:00
[2023-07-04T00:34:20.822+0000] {processor.py:179} INFO - Processing /home/airflow/.local/lib/python3.7/site-packages/airflow/example_dags/example_bash_operator.py took 0.185 seconds
[2023-07-04T00:34:50.869+0000] {processor.py:157} INFO - Started process (PID=3160) to work on /home/airflow/.local/lib/python3.7/site-packages/airflow/example_dags/example_bash_operator.py
[2023-07-04T00:34:50.871+0000] {processor.py:826} INFO - Processing file /home/airflow/.local/lib/python3.7/site-packages/airflow/example_dags/example_bash_operator.py for tasks to queue
[2023-07-04T00:34:50.873+0000] {logging_mixin.py:149} INFO - [2023-07-04T00:34:50.873+0000] {dagbag.py:541} INFO - Filling up the DagBag from /home/airflow/.local/lib/python3.7/site-packages/airflow/example_dags/example_bash_operator.py
[2023-07-04T00:34:50.902+0000] {processor.py:836} INFO - DAG(s) dict_keys(['example_bash_operator']) retrieved from /home/airflow/.local/lib/python3.7/site-packages/airflow/example_dags/example_bash_operator.py
[2023-07-04T00:34:50.990+0000] {logging_mixin.py:149} INFO - [2023-07-04T00:34:50.990+0000] {dag.py:2726} INFO - Sync 1 DAGs
[2023-07-04T00:34:51.055+0000] {logging_mixin.py:149} INFO - [2023-07-04T00:34:51.055+0000] {dag.py:3490} INFO - Setting next_dagrun for example_bash_operator to 2023-07-03T00:00:00+00:00, run_after=2023-07-04T00:00:00+00:00
[2023-07-04T00:34:51.092+0000] {processor.py:179} INFO - Processing /home/airflow/.local/lib/python3.7/site-packages/airflow/example_dags/example_bash_operator.py took 0.232 seconds
[2023-07-04T00:35:21.665+0000] {processor.py:157} INFO - Started process (PID=3212) to work on /home/airflow/.local/lib/python3.7/site-packages/airflow/example_dags/example_bash_operator.py
[2023-07-04T00:35:21.667+0000] {processor.py:826} INFO - Processing file /home/airflow/.local/lib/python3.7/site-packages/airflow/example_dags/example_bash_operator.py for tasks to queue
[2023-07-04T00:35:21.669+0000] {logging_mixin.py:149} INFO - [2023-07-04T00:35:21.668+0000] {dagbag.py:541} INFO - Filling up the DagBag from /home/airflow/.local/lib/python3.7/site-packages/airflow/example_dags/example_bash_operator.py
[2023-07-04T00:35:21.708+0000] {processor.py:836} INFO - DAG(s) dict_keys(['example_bash_operator']) retrieved from /home/airflow/.local/lib/python3.7/site-packages/airflow/example_dags/example_bash_operator.py
[2023-07-04T00:35:21.835+0000] {logging_mixin.py:149} INFO - [2023-07-04T00:35:21.834+0000] {dag.py:2726} INFO - Sync 1 DAGs
[2023-07-04T00:35:21.942+0000] {logging_mixin.py:149} INFO - [2023-07-04T00:35:21.942+0000] {dag.py:3490} INFO - Setting next_dagrun for example_bash_operator to 2023-07-03T00:00:00+00:00, run_after=2023-07-04T00:00:00+00:00
[2023-07-04T00:35:22.010+0000] {processor.py:179} INFO - Processing /home/airflow/.local/lib/python3.7/site-packages/airflow/example_dags/example_bash_operator.py took 0.354 seconds
