[2023-07-04T00:07:05.803+0000] {processor.py:157} INFO - Started process (PID=50) to work on /home/airflow/.local/lib/python3.7/site-packages/airflow/example_dags/example_task_group_decorator.py
[2023-07-04T00:07:05.806+0000] {processor.py:826} INFO - Processing file /home/airflow/.local/lib/python3.7/site-packages/airflow/example_dags/example_task_group_decorator.py for tasks to queue
[2023-07-04T00:07:05.808+0000] {logging_mixin.py:149} INFO - [2023-07-04T00:07:05.808+0000] {dagbag.py:541} INFO - Filling up the DagBag from /home/airflow/.local/lib/python3.7/site-packages/airflow/example_dags/example_task_group_decorator.py
[2023-07-04T00:07:05.905+0000] {processor.py:836} INFO - DAG(s) dict_keys(['example_task_group_decorator']) retrieved from /home/airflow/.local/lib/python3.7/site-packages/airflow/example_dags/example_task_group_decorator.py
[2023-07-04T00:07:05.985+0000] {logging_mixin.py:149} INFO - [2023-07-04T00:07:05.984+0000] {dag.py:2726} INFO - Sync 1 DAGs
[2023-07-04T00:07:06.084+0000] {logging_mixin.py:149} INFO - [2023-07-04T00:07:06.084+0000] {dag.py:3490} INFO - Setting next_dagrun for example_task_group_decorator to 2023-07-03T00:07:06.084016+00:00, run_after=2023-07-04T00:07:06.084016+00:00
[2023-07-04T00:07:06.175+0000] {processor.py:179} INFO - Processing /home/airflow/.local/lib/python3.7/site-packages/airflow/example_dags/example_task_group_decorator.py took 0.384 seconds
[2023-07-04T00:07:36.275+0000] {processor.py:157} INFO - Started process (PID=108) to work on /home/airflow/.local/lib/python3.7/site-packages/airflow/example_dags/example_task_group_decorator.py
[2023-07-04T00:07:36.277+0000] {processor.py:826} INFO - Processing file /home/airflow/.local/lib/python3.7/site-packages/airflow/example_dags/example_task_group_decorator.py for tasks to queue
[2023-07-04T00:07:36.279+0000] {logging_mixin.py:149} INFO - [2023-07-04T00:07:36.278+0000] {dagbag.py:541} INFO - Filling up the DagBag from /home/airflow/.local/lib/python3.7/site-packages/airflow/example_dags/example_task_group_decorator.py
[2023-07-04T00:07:36.308+0000] {processor.py:836} INFO - DAG(s) dict_keys(['example_task_group_decorator']) retrieved from /home/airflow/.local/lib/python3.7/site-packages/airflow/example_dags/example_task_group_decorator.py
[2023-07-04T00:07:36.352+0000] {logging_mixin.py:149} INFO - [2023-07-04T00:07:36.352+0000] {dag.py:2726} INFO - Sync 1 DAGs
[2023-07-04T00:07:36.388+0000] {logging_mixin.py:149} INFO - [2023-07-04T00:07:36.388+0000] {dag.py:3490} INFO - Setting next_dagrun for example_task_group_decorator to 2023-07-03T00:07:36.388274+00:00, run_after=2023-07-04T00:07:36.388274+00:00
[2023-07-04T00:07:36.427+0000] {processor.py:179} INFO - Processing /home/airflow/.local/lib/python3.7/site-packages/airflow/example_dags/example_task_group_decorator.py took 0.156 seconds
[2023-07-04T00:08:06.848+0000] {processor.py:157} INFO - Started process (PID=164) to work on /home/airflow/.local/lib/python3.7/site-packages/airflow/example_dags/example_task_group_decorator.py
[2023-07-04T00:08:06.850+0000] {processor.py:826} INFO - Processing file /home/airflow/.local/lib/python3.7/site-packages/airflow/example_dags/example_task_group_decorator.py for tasks to queue
[2023-07-04T00:08:06.851+0000] {logging_mixin.py:149} INFO - [2023-07-04T00:08:06.851+0000] {dagbag.py:541} INFO - Filling up the DagBag from /home/airflow/.local/lib/python3.7/site-packages/airflow/example_dags/example_task_group_decorator.py
[2023-07-04T00:08:06.892+0000] {processor.py:836} INFO - DAG(s) dict_keys(['example_task_group_decorator']) retrieved from /home/airflow/.local/lib/python3.7/site-packages/airflow/example_dags/example_task_group_decorator.py
[2023-07-04T00:08:06.962+0000] {logging_mixin.py:149} INFO - [2023-07-04T00:08:06.961+0000] {dag.py:2726} INFO - Sync 1 DAGs
[2023-07-04T00:08:07.025+0000] {logging_mixin.py:149} INFO - [2023-07-04T00:08:07.025+0000] {dag.py:3490} INFO - Setting next_dagrun for example_task_group_decorator to 2023-07-03T00:08:07.025054+00:00, run_after=2023-07-04T00:08:07.025054+00:00
[2023-07-04T00:08:07.066+0000] {processor.py:179} INFO - Processing /home/airflow/.local/lib/python3.7/site-packages/airflow/example_dags/example_task_group_decorator.py took 0.224 seconds
[2023-07-04T00:08:37.494+0000] {processor.py:157} INFO - Started process (PID=221) to work on /home/airflow/.local/lib/python3.7/site-packages/airflow/example_dags/example_task_group_decorator.py
[2023-07-04T00:08:37.496+0000] {processor.py:826} INFO - Processing file /home/airflow/.local/lib/python3.7/site-packages/airflow/example_dags/example_task_group_decorator.py for tasks to queue
[2023-07-04T00:08:37.497+0000] {logging_mixin.py:149} INFO - [2023-07-04T00:08:37.497+0000] {dagbag.py:541} INFO - Filling up the DagBag from /home/airflow/.local/lib/python3.7/site-packages/airflow/example_dags/example_task_group_decorator.py
[2023-07-04T00:08:37.529+0000] {processor.py:836} INFO - DAG(s) dict_keys(['example_task_group_decorator']) retrieved from /home/airflow/.local/lib/python3.7/site-packages/airflow/example_dags/example_task_group_decorator.py
[2023-07-04T00:08:37.597+0000] {logging_mixin.py:149} INFO - [2023-07-04T00:08:37.596+0000] {dag.py:2726} INFO - Sync 1 DAGs
[2023-07-04T00:08:37.655+0000] {logging_mixin.py:149} INFO - [2023-07-04T00:08:37.655+0000] {dag.py:3490} INFO - Setting next_dagrun for example_task_group_decorator to 2023-07-03T00:08:37.654613+00:00, run_after=2023-07-04T00:08:37.654613+00:00
[2023-07-04T00:08:37.705+0000] {processor.py:179} INFO - Processing /home/airflow/.local/lib/python3.7/site-packages/airflow/example_dags/example_task_group_decorator.py took 0.219 seconds
[2023-07-04T00:09:08.167+0000] {processor.py:157} INFO - Started process (PID=278) to work on /home/airflow/.local/lib/python3.7/site-packages/airflow/example_dags/example_task_group_decorator.py
[2023-07-04T00:09:08.168+0000] {processor.py:826} INFO - Processing file /home/airflow/.local/lib/python3.7/site-packages/airflow/example_dags/example_task_group_decorator.py for tasks to queue
[2023-07-04T00:09:08.170+0000] {logging_mixin.py:149} INFO - [2023-07-04T00:09:08.170+0000] {dagbag.py:541} INFO - Filling up the DagBag from /home/airflow/.local/lib/python3.7/site-packages/airflow/example_dags/example_task_group_decorator.py
[2023-07-04T00:09:08.199+0000] {processor.py:836} INFO - DAG(s) dict_keys(['example_task_group_decorator']) retrieved from /home/airflow/.local/lib/python3.7/site-packages/airflow/example_dags/example_task_group_decorator.py
[2023-07-04T00:09:08.260+0000] {logging_mixin.py:149} INFO - [2023-07-04T00:09:08.260+0000] {dag.py:2726} INFO - Sync 1 DAGs
[2023-07-04T00:09:08.309+0000] {logging_mixin.py:149} INFO - [2023-07-04T00:09:08.308+0000] {dag.py:3490} INFO - Setting next_dagrun for example_task_group_decorator to 2023-07-03T00:09:08.308517+00:00, run_after=2023-07-04T00:09:08.308517+00:00
[2023-07-04T00:09:08.345+0000] {processor.py:179} INFO - Processing /home/airflow/.local/lib/python3.7/site-packages/airflow/example_dags/example_task_group_decorator.py took 0.184 seconds
[2023-07-04T00:09:38.716+0000] {processor.py:157} INFO - Started process (PID=335) to work on /home/airflow/.local/lib/python3.7/site-packages/airflow/example_dags/example_task_group_decorator.py
[2023-07-04T00:09:38.717+0000] {processor.py:826} INFO - Processing file /home/airflow/.local/lib/python3.7/site-packages/airflow/example_dags/example_task_group_decorator.py for tasks to queue
[2023-07-04T00:09:38.719+0000] {logging_mixin.py:149} INFO - [2023-07-04T00:09:38.719+0000] {dagbag.py:541} INFO - Filling up the DagBag from /home/airflow/.local/lib/python3.7/site-packages/airflow/example_dags/example_task_group_decorator.py
[2023-07-04T00:09:38.747+0000] {processor.py:836} INFO - DAG(s) dict_keys(['example_task_group_decorator']) retrieved from /home/airflow/.local/lib/python3.7/site-packages/airflow/example_dags/example_task_group_decorator.py
[2023-07-04T00:09:38.794+0000] {logging_mixin.py:149} INFO - [2023-07-04T00:09:38.794+0000] {dag.py:2726} INFO - Sync 1 DAGs
[2023-07-04T00:09:38.837+0000] {logging_mixin.py:149} INFO - [2023-07-04T00:09:38.837+0000] {dag.py:3490} INFO - Setting next_dagrun for example_task_group_decorator to 2023-07-03T00:09:38.836590+00:00, run_after=2023-07-04T00:09:38.836590+00:00
[2023-07-04T00:09:38.870+0000] {processor.py:179} INFO - Processing /home/airflow/.local/lib/python3.7/site-packages/airflow/example_dags/example_task_group_decorator.py took 0.161 seconds
[2023-07-04T00:10:09.543+0000] {processor.py:157} INFO - Started process (PID=398) to work on /home/airflow/.local/lib/python3.7/site-packages/airflow/example_dags/example_task_group_decorator.py
[2023-07-04T00:10:09.545+0000] {processor.py:826} INFO - Processing file /home/airflow/.local/lib/python3.7/site-packages/airflow/example_dags/example_task_group_decorator.py for tasks to queue
[2023-07-04T00:10:09.546+0000] {logging_mixin.py:149} INFO - [2023-07-04T00:10:09.546+0000] {dagbag.py:541} INFO - Filling up the DagBag from /home/airflow/.local/lib/python3.7/site-packages/airflow/example_dags/example_task_group_decorator.py
[2023-07-04T00:10:09.580+0000] {processor.py:836} INFO - DAG(s) dict_keys(['example_task_group_decorator']) retrieved from /home/airflow/.local/lib/python3.7/site-packages/airflow/example_dags/example_task_group_decorator.py
[2023-07-04T00:10:09.650+0000] {logging_mixin.py:149} INFO - [2023-07-04T00:10:09.650+0000] {dag.py:2726} INFO - Sync 1 DAGs
[2023-07-04T00:10:09.712+0000] {logging_mixin.py:149} INFO - [2023-07-04T00:10:09.712+0000] {dag.py:3490} INFO - Setting next_dagrun for example_task_group_decorator to 2023-07-03T00:10:09.712148+00:00, run_after=2023-07-04T00:10:09.712148+00:00
[2023-07-04T00:10:09.753+0000] {processor.py:179} INFO - Processing /home/airflow/.local/lib/python3.7/site-packages/airflow/example_dags/example_task_group_decorator.py took 0.220 seconds
[2023-07-04T00:10:40.809+0000] {processor.py:157} INFO - Started process (PID=455) to work on /home/airflow/.local/lib/python3.7/site-packages/airflow/example_dags/example_task_group_decorator.py
[2023-07-04T00:10:40.811+0000] {processor.py:826} INFO - Processing file /home/airflow/.local/lib/python3.7/site-packages/airflow/example_dags/example_task_group_decorator.py for tasks to queue
[2023-07-04T00:10:40.814+0000] {logging_mixin.py:149} INFO - [2023-07-04T00:10:40.813+0000] {dagbag.py:541} INFO - Filling up the DagBag from /home/airflow/.local/lib/python3.7/site-packages/airflow/example_dags/example_task_group_decorator.py
[2023-07-04T00:10:40.849+0000] {processor.py:836} INFO - DAG(s) dict_keys(['example_task_group_decorator']) retrieved from /home/airflow/.local/lib/python3.7/site-packages/airflow/example_dags/example_task_group_decorator.py
[2023-07-04T00:10:40.925+0000] {logging_mixin.py:149} INFO - [2023-07-04T00:10:40.925+0000] {dag.py:2726} INFO - Sync 1 DAGs
[2023-07-04T00:10:40.999+0000] {logging_mixin.py:149} INFO - [2023-07-04T00:10:40.999+0000] {dag.py:3490} INFO - Setting next_dagrun for example_task_group_decorator to 2023-07-03T00:10:40.998686+00:00, run_after=2023-07-04T00:10:40.998686+00:00
[2023-07-04T00:10:41.042+0000] {processor.py:179} INFO - Processing /home/airflow/.local/lib/python3.7/site-packages/airflow/example_dags/example_task_group_decorator.py took 0.240 seconds
[2023-07-04T00:11:11.858+0000] {processor.py:157} INFO - Started process (PID=512) to work on /home/airflow/.local/lib/python3.7/site-packages/airflow/example_dags/example_task_group_decorator.py
[2023-07-04T00:11:11.859+0000] {processor.py:826} INFO - Processing file /home/airflow/.local/lib/python3.7/site-packages/airflow/example_dags/example_task_group_decorator.py for tasks to queue
[2023-07-04T00:11:11.861+0000] {logging_mixin.py:149} INFO - [2023-07-04T00:11:11.861+0000] {dagbag.py:541} INFO - Filling up the DagBag from /home/airflow/.local/lib/python3.7/site-packages/airflow/example_dags/example_task_group_decorator.py
[2023-07-04T00:11:11.906+0000] {processor.py:836} INFO - DAG(s) dict_keys(['example_task_group_decorator']) retrieved from /home/airflow/.local/lib/python3.7/site-packages/airflow/example_dags/example_task_group_decorator.py
[2023-07-04T00:11:11.996+0000] {logging_mixin.py:149} INFO - [2023-07-04T00:11:11.996+0000] {dag.py:2726} INFO - Sync 1 DAGs
[2023-07-04T00:11:12.079+0000] {logging_mixin.py:149} INFO - [2023-07-04T00:11:12.079+0000] {dag.py:3490} INFO - Setting next_dagrun for example_task_group_decorator to 2023-07-03T00:11:12.078786+00:00, run_after=2023-07-04T00:11:12.078786+00:00
[2023-07-04T00:11:12.165+0000] {processor.py:179} INFO - Processing /home/airflow/.local/lib/python3.7/site-packages/airflow/example_dags/example_task_group_decorator.py took 0.317 seconds
[2023-07-04T00:11:42.568+0000] {processor.py:157} INFO - Started process (PID=569) to work on /home/airflow/.local/lib/python3.7/site-packages/airflow/example_dags/example_task_group_decorator.py
[2023-07-04T00:11:42.570+0000] {processor.py:826} INFO - Processing file /home/airflow/.local/lib/python3.7/site-packages/airflow/example_dags/example_task_group_decorator.py for tasks to queue
[2023-07-04T00:11:42.571+0000] {logging_mixin.py:149} INFO - [2023-07-04T00:11:42.571+0000] {dagbag.py:541} INFO - Filling up the DagBag from /home/airflow/.local/lib/python3.7/site-packages/airflow/example_dags/example_task_group_decorator.py
[2023-07-04T00:11:42.608+0000] {processor.py:836} INFO - DAG(s) dict_keys(['example_task_group_decorator']) retrieved from /home/airflow/.local/lib/python3.7/site-packages/airflow/example_dags/example_task_group_decorator.py
[2023-07-04T00:11:42.675+0000] {logging_mixin.py:149} INFO - [2023-07-04T00:11:42.674+0000] {dag.py:2726} INFO - Sync 1 DAGs
[2023-07-04T00:11:42.759+0000] {logging_mixin.py:149} INFO - [2023-07-04T00:11:42.759+0000] {dag.py:3490} INFO - Setting next_dagrun for example_task_group_decorator to 2023-07-03T00:11:42.758729+00:00, run_after=2023-07-04T00:11:42.758729+00:00
[2023-07-04T00:11:42.811+0000] {processor.py:179} INFO - Processing /home/airflow/.local/lib/python3.7/site-packages/airflow/example_dags/example_task_group_decorator.py took 0.256 seconds
[2023-07-04T00:12:13.808+0000] {processor.py:157} INFO - Started process (PID=626) to work on /home/airflow/.local/lib/python3.7/site-packages/airflow/example_dags/example_task_group_decorator.py
[2023-07-04T00:12:13.810+0000] {processor.py:826} INFO - Processing file /home/airflow/.local/lib/python3.7/site-packages/airflow/example_dags/example_task_group_decorator.py for tasks to queue
[2023-07-04T00:12:13.812+0000] {logging_mixin.py:149} INFO - [2023-07-04T00:12:13.811+0000] {dagbag.py:541} INFO - Filling up the DagBag from /home/airflow/.local/lib/python3.7/site-packages/airflow/example_dags/example_task_group_decorator.py
[2023-07-04T00:12:13.867+0000] {processor.py:836} INFO - DAG(s) dict_keys(['example_task_group_decorator']) retrieved from /home/airflow/.local/lib/python3.7/site-packages/airflow/example_dags/example_task_group_decorator.py
[2023-07-04T00:12:13.969+0000] {logging_mixin.py:149} INFO - [2023-07-04T00:12:13.969+0000] {dag.py:2726} INFO - Sync 1 DAGs
[2023-07-04T00:12:14.041+0000] {logging_mixin.py:149} INFO - [2023-07-04T00:12:14.041+0000] {dag.py:3490} INFO - Setting next_dagrun for example_task_group_decorator to 2023-07-03T00:12:14.040812+00:00, run_after=2023-07-04T00:12:14.040812+00:00
[2023-07-04T00:12:14.094+0000] {processor.py:179} INFO - Processing /home/airflow/.local/lib/python3.7/site-packages/airflow/example_dags/example_task_group_decorator.py took 0.294 seconds
[2023-07-04T00:12:44.309+0000] {processor.py:157} INFO - Started process (PID=683) to work on /home/airflow/.local/lib/python3.7/site-packages/airflow/example_dags/example_task_group_decorator.py
[2023-07-04T00:12:44.310+0000] {processor.py:826} INFO - Processing file /home/airflow/.local/lib/python3.7/site-packages/airflow/example_dags/example_task_group_decorator.py for tasks to queue
[2023-07-04T00:12:44.312+0000] {logging_mixin.py:149} INFO - [2023-07-04T00:12:44.312+0000] {dagbag.py:541} INFO - Filling up the DagBag from /home/airflow/.local/lib/python3.7/site-packages/airflow/example_dags/example_task_group_decorator.py
[2023-07-04T00:12:44.357+0000] {processor.py:836} INFO - DAG(s) dict_keys(['example_task_group_decorator']) retrieved from /home/airflow/.local/lib/python3.7/site-packages/airflow/example_dags/example_task_group_decorator.py
[2023-07-04T00:12:44.414+0000] {logging_mixin.py:149} INFO - [2023-07-04T00:12:44.414+0000] {dag.py:2726} INFO - Sync 1 DAGs
[2023-07-04T00:12:44.481+0000] {logging_mixin.py:149} INFO - [2023-07-04T00:12:44.480+0000] {dag.py:3490} INFO - Setting next_dagrun for example_task_group_decorator to 2023-07-03T00:12:44.479458+00:00, run_after=2023-07-04T00:12:44.479458+00:00
[2023-07-04T00:12:44.525+0000] {processor.py:179} INFO - Processing /home/airflow/.local/lib/python3.7/site-packages/airflow/example_dags/example_task_group_decorator.py took 0.225 seconds
[2023-07-04T00:13:14.767+0000] {processor.py:157} INFO - Started process (PID=739) to work on /home/airflow/.local/lib/python3.7/site-packages/airflow/example_dags/example_task_group_decorator.py
[2023-07-04T00:13:14.769+0000] {processor.py:826} INFO - Processing file /home/airflow/.local/lib/python3.7/site-packages/airflow/example_dags/example_task_group_decorator.py for tasks to queue
[2023-07-04T00:13:14.772+0000] {logging_mixin.py:149} INFO - [2023-07-04T00:13:14.772+0000] {dagbag.py:541} INFO - Filling up the DagBag from /home/airflow/.local/lib/python3.7/site-packages/airflow/example_dags/example_task_group_decorator.py
[2023-07-04T00:13:14.809+0000] {processor.py:836} INFO - DAG(s) dict_keys(['example_task_group_decorator']) retrieved from /home/airflow/.local/lib/python3.7/site-packages/airflow/example_dags/example_task_group_decorator.py
[2023-07-04T00:13:14.871+0000] {logging_mixin.py:149} INFO - [2023-07-04T00:13:14.871+0000] {dag.py:2726} INFO - Sync 1 DAGs
[2023-07-04T00:13:14.917+0000] {logging_mixin.py:149} INFO - [2023-07-04T00:13:14.917+0000] {dag.py:3490} INFO - Setting next_dagrun for example_task_group_decorator to 2023-07-03T00:13:14.916775+00:00, run_after=2023-07-04T00:13:14.916775+00:00
[2023-07-04T00:13:14.952+0000] {processor.py:179} INFO - Processing /home/airflow/.local/lib/python3.7/site-packages/airflow/example_dags/example_task_group_decorator.py took 0.189 seconds
[2023-07-04T00:13:45.072+0000] {processor.py:157} INFO - Started process (PID=797) to work on /home/airflow/.local/lib/python3.7/site-packages/airflow/example_dags/example_task_group_decorator.py
[2023-07-04T00:13:45.074+0000] {processor.py:826} INFO - Processing file /home/airflow/.local/lib/python3.7/site-packages/airflow/example_dags/example_task_group_decorator.py for tasks to queue
[2023-07-04T00:13:45.075+0000] {logging_mixin.py:149} INFO - [2023-07-04T00:13:45.075+0000] {dagbag.py:541} INFO - Filling up the DagBag from /home/airflow/.local/lib/python3.7/site-packages/airflow/example_dags/example_task_group_decorator.py
[2023-07-04T00:13:45.109+0000] {processor.py:836} INFO - DAG(s) dict_keys(['example_task_group_decorator']) retrieved from /home/airflow/.local/lib/python3.7/site-packages/airflow/example_dags/example_task_group_decorator.py
[2023-07-04T00:13:45.170+0000] {logging_mixin.py:149} INFO - [2023-07-04T00:13:45.170+0000] {dag.py:2726} INFO - Sync 1 DAGs
[2023-07-04T00:13:45.249+0000] {logging_mixin.py:149} INFO - [2023-07-04T00:13:45.249+0000] {dag.py:3490} INFO - Setting next_dagrun for example_task_group_decorator to 2023-07-03T00:13:45.248694+00:00, run_after=2023-07-04T00:13:45.248694+00:00
[2023-07-04T00:13:45.302+0000] {processor.py:179} INFO - Processing /home/airflow/.local/lib/python3.7/site-packages/airflow/example_dags/example_task_group_decorator.py took 0.238 seconds
[2023-07-04T00:14:15.874+0000] {processor.py:157} INFO - Started process (PID=853) to work on /home/airflow/.local/lib/python3.7/site-packages/airflow/example_dags/example_task_group_decorator.py
[2023-07-04T00:14:15.875+0000] {processor.py:826} INFO - Processing file /home/airflow/.local/lib/python3.7/site-packages/airflow/example_dags/example_task_group_decorator.py for tasks to queue
[2023-07-04T00:14:15.876+0000] {logging_mixin.py:149} INFO - [2023-07-04T00:14:15.876+0000] {dagbag.py:541} INFO - Filling up the DagBag from /home/airflow/.local/lib/python3.7/site-packages/airflow/example_dags/example_task_group_decorator.py
[2023-07-04T00:14:15.907+0000] {processor.py:836} INFO - DAG(s) dict_keys(['example_task_group_decorator']) retrieved from /home/airflow/.local/lib/python3.7/site-packages/airflow/example_dags/example_task_group_decorator.py
[2023-07-04T00:14:15.958+0000] {logging_mixin.py:149} INFO - [2023-07-04T00:14:15.958+0000] {dag.py:2726} INFO - Sync 1 DAGs
[2023-07-04T00:14:16.024+0000] {logging_mixin.py:149} INFO - [2023-07-04T00:14:16.024+0000] {dag.py:3490} INFO - Setting next_dagrun for example_task_group_decorator to 2023-07-03T00:14:16.024340+00:00, run_after=2023-07-04T00:14:16.024340+00:00
[2023-07-04T00:14:16.070+0000] {processor.py:179} INFO - Processing /home/airflow/.local/lib/python3.7/site-packages/airflow/example_dags/example_task_group_decorator.py took 0.203 seconds
[2023-07-04T00:14:46.284+0000] {processor.py:157} INFO - Started process (PID=910) to work on /home/airflow/.local/lib/python3.7/site-packages/airflow/example_dags/example_task_group_decorator.py
[2023-07-04T00:14:46.285+0000] {processor.py:826} INFO - Processing file /home/airflow/.local/lib/python3.7/site-packages/airflow/example_dags/example_task_group_decorator.py for tasks to queue
[2023-07-04T00:14:46.287+0000] {logging_mixin.py:149} INFO - [2023-07-04T00:14:46.287+0000] {dagbag.py:541} INFO - Filling up the DagBag from /home/airflow/.local/lib/python3.7/site-packages/airflow/example_dags/example_task_group_decorator.py
[2023-07-04T00:14:46.313+0000] {processor.py:836} INFO - DAG(s) dict_keys(['example_task_group_decorator']) retrieved from /home/airflow/.local/lib/python3.7/site-packages/airflow/example_dags/example_task_group_decorator.py
[2023-07-04T00:14:46.358+0000] {logging_mixin.py:149} INFO - [2023-07-04T00:14:46.358+0000] {dag.py:2726} INFO - Sync 1 DAGs
[2023-07-04T00:14:46.401+0000] {logging_mixin.py:149} INFO - [2023-07-04T00:14:46.401+0000] {dag.py:3490} INFO - Setting next_dagrun for example_task_group_decorator to 2023-07-03T00:14:46.400740+00:00, run_after=2023-07-04T00:14:46.400740+00:00
[2023-07-04T00:14:46.436+0000] {processor.py:179} INFO - Processing /home/airflow/.local/lib/python3.7/site-packages/airflow/example_dags/example_task_group_decorator.py took 0.161 seconds
[2023-07-04T00:15:17.205+0000] {processor.py:157} INFO - Started process (PID=967) to work on /home/airflow/.local/lib/python3.7/site-packages/airflow/example_dags/example_task_group_decorator.py
[2023-07-04T00:15:17.206+0000] {processor.py:826} INFO - Processing file /home/airflow/.local/lib/python3.7/site-packages/airflow/example_dags/example_task_group_decorator.py for tasks to queue
[2023-07-04T00:15:17.208+0000] {logging_mixin.py:149} INFO - [2023-07-04T00:15:17.208+0000] {dagbag.py:541} INFO - Filling up the DagBag from /home/airflow/.local/lib/python3.7/site-packages/airflow/example_dags/example_task_group_decorator.py
[2023-07-04T00:15:17.241+0000] {processor.py:836} INFO - DAG(s) dict_keys(['example_task_group_decorator']) retrieved from /home/airflow/.local/lib/python3.7/site-packages/airflow/example_dags/example_task_group_decorator.py
[2023-07-04T00:15:17.309+0000] {logging_mixin.py:149} INFO - [2023-07-04T00:15:17.308+0000] {dag.py:2726} INFO - Sync 1 DAGs
[2023-07-04T00:15:17.367+0000] {logging_mixin.py:149} INFO - [2023-07-04T00:15:17.367+0000] {dag.py:3490} INFO - Setting next_dagrun for example_task_group_decorator to 2023-07-03T00:15:17.366549+00:00, run_after=2023-07-04T00:15:17.366549+00:00
[2023-07-04T00:15:17.409+0000] {processor.py:179} INFO - Processing /home/airflow/.local/lib/python3.7/site-packages/airflow/example_dags/example_task_group_decorator.py took 0.211 seconds
[2023-07-04T00:15:48.043+0000] {processor.py:157} INFO - Started process (PID=1025) to work on /home/airflow/.local/lib/python3.7/site-packages/airflow/example_dags/example_task_group_decorator.py
[2023-07-04T00:15:48.045+0000] {processor.py:826} INFO - Processing file /home/airflow/.local/lib/python3.7/site-packages/airflow/example_dags/example_task_group_decorator.py for tasks to queue
[2023-07-04T00:15:48.046+0000] {logging_mixin.py:149} INFO - [2023-07-04T00:15:48.046+0000] {dagbag.py:541} INFO - Filling up the DagBag from /home/airflow/.local/lib/python3.7/site-packages/airflow/example_dags/example_task_group_decorator.py
[2023-07-04T00:15:48.076+0000] {processor.py:836} INFO - DAG(s) dict_keys(['example_task_group_decorator']) retrieved from /home/airflow/.local/lib/python3.7/site-packages/airflow/example_dags/example_task_group_decorator.py
[2023-07-04T00:15:48.155+0000] {logging_mixin.py:149} INFO - [2023-07-04T00:15:48.154+0000] {dag.py:2726} INFO - Sync 1 DAGs
[2023-07-04T00:15:48.208+0000] {logging_mixin.py:149} INFO - [2023-07-04T00:15:48.208+0000] {dag.py:3490} INFO - Setting next_dagrun for example_task_group_decorator to 2023-07-03T00:15:48.207910+00:00, run_after=2023-07-04T00:15:48.207910+00:00
[2023-07-04T00:15:48.250+0000] {processor.py:179} INFO - Processing /home/airflow/.local/lib/python3.7/site-packages/airflow/example_dags/example_task_group_decorator.py took 0.215 seconds
[2023-07-04T00:16:18.404+0000] {processor.py:157} INFO - Started process (PID=1082) to work on /home/airflow/.local/lib/python3.7/site-packages/airflow/example_dags/example_task_group_decorator.py
[2023-07-04T00:16:18.406+0000] {processor.py:826} INFO - Processing file /home/airflow/.local/lib/python3.7/site-packages/airflow/example_dags/example_task_group_decorator.py for tasks to queue
[2023-07-04T00:16:18.408+0000] {logging_mixin.py:149} INFO - [2023-07-04T00:16:18.407+0000] {dagbag.py:541} INFO - Filling up the DagBag from /home/airflow/.local/lib/python3.7/site-packages/airflow/example_dags/example_task_group_decorator.py
[2023-07-04T00:16:18.460+0000] {processor.py:836} INFO - DAG(s) dict_keys(['example_task_group_decorator']) retrieved from /home/airflow/.local/lib/python3.7/site-packages/airflow/example_dags/example_task_group_decorator.py
[2023-07-04T00:16:18.548+0000] {logging_mixin.py:149} INFO - [2023-07-04T00:16:18.547+0000] {dag.py:2726} INFO - Sync 1 DAGs
[2023-07-04T00:16:18.637+0000] {logging_mixin.py:149} INFO - [2023-07-04T00:16:18.636+0000] {dag.py:3490} INFO - Setting next_dagrun for example_task_group_decorator to 2023-07-03T00:16:18.636017+00:00, run_after=2023-07-04T00:16:18.636017+00:00
[2023-07-04T00:16:18.689+0000] {processor.py:179} INFO - Processing /home/airflow/.local/lib/python3.7/site-packages/airflow/example_dags/example_task_group_decorator.py took 0.295 seconds
[2023-07-04T00:16:49.019+0000] {processor.py:157} INFO - Started process (PID=1139) to work on /home/airflow/.local/lib/python3.7/site-packages/airflow/example_dags/example_task_group_decorator.py
[2023-07-04T00:16:49.020+0000] {processor.py:826} INFO - Processing file /home/airflow/.local/lib/python3.7/site-packages/airflow/example_dags/example_task_group_decorator.py for tasks to queue
[2023-07-04T00:16:49.021+0000] {logging_mixin.py:149} INFO - [2023-07-04T00:16:49.021+0000] {dagbag.py:541} INFO - Filling up the DagBag from /home/airflow/.local/lib/python3.7/site-packages/airflow/example_dags/example_task_group_decorator.py
[2023-07-04T00:16:49.045+0000] {processor.py:836} INFO - DAG(s) dict_keys(['example_task_group_decorator']) retrieved from /home/airflow/.local/lib/python3.7/site-packages/airflow/example_dags/example_task_group_decorator.py
[2023-07-04T00:16:49.093+0000] {logging_mixin.py:149} INFO - [2023-07-04T00:16:49.093+0000] {dag.py:2726} INFO - Sync 1 DAGs
[2023-07-04T00:16:49.140+0000] {logging_mixin.py:149} INFO - [2023-07-04T00:16:49.139+0000] {dag.py:3490} INFO - Setting next_dagrun for example_task_group_decorator to 2023-07-03T00:16:49.139491+00:00, run_after=2023-07-04T00:16:49.139491+00:00
[2023-07-04T00:16:49.175+0000] {processor.py:179} INFO - Processing /home/airflow/.local/lib/python3.7/site-packages/airflow/example_dags/example_task_group_decorator.py took 0.162 seconds
[2023-07-04T00:17:19.958+0000] {processor.py:157} INFO - Started process (PID=1196) to work on /home/airflow/.local/lib/python3.7/site-packages/airflow/example_dags/example_task_group_decorator.py
[2023-07-04T00:17:19.959+0000] {processor.py:826} INFO - Processing file /home/airflow/.local/lib/python3.7/site-packages/airflow/example_dags/example_task_group_decorator.py for tasks to queue
[2023-07-04T00:17:19.962+0000] {logging_mixin.py:149} INFO - [2023-07-04T00:17:19.961+0000] {dagbag.py:541} INFO - Filling up the DagBag from /home/airflow/.local/lib/python3.7/site-packages/airflow/example_dags/example_task_group_decorator.py
[2023-07-04T00:17:19.991+0000] {processor.py:836} INFO - DAG(s) dict_keys(['example_task_group_decorator']) retrieved from /home/airflow/.local/lib/python3.7/site-packages/airflow/example_dags/example_task_group_decorator.py
[2023-07-04T00:17:20.049+0000] {logging_mixin.py:149} INFO - [2023-07-04T00:17:20.048+0000] {dag.py:2726} INFO - Sync 1 DAGs
[2023-07-04T00:17:20.116+0000] {logging_mixin.py:149} INFO - [2023-07-04T00:17:20.116+0000] {dag.py:3490} INFO - Setting next_dagrun for example_task_group_decorator to 2023-07-03T00:17:20.115585+00:00, run_after=2023-07-04T00:17:20.115585+00:00
[2023-07-04T00:17:20.166+0000] {processor.py:179} INFO - Processing /home/airflow/.local/lib/python3.7/site-packages/airflow/example_dags/example_task_group_decorator.py took 0.214 seconds
[2023-07-04T00:17:50.318+0000] {processor.py:157} INFO - Started process (PID=1253) to work on /home/airflow/.local/lib/python3.7/site-packages/airflow/example_dags/example_task_group_decorator.py
[2023-07-04T00:17:50.319+0000] {processor.py:826} INFO - Processing file /home/airflow/.local/lib/python3.7/site-packages/airflow/example_dags/example_task_group_decorator.py for tasks to queue
[2023-07-04T00:17:50.321+0000] {logging_mixin.py:149} INFO - [2023-07-04T00:17:50.320+0000] {dagbag.py:541} INFO - Filling up the DagBag from /home/airflow/.local/lib/python3.7/site-packages/airflow/example_dags/example_task_group_decorator.py
[2023-07-04T00:17:50.354+0000] {processor.py:836} INFO - DAG(s) dict_keys(['example_task_group_decorator']) retrieved from /home/airflow/.local/lib/python3.7/site-packages/airflow/example_dags/example_task_group_decorator.py
[2023-07-04T00:17:50.413+0000] {logging_mixin.py:149} INFO - [2023-07-04T00:17:50.413+0000] {dag.py:2726} INFO - Sync 1 DAGs
[2023-07-04T00:17:50.481+0000] {logging_mixin.py:149} INFO - [2023-07-04T00:17:50.481+0000] {dag.py:3490} INFO - Setting next_dagrun for example_task_group_decorator to 2023-07-03T00:17:50.480364+00:00, run_after=2023-07-04T00:17:50.480364+00:00
[2023-07-04T00:17:50.538+0000] {processor.py:179} INFO - Processing /home/airflow/.local/lib/python3.7/site-packages/airflow/example_dags/example_task_group_decorator.py took 0.227 seconds
[2023-07-04T00:18:20.581+0000] {processor.py:157} INFO - Started process (PID=1309) to work on /home/airflow/.local/lib/python3.7/site-packages/airflow/example_dags/example_task_group_decorator.py
[2023-07-04T00:18:20.583+0000] {processor.py:826} INFO - Processing file /home/airflow/.local/lib/python3.7/site-packages/airflow/example_dags/example_task_group_decorator.py for tasks to queue
[2023-07-04T00:18:20.584+0000] {logging_mixin.py:149} INFO - [2023-07-04T00:18:20.584+0000] {dagbag.py:541} INFO - Filling up the DagBag from /home/airflow/.local/lib/python3.7/site-packages/airflow/example_dags/example_task_group_decorator.py
[2023-07-04T00:18:20.605+0000] {processor.py:836} INFO - DAG(s) dict_keys(['example_task_group_decorator']) retrieved from /home/airflow/.local/lib/python3.7/site-packages/airflow/example_dags/example_task_group_decorator.py
[2023-07-04T00:18:20.642+0000] {logging_mixin.py:149} INFO - [2023-07-04T00:18:20.642+0000] {dag.py:2726} INFO - Sync 1 DAGs
[2023-07-04T00:18:20.678+0000] {logging_mixin.py:149} INFO - [2023-07-04T00:18:20.678+0000] {dag.py:3490} INFO - Setting next_dagrun for example_task_group_decorator to 2023-07-03T00:18:20.678194+00:00, run_after=2023-07-04T00:18:20.678194+00:00
[2023-07-04T00:18:20.710+0000] {processor.py:179} INFO - Processing /home/airflow/.local/lib/python3.7/site-packages/airflow/example_dags/example_task_group_decorator.py took 0.133 seconds
[2023-07-04T00:18:51.295+0000] {processor.py:157} INFO - Started process (PID=1366) to work on /home/airflow/.local/lib/python3.7/site-packages/airflow/example_dags/example_task_group_decorator.py
[2023-07-04T00:18:51.297+0000] {processor.py:826} INFO - Processing file /home/airflow/.local/lib/python3.7/site-packages/airflow/example_dags/example_task_group_decorator.py for tasks to queue
[2023-07-04T00:18:51.299+0000] {logging_mixin.py:149} INFO - [2023-07-04T00:18:51.298+0000] {dagbag.py:541} INFO - Filling up the DagBag from /home/airflow/.local/lib/python3.7/site-packages/airflow/example_dags/example_task_group_decorator.py
[2023-07-04T00:18:51.337+0000] {processor.py:836} INFO - DAG(s) dict_keys(['example_task_group_decorator']) retrieved from /home/airflow/.local/lib/python3.7/site-packages/airflow/example_dags/example_task_group_decorator.py
[2023-07-04T00:18:51.397+0000] {logging_mixin.py:149} INFO - [2023-07-04T00:18:51.397+0000] {dag.py:2726} INFO - Sync 1 DAGs
[2023-07-04T00:18:51.448+0000] {logging_mixin.py:149} INFO - [2023-07-04T00:18:51.448+0000] {dag.py:3490} INFO - Setting next_dagrun for example_task_group_decorator to 2023-07-03T00:18:51.447786+00:00, run_after=2023-07-04T00:18:51.447786+00:00
[2023-07-04T00:18:51.509+0000] {processor.py:179} INFO - Processing /home/airflow/.local/lib/python3.7/site-packages/airflow/example_dags/example_task_group_decorator.py took 0.221 seconds
[2023-07-04T00:19:21.755+0000] {processor.py:157} INFO - Started process (PID=1424) to work on /home/airflow/.local/lib/python3.7/site-packages/airflow/example_dags/example_task_group_decorator.py
[2023-07-04T00:19:21.757+0000] {processor.py:826} INFO - Processing file /home/airflow/.local/lib/python3.7/site-packages/airflow/example_dags/example_task_group_decorator.py for tasks to queue
[2023-07-04T00:19:21.759+0000] {logging_mixin.py:149} INFO - [2023-07-04T00:19:21.759+0000] {dagbag.py:541} INFO - Filling up the DagBag from /home/airflow/.local/lib/python3.7/site-packages/airflow/example_dags/example_task_group_decorator.py
[2023-07-04T00:19:21.813+0000] {processor.py:836} INFO - DAG(s) dict_keys(['example_task_group_decorator']) retrieved from /home/airflow/.local/lib/python3.7/site-packages/airflow/example_dags/example_task_group_decorator.py
[2023-07-04T00:19:21.881+0000] {logging_mixin.py:149} INFO - [2023-07-04T00:19:21.881+0000] {dag.py:2726} INFO - Sync 1 DAGs
[2023-07-04T00:19:21.953+0000] {logging_mixin.py:149} INFO - [2023-07-04T00:19:21.952+0000] {dag.py:3490} INFO - Setting next_dagrun for example_task_group_decorator to 2023-07-03T00:19:21.952584+00:00, run_after=2023-07-04T00:19:21.952584+00:00
[2023-07-04T00:19:22.011+0000] {processor.py:179} INFO - Processing /home/airflow/.local/lib/python3.7/site-packages/airflow/example_dags/example_task_group_decorator.py took 0.266 seconds
[2023-07-04T00:19:52.510+0000] {processor.py:157} INFO - Started process (PID=1481) to work on /home/airflow/.local/lib/python3.7/site-packages/airflow/example_dags/example_task_group_decorator.py
[2023-07-04T00:19:52.511+0000] {processor.py:826} INFO - Processing file /home/airflow/.local/lib/python3.7/site-packages/airflow/example_dags/example_task_group_decorator.py for tasks to queue
[2023-07-04T00:19:52.512+0000] {logging_mixin.py:149} INFO - [2023-07-04T00:19:52.512+0000] {dagbag.py:541} INFO - Filling up the DagBag from /home/airflow/.local/lib/python3.7/site-packages/airflow/example_dags/example_task_group_decorator.py
[2023-07-04T00:19:52.545+0000] {processor.py:836} INFO - DAG(s) dict_keys(['example_task_group_decorator']) retrieved from /home/airflow/.local/lib/python3.7/site-packages/airflow/example_dags/example_task_group_decorator.py
[2023-07-04T00:19:52.615+0000] {logging_mixin.py:149} INFO - [2023-07-04T00:19:52.614+0000] {dag.py:2726} INFO - Sync 1 DAGs
[2023-07-04T00:19:52.678+0000] {logging_mixin.py:149} INFO - [2023-07-04T00:19:52.678+0000] {dag.py:3490} INFO - Setting next_dagrun for example_task_group_decorator to 2023-07-03T00:19:52.677828+00:00, run_after=2023-07-04T00:19:52.677828+00:00
[2023-07-04T00:19:52.724+0000] {processor.py:179} INFO - Processing /home/airflow/.local/lib/python3.7/site-packages/airflow/example_dags/example_task_group_decorator.py took 0.222 seconds
[2023-07-04T00:20:22.979+0000] {processor.py:157} INFO - Started process (PID=1538) to work on /home/airflow/.local/lib/python3.7/site-packages/airflow/example_dags/example_task_group_decorator.py
[2023-07-04T00:20:22.981+0000] {processor.py:826} INFO - Processing file /home/airflow/.local/lib/python3.7/site-packages/airflow/example_dags/example_task_group_decorator.py for tasks to queue
[2023-07-04T00:20:22.982+0000] {logging_mixin.py:149} INFO - [2023-07-04T00:20:22.982+0000] {dagbag.py:541} INFO - Filling up the DagBag from /home/airflow/.local/lib/python3.7/site-packages/airflow/example_dags/example_task_group_decorator.py
[2023-07-04T00:20:23.015+0000] {processor.py:836} INFO - DAG(s) dict_keys(['example_task_group_decorator']) retrieved from /home/airflow/.local/lib/python3.7/site-packages/airflow/example_dags/example_task_group_decorator.py
[2023-07-04T00:20:23.088+0000] {logging_mixin.py:149} INFO - [2023-07-04T00:20:23.088+0000] {dag.py:2726} INFO - Sync 1 DAGs
[2023-07-04T00:20:23.159+0000] {logging_mixin.py:149} INFO - [2023-07-04T00:20:23.159+0000] {dag.py:3490} INFO - Setting next_dagrun for example_task_group_decorator to 2023-07-03T00:20:23.159188+00:00, run_after=2023-07-04T00:20:23.159188+00:00
[2023-07-04T00:20:23.200+0000] {processor.py:179} INFO - Processing /home/airflow/.local/lib/python3.7/site-packages/airflow/example_dags/example_task_group_decorator.py took 0.226 seconds
[2023-07-04T00:20:54.146+0000] {processor.py:157} INFO - Started process (PID=1595) to work on /home/airflow/.local/lib/python3.7/site-packages/airflow/example_dags/example_task_group_decorator.py
[2023-07-04T00:20:54.148+0000] {processor.py:826} INFO - Processing file /home/airflow/.local/lib/python3.7/site-packages/airflow/example_dags/example_task_group_decorator.py for tasks to queue
[2023-07-04T00:20:54.150+0000] {logging_mixin.py:149} INFO - [2023-07-04T00:20:54.150+0000] {dagbag.py:541} INFO - Filling up the DagBag from /home/airflow/.local/lib/python3.7/site-packages/airflow/example_dags/example_task_group_decorator.py
[2023-07-04T00:20:54.197+0000] {processor.py:836} INFO - DAG(s) dict_keys(['example_task_group_decorator']) retrieved from /home/airflow/.local/lib/python3.7/site-packages/airflow/example_dags/example_task_group_decorator.py
[2023-07-04T00:20:54.277+0000] {logging_mixin.py:149} INFO - [2023-07-04T00:20:54.276+0000] {dag.py:2726} INFO - Sync 1 DAGs
[2023-07-04T00:20:54.350+0000] {logging_mixin.py:149} INFO - [2023-07-04T00:20:54.350+0000] {dag.py:3490} INFO - Setting next_dagrun for example_task_group_decorator to 2023-07-03T00:20:54.349686+00:00, run_after=2023-07-04T00:20:54.349686+00:00
[2023-07-04T00:20:54.407+0000] {processor.py:179} INFO - Processing /home/airflow/.local/lib/python3.7/site-packages/airflow/example_dags/example_task_group_decorator.py took 0.270 seconds
[2023-07-04T00:21:25.089+0000] {processor.py:157} INFO - Started process (PID=1651) to work on /home/airflow/.local/lib/python3.7/site-packages/airflow/example_dags/example_task_group_decorator.py
[2023-07-04T00:21:25.091+0000] {processor.py:826} INFO - Processing file /home/airflow/.local/lib/python3.7/site-packages/airflow/example_dags/example_task_group_decorator.py for tasks to queue
[2023-07-04T00:21:25.092+0000] {logging_mixin.py:149} INFO - [2023-07-04T00:21:25.092+0000] {dagbag.py:541} INFO - Filling up the DagBag from /home/airflow/.local/lib/python3.7/site-packages/airflow/example_dags/example_task_group_decorator.py
[2023-07-04T00:21:25.121+0000] {processor.py:836} INFO - DAG(s) dict_keys(['example_task_group_decorator']) retrieved from /home/airflow/.local/lib/python3.7/site-packages/airflow/example_dags/example_task_group_decorator.py
[2023-07-04T00:21:25.167+0000] {logging_mixin.py:149} INFO - [2023-07-04T00:21:25.167+0000] {dag.py:2726} INFO - Sync 1 DAGs
[2023-07-04T00:21:25.211+0000] {logging_mixin.py:149} INFO - [2023-07-04T00:21:25.211+0000] {dag.py:3490} INFO - Setting next_dagrun for example_task_group_decorator to 2023-07-03T00:21:25.210944+00:00, run_after=2023-07-04T00:21:25.210944+00:00
[2023-07-04T00:21:25.244+0000] {processor.py:179} INFO - Processing /home/airflow/.local/lib/python3.7/site-packages/airflow/example_dags/example_task_group_decorator.py took 0.160 seconds
[2023-07-04T00:21:55.424+0000] {processor.py:157} INFO - Started process (PID=1708) to work on /home/airflow/.local/lib/python3.7/site-packages/airflow/example_dags/example_task_group_decorator.py
[2023-07-04T00:21:55.425+0000] {processor.py:826} INFO - Processing file /home/airflow/.local/lib/python3.7/site-packages/airflow/example_dags/example_task_group_decorator.py for tasks to queue
[2023-07-04T00:21:55.427+0000] {logging_mixin.py:149} INFO - [2023-07-04T00:21:55.426+0000] {dagbag.py:541} INFO - Filling up the DagBag from /home/airflow/.local/lib/python3.7/site-packages/airflow/example_dags/example_task_group_decorator.py
[2023-07-04T00:21:55.453+0000] {processor.py:836} INFO - DAG(s) dict_keys(['example_task_group_decorator']) retrieved from /home/airflow/.local/lib/python3.7/site-packages/airflow/example_dags/example_task_group_decorator.py
[2023-07-04T00:21:55.513+0000] {logging_mixin.py:149} INFO - [2023-07-04T00:21:55.512+0000] {dag.py:2726} INFO - Sync 1 DAGs
[2023-07-04T00:21:55.563+0000] {logging_mixin.py:149} INFO - [2023-07-04T00:21:55.563+0000] {dag.py:3490} INFO - Setting next_dagrun for example_task_group_decorator to 2023-07-03T00:21:55.562876+00:00, run_after=2023-07-04T00:21:55.562876+00:00
[2023-07-04T00:21:55.606+0000] {processor.py:179} INFO - Processing /home/airflow/.local/lib/python3.7/site-packages/airflow/example_dags/example_task_group_decorator.py took 0.189 seconds
[2023-07-04T00:22:25.653+0000] {processor.py:157} INFO - Started process (PID=1764) to work on /home/airflow/.local/lib/python3.7/site-packages/airflow/example_dags/example_task_group_decorator.py
[2023-07-04T00:22:25.654+0000] {processor.py:826} INFO - Processing file /home/airflow/.local/lib/python3.7/site-packages/airflow/example_dags/example_task_group_decorator.py for tasks to queue
[2023-07-04T00:22:25.655+0000] {logging_mixin.py:149} INFO - [2023-07-04T00:22:25.655+0000] {dagbag.py:541} INFO - Filling up the DagBag from /home/airflow/.local/lib/python3.7/site-packages/airflow/example_dags/example_task_group_decorator.py
[2023-07-04T00:22:25.681+0000] {processor.py:836} INFO - DAG(s) dict_keys(['example_task_group_decorator']) retrieved from /home/airflow/.local/lib/python3.7/site-packages/airflow/example_dags/example_task_group_decorator.py
[2023-07-04T00:22:25.725+0000] {logging_mixin.py:149} INFO - [2023-07-04T00:22:25.725+0000] {dag.py:2726} INFO - Sync 1 DAGs
[2023-07-04T00:22:25.772+0000] {logging_mixin.py:149} INFO - [2023-07-04T00:22:25.772+0000] {dag.py:3490} INFO - Setting next_dagrun for example_task_group_decorator to 2023-07-03T00:22:25.771637+00:00, run_after=2023-07-04T00:22:25.771637+00:00
[2023-07-04T00:22:25.813+0000] {processor.py:179} INFO - Processing /home/airflow/.local/lib/python3.7/site-packages/airflow/example_dags/example_task_group_decorator.py took 0.167 seconds
[2023-07-04T00:22:56.467+0000] {processor.py:157} INFO - Started process (PID=1822) to work on /home/airflow/.local/lib/python3.7/site-packages/airflow/example_dags/example_task_group_decorator.py
[2023-07-04T00:22:56.469+0000] {processor.py:826} INFO - Processing file /home/airflow/.local/lib/python3.7/site-packages/airflow/example_dags/example_task_group_decorator.py for tasks to queue
[2023-07-04T00:22:56.470+0000] {logging_mixin.py:149} INFO - [2023-07-04T00:22:56.469+0000] {dagbag.py:541} INFO - Filling up the DagBag from /home/airflow/.local/lib/python3.7/site-packages/airflow/example_dags/example_task_group_decorator.py
[2023-07-04T00:22:56.496+0000] {processor.py:836} INFO - DAG(s) dict_keys(['example_task_group_decorator']) retrieved from /home/airflow/.local/lib/python3.7/site-packages/airflow/example_dags/example_task_group_decorator.py
[2023-07-04T00:22:56.558+0000] {logging_mixin.py:149} INFO - [2023-07-04T00:22:56.557+0000] {dag.py:2726} INFO - Sync 1 DAGs
[2023-07-04T00:22:56.633+0000] {logging_mixin.py:149} INFO - [2023-07-04T00:22:56.633+0000] {dag.py:3490} INFO - Setting next_dagrun for example_task_group_decorator to 2023-07-03T00:22:56.632649+00:00, run_after=2023-07-04T00:22:56.632649+00:00
[2023-07-04T00:22:56.683+0000] {processor.py:179} INFO - Processing /home/airflow/.local/lib/python3.7/site-packages/airflow/example_dags/example_task_group_decorator.py took 0.221 seconds
[2023-07-04T00:23:27.119+0000] {processor.py:157} INFO - Started process (PID=1879) to work on /home/airflow/.local/lib/python3.7/site-packages/airflow/example_dags/example_task_group_decorator.py
[2023-07-04T00:23:27.121+0000] {processor.py:826} INFO - Processing file /home/airflow/.local/lib/python3.7/site-packages/airflow/example_dags/example_task_group_decorator.py for tasks to queue
[2023-07-04T00:23:27.122+0000] {logging_mixin.py:149} INFO - [2023-07-04T00:23:27.122+0000] {dagbag.py:541} INFO - Filling up the DagBag from /home/airflow/.local/lib/python3.7/site-packages/airflow/example_dags/example_task_group_decorator.py
[2023-07-04T00:23:27.153+0000] {processor.py:836} INFO - DAG(s) dict_keys(['example_task_group_decorator']) retrieved from /home/airflow/.local/lib/python3.7/site-packages/airflow/example_dags/example_task_group_decorator.py
[2023-07-04T00:23:27.221+0000] {logging_mixin.py:149} INFO - [2023-07-04T00:23:27.221+0000] {dag.py:2726} INFO - Sync 1 DAGs
[2023-07-04T00:23:27.285+0000] {logging_mixin.py:149} INFO - [2023-07-04T00:23:27.285+0000] {dag.py:3490} INFO - Setting next_dagrun for example_task_group_decorator to 2023-07-03T00:23:27.284609+00:00, run_after=2023-07-04T00:23:27.284609+00:00
[2023-07-04T00:23:27.332+0000] {processor.py:179} INFO - Processing /home/airflow/.local/lib/python3.7/site-packages/airflow/example_dags/example_task_group_decorator.py took 0.222 seconds
[2023-07-04T00:23:57.464+0000] {processor.py:157} INFO - Started process (PID=1936) to work on /home/airflow/.local/lib/python3.7/site-packages/airflow/example_dags/example_task_group_decorator.py
[2023-07-04T00:23:57.465+0000] {processor.py:826} INFO - Processing file /home/airflow/.local/lib/python3.7/site-packages/airflow/example_dags/example_task_group_decorator.py for tasks to queue
[2023-07-04T00:23:57.467+0000] {logging_mixin.py:149} INFO - [2023-07-04T00:23:57.466+0000] {dagbag.py:541} INFO - Filling up the DagBag from /home/airflow/.local/lib/python3.7/site-packages/airflow/example_dags/example_task_group_decorator.py
[2023-07-04T00:23:57.497+0000] {processor.py:836} INFO - DAG(s) dict_keys(['example_task_group_decorator']) retrieved from /home/airflow/.local/lib/python3.7/site-packages/airflow/example_dags/example_task_group_decorator.py
[2023-07-04T00:23:57.553+0000] {logging_mixin.py:149} INFO - [2023-07-04T00:23:57.553+0000] {dag.py:2726} INFO - Sync 1 DAGs
[2023-07-04T00:23:57.605+0000] {logging_mixin.py:149} INFO - [2023-07-04T00:23:57.605+0000] {dag.py:3490} INFO - Setting next_dagrun for example_task_group_decorator to 2023-07-03T00:23:57.605276+00:00, run_after=2023-07-04T00:23:57.605276+00:00
[2023-07-04T00:23:57.647+0000] {processor.py:179} INFO - Processing /home/airflow/.local/lib/python3.7/site-packages/airflow/example_dags/example_task_group_decorator.py took 0.190 seconds
[2023-07-04T00:24:27.887+0000] {processor.py:157} INFO - Started process (PID=1993) to work on /home/airflow/.local/lib/python3.7/site-packages/airflow/example_dags/example_task_group_decorator.py
[2023-07-04T00:24:27.888+0000] {processor.py:826} INFO - Processing file /home/airflow/.local/lib/python3.7/site-packages/airflow/example_dags/example_task_group_decorator.py for tasks to queue
[2023-07-04T00:24:27.890+0000] {logging_mixin.py:149} INFO - [2023-07-04T00:24:27.889+0000] {dagbag.py:541} INFO - Filling up the DagBag from /home/airflow/.local/lib/python3.7/site-packages/airflow/example_dags/example_task_group_decorator.py
[2023-07-04T00:24:27.919+0000] {processor.py:836} INFO - DAG(s) dict_keys(['example_task_group_decorator']) retrieved from /home/airflow/.local/lib/python3.7/site-packages/airflow/example_dags/example_task_group_decorator.py
[2023-07-04T00:24:27.989+0000] {logging_mixin.py:149} INFO - [2023-07-04T00:24:27.988+0000] {dag.py:2726} INFO - Sync 1 DAGs
[2023-07-04T00:24:28.080+0000] {logging_mixin.py:149} INFO - [2023-07-04T00:24:28.079+0000] {dag.py:3490} INFO - Setting next_dagrun for example_task_group_decorator to 2023-07-03T00:24:28.079207+00:00, run_after=2023-07-04T00:24:28.079207+00:00
[2023-07-04T00:24:28.140+0000] {processor.py:179} INFO - Processing /home/airflow/.local/lib/python3.7/site-packages/airflow/example_dags/example_task_group_decorator.py took 0.259 seconds
[2023-07-04T00:24:58.768+0000] {processor.py:157} INFO - Started process (PID=2050) to work on /home/airflow/.local/lib/python3.7/site-packages/airflow/example_dags/example_task_group_decorator.py
[2023-07-04T00:24:58.770+0000] {processor.py:826} INFO - Processing file /home/airflow/.local/lib/python3.7/site-packages/airflow/example_dags/example_task_group_decorator.py for tasks to queue
[2023-07-04T00:24:58.771+0000] {logging_mixin.py:149} INFO - [2023-07-04T00:24:58.771+0000] {dagbag.py:541} INFO - Filling up the DagBag from /home/airflow/.local/lib/python3.7/site-packages/airflow/example_dags/example_task_group_decorator.py
[2023-07-04T00:24:58.799+0000] {processor.py:836} INFO - DAG(s) dict_keys(['example_task_group_decorator']) retrieved from /home/airflow/.local/lib/python3.7/site-packages/airflow/example_dags/example_task_group_decorator.py
[2023-07-04T00:24:58.868+0000] {logging_mixin.py:149} INFO - [2023-07-04T00:24:58.868+0000] {dag.py:2726} INFO - Sync 1 DAGs
[2023-07-04T00:24:58.928+0000] {logging_mixin.py:149} INFO - [2023-07-04T00:24:58.928+0000] {dag.py:3490} INFO - Setting next_dagrun for example_task_group_decorator to 2023-07-03T00:24:58.927442+00:00, run_after=2023-07-04T00:24:58.927442+00:00
[2023-07-04T00:24:58.972+0000] {processor.py:179} INFO - Processing /home/airflow/.local/lib/python3.7/site-packages/airflow/example_dags/example_task_group_decorator.py took 0.211 seconds
[2023-07-04T00:25:29.573+0000] {processor.py:157} INFO - Started process (PID=2108) to work on /home/airflow/.local/lib/python3.7/site-packages/airflow/example_dags/example_task_group_decorator.py
[2023-07-04T00:25:29.574+0000] {processor.py:826} INFO - Processing file /home/airflow/.local/lib/python3.7/site-packages/airflow/example_dags/example_task_group_decorator.py for tasks to queue
[2023-07-04T00:25:29.575+0000] {logging_mixin.py:149} INFO - [2023-07-04T00:25:29.575+0000] {dagbag.py:541} INFO - Filling up the DagBag from /home/airflow/.local/lib/python3.7/site-packages/airflow/example_dags/example_task_group_decorator.py
[2023-07-04T00:25:29.618+0000] {processor.py:836} INFO - DAG(s) dict_keys(['example_task_group_decorator']) retrieved from /home/airflow/.local/lib/python3.7/site-packages/airflow/example_dags/example_task_group_decorator.py
[2023-07-04T00:25:29.697+0000] {logging_mixin.py:149} INFO - [2023-07-04T00:25:29.697+0000] {dag.py:2726} INFO - Sync 1 DAGs
[2023-07-04T00:25:29.754+0000] {logging_mixin.py:149} INFO - [2023-07-04T00:25:29.753+0000] {dag.py:3490} INFO - Setting next_dagrun for example_task_group_decorator to 2023-07-03T00:25:29.752845+00:00, run_after=2023-07-04T00:25:29.752845+00:00
[2023-07-04T00:25:29.797+0000] {processor.py:179} INFO - Processing /home/airflow/.local/lib/python3.7/site-packages/airflow/example_dags/example_task_group_decorator.py took 0.229 seconds
[2023-07-04T00:26:00.591+0000] {processor.py:157} INFO - Started process (PID=2165) to work on /home/airflow/.local/lib/python3.7/site-packages/airflow/example_dags/example_task_group_decorator.py
[2023-07-04T00:26:00.593+0000] {processor.py:826} INFO - Processing file /home/airflow/.local/lib/python3.7/site-packages/airflow/example_dags/example_task_group_decorator.py for tasks to queue
[2023-07-04T00:26:00.595+0000] {logging_mixin.py:149} INFO - [2023-07-04T00:26:00.594+0000] {dagbag.py:541} INFO - Filling up the DagBag from /home/airflow/.local/lib/python3.7/site-packages/airflow/example_dags/example_task_group_decorator.py
[2023-07-04T00:26:00.633+0000] {processor.py:836} INFO - DAG(s) dict_keys(['example_task_group_decorator']) retrieved from /home/airflow/.local/lib/python3.7/site-packages/airflow/example_dags/example_task_group_decorator.py
[2023-07-04T00:26:00.716+0000] {logging_mixin.py:149} INFO - [2023-07-04T00:26:00.715+0000] {dag.py:2726} INFO - Sync 1 DAGs
[2023-07-04T00:26:00.794+0000] {logging_mixin.py:149} INFO - [2023-07-04T00:26:00.794+0000] {dag.py:3490} INFO - Setting next_dagrun for example_task_group_decorator to 2023-07-03T00:26:00.794062+00:00, run_after=2023-07-04T00:26:00.794062+00:00
[2023-07-04T00:26:00.851+0000] {processor.py:179} INFO - Processing /home/airflow/.local/lib/python3.7/site-packages/airflow/example_dags/example_task_group_decorator.py took 0.271 seconds
[2023-07-04T00:26:30.946+0000] {processor.py:157} INFO - Started process (PID=2221) to work on /home/airflow/.local/lib/python3.7/site-packages/airflow/example_dags/example_task_group_decorator.py
[2023-07-04T00:26:30.948+0000] {processor.py:826} INFO - Processing file /home/airflow/.local/lib/python3.7/site-packages/airflow/example_dags/example_task_group_decorator.py for tasks to queue
[2023-07-04T00:26:30.949+0000] {logging_mixin.py:149} INFO - [2023-07-04T00:26:30.948+0000] {dagbag.py:541} INFO - Filling up the DagBag from /home/airflow/.local/lib/python3.7/site-packages/airflow/example_dags/example_task_group_decorator.py
[2023-07-04T00:26:30.973+0000] {processor.py:836} INFO - DAG(s) dict_keys(['example_task_group_decorator']) retrieved from /home/airflow/.local/lib/python3.7/site-packages/airflow/example_dags/example_task_group_decorator.py
[2023-07-04T00:26:31.019+0000] {logging_mixin.py:149} INFO - [2023-07-04T00:26:31.018+0000] {dag.py:2726} INFO - Sync 1 DAGs
[2023-07-04T00:26:31.066+0000] {logging_mixin.py:149} INFO - [2023-07-04T00:26:31.066+0000] {dag.py:3490} INFO - Setting next_dagrun for example_task_group_decorator to 2023-07-03T00:26:31.065745+00:00, run_after=2023-07-04T00:26:31.065745+00:00
[2023-07-04T00:26:31.099+0000] {processor.py:179} INFO - Processing /home/airflow/.local/lib/python3.7/site-packages/airflow/example_dags/example_task_group_decorator.py took 0.159 seconds
[2023-07-04T00:27:01.484+0000] {processor.py:157} INFO - Started process (PID=2279) to work on /home/airflow/.local/lib/python3.7/site-packages/airflow/example_dags/example_task_group_decorator.py
[2023-07-04T00:27:01.486+0000] {processor.py:826} INFO - Processing file /home/airflow/.local/lib/python3.7/site-packages/airflow/example_dags/example_task_group_decorator.py for tasks to queue
[2023-07-04T00:27:01.487+0000] {logging_mixin.py:149} INFO - [2023-07-04T00:27:01.486+0000] {dagbag.py:541} INFO - Filling up the DagBag from /home/airflow/.local/lib/python3.7/site-packages/airflow/example_dags/example_task_group_decorator.py
[2023-07-04T00:27:01.515+0000] {processor.py:836} INFO - DAG(s) dict_keys(['example_task_group_decorator']) retrieved from /home/airflow/.local/lib/python3.7/site-packages/airflow/example_dags/example_task_group_decorator.py
[2023-07-04T00:27:01.570+0000] {logging_mixin.py:149} INFO - [2023-07-04T00:27:01.569+0000] {dag.py:2726} INFO - Sync 1 DAGs
[2023-07-04T00:27:01.621+0000] {logging_mixin.py:149} INFO - [2023-07-04T00:27:01.621+0000] {dag.py:3490} INFO - Setting next_dagrun for example_task_group_decorator to 2023-07-03T00:27:01.621070+00:00, run_after=2023-07-04T00:27:01.621070+00:00
[2023-07-04T00:27:01.659+0000] {processor.py:179} INFO - Processing /home/airflow/.local/lib/python3.7/site-packages/airflow/example_dags/example_task_group_decorator.py took 0.180 seconds
[2023-07-04T00:27:31.842+0000] {processor.py:157} INFO - Started process (PID=2336) to work on /home/airflow/.local/lib/python3.7/site-packages/airflow/example_dags/example_task_group_decorator.py
[2023-07-04T00:27:31.844+0000] {processor.py:826} INFO - Processing file /home/airflow/.local/lib/python3.7/site-packages/airflow/example_dags/example_task_group_decorator.py for tasks to queue
[2023-07-04T00:27:31.845+0000] {logging_mixin.py:149} INFO - [2023-07-04T00:27:31.845+0000] {dagbag.py:541} INFO - Filling up the DagBag from /home/airflow/.local/lib/python3.7/site-packages/airflow/example_dags/example_task_group_decorator.py
[2023-07-04T00:27:31.875+0000] {processor.py:836} INFO - DAG(s) dict_keys(['example_task_group_decorator']) retrieved from /home/airflow/.local/lib/python3.7/site-packages/airflow/example_dags/example_task_group_decorator.py
[2023-07-04T00:27:31.927+0000] {logging_mixin.py:149} INFO - [2023-07-04T00:27:31.927+0000] {dag.py:2726} INFO - Sync 1 DAGs
[2023-07-04T00:27:31.993+0000] {logging_mixin.py:149} INFO - [2023-07-04T00:27:31.993+0000] {dag.py:3490} INFO - Setting next_dagrun for example_task_group_decorator to 2023-07-03T00:27:31.992736+00:00, run_after=2023-07-04T00:27:31.992736+00:00
[2023-07-04T00:27:32.043+0000] {processor.py:179} INFO - Processing /home/airflow/.local/lib/python3.7/site-packages/airflow/example_dags/example_task_group_decorator.py took 0.207 seconds
[2023-07-04T00:28:02.745+0000] {processor.py:157} INFO - Started process (PID=2393) to work on /home/airflow/.local/lib/python3.7/site-packages/airflow/example_dags/example_task_group_decorator.py
[2023-07-04T00:28:02.747+0000] {processor.py:826} INFO - Processing file /home/airflow/.local/lib/python3.7/site-packages/airflow/example_dags/example_task_group_decorator.py for tasks to queue
[2023-07-04T00:28:02.748+0000] {logging_mixin.py:149} INFO - [2023-07-04T00:28:02.748+0000] {dagbag.py:541} INFO - Filling up the DagBag from /home/airflow/.local/lib/python3.7/site-packages/airflow/example_dags/example_task_group_decorator.py
[2023-07-04T00:28:02.799+0000] {processor.py:836} INFO - DAG(s) dict_keys(['example_task_group_decorator']) retrieved from /home/airflow/.local/lib/python3.7/site-packages/airflow/example_dags/example_task_group_decorator.py
[2023-07-04T00:28:02.876+0000] {logging_mixin.py:149} INFO - [2023-07-04T00:28:02.876+0000] {dag.py:2726} INFO - Sync 1 DAGs
[2023-07-04T00:28:02.948+0000] {logging_mixin.py:149} INFO - [2023-07-04T00:28:02.947+0000] {dag.py:3490} INFO - Setting next_dagrun for example_task_group_decorator to 2023-07-03T00:28:02.946856+00:00, run_after=2023-07-04T00:28:02.946856+00:00
[2023-07-04T00:28:03.000+0000] {processor.py:179} INFO - Processing /home/airflow/.local/lib/python3.7/site-packages/airflow/example_dags/example_task_group_decorator.py took 0.263 seconds
[2023-07-04T00:28:33.355+0000] {processor.py:157} INFO - Started process (PID=2445) to work on /home/airflow/.local/lib/python3.7/site-packages/airflow/example_dags/example_task_group_decorator.py
[2023-07-04T00:28:33.356+0000] {processor.py:826} INFO - Processing file /home/airflow/.local/lib/python3.7/site-packages/airflow/example_dags/example_task_group_decorator.py for tasks to queue
[2023-07-04T00:28:33.357+0000] {logging_mixin.py:149} INFO - [2023-07-04T00:28:33.357+0000] {dagbag.py:541} INFO - Filling up the DagBag from /home/airflow/.local/lib/python3.7/site-packages/airflow/example_dags/example_task_group_decorator.py
[2023-07-04T00:28:33.380+0000] {processor.py:836} INFO - DAG(s) dict_keys(['example_task_group_decorator']) retrieved from /home/airflow/.local/lib/python3.7/site-packages/airflow/example_dags/example_task_group_decorator.py
[2023-07-04T00:28:33.430+0000] {logging_mixin.py:149} INFO - [2023-07-04T00:28:33.430+0000] {dag.py:2726} INFO - Sync 1 DAGs
[2023-07-04T00:28:33.487+0000] {logging_mixin.py:149} INFO - [2023-07-04T00:28:33.487+0000] {dag.py:3490} INFO - Setting next_dagrun for example_task_group_decorator to 2023-07-03T00:28:33.486904+00:00, run_after=2023-07-04T00:28:33.486904+00:00
[2023-07-04T00:28:33.528+0000] {processor.py:179} INFO - Processing /home/airflow/.local/lib/python3.7/site-packages/airflow/example_dags/example_task_group_decorator.py took 0.180 seconds
[2023-07-04T00:29:04.082+0000] {processor.py:157} INFO - Started process (PID=2502) to work on /home/airflow/.local/lib/python3.7/site-packages/airflow/example_dags/example_task_group_decorator.py
[2023-07-04T00:29:04.084+0000] {processor.py:826} INFO - Processing file /home/airflow/.local/lib/python3.7/site-packages/airflow/example_dags/example_task_group_decorator.py for tasks to queue
[2023-07-04T00:29:04.085+0000] {logging_mixin.py:149} INFO - [2023-07-04T00:29:04.085+0000] {dagbag.py:541} INFO - Filling up the DagBag from /home/airflow/.local/lib/python3.7/site-packages/airflow/example_dags/example_task_group_decorator.py
[2023-07-04T00:29:04.128+0000] {processor.py:836} INFO - DAG(s) dict_keys(['example_task_group_decorator']) retrieved from /home/airflow/.local/lib/python3.7/site-packages/airflow/example_dags/example_task_group_decorator.py
[2023-07-04T00:29:04.184+0000] {logging_mixin.py:149} INFO - [2023-07-04T00:29:04.184+0000] {dag.py:2726} INFO - Sync 1 DAGs
[2023-07-04T00:29:04.227+0000] {logging_mixin.py:149} INFO - [2023-07-04T00:29:04.227+0000] {dag.py:3490} INFO - Setting next_dagrun for example_task_group_decorator to 2023-07-03T00:29:04.227215+00:00, run_after=2023-07-04T00:29:04.227215+00:00
[2023-07-04T00:29:04.258+0000] {processor.py:179} INFO - Processing /home/airflow/.local/lib/python3.7/site-packages/airflow/example_dags/example_task_group_decorator.py took 0.180 seconds
[2023-07-04T00:29:34.335+0000] {processor.py:157} INFO - Started process (PID=2559) to work on /home/airflow/.local/lib/python3.7/site-packages/airflow/example_dags/example_task_group_decorator.py
[2023-07-04T00:29:34.337+0000] {processor.py:826} INFO - Processing file /home/airflow/.local/lib/python3.7/site-packages/airflow/example_dags/example_task_group_decorator.py for tasks to queue
[2023-07-04T00:29:34.338+0000] {logging_mixin.py:149} INFO - [2023-07-04T00:29:34.338+0000] {dagbag.py:541} INFO - Filling up the DagBag from /home/airflow/.local/lib/python3.7/site-packages/airflow/example_dags/example_task_group_decorator.py
[2023-07-04T00:29:34.360+0000] {processor.py:836} INFO - DAG(s) dict_keys(['example_task_group_decorator']) retrieved from /home/airflow/.local/lib/python3.7/site-packages/airflow/example_dags/example_task_group_decorator.py
[2023-07-04T00:29:34.410+0000] {logging_mixin.py:149} INFO - [2023-07-04T00:29:34.410+0000] {dag.py:2726} INFO - Sync 1 DAGs
[2023-07-04T00:29:34.471+0000] {logging_mixin.py:149} INFO - [2023-07-04T00:29:34.471+0000] {dag.py:3490} INFO - Setting next_dagrun for example_task_group_decorator to 2023-07-03T00:29:34.470504+00:00, run_after=2023-07-04T00:29:34.470504+00:00
[2023-07-04T00:29:34.511+0000] {processor.py:179} INFO - Processing /home/airflow/.local/lib/python3.7/site-packages/airflow/example_dags/example_task_group_decorator.py took 0.180 seconds
[2023-07-04T00:30:05.113+0000] {processor.py:157} INFO - Started process (PID=2616) to work on /home/airflow/.local/lib/python3.7/site-packages/airflow/example_dags/example_task_group_decorator.py
[2023-07-04T00:30:05.115+0000] {processor.py:826} INFO - Processing file /home/airflow/.local/lib/python3.7/site-packages/airflow/example_dags/example_task_group_decorator.py for tasks to queue
[2023-07-04T00:30:05.116+0000] {logging_mixin.py:149} INFO - [2023-07-04T00:30:05.116+0000] {dagbag.py:541} INFO - Filling up the DagBag from /home/airflow/.local/lib/python3.7/site-packages/airflow/example_dags/example_task_group_decorator.py
[2023-07-04T00:30:05.138+0000] {processor.py:836} INFO - DAG(s) dict_keys(['example_task_group_decorator']) retrieved from /home/airflow/.local/lib/python3.7/site-packages/airflow/example_dags/example_task_group_decorator.py
[2023-07-04T00:30:05.185+0000] {logging_mixin.py:149} INFO - [2023-07-04T00:30:05.185+0000] {dag.py:2726} INFO - Sync 1 DAGs
[2023-07-04T00:30:05.226+0000] {logging_mixin.py:149} INFO - [2023-07-04T00:30:05.226+0000] {dag.py:3490} INFO - Setting next_dagrun for example_task_group_decorator to 2023-07-03T00:30:05.225871+00:00, run_after=2023-07-04T00:30:05.225871+00:00
[2023-07-04T00:30:05.271+0000] {processor.py:179} INFO - Processing /home/airflow/.local/lib/python3.7/site-packages/airflow/example_dags/example_task_group_decorator.py took 0.162 seconds
[2023-07-04T00:30:35.389+0000] {processor.py:157} INFO - Started process (PID=2673) to work on /home/airflow/.local/lib/python3.7/site-packages/airflow/example_dags/example_task_group_decorator.py
[2023-07-04T00:30:35.390+0000] {processor.py:826} INFO - Processing file /home/airflow/.local/lib/python3.7/site-packages/airflow/example_dags/example_task_group_decorator.py for tasks to queue
[2023-07-04T00:30:35.392+0000] {logging_mixin.py:149} INFO - [2023-07-04T00:30:35.391+0000] {dagbag.py:541} INFO - Filling up the DagBag from /home/airflow/.local/lib/python3.7/site-packages/airflow/example_dags/example_task_group_decorator.py
[2023-07-04T00:30:35.417+0000] {processor.py:836} INFO - DAG(s) dict_keys(['example_task_group_decorator']) retrieved from /home/airflow/.local/lib/python3.7/site-packages/airflow/example_dags/example_task_group_decorator.py
[2023-07-04T00:30:35.466+0000] {logging_mixin.py:149} INFO - [2023-07-04T00:30:35.466+0000] {dag.py:2726} INFO - Sync 1 DAGs
[2023-07-04T00:30:35.515+0000] {logging_mixin.py:149} INFO - [2023-07-04T00:30:35.514+0000] {dag.py:3490} INFO - Setting next_dagrun for example_task_group_decorator to 2023-07-03T00:30:35.514058+00:00, run_after=2023-07-04T00:30:35.514058+00:00
[2023-07-04T00:30:35.553+0000] {processor.py:179} INFO - Processing /home/airflow/.local/lib/python3.7/site-packages/airflow/example_dags/example_task_group_decorator.py took 0.172 seconds
[2023-07-04T00:31:05.700+0000] {processor.py:157} INFO - Started process (PID=2729) to work on /home/airflow/.local/lib/python3.7/site-packages/airflow/example_dags/example_task_group_decorator.py
[2023-07-04T00:31:05.701+0000] {processor.py:826} INFO - Processing file /home/airflow/.local/lib/python3.7/site-packages/airflow/example_dags/example_task_group_decorator.py for tasks to queue
[2023-07-04T00:31:05.702+0000] {logging_mixin.py:149} INFO - [2023-07-04T00:31:05.702+0000] {dagbag.py:541} INFO - Filling up the DagBag from /home/airflow/.local/lib/python3.7/site-packages/airflow/example_dags/example_task_group_decorator.py
[2023-07-04T00:31:05.742+0000] {processor.py:836} INFO - DAG(s) dict_keys(['example_task_group_decorator']) retrieved from /home/airflow/.local/lib/python3.7/site-packages/airflow/example_dags/example_task_group_decorator.py
[2023-07-04T00:31:05.832+0000] {logging_mixin.py:149} INFO - [2023-07-04T00:31:05.832+0000] {dag.py:2726} INFO - Sync 1 DAGs
[2023-07-04T00:31:05.932+0000] {logging_mixin.py:149} INFO - [2023-07-04T00:31:05.931+0000] {dag.py:3490} INFO - Setting next_dagrun for example_task_group_decorator to 2023-07-03T00:31:05.930850+00:00, run_after=2023-07-04T00:31:05.930850+00:00
[2023-07-04T00:31:05.993+0000] {processor.py:179} INFO - Processing /home/airflow/.local/lib/python3.7/site-packages/airflow/example_dags/example_task_group_decorator.py took 0.299 seconds
[2023-07-04T00:31:36.249+0000] {processor.py:157} INFO - Started process (PID=2786) to work on /home/airflow/.local/lib/python3.7/site-packages/airflow/example_dags/example_task_group_decorator.py
[2023-07-04T00:31:36.251+0000] {processor.py:826} INFO - Processing file /home/airflow/.local/lib/python3.7/site-packages/airflow/example_dags/example_task_group_decorator.py for tasks to queue
[2023-07-04T00:31:36.253+0000] {logging_mixin.py:149} INFO - [2023-07-04T00:31:36.252+0000] {dagbag.py:541} INFO - Filling up the DagBag from /home/airflow/.local/lib/python3.7/site-packages/airflow/example_dags/example_task_group_decorator.py
[2023-07-04T00:31:36.284+0000] {processor.py:836} INFO - DAG(s) dict_keys(['example_task_group_decorator']) retrieved from /home/airflow/.local/lib/python3.7/site-packages/airflow/example_dags/example_task_group_decorator.py
[2023-07-04T00:31:36.338+0000] {logging_mixin.py:149} INFO - [2023-07-04T00:31:36.337+0000] {dag.py:2726} INFO - Sync 1 DAGs
[2023-07-04T00:31:36.387+0000] {logging_mixin.py:149} INFO - [2023-07-04T00:31:36.387+0000] {dag.py:3490} INFO - Setting next_dagrun for example_task_group_decorator to 2023-07-03T00:31:36.387149+00:00, run_after=2023-07-04T00:31:36.387149+00:00
[2023-07-04T00:31:36.440+0000] {processor.py:179} INFO - Processing /home/airflow/.local/lib/python3.7/site-packages/airflow/example_dags/example_task_group_decorator.py took 0.199 seconds
[2023-07-04T00:32:07.365+0000] {processor.py:157} INFO - Started process (PID=2843) to work on /home/airflow/.local/lib/python3.7/site-packages/airflow/example_dags/example_task_group_decorator.py
[2023-07-04T00:32:07.366+0000] {processor.py:826} INFO - Processing file /home/airflow/.local/lib/python3.7/site-packages/airflow/example_dags/example_task_group_decorator.py for tasks to queue
[2023-07-04T00:32:07.367+0000] {logging_mixin.py:149} INFO - [2023-07-04T00:32:07.367+0000] {dagbag.py:541} INFO - Filling up the DagBag from /home/airflow/.local/lib/python3.7/site-packages/airflow/example_dags/example_task_group_decorator.py
[2023-07-04T00:32:07.392+0000] {processor.py:836} INFO - DAG(s) dict_keys(['example_task_group_decorator']) retrieved from /home/airflow/.local/lib/python3.7/site-packages/airflow/example_dags/example_task_group_decorator.py
[2023-07-04T00:32:07.440+0000] {logging_mixin.py:149} INFO - [2023-07-04T00:32:07.440+0000] {dag.py:2726} INFO - Sync 1 DAGs
[2023-07-04T00:32:07.481+0000] {logging_mixin.py:149} INFO - [2023-07-04T00:32:07.481+0000] {dag.py:3490} INFO - Setting next_dagrun for example_task_group_decorator to 2023-07-03T00:32:07.480732+00:00, run_after=2023-07-04T00:32:07.480732+00:00
[2023-07-04T00:32:07.510+0000] {processor.py:179} INFO - Processing /home/airflow/.local/lib/python3.7/site-packages/airflow/example_dags/example_task_group_decorator.py took 0.151 seconds
[2023-07-04T00:32:37.836+0000] {processor.py:157} INFO - Started process (PID=2900) to work on /home/airflow/.local/lib/python3.7/site-packages/airflow/example_dags/example_task_group_decorator.py
[2023-07-04T00:32:37.838+0000] {processor.py:826} INFO - Processing file /home/airflow/.local/lib/python3.7/site-packages/airflow/example_dags/example_task_group_decorator.py for tasks to queue
[2023-07-04T00:32:37.839+0000] {logging_mixin.py:149} INFO - [2023-07-04T00:32:37.839+0000] {dagbag.py:541} INFO - Filling up the DagBag from /home/airflow/.local/lib/python3.7/site-packages/airflow/example_dags/example_task_group_decorator.py
[2023-07-04T00:32:37.872+0000] {processor.py:836} INFO - DAG(s) dict_keys(['example_task_group_decorator']) retrieved from /home/airflow/.local/lib/python3.7/site-packages/airflow/example_dags/example_task_group_decorator.py
[2023-07-04T00:32:37.929+0000] {logging_mixin.py:149} INFO - [2023-07-04T00:32:37.929+0000] {dag.py:2726} INFO - Sync 1 DAGs
[2023-07-04T00:32:37.980+0000] {logging_mixin.py:149} INFO - [2023-07-04T00:32:37.980+0000] {dag.py:3490} INFO - Setting next_dagrun for example_task_group_decorator to 2023-07-03T00:32:37.980122+00:00, run_after=2023-07-04T00:32:37.980122+00:00
[2023-07-04T00:32:38.016+0000] {processor.py:179} INFO - Processing /home/airflow/.local/lib/python3.7/site-packages/airflow/example_dags/example_task_group_decorator.py took 0.187 seconds
