[2023-07-04T00:07:00.742+0000] {processor.py:157} INFO - Started process (PID=36) to work on /home/airflow/.local/lib/python3.7/site-packages/airflow/example_dags/example_branch_python_dop_operator_3.py
[2023-07-04T00:07:00.744+0000] {processor.py:826} INFO - Processing file /home/airflow/.local/lib/python3.7/site-packages/airflow/example_dags/example_branch_python_dop_operator_3.py for tasks to queue
[2023-07-04T00:07:00.747+0000] {logging_mixin.py:149} INFO - [2023-07-04T00:07:00.746+0000] {dagbag.py:541} INFO - Filling up the DagBag from /home/airflow/.local/lib/python3.7/site-packages/airflow/example_dags/example_branch_python_dop_operator_3.py
[2023-07-04T00:07:00.768+0000] {processor.py:836} INFO - DAG(s) dict_keys(['example_branch_dop_operator_v3']) retrieved from /home/airflow/.local/lib/python3.7/site-packages/airflow/example_dags/example_branch_python_dop_operator_3.py
[2023-07-04T00:07:00.853+0000] {logging_mixin.py:149} INFO - [2023-07-04T00:07:00.853+0000] {dag.py:2726} INFO - Sync 1 DAGs
[2023-07-04T00:07:00.943+0000] {logging_mixin.py:149} INFO - [2023-07-04T00:07:00.943+0000] {dag.py:3490} INFO - Setting next_dagrun for example_branch_dop_operator_v3 to 2023-07-04T00:06:00+00:00, run_after=2023-07-04T00:07:00+00:00
[2023-07-04T00:07:00.994+0000] {processor.py:179} INFO - Processing /home/airflow/.local/lib/python3.7/site-packages/airflow/example_dags/example_branch_python_dop_operator_3.py took 0.258 seconds
[2023-07-04T00:07:31.527+0000] {processor.py:157} INFO - Started process (PID=93) to work on /home/airflow/.local/lib/python3.7/site-packages/airflow/example_dags/example_branch_python_dop_operator_3.py
[2023-07-04T00:07:31.529+0000] {processor.py:826} INFO - Processing file /home/airflow/.local/lib/python3.7/site-packages/airflow/example_dags/example_branch_python_dop_operator_3.py for tasks to queue
[2023-07-04T00:07:31.530+0000] {logging_mixin.py:149} INFO - [2023-07-04T00:07:31.530+0000] {dagbag.py:541} INFO - Filling up the DagBag from /home/airflow/.local/lib/python3.7/site-packages/airflow/example_dags/example_branch_python_dop_operator_3.py
[2023-07-04T00:07:31.548+0000] {processor.py:836} INFO - DAG(s) dict_keys(['example_branch_dop_operator_v3']) retrieved from /home/airflow/.local/lib/python3.7/site-packages/airflow/example_dags/example_branch_python_dop_operator_3.py
[2023-07-04T00:07:31.593+0000] {logging_mixin.py:149} INFO - [2023-07-04T00:07:31.592+0000] {dag.py:2726} INFO - Sync 1 DAGs
[2023-07-04T00:07:31.650+0000] {logging_mixin.py:149} INFO - [2023-07-04T00:07:31.649+0000] {dag.py:3490} INFO - Setting next_dagrun for example_branch_dop_operator_v3 to 2023-07-04T00:06:00+00:00, run_after=2023-07-04T00:07:00+00:00
[2023-07-04T00:07:31.682+0000] {processor.py:179} INFO - Processing /home/airflow/.local/lib/python3.7/site-packages/airflow/example_dags/example_branch_python_dop_operator_3.py took 0.162 seconds
[2023-07-04T00:08:02.290+0000] {processor.py:157} INFO - Started process (PID=150) to work on /home/airflow/.local/lib/python3.7/site-packages/airflow/example_dags/example_branch_python_dop_operator_3.py
[2023-07-04T00:08:02.292+0000] {processor.py:826} INFO - Processing file /home/airflow/.local/lib/python3.7/site-packages/airflow/example_dags/example_branch_python_dop_operator_3.py for tasks to queue
[2023-07-04T00:08:02.293+0000] {logging_mixin.py:149} INFO - [2023-07-04T00:08:02.292+0000] {dagbag.py:541} INFO - Filling up the DagBag from /home/airflow/.local/lib/python3.7/site-packages/airflow/example_dags/example_branch_python_dop_operator_3.py
[2023-07-04T00:08:02.307+0000] {processor.py:836} INFO - DAG(s) dict_keys(['example_branch_dop_operator_v3']) retrieved from /home/airflow/.local/lib/python3.7/site-packages/airflow/example_dags/example_branch_python_dop_operator_3.py
[2023-07-04T00:08:02.351+0000] {logging_mixin.py:149} INFO - [2023-07-04T00:08:02.351+0000] {dag.py:2726} INFO - Sync 1 DAGs
[2023-07-04T00:08:02.407+0000] {logging_mixin.py:149} INFO - [2023-07-04T00:08:02.407+0000] {dag.py:3490} INFO - Setting next_dagrun for example_branch_dop_operator_v3 to 2023-07-04T00:07:00+00:00, run_after=2023-07-04T00:08:00+00:00
[2023-07-04T00:08:02.444+0000] {processor.py:179} INFO - Processing /home/airflow/.local/lib/python3.7/site-packages/airflow/example_dags/example_branch_python_dop_operator_3.py took 0.159 seconds
[2023-07-04T00:08:32.710+0000] {processor.py:157} INFO - Started process (PID=207) to work on /home/airflow/.local/lib/python3.7/site-packages/airflow/example_dags/example_branch_python_dop_operator_3.py
[2023-07-04T00:08:32.712+0000] {processor.py:826} INFO - Processing file /home/airflow/.local/lib/python3.7/site-packages/airflow/example_dags/example_branch_python_dop_operator_3.py for tasks to queue
[2023-07-04T00:08:32.713+0000] {logging_mixin.py:149} INFO - [2023-07-04T00:08:32.712+0000] {dagbag.py:541} INFO - Filling up the DagBag from /home/airflow/.local/lib/python3.7/site-packages/airflow/example_dags/example_branch_python_dop_operator_3.py
[2023-07-04T00:08:32.727+0000] {processor.py:836} INFO - DAG(s) dict_keys(['example_branch_dop_operator_v3']) retrieved from /home/airflow/.local/lib/python3.7/site-packages/airflow/example_dags/example_branch_python_dop_operator_3.py
[2023-07-04T00:08:32.774+0000] {logging_mixin.py:149} INFO - [2023-07-04T00:08:32.774+0000] {dag.py:2726} INFO - Sync 1 DAGs
[2023-07-04T00:08:32.827+0000] {logging_mixin.py:149} INFO - [2023-07-04T00:08:32.827+0000] {dag.py:3490} INFO - Setting next_dagrun for example_branch_dop_operator_v3 to 2023-07-04T00:07:00+00:00, run_after=2023-07-04T00:08:00+00:00
[2023-07-04T00:08:32.869+0000] {processor.py:179} INFO - Processing /home/airflow/.local/lib/python3.7/site-packages/airflow/example_dags/example_branch_python_dop_operator_3.py took 0.166 seconds
[2023-07-04T00:09:03.627+0000] {processor.py:157} INFO - Started process (PID=264) to work on /home/airflow/.local/lib/python3.7/site-packages/airflow/example_dags/example_branch_python_dop_operator_3.py
[2023-07-04T00:09:03.628+0000] {processor.py:826} INFO - Processing file /home/airflow/.local/lib/python3.7/site-packages/airflow/example_dags/example_branch_python_dop_operator_3.py for tasks to queue
[2023-07-04T00:09:03.630+0000] {logging_mixin.py:149} INFO - [2023-07-04T00:09:03.629+0000] {dagbag.py:541} INFO - Filling up the DagBag from /home/airflow/.local/lib/python3.7/site-packages/airflow/example_dags/example_branch_python_dop_operator_3.py
[2023-07-04T00:09:03.644+0000] {processor.py:836} INFO - DAG(s) dict_keys(['example_branch_dop_operator_v3']) retrieved from /home/airflow/.local/lib/python3.7/site-packages/airflow/example_dags/example_branch_python_dop_operator_3.py
[2023-07-04T00:09:03.681+0000] {logging_mixin.py:149} INFO - [2023-07-04T00:09:03.681+0000] {dag.py:2726} INFO - Sync 1 DAGs
[2023-07-04T00:09:03.722+0000] {logging_mixin.py:149} INFO - [2023-07-04T00:09:03.722+0000] {dag.py:3490} INFO - Setting next_dagrun for example_branch_dop_operator_v3 to 2023-07-04T00:08:00+00:00, run_after=2023-07-04T00:09:00+00:00
[2023-07-04T00:09:03.750+0000] {processor.py:179} INFO - Processing /home/airflow/.local/lib/python3.7/site-packages/airflow/example_dags/example_branch_python_dop_operator_3.py took 0.129 seconds
[2023-07-04T00:09:34.132+0000] {processor.py:157} INFO - Started process (PID=321) to work on /home/airflow/.local/lib/python3.7/site-packages/airflow/example_dags/example_branch_python_dop_operator_3.py
[2023-07-04T00:09:34.133+0000] {processor.py:826} INFO - Processing file /home/airflow/.local/lib/python3.7/site-packages/airflow/example_dags/example_branch_python_dop_operator_3.py for tasks to queue
[2023-07-04T00:09:34.134+0000] {logging_mixin.py:149} INFO - [2023-07-04T00:09:34.134+0000] {dagbag.py:541} INFO - Filling up the DagBag from /home/airflow/.local/lib/python3.7/site-packages/airflow/example_dags/example_branch_python_dop_operator_3.py
[2023-07-04T00:09:34.148+0000] {processor.py:836} INFO - DAG(s) dict_keys(['example_branch_dop_operator_v3']) retrieved from /home/airflow/.local/lib/python3.7/site-packages/airflow/example_dags/example_branch_python_dop_operator_3.py
[2023-07-04T00:09:34.201+0000] {logging_mixin.py:149} INFO - [2023-07-04T00:09:34.200+0000] {dag.py:2726} INFO - Sync 1 DAGs
[2023-07-04T00:09:34.259+0000] {logging_mixin.py:149} INFO - [2023-07-04T00:09:34.259+0000] {dag.py:3490} INFO - Setting next_dagrun for example_branch_dop_operator_v3 to 2023-07-04T00:08:00+00:00, run_after=2023-07-04T00:09:00+00:00
[2023-07-04T00:09:34.299+0000] {processor.py:179} INFO - Processing /home/airflow/.local/lib/python3.7/site-packages/airflow/example_dags/example_branch_python_dop_operator_3.py took 0.174 seconds
[2023-07-04T00:10:04.746+0000] {processor.py:157} INFO - Started process (PID=378) to work on /home/airflow/.local/lib/python3.7/site-packages/airflow/example_dags/example_branch_python_dop_operator_3.py
[2023-07-04T00:10:04.748+0000] {processor.py:826} INFO - Processing file /home/airflow/.local/lib/python3.7/site-packages/airflow/example_dags/example_branch_python_dop_operator_3.py for tasks to queue
[2023-07-04T00:10:04.749+0000] {logging_mixin.py:149} INFO - [2023-07-04T00:10:04.749+0000] {dagbag.py:541} INFO - Filling up the DagBag from /home/airflow/.local/lib/python3.7/site-packages/airflow/example_dags/example_branch_python_dop_operator_3.py
[2023-07-04T00:10:04.764+0000] {processor.py:836} INFO - DAG(s) dict_keys(['example_branch_dop_operator_v3']) retrieved from /home/airflow/.local/lib/python3.7/site-packages/airflow/example_dags/example_branch_python_dop_operator_3.py
[2023-07-04T00:10:04.818+0000] {logging_mixin.py:149} INFO - [2023-07-04T00:10:04.817+0000] {dag.py:2726} INFO - Sync 1 DAGs
[2023-07-04T00:10:04.882+0000] {logging_mixin.py:149} INFO - [2023-07-04T00:10:04.882+0000] {dag.py:3490} INFO - Setting next_dagrun for example_branch_dop_operator_v3 to 2023-07-04T00:09:00+00:00, run_after=2023-07-04T00:10:00+00:00
[2023-07-04T00:10:04.934+0000] {processor.py:179} INFO - Processing /home/airflow/.local/lib/python3.7/site-packages/airflow/example_dags/example_branch_python_dop_operator_3.py took 0.194 seconds
[2023-07-04T00:10:35.919+0000] {processor.py:157} INFO - Started process (PID=434) to work on /home/airflow/.local/lib/python3.7/site-packages/airflow/example_dags/example_branch_python_dop_operator_3.py
[2023-07-04T00:10:35.921+0000] {processor.py:826} INFO - Processing file /home/airflow/.local/lib/python3.7/site-packages/airflow/example_dags/example_branch_python_dop_operator_3.py for tasks to queue
[2023-07-04T00:10:35.922+0000] {logging_mixin.py:149} INFO - [2023-07-04T00:10:35.921+0000] {dagbag.py:541} INFO - Filling up the DagBag from /home/airflow/.local/lib/python3.7/site-packages/airflow/example_dags/example_branch_python_dop_operator_3.py
[2023-07-04T00:10:35.941+0000] {processor.py:836} INFO - DAG(s) dict_keys(['example_branch_dop_operator_v3']) retrieved from /home/airflow/.local/lib/python3.7/site-packages/airflow/example_dags/example_branch_python_dop_operator_3.py
[2023-07-04T00:10:36.011+0000] {logging_mixin.py:149} INFO - [2023-07-04T00:10:36.010+0000] {dag.py:2726} INFO - Sync 1 DAGs
[2023-07-04T00:10:36.084+0000] {logging_mixin.py:149} INFO - [2023-07-04T00:10:36.083+0000] {dag.py:3490} INFO - Setting next_dagrun for example_branch_dop_operator_v3 to 2023-07-04T00:09:00+00:00, run_after=2023-07-04T00:10:00+00:00
[2023-07-04T00:10:36.124+0000] {processor.py:179} INFO - Processing /home/airflow/.local/lib/python3.7/site-packages/airflow/example_dags/example_branch_python_dop_operator_3.py took 0.215 seconds
[2023-07-04T00:11:06.708+0000] {processor.py:157} INFO - Started process (PID=491) to work on /home/airflow/.local/lib/python3.7/site-packages/airflow/example_dags/example_branch_python_dop_operator_3.py
[2023-07-04T00:11:06.710+0000] {processor.py:826} INFO - Processing file /home/airflow/.local/lib/python3.7/site-packages/airflow/example_dags/example_branch_python_dop_operator_3.py for tasks to queue
[2023-07-04T00:11:06.712+0000] {logging_mixin.py:149} INFO - [2023-07-04T00:11:06.712+0000] {dagbag.py:541} INFO - Filling up the DagBag from /home/airflow/.local/lib/python3.7/site-packages/airflow/example_dags/example_branch_python_dop_operator_3.py
[2023-07-04T00:11:06.730+0000] {processor.py:836} INFO - DAG(s) dict_keys(['example_branch_dop_operator_v3']) retrieved from /home/airflow/.local/lib/python3.7/site-packages/airflow/example_dags/example_branch_python_dop_operator_3.py
[2023-07-04T00:11:06.777+0000] {logging_mixin.py:149} INFO - [2023-07-04T00:11:06.777+0000] {dag.py:2726} INFO - Sync 1 DAGs
[2023-07-04T00:11:06.834+0000] {logging_mixin.py:149} INFO - [2023-07-04T00:11:06.833+0000] {dag.py:3490} INFO - Setting next_dagrun for example_branch_dop_operator_v3 to 2023-07-04T00:10:00+00:00, run_after=2023-07-04T00:11:00+00:00
[2023-07-04T00:11:06.889+0000] {processor.py:179} INFO - Processing /home/airflow/.local/lib/python3.7/site-packages/airflow/example_dags/example_branch_python_dop_operator_3.py took 0.189 seconds
[2023-07-04T00:11:36.952+0000] {processor.py:157} INFO - Started process (PID=548) to work on /home/airflow/.local/lib/python3.7/site-packages/airflow/example_dags/example_branch_python_dop_operator_3.py
[2023-07-04T00:11:36.955+0000] {processor.py:826} INFO - Processing file /home/airflow/.local/lib/python3.7/site-packages/airflow/example_dags/example_branch_python_dop_operator_3.py for tasks to queue
[2023-07-04T00:11:36.958+0000] {logging_mixin.py:149} INFO - [2023-07-04T00:11:36.958+0000] {dagbag.py:541} INFO - Filling up the DagBag from /home/airflow/.local/lib/python3.7/site-packages/airflow/example_dags/example_branch_python_dop_operator_3.py
[2023-07-04T00:11:36.977+0000] {processor.py:836} INFO - DAG(s) dict_keys(['example_branch_dop_operator_v3']) retrieved from /home/airflow/.local/lib/python3.7/site-packages/airflow/example_dags/example_branch_python_dop_operator_3.py
[2023-07-04T00:11:37.032+0000] {logging_mixin.py:149} INFO - [2023-07-04T00:11:37.032+0000] {dag.py:2726} INFO - Sync 1 DAGs
[2023-07-04T00:11:37.077+0000] {logging_mixin.py:149} INFO - [2023-07-04T00:11:37.076+0000] {dag.py:3490} INFO - Setting next_dagrun for example_branch_dop_operator_v3 to 2023-07-04T00:10:00+00:00, run_after=2023-07-04T00:11:00+00:00
[2023-07-04T00:11:37.114+0000] {processor.py:179} INFO - Processing /home/airflow/.local/lib/python3.7/site-packages/airflow/example_dags/example_branch_python_dop_operator_3.py took 0.171 seconds
[2023-07-04T00:12:07.960+0000] {processor.py:157} INFO - Started process (PID=605) to work on /home/airflow/.local/lib/python3.7/site-packages/airflow/example_dags/example_branch_python_dop_operator_3.py
[2023-07-04T00:12:07.964+0000] {processor.py:826} INFO - Processing file /home/airflow/.local/lib/python3.7/site-packages/airflow/example_dags/example_branch_python_dop_operator_3.py for tasks to queue
[2023-07-04T00:12:07.967+0000] {logging_mixin.py:149} INFO - [2023-07-04T00:12:07.966+0000] {dagbag.py:541} INFO - Filling up the DagBag from /home/airflow/.local/lib/python3.7/site-packages/airflow/example_dags/example_branch_python_dop_operator_3.py
[2023-07-04T00:12:07.991+0000] {processor.py:836} INFO - DAG(s) dict_keys(['example_branch_dop_operator_v3']) retrieved from /home/airflow/.local/lib/python3.7/site-packages/airflow/example_dags/example_branch_python_dop_operator_3.py
[2023-07-04T00:12:08.055+0000] {logging_mixin.py:149} INFO - [2023-07-04T00:12:08.055+0000] {dag.py:2726} INFO - Sync 1 DAGs
[2023-07-04T00:12:08.139+0000] {logging_mixin.py:149} INFO - [2023-07-04T00:12:08.139+0000] {dag.py:3490} INFO - Setting next_dagrun for example_branch_dop_operator_v3 to 2023-07-04T00:11:00+00:00, run_after=2023-07-04T00:12:00+00:00
[2023-07-04T00:12:08.171+0000] {processor.py:179} INFO - Processing /home/airflow/.local/lib/python3.7/site-packages/airflow/example_dags/example_branch_python_dop_operator_3.py took 0.225 seconds
[2023-07-04T00:12:38.967+0000] {processor.py:157} INFO - Started process (PID=662) to work on /home/airflow/.local/lib/python3.7/site-packages/airflow/example_dags/example_branch_python_dop_operator_3.py
[2023-07-04T00:12:38.971+0000] {processor.py:826} INFO - Processing file /home/airflow/.local/lib/python3.7/site-packages/airflow/example_dags/example_branch_python_dop_operator_3.py for tasks to queue
[2023-07-04T00:12:38.973+0000] {logging_mixin.py:149} INFO - [2023-07-04T00:12:38.973+0000] {dagbag.py:541} INFO - Filling up the DagBag from /home/airflow/.local/lib/python3.7/site-packages/airflow/example_dags/example_branch_python_dop_operator_3.py
[2023-07-04T00:12:39.007+0000] {processor.py:836} INFO - DAG(s) dict_keys(['example_branch_dop_operator_v3']) retrieved from /home/airflow/.local/lib/python3.7/site-packages/airflow/example_dags/example_branch_python_dop_operator_3.py
[2023-07-04T00:12:39.087+0000] {logging_mixin.py:149} INFO - [2023-07-04T00:12:39.087+0000] {dag.py:2726} INFO - Sync 1 DAGs
[2023-07-04T00:12:39.205+0000] {logging_mixin.py:149} INFO - [2023-07-04T00:12:39.205+0000] {dag.py:3490} INFO - Setting next_dagrun for example_branch_dop_operator_v3 to 2023-07-04T00:11:00+00:00, run_after=2023-07-04T00:12:00+00:00
[2023-07-04T00:12:39.281+0000] {processor.py:179} INFO - Processing /home/airflow/.local/lib/python3.7/site-packages/airflow/example_dags/example_branch_python_dop_operator_3.py took 0.327 seconds
[2023-07-04T00:13:09.437+0000] {processor.py:157} INFO - Started process (PID=719) to work on /home/airflow/.local/lib/python3.7/site-packages/airflow/example_dags/example_branch_python_dop_operator_3.py
[2023-07-04T00:13:09.438+0000] {processor.py:826} INFO - Processing file /home/airflow/.local/lib/python3.7/site-packages/airflow/example_dags/example_branch_python_dop_operator_3.py for tasks to queue
[2023-07-04T00:13:09.439+0000] {logging_mixin.py:149} INFO - [2023-07-04T00:13:09.439+0000] {dagbag.py:541} INFO - Filling up the DagBag from /home/airflow/.local/lib/python3.7/site-packages/airflow/example_dags/example_branch_python_dop_operator_3.py
[2023-07-04T00:13:09.455+0000] {processor.py:836} INFO - DAG(s) dict_keys(['example_branch_dop_operator_v3']) retrieved from /home/airflow/.local/lib/python3.7/site-packages/airflow/example_dags/example_branch_python_dop_operator_3.py
[2023-07-04T00:13:09.507+0000] {logging_mixin.py:149} INFO - [2023-07-04T00:13:09.506+0000] {dag.py:2726} INFO - Sync 1 DAGs
[2023-07-04T00:13:09.582+0000] {logging_mixin.py:149} INFO - [2023-07-04T00:13:09.582+0000] {dag.py:3490} INFO - Setting next_dagrun for example_branch_dop_operator_v3 to 2023-07-04T00:12:00+00:00, run_after=2023-07-04T00:13:00+00:00
[2023-07-04T00:13:09.620+0000] {processor.py:179} INFO - Processing /home/airflow/.local/lib/python3.7/site-packages/airflow/example_dags/example_branch_python_dop_operator_3.py took 0.187 seconds
[2023-07-04T00:13:39.809+0000] {processor.py:157} INFO - Started process (PID=776) to work on /home/airflow/.local/lib/python3.7/site-packages/airflow/example_dags/example_branch_python_dop_operator_3.py
[2023-07-04T00:13:39.811+0000] {processor.py:826} INFO - Processing file /home/airflow/.local/lib/python3.7/site-packages/airflow/example_dags/example_branch_python_dop_operator_3.py for tasks to queue
[2023-07-04T00:13:39.812+0000] {logging_mixin.py:149} INFO - [2023-07-04T00:13:39.812+0000] {dagbag.py:541} INFO - Filling up the DagBag from /home/airflow/.local/lib/python3.7/site-packages/airflow/example_dags/example_branch_python_dop_operator_3.py
[2023-07-04T00:13:39.824+0000] {processor.py:836} INFO - DAG(s) dict_keys(['example_branch_dop_operator_v3']) retrieved from /home/airflow/.local/lib/python3.7/site-packages/airflow/example_dags/example_branch_python_dop_operator_3.py
[2023-07-04T00:13:39.864+0000] {logging_mixin.py:149} INFO - [2023-07-04T00:13:39.863+0000] {dag.py:2726} INFO - Sync 1 DAGs
[2023-07-04T00:13:39.911+0000] {logging_mixin.py:149} INFO - [2023-07-04T00:13:39.911+0000] {dag.py:3490} INFO - Setting next_dagrun for example_branch_dop_operator_v3 to 2023-07-04T00:12:00+00:00, run_after=2023-07-04T00:13:00+00:00
[2023-07-04T00:13:39.944+0000] {processor.py:179} INFO - Processing /home/airflow/.local/lib/python3.7/site-packages/airflow/example_dags/example_branch_python_dop_operator_3.py took 0.139 seconds
[2023-07-04T00:14:10.970+0000] {processor.py:157} INFO - Started process (PID=840) to work on /home/airflow/.local/lib/python3.7/site-packages/airflow/example_dags/example_branch_python_dop_operator_3.py
[2023-07-04T00:14:10.972+0000] {processor.py:826} INFO - Processing file /home/airflow/.local/lib/python3.7/site-packages/airflow/example_dags/example_branch_python_dop_operator_3.py for tasks to queue
[2023-07-04T00:14:10.974+0000] {logging_mixin.py:149} INFO - [2023-07-04T00:14:10.973+0000] {dagbag.py:541} INFO - Filling up the DagBag from /home/airflow/.local/lib/python3.7/site-packages/airflow/example_dags/example_branch_python_dop_operator_3.py
[2023-07-04T00:14:10.989+0000] {processor.py:836} INFO - DAG(s) dict_keys(['example_branch_dop_operator_v3']) retrieved from /home/airflow/.local/lib/python3.7/site-packages/airflow/example_dags/example_branch_python_dop_operator_3.py
[2023-07-04T00:14:11.034+0000] {logging_mixin.py:149} INFO - [2023-07-04T00:14:11.034+0000] {dag.py:2726} INFO - Sync 1 DAGs
[2023-07-04T00:14:11.100+0000] {logging_mixin.py:149} INFO - [2023-07-04T00:14:11.099+0000] {dag.py:3490} INFO - Setting next_dagrun for example_branch_dop_operator_v3 to 2023-07-04T00:13:00+00:00, run_after=2023-07-04T00:14:00+00:00
[2023-07-04T00:14:11.140+0000] {processor.py:179} INFO - Processing /home/airflow/.local/lib/python3.7/site-packages/airflow/example_dags/example_branch_python_dop_operator_3.py took 0.175 seconds
[2023-07-04T00:14:41.279+0000] {processor.py:157} INFO - Started process (PID=897) to work on /home/airflow/.local/lib/python3.7/site-packages/airflow/example_dags/example_branch_python_dop_operator_3.py
[2023-07-04T00:14:41.280+0000] {processor.py:826} INFO - Processing file /home/airflow/.local/lib/python3.7/site-packages/airflow/example_dags/example_branch_python_dop_operator_3.py for tasks to queue
[2023-07-04T00:14:41.281+0000] {logging_mixin.py:149} INFO - [2023-07-04T00:14:41.281+0000] {dagbag.py:541} INFO - Filling up the DagBag from /home/airflow/.local/lib/python3.7/site-packages/airflow/example_dags/example_branch_python_dop_operator_3.py
[2023-07-04T00:14:41.292+0000] {processor.py:836} INFO - DAG(s) dict_keys(['example_branch_dop_operator_v3']) retrieved from /home/airflow/.local/lib/python3.7/site-packages/airflow/example_dags/example_branch_python_dop_operator_3.py
[2023-07-04T00:14:41.330+0000] {logging_mixin.py:149} INFO - [2023-07-04T00:14:41.330+0000] {dag.py:2726} INFO - Sync 1 DAGs
[2023-07-04T00:14:41.374+0000] {logging_mixin.py:149} INFO - [2023-07-04T00:14:41.374+0000] {dag.py:3490} INFO - Setting next_dagrun for example_branch_dop_operator_v3 to 2023-07-04T00:13:00+00:00, run_after=2023-07-04T00:14:00+00:00
[2023-07-04T00:14:41.404+0000] {processor.py:179} INFO - Processing /home/airflow/.local/lib/python3.7/site-packages/airflow/example_dags/example_branch_python_dop_operator_3.py took 0.129 seconds
[2023-07-04T00:15:11.811+0000] {processor.py:157} INFO - Started process (PID=954) to work on /home/airflow/.local/lib/python3.7/site-packages/airflow/example_dags/example_branch_python_dop_operator_3.py
[2023-07-04T00:15:11.813+0000] {processor.py:826} INFO - Processing file /home/airflow/.local/lib/python3.7/site-packages/airflow/example_dags/example_branch_python_dop_operator_3.py for tasks to queue
[2023-07-04T00:15:11.814+0000] {logging_mixin.py:149} INFO - [2023-07-04T00:15:11.814+0000] {dagbag.py:541} INFO - Filling up the DagBag from /home/airflow/.local/lib/python3.7/site-packages/airflow/example_dags/example_branch_python_dop_operator_3.py
[2023-07-04T00:15:11.826+0000] {processor.py:836} INFO - DAG(s) dict_keys(['example_branch_dop_operator_v3']) retrieved from /home/airflow/.local/lib/python3.7/site-packages/airflow/example_dags/example_branch_python_dop_operator_3.py
[2023-07-04T00:15:11.871+0000] {logging_mixin.py:149} INFO - [2023-07-04T00:15:11.871+0000] {dag.py:2726} INFO - Sync 1 DAGs
[2023-07-04T00:15:11.928+0000] {logging_mixin.py:149} INFO - [2023-07-04T00:15:11.927+0000] {dag.py:3490} INFO - Setting next_dagrun for example_branch_dop_operator_v3 to 2023-07-04T00:14:00+00:00, run_after=2023-07-04T00:15:00+00:00
[2023-07-04T00:15:11.961+0000] {processor.py:179} INFO - Processing /home/airflow/.local/lib/python3.7/site-packages/airflow/example_dags/example_branch_python_dop_operator_3.py took 0.157 seconds
[2023-07-04T00:15:42.280+0000] {processor.py:157} INFO - Started process (PID=1012) to work on /home/airflow/.local/lib/python3.7/site-packages/airflow/example_dags/example_branch_python_dop_operator_3.py
[2023-07-04T00:15:42.281+0000] {processor.py:826} INFO - Processing file /home/airflow/.local/lib/python3.7/site-packages/airflow/example_dags/example_branch_python_dop_operator_3.py for tasks to queue
[2023-07-04T00:15:42.283+0000] {logging_mixin.py:149} INFO - [2023-07-04T00:15:42.283+0000] {dagbag.py:541} INFO - Filling up the DagBag from /home/airflow/.local/lib/python3.7/site-packages/airflow/example_dags/example_branch_python_dop_operator_3.py
[2023-07-04T00:15:42.303+0000] {processor.py:836} INFO - DAG(s) dict_keys(['example_branch_dop_operator_v3']) retrieved from /home/airflow/.local/lib/python3.7/site-packages/airflow/example_dags/example_branch_python_dop_operator_3.py
[2023-07-04T00:15:42.360+0000] {logging_mixin.py:149} INFO - [2023-07-04T00:15:42.360+0000] {dag.py:2726} INFO - Sync 1 DAGs
[2023-07-04T00:15:42.426+0000] {logging_mixin.py:149} INFO - [2023-07-04T00:15:42.426+0000] {dag.py:3490} INFO - Setting next_dagrun for example_branch_dop_operator_v3 to 2023-07-04T00:14:00+00:00, run_after=2023-07-04T00:15:00+00:00
[2023-07-04T00:15:42.471+0000] {processor.py:179} INFO - Processing /home/airflow/.local/lib/python3.7/site-packages/airflow/example_dags/example_branch_python_dop_operator_3.py took 0.198 seconds
[2023-07-04T00:16:12.622+0000] {processor.py:157} INFO - Started process (PID=1069) to work on /home/airflow/.local/lib/python3.7/site-packages/airflow/example_dags/example_branch_python_dop_operator_3.py
[2023-07-04T00:16:12.624+0000] {processor.py:826} INFO - Processing file /home/airflow/.local/lib/python3.7/site-packages/airflow/example_dags/example_branch_python_dop_operator_3.py for tasks to queue
[2023-07-04T00:16:12.625+0000] {logging_mixin.py:149} INFO - [2023-07-04T00:16:12.625+0000] {dagbag.py:541} INFO - Filling up the DagBag from /home/airflow/.local/lib/python3.7/site-packages/airflow/example_dags/example_branch_python_dop_operator_3.py
[2023-07-04T00:16:12.651+0000] {processor.py:836} INFO - DAG(s) dict_keys(['example_branch_dop_operator_v3']) retrieved from /home/airflow/.local/lib/python3.7/site-packages/airflow/example_dags/example_branch_python_dop_operator_3.py
[2023-07-04T00:16:12.703+0000] {logging_mixin.py:149} INFO - [2023-07-04T00:16:12.702+0000] {dag.py:2726} INFO - Sync 1 DAGs
[2023-07-04T00:16:12.757+0000] {logging_mixin.py:149} INFO - [2023-07-04T00:16:12.757+0000] {dag.py:3490} INFO - Setting next_dagrun for example_branch_dop_operator_v3 to 2023-07-04T00:15:00+00:00, run_after=2023-07-04T00:16:00+00:00
[2023-07-04T00:16:12.791+0000] {processor.py:179} INFO - Processing /home/airflow/.local/lib/python3.7/site-packages/airflow/example_dags/example_branch_python_dop_operator_3.py took 0.177 seconds
[2023-07-04T00:16:42.899+0000] {processor.py:157} INFO - Started process (PID=1126) to work on /home/airflow/.local/lib/python3.7/site-packages/airflow/example_dags/example_branch_python_dop_operator_3.py
[2023-07-04T00:16:42.900+0000] {processor.py:826} INFO - Processing file /home/airflow/.local/lib/python3.7/site-packages/airflow/example_dags/example_branch_python_dop_operator_3.py for tasks to queue
[2023-07-04T00:16:42.901+0000] {logging_mixin.py:149} INFO - [2023-07-04T00:16:42.901+0000] {dagbag.py:541} INFO - Filling up the DagBag from /home/airflow/.local/lib/python3.7/site-packages/airflow/example_dags/example_branch_python_dop_operator_3.py
[2023-07-04T00:16:42.913+0000] {processor.py:836} INFO - DAG(s) dict_keys(['example_branch_dop_operator_v3']) retrieved from /home/airflow/.local/lib/python3.7/site-packages/airflow/example_dags/example_branch_python_dop_operator_3.py
[2023-07-04T00:16:42.949+0000] {logging_mixin.py:149} INFO - [2023-07-04T00:16:42.948+0000] {dag.py:2726} INFO - Sync 1 DAGs
[2023-07-04T00:16:42.989+0000] {logging_mixin.py:149} INFO - [2023-07-04T00:16:42.989+0000] {dag.py:3490} INFO - Setting next_dagrun for example_branch_dop_operator_v3 to 2023-07-04T00:15:00+00:00, run_after=2023-07-04T00:16:00+00:00
[2023-07-04T00:16:43.018+0000] {processor.py:179} INFO - Processing /home/airflow/.local/lib/python3.7/site-packages/airflow/example_dags/example_branch_python_dop_operator_3.py took 0.124 seconds
[2023-07-04T00:17:13.662+0000] {processor.py:157} INFO - Started process (PID=1183) to work on /home/airflow/.local/lib/python3.7/site-packages/airflow/example_dags/example_branch_python_dop_operator_3.py
[2023-07-04T00:17:13.663+0000] {processor.py:826} INFO - Processing file /home/airflow/.local/lib/python3.7/site-packages/airflow/example_dags/example_branch_python_dop_operator_3.py for tasks to queue
[2023-07-04T00:17:13.664+0000] {logging_mixin.py:149} INFO - [2023-07-04T00:17:13.663+0000] {dagbag.py:541} INFO - Filling up the DagBag from /home/airflow/.local/lib/python3.7/site-packages/airflow/example_dags/example_branch_python_dop_operator_3.py
[2023-07-04T00:17:13.678+0000] {processor.py:836} INFO - DAG(s) dict_keys(['example_branch_dop_operator_v3']) retrieved from /home/airflow/.local/lib/python3.7/site-packages/airflow/example_dags/example_branch_python_dop_operator_3.py
[2023-07-04T00:17:13.719+0000] {logging_mixin.py:149} INFO - [2023-07-04T00:17:13.719+0000] {dag.py:2726} INFO - Sync 1 DAGs
[2023-07-04T00:17:13.775+0000] {logging_mixin.py:149} INFO - [2023-07-04T00:17:13.774+0000] {dag.py:3490} INFO - Setting next_dagrun for example_branch_dop_operator_v3 to 2023-07-04T00:16:00+00:00, run_after=2023-07-04T00:17:00+00:00
[2023-07-04T00:17:13.809+0000] {processor.py:179} INFO - Processing /home/airflow/.local/lib/python3.7/site-packages/airflow/example_dags/example_branch_python_dop_operator_3.py took 0.153 seconds
[2023-07-04T00:17:43.902+0000] {processor.py:157} INFO - Started process (PID=1240) to work on /home/airflow/.local/lib/python3.7/site-packages/airflow/example_dags/example_branch_python_dop_operator_3.py
[2023-07-04T00:17:43.903+0000] {processor.py:826} INFO - Processing file /home/airflow/.local/lib/python3.7/site-packages/airflow/example_dags/example_branch_python_dop_operator_3.py for tasks to queue
[2023-07-04T00:17:43.905+0000] {logging_mixin.py:149} INFO - [2023-07-04T00:17:43.905+0000] {dagbag.py:541} INFO - Filling up the DagBag from /home/airflow/.local/lib/python3.7/site-packages/airflow/example_dags/example_branch_python_dop_operator_3.py
[2023-07-04T00:17:43.931+0000] {processor.py:836} INFO - DAG(s) dict_keys(['example_branch_dop_operator_v3']) retrieved from /home/airflow/.local/lib/python3.7/site-packages/airflow/example_dags/example_branch_python_dop_operator_3.py
[2023-07-04T00:17:43.990+0000] {logging_mixin.py:149} INFO - [2023-07-04T00:17:43.990+0000] {dag.py:2726} INFO - Sync 1 DAGs
[2023-07-04T00:17:44.038+0000] {logging_mixin.py:149} INFO - [2023-07-04T00:17:44.038+0000] {dag.py:3490} INFO - Setting next_dagrun for example_branch_dop_operator_v3 to 2023-07-04T00:16:00+00:00, run_after=2023-07-04T00:17:00+00:00
[2023-07-04T00:17:44.074+0000] {processor.py:179} INFO - Processing /home/airflow/.local/lib/python3.7/site-packages/airflow/example_dags/example_branch_python_dop_operator_3.py took 0.180 seconds
[2023-07-04T00:18:14.559+0000] {processor.py:157} INFO - Started process (PID=1297) to work on /home/airflow/.local/lib/python3.7/site-packages/airflow/example_dags/example_branch_python_dop_operator_3.py
[2023-07-04T00:18:14.560+0000] {processor.py:826} INFO - Processing file /home/airflow/.local/lib/python3.7/site-packages/airflow/example_dags/example_branch_python_dop_operator_3.py for tasks to queue
[2023-07-04T00:18:14.561+0000] {logging_mixin.py:149} INFO - [2023-07-04T00:18:14.561+0000] {dagbag.py:541} INFO - Filling up the DagBag from /home/airflow/.local/lib/python3.7/site-packages/airflow/example_dags/example_branch_python_dop_operator_3.py
[2023-07-04T00:18:14.575+0000] {processor.py:836} INFO - DAG(s) dict_keys(['example_branch_dop_operator_v3']) retrieved from /home/airflow/.local/lib/python3.7/site-packages/airflow/example_dags/example_branch_python_dop_operator_3.py
[2023-07-04T00:18:14.615+0000] {logging_mixin.py:149} INFO - [2023-07-04T00:18:14.615+0000] {dag.py:2726} INFO - Sync 1 DAGs
[2023-07-04T00:18:14.671+0000] {logging_mixin.py:149} INFO - [2023-07-04T00:18:14.671+0000] {dag.py:3490} INFO - Setting next_dagrun for example_branch_dop_operator_v3 to 2023-07-04T00:17:00+00:00, run_after=2023-07-04T00:18:00+00:00
[2023-07-04T00:18:14.710+0000] {processor.py:179} INFO - Processing /home/airflow/.local/lib/python3.7/site-packages/airflow/example_dags/example_branch_python_dop_operator_3.py took 0.157 seconds
[2023-07-04T00:18:45.000+0000] {processor.py:157} INFO - Started process (PID=1353) to work on /home/airflow/.local/lib/python3.7/site-packages/airflow/example_dags/example_branch_python_dop_operator_3.py
[2023-07-04T00:18:45.002+0000] {processor.py:826} INFO - Processing file /home/airflow/.local/lib/python3.7/site-packages/airflow/example_dags/example_branch_python_dop_operator_3.py for tasks to queue
[2023-07-04T00:18:45.003+0000] {logging_mixin.py:149} INFO - [2023-07-04T00:18:45.003+0000] {dagbag.py:541} INFO - Filling up the DagBag from /home/airflow/.local/lib/python3.7/site-packages/airflow/example_dags/example_branch_python_dop_operator_3.py
[2023-07-04T00:18:45.021+0000] {processor.py:836} INFO - DAG(s) dict_keys(['example_branch_dop_operator_v3']) retrieved from /home/airflow/.local/lib/python3.7/site-packages/airflow/example_dags/example_branch_python_dop_operator_3.py
[2023-07-04T00:18:45.089+0000] {logging_mixin.py:149} INFO - [2023-07-04T00:18:45.089+0000] {dag.py:2726} INFO - Sync 1 DAGs
[2023-07-04T00:18:45.164+0000] {logging_mixin.py:149} INFO - [2023-07-04T00:18:45.164+0000] {dag.py:3490} INFO - Setting next_dagrun for example_branch_dop_operator_v3 to 2023-07-04T00:17:00+00:00, run_after=2023-07-04T00:18:00+00:00
[2023-07-04T00:18:45.202+0000] {processor.py:179} INFO - Processing /home/airflow/.local/lib/python3.7/site-packages/airflow/example_dags/example_branch_python_dop_operator_3.py took 0.207 seconds
[2023-07-04T00:19:15.390+0000] {processor.py:157} INFO - Started process (PID=1411) to work on /home/airflow/.local/lib/python3.7/site-packages/airflow/example_dags/example_branch_python_dop_operator_3.py
[2023-07-04T00:19:15.391+0000] {processor.py:826} INFO - Processing file /home/airflow/.local/lib/python3.7/site-packages/airflow/example_dags/example_branch_python_dop_operator_3.py for tasks to queue
[2023-07-04T00:19:15.392+0000] {logging_mixin.py:149} INFO - [2023-07-04T00:19:15.392+0000] {dagbag.py:541} INFO - Filling up the DagBag from /home/airflow/.local/lib/python3.7/site-packages/airflow/example_dags/example_branch_python_dop_operator_3.py
[2023-07-04T00:19:15.408+0000] {processor.py:836} INFO - DAG(s) dict_keys(['example_branch_dop_operator_v3']) retrieved from /home/airflow/.local/lib/python3.7/site-packages/airflow/example_dags/example_branch_python_dop_operator_3.py
[2023-07-04T00:19:15.450+0000] {logging_mixin.py:149} INFO - [2023-07-04T00:19:15.450+0000] {dag.py:2726} INFO - Sync 1 DAGs
[2023-07-04T00:19:15.503+0000] {logging_mixin.py:149} INFO - [2023-07-04T00:19:15.503+0000] {dag.py:3490} INFO - Setting next_dagrun for example_branch_dop_operator_v3 to 2023-07-04T00:18:00+00:00, run_after=2023-07-04T00:19:00+00:00
[2023-07-04T00:19:15.538+0000] {processor.py:179} INFO - Processing /home/airflow/.local/lib/python3.7/site-packages/airflow/example_dags/example_branch_python_dop_operator_3.py took 0.154 seconds
[2023-07-04T00:19:46.154+0000] {processor.py:157} INFO - Started process (PID=1468) to work on /home/airflow/.local/lib/python3.7/site-packages/airflow/example_dags/example_branch_python_dop_operator_3.py
[2023-07-04T00:19:46.164+0000] {processor.py:826} INFO - Processing file /home/airflow/.local/lib/python3.7/site-packages/airflow/example_dags/example_branch_python_dop_operator_3.py for tasks to queue
[2023-07-04T00:19:46.166+0000] {logging_mixin.py:149} INFO - [2023-07-04T00:19:46.166+0000] {dagbag.py:541} INFO - Filling up the DagBag from /home/airflow/.local/lib/python3.7/site-packages/airflow/example_dags/example_branch_python_dop_operator_3.py
[2023-07-04T00:19:46.197+0000] {processor.py:836} INFO - DAG(s) dict_keys(['example_branch_dop_operator_v3']) retrieved from /home/airflow/.local/lib/python3.7/site-packages/airflow/example_dags/example_branch_python_dop_operator_3.py
[2023-07-04T00:19:46.267+0000] {logging_mixin.py:149} INFO - [2023-07-04T00:19:46.267+0000] {dag.py:2726} INFO - Sync 1 DAGs
[2023-07-04T00:19:46.364+0000] {logging_mixin.py:149} INFO - [2023-07-04T00:19:46.364+0000] {dag.py:3490} INFO - Setting next_dagrun for example_branch_dop_operator_v3 to 2023-07-04T00:18:00+00:00, run_after=2023-07-04T00:19:00+00:00
[2023-07-04T00:19:46.421+0000] {processor.py:179} INFO - Processing /home/airflow/.local/lib/python3.7/site-packages/airflow/example_dags/example_branch_python_dop_operator_3.py took 0.292 seconds
[2023-07-04T00:20:16.540+0000] {processor.py:157} INFO - Started process (PID=1525) to work on /home/airflow/.local/lib/python3.7/site-packages/airflow/example_dags/example_branch_python_dop_operator_3.py
[2023-07-04T00:20:16.542+0000] {processor.py:826} INFO - Processing file /home/airflow/.local/lib/python3.7/site-packages/airflow/example_dags/example_branch_python_dop_operator_3.py for tasks to queue
[2023-07-04T00:20:16.544+0000] {logging_mixin.py:149} INFO - [2023-07-04T00:20:16.543+0000] {dagbag.py:541} INFO - Filling up the DagBag from /home/airflow/.local/lib/python3.7/site-packages/airflow/example_dags/example_branch_python_dop_operator_3.py
[2023-07-04T00:20:16.571+0000] {processor.py:836} INFO - DAG(s) dict_keys(['example_branch_dop_operator_v3']) retrieved from /home/airflow/.local/lib/python3.7/site-packages/airflow/example_dags/example_branch_python_dop_operator_3.py
[2023-07-04T00:20:16.631+0000] {logging_mixin.py:149} INFO - [2023-07-04T00:20:16.631+0000] {dag.py:2726} INFO - Sync 1 DAGs
[2023-07-04T00:20:16.706+0000] {logging_mixin.py:149} INFO - [2023-07-04T00:20:16.706+0000] {dag.py:3490} INFO - Setting next_dagrun for example_branch_dop_operator_v3 to 2023-07-04T00:19:00+00:00, run_after=2023-07-04T00:20:00+00:00
[2023-07-04T00:20:16.737+0000] {processor.py:179} INFO - Processing /home/airflow/.local/lib/python3.7/site-packages/airflow/example_dags/example_branch_python_dop_operator_3.py took 0.206 seconds
[2023-07-04T00:20:47.449+0000] {processor.py:157} INFO - Started process (PID=1582) to work on /home/airflow/.local/lib/python3.7/site-packages/airflow/example_dags/example_branch_python_dop_operator_3.py
[2023-07-04T00:20:47.451+0000] {processor.py:826} INFO - Processing file /home/airflow/.local/lib/python3.7/site-packages/airflow/example_dags/example_branch_python_dop_operator_3.py for tasks to queue
[2023-07-04T00:20:47.451+0000] {logging_mixin.py:149} INFO - [2023-07-04T00:20:47.451+0000] {dagbag.py:541} INFO - Filling up the DagBag from /home/airflow/.local/lib/python3.7/site-packages/airflow/example_dags/example_branch_python_dop_operator_3.py
[2023-07-04T00:20:47.465+0000] {processor.py:836} INFO - DAG(s) dict_keys(['example_branch_dop_operator_v3']) retrieved from /home/airflow/.local/lib/python3.7/site-packages/airflow/example_dags/example_branch_python_dop_operator_3.py
[2023-07-04T00:20:47.502+0000] {logging_mixin.py:149} INFO - [2023-07-04T00:20:47.502+0000] {dag.py:2726} INFO - Sync 1 DAGs
[2023-07-04T00:20:47.554+0000] {logging_mixin.py:149} INFO - [2023-07-04T00:20:47.553+0000] {dag.py:3490} INFO - Setting next_dagrun for example_branch_dop_operator_v3 to 2023-07-04T00:19:00+00:00, run_after=2023-07-04T00:20:00+00:00
[2023-07-04T00:20:47.589+0000] {processor.py:179} INFO - Processing /home/airflow/.local/lib/python3.7/site-packages/airflow/example_dags/example_branch_python_dop_operator_3.py took 0.144 seconds
[2023-07-04T00:21:17.946+0000] {processor.py:157} INFO - Started process (PID=1638) to work on /home/airflow/.local/lib/python3.7/site-packages/airflow/example_dags/example_branch_python_dop_operator_3.py
[2023-07-04T00:21:17.948+0000] {processor.py:826} INFO - Processing file /home/airflow/.local/lib/python3.7/site-packages/airflow/example_dags/example_branch_python_dop_operator_3.py for tasks to queue
[2023-07-04T00:21:17.949+0000] {logging_mixin.py:149} INFO - [2023-07-04T00:21:17.949+0000] {dagbag.py:541} INFO - Filling up the DagBag from /home/airflow/.local/lib/python3.7/site-packages/airflow/example_dags/example_branch_python_dop_operator_3.py
[2023-07-04T00:21:17.960+0000] {processor.py:836} INFO - DAG(s) dict_keys(['example_branch_dop_operator_v3']) retrieved from /home/airflow/.local/lib/python3.7/site-packages/airflow/example_dags/example_branch_python_dop_operator_3.py
[2023-07-04T00:21:17.998+0000] {logging_mixin.py:149} INFO - [2023-07-04T00:21:17.998+0000] {dag.py:2726} INFO - Sync 1 DAGs
[2023-07-04T00:21:18.061+0000] {logging_mixin.py:149} INFO - [2023-07-04T00:21:18.061+0000] {dag.py:3490} INFO - Setting next_dagrun for example_branch_dop_operator_v3 to 2023-07-04T00:20:00+00:00, run_after=2023-07-04T00:21:00+00:00
[2023-07-04T00:21:18.096+0000] {processor.py:179} INFO - Processing /home/airflow/.local/lib/python3.7/site-packages/airflow/example_dags/example_branch_python_dop_operator_3.py took 0.154 seconds
[2023-07-04T00:21:48.214+0000] {processor.py:157} INFO - Started process (PID=1695) to work on /home/airflow/.local/lib/python3.7/site-packages/airflow/example_dags/example_branch_python_dop_operator_3.py
[2023-07-04T00:21:48.215+0000] {processor.py:826} INFO - Processing file /home/airflow/.local/lib/python3.7/site-packages/airflow/example_dags/example_branch_python_dop_operator_3.py for tasks to queue
[2023-07-04T00:21:48.216+0000] {logging_mixin.py:149} INFO - [2023-07-04T00:21:48.216+0000] {dagbag.py:541} INFO - Filling up the DagBag from /home/airflow/.local/lib/python3.7/site-packages/airflow/example_dags/example_branch_python_dop_operator_3.py
[2023-07-04T00:21:48.227+0000] {processor.py:836} INFO - DAG(s) dict_keys(['example_branch_dop_operator_v3']) retrieved from /home/airflow/.local/lib/python3.7/site-packages/airflow/example_dags/example_branch_python_dop_operator_3.py
[2023-07-04T00:21:48.262+0000] {logging_mixin.py:149} INFO - [2023-07-04T00:21:48.262+0000] {dag.py:2726} INFO - Sync 1 DAGs
[2023-07-04T00:21:48.305+0000] {logging_mixin.py:149} INFO - [2023-07-04T00:21:48.305+0000] {dag.py:3490} INFO - Setting next_dagrun for example_branch_dop_operator_v3 to 2023-07-04T00:20:00+00:00, run_after=2023-07-04T00:21:00+00:00
[2023-07-04T00:21:48.332+0000] {processor.py:179} INFO - Processing /home/airflow/.local/lib/python3.7/site-packages/airflow/example_dags/example_branch_python_dop_operator_3.py took 0.124 seconds
[2023-07-04T00:22:19.242+0000] {processor.py:157} INFO - Started process (PID=1752) to work on /home/airflow/.local/lib/python3.7/site-packages/airflow/example_dags/example_branch_python_dop_operator_3.py
[2023-07-04T00:22:19.243+0000] {processor.py:826} INFO - Processing file /home/airflow/.local/lib/python3.7/site-packages/airflow/example_dags/example_branch_python_dop_operator_3.py for tasks to queue
[2023-07-04T00:22:19.244+0000] {logging_mixin.py:149} INFO - [2023-07-04T00:22:19.244+0000] {dagbag.py:541} INFO - Filling up the DagBag from /home/airflow/.local/lib/python3.7/site-packages/airflow/example_dags/example_branch_python_dop_operator_3.py
[2023-07-04T00:22:19.260+0000] {processor.py:836} INFO - DAG(s) dict_keys(['example_branch_dop_operator_v3']) retrieved from /home/airflow/.local/lib/python3.7/site-packages/airflow/example_dags/example_branch_python_dop_operator_3.py
[2023-07-04T00:22:19.309+0000] {logging_mixin.py:149} INFO - [2023-07-04T00:22:19.309+0000] {dag.py:2726} INFO - Sync 1 DAGs
[2023-07-04T00:22:19.377+0000] {logging_mixin.py:149} INFO - [2023-07-04T00:22:19.376+0000] {dag.py:3490} INFO - Setting next_dagrun for example_branch_dop_operator_v3 to 2023-07-04T00:21:00+00:00, run_after=2023-07-04T00:22:00+00:00
[2023-07-04T00:22:19.416+0000] {processor.py:179} INFO - Processing /home/airflow/.local/lib/python3.7/site-packages/airflow/example_dags/example_branch_python_dop_operator_3.py took 0.180 seconds
[2023-07-04T00:22:50.158+0000] {processor.py:157} INFO - Started process (PID=1809) to work on /home/airflow/.local/lib/python3.7/site-packages/airflow/example_dags/example_branch_python_dop_operator_3.py
[2023-07-04T00:22:50.160+0000] {processor.py:826} INFO - Processing file /home/airflow/.local/lib/python3.7/site-packages/airflow/example_dags/example_branch_python_dop_operator_3.py for tasks to queue
[2023-07-04T00:22:50.162+0000] {logging_mixin.py:149} INFO - [2023-07-04T00:22:50.161+0000] {dagbag.py:541} INFO - Filling up the DagBag from /home/airflow/.local/lib/python3.7/site-packages/airflow/example_dags/example_branch_python_dop_operator_3.py
[2023-07-04T00:22:50.186+0000] {processor.py:836} INFO - DAG(s) dict_keys(['example_branch_dop_operator_v3']) retrieved from /home/airflow/.local/lib/python3.7/site-packages/airflow/example_dags/example_branch_python_dop_operator_3.py
[2023-07-04T00:22:50.243+0000] {logging_mixin.py:149} INFO - [2023-07-04T00:22:50.243+0000] {dag.py:2726} INFO - Sync 1 DAGs
[2023-07-04T00:22:50.310+0000] {logging_mixin.py:149} INFO - [2023-07-04T00:22:50.310+0000] {dag.py:3490} INFO - Setting next_dagrun for example_branch_dop_operator_v3 to 2023-07-04T00:21:00+00:00, run_after=2023-07-04T00:22:00+00:00
[2023-07-04T00:22:50.350+0000] {processor.py:179} INFO - Processing /home/airflow/.local/lib/python3.7/site-packages/airflow/example_dags/example_branch_python_dop_operator_3.py took 0.198 seconds
[2023-07-04T00:23:20.768+0000] {processor.py:157} INFO - Started process (PID=1866) to work on /home/airflow/.local/lib/python3.7/site-packages/airflow/example_dags/example_branch_python_dop_operator_3.py
[2023-07-04T00:23:20.770+0000] {processor.py:826} INFO - Processing file /home/airflow/.local/lib/python3.7/site-packages/airflow/example_dags/example_branch_python_dop_operator_3.py for tasks to queue
[2023-07-04T00:23:20.771+0000] {logging_mixin.py:149} INFO - [2023-07-04T00:23:20.771+0000] {dagbag.py:541} INFO - Filling up the DagBag from /home/airflow/.local/lib/python3.7/site-packages/airflow/example_dags/example_branch_python_dop_operator_3.py
[2023-07-04T00:23:20.785+0000] {processor.py:836} INFO - DAG(s) dict_keys(['example_branch_dop_operator_v3']) retrieved from /home/airflow/.local/lib/python3.7/site-packages/airflow/example_dags/example_branch_python_dop_operator_3.py
[2023-07-04T00:23:20.828+0000] {logging_mixin.py:149} INFO - [2023-07-04T00:23:20.828+0000] {dag.py:2726} INFO - Sync 1 DAGs
[2023-07-04T00:23:20.887+0000] {logging_mixin.py:149} INFO - [2023-07-04T00:23:20.886+0000] {dag.py:3490} INFO - Setting next_dagrun for example_branch_dop_operator_v3 to 2023-07-04T00:22:00+00:00, run_after=2023-07-04T00:23:00+00:00
[2023-07-04T00:23:20.923+0000] {processor.py:179} INFO - Processing /home/airflow/.local/lib/python3.7/site-packages/airflow/example_dags/example_branch_python_dop_operator_3.py took 0.163 seconds
[2023-07-04T00:23:51.075+0000] {processor.py:157} INFO - Started process (PID=1923) to work on /home/airflow/.local/lib/python3.7/site-packages/airflow/example_dags/example_branch_python_dop_operator_3.py
[2023-07-04T00:23:51.077+0000] {processor.py:826} INFO - Processing file /home/airflow/.local/lib/python3.7/site-packages/airflow/example_dags/example_branch_python_dop_operator_3.py for tasks to queue
[2023-07-04T00:23:51.078+0000] {logging_mixin.py:149} INFO - [2023-07-04T00:23:51.078+0000] {dagbag.py:541} INFO - Filling up the DagBag from /home/airflow/.local/lib/python3.7/site-packages/airflow/example_dags/example_branch_python_dop_operator_3.py
[2023-07-04T00:23:51.093+0000] {processor.py:836} INFO - DAG(s) dict_keys(['example_branch_dop_operator_v3']) retrieved from /home/airflow/.local/lib/python3.7/site-packages/airflow/example_dags/example_branch_python_dop_operator_3.py
[2023-07-04T00:23:51.140+0000] {logging_mixin.py:149} INFO - [2023-07-04T00:23:51.140+0000] {dag.py:2726} INFO - Sync 1 DAGs
[2023-07-04T00:23:51.209+0000] {logging_mixin.py:149} INFO - [2023-07-04T00:23:51.209+0000] {dag.py:3490} INFO - Setting next_dagrun for example_branch_dop_operator_v3 to 2023-07-04T00:22:00+00:00, run_after=2023-07-04T00:23:00+00:00
[2023-07-04T00:23:51.255+0000] {processor.py:179} INFO - Processing /home/airflow/.local/lib/python3.7/site-packages/airflow/example_dags/example_branch_python_dop_operator_3.py took 0.186 seconds
[2023-07-04T00:24:21.629+0000] {processor.py:157} INFO - Started process (PID=1980) to work on /home/airflow/.local/lib/python3.7/site-packages/airflow/example_dags/example_branch_python_dop_operator_3.py
[2023-07-04T00:24:21.631+0000] {processor.py:826} INFO - Processing file /home/airflow/.local/lib/python3.7/site-packages/airflow/example_dags/example_branch_python_dop_operator_3.py for tasks to queue
[2023-07-04T00:24:21.633+0000] {logging_mixin.py:149} INFO - [2023-07-04T00:24:21.633+0000] {dagbag.py:541} INFO - Filling up the DagBag from /home/airflow/.local/lib/python3.7/site-packages/airflow/example_dags/example_branch_python_dop_operator_3.py
[2023-07-04T00:24:21.650+0000] {processor.py:836} INFO - DAG(s) dict_keys(['example_branch_dop_operator_v3']) retrieved from /home/airflow/.local/lib/python3.7/site-packages/airflow/example_dags/example_branch_python_dop_operator_3.py
[2023-07-04T00:24:21.702+0000] {logging_mixin.py:149} INFO - [2023-07-04T00:24:21.702+0000] {dag.py:2726} INFO - Sync 1 DAGs
[2023-07-04T00:24:21.769+0000] {logging_mixin.py:149} INFO - [2023-07-04T00:24:21.768+0000] {dag.py:3490} INFO - Setting next_dagrun for example_branch_dop_operator_v3 to 2023-07-04T00:23:00+00:00, run_after=2023-07-04T00:24:00+00:00
[2023-07-04T00:24:21.808+0000] {processor.py:179} INFO - Processing /home/airflow/.local/lib/python3.7/site-packages/airflow/example_dags/example_branch_python_dop_operator_3.py took 0.185 seconds
[2023-07-04T00:24:52.406+0000] {processor.py:157} INFO - Started process (PID=2032) to work on /home/airflow/.local/lib/python3.7/site-packages/airflow/example_dags/example_branch_python_dop_operator_3.py
[2023-07-04T00:24:52.407+0000] {processor.py:826} INFO - Processing file /home/airflow/.local/lib/python3.7/site-packages/airflow/example_dags/example_branch_python_dop_operator_3.py for tasks to queue
[2023-07-04T00:24:52.408+0000] {logging_mixin.py:149} INFO - [2023-07-04T00:24:52.408+0000] {dagbag.py:541} INFO - Filling up the DagBag from /home/airflow/.local/lib/python3.7/site-packages/airflow/example_dags/example_branch_python_dop_operator_3.py
[2023-07-04T00:24:52.431+0000] {processor.py:836} INFO - DAG(s) dict_keys(['example_branch_dop_operator_v3']) retrieved from /home/airflow/.local/lib/python3.7/site-packages/airflow/example_dags/example_branch_python_dop_operator_3.py
[2023-07-04T00:24:52.498+0000] {logging_mixin.py:149} INFO - [2023-07-04T00:24:52.498+0000] {dag.py:2726} INFO - Sync 1 DAGs
[2023-07-04T00:24:52.590+0000] {logging_mixin.py:149} INFO - [2023-07-04T00:24:52.590+0000] {dag.py:3490} INFO - Setting next_dagrun for example_branch_dop_operator_v3 to 2023-07-04T00:23:00+00:00, run_after=2023-07-04T00:24:00+00:00
[2023-07-04T00:24:52.641+0000] {processor.py:179} INFO - Processing /home/airflow/.local/lib/python3.7/site-packages/airflow/example_dags/example_branch_python_dop_operator_3.py took 0.244 seconds
[2023-07-04T00:25:22.767+0000] {processor.py:157} INFO - Started process (PID=2090) to work on /home/airflow/.local/lib/python3.7/site-packages/airflow/example_dags/example_branch_python_dop_operator_3.py
[2023-07-04T00:25:22.769+0000] {processor.py:826} INFO - Processing file /home/airflow/.local/lib/python3.7/site-packages/airflow/example_dags/example_branch_python_dop_operator_3.py for tasks to queue
[2023-07-04T00:25:22.770+0000] {logging_mixin.py:149} INFO - [2023-07-04T00:25:22.770+0000] {dagbag.py:541} INFO - Filling up the DagBag from /home/airflow/.local/lib/python3.7/site-packages/airflow/example_dags/example_branch_python_dop_operator_3.py
[2023-07-04T00:25:22.790+0000] {processor.py:836} INFO - DAG(s) dict_keys(['example_branch_dop_operator_v3']) retrieved from /home/airflow/.local/lib/python3.7/site-packages/airflow/example_dags/example_branch_python_dop_operator_3.py
[2023-07-04T00:25:22.845+0000] {logging_mixin.py:149} INFO - [2023-07-04T00:25:22.845+0000] {dag.py:2726} INFO - Sync 1 DAGs
[2023-07-04T00:25:22.915+0000] {logging_mixin.py:149} INFO - [2023-07-04T00:25:22.915+0000] {dag.py:3490} INFO - Setting next_dagrun for example_branch_dop_operator_v3 to 2023-07-04T00:24:00+00:00, run_after=2023-07-04T00:25:00+00:00
[2023-07-04T00:25:22.975+0000] {processor.py:179} INFO - Processing /home/airflow/.local/lib/python3.7/site-packages/airflow/example_dags/example_branch_python_dop_operator_3.py took 0.218 seconds
[2023-07-04T00:25:53.047+0000] {processor.py:157} INFO - Started process (PID=2147) to work on /home/airflow/.local/lib/python3.7/site-packages/airflow/example_dags/example_branch_python_dop_operator_3.py
[2023-07-04T00:25:53.048+0000] {processor.py:826} INFO - Processing file /home/airflow/.local/lib/python3.7/site-packages/airflow/example_dags/example_branch_python_dop_operator_3.py for tasks to queue
[2023-07-04T00:25:53.049+0000] {logging_mixin.py:149} INFO - [2023-07-04T00:25:53.049+0000] {dagbag.py:541} INFO - Filling up the DagBag from /home/airflow/.local/lib/python3.7/site-packages/airflow/example_dags/example_branch_python_dop_operator_3.py
[2023-07-04T00:25:53.064+0000] {processor.py:836} INFO - DAG(s) dict_keys(['example_branch_dop_operator_v3']) retrieved from /home/airflow/.local/lib/python3.7/site-packages/airflow/example_dags/example_branch_python_dop_operator_3.py
[2023-07-04T00:25:53.123+0000] {logging_mixin.py:149} INFO - [2023-07-04T00:25:53.123+0000] {dag.py:2726} INFO - Sync 1 DAGs
[2023-07-04T00:25:53.187+0000] {logging_mixin.py:149} INFO - [2023-07-04T00:25:53.187+0000] {dag.py:3490} INFO - Setting next_dagrun for example_branch_dop_operator_v3 to 2023-07-04T00:24:00+00:00, run_after=2023-07-04T00:25:00+00:00
[2023-07-04T00:25:53.228+0000] {processor.py:179} INFO - Processing /home/airflow/.local/lib/python3.7/site-packages/airflow/example_dags/example_branch_python_dop_operator_3.py took 0.191 seconds
[2023-07-04T00:26:23.435+0000] {processor.py:157} INFO - Started process (PID=2204) to work on /home/airflow/.local/lib/python3.7/site-packages/airflow/example_dags/example_branch_python_dop_operator_3.py
[2023-07-04T00:26:23.437+0000] {processor.py:826} INFO - Processing file /home/airflow/.local/lib/python3.7/site-packages/airflow/example_dags/example_branch_python_dop_operator_3.py for tasks to queue
[2023-07-04T00:26:23.438+0000] {logging_mixin.py:149} INFO - [2023-07-04T00:26:23.438+0000] {dagbag.py:541} INFO - Filling up the DagBag from /home/airflow/.local/lib/python3.7/site-packages/airflow/example_dags/example_branch_python_dop_operator_3.py
[2023-07-04T00:26:23.465+0000] {processor.py:836} INFO - DAG(s) dict_keys(['example_branch_dop_operator_v3']) retrieved from /home/airflow/.local/lib/python3.7/site-packages/airflow/example_dags/example_branch_python_dop_operator_3.py
[2023-07-04T00:26:23.528+0000] {logging_mixin.py:149} INFO - [2023-07-04T00:26:23.528+0000] {dag.py:2726} INFO - Sync 1 DAGs
[2023-07-04T00:26:23.605+0000] {logging_mixin.py:149} INFO - [2023-07-04T00:26:23.605+0000] {dag.py:3490} INFO - Setting next_dagrun for example_branch_dop_operator_v3 to 2023-07-04T00:25:00+00:00, run_after=2023-07-04T00:26:00+00:00
[2023-07-04T00:26:23.653+0000] {processor.py:179} INFO - Processing /home/airflow/.local/lib/python3.7/site-packages/airflow/example_dags/example_branch_python_dop_operator_3.py took 0.227 seconds
[2023-07-04T00:26:53.831+0000] {processor.py:157} INFO - Started process (PID=2261) to work on /home/airflow/.local/lib/python3.7/site-packages/airflow/example_dags/example_branch_python_dop_operator_3.py
[2023-07-04T00:26:53.832+0000] {processor.py:826} INFO - Processing file /home/airflow/.local/lib/python3.7/site-packages/airflow/example_dags/example_branch_python_dop_operator_3.py for tasks to queue
[2023-07-04T00:26:53.834+0000] {logging_mixin.py:149} INFO - [2023-07-04T00:26:53.833+0000] {dagbag.py:541} INFO - Filling up the DagBag from /home/airflow/.local/lib/python3.7/site-packages/airflow/example_dags/example_branch_python_dop_operator_3.py
[2023-07-04T00:26:53.856+0000] {processor.py:836} INFO - DAG(s) dict_keys(['example_branch_dop_operator_v3']) retrieved from /home/airflow/.local/lib/python3.7/site-packages/airflow/example_dags/example_branch_python_dop_operator_3.py
[2023-07-04T00:26:53.926+0000] {logging_mixin.py:149} INFO - [2023-07-04T00:26:53.925+0000] {dag.py:2726} INFO - Sync 1 DAGs
[2023-07-04T00:26:54.028+0000] {logging_mixin.py:149} INFO - [2023-07-04T00:26:54.028+0000] {dag.py:3490} INFO - Setting next_dagrun for example_branch_dop_operator_v3 to 2023-07-04T00:25:00+00:00, run_after=2023-07-04T00:26:00+00:00
[2023-07-04T00:26:54.067+0000] {processor.py:179} INFO - Processing /home/airflow/.local/lib/python3.7/site-packages/airflow/example_dags/example_branch_python_dop_operator_3.py took 0.245 seconds
[2023-07-04T00:27:24.285+0000] {processor.py:157} INFO - Started process (PID=2318) to work on /home/airflow/.local/lib/python3.7/site-packages/airflow/example_dags/example_branch_python_dop_operator_3.py
[2023-07-04T00:27:24.286+0000] {processor.py:826} INFO - Processing file /home/airflow/.local/lib/python3.7/site-packages/airflow/example_dags/example_branch_python_dop_operator_3.py for tasks to queue
[2023-07-04T00:27:24.289+0000] {logging_mixin.py:149} INFO - [2023-07-04T00:27:24.289+0000] {dagbag.py:541} INFO - Filling up the DagBag from /home/airflow/.local/lib/python3.7/site-packages/airflow/example_dags/example_branch_python_dop_operator_3.py
[2023-07-04T00:27:24.310+0000] {processor.py:836} INFO - DAG(s) dict_keys(['example_branch_dop_operator_v3']) retrieved from /home/airflow/.local/lib/python3.7/site-packages/airflow/example_dags/example_branch_python_dop_operator_3.py
[2023-07-04T00:27:24.363+0000] {logging_mixin.py:149} INFO - [2023-07-04T00:27:24.363+0000] {dag.py:2726} INFO - Sync 1 DAGs
[2023-07-04T00:27:24.417+0000] {logging_mixin.py:149} INFO - [2023-07-04T00:27:24.417+0000] {dag.py:3490} INFO - Setting next_dagrun for example_branch_dop_operator_v3 to 2023-07-04T00:26:00+00:00, run_after=2023-07-04T00:27:00+00:00
[2023-07-04T00:27:24.451+0000] {processor.py:179} INFO - Processing /home/airflow/.local/lib/python3.7/site-packages/airflow/example_dags/example_branch_python_dop_operator_3.py took 0.173 seconds
[2023-07-04T00:27:54.494+0000] {processor.py:157} INFO - Started process (PID=2375) to work on /home/airflow/.local/lib/python3.7/site-packages/airflow/example_dags/example_branch_python_dop_operator_3.py
[2023-07-04T00:27:54.495+0000] {processor.py:826} INFO - Processing file /home/airflow/.local/lib/python3.7/site-packages/airflow/example_dags/example_branch_python_dop_operator_3.py for tasks to queue
[2023-07-04T00:27:54.496+0000] {logging_mixin.py:149} INFO - [2023-07-04T00:27:54.496+0000] {dagbag.py:541} INFO - Filling up the DagBag from /home/airflow/.local/lib/python3.7/site-packages/airflow/example_dags/example_branch_python_dop_operator_3.py
[2023-07-04T00:27:54.516+0000] {processor.py:836} INFO - DAG(s) dict_keys(['example_branch_dop_operator_v3']) retrieved from /home/airflow/.local/lib/python3.7/site-packages/airflow/example_dags/example_branch_python_dop_operator_3.py
[2023-07-04T00:27:54.561+0000] {logging_mixin.py:149} INFO - [2023-07-04T00:27:54.561+0000] {dag.py:2726} INFO - Sync 1 DAGs
[2023-07-04T00:27:54.637+0000] {logging_mixin.py:149} INFO - [2023-07-04T00:27:54.637+0000] {dag.py:3490} INFO - Setting next_dagrun for example_branch_dop_operator_v3 to 2023-07-04T00:26:00+00:00, run_after=2023-07-04T00:27:00+00:00
[2023-07-04T00:27:54.685+0000] {processor.py:179} INFO - Processing /home/airflow/.local/lib/python3.7/site-packages/airflow/example_dags/example_branch_python_dop_operator_3.py took 0.199 seconds
[2023-07-04T00:28:25.226+0000] {processor.py:157} INFO - Started process (PID=2432) to work on /home/airflow/.local/lib/python3.7/site-packages/airflow/example_dags/example_branch_python_dop_operator_3.py
[2023-07-04T00:28:25.229+0000] {processor.py:826} INFO - Processing file /home/airflow/.local/lib/python3.7/site-packages/airflow/example_dags/example_branch_python_dop_operator_3.py for tasks to queue
[2023-07-04T00:28:25.231+0000] {logging_mixin.py:149} INFO - [2023-07-04T00:28:25.230+0000] {dagbag.py:541} INFO - Filling up the DagBag from /home/airflow/.local/lib/python3.7/site-packages/airflow/example_dags/example_branch_python_dop_operator_3.py
[2023-07-04T00:28:25.266+0000] {processor.py:836} INFO - DAG(s) dict_keys(['example_branch_dop_operator_v3']) retrieved from /home/airflow/.local/lib/python3.7/site-packages/airflow/example_dags/example_branch_python_dop_operator_3.py
[2023-07-04T00:28:25.331+0000] {logging_mixin.py:149} INFO - [2023-07-04T00:28:25.330+0000] {dag.py:2726} INFO - Sync 1 DAGs
[2023-07-04T00:28:25.400+0000] {logging_mixin.py:149} INFO - [2023-07-04T00:28:25.400+0000] {dag.py:3490} INFO - Setting next_dagrun for example_branch_dop_operator_v3 to 2023-07-04T00:27:00+00:00, run_after=2023-07-04T00:28:00+00:00
[2023-07-04T00:28:25.438+0000] {processor.py:179} INFO - Processing /home/airflow/.local/lib/python3.7/site-packages/airflow/example_dags/example_branch_python_dop_operator_3.py took 0.222 seconds
[2023-07-04T00:28:55.797+0000] {processor.py:157} INFO - Started process (PID=2489) to work on /home/airflow/.local/lib/python3.7/site-packages/airflow/example_dags/example_branch_python_dop_operator_3.py
[2023-07-04T00:28:55.799+0000] {processor.py:826} INFO - Processing file /home/airflow/.local/lib/python3.7/site-packages/airflow/example_dags/example_branch_python_dop_operator_3.py for tasks to queue
[2023-07-04T00:28:55.801+0000] {logging_mixin.py:149} INFO - [2023-07-04T00:28:55.801+0000] {dagbag.py:541} INFO - Filling up the DagBag from /home/airflow/.local/lib/python3.7/site-packages/airflow/example_dags/example_branch_python_dop_operator_3.py
[2023-07-04T00:28:55.817+0000] {processor.py:836} INFO - DAG(s) dict_keys(['example_branch_dop_operator_v3']) retrieved from /home/airflow/.local/lib/python3.7/site-packages/airflow/example_dags/example_branch_python_dop_operator_3.py
[2023-07-04T00:28:55.867+0000] {logging_mixin.py:149} INFO - [2023-07-04T00:28:55.867+0000] {dag.py:2726} INFO - Sync 1 DAGs
[2023-07-04T00:28:55.928+0000] {logging_mixin.py:149} INFO - [2023-07-04T00:28:55.928+0000] {dag.py:3490} INFO - Setting next_dagrun for example_branch_dop_operator_v3 to 2023-07-04T00:27:00+00:00, run_after=2023-07-04T00:28:00+00:00
[2023-07-04T00:28:55.966+0000] {processor.py:179} INFO - Processing /home/airflow/.local/lib/python3.7/site-packages/airflow/example_dags/example_branch_python_dop_operator_3.py took 0.175 seconds
[2023-07-04T00:29:26.307+0000] {processor.py:157} INFO - Started process (PID=2546) to work on /home/airflow/.local/lib/python3.7/site-packages/airflow/example_dags/example_branch_python_dop_operator_3.py
[2023-07-04T00:29:26.309+0000] {processor.py:826} INFO - Processing file /home/airflow/.local/lib/python3.7/site-packages/airflow/example_dags/example_branch_python_dop_operator_3.py for tasks to queue
[2023-07-04T00:29:26.310+0000] {logging_mixin.py:149} INFO - [2023-07-04T00:29:26.310+0000] {dagbag.py:541} INFO - Filling up the DagBag from /home/airflow/.local/lib/python3.7/site-packages/airflow/example_dags/example_branch_python_dop_operator_3.py
[2023-07-04T00:29:26.329+0000] {processor.py:836} INFO - DAG(s) dict_keys(['example_branch_dop_operator_v3']) retrieved from /home/airflow/.local/lib/python3.7/site-packages/airflow/example_dags/example_branch_python_dop_operator_3.py
[2023-07-04T00:29:26.373+0000] {logging_mixin.py:149} INFO - [2023-07-04T00:29:26.373+0000] {dag.py:2726} INFO - Sync 1 DAGs
[2023-07-04T00:29:26.427+0000] {logging_mixin.py:149} INFO - [2023-07-04T00:29:26.426+0000] {dag.py:3490} INFO - Setting next_dagrun for example_branch_dop_operator_v3 to 2023-07-04T00:28:00+00:00, run_after=2023-07-04T00:29:00+00:00
[2023-07-04T00:29:26.462+0000] {processor.py:179} INFO - Processing /home/airflow/.local/lib/python3.7/site-packages/airflow/example_dags/example_branch_python_dop_operator_3.py took 0.163 seconds
[2023-07-04T00:29:56.958+0000] {processor.py:157} INFO - Started process (PID=2603) to work on /home/airflow/.local/lib/python3.7/site-packages/airflow/example_dags/example_branch_python_dop_operator_3.py
[2023-07-04T00:29:56.960+0000] {processor.py:826} INFO - Processing file /home/airflow/.local/lib/python3.7/site-packages/airflow/example_dags/example_branch_python_dop_operator_3.py for tasks to queue
[2023-07-04T00:29:56.963+0000] {logging_mixin.py:149} INFO - [2023-07-04T00:29:56.962+0000] {dagbag.py:541} INFO - Filling up the DagBag from /home/airflow/.local/lib/python3.7/site-packages/airflow/example_dags/example_branch_python_dop_operator_3.py
[2023-07-04T00:29:56.992+0000] {processor.py:836} INFO - DAG(s) dict_keys(['example_branch_dop_operator_v3']) retrieved from /home/airflow/.local/lib/python3.7/site-packages/airflow/example_dags/example_branch_python_dop_operator_3.py
[2023-07-04T00:29:57.060+0000] {logging_mixin.py:149} INFO - [2023-07-04T00:29:57.060+0000] {dag.py:2726} INFO - Sync 1 DAGs
[2023-07-04T00:29:57.139+0000] {logging_mixin.py:149} INFO - [2023-07-04T00:29:57.138+0000] {dag.py:3490} INFO - Setting next_dagrun for example_branch_dop_operator_v3 to 2023-07-04T00:28:00+00:00, run_after=2023-07-04T00:29:00+00:00
[2023-07-04T00:29:57.189+0000] {processor.py:179} INFO - Processing /home/airflow/.local/lib/python3.7/site-packages/airflow/example_dags/example_branch_python_dop_operator_3.py took 0.241 seconds
[2023-07-04T00:30:27.504+0000] {processor.py:157} INFO - Started process (PID=2660) to work on /home/airflow/.local/lib/python3.7/site-packages/airflow/example_dags/example_branch_python_dop_operator_3.py
[2023-07-04T00:30:27.507+0000] {processor.py:826} INFO - Processing file /home/airflow/.local/lib/python3.7/site-packages/airflow/example_dags/example_branch_python_dop_operator_3.py for tasks to queue
[2023-07-04T00:30:27.509+0000] {logging_mixin.py:149} INFO - [2023-07-04T00:30:27.508+0000] {dagbag.py:541} INFO - Filling up the DagBag from /home/airflow/.local/lib/python3.7/site-packages/airflow/example_dags/example_branch_python_dop_operator_3.py
[2023-07-04T00:30:27.534+0000] {processor.py:836} INFO - DAG(s) dict_keys(['example_branch_dop_operator_v3']) retrieved from /home/airflow/.local/lib/python3.7/site-packages/airflow/example_dags/example_branch_python_dop_operator_3.py
[2023-07-04T00:30:27.602+0000] {logging_mixin.py:149} INFO - [2023-07-04T00:30:27.602+0000] {dag.py:2726} INFO - Sync 1 DAGs
[2023-07-04T00:30:27.711+0000] {logging_mixin.py:149} INFO - [2023-07-04T00:30:27.711+0000] {dag.py:3490} INFO - Setting next_dagrun for example_branch_dop_operator_v3 to 2023-07-04T00:29:00+00:00, run_after=2023-07-04T00:30:00+00:00
[2023-07-04T00:30:27.782+0000] {processor.py:179} INFO - Processing /home/airflow/.local/lib/python3.7/site-packages/airflow/example_dags/example_branch_python_dop_operator_3.py took 0.290 seconds
[2023-07-04T00:30:58.604+0000] {processor.py:157} INFO - Started process (PID=2716) to work on /home/airflow/.local/lib/python3.7/site-packages/airflow/example_dags/example_branch_python_dop_operator_3.py
[2023-07-04T00:30:58.605+0000] {processor.py:826} INFO - Processing file /home/airflow/.local/lib/python3.7/site-packages/airflow/example_dags/example_branch_python_dop_operator_3.py for tasks to queue
[2023-07-04T00:30:58.606+0000] {logging_mixin.py:149} INFO - [2023-07-04T00:30:58.606+0000] {dagbag.py:541} INFO - Filling up the DagBag from /home/airflow/.local/lib/python3.7/site-packages/airflow/example_dags/example_branch_python_dop_operator_3.py
[2023-07-04T00:30:58.619+0000] {processor.py:836} INFO - DAG(s) dict_keys(['example_branch_dop_operator_v3']) retrieved from /home/airflow/.local/lib/python3.7/site-packages/airflow/example_dags/example_branch_python_dop_operator_3.py
[2023-07-04T00:30:58.656+0000] {logging_mixin.py:149} INFO - [2023-07-04T00:30:58.656+0000] {dag.py:2726} INFO - Sync 1 DAGs
[2023-07-04T00:30:58.706+0000] {logging_mixin.py:149} INFO - [2023-07-04T00:30:58.706+0000] {dag.py:3490} INFO - Setting next_dagrun for example_branch_dop_operator_v3 to 2023-07-04T00:29:00+00:00, run_after=2023-07-04T00:30:00+00:00
[2023-07-04T00:30:58.742+0000] {processor.py:179} INFO - Processing /home/airflow/.local/lib/python3.7/site-packages/airflow/example_dags/example_branch_python_dop_operator_3.py took 0.143 seconds
[2023-07-04T00:31:29.061+0000] {processor.py:157} INFO - Started process (PID=2773) to work on /home/airflow/.local/lib/python3.7/site-packages/airflow/example_dags/example_branch_python_dop_operator_3.py
[2023-07-04T00:31:29.062+0000] {processor.py:826} INFO - Processing file /home/airflow/.local/lib/python3.7/site-packages/airflow/example_dags/example_branch_python_dop_operator_3.py for tasks to queue
[2023-07-04T00:31:29.063+0000] {logging_mixin.py:149} INFO - [2023-07-04T00:31:29.063+0000] {dagbag.py:541} INFO - Filling up the DagBag from /home/airflow/.local/lib/python3.7/site-packages/airflow/example_dags/example_branch_python_dop_operator_3.py
[2023-07-04T00:31:29.078+0000] {processor.py:836} INFO - DAG(s) dict_keys(['example_branch_dop_operator_v3']) retrieved from /home/airflow/.local/lib/python3.7/site-packages/airflow/example_dags/example_branch_python_dop_operator_3.py
[2023-07-04T00:31:29.115+0000] {logging_mixin.py:149} INFO - [2023-07-04T00:31:29.115+0000] {dag.py:2726} INFO - Sync 1 DAGs
[2023-07-04T00:31:29.172+0000] {logging_mixin.py:149} INFO - [2023-07-04T00:31:29.172+0000] {dag.py:3490} INFO - Setting next_dagrun for example_branch_dop_operator_v3 to 2023-07-04T00:30:00+00:00, run_after=2023-07-04T00:31:00+00:00
[2023-07-04T00:31:29.203+0000] {processor.py:179} INFO - Processing /home/airflow/.local/lib/python3.7/site-packages/airflow/example_dags/example_branch_python_dop_operator_3.py took 0.147 seconds
[2023-07-04T00:31:59.493+0000] {processor.py:157} INFO - Started process (PID=2830) to work on /home/airflow/.local/lib/python3.7/site-packages/airflow/example_dags/example_branch_python_dop_operator_3.py
[2023-07-04T00:31:59.495+0000] {processor.py:826} INFO - Processing file /home/airflow/.local/lib/python3.7/site-packages/airflow/example_dags/example_branch_python_dop_operator_3.py for tasks to queue
[2023-07-04T00:31:59.496+0000] {logging_mixin.py:149} INFO - [2023-07-04T00:31:59.496+0000] {dagbag.py:541} INFO - Filling up the DagBag from /home/airflow/.local/lib/python3.7/site-packages/airflow/example_dags/example_branch_python_dop_operator_3.py
[2023-07-04T00:31:59.514+0000] {processor.py:836} INFO - DAG(s) dict_keys(['example_branch_dop_operator_v3']) retrieved from /home/airflow/.local/lib/python3.7/site-packages/airflow/example_dags/example_branch_python_dop_operator_3.py
[2023-07-04T00:31:59.552+0000] {logging_mixin.py:149} INFO - [2023-07-04T00:31:59.552+0000] {dag.py:2726} INFO - Sync 1 DAGs
[2023-07-04T00:31:59.600+0000] {logging_mixin.py:149} INFO - [2023-07-04T00:31:59.599+0000] {dag.py:3490} INFO - Setting next_dagrun for example_branch_dop_operator_v3 to 2023-07-04T00:30:00+00:00, run_after=2023-07-04T00:31:00+00:00
[2023-07-04T00:31:59.630+0000] {processor.py:179} INFO - Processing /home/airflow/.local/lib/python3.7/site-packages/airflow/example_dags/example_branch_python_dop_operator_3.py took 0.144 seconds
[2023-07-04T00:32:29.845+0000] {processor.py:157} INFO - Started process (PID=2887) to work on /home/airflow/.local/lib/python3.7/site-packages/airflow/example_dags/example_branch_python_dop_operator_3.py
[2023-07-04T00:32:29.847+0000] {processor.py:826} INFO - Processing file /home/airflow/.local/lib/python3.7/site-packages/airflow/example_dags/example_branch_python_dop_operator_3.py for tasks to queue
[2023-07-04T00:32:29.848+0000] {logging_mixin.py:149} INFO - [2023-07-04T00:32:29.848+0000] {dagbag.py:541} INFO - Filling up the DagBag from /home/airflow/.local/lib/python3.7/site-packages/airflow/example_dags/example_branch_python_dop_operator_3.py
[2023-07-04T00:32:29.861+0000] {processor.py:836} INFO - DAG(s) dict_keys(['example_branch_dop_operator_v3']) retrieved from /home/airflow/.local/lib/python3.7/site-packages/airflow/example_dags/example_branch_python_dop_operator_3.py
[2023-07-04T00:32:29.902+0000] {logging_mixin.py:149} INFO - [2023-07-04T00:32:29.901+0000] {dag.py:2726} INFO - Sync 1 DAGs
[2023-07-04T00:32:29.953+0000] {logging_mixin.py:149} INFO - [2023-07-04T00:32:29.953+0000] {dag.py:3490} INFO - Setting next_dagrun for example_branch_dop_operator_v3 to 2023-07-04T00:31:00+00:00, run_after=2023-07-04T00:32:00+00:00
[2023-07-04T00:32:29.993+0000] {processor.py:179} INFO - Processing /home/airflow/.local/lib/python3.7/site-packages/airflow/example_dags/example_branch_python_dop_operator_3.py took 0.153 seconds
[2023-07-04T00:33:01.054+0000] {processor.py:157} INFO - Started process (PID=2945) to work on /home/airflow/.local/lib/python3.7/site-packages/airflow/example_dags/example_branch_python_dop_operator_3.py
[2023-07-04T00:33:01.056+0000] {processor.py:826} INFO - Processing file /home/airflow/.local/lib/python3.7/site-packages/airflow/example_dags/example_branch_python_dop_operator_3.py for tasks to queue
[2023-07-04T00:33:01.059+0000] {logging_mixin.py:149} INFO - [2023-07-04T00:33:01.058+0000] {dagbag.py:541} INFO - Filling up the DagBag from /home/airflow/.local/lib/python3.7/site-packages/airflow/example_dags/example_branch_python_dop_operator_3.py
[2023-07-04T00:33:01.093+0000] {processor.py:836} INFO - DAG(s) dict_keys(['example_branch_dop_operator_v3']) retrieved from /home/airflow/.local/lib/python3.7/site-packages/airflow/example_dags/example_branch_python_dop_operator_3.py
[2023-07-04T00:33:01.160+0000] {logging_mixin.py:149} INFO - [2023-07-04T00:33:01.160+0000] {dag.py:2726} INFO - Sync 1 DAGs
[2023-07-04T00:33:01.257+0000] {logging_mixin.py:149} INFO - [2023-07-04T00:33:01.257+0000] {dag.py:3490} INFO - Setting next_dagrun for example_branch_dop_operator_v3 to 2023-07-04T00:32:00+00:00, run_after=2023-07-04T00:33:00+00:00
[2023-07-04T00:33:01.316+0000] {processor.py:179} INFO - Processing /home/airflow/.local/lib/python3.7/site-packages/airflow/example_dags/example_branch_python_dop_operator_3.py took 0.274 seconds
