[2023-07-04T00:07:09.084+0000] {processor.py:157} INFO - Started process (PID=68) to work on /home/airflow/.local/lib/python3.7/site-packages/airflow/example_dags/example_params_ui_tutorial.py
[2023-07-04T00:07:09.086+0000] {processor.py:826} INFO - Processing file /home/airflow/.local/lib/python3.7/site-packages/airflow/example_dags/example_params_ui_tutorial.py for tasks to queue
[2023-07-04T00:07:09.088+0000] {logging_mixin.py:149} INFO - [2023-07-04T00:07:09.087+0000] {dagbag.py:541} INFO - Filling up the DagBag from /home/airflow/.local/lib/python3.7/site-packages/airflow/example_dags/example_params_ui_tutorial.py
[2023-07-04T00:07:09.235+0000] {processor.py:836} INFO - DAG(s) dict_keys(['example_params_ui_tutorial']) retrieved from /home/airflow/.local/lib/python3.7/site-packages/airflow/example_dags/example_params_ui_tutorial.py
[2023-07-04T00:07:09.430+0000] {logging_mixin.py:149} INFO - [2023-07-04T00:07:09.430+0000] {dag.py:2726} INFO - Sync 1 DAGs
[2023-07-04T00:07:09.558+0000] {logging_mixin.py:149} INFO - [2023-07-04T00:07:09.558+0000] {dag.py:3490} INFO - Setting next_dagrun for example_params_ui_tutorial to None, run_after=None
[2023-07-04T00:07:09.650+0000] {processor.py:179} INFO - Processing /home/airflow/.local/lib/python3.7/site-packages/airflow/example_dags/example_params_ui_tutorial.py took 0.577 seconds
[2023-07-04T00:07:40.335+0000] {processor.py:157} INFO - Started process (PID=125) to work on /home/airflow/.local/lib/python3.7/site-packages/airflow/example_dags/example_params_ui_tutorial.py
[2023-07-04T00:07:40.337+0000] {processor.py:826} INFO - Processing file /home/airflow/.local/lib/python3.7/site-packages/airflow/example_dags/example_params_ui_tutorial.py for tasks to queue
[2023-07-04T00:07:40.339+0000] {logging_mixin.py:149} INFO - [2023-07-04T00:07:40.338+0000] {dagbag.py:541} INFO - Filling up the DagBag from /home/airflow/.local/lib/python3.7/site-packages/airflow/example_dags/example_params_ui_tutorial.py
[2023-07-04T00:07:40.423+0000] {processor.py:836} INFO - DAG(s) dict_keys(['example_params_ui_tutorial']) retrieved from /home/airflow/.local/lib/python3.7/site-packages/airflow/example_dags/example_params_ui_tutorial.py
[2023-07-04T00:07:40.563+0000] {logging_mixin.py:149} INFO - [2023-07-04T00:07:40.563+0000] {dag.py:2726} INFO - Sync 1 DAGs
[2023-07-04T00:07:40.610+0000] {logging_mixin.py:149} INFO - [2023-07-04T00:07:40.610+0000] {dag.py:3490} INFO - Setting next_dagrun for example_params_ui_tutorial to None, run_after=None
[2023-07-04T00:07:40.646+0000] {processor.py:179} INFO - Processing /home/airflow/.local/lib/python3.7/site-packages/airflow/example_dags/example_params_ui_tutorial.py took 0.317 seconds
[2023-07-04T00:08:10.840+0000] {processor.py:157} INFO - Started process (PID=182) to work on /home/airflow/.local/lib/python3.7/site-packages/airflow/example_dags/example_params_ui_tutorial.py
[2023-07-04T00:08:10.842+0000] {processor.py:826} INFO - Processing file /home/airflow/.local/lib/python3.7/site-packages/airflow/example_dags/example_params_ui_tutorial.py for tasks to queue
[2023-07-04T00:08:10.843+0000] {logging_mixin.py:149} INFO - [2023-07-04T00:08:10.843+0000] {dagbag.py:541} INFO - Filling up the DagBag from /home/airflow/.local/lib/python3.7/site-packages/airflow/example_dags/example_params_ui_tutorial.py
[2023-07-04T00:08:10.927+0000] {processor.py:836} INFO - DAG(s) dict_keys(['example_params_ui_tutorial']) retrieved from /home/airflow/.local/lib/python3.7/site-packages/airflow/example_dags/example_params_ui_tutorial.py
[2023-07-04T00:08:11.066+0000] {logging_mixin.py:149} INFO - [2023-07-04T00:08:11.066+0000] {dag.py:2726} INFO - Sync 1 DAGs
[2023-07-04T00:08:11.130+0000] {logging_mixin.py:149} INFO - [2023-07-04T00:08:11.130+0000] {dag.py:3490} INFO - Setting next_dagrun for example_params_ui_tutorial to None, run_after=None
[2023-07-04T00:08:11.174+0000] {processor.py:179} INFO - Processing /home/airflow/.local/lib/python3.7/site-packages/airflow/example_dags/example_params_ui_tutorial.py took 0.342 seconds
[2023-07-04T00:08:41.472+0000] {processor.py:157} INFO - Started process (PID=239) to work on /home/airflow/.local/lib/python3.7/site-packages/airflow/example_dags/example_params_ui_tutorial.py
[2023-07-04T00:08:41.474+0000] {processor.py:826} INFO - Processing file /home/airflow/.local/lib/python3.7/site-packages/airflow/example_dags/example_params_ui_tutorial.py for tasks to queue
[2023-07-04T00:08:41.475+0000] {logging_mixin.py:149} INFO - [2023-07-04T00:08:41.475+0000] {dagbag.py:541} INFO - Filling up the DagBag from /home/airflow/.local/lib/python3.7/site-packages/airflow/example_dags/example_params_ui_tutorial.py
[2023-07-04T00:08:41.565+0000] {processor.py:836} INFO - DAG(s) dict_keys(['example_params_ui_tutorial']) retrieved from /home/airflow/.local/lib/python3.7/site-packages/airflow/example_dags/example_params_ui_tutorial.py
[2023-07-04T00:08:41.691+0000] {logging_mixin.py:149} INFO - [2023-07-04T00:08:41.691+0000] {dag.py:2726} INFO - Sync 1 DAGs
[2023-07-04T00:08:41.742+0000] {logging_mixin.py:149} INFO - [2023-07-04T00:08:41.742+0000] {dag.py:3490} INFO - Setting next_dagrun for example_params_ui_tutorial to None, run_after=None
[2023-07-04T00:08:41.776+0000] {processor.py:179} INFO - Processing /home/airflow/.local/lib/python3.7/site-packages/airflow/example_dags/example_params_ui_tutorial.py took 0.309 seconds
[2023-07-04T00:09:12.063+0000] {processor.py:157} INFO - Started process (PID=296) to work on /home/airflow/.local/lib/python3.7/site-packages/airflow/example_dags/example_params_ui_tutorial.py
[2023-07-04T00:09:12.065+0000] {processor.py:826} INFO - Processing file /home/airflow/.local/lib/python3.7/site-packages/airflow/example_dags/example_params_ui_tutorial.py for tasks to queue
[2023-07-04T00:09:12.067+0000] {logging_mixin.py:149} INFO - [2023-07-04T00:09:12.067+0000] {dagbag.py:541} INFO - Filling up the DagBag from /home/airflow/.local/lib/python3.7/site-packages/airflow/example_dags/example_params_ui_tutorial.py
[2023-07-04T00:09:12.208+0000] {processor.py:836} INFO - DAG(s) dict_keys(['example_params_ui_tutorial']) retrieved from /home/airflow/.local/lib/python3.7/site-packages/airflow/example_dags/example_params_ui_tutorial.py
[2023-07-04T00:09:12.369+0000] {logging_mixin.py:149} INFO - [2023-07-04T00:09:12.369+0000] {dag.py:2726} INFO - Sync 1 DAGs
[2023-07-04T00:09:12.426+0000] {logging_mixin.py:149} INFO - [2023-07-04T00:09:12.426+0000] {dag.py:3490} INFO - Setting next_dagrun for example_params_ui_tutorial to None, run_after=None
[2023-07-04T00:09:12.462+0000] {processor.py:179} INFO - Processing /home/airflow/.local/lib/python3.7/site-packages/airflow/example_dags/example_params_ui_tutorial.py took 0.408 seconds
[2023-07-04T00:09:42.857+0000] {processor.py:157} INFO - Started process (PID=353) to work on /home/airflow/.local/lib/python3.7/site-packages/airflow/example_dags/example_params_ui_tutorial.py
[2023-07-04T00:09:42.858+0000] {processor.py:826} INFO - Processing file /home/airflow/.local/lib/python3.7/site-packages/airflow/example_dags/example_params_ui_tutorial.py for tasks to queue
[2023-07-04T00:09:42.859+0000] {logging_mixin.py:149} INFO - [2023-07-04T00:09:42.859+0000] {dagbag.py:541} INFO - Filling up the DagBag from /home/airflow/.local/lib/python3.7/site-packages/airflow/example_dags/example_params_ui_tutorial.py
[2023-07-04T00:09:42.975+0000] {processor.py:836} INFO - DAG(s) dict_keys(['example_params_ui_tutorial']) retrieved from /home/airflow/.local/lib/python3.7/site-packages/airflow/example_dags/example_params_ui_tutorial.py
[2023-07-04T00:09:43.093+0000] {logging_mixin.py:149} INFO - [2023-07-04T00:09:43.093+0000] {dag.py:2726} INFO - Sync 1 DAGs
[2023-07-04T00:09:43.141+0000] {logging_mixin.py:149} INFO - [2023-07-04T00:09:43.141+0000] {dag.py:3490} INFO - Setting next_dagrun for example_params_ui_tutorial to None, run_after=None
[2023-07-04T00:09:43.178+0000] {processor.py:179} INFO - Processing /home/airflow/.local/lib/python3.7/site-packages/airflow/example_dags/example_params_ui_tutorial.py took 0.329 seconds
[2023-07-04T00:10:13.335+0000] {processor.py:157} INFO - Started process (PID=409) to work on /home/airflow/.local/lib/python3.7/site-packages/airflow/example_dags/example_params_ui_tutorial.py
[2023-07-04T00:10:13.337+0000] {processor.py:826} INFO - Processing file /home/airflow/.local/lib/python3.7/site-packages/airflow/example_dags/example_params_ui_tutorial.py for tasks to queue
[2023-07-04T00:10:13.338+0000] {logging_mixin.py:149} INFO - [2023-07-04T00:10:13.338+0000] {dagbag.py:541} INFO - Filling up the DagBag from /home/airflow/.local/lib/python3.7/site-packages/airflow/example_dags/example_params_ui_tutorial.py
[2023-07-04T00:10:13.434+0000] {processor.py:836} INFO - DAG(s) dict_keys(['example_params_ui_tutorial']) retrieved from /home/airflow/.local/lib/python3.7/site-packages/airflow/example_dags/example_params_ui_tutorial.py
[2023-07-04T00:10:13.587+0000] {logging_mixin.py:149} INFO - [2023-07-04T00:10:13.587+0000] {dag.py:2726} INFO - Sync 1 DAGs
[2023-07-04T00:10:13.652+0000] {logging_mixin.py:149} INFO - [2023-07-04T00:10:13.651+0000] {dag.py:3490} INFO - Setting next_dagrun for example_params_ui_tutorial to None, run_after=None
[2023-07-04T00:10:13.699+0000] {processor.py:179} INFO - Processing /home/airflow/.local/lib/python3.7/site-packages/airflow/example_dags/example_params_ui_tutorial.py took 0.372 seconds
[2023-07-04T00:10:44.358+0000] {processor.py:157} INFO - Started process (PID=466) to work on /home/airflow/.local/lib/python3.7/site-packages/airflow/example_dags/example_params_ui_tutorial.py
[2023-07-04T00:10:44.360+0000] {processor.py:826} INFO - Processing file /home/airflow/.local/lib/python3.7/site-packages/airflow/example_dags/example_params_ui_tutorial.py for tasks to queue
[2023-07-04T00:10:44.361+0000] {logging_mixin.py:149} INFO - [2023-07-04T00:10:44.361+0000] {dagbag.py:541} INFO - Filling up the DagBag from /home/airflow/.local/lib/python3.7/site-packages/airflow/example_dags/example_params_ui_tutorial.py
[2023-07-04T00:10:44.441+0000] {processor.py:836} INFO - DAG(s) dict_keys(['example_params_ui_tutorial']) retrieved from /home/airflow/.local/lib/python3.7/site-packages/airflow/example_dags/example_params_ui_tutorial.py
[2023-07-04T00:10:44.577+0000] {logging_mixin.py:149} INFO - [2023-07-04T00:10:44.576+0000] {dag.py:2726} INFO - Sync 1 DAGs
[2023-07-04T00:10:44.635+0000] {logging_mixin.py:149} INFO - [2023-07-04T00:10:44.635+0000] {dag.py:3490} INFO - Setting next_dagrun for example_params_ui_tutorial to None, run_after=None
[2023-07-04T00:10:44.677+0000] {processor.py:179} INFO - Processing /home/airflow/.local/lib/python3.7/site-packages/airflow/example_dags/example_params_ui_tutorial.py took 0.327 seconds
[2023-07-04T00:11:14.772+0000] {processor.py:157} INFO - Started process (PID=524) to work on /home/airflow/.local/lib/python3.7/site-packages/airflow/example_dags/example_params_ui_tutorial.py
[2023-07-04T00:11:14.774+0000] {processor.py:826} INFO - Processing file /home/airflow/.local/lib/python3.7/site-packages/airflow/example_dags/example_params_ui_tutorial.py for tasks to queue
[2023-07-04T00:11:14.776+0000] {logging_mixin.py:149} INFO - [2023-07-04T00:11:14.776+0000] {dagbag.py:541} INFO - Filling up the DagBag from /home/airflow/.local/lib/python3.7/site-packages/airflow/example_dags/example_params_ui_tutorial.py
[2023-07-04T00:11:14.907+0000] {processor.py:836} INFO - DAG(s) dict_keys(['example_params_ui_tutorial']) retrieved from /home/airflow/.local/lib/python3.7/site-packages/airflow/example_dags/example_params_ui_tutorial.py
[2023-07-04T00:11:15.128+0000] {logging_mixin.py:149} INFO - [2023-07-04T00:11:15.128+0000] {dag.py:2726} INFO - Sync 1 DAGs
[2023-07-04T00:11:15.227+0000] {logging_mixin.py:149} INFO - [2023-07-04T00:11:15.227+0000] {dag.py:3490} INFO - Setting next_dagrun for example_params_ui_tutorial to None, run_after=None
[2023-07-04T00:11:15.283+0000] {processor.py:179} INFO - Processing /home/airflow/.local/lib/python3.7/site-packages/airflow/example_dags/example_params_ui_tutorial.py took 0.523 seconds
[2023-07-04T00:11:45.729+0000] {processor.py:157} INFO - Started process (PID=581) to work on /home/airflow/.local/lib/python3.7/site-packages/airflow/example_dags/example_params_ui_tutorial.py
[2023-07-04T00:11:45.732+0000] {processor.py:826} INFO - Processing file /home/airflow/.local/lib/python3.7/site-packages/airflow/example_dags/example_params_ui_tutorial.py for tasks to queue
[2023-07-04T00:11:45.735+0000] {logging_mixin.py:149} INFO - [2023-07-04T00:11:45.734+0000] {dagbag.py:541} INFO - Filling up the DagBag from /home/airflow/.local/lib/python3.7/site-packages/airflow/example_dags/example_params_ui_tutorial.py
[2023-07-04T00:11:45.859+0000] {processor.py:836} INFO - DAG(s) dict_keys(['example_params_ui_tutorial']) retrieved from /home/airflow/.local/lib/python3.7/site-packages/airflow/example_dags/example_params_ui_tutorial.py
[2023-07-04T00:11:46.026+0000] {logging_mixin.py:149} INFO - [2023-07-04T00:11:46.025+0000] {dag.py:2726} INFO - Sync 1 DAGs
[2023-07-04T00:11:46.107+0000] {logging_mixin.py:149} INFO - [2023-07-04T00:11:46.106+0000] {dag.py:3490} INFO - Setting next_dagrun for example_params_ui_tutorial to None, run_after=None
[2023-07-04T00:11:46.169+0000] {processor.py:179} INFO - Processing /home/airflow/.local/lib/python3.7/site-packages/airflow/example_dags/example_params_ui_tutorial.py took 0.451 seconds
[2023-07-04T00:12:16.838+0000] {processor.py:157} INFO - Started process (PID=638) to work on /home/airflow/.local/lib/python3.7/site-packages/airflow/example_dags/example_params_ui_tutorial.py
[2023-07-04T00:12:16.840+0000] {processor.py:826} INFO - Processing file /home/airflow/.local/lib/python3.7/site-packages/airflow/example_dags/example_params_ui_tutorial.py for tasks to queue
[2023-07-04T00:12:16.842+0000] {logging_mixin.py:149} INFO - [2023-07-04T00:12:16.841+0000] {dagbag.py:541} INFO - Filling up the DagBag from /home/airflow/.local/lib/python3.7/site-packages/airflow/example_dags/example_params_ui_tutorial.py
[2023-07-04T00:12:16.946+0000] {processor.py:836} INFO - DAG(s) dict_keys(['example_params_ui_tutorial']) retrieved from /home/airflow/.local/lib/python3.7/site-packages/airflow/example_dags/example_params_ui_tutorial.py
[2023-07-04T00:12:17.167+0000] {logging_mixin.py:149} INFO - [2023-07-04T00:12:17.167+0000] {dag.py:2726} INFO - Sync 1 DAGs
[2023-07-04T00:12:17.251+0000] {logging_mixin.py:149} INFO - [2023-07-04T00:12:17.251+0000] {dag.py:3490} INFO - Setting next_dagrun for example_params_ui_tutorial to None, run_after=None
[2023-07-04T00:12:17.300+0000] {processor.py:179} INFO - Processing /home/airflow/.local/lib/python3.7/site-packages/airflow/example_dags/example_params_ui_tutorial.py took 0.472 seconds
[2023-07-04T00:12:47.440+0000] {processor.py:157} INFO - Started process (PID=695) to work on /home/airflow/.local/lib/python3.7/site-packages/airflow/example_dags/example_params_ui_tutorial.py
[2023-07-04T00:12:47.441+0000] {processor.py:826} INFO - Processing file /home/airflow/.local/lib/python3.7/site-packages/airflow/example_dags/example_params_ui_tutorial.py for tasks to queue
[2023-07-04T00:12:47.443+0000] {logging_mixin.py:149} INFO - [2023-07-04T00:12:47.442+0000] {dagbag.py:541} INFO - Filling up the DagBag from /home/airflow/.local/lib/python3.7/site-packages/airflow/example_dags/example_params_ui_tutorial.py
[2023-07-04T00:12:47.521+0000] {processor.py:836} INFO - DAG(s) dict_keys(['example_params_ui_tutorial']) retrieved from /home/airflow/.local/lib/python3.7/site-packages/airflow/example_dags/example_params_ui_tutorial.py
[2023-07-04T00:12:47.654+0000] {logging_mixin.py:149} INFO - [2023-07-04T00:12:47.654+0000] {dag.py:2726} INFO - Sync 1 DAGs
[2023-07-04T00:12:47.697+0000] {logging_mixin.py:149} INFO - [2023-07-04T00:12:47.697+0000] {dag.py:3490} INFO - Setting next_dagrun for example_params_ui_tutorial to None, run_after=None
[2023-07-04T00:12:47.731+0000] {processor.py:179} INFO - Processing /home/airflow/.local/lib/python3.7/site-packages/airflow/example_dags/example_params_ui_tutorial.py took 0.298 seconds
[2023-07-04T00:13:17.788+0000] {processor.py:157} INFO - Started process (PID=752) to work on /home/airflow/.local/lib/python3.7/site-packages/airflow/example_dags/example_params_ui_tutorial.py
[2023-07-04T00:13:17.789+0000] {processor.py:826} INFO - Processing file /home/airflow/.local/lib/python3.7/site-packages/airflow/example_dags/example_params_ui_tutorial.py for tasks to queue
[2023-07-04T00:13:17.790+0000] {logging_mixin.py:149} INFO - [2023-07-04T00:13:17.790+0000] {dagbag.py:541} INFO - Filling up the DagBag from /home/airflow/.local/lib/python3.7/site-packages/airflow/example_dags/example_params_ui_tutorial.py
[2023-07-04T00:13:17.882+0000] {processor.py:836} INFO - DAG(s) dict_keys(['example_params_ui_tutorial']) retrieved from /home/airflow/.local/lib/python3.7/site-packages/airflow/example_dags/example_params_ui_tutorial.py
[2023-07-04T00:13:18.019+0000] {logging_mixin.py:149} INFO - [2023-07-04T00:13:18.019+0000] {dag.py:2726} INFO - Sync 1 DAGs
[2023-07-04T00:13:18.091+0000] {logging_mixin.py:149} INFO - [2023-07-04T00:13:18.091+0000] {dag.py:3490} INFO - Setting next_dagrun for example_params_ui_tutorial to None, run_after=None
[2023-07-04T00:13:18.131+0000] {processor.py:179} INFO - Processing /home/airflow/.local/lib/python3.7/site-packages/airflow/example_dags/example_params_ui_tutorial.py took 0.348 seconds
[2023-07-04T00:13:48.490+0000] {processor.py:157} INFO - Started process (PID=809) to work on /home/airflow/.local/lib/python3.7/site-packages/airflow/example_dags/example_params_ui_tutorial.py
[2023-07-04T00:13:48.493+0000] {processor.py:826} INFO - Processing file /home/airflow/.local/lib/python3.7/site-packages/airflow/example_dags/example_params_ui_tutorial.py for tasks to queue
[2023-07-04T00:13:48.495+0000] {logging_mixin.py:149} INFO - [2023-07-04T00:13:48.494+0000] {dagbag.py:541} INFO - Filling up the DagBag from /home/airflow/.local/lib/python3.7/site-packages/airflow/example_dags/example_params_ui_tutorial.py
[2023-07-04T00:13:48.660+0000] {processor.py:836} INFO - DAG(s) dict_keys(['example_params_ui_tutorial']) retrieved from /home/airflow/.local/lib/python3.7/site-packages/airflow/example_dags/example_params_ui_tutorial.py
[2023-07-04T00:13:48.925+0000] {logging_mixin.py:149} INFO - [2023-07-04T00:13:48.925+0000] {dag.py:2726} INFO - Sync 1 DAGs
[2023-07-04T00:13:48.996+0000] {logging_mixin.py:149} INFO - [2023-07-04T00:13:48.995+0000] {dag.py:3490} INFO - Setting next_dagrun for example_params_ui_tutorial to None, run_after=None
[2023-07-04T00:13:49.047+0000] {processor.py:179} INFO - Processing /home/airflow/.local/lib/python3.7/site-packages/airflow/example_dags/example_params_ui_tutorial.py took 0.570 seconds
[2023-07-04T00:14:19.136+0000] {processor.py:157} INFO - Started process (PID=865) to work on /home/airflow/.local/lib/python3.7/site-packages/airflow/example_dags/example_params_ui_tutorial.py
[2023-07-04T00:14:19.139+0000] {processor.py:826} INFO - Processing file /home/airflow/.local/lib/python3.7/site-packages/airflow/example_dags/example_params_ui_tutorial.py for tasks to queue
[2023-07-04T00:14:19.140+0000] {logging_mixin.py:149} INFO - [2023-07-04T00:14:19.140+0000] {dagbag.py:541} INFO - Filling up the DagBag from /home/airflow/.local/lib/python3.7/site-packages/airflow/example_dags/example_params_ui_tutorial.py
[2023-07-04T00:14:19.296+0000] {processor.py:836} INFO - DAG(s) dict_keys(['example_params_ui_tutorial']) retrieved from /home/airflow/.local/lib/python3.7/site-packages/airflow/example_dags/example_params_ui_tutorial.py
[2023-07-04T00:14:19.451+0000] {logging_mixin.py:149} INFO - [2023-07-04T00:14:19.451+0000] {dag.py:2726} INFO - Sync 1 DAGs
[2023-07-04T00:14:19.528+0000] {logging_mixin.py:149} INFO - [2023-07-04T00:14:19.528+0000] {dag.py:3490} INFO - Setting next_dagrun for example_params_ui_tutorial to None, run_after=None
[2023-07-04T00:14:19.575+0000] {processor.py:179} INFO - Processing /home/airflow/.local/lib/python3.7/site-packages/airflow/example_dags/example_params_ui_tutorial.py took 0.446 seconds
[2023-07-04T00:14:50.085+0000] {processor.py:157} INFO - Started process (PID=923) to work on /home/airflow/.local/lib/python3.7/site-packages/airflow/example_dags/example_params_ui_tutorial.py
[2023-07-04T00:14:50.086+0000] {processor.py:826} INFO - Processing file /home/airflow/.local/lib/python3.7/site-packages/airflow/example_dags/example_params_ui_tutorial.py for tasks to queue
[2023-07-04T00:14:50.088+0000] {logging_mixin.py:149} INFO - [2023-07-04T00:14:50.088+0000] {dagbag.py:541} INFO - Filling up the DagBag from /home/airflow/.local/lib/python3.7/site-packages/airflow/example_dags/example_params_ui_tutorial.py
[2023-07-04T00:14:50.189+0000] {processor.py:836} INFO - DAG(s) dict_keys(['example_params_ui_tutorial']) retrieved from /home/airflow/.local/lib/python3.7/site-packages/airflow/example_dags/example_params_ui_tutorial.py
[2023-07-04T00:14:50.390+0000] {logging_mixin.py:149} INFO - [2023-07-04T00:14:50.390+0000] {dag.py:2726} INFO - Sync 1 DAGs
[2023-07-04T00:14:50.468+0000] {logging_mixin.py:149} INFO - [2023-07-04T00:14:50.467+0000] {dag.py:3490} INFO - Setting next_dagrun for example_params_ui_tutorial to None, run_after=None
[2023-07-04T00:14:50.523+0000] {processor.py:179} INFO - Processing /home/airflow/.local/lib/python3.7/site-packages/airflow/example_dags/example_params_ui_tutorial.py took 0.446 seconds
[2023-07-04T00:15:20.904+0000] {processor.py:157} INFO - Started process (PID=980) to work on /home/airflow/.local/lib/python3.7/site-packages/airflow/example_dags/example_params_ui_tutorial.py
[2023-07-04T00:15:20.905+0000] {processor.py:826} INFO - Processing file /home/airflow/.local/lib/python3.7/site-packages/airflow/example_dags/example_params_ui_tutorial.py for tasks to queue
[2023-07-04T00:15:20.906+0000] {logging_mixin.py:149} INFO - [2023-07-04T00:15:20.906+0000] {dagbag.py:541} INFO - Filling up the DagBag from /home/airflow/.local/lib/python3.7/site-packages/airflow/example_dags/example_params_ui_tutorial.py
[2023-07-04T00:15:21.015+0000] {processor.py:836} INFO - DAG(s) dict_keys(['example_params_ui_tutorial']) retrieved from /home/airflow/.local/lib/python3.7/site-packages/airflow/example_dags/example_params_ui_tutorial.py
[2023-07-04T00:15:21.172+0000] {logging_mixin.py:149} INFO - [2023-07-04T00:15:21.172+0000] {dag.py:2726} INFO - Sync 1 DAGs
[2023-07-04T00:15:21.237+0000] {logging_mixin.py:149} INFO - [2023-07-04T00:15:21.237+0000] {dag.py:3490} INFO - Setting next_dagrun for example_params_ui_tutorial to None, run_after=None
[2023-07-04T00:15:21.304+0000] {processor.py:179} INFO - Processing /home/airflow/.local/lib/python3.7/site-packages/airflow/example_dags/example_params_ui_tutorial.py took 0.410 seconds
[2023-07-04T00:15:51.761+0000] {processor.py:157} INFO - Started process (PID=1038) to work on /home/airflow/.local/lib/python3.7/site-packages/airflow/example_dags/example_params_ui_tutorial.py
[2023-07-04T00:15:51.762+0000] {processor.py:826} INFO - Processing file /home/airflow/.local/lib/python3.7/site-packages/airflow/example_dags/example_params_ui_tutorial.py for tasks to queue
[2023-07-04T00:15:51.763+0000] {logging_mixin.py:149} INFO - [2023-07-04T00:15:51.763+0000] {dagbag.py:541} INFO - Filling up the DagBag from /home/airflow/.local/lib/python3.7/site-packages/airflow/example_dags/example_params_ui_tutorial.py
[2023-07-04T00:15:51.856+0000] {processor.py:836} INFO - DAG(s) dict_keys(['example_params_ui_tutorial']) retrieved from /home/airflow/.local/lib/python3.7/site-packages/airflow/example_dags/example_params_ui_tutorial.py
[2023-07-04T00:15:52.011+0000] {logging_mixin.py:149} INFO - [2023-07-04T00:15:52.011+0000] {dag.py:2726} INFO - Sync 1 DAGs
[2023-07-04T00:15:52.079+0000] {logging_mixin.py:149} INFO - [2023-07-04T00:15:52.079+0000] {dag.py:3490} INFO - Setting next_dagrun for example_params_ui_tutorial to None, run_after=None
[2023-07-04T00:15:52.131+0000] {processor.py:179} INFO - Processing /home/airflow/.local/lib/python3.7/site-packages/airflow/example_dags/example_params_ui_tutorial.py took 0.376 seconds
[2023-07-04T00:16:22.525+0000] {processor.py:157} INFO - Started process (PID=1095) to work on /home/airflow/.local/lib/python3.7/site-packages/airflow/example_dags/example_params_ui_tutorial.py
[2023-07-04T00:16:22.526+0000] {processor.py:826} INFO - Processing file /home/airflow/.local/lib/python3.7/site-packages/airflow/example_dags/example_params_ui_tutorial.py for tasks to queue
[2023-07-04T00:16:22.527+0000] {logging_mixin.py:149} INFO - [2023-07-04T00:16:22.527+0000] {dagbag.py:541} INFO - Filling up the DagBag from /home/airflow/.local/lib/python3.7/site-packages/airflow/example_dags/example_params_ui_tutorial.py
[2023-07-04T00:16:22.610+0000] {processor.py:836} INFO - DAG(s) dict_keys(['example_params_ui_tutorial']) retrieved from /home/airflow/.local/lib/python3.7/site-packages/airflow/example_dags/example_params_ui_tutorial.py
[2023-07-04T00:16:22.749+0000] {logging_mixin.py:149} INFO - [2023-07-04T00:16:22.749+0000] {dag.py:2726} INFO - Sync 1 DAGs
[2023-07-04T00:16:22.803+0000] {logging_mixin.py:149} INFO - [2023-07-04T00:16:22.803+0000] {dag.py:3490} INFO - Setting next_dagrun for example_params_ui_tutorial to None, run_after=None
[2023-07-04T00:16:22.848+0000] {processor.py:179} INFO - Processing /home/airflow/.local/lib/python3.7/site-packages/airflow/example_dags/example_params_ui_tutorial.py took 0.330 seconds
[2023-07-04T00:16:53.021+0000] {processor.py:157} INFO - Started process (PID=1153) to work on /home/airflow/.local/lib/python3.7/site-packages/airflow/example_dags/example_params_ui_tutorial.py
[2023-07-04T00:16:53.023+0000] {processor.py:826} INFO - Processing file /home/airflow/.local/lib/python3.7/site-packages/airflow/example_dags/example_params_ui_tutorial.py for tasks to queue
[2023-07-04T00:16:53.025+0000] {logging_mixin.py:149} INFO - [2023-07-04T00:16:53.025+0000] {dagbag.py:541} INFO - Filling up the DagBag from /home/airflow/.local/lib/python3.7/site-packages/airflow/example_dags/example_params_ui_tutorial.py
[2023-07-04T00:16:53.106+0000] {processor.py:836} INFO - DAG(s) dict_keys(['example_params_ui_tutorial']) retrieved from /home/airflow/.local/lib/python3.7/site-packages/airflow/example_dags/example_params_ui_tutorial.py
[2023-07-04T00:16:53.256+0000] {logging_mixin.py:149} INFO - [2023-07-04T00:16:53.255+0000] {dag.py:2726} INFO - Sync 1 DAGs
[2023-07-04T00:16:53.326+0000] {logging_mixin.py:149} INFO - [2023-07-04T00:16:53.326+0000] {dag.py:3490} INFO - Setting next_dagrun for example_params_ui_tutorial to None, run_after=None
[2023-07-04T00:16:53.372+0000] {processor.py:179} INFO - Processing /home/airflow/.local/lib/python3.7/site-packages/airflow/example_dags/example_params_ui_tutorial.py took 0.357 seconds
[2023-07-04T00:17:23.919+0000] {processor.py:157} INFO - Started process (PID=1209) to work on /home/airflow/.local/lib/python3.7/site-packages/airflow/example_dags/example_params_ui_tutorial.py
[2023-07-04T00:17:23.921+0000] {processor.py:826} INFO - Processing file /home/airflow/.local/lib/python3.7/site-packages/airflow/example_dags/example_params_ui_tutorial.py for tasks to queue
[2023-07-04T00:17:23.926+0000] {logging_mixin.py:149} INFO - [2023-07-04T00:17:23.925+0000] {dagbag.py:541} INFO - Filling up the DagBag from /home/airflow/.local/lib/python3.7/site-packages/airflow/example_dags/example_params_ui_tutorial.py
[2023-07-04T00:17:24.093+0000] {processor.py:836} INFO - DAG(s) dict_keys(['example_params_ui_tutorial']) retrieved from /home/airflow/.local/lib/python3.7/site-packages/airflow/example_dags/example_params_ui_tutorial.py
[2023-07-04T00:17:24.233+0000] {logging_mixin.py:149} INFO - [2023-07-04T00:17:24.233+0000] {dag.py:2726} INFO - Sync 1 DAGs
[2023-07-04T00:17:24.308+0000] {logging_mixin.py:149} INFO - [2023-07-04T00:17:24.308+0000] {dag.py:3490} INFO - Setting next_dagrun for example_params_ui_tutorial to None, run_after=None
[2023-07-04T00:17:24.360+0000] {processor.py:179} INFO - Processing /home/airflow/.local/lib/python3.7/site-packages/airflow/example_dags/example_params_ui_tutorial.py took 0.454 seconds
[2023-07-04T00:17:55.257+0000] {processor.py:157} INFO - Started process (PID=1266) to work on /home/airflow/.local/lib/python3.7/site-packages/airflow/example_dags/example_params_ui_tutorial.py
[2023-07-04T00:17:55.260+0000] {processor.py:826} INFO - Processing file /home/airflow/.local/lib/python3.7/site-packages/airflow/example_dags/example_params_ui_tutorial.py for tasks to queue
[2023-07-04T00:17:55.263+0000] {logging_mixin.py:149} INFO - [2023-07-04T00:17:55.263+0000] {dagbag.py:541} INFO - Filling up the DagBag from /home/airflow/.local/lib/python3.7/site-packages/airflow/example_dags/example_params_ui_tutorial.py
[2023-07-04T00:17:55.382+0000] {processor.py:836} INFO - DAG(s) dict_keys(['example_params_ui_tutorial']) retrieved from /home/airflow/.local/lib/python3.7/site-packages/airflow/example_dags/example_params_ui_tutorial.py
[2023-07-04T00:17:55.578+0000] {logging_mixin.py:149} INFO - [2023-07-04T00:17:55.577+0000] {dag.py:2726} INFO - Sync 1 DAGs
[2023-07-04T00:17:55.642+0000] {logging_mixin.py:149} INFO - [2023-07-04T00:17:55.642+0000] {dag.py:3490} INFO - Setting next_dagrun for example_params_ui_tutorial to None, run_after=None
[2023-07-04T00:17:55.699+0000] {processor.py:179} INFO - Processing /home/airflow/.local/lib/python3.7/site-packages/airflow/example_dags/example_params_ui_tutorial.py took 0.449 seconds
[2023-07-04T00:18:26.229+0000] {processor.py:157} INFO - Started process (PID=1323) to work on /home/airflow/.local/lib/python3.7/site-packages/airflow/example_dags/example_params_ui_tutorial.py
[2023-07-04T00:18:26.230+0000] {processor.py:826} INFO - Processing file /home/airflow/.local/lib/python3.7/site-packages/airflow/example_dags/example_params_ui_tutorial.py for tasks to queue
[2023-07-04T00:18:26.232+0000] {logging_mixin.py:149} INFO - [2023-07-04T00:18:26.231+0000] {dagbag.py:541} INFO - Filling up the DagBag from /home/airflow/.local/lib/python3.7/site-packages/airflow/example_dags/example_params_ui_tutorial.py
[2023-07-04T00:18:26.331+0000] {processor.py:836} INFO - DAG(s) dict_keys(['example_params_ui_tutorial']) retrieved from /home/airflow/.local/lib/python3.7/site-packages/airflow/example_dags/example_params_ui_tutorial.py
[2023-07-04T00:18:26.471+0000] {logging_mixin.py:149} INFO - [2023-07-04T00:18:26.471+0000] {dag.py:2726} INFO - Sync 1 DAGs
[2023-07-04T00:18:26.532+0000] {logging_mixin.py:149} INFO - [2023-07-04T00:18:26.532+0000] {dag.py:3490} INFO - Setting next_dagrun for example_params_ui_tutorial to None, run_after=None
[2023-07-04T00:18:26.582+0000] {processor.py:179} INFO - Processing /home/airflow/.local/lib/python3.7/site-packages/airflow/example_dags/example_params_ui_tutorial.py took 0.360 seconds
[2023-07-04T00:18:57.150+0000] {processor.py:157} INFO - Started process (PID=1378) to work on /home/airflow/.local/lib/python3.7/site-packages/airflow/example_dags/example_params_ui_tutorial.py
[2023-07-04T00:18:57.152+0000] {processor.py:826} INFO - Processing file /home/airflow/.local/lib/python3.7/site-packages/airflow/example_dags/example_params_ui_tutorial.py for tasks to queue
[2023-07-04T00:18:57.154+0000] {logging_mixin.py:149} INFO - [2023-07-04T00:18:57.153+0000] {dagbag.py:541} INFO - Filling up the DagBag from /home/airflow/.local/lib/python3.7/site-packages/airflow/example_dags/example_params_ui_tutorial.py
[2023-07-04T00:18:57.246+0000] {processor.py:836} INFO - DAG(s) dict_keys(['example_params_ui_tutorial']) retrieved from /home/airflow/.local/lib/python3.7/site-packages/airflow/example_dags/example_params_ui_tutorial.py
[2023-07-04T00:18:57.395+0000] {logging_mixin.py:149} INFO - [2023-07-04T00:18:57.394+0000] {dag.py:2726} INFO - Sync 1 DAGs
[2023-07-04T00:18:57.468+0000] {logging_mixin.py:149} INFO - [2023-07-04T00:18:57.468+0000] {dag.py:3490} INFO - Setting next_dagrun for example_params_ui_tutorial to None, run_after=None
[2023-07-04T00:18:57.523+0000] {processor.py:179} INFO - Processing /home/airflow/.local/lib/python3.7/site-packages/airflow/example_dags/example_params_ui_tutorial.py took 0.382 seconds
[2023-07-04T00:19:28.053+0000] {processor.py:157} INFO - Started process (PID=1436) to work on /home/airflow/.local/lib/python3.7/site-packages/airflow/example_dags/example_params_ui_tutorial.py
[2023-07-04T00:19:28.055+0000] {processor.py:826} INFO - Processing file /home/airflow/.local/lib/python3.7/site-packages/airflow/example_dags/example_params_ui_tutorial.py for tasks to queue
[2023-07-04T00:19:28.057+0000] {logging_mixin.py:149} INFO - [2023-07-04T00:19:28.056+0000] {dagbag.py:541} INFO - Filling up the DagBag from /home/airflow/.local/lib/python3.7/site-packages/airflow/example_dags/example_params_ui_tutorial.py
[2023-07-04T00:19:28.144+0000] {processor.py:836} INFO - DAG(s) dict_keys(['example_params_ui_tutorial']) retrieved from /home/airflow/.local/lib/python3.7/site-packages/airflow/example_dags/example_params_ui_tutorial.py
[2023-07-04T00:19:28.283+0000] {logging_mixin.py:149} INFO - [2023-07-04T00:19:28.283+0000] {dag.py:2726} INFO - Sync 1 DAGs
[2023-07-04T00:19:28.342+0000] {logging_mixin.py:149} INFO - [2023-07-04T00:19:28.342+0000] {dag.py:3490} INFO - Setting next_dagrun for example_params_ui_tutorial to None, run_after=None
[2023-07-04T00:19:28.386+0000] {processor.py:179} INFO - Processing /home/airflow/.local/lib/python3.7/site-packages/airflow/example_dags/example_params_ui_tutorial.py took 0.340 seconds
[2023-07-04T00:19:58.852+0000] {processor.py:157} INFO - Started process (PID=1494) to work on /home/airflow/.local/lib/python3.7/site-packages/airflow/example_dags/example_params_ui_tutorial.py
[2023-07-04T00:19:58.854+0000] {processor.py:826} INFO - Processing file /home/airflow/.local/lib/python3.7/site-packages/airflow/example_dags/example_params_ui_tutorial.py for tasks to queue
[2023-07-04T00:19:58.857+0000] {logging_mixin.py:149} INFO - [2023-07-04T00:19:58.856+0000] {dagbag.py:541} INFO - Filling up the DagBag from /home/airflow/.local/lib/python3.7/site-packages/airflow/example_dags/example_params_ui_tutorial.py
[2023-07-04T00:19:58.946+0000] {processor.py:836} INFO - DAG(s) dict_keys(['example_params_ui_tutorial']) retrieved from /home/airflow/.local/lib/python3.7/site-packages/airflow/example_dags/example_params_ui_tutorial.py
[2023-07-04T00:19:59.088+0000] {logging_mixin.py:149} INFO - [2023-07-04T00:19:59.087+0000] {dag.py:2726} INFO - Sync 1 DAGs
[2023-07-04T00:19:59.146+0000] {logging_mixin.py:149} INFO - [2023-07-04T00:19:59.146+0000] {dag.py:3490} INFO - Setting next_dagrun for example_params_ui_tutorial to None, run_after=None
[2023-07-04T00:19:59.185+0000] {processor.py:179} INFO - Processing /home/airflow/.local/lib/python3.7/site-packages/airflow/example_dags/example_params_ui_tutorial.py took 0.338 seconds
[2023-07-04T00:20:29.311+0000] {processor.py:157} INFO - Started process (PID=1551) to work on /home/airflow/.local/lib/python3.7/site-packages/airflow/example_dags/example_params_ui_tutorial.py
[2023-07-04T00:20:29.312+0000] {processor.py:826} INFO - Processing file /home/airflow/.local/lib/python3.7/site-packages/airflow/example_dags/example_params_ui_tutorial.py for tasks to queue
[2023-07-04T00:20:29.313+0000] {logging_mixin.py:149} INFO - [2023-07-04T00:20:29.313+0000] {dagbag.py:541} INFO - Filling up the DagBag from /home/airflow/.local/lib/python3.7/site-packages/airflow/example_dags/example_params_ui_tutorial.py
[2023-07-04T00:20:29.384+0000] {processor.py:836} INFO - DAG(s) dict_keys(['example_params_ui_tutorial']) retrieved from /home/airflow/.local/lib/python3.7/site-packages/airflow/example_dags/example_params_ui_tutorial.py
[2023-07-04T00:20:29.505+0000] {logging_mixin.py:149} INFO - [2023-07-04T00:20:29.505+0000] {dag.py:2726} INFO - Sync 1 DAGs
[2023-07-04T00:20:29.552+0000] {logging_mixin.py:149} INFO - [2023-07-04T00:20:29.552+0000] {dag.py:3490} INFO - Setting next_dagrun for example_params_ui_tutorial to None, run_after=None
[2023-07-04T00:20:29.587+0000] {processor.py:179} INFO - Processing /home/airflow/.local/lib/python3.7/site-packages/airflow/example_dags/example_params_ui_tutorial.py took 0.283 seconds
[2023-07-04T00:20:59.908+0000] {processor.py:157} INFO - Started process (PID=1606) to work on /home/airflow/.local/lib/python3.7/site-packages/airflow/example_dags/example_params_ui_tutorial.py
[2023-07-04T00:20:59.910+0000] {processor.py:826} INFO - Processing file /home/airflow/.local/lib/python3.7/site-packages/airflow/example_dags/example_params_ui_tutorial.py for tasks to queue
[2023-07-04T00:20:59.912+0000] {logging_mixin.py:149} INFO - [2023-07-04T00:20:59.912+0000] {dagbag.py:541} INFO - Filling up the DagBag from /home/airflow/.local/lib/python3.7/site-packages/airflow/example_dags/example_params_ui_tutorial.py
[2023-07-04T00:21:00.009+0000] {processor.py:836} INFO - DAG(s) dict_keys(['example_params_ui_tutorial']) retrieved from /home/airflow/.local/lib/python3.7/site-packages/airflow/example_dags/example_params_ui_tutorial.py
[2023-07-04T00:21:00.155+0000] {logging_mixin.py:149} INFO - [2023-07-04T00:21:00.155+0000] {dag.py:2726} INFO - Sync 1 DAGs
[2023-07-04T00:21:00.211+0000] {logging_mixin.py:149} INFO - [2023-07-04T00:21:00.211+0000] {dag.py:3490} INFO - Setting next_dagrun for example_params_ui_tutorial to None, run_after=None
[2023-07-04T00:21:00.246+0000] {processor.py:179} INFO - Processing /home/airflow/.local/lib/python3.7/site-packages/airflow/example_dags/example_params_ui_tutorial.py took 0.345 seconds
[2023-07-04T00:21:30.589+0000] {processor.py:157} INFO - Started process (PID=1662) to work on /home/airflow/.local/lib/python3.7/site-packages/airflow/example_dags/example_params_ui_tutorial.py
[2023-07-04T00:21:30.591+0000] {processor.py:826} INFO - Processing file /home/airflow/.local/lib/python3.7/site-packages/airflow/example_dags/example_params_ui_tutorial.py for tasks to queue
[2023-07-04T00:21:30.593+0000] {logging_mixin.py:149} INFO - [2023-07-04T00:21:30.593+0000] {dagbag.py:541} INFO - Filling up the DagBag from /home/airflow/.local/lib/python3.7/site-packages/airflow/example_dags/example_params_ui_tutorial.py
[2023-07-04T00:21:30.668+0000] {processor.py:836} INFO - DAG(s) dict_keys(['example_params_ui_tutorial']) retrieved from /home/airflow/.local/lib/python3.7/site-packages/airflow/example_dags/example_params_ui_tutorial.py
[2023-07-04T00:21:30.775+0000] {logging_mixin.py:149} INFO - [2023-07-04T00:21:30.775+0000] {dag.py:2726} INFO - Sync 1 DAGs
[2023-07-04T00:21:30.819+0000] {logging_mixin.py:149} INFO - [2023-07-04T00:21:30.819+0000] {dag.py:3490} INFO - Setting next_dagrun for example_params_ui_tutorial to None, run_after=None
[2023-07-04T00:21:30.852+0000] {processor.py:179} INFO - Processing /home/airflow/.local/lib/python3.7/site-packages/airflow/example_dags/example_params_ui_tutorial.py took 0.269 seconds
[2023-07-04T00:22:01.217+0000] {processor.py:157} INFO - Started process (PID=1720) to work on /home/airflow/.local/lib/python3.7/site-packages/airflow/example_dags/example_params_ui_tutorial.py
[2023-07-04T00:22:01.220+0000] {processor.py:826} INFO - Processing file /home/airflow/.local/lib/python3.7/site-packages/airflow/example_dags/example_params_ui_tutorial.py for tasks to queue
[2023-07-04T00:22:01.222+0000] {logging_mixin.py:149} INFO - [2023-07-04T00:22:01.221+0000] {dagbag.py:541} INFO - Filling up the DagBag from /home/airflow/.local/lib/python3.7/site-packages/airflow/example_dags/example_params_ui_tutorial.py
[2023-07-04T00:22:01.372+0000] {processor.py:836} INFO - DAG(s) dict_keys(['example_params_ui_tutorial']) retrieved from /home/airflow/.local/lib/python3.7/site-packages/airflow/example_dags/example_params_ui_tutorial.py
[2023-07-04T00:22:01.589+0000] {logging_mixin.py:149} INFO - [2023-07-04T00:22:01.588+0000] {dag.py:2726} INFO - Sync 1 DAGs
[2023-07-04T00:22:01.677+0000] {logging_mixin.py:149} INFO - [2023-07-04T00:22:01.677+0000] {dag.py:3490} INFO - Setting next_dagrun for example_params_ui_tutorial to None, run_after=None
[2023-07-04T00:22:01.795+0000] {processor.py:179} INFO - Processing /home/airflow/.local/lib/python3.7/site-packages/airflow/example_dags/example_params_ui_tutorial.py took 0.589 seconds
[2023-07-04T00:22:31.907+0000] {processor.py:157} INFO - Started process (PID=1776) to work on /home/airflow/.local/lib/python3.7/site-packages/airflow/example_dags/example_params_ui_tutorial.py
[2023-07-04T00:22:31.908+0000] {processor.py:826} INFO - Processing file /home/airflow/.local/lib/python3.7/site-packages/airflow/example_dags/example_params_ui_tutorial.py for tasks to queue
[2023-07-04T00:22:31.909+0000] {logging_mixin.py:149} INFO - [2023-07-04T00:22:31.909+0000] {dagbag.py:541} INFO - Filling up the DagBag from /home/airflow/.local/lib/python3.7/site-packages/airflow/example_dags/example_params_ui_tutorial.py
[2023-07-04T00:22:32.039+0000] {processor.py:836} INFO - DAG(s) dict_keys(['example_params_ui_tutorial']) retrieved from /home/airflow/.local/lib/python3.7/site-packages/airflow/example_dags/example_params_ui_tutorial.py
[2023-07-04T00:22:32.186+0000] {logging_mixin.py:149} INFO - [2023-07-04T00:22:32.185+0000] {dag.py:2726} INFO - Sync 1 DAGs
[2023-07-04T00:22:32.254+0000] {logging_mixin.py:149} INFO - [2023-07-04T00:22:32.254+0000] {dag.py:3490} INFO - Setting next_dagrun for example_params_ui_tutorial to None, run_after=None
[2023-07-04T00:22:32.292+0000] {processor.py:179} INFO - Processing /home/airflow/.local/lib/python3.7/site-packages/airflow/example_dags/example_params_ui_tutorial.py took 0.392 seconds
[2023-07-04T00:23:02.432+0000] {processor.py:157} INFO - Started process (PID=1833) to work on /home/airflow/.local/lib/python3.7/site-packages/airflow/example_dags/example_params_ui_tutorial.py
[2023-07-04T00:23:02.433+0000] {processor.py:826} INFO - Processing file /home/airflow/.local/lib/python3.7/site-packages/airflow/example_dags/example_params_ui_tutorial.py for tasks to queue
[2023-07-04T00:23:02.434+0000] {logging_mixin.py:149} INFO - [2023-07-04T00:23:02.434+0000] {dagbag.py:541} INFO - Filling up the DagBag from /home/airflow/.local/lib/python3.7/site-packages/airflow/example_dags/example_params_ui_tutorial.py
[2023-07-04T00:23:02.518+0000] {processor.py:836} INFO - DAG(s) dict_keys(['example_params_ui_tutorial']) retrieved from /home/airflow/.local/lib/python3.7/site-packages/airflow/example_dags/example_params_ui_tutorial.py
[2023-07-04T00:23:02.631+0000] {logging_mixin.py:149} INFO - [2023-07-04T00:23:02.631+0000] {dag.py:2726} INFO - Sync 1 DAGs
[2023-07-04T00:23:02.678+0000] {logging_mixin.py:149} INFO - [2023-07-04T00:23:02.678+0000] {dag.py:3490} INFO - Setting next_dagrun for example_params_ui_tutorial to None, run_after=None
[2023-07-04T00:23:02.712+0000] {processor.py:179} INFO - Processing /home/airflow/.local/lib/python3.7/site-packages/airflow/example_dags/example_params_ui_tutorial.py took 0.286 seconds
[2023-07-04T00:23:33.215+0000] {processor.py:157} INFO - Started process (PID=1890) to work on /home/airflow/.local/lib/python3.7/site-packages/airflow/example_dags/example_params_ui_tutorial.py
[2023-07-04T00:23:33.217+0000] {processor.py:826} INFO - Processing file /home/airflow/.local/lib/python3.7/site-packages/airflow/example_dags/example_params_ui_tutorial.py for tasks to queue
[2023-07-04T00:23:33.218+0000] {logging_mixin.py:149} INFO - [2023-07-04T00:23:33.218+0000] {dagbag.py:541} INFO - Filling up the DagBag from /home/airflow/.local/lib/python3.7/site-packages/airflow/example_dags/example_params_ui_tutorial.py
[2023-07-04T00:23:33.302+0000] {processor.py:836} INFO - DAG(s) dict_keys(['example_params_ui_tutorial']) retrieved from /home/airflow/.local/lib/python3.7/site-packages/airflow/example_dags/example_params_ui_tutorial.py
[2023-07-04T00:23:33.439+0000] {logging_mixin.py:149} INFO - [2023-07-04T00:23:33.439+0000] {dag.py:2726} INFO - Sync 1 DAGs
[2023-07-04T00:23:33.494+0000] {logging_mixin.py:149} INFO - [2023-07-04T00:23:33.494+0000] {dag.py:3490} INFO - Setting next_dagrun for example_params_ui_tutorial to None, run_after=None
[2023-07-04T00:23:33.534+0000] {processor.py:179} INFO - Processing /home/airflow/.local/lib/python3.7/site-packages/airflow/example_dags/example_params_ui_tutorial.py took 0.326 seconds
[2023-07-04T00:24:03.680+0000] {processor.py:157} INFO - Started process (PID=1947) to work on /home/airflow/.local/lib/python3.7/site-packages/airflow/example_dags/example_params_ui_tutorial.py
[2023-07-04T00:24:03.682+0000] {processor.py:826} INFO - Processing file /home/airflow/.local/lib/python3.7/site-packages/airflow/example_dags/example_params_ui_tutorial.py for tasks to queue
[2023-07-04T00:24:03.683+0000] {logging_mixin.py:149} INFO - [2023-07-04T00:24:03.682+0000] {dagbag.py:541} INFO - Filling up the DagBag from /home/airflow/.local/lib/python3.7/site-packages/airflow/example_dags/example_params_ui_tutorial.py
[2023-07-04T00:24:03.803+0000] {processor.py:836} INFO - DAG(s) dict_keys(['example_params_ui_tutorial']) retrieved from /home/airflow/.local/lib/python3.7/site-packages/airflow/example_dags/example_params_ui_tutorial.py
[2023-07-04T00:24:04.059+0000] {logging_mixin.py:149} INFO - [2023-07-04T00:24:04.058+0000] {dag.py:2726} INFO - Sync 1 DAGs
[2023-07-04T00:24:04.163+0000] {logging_mixin.py:149} INFO - [2023-07-04T00:24:04.162+0000] {dag.py:3490} INFO - Setting next_dagrun for example_params_ui_tutorial to None, run_after=None
[2023-07-04T00:24:04.219+0000] {processor.py:179} INFO - Processing /home/airflow/.local/lib/python3.7/site-packages/airflow/example_dags/example_params_ui_tutorial.py took 0.549 seconds
[2023-07-04T00:24:34.302+0000] {processor.py:157} INFO - Started process (PID=2003) to work on /home/airflow/.local/lib/python3.7/site-packages/airflow/example_dags/example_params_ui_tutorial.py
[2023-07-04T00:24:34.304+0000] {processor.py:826} INFO - Processing file /home/airflow/.local/lib/python3.7/site-packages/airflow/example_dags/example_params_ui_tutorial.py for tasks to queue
[2023-07-04T00:24:34.306+0000] {logging_mixin.py:149} INFO - [2023-07-04T00:24:34.305+0000] {dagbag.py:541} INFO - Filling up the DagBag from /home/airflow/.local/lib/python3.7/site-packages/airflow/example_dags/example_params_ui_tutorial.py
[2023-07-04T00:24:34.377+0000] {processor.py:836} INFO - DAG(s) dict_keys(['example_params_ui_tutorial']) retrieved from /home/airflow/.local/lib/python3.7/site-packages/airflow/example_dags/example_params_ui_tutorial.py
[2023-07-04T00:24:34.483+0000] {logging_mixin.py:149} INFO - [2023-07-04T00:24:34.483+0000] {dag.py:2726} INFO - Sync 1 DAGs
[2023-07-04T00:24:34.527+0000] {logging_mixin.py:149} INFO - [2023-07-04T00:24:34.526+0000] {dag.py:3490} INFO - Setting next_dagrun for example_params_ui_tutorial to None, run_after=None
[2023-07-04T00:24:34.559+0000] {processor.py:179} INFO - Processing /home/airflow/.local/lib/python3.7/site-packages/airflow/example_dags/example_params_ui_tutorial.py took 0.261 seconds
[2023-07-04T00:25:04.945+0000] {processor.py:157} INFO - Started process (PID=2060) to work on /home/airflow/.local/lib/python3.7/site-packages/airflow/example_dags/example_params_ui_tutorial.py
[2023-07-04T00:25:04.947+0000] {processor.py:826} INFO - Processing file /home/airflow/.local/lib/python3.7/site-packages/airflow/example_dags/example_params_ui_tutorial.py for tasks to queue
[2023-07-04T00:25:04.949+0000] {logging_mixin.py:149} INFO - [2023-07-04T00:25:04.948+0000] {dagbag.py:541} INFO - Filling up the DagBag from /home/airflow/.local/lib/python3.7/site-packages/airflow/example_dags/example_params_ui_tutorial.py
[2023-07-04T00:25:05.024+0000] {processor.py:836} INFO - DAG(s) dict_keys(['example_params_ui_tutorial']) retrieved from /home/airflow/.local/lib/python3.7/site-packages/airflow/example_dags/example_params_ui_tutorial.py
[2023-07-04T00:25:05.136+0000] {logging_mixin.py:149} INFO - [2023-07-04T00:25:05.136+0000] {dag.py:2726} INFO - Sync 1 DAGs
[2023-07-04T00:25:05.180+0000] {logging_mixin.py:149} INFO - [2023-07-04T00:25:05.179+0000] {dag.py:3490} INFO - Setting next_dagrun for example_params_ui_tutorial to None, run_after=None
[2023-07-04T00:25:05.225+0000] {processor.py:179} INFO - Processing /home/airflow/.local/lib/python3.7/site-packages/airflow/example_dags/example_params_ui_tutorial.py took 0.290 seconds
[2023-07-04T00:25:35.345+0000] {processor.py:157} INFO - Started process (PID=2118) to work on /home/airflow/.local/lib/python3.7/site-packages/airflow/example_dags/example_params_ui_tutorial.py
[2023-07-04T00:25:35.347+0000] {processor.py:826} INFO - Processing file /home/airflow/.local/lib/python3.7/site-packages/airflow/example_dags/example_params_ui_tutorial.py for tasks to queue
[2023-07-04T00:25:35.348+0000] {logging_mixin.py:149} INFO - [2023-07-04T00:25:35.348+0000] {dagbag.py:541} INFO - Filling up the DagBag from /home/airflow/.local/lib/python3.7/site-packages/airflow/example_dags/example_params_ui_tutorial.py
[2023-07-04T00:25:35.419+0000] {processor.py:836} INFO - DAG(s) dict_keys(['example_params_ui_tutorial']) retrieved from /home/airflow/.local/lib/python3.7/site-packages/airflow/example_dags/example_params_ui_tutorial.py
[2023-07-04T00:25:35.554+0000] {logging_mixin.py:149} INFO - [2023-07-04T00:25:35.554+0000] {dag.py:2726} INFO - Sync 1 DAGs
[2023-07-04T00:25:35.630+0000] {logging_mixin.py:149} INFO - [2023-07-04T00:25:35.630+0000] {dag.py:3490} INFO - Setting next_dagrun for example_params_ui_tutorial to None, run_after=None
[2023-07-04T00:25:35.679+0000] {processor.py:179} INFO - Processing /home/airflow/.local/lib/python3.7/site-packages/airflow/example_dags/example_params_ui_tutorial.py took 0.344 seconds
[2023-07-04T00:26:05.940+0000] {processor.py:157} INFO - Started process (PID=2175) to work on /home/airflow/.local/lib/python3.7/site-packages/airflow/example_dags/example_params_ui_tutorial.py
[2023-07-04T00:26:05.942+0000] {processor.py:826} INFO - Processing file /home/airflow/.local/lib/python3.7/site-packages/airflow/example_dags/example_params_ui_tutorial.py for tasks to queue
[2023-07-04T00:26:05.944+0000] {logging_mixin.py:149} INFO - [2023-07-04T00:26:05.943+0000] {dagbag.py:541} INFO - Filling up the DagBag from /home/airflow/.local/lib/python3.7/site-packages/airflow/example_dags/example_params_ui_tutorial.py
[2023-07-04T00:26:06.071+0000] {processor.py:836} INFO - DAG(s) dict_keys(['example_params_ui_tutorial']) retrieved from /home/airflow/.local/lib/python3.7/site-packages/airflow/example_dags/example_params_ui_tutorial.py
[2023-07-04T00:26:06.254+0000] {logging_mixin.py:149} INFO - [2023-07-04T00:26:06.254+0000] {dag.py:2726} INFO - Sync 1 DAGs
[2023-07-04T00:26:06.323+0000] {logging_mixin.py:149} INFO - [2023-07-04T00:26:06.322+0000] {dag.py:3490} INFO - Setting next_dagrun for example_params_ui_tutorial to None, run_after=None
[2023-07-04T00:26:06.371+0000] {processor.py:179} INFO - Processing /home/airflow/.local/lib/python3.7/site-packages/airflow/example_dags/example_params_ui_tutorial.py took 0.439 seconds
[2023-07-04T00:26:36.449+0000] {processor.py:157} INFO - Started process (PID=2233) to work on /home/airflow/.local/lib/python3.7/site-packages/airflow/example_dags/example_params_ui_tutorial.py
[2023-07-04T00:26:36.451+0000] {processor.py:826} INFO - Processing file /home/airflow/.local/lib/python3.7/site-packages/airflow/example_dags/example_params_ui_tutorial.py for tasks to queue
[2023-07-04T00:26:36.452+0000] {logging_mixin.py:149} INFO - [2023-07-04T00:26:36.452+0000] {dagbag.py:541} INFO - Filling up the DagBag from /home/airflow/.local/lib/python3.7/site-packages/airflow/example_dags/example_params_ui_tutorial.py
[2023-07-04T00:26:36.536+0000] {processor.py:836} INFO - DAG(s) dict_keys(['example_params_ui_tutorial']) retrieved from /home/airflow/.local/lib/python3.7/site-packages/airflow/example_dags/example_params_ui_tutorial.py
[2023-07-04T00:26:36.710+0000] {logging_mixin.py:149} INFO - [2023-07-04T00:26:36.709+0000] {dag.py:2726} INFO - Sync 1 DAGs
[2023-07-04T00:26:36.774+0000] {logging_mixin.py:149} INFO - [2023-07-04T00:26:36.773+0000] {dag.py:3490} INFO - Setting next_dagrun for example_params_ui_tutorial to None, run_after=None
[2023-07-04T00:26:36.822+0000] {processor.py:179} INFO - Processing /home/airflow/.local/lib/python3.7/site-packages/airflow/example_dags/example_params_ui_tutorial.py took 0.381 seconds
[2023-07-04T00:27:06.910+0000] {processor.py:157} INFO - Started process (PID=2290) to work on /home/airflow/.local/lib/python3.7/site-packages/airflow/example_dags/example_params_ui_tutorial.py
[2023-07-04T00:27:06.913+0000] {processor.py:826} INFO - Processing file /home/airflow/.local/lib/python3.7/site-packages/airflow/example_dags/example_params_ui_tutorial.py for tasks to queue
[2023-07-04T00:27:06.915+0000] {logging_mixin.py:149} INFO - [2023-07-04T00:27:06.915+0000] {dagbag.py:541} INFO - Filling up the DagBag from /home/airflow/.local/lib/python3.7/site-packages/airflow/example_dags/example_params_ui_tutorial.py
[2023-07-04T00:27:07.015+0000] {processor.py:836} INFO - DAG(s) dict_keys(['example_params_ui_tutorial']) retrieved from /home/airflow/.local/lib/python3.7/site-packages/airflow/example_dags/example_params_ui_tutorial.py
[2023-07-04T00:27:07.163+0000] {logging_mixin.py:149} INFO - [2023-07-04T00:27:07.163+0000] {dag.py:2726} INFO - Sync 1 DAGs
[2023-07-04T00:27:07.220+0000] {logging_mixin.py:149} INFO - [2023-07-04T00:27:07.220+0000] {dag.py:3490} INFO - Setting next_dagrun for example_params_ui_tutorial to None, run_after=None
[2023-07-04T00:27:07.257+0000] {processor.py:179} INFO - Processing /home/airflow/.local/lib/python3.7/site-packages/airflow/example_dags/example_params_ui_tutorial.py took 0.355 seconds
[2023-07-04T00:27:37.986+0000] {processor.py:157} INFO - Started process (PID=2347) to work on /home/airflow/.local/lib/python3.7/site-packages/airflow/example_dags/example_params_ui_tutorial.py
[2023-07-04T00:27:37.987+0000] {processor.py:826} INFO - Processing file /home/airflow/.local/lib/python3.7/site-packages/airflow/example_dags/example_params_ui_tutorial.py for tasks to queue
[2023-07-04T00:27:37.988+0000] {logging_mixin.py:149} INFO - [2023-07-04T00:27:37.988+0000] {dagbag.py:541} INFO - Filling up the DagBag from /home/airflow/.local/lib/python3.7/site-packages/airflow/example_dags/example_params_ui_tutorial.py
[2023-07-04T00:27:38.094+0000] {processor.py:836} INFO - DAG(s) dict_keys(['example_params_ui_tutorial']) retrieved from /home/airflow/.local/lib/python3.7/site-packages/airflow/example_dags/example_params_ui_tutorial.py
[2023-07-04T00:27:38.228+0000] {logging_mixin.py:149} INFO - [2023-07-04T00:27:38.228+0000] {dag.py:2726} INFO - Sync 1 DAGs
[2023-07-04T00:27:38.278+0000] {logging_mixin.py:149} INFO - [2023-07-04T00:27:38.278+0000] {dag.py:3490} INFO - Setting next_dagrun for example_params_ui_tutorial to None, run_after=None
[2023-07-04T00:27:38.313+0000] {processor.py:179} INFO - Processing /home/airflow/.local/lib/python3.7/site-packages/airflow/example_dags/example_params_ui_tutorial.py took 0.334 seconds
[2023-07-04T00:28:08.447+0000] {processor.py:157} INFO - Started process (PID=2405) to work on /home/airflow/.local/lib/python3.7/site-packages/airflow/example_dags/example_params_ui_tutorial.py
[2023-07-04T00:28:08.450+0000] {processor.py:826} INFO - Processing file /home/airflow/.local/lib/python3.7/site-packages/airflow/example_dags/example_params_ui_tutorial.py for tasks to queue
[2023-07-04T00:28:08.452+0000] {logging_mixin.py:149} INFO - [2023-07-04T00:28:08.452+0000] {dagbag.py:541} INFO - Filling up the DagBag from /home/airflow/.local/lib/python3.7/site-packages/airflow/example_dags/example_params_ui_tutorial.py
[2023-07-04T00:28:08.574+0000] {processor.py:836} INFO - DAG(s) dict_keys(['example_params_ui_tutorial']) retrieved from /home/airflow/.local/lib/python3.7/site-packages/airflow/example_dags/example_params_ui_tutorial.py
[2023-07-04T00:28:08.765+0000] {logging_mixin.py:149} INFO - [2023-07-04T00:28:08.765+0000] {dag.py:2726} INFO - Sync 1 DAGs
[2023-07-04T00:28:08.830+0000] {logging_mixin.py:149} INFO - [2023-07-04T00:28:08.830+0000] {dag.py:3490} INFO - Setting next_dagrun for example_params_ui_tutorial to None, run_after=None
[2023-07-04T00:28:08.870+0000] {processor.py:179} INFO - Processing /home/airflow/.local/lib/python3.7/site-packages/airflow/example_dags/example_params_ui_tutorial.py took 0.430 seconds
[2023-07-04T00:28:39.648+0000] {processor.py:157} INFO - Started process (PID=2462) to work on /home/airflow/.local/lib/python3.7/site-packages/airflow/example_dags/example_params_ui_tutorial.py
[2023-07-04T00:28:39.649+0000] {processor.py:826} INFO - Processing file /home/airflow/.local/lib/python3.7/site-packages/airflow/example_dags/example_params_ui_tutorial.py for tasks to queue
[2023-07-04T00:28:39.650+0000] {logging_mixin.py:149} INFO - [2023-07-04T00:28:39.650+0000] {dagbag.py:541} INFO - Filling up the DagBag from /home/airflow/.local/lib/python3.7/site-packages/airflow/example_dags/example_params_ui_tutorial.py
[2023-07-04T00:28:39.705+0000] {processor.py:836} INFO - DAG(s) dict_keys(['example_params_ui_tutorial']) retrieved from /home/airflow/.local/lib/python3.7/site-packages/airflow/example_dags/example_params_ui_tutorial.py
[2023-07-04T00:28:39.798+0000] {logging_mixin.py:149} INFO - [2023-07-04T00:28:39.798+0000] {dag.py:2726} INFO - Sync 1 DAGs
[2023-07-04T00:28:39.837+0000] {logging_mixin.py:149} INFO - [2023-07-04T00:28:39.837+0000] {dag.py:3490} INFO - Setting next_dagrun for example_params_ui_tutorial to None, run_after=None
[2023-07-04T00:28:39.861+0000] {processor.py:179} INFO - Processing /home/airflow/.local/lib/python3.7/site-packages/airflow/example_dags/example_params_ui_tutorial.py took 0.218 seconds
[2023-07-04T00:29:10.362+0000] {processor.py:157} INFO - Started process (PID=2519) to work on /home/airflow/.local/lib/python3.7/site-packages/airflow/example_dags/example_params_ui_tutorial.py
[2023-07-04T00:29:10.364+0000] {processor.py:826} INFO - Processing file /home/airflow/.local/lib/python3.7/site-packages/airflow/example_dags/example_params_ui_tutorial.py for tasks to queue
[2023-07-04T00:29:10.366+0000] {logging_mixin.py:149} INFO - [2023-07-04T00:29:10.366+0000] {dagbag.py:541} INFO - Filling up the DagBag from /home/airflow/.local/lib/python3.7/site-packages/airflow/example_dags/example_params_ui_tutorial.py
[2023-07-04T00:29:10.447+0000] {processor.py:836} INFO - DAG(s) dict_keys(['example_params_ui_tutorial']) retrieved from /home/airflow/.local/lib/python3.7/site-packages/airflow/example_dags/example_params_ui_tutorial.py
[2023-07-04T00:29:10.551+0000] {logging_mixin.py:149} INFO - [2023-07-04T00:29:10.551+0000] {dag.py:2726} INFO - Sync 1 DAGs
[2023-07-04T00:29:10.586+0000] {logging_mixin.py:149} INFO - [2023-07-04T00:29:10.586+0000] {dag.py:3490} INFO - Setting next_dagrun for example_params_ui_tutorial to None, run_after=None
[2023-07-04T00:29:10.615+0000] {processor.py:179} INFO - Processing /home/airflow/.local/lib/python3.7/site-packages/airflow/example_dags/example_params_ui_tutorial.py took 0.261 seconds
[2023-07-04T00:29:41.000+0000] {processor.py:157} INFO - Started process (PID=2576) to work on /home/airflow/.local/lib/python3.7/site-packages/airflow/example_dags/example_params_ui_tutorial.py
[2023-07-04T00:29:41.001+0000] {processor.py:826} INFO - Processing file /home/airflow/.local/lib/python3.7/site-packages/airflow/example_dags/example_params_ui_tutorial.py for tasks to queue
[2023-07-04T00:29:41.003+0000] {logging_mixin.py:149} INFO - [2023-07-04T00:29:41.002+0000] {dagbag.py:541} INFO - Filling up the DagBag from /home/airflow/.local/lib/python3.7/site-packages/airflow/example_dags/example_params_ui_tutorial.py
[2023-07-04T00:29:41.086+0000] {processor.py:836} INFO - DAG(s) dict_keys(['example_params_ui_tutorial']) retrieved from /home/airflow/.local/lib/python3.7/site-packages/airflow/example_dags/example_params_ui_tutorial.py
[2023-07-04T00:29:41.198+0000] {logging_mixin.py:149} INFO - [2023-07-04T00:29:41.197+0000] {dag.py:2726} INFO - Sync 1 DAGs
[2023-07-04T00:29:41.240+0000] {logging_mixin.py:149} INFO - [2023-07-04T00:29:41.240+0000] {dag.py:3490} INFO - Setting next_dagrun for example_params_ui_tutorial to None, run_after=None
[2023-07-04T00:29:41.279+0000] {processor.py:179} INFO - Processing /home/airflow/.local/lib/python3.7/site-packages/airflow/example_dags/example_params_ui_tutorial.py took 0.285 seconds
[2023-07-04T00:30:12.037+0000] {processor.py:157} INFO - Started process (PID=2633) to work on /home/airflow/.local/lib/python3.7/site-packages/airflow/example_dags/example_params_ui_tutorial.py
[2023-07-04T00:30:12.038+0000] {processor.py:826} INFO - Processing file /home/airflow/.local/lib/python3.7/site-packages/airflow/example_dags/example_params_ui_tutorial.py for tasks to queue
[2023-07-04T00:30:12.040+0000] {logging_mixin.py:149} INFO - [2023-07-04T00:30:12.040+0000] {dagbag.py:541} INFO - Filling up the DagBag from /home/airflow/.local/lib/python3.7/site-packages/airflow/example_dags/example_params_ui_tutorial.py
[2023-07-04T00:30:12.131+0000] {processor.py:836} INFO - DAG(s) dict_keys(['example_params_ui_tutorial']) retrieved from /home/airflow/.local/lib/python3.7/site-packages/airflow/example_dags/example_params_ui_tutorial.py
[2023-07-04T00:30:12.263+0000] {logging_mixin.py:149} INFO - [2023-07-04T00:30:12.263+0000] {dag.py:2726} INFO - Sync 1 DAGs
[2023-07-04T00:30:12.308+0000] {logging_mixin.py:149} INFO - [2023-07-04T00:30:12.307+0000] {dag.py:3490} INFO - Setting next_dagrun for example_params_ui_tutorial to None, run_after=None
[2023-07-04T00:30:12.341+0000] {processor.py:179} INFO - Processing /home/airflow/.local/lib/python3.7/site-packages/airflow/example_dags/example_params_ui_tutorial.py took 0.313 seconds
[2023-07-04T00:30:42.469+0000] {processor.py:157} INFO - Started process (PID=2690) to work on /home/airflow/.local/lib/python3.7/site-packages/airflow/example_dags/example_params_ui_tutorial.py
[2023-07-04T00:30:42.471+0000] {processor.py:826} INFO - Processing file /home/airflow/.local/lib/python3.7/site-packages/airflow/example_dags/example_params_ui_tutorial.py for tasks to queue
[2023-07-04T00:30:42.471+0000] {logging_mixin.py:149} INFO - [2023-07-04T00:30:42.471+0000] {dagbag.py:541} INFO - Filling up the DagBag from /home/airflow/.local/lib/python3.7/site-packages/airflow/example_dags/example_params_ui_tutorial.py
[2023-07-04T00:30:42.542+0000] {processor.py:836} INFO - DAG(s) dict_keys(['example_params_ui_tutorial']) retrieved from /home/airflow/.local/lib/python3.7/site-packages/airflow/example_dags/example_params_ui_tutorial.py
[2023-07-04T00:30:42.659+0000] {logging_mixin.py:149} INFO - [2023-07-04T00:30:42.658+0000] {dag.py:2726} INFO - Sync 1 DAGs
[2023-07-04T00:30:42.709+0000] {logging_mixin.py:149} INFO - [2023-07-04T00:30:42.709+0000] {dag.py:3490} INFO - Setting next_dagrun for example_params_ui_tutorial to None, run_after=None
[2023-07-04T00:30:42.739+0000] {processor.py:179} INFO - Processing /home/airflow/.local/lib/python3.7/site-packages/airflow/example_dags/example_params_ui_tutorial.py took 0.275 seconds
[2023-07-04T00:31:12.881+0000] {processor.py:157} INFO - Started process (PID=2746) to work on /home/airflow/.local/lib/python3.7/site-packages/airflow/example_dags/example_params_ui_tutorial.py
[2023-07-04T00:31:12.883+0000] {processor.py:826} INFO - Processing file /home/airflow/.local/lib/python3.7/site-packages/airflow/example_dags/example_params_ui_tutorial.py for tasks to queue
[2023-07-04T00:31:12.884+0000] {logging_mixin.py:149} INFO - [2023-07-04T00:31:12.884+0000] {dagbag.py:541} INFO - Filling up the DagBag from /home/airflow/.local/lib/python3.7/site-packages/airflow/example_dags/example_params_ui_tutorial.py
[2023-07-04T00:31:12.952+0000] {processor.py:836} INFO - DAG(s) dict_keys(['example_params_ui_tutorial']) retrieved from /home/airflow/.local/lib/python3.7/site-packages/airflow/example_dags/example_params_ui_tutorial.py
[2023-07-04T00:31:13.061+0000] {logging_mixin.py:149} INFO - [2023-07-04T00:31:13.061+0000] {dag.py:2726} INFO - Sync 1 DAGs
[2023-07-04T00:31:13.092+0000] {logging_mixin.py:149} INFO - [2023-07-04T00:31:13.092+0000] {dag.py:3490} INFO - Setting next_dagrun for example_params_ui_tutorial to None, run_after=None
[2023-07-04T00:31:13.123+0000] {processor.py:179} INFO - Processing /home/airflow/.local/lib/python3.7/site-packages/airflow/example_dags/example_params_ui_tutorial.py took 0.248 seconds
[2023-07-04T00:31:43.299+0000] {processor.py:157} INFO - Started process (PID=2803) to work on /home/airflow/.local/lib/python3.7/site-packages/airflow/example_dags/example_params_ui_tutorial.py
[2023-07-04T00:31:43.300+0000] {processor.py:826} INFO - Processing file /home/airflow/.local/lib/python3.7/site-packages/airflow/example_dags/example_params_ui_tutorial.py for tasks to queue
[2023-07-04T00:31:43.302+0000] {logging_mixin.py:149} INFO - [2023-07-04T00:31:43.301+0000] {dagbag.py:541} INFO - Filling up the DagBag from /home/airflow/.local/lib/python3.7/site-packages/airflow/example_dags/example_params_ui_tutorial.py
[2023-07-04T00:31:43.383+0000] {processor.py:836} INFO - DAG(s) dict_keys(['example_params_ui_tutorial']) retrieved from /home/airflow/.local/lib/python3.7/site-packages/airflow/example_dags/example_params_ui_tutorial.py
[2023-07-04T00:31:43.507+0000] {logging_mixin.py:149} INFO - [2023-07-04T00:31:43.507+0000] {dag.py:2726} INFO - Sync 1 DAGs
[2023-07-04T00:31:43.545+0000] {logging_mixin.py:149} INFO - [2023-07-04T00:31:43.545+0000] {dag.py:3490} INFO - Setting next_dagrun for example_params_ui_tutorial to None, run_after=None
[2023-07-04T00:31:43.573+0000] {processor.py:179} INFO - Processing /home/airflow/.local/lib/python3.7/site-packages/airflow/example_dags/example_params_ui_tutorial.py took 0.283 seconds
[2023-07-04T00:32:13.956+0000] {processor.py:157} INFO - Started process (PID=2860) to work on /home/airflow/.local/lib/python3.7/site-packages/airflow/example_dags/example_params_ui_tutorial.py
[2023-07-04T00:32:13.958+0000] {processor.py:826} INFO - Processing file /home/airflow/.local/lib/python3.7/site-packages/airflow/example_dags/example_params_ui_tutorial.py for tasks to queue
[2023-07-04T00:32:13.960+0000] {logging_mixin.py:149} INFO - [2023-07-04T00:32:13.960+0000] {dagbag.py:541} INFO - Filling up the DagBag from /home/airflow/.local/lib/python3.7/site-packages/airflow/example_dags/example_params_ui_tutorial.py
[2023-07-04T00:32:14.045+0000] {processor.py:836} INFO - DAG(s) dict_keys(['example_params_ui_tutorial']) retrieved from /home/airflow/.local/lib/python3.7/site-packages/airflow/example_dags/example_params_ui_tutorial.py
[2023-07-04T00:32:14.151+0000] {logging_mixin.py:149} INFO - [2023-07-04T00:32:14.151+0000] {dag.py:2726} INFO - Sync 1 DAGs
[2023-07-04T00:32:14.183+0000] {logging_mixin.py:149} INFO - [2023-07-04T00:32:14.183+0000] {dag.py:3490} INFO - Setting next_dagrun for example_params_ui_tutorial to None, run_after=None
[2023-07-04T00:32:14.206+0000] {processor.py:179} INFO - Processing /home/airflow/.local/lib/python3.7/site-packages/airflow/example_dags/example_params_ui_tutorial.py took 0.260 seconds
[2023-07-04T00:32:44.909+0000] {processor.py:157} INFO - Started process (PID=2925) to work on /home/airflow/.local/lib/python3.7/site-packages/airflow/example_dags/example_params_ui_tutorial.py
[2023-07-04T00:32:44.911+0000] {processor.py:826} INFO - Processing file /home/airflow/.local/lib/python3.7/site-packages/airflow/example_dags/example_params_ui_tutorial.py for tasks to queue
[2023-07-04T00:32:44.914+0000] {logging_mixin.py:149} INFO - [2023-07-04T00:32:44.913+0000] {dagbag.py:541} INFO - Filling up the DagBag from /home/airflow/.local/lib/python3.7/site-packages/airflow/example_dags/example_params_ui_tutorial.py
[2023-07-04T00:32:45.087+0000] {processor.py:836} INFO - DAG(s) dict_keys(['example_params_ui_tutorial']) retrieved from /home/airflow/.local/lib/python3.7/site-packages/airflow/example_dags/example_params_ui_tutorial.py
[2023-07-04T00:32:45.506+0000] {logging_mixin.py:149} INFO - [2023-07-04T00:32:45.505+0000] {dag.py:2726} INFO - Sync 1 DAGs
[2023-07-04T00:32:45.650+0000] {logging_mixin.py:149} INFO - [2023-07-04T00:32:45.649+0000] {dag.py:3490} INFO - Setting next_dagrun for example_params_ui_tutorial to None, run_after=None
[2023-07-04T00:32:45.737+0000] {processor.py:179} INFO - Processing /home/airflow/.local/lib/python3.7/site-packages/airflow/example_dags/example_params_ui_tutorial.py took 0.843 seconds
[2023-07-04T00:33:16.437+0000] {processor.py:157} INFO - Started process (PID=2977) to work on /home/airflow/.local/lib/python3.7/site-packages/airflow/example_dags/example_params_ui_tutorial.py
[2023-07-04T00:33:16.439+0000] {processor.py:826} INFO - Processing file /home/airflow/.local/lib/python3.7/site-packages/airflow/example_dags/example_params_ui_tutorial.py for tasks to queue
[2023-07-04T00:33:16.440+0000] {logging_mixin.py:149} INFO - [2023-07-04T00:33:16.440+0000] {dagbag.py:541} INFO - Filling up the DagBag from /home/airflow/.local/lib/python3.7/site-packages/airflow/example_dags/example_params_ui_tutorial.py
[2023-07-04T00:33:16.507+0000] {processor.py:836} INFO - DAG(s) dict_keys(['example_params_ui_tutorial']) retrieved from /home/airflow/.local/lib/python3.7/site-packages/airflow/example_dags/example_params_ui_tutorial.py
[2023-07-04T00:33:16.687+0000] {logging_mixin.py:149} INFO - [2023-07-04T00:33:16.687+0000] {dag.py:2726} INFO - Sync 1 DAGs
[2023-07-04T00:33:16.735+0000] {logging_mixin.py:149} INFO - [2023-07-04T00:33:16.734+0000] {dag.py:3490} INFO - Setting next_dagrun for example_params_ui_tutorial to None, run_after=None
[2023-07-04T00:33:16.774+0000] {processor.py:179} INFO - Processing /home/airflow/.local/lib/python3.7/site-packages/airflow/example_dags/example_params_ui_tutorial.py took 0.342 seconds
