[2023-07-04T00:07:10.910+0000] {processor.py:157} INFO - Started process (PID=75) to work on /home/airflow/.local/lib/python3.7/site-packages/airflow/example_dags/example_sla_dag.py
[2023-07-04T00:07:10.917+0000] {processor.py:826} INFO - Processing file /home/airflow/.local/lib/python3.7/site-packages/airflow/example_dags/example_sla_dag.py for tasks to queue
[2023-07-04T00:07:10.919+0000] {logging_mixin.py:149} INFO - [2023-07-04T00:07:10.919+0000] {dagbag.py:541} INFO - Filling up the DagBag from /home/airflow/.local/lib/python3.7/site-packages/airflow/example_dags/example_sla_dag.py
[2023-07-04T00:07:10.947+0000] {processor.py:836} INFO - DAG(s) dict_keys(['example_sla_dag']) retrieved from /home/airflow/.local/lib/python3.7/site-packages/airflow/example_dags/example_sla_dag.py
[2023-07-04T00:07:11.019+0000] {logging_mixin.py:149} INFO - [2023-07-04T00:07:11.019+0000] {dag.py:2726} INFO - Sync 1 DAGs
[2023-07-04T00:07:11.143+0000] {logging_mixin.py:149} INFO - [2023-07-04T00:07:11.143+0000] {dag.py:3490} INFO - Setting next_dagrun for example_sla_dag to 2023-07-04T00:04:00+00:00, run_after=2023-07-04T00:06:00+00:00
[2023-07-04T00:07:11.244+0000] {processor.py:179} INFO - Processing /home/airflow/.local/lib/python3.7/site-packages/airflow/example_dags/example_sla_dag.py took 0.341 seconds
[2023-07-04T00:07:41.919+0000] {processor.py:157} INFO - Started process (PID=132) to work on /home/airflow/.local/lib/python3.7/site-packages/airflow/example_dags/example_sla_dag.py
[2023-07-04T00:07:41.921+0000] {processor.py:826} INFO - Processing file /home/airflow/.local/lib/python3.7/site-packages/airflow/example_dags/example_sla_dag.py for tasks to queue
[2023-07-04T00:07:41.922+0000] {logging_mixin.py:149} INFO - [2023-07-04T00:07:41.922+0000] {dagbag.py:541} INFO - Filling up the DagBag from /home/airflow/.local/lib/python3.7/site-packages/airflow/example_dags/example_sla_dag.py
[2023-07-04T00:07:41.941+0000] {processor.py:836} INFO - DAG(s) dict_keys(['example_sla_dag']) retrieved from /home/airflow/.local/lib/python3.7/site-packages/airflow/example_dags/example_sla_dag.py
[2023-07-04T00:07:41.989+0000] {logging_mixin.py:149} INFO - [2023-07-04T00:07:41.989+0000] {dag.py:2726} INFO - Sync 1 DAGs
[2023-07-04T00:07:42.066+0000] {logging_mixin.py:149} INFO - [2023-07-04T00:07:42.065+0000] {dag.py:3490} INFO - Setting next_dagrun for example_sla_dag to 2023-07-04T00:04:00+00:00, run_after=2023-07-04T00:06:00+00:00
[2023-07-04T00:07:42.106+0000] {processor.py:179} INFO - Processing /home/airflow/.local/lib/python3.7/site-packages/airflow/example_dags/example_sla_dag.py took 0.193 seconds
[2023-07-04T00:08:12.452+0000] {processor.py:157} INFO - Started process (PID=188) to work on /home/airflow/.local/lib/python3.7/site-packages/airflow/example_dags/example_sla_dag.py
[2023-07-04T00:08:12.454+0000] {processor.py:826} INFO - Processing file /home/airflow/.local/lib/python3.7/site-packages/airflow/example_dags/example_sla_dag.py for tasks to queue
[2023-07-04T00:08:12.456+0000] {logging_mixin.py:149} INFO - [2023-07-04T00:08:12.456+0000] {dagbag.py:541} INFO - Filling up the DagBag from /home/airflow/.local/lib/python3.7/site-packages/airflow/example_dags/example_sla_dag.py
[2023-07-04T00:08:12.473+0000] {processor.py:836} INFO - DAG(s) dict_keys(['example_sla_dag']) retrieved from /home/airflow/.local/lib/python3.7/site-packages/airflow/example_dags/example_sla_dag.py
[2023-07-04T00:08:12.523+0000] {logging_mixin.py:149} INFO - [2023-07-04T00:08:12.523+0000] {dag.py:2726} INFO - Sync 1 DAGs
[2023-07-04T00:08:12.589+0000] {logging_mixin.py:149} INFO - [2023-07-04T00:08:12.588+0000] {dag.py:3490} INFO - Setting next_dagrun for example_sla_dag to 2023-07-04T00:06:00+00:00, run_after=2023-07-04T00:08:00+00:00
[2023-07-04T00:08:12.623+0000] {processor.py:179} INFO - Processing /home/airflow/.local/lib/python3.7/site-packages/airflow/example_dags/example_sla_dag.py took 0.179 seconds
[2023-07-04T00:08:43.077+0000] {processor.py:157} INFO - Started process (PID=245) to work on /home/airflow/.local/lib/python3.7/site-packages/airflow/example_dags/example_sla_dag.py
[2023-07-04T00:08:43.079+0000] {processor.py:826} INFO - Processing file /home/airflow/.local/lib/python3.7/site-packages/airflow/example_dags/example_sla_dag.py for tasks to queue
[2023-07-04T00:08:43.081+0000] {logging_mixin.py:149} INFO - [2023-07-04T00:08:43.081+0000] {dagbag.py:541} INFO - Filling up the DagBag from /home/airflow/.local/lib/python3.7/site-packages/airflow/example_dags/example_sla_dag.py
[2023-07-04T00:08:43.096+0000] {processor.py:836} INFO - DAG(s) dict_keys(['example_sla_dag']) retrieved from /home/airflow/.local/lib/python3.7/site-packages/airflow/example_dags/example_sla_dag.py
[2023-07-04T00:08:43.141+0000] {logging_mixin.py:149} INFO - [2023-07-04T00:08:43.141+0000] {dag.py:2726} INFO - Sync 1 DAGs
[2023-07-04T00:08:43.200+0000] {logging_mixin.py:149} INFO - [2023-07-04T00:08:43.200+0000] {dag.py:3490} INFO - Setting next_dagrun for example_sla_dag to 2023-07-04T00:06:00+00:00, run_after=2023-07-04T00:08:00+00:00
[2023-07-04T00:08:43.231+0000] {processor.py:179} INFO - Processing /home/airflow/.local/lib/python3.7/site-packages/airflow/example_dags/example_sla_dag.py took 0.161 seconds
[2023-07-04T00:09:13.764+0000] {processor.py:157} INFO - Started process (PID=303) to work on /home/airflow/.local/lib/python3.7/site-packages/airflow/example_dags/example_sla_dag.py
[2023-07-04T00:09:13.765+0000] {processor.py:826} INFO - Processing file /home/airflow/.local/lib/python3.7/site-packages/airflow/example_dags/example_sla_dag.py for tasks to queue
[2023-07-04T00:09:13.766+0000] {logging_mixin.py:149} INFO - [2023-07-04T00:09:13.766+0000] {dagbag.py:541} INFO - Filling up the DagBag from /home/airflow/.local/lib/python3.7/site-packages/airflow/example_dags/example_sla_dag.py
[2023-07-04T00:09:13.780+0000] {processor.py:836} INFO - DAG(s) dict_keys(['example_sla_dag']) retrieved from /home/airflow/.local/lib/python3.7/site-packages/airflow/example_dags/example_sla_dag.py
[2023-07-04T00:09:13.832+0000] {logging_mixin.py:149} INFO - [2023-07-04T00:09:13.832+0000] {dag.py:2726} INFO - Sync 1 DAGs
[2023-07-04T00:09:13.907+0000] {logging_mixin.py:149} INFO - [2023-07-04T00:09:13.907+0000] {dag.py:3490} INFO - Setting next_dagrun for example_sla_dag to 2023-07-04T00:06:00+00:00, run_after=2023-07-04T00:08:00+00:00
[2023-07-04T00:09:13.959+0000] {processor.py:179} INFO - Processing /home/airflow/.local/lib/python3.7/site-packages/airflow/example_dags/example_sla_dag.py took 0.201 seconds
[2023-07-04T00:09:44.492+0000] {processor.py:157} INFO - Started process (PID=360) to work on /home/airflow/.local/lib/python3.7/site-packages/airflow/example_dags/example_sla_dag.py
[2023-07-04T00:09:44.494+0000] {processor.py:826} INFO - Processing file /home/airflow/.local/lib/python3.7/site-packages/airflow/example_dags/example_sla_dag.py for tasks to queue
[2023-07-04T00:09:44.495+0000] {logging_mixin.py:149} INFO - [2023-07-04T00:09:44.495+0000] {dagbag.py:541} INFO - Filling up the DagBag from /home/airflow/.local/lib/python3.7/site-packages/airflow/example_dags/example_sla_dag.py
[2023-07-04T00:09:44.512+0000] {processor.py:836} INFO - DAG(s) dict_keys(['example_sla_dag']) retrieved from /home/airflow/.local/lib/python3.7/site-packages/airflow/example_dags/example_sla_dag.py
[2023-07-04T00:09:44.553+0000] {logging_mixin.py:149} INFO - [2023-07-04T00:09:44.552+0000] {dag.py:2726} INFO - Sync 1 DAGs
[2023-07-04T00:09:44.616+0000] {logging_mixin.py:149} INFO - [2023-07-04T00:09:44.615+0000] {dag.py:3490} INFO - Setting next_dagrun for example_sla_dag to 2023-07-04T00:06:00+00:00, run_after=2023-07-04T00:08:00+00:00
[2023-07-04T00:09:44.652+0000] {processor.py:179} INFO - Processing /home/airflow/.local/lib/python3.7/site-packages/airflow/example_dags/example_sla_dag.py took 0.168 seconds
[2023-07-04T00:10:15.125+0000] {processor.py:157} INFO - Started process (PID=416) to work on /home/airflow/.local/lib/python3.7/site-packages/airflow/example_dags/example_sla_dag.py
[2023-07-04T00:10:15.128+0000] {processor.py:826} INFO - Processing file /home/airflow/.local/lib/python3.7/site-packages/airflow/example_dags/example_sla_dag.py for tasks to queue
[2023-07-04T00:10:15.130+0000] {logging_mixin.py:149} INFO - [2023-07-04T00:10:15.130+0000] {dagbag.py:541} INFO - Filling up the DagBag from /home/airflow/.local/lib/python3.7/site-packages/airflow/example_dags/example_sla_dag.py
[2023-07-04T00:10:15.146+0000] {processor.py:836} INFO - DAG(s) dict_keys(['example_sla_dag']) retrieved from /home/airflow/.local/lib/python3.7/site-packages/airflow/example_dags/example_sla_dag.py
[2023-07-04T00:10:15.193+0000] {logging_mixin.py:149} INFO - [2023-07-04T00:10:15.193+0000] {dag.py:2726} INFO - Sync 1 DAGs
[2023-07-04T00:10:15.293+0000] {logging_mixin.py:149} INFO - [2023-07-04T00:10:15.292+0000] {dag.py:3490} INFO - Setting next_dagrun for example_sla_dag to 2023-07-04T00:08:00+00:00, run_after=2023-07-04T00:10:00+00:00
[2023-07-04T00:10:15.370+0000] {processor.py:179} INFO - Processing /home/airflow/.local/lib/python3.7/site-packages/airflow/example_dags/example_sla_dag.py took 0.251 seconds
[2023-07-04T00:10:45.998+0000] {processor.py:157} INFO - Started process (PID=472) to work on /home/airflow/.local/lib/python3.7/site-packages/airflow/example_dags/example_sla_dag.py
[2023-07-04T00:10:46.000+0000] {processor.py:826} INFO - Processing file /home/airflow/.local/lib/python3.7/site-packages/airflow/example_dags/example_sla_dag.py for tasks to queue
[2023-07-04T00:10:46.001+0000] {logging_mixin.py:149} INFO - [2023-07-04T00:10:46.001+0000] {dagbag.py:541} INFO - Filling up the DagBag from /home/airflow/.local/lib/python3.7/site-packages/airflow/example_dags/example_sla_dag.py
[2023-07-04T00:10:46.016+0000] {processor.py:836} INFO - DAG(s) dict_keys(['example_sla_dag']) retrieved from /home/airflow/.local/lib/python3.7/site-packages/airflow/example_dags/example_sla_dag.py
[2023-07-04T00:10:46.068+0000] {logging_mixin.py:149} INFO - [2023-07-04T00:10:46.068+0000] {dag.py:2726} INFO - Sync 1 DAGs
[2023-07-04T00:10:46.124+0000] {logging_mixin.py:149} INFO - [2023-07-04T00:10:46.124+0000] {dag.py:3490} INFO - Setting next_dagrun for example_sla_dag to 2023-07-04T00:08:00+00:00, run_after=2023-07-04T00:10:00+00:00
[2023-07-04T00:10:46.162+0000] {processor.py:179} INFO - Processing /home/airflow/.local/lib/python3.7/site-packages/airflow/example_dags/example_sla_dag.py took 0.172 seconds
[2023-07-04T00:11:16.793+0000] {processor.py:157} INFO - Started process (PID=529) to work on /home/airflow/.local/lib/python3.7/site-packages/airflow/example_dags/example_sla_dag.py
[2023-07-04T00:11:16.795+0000] {processor.py:826} INFO - Processing file /home/airflow/.local/lib/python3.7/site-packages/airflow/example_dags/example_sla_dag.py for tasks to queue
[2023-07-04T00:11:16.799+0000] {logging_mixin.py:149} INFO - [2023-07-04T00:11:16.799+0000] {dagbag.py:541} INFO - Filling up the DagBag from /home/airflow/.local/lib/python3.7/site-packages/airflow/example_dags/example_sla_dag.py
[2023-07-04T00:11:16.829+0000] {processor.py:836} INFO - DAG(s) dict_keys(['example_sla_dag']) retrieved from /home/airflow/.local/lib/python3.7/site-packages/airflow/example_dags/example_sla_dag.py
[2023-07-04T00:11:16.909+0000] {logging_mixin.py:149} INFO - [2023-07-04T00:11:16.909+0000] {dag.py:2726} INFO - Sync 1 DAGs
[2023-07-04T00:11:17.033+0000] {logging_mixin.py:149} INFO - [2023-07-04T00:11:17.032+0000] {dag.py:3490} INFO - Setting next_dagrun for example_sla_dag to 2023-07-04T00:08:00+00:00, run_after=2023-07-04T00:10:00+00:00
[2023-07-04T00:11:17.098+0000] {processor.py:179} INFO - Processing /home/airflow/.local/lib/python3.7/site-packages/airflow/example_dags/example_sla_dag.py took 0.340 seconds
[2023-07-04T00:11:47.444+0000] {processor.py:157} INFO - Started process (PID=586) to work on /home/airflow/.local/lib/python3.7/site-packages/airflow/example_dags/example_sla_dag.py
[2023-07-04T00:11:47.447+0000] {processor.py:826} INFO - Processing file /home/airflow/.local/lib/python3.7/site-packages/airflow/example_dags/example_sla_dag.py for tasks to queue
[2023-07-04T00:11:47.449+0000] {logging_mixin.py:149} INFO - [2023-07-04T00:11:47.449+0000] {dagbag.py:541} INFO - Filling up the DagBag from /home/airflow/.local/lib/python3.7/site-packages/airflow/example_dags/example_sla_dag.py
[2023-07-04T00:11:47.469+0000] {processor.py:836} INFO - DAG(s) dict_keys(['example_sla_dag']) retrieved from /home/airflow/.local/lib/python3.7/site-packages/airflow/example_dags/example_sla_dag.py
[2023-07-04T00:11:47.537+0000] {logging_mixin.py:149} INFO - [2023-07-04T00:11:47.537+0000] {dag.py:2726} INFO - Sync 1 DAGs
[2023-07-04T00:11:47.625+0000] {logging_mixin.py:149} INFO - [2023-07-04T00:11:47.623+0000] {dag.py:3490} INFO - Setting next_dagrun for example_sla_dag to 2023-07-04T00:08:00+00:00, run_after=2023-07-04T00:10:00+00:00
[2023-07-04T00:11:47.668+0000] {processor.py:179} INFO - Processing /home/airflow/.local/lib/python3.7/site-packages/airflow/example_dags/example_sla_dag.py took 0.233 seconds
[2023-07-04T00:12:18.089+0000] {processor.py:157} INFO - Started process (PID=643) to work on /home/airflow/.local/lib/python3.7/site-packages/airflow/example_dags/example_sla_dag.py
[2023-07-04T00:12:18.093+0000] {processor.py:826} INFO - Processing file /home/airflow/.local/lib/python3.7/site-packages/airflow/example_dags/example_sla_dag.py for tasks to queue
[2023-07-04T00:12:18.095+0000] {logging_mixin.py:149} INFO - [2023-07-04T00:12:18.094+0000] {dagbag.py:541} INFO - Filling up the DagBag from /home/airflow/.local/lib/python3.7/site-packages/airflow/example_dags/example_sla_dag.py
[2023-07-04T00:12:18.121+0000] {processor.py:836} INFO - DAG(s) dict_keys(['example_sla_dag']) retrieved from /home/airflow/.local/lib/python3.7/site-packages/airflow/example_dags/example_sla_dag.py
[2023-07-04T00:12:18.201+0000] {logging_mixin.py:149} INFO - [2023-07-04T00:12:18.201+0000] {dag.py:2726} INFO - Sync 1 DAGs
[2023-07-04T00:12:18.361+0000] {logging_mixin.py:149} INFO - [2023-07-04T00:12:18.361+0000] {dag.py:3490} INFO - Setting next_dagrun for example_sla_dag to 2023-07-04T00:10:00+00:00, run_after=2023-07-04T00:12:00+00:00
[2023-07-04T00:12:18.453+0000] {processor.py:179} INFO - Processing /home/airflow/.local/lib/python3.7/site-packages/airflow/example_dags/example_sla_dag.py took 0.379 seconds
[2023-07-04T00:12:49.204+0000] {processor.py:157} INFO - Started process (PID=700) to work on /home/airflow/.local/lib/python3.7/site-packages/airflow/example_dags/example_sla_dag.py
[2023-07-04T00:12:49.206+0000] {processor.py:826} INFO - Processing file /home/airflow/.local/lib/python3.7/site-packages/airflow/example_dags/example_sla_dag.py for tasks to queue
[2023-07-04T00:12:49.207+0000] {logging_mixin.py:149} INFO - [2023-07-04T00:12:49.207+0000] {dagbag.py:541} INFO - Filling up the DagBag from /home/airflow/.local/lib/python3.7/site-packages/airflow/example_dags/example_sla_dag.py
[2023-07-04T00:12:49.226+0000] {processor.py:836} INFO - DAG(s) dict_keys(['example_sla_dag']) retrieved from /home/airflow/.local/lib/python3.7/site-packages/airflow/example_dags/example_sla_dag.py
[2023-07-04T00:12:49.279+0000] {logging_mixin.py:149} INFO - [2023-07-04T00:12:49.279+0000] {dag.py:2726} INFO - Sync 1 DAGs
[2023-07-04T00:12:49.339+0000] {logging_mixin.py:149} INFO - [2023-07-04T00:12:49.339+0000] {dag.py:3490} INFO - Setting next_dagrun for example_sla_dag to 2023-07-04T00:10:00+00:00, run_after=2023-07-04T00:12:00+00:00
[2023-07-04T00:12:49.381+0000] {processor.py:179} INFO - Processing /home/airflow/.local/lib/python3.7/site-packages/airflow/example_dags/example_sla_dag.py took 0.183 seconds
[2023-07-04T00:13:19.469+0000] {processor.py:157} INFO - Started process (PID=758) to work on /home/airflow/.local/lib/python3.7/site-packages/airflow/example_dags/example_sla_dag.py
[2023-07-04T00:13:19.471+0000] {processor.py:826} INFO - Processing file /home/airflow/.local/lib/python3.7/site-packages/airflow/example_dags/example_sla_dag.py for tasks to queue
[2023-07-04T00:13:19.472+0000] {logging_mixin.py:149} INFO - [2023-07-04T00:13:19.472+0000] {dagbag.py:541} INFO - Filling up the DagBag from /home/airflow/.local/lib/python3.7/site-packages/airflow/example_dags/example_sla_dag.py
[2023-07-04T00:13:19.490+0000] {processor.py:836} INFO - DAG(s) dict_keys(['example_sla_dag']) retrieved from /home/airflow/.local/lib/python3.7/site-packages/airflow/example_dags/example_sla_dag.py
[2023-07-04T00:13:19.538+0000] {logging_mixin.py:149} INFO - [2023-07-04T00:13:19.538+0000] {dag.py:2726} INFO - Sync 1 DAGs
[2023-07-04T00:13:19.602+0000] {logging_mixin.py:149} INFO - [2023-07-04T00:13:19.601+0000] {dag.py:3490} INFO - Setting next_dagrun for example_sla_dag to 2023-07-04T00:10:00+00:00, run_after=2023-07-04T00:12:00+00:00
[2023-07-04T00:13:19.638+0000] {processor.py:179} INFO - Processing /home/airflow/.local/lib/python3.7/site-packages/airflow/example_dags/example_sla_dag.py took 0.180 seconds
[2023-07-04T00:13:49.748+0000] {processor.py:157} INFO - Started process (PID=814) to work on /home/airflow/.local/lib/python3.7/site-packages/airflow/example_dags/example_sla_dag.py
[2023-07-04T00:13:49.749+0000] {processor.py:826} INFO - Processing file /home/airflow/.local/lib/python3.7/site-packages/airflow/example_dags/example_sla_dag.py for tasks to queue
[2023-07-04T00:13:49.751+0000] {logging_mixin.py:149} INFO - [2023-07-04T00:13:49.751+0000] {dagbag.py:541} INFO - Filling up the DagBag from /home/airflow/.local/lib/python3.7/site-packages/airflow/example_dags/example_sla_dag.py
[2023-07-04T00:13:49.770+0000] {processor.py:836} INFO - DAG(s) dict_keys(['example_sla_dag']) retrieved from /home/airflow/.local/lib/python3.7/site-packages/airflow/example_dags/example_sla_dag.py
[2023-07-04T00:13:49.808+0000] {logging_mixin.py:149} INFO - [2023-07-04T00:13:49.808+0000] {dag.py:2726} INFO - Sync 1 DAGs
[2023-07-04T00:13:49.861+0000] {logging_mixin.py:149} INFO - [2023-07-04T00:13:49.861+0000] {dag.py:3490} INFO - Setting next_dagrun for example_sla_dag to 2023-07-04T00:10:00+00:00, run_after=2023-07-04T00:12:00+00:00
[2023-07-04T00:13:49.901+0000] {processor.py:179} INFO - Processing /home/airflow/.local/lib/python3.7/site-packages/airflow/example_dags/example_sla_dag.py took 0.159 seconds
[2023-07-04T00:14:20.042+0000] {processor.py:157} INFO - Started process (PID=871) to work on /home/airflow/.local/lib/python3.7/site-packages/airflow/example_dags/example_sla_dag.py
[2023-07-04T00:14:20.045+0000] {processor.py:826} INFO - Processing file /home/airflow/.local/lib/python3.7/site-packages/airflow/example_dags/example_sla_dag.py for tasks to queue
[2023-07-04T00:14:20.047+0000] {logging_mixin.py:149} INFO - [2023-07-04T00:14:20.046+0000] {dagbag.py:541} INFO - Filling up the DagBag from /home/airflow/.local/lib/python3.7/site-packages/airflow/example_dags/example_sla_dag.py
[2023-07-04T00:14:20.067+0000] {processor.py:836} INFO - DAG(s) dict_keys(['example_sla_dag']) retrieved from /home/airflow/.local/lib/python3.7/site-packages/airflow/example_dags/example_sla_dag.py
[2023-07-04T00:14:20.114+0000] {logging_mixin.py:149} INFO - [2023-07-04T00:14:20.113+0000] {dag.py:2726} INFO - Sync 1 DAGs
[2023-07-04T00:14:20.176+0000] {logging_mixin.py:149} INFO - [2023-07-04T00:14:20.176+0000] {dag.py:3490} INFO - Setting next_dagrun for example_sla_dag to 2023-07-04T00:12:00+00:00, run_after=2023-07-04T00:14:00+00:00
[2023-07-04T00:14:20.219+0000] {processor.py:179} INFO - Processing /home/airflow/.local/lib/python3.7/site-packages/airflow/example_dags/example_sla_dag.py took 0.187 seconds
[2023-07-04T00:14:51.144+0000] {processor.py:157} INFO - Started process (PID=928) to work on /home/airflow/.local/lib/python3.7/site-packages/airflow/example_dags/example_sla_dag.py
[2023-07-04T00:14:51.149+0000] {processor.py:826} INFO - Processing file /home/airflow/.local/lib/python3.7/site-packages/airflow/example_dags/example_sla_dag.py for tasks to queue
[2023-07-04T00:14:51.152+0000] {logging_mixin.py:149} INFO - [2023-07-04T00:14:51.151+0000] {dagbag.py:541} INFO - Filling up the DagBag from /home/airflow/.local/lib/python3.7/site-packages/airflow/example_dags/example_sla_dag.py
[2023-07-04T00:14:51.170+0000] {processor.py:836} INFO - DAG(s) dict_keys(['example_sla_dag']) retrieved from /home/airflow/.local/lib/python3.7/site-packages/airflow/example_dags/example_sla_dag.py
[2023-07-04T00:14:51.235+0000] {logging_mixin.py:149} INFO - [2023-07-04T00:14:51.235+0000] {dag.py:2726} INFO - Sync 1 DAGs
[2023-07-04T00:14:51.322+0000] {logging_mixin.py:149} INFO - [2023-07-04T00:14:51.322+0000] {dag.py:3490} INFO - Setting next_dagrun for example_sla_dag to 2023-07-04T00:12:00+00:00, run_after=2023-07-04T00:14:00+00:00
[2023-07-04T00:14:51.367+0000] {processor.py:179} INFO - Processing /home/airflow/.local/lib/python3.7/site-packages/airflow/example_dags/example_sla_dag.py took 0.233 seconds
[2023-07-04T00:15:21.788+0000] {processor.py:157} INFO - Started process (PID=985) to work on /home/airflow/.local/lib/python3.7/site-packages/airflow/example_dags/example_sla_dag.py
[2023-07-04T00:15:21.791+0000] {processor.py:826} INFO - Processing file /home/airflow/.local/lib/python3.7/site-packages/airflow/example_dags/example_sla_dag.py for tasks to queue
[2023-07-04T00:15:21.794+0000] {logging_mixin.py:149} INFO - [2023-07-04T00:15:21.793+0000] {dagbag.py:541} INFO - Filling up the DagBag from /home/airflow/.local/lib/python3.7/site-packages/airflow/example_dags/example_sla_dag.py
[2023-07-04T00:15:21.828+0000] {processor.py:836} INFO - DAG(s) dict_keys(['example_sla_dag']) retrieved from /home/airflow/.local/lib/python3.7/site-packages/airflow/example_dags/example_sla_dag.py
[2023-07-04T00:15:21.876+0000] {logging_mixin.py:149} INFO - [2023-07-04T00:15:21.876+0000] {dag.py:2726} INFO - Sync 1 DAGs
[2023-07-04T00:15:21.955+0000] {logging_mixin.py:149} INFO - [2023-07-04T00:15:21.955+0000] {dag.py:3490} INFO - Setting next_dagrun for example_sla_dag to 2023-07-04T00:12:00+00:00, run_after=2023-07-04T00:14:00+00:00
[2023-07-04T00:15:22.000+0000] {processor.py:179} INFO - Processing /home/airflow/.local/lib/python3.7/site-packages/airflow/example_dags/example_sla_dag.py took 0.222 seconds
[2023-07-04T00:15:52.861+0000] {processor.py:157} INFO - Started process (PID=1043) to work on /home/airflow/.local/lib/python3.7/site-packages/airflow/example_dags/example_sla_dag.py
[2023-07-04T00:15:52.863+0000] {processor.py:826} INFO - Processing file /home/airflow/.local/lib/python3.7/site-packages/airflow/example_dags/example_sla_dag.py for tasks to queue
[2023-07-04T00:15:52.864+0000] {logging_mixin.py:149} INFO - [2023-07-04T00:15:52.864+0000] {dagbag.py:541} INFO - Filling up the DagBag from /home/airflow/.local/lib/python3.7/site-packages/airflow/example_dags/example_sla_dag.py
[2023-07-04T00:15:52.883+0000] {processor.py:836} INFO - DAG(s) dict_keys(['example_sla_dag']) retrieved from /home/airflow/.local/lib/python3.7/site-packages/airflow/example_dags/example_sla_dag.py
[2023-07-04T00:15:52.940+0000] {logging_mixin.py:149} INFO - [2023-07-04T00:15:52.940+0000] {dag.py:2726} INFO - Sync 1 DAGs
[2023-07-04T00:15:53.016+0000] {logging_mixin.py:149} INFO - [2023-07-04T00:15:53.016+0000] {dag.py:3490} INFO - Setting next_dagrun for example_sla_dag to 2023-07-04T00:12:00+00:00, run_after=2023-07-04T00:14:00+00:00
[2023-07-04T00:15:53.067+0000] {processor.py:179} INFO - Processing /home/airflow/.local/lib/python3.7/site-packages/airflow/example_dags/example_sla_dag.py took 0.216 seconds
[2023-07-04T00:16:23.190+0000] {processor.py:157} INFO - Started process (PID=1100) to work on /home/airflow/.local/lib/python3.7/site-packages/airflow/example_dags/example_sla_dag.py
[2023-07-04T00:16:23.192+0000] {processor.py:826} INFO - Processing file /home/airflow/.local/lib/python3.7/site-packages/airflow/example_dags/example_sla_dag.py for tasks to queue
[2023-07-04T00:16:23.194+0000] {logging_mixin.py:149} INFO - [2023-07-04T00:16:23.194+0000] {dagbag.py:541} INFO - Filling up the DagBag from /home/airflow/.local/lib/python3.7/site-packages/airflow/example_dags/example_sla_dag.py
[2023-07-04T00:16:23.207+0000] {processor.py:836} INFO - DAG(s) dict_keys(['example_sla_dag']) retrieved from /home/airflow/.local/lib/python3.7/site-packages/airflow/example_dags/example_sla_dag.py
[2023-07-04T00:16:23.273+0000] {logging_mixin.py:149} INFO - [2023-07-04T00:16:23.273+0000] {dag.py:2726} INFO - Sync 1 DAGs
[2023-07-04T00:16:23.333+0000] {logging_mixin.py:149} INFO - [2023-07-04T00:16:23.333+0000] {dag.py:3490} INFO - Setting next_dagrun for example_sla_dag to 2023-07-04T00:14:00+00:00, run_after=2023-07-04T00:16:00+00:00
[2023-07-04T00:16:23.372+0000] {processor.py:179} INFO - Processing /home/airflow/.local/lib/python3.7/site-packages/airflow/example_dags/example_sla_dag.py took 0.187 seconds
[2023-07-04T00:16:53.529+0000] {processor.py:157} INFO - Started process (PID=1157) to work on /home/airflow/.local/lib/python3.7/site-packages/airflow/example_dags/example_sla_dag.py
[2023-07-04T00:16:53.531+0000] {processor.py:826} INFO - Processing file /home/airflow/.local/lib/python3.7/site-packages/airflow/example_dags/example_sla_dag.py for tasks to queue
[2023-07-04T00:16:53.533+0000] {logging_mixin.py:149} INFO - [2023-07-04T00:16:53.533+0000] {dagbag.py:541} INFO - Filling up the DagBag from /home/airflow/.local/lib/python3.7/site-packages/airflow/example_dags/example_sla_dag.py
[2023-07-04T00:16:53.555+0000] {processor.py:836} INFO - DAG(s) dict_keys(['example_sla_dag']) retrieved from /home/airflow/.local/lib/python3.7/site-packages/airflow/example_dags/example_sla_dag.py
[2023-07-04T00:16:53.632+0000] {logging_mixin.py:149} INFO - [2023-07-04T00:16:53.632+0000] {dag.py:2726} INFO - Sync 1 DAGs
[2023-07-04T00:16:53.716+0000] {logging_mixin.py:149} INFO - [2023-07-04T00:16:53.716+0000] {dag.py:3490} INFO - Setting next_dagrun for example_sla_dag to 2023-07-04T00:14:00+00:00, run_after=2023-07-04T00:16:00+00:00
[2023-07-04T00:16:53.761+0000] {processor.py:179} INFO - Processing /home/airflow/.local/lib/python3.7/site-packages/airflow/example_dags/example_sla_dag.py took 0.239 seconds
[2023-07-04T00:17:24.933+0000] {processor.py:157} INFO - Started process (PID=1214) to work on /home/airflow/.local/lib/python3.7/site-packages/airflow/example_dags/example_sla_dag.py
[2023-07-04T00:17:24.935+0000] {processor.py:826} INFO - Processing file /home/airflow/.local/lib/python3.7/site-packages/airflow/example_dags/example_sla_dag.py for tasks to queue
[2023-07-04T00:17:24.936+0000] {logging_mixin.py:149} INFO - [2023-07-04T00:17:24.936+0000] {dagbag.py:541} INFO - Filling up the DagBag from /home/airflow/.local/lib/python3.7/site-packages/airflow/example_dags/example_sla_dag.py
[2023-07-04T00:17:24.955+0000] {processor.py:836} INFO - DAG(s) dict_keys(['example_sla_dag']) retrieved from /home/airflow/.local/lib/python3.7/site-packages/airflow/example_dags/example_sla_dag.py
[2023-07-04T00:17:25.021+0000] {logging_mixin.py:149} INFO - [2023-07-04T00:17:25.020+0000] {dag.py:2726} INFO - Sync 1 DAGs
[2023-07-04T00:17:25.132+0000] {logging_mixin.py:149} INFO - [2023-07-04T00:17:25.132+0000] {dag.py:3490} INFO - Setting next_dagrun for example_sla_dag to 2023-07-04T00:14:00+00:00, run_after=2023-07-04T00:16:00+00:00
[2023-07-04T00:17:25.198+0000] {processor.py:179} INFO - Processing /home/airflow/.local/lib/python3.7/site-packages/airflow/example_dags/example_sla_dag.py took 0.274 seconds
[2023-07-04T00:17:56.150+0000] {processor.py:157} INFO - Started process (PID=1271) to work on /home/airflow/.local/lib/python3.7/site-packages/airflow/example_dags/example_sla_dag.py
[2023-07-04T00:17:56.151+0000] {processor.py:826} INFO - Processing file /home/airflow/.local/lib/python3.7/site-packages/airflow/example_dags/example_sla_dag.py for tasks to queue
[2023-07-04T00:17:56.152+0000] {logging_mixin.py:149} INFO - [2023-07-04T00:17:56.152+0000] {dagbag.py:541} INFO - Filling up the DagBag from /home/airflow/.local/lib/python3.7/site-packages/airflow/example_dags/example_sla_dag.py
[2023-07-04T00:17:56.172+0000] {processor.py:836} INFO - DAG(s) dict_keys(['example_sla_dag']) retrieved from /home/airflow/.local/lib/python3.7/site-packages/airflow/example_dags/example_sla_dag.py
[2023-07-04T00:17:56.216+0000] {logging_mixin.py:149} INFO - [2023-07-04T00:17:56.216+0000] {dag.py:2726} INFO - Sync 1 DAGs
[2023-07-04T00:17:56.282+0000] {logging_mixin.py:149} INFO - [2023-07-04T00:17:56.282+0000] {dag.py:3490} INFO - Setting next_dagrun for example_sla_dag to 2023-07-04T00:14:00+00:00, run_after=2023-07-04T00:16:00+00:00
[2023-07-04T00:17:56.321+0000] {processor.py:179} INFO - Processing /home/airflow/.local/lib/python3.7/site-packages/airflow/example_dags/example_sla_dag.py took 0.177 seconds
[2023-07-04T00:18:26.944+0000] {processor.py:157} INFO - Started process (PID=1328) to work on /home/airflow/.local/lib/python3.7/site-packages/airflow/example_dags/example_sla_dag.py
[2023-07-04T00:18:26.945+0000] {processor.py:826} INFO - Processing file /home/airflow/.local/lib/python3.7/site-packages/airflow/example_dags/example_sla_dag.py for tasks to queue
[2023-07-04T00:18:26.947+0000] {logging_mixin.py:149} INFO - [2023-07-04T00:18:26.947+0000] {dagbag.py:541} INFO - Filling up the DagBag from /home/airflow/.local/lib/python3.7/site-packages/airflow/example_dags/example_sla_dag.py
[2023-07-04T00:18:26.968+0000] {processor.py:836} INFO - DAG(s) dict_keys(['example_sla_dag']) retrieved from /home/airflow/.local/lib/python3.7/site-packages/airflow/example_dags/example_sla_dag.py
[2023-07-04T00:18:27.024+0000] {logging_mixin.py:149} INFO - [2023-07-04T00:18:27.023+0000] {dag.py:2726} INFO - Sync 1 DAGs
[2023-07-04T00:18:27.079+0000] {logging_mixin.py:149} INFO - [2023-07-04T00:18:27.078+0000] {dag.py:3490} INFO - Setting next_dagrun for example_sla_dag to 2023-07-04T00:16:00+00:00, run_after=2023-07-04T00:18:00+00:00
[2023-07-04T00:18:27.118+0000] {processor.py:179} INFO - Processing /home/airflow/.local/lib/python3.7/site-packages/airflow/example_dags/example_sla_dag.py took 0.183 seconds
[2023-07-04T00:18:57.958+0000] {processor.py:157} INFO - Started process (PID=1384) to work on /home/airflow/.local/lib/python3.7/site-packages/airflow/example_dags/example_sla_dag.py
[2023-07-04T00:18:57.960+0000] {processor.py:826} INFO - Processing file /home/airflow/.local/lib/python3.7/site-packages/airflow/example_dags/example_sla_dag.py for tasks to queue
[2023-07-04T00:18:57.961+0000] {logging_mixin.py:149} INFO - [2023-07-04T00:18:57.961+0000] {dagbag.py:541} INFO - Filling up the DagBag from /home/airflow/.local/lib/python3.7/site-packages/airflow/example_dags/example_sla_dag.py
[2023-07-04T00:18:57.985+0000] {processor.py:836} INFO - DAG(s) dict_keys(['example_sla_dag']) retrieved from /home/airflow/.local/lib/python3.7/site-packages/airflow/example_dags/example_sla_dag.py
[2023-07-04T00:18:58.036+0000] {logging_mixin.py:149} INFO - [2023-07-04T00:18:58.035+0000] {dag.py:2726} INFO - Sync 1 DAGs
[2023-07-04T00:18:58.105+0000] {logging_mixin.py:149} INFO - [2023-07-04T00:18:58.104+0000] {dag.py:3490} INFO - Setting next_dagrun for example_sla_dag to 2023-07-04T00:16:00+00:00, run_after=2023-07-04T00:18:00+00:00
[2023-07-04T00:18:58.145+0000] {processor.py:179} INFO - Processing /home/airflow/.local/lib/python3.7/site-packages/airflow/example_dags/example_sla_dag.py took 0.195 seconds
[2023-07-04T00:19:28.749+0000] {processor.py:157} INFO - Started process (PID=1442) to work on /home/airflow/.local/lib/python3.7/site-packages/airflow/example_dags/example_sla_dag.py
[2023-07-04T00:19:28.751+0000] {processor.py:826} INFO - Processing file /home/airflow/.local/lib/python3.7/site-packages/airflow/example_dags/example_sla_dag.py for tasks to queue
[2023-07-04T00:19:28.753+0000] {logging_mixin.py:149} INFO - [2023-07-04T00:19:28.753+0000] {dagbag.py:541} INFO - Filling up the DagBag from /home/airflow/.local/lib/python3.7/site-packages/airflow/example_dags/example_sla_dag.py
[2023-07-04T00:19:28.782+0000] {processor.py:836} INFO - DAG(s) dict_keys(['example_sla_dag']) retrieved from /home/airflow/.local/lib/python3.7/site-packages/airflow/example_dags/example_sla_dag.py
[2023-07-04T00:19:28.858+0000] {logging_mixin.py:149} INFO - [2023-07-04T00:19:28.857+0000] {dag.py:2726} INFO - Sync 1 DAGs
[2023-07-04T00:19:28.925+0000] {logging_mixin.py:149} INFO - [2023-07-04T00:19:28.925+0000] {dag.py:3490} INFO - Setting next_dagrun for example_sla_dag to 2023-07-04T00:16:00+00:00, run_after=2023-07-04T00:18:00+00:00
[2023-07-04T00:19:28.971+0000] {processor.py:179} INFO - Processing /home/airflow/.local/lib/python3.7/site-packages/airflow/example_dags/example_sla_dag.py took 0.232 seconds
[2023-07-04T00:19:59.502+0000] {processor.py:157} INFO - Started process (PID=1499) to work on /home/airflow/.local/lib/python3.7/site-packages/airflow/example_dags/example_sla_dag.py
[2023-07-04T00:19:59.504+0000] {processor.py:826} INFO - Processing file /home/airflow/.local/lib/python3.7/site-packages/airflow/example_dags/example_sla_dag.py for tasks to queue
[2023-07-04T00:19:59.506+0000] {logging_mixin.py:149} INFO - [2023-07-04T00:19:59.505+0000] {dagbag.py:541} INFO - Filling up the DagBag from /home/airflow/.local/lib/python3.7/site-packages/airflow/example_dags/example_sla_dag.py
[2023-07-04T00:19:59.526+0000] {processor.py:836} INFO - DAG(s) dict_keys(['example_sla_dag']) retrieved from /home/airflow/.local/lib/python3.7/site-packages/airflow/example_dags/example_sla_dag.py
[2023-07-04T00:19:59.583+0000] {logging_mixin.py:149} INFO - [2023-07-04T00:19:59.583+0000] {dag.py:2726} INFO - Sync 1 DAGs
[2023-07-04T00:19:59.640+0000] {logging_mixin.py:149} INFO - [2023-07-04T00:19:59.639+0000] {dag.py:3490} INFO - Setting next_dagrun for example_sla_dag to 2023-07-04T00:16:00+00:00, run_after=2023-07-04T00:18:00+00:00
[2023-07-04T00:19:59.686+0000] {processor.py:179} INFO - Processing /home/airflow/.local/lib/python3.7/site-packages/airflow/example_dags/example_sla_dag.py took 0.189 seconds
[2023-07-04T00:20:30.049+0000] {processor.py:157} INFO - Started process (PID=1556) to work on /home/airflow/.local/lib/python3.7/site-packages/airflow/example_dags/example_sla_dag.py
[2023-07-04T00:20:30.051+0000] {processor.py:826} INFO - Processing file /home/airflow/.local/lib/python3.7/site-packages/airflow/example_dags/example_sla_dag.py for tasks to queue
[2023-07-04T00:20:30.053+0000] {logging_mixin.py:149} INFO - [2023-07-04T00:20:30.052+0000] {dagbag.py:541} INFO - Filling up the DagBag from /home/airflow/.local/lib/python3.7/site-packages/airflow/example_dags/example_sla_dag.py
[2023-07-04T00:20:30.070+0000] {processor.py:836} INFO - DAG(s) dict_keys(['example_sla_dag']) retrieved from /home/airflow/.local/lib/python3.7/site-packages/airflow/example_dags/example_sla_dag.py
[2023-07-04T00:20:30.119+0000] {logging_mixin.py:149} INFO - [2023-07-04T00:20:30.118+0000] {dag.py:2726} INFO - Sync 1 DAGs
[2023-07-04T00:20:30.176+0000] {logging_mixin.py:149} INFO - [2023-07-04T00:20:30.176+0000] {dag.py:3490} INFO - Setting next_dagrun for example_sla_dag to 2023-07-04T00:18:00+00:00, run_after=2023-07-04T00:20:00+00:00
[2023-07-04T00:20:30.217+0000] {processor.py:179} INFO - Processing /home/airflow/.local/lib/python3.7/site-packages/airflow/example_dags/example_sla_dag.py took 0.176 seconds
[2023-07-04T00:21:01.076+0000] {processor.py:157} INFO - Started process (PID=1613) to work on /home/airflow/.local/lib/python3.7/site-packages/airflow/example_dags/example_sla_dag.py
[2023-07-04T00:21:01.079+0000] {processor.py:826} INFO - Processing file /home/airflow/.local/lib/python3.7/site-packages/airflow/example_dags/example_sla_dag.py for tasks to queue
[2023-07-04T00:21:01.081+0000] {logging_mixin.py:149} INFO - [2023-07-04T00:21:01.081+0000] {dagbag.py:541} INFO - Filling up the DagBag from /home/airflow/.local/lib/python3.7/site-packages/airflow/example_dags/example_sla_dag.py
[2023-07-04T00:21:01.113+0000] {processor.py:836} INFO - DAG(s) dict_keys(['example_sla_dag']) retrieved from /home/airflow/.local/lib/python3.7/site-packages/airflow/example_dags/example_sla_dag.py
[2023-07-04T00:21:01.201+0000] {logging_mixin.py:149} INFO - [2023-07-04T00:21:01.201+0000] {dag.py:2726} INFO - Sync 1 DAGs
[2023-07-04T00:21:01.292+0000] {logging_mixin.py:149} INFO - [2023-07-04T00:21:01.291+0000] {dag.py:3490} INFO - Setting next_dagrun for example_sla_dag to 2023-07-04T00:18:00+00:00, run_after=2023-07-04T00:20:00+00:00
[2023-07-04T00:21:01.349+0000] {processor.py:179} INFO - Processing /home/airflow/.local/lib/python3.7/site-packages/airflow/example_dags/example_sla_dag.py took 0.285 seconds
[2023-07-04T00:21:31.769+0000] {processor.py:157} INFO - Started process (PID=1669) to work on /home/airflow/.local/lib/python3.7/site-packages/airflow/example_dags/example_sla_dag.py
[2023-07-04T00:21:31.771+0000] {processor.py:826} INFO - Processing file /home/airflow/.local/lib/python3.7/site-packages/airflow/example_dags/example_sla_dag.py for tasks to queue
[2023-07-04T00:21:31.772+0000] {logging_mixin.py:149} INFO - [2023-07-04T00:21:31.772+0000] {dagbag.py:541} INFO - Filling up the DagBag from /home/airflow/.local/lib/python3.7/site-packages/airflow/example_dags/example_sla_dag.py
[2023-07-04T00:21:31.788+0000] {processor.py:836} INFO - DAG(s) dict_keys(['example_sla_dag']) retrieved from /home/airflow/.local/lib/python3.7/site-packages/airflow/example_dags/example_sla_dag.py
[2023-07-04T00:21:31.836+0000] {logging_mixin.py:149} INFO - [2023-07-04T00:21:31.836+0000] {dag.py:2726} INFO - Sync 1 DAGs
[2023-07-04T00:21:31.891+0000] {logging_mixin.py:149} INFO - [2023-07-04T00:21:31.891+0000] {dag.py:3490} INFO - Setting next_dagrun for example_sla_dag to 2023-07-04T00:18:00+00:00, run_after=2023-07-04T00:20:00+00:00
[2023-07-04T00:21:31.931+0000] {processor.py:179} INFO - Processing /home/airflow/.local/lib/python3.7/site-packages/airflow/example_dags/example_sla_dag.py took 0.169 seconds
[2023-07-04T00:22:02.710+0000] {processor.py:157} INFO - Started process (PID=1726) to work on /home/airflow/.local/lib/python3.7/site-packages/airflow/example_dags/example_sla_dag.py
[2023-07-04T00:22:02.712+0000] {processor.py:826} INFO - Processing file /home/airflow/.local/lib/python3.7/site-packages/airflow/example_dags/example_sla_dag.py for tasks to queue
[2023-07-04T00:22:02.713+0000] {logging_mixin.py:149} INFO - [2023-07-04T00:22:02.713+0000] {dagbag.py:541} INFO - Filling up the DagBag from /home/airflow/.local/lib/python3.7/site-packages/airflow/example_dags/example_sla_dag.py
[2023-07-04T00:22:02.733+0000] {processor.py:836} INFO - DAG(s) dict_keys(['example_sla_dag']) retrieved from /home/airflow/.local/lib/python3.7/site-packages/airflow/example_dags/example_sla_dag.py
[2023-07-04T00:22:02.783+0000] {logging_mixin.py:149} INFO - [2023-07-04T00:22:02.783+0000] {dag.py:2726} INFO - Sync 1 DAGs
[2023-07-04T00:22:02.896+0000] {logging_mixin.py:149} INFO - [2023-07-04T00:22:02.896+0000] {dag.py:3490} INFO - Setting next_dagrun for example_sla_dag to 2023-07-04T00:20:00+00:00, run_after=2023-07-04T00:22:00+00:00
[2023-07-04T00:22:02.964+0000] {processor.py:179} INFO - Processing /home/airflow/.local/lib/python3.7/site-packages/airflow/example_dags/example_sla_dag.py took 0.262 seconds
[2023-07-04T00:22:33.112+0000] {processor.py:157} INFO - Started process (PID=1782) to work on /home/airflow/.local/lib/python3.7/site-packages/airflow/example_dags/example_sla_dag.py
[2023-07-04T00:22:33.113+0000] {processor.py:826} INFO - Processing file /home/airflow/.local/lib/python3.7/site-packages/airflow/example_dags/example_sla_dag.py for tasks to queue
[2023-07-04T00:22:33.114+0000] {logging_mixin.py:149} INFO - [2023-07-04T00:22:33.114+0000] {dagbag.py:541} INFO - Filling up the DagBag from /home/airflow/.local/lib/python3.7/site-packages/airflow/example_dags/example_sla_dag.py
[2023-07-04T00:22:33.128+0000] {processor.py:836} INFO - DAG(s) dict_keys(['example_sla_dag']) retrieved from /home/airflow/.local/lib/python3.7/site-packages/airflow/example_dags/example_sla_dag.py
[2023-07-04T00:22:33.172+0000] {logging_mixin.py:149} INFO - [2023-07-04T00:22:33.172+0000] {dag.py:2726} INFO - Sync 1 DAGs
[2023-07-04T00:22:33.237+0000] {logging_mixin.py:149} INFO - [2023-07-04T00:22:33.236+0000] {dag.py:3490} INFO - Setting next_dagrun for example_sla_dag to 2023-07-04T00:20:00+00:00, run_after=2023-07-04T00:22:00+00:00
[2023-07-04T00:22:33.276+0000] {processor.py:179} INFO - Processing /home/airflow/.local/lib/python3.7/site-packages/airflow/example_dags/example_sla_dag.py took 0.170 seconds
[2023-07-04T00:23:03.354+0000] {processor.py:157} INFO - Started process (PID=1839) to work on /home/airflow/.local/lib/python3.7/site-packages/airflow/example_dags/example_sla_dag.py
[2023-07-04T00:23:03.355+0000] {processor.py:826} INFO - Processing file /home/airflow/.local/lib/python3.7/site-packages/airflow/example_dags/example_sla_dag.py for tasks to queue
[2023-07-04T00:23:03.357+0000] {logging_mixin.py:149} INFO - [2023-07-04T00:23:03.357+0000] {dagbag.py:541} INFO - Filling up the DagBag from /home/airflow/.local/lib/python3.7/site-packages/airflow/example_dags/example_sla_dag.py
[2023-07-04T00:23:03.368+0000] {processor.py:836} INFO - DAG(s) dict_keys(['example_sla_dag']) retrieved from /home/airflow/.local/lib/python3.7/site-packages/airflow/example_dags/example_sla_dag.py
[2023-07-04T00:23:03.407+0000] {logging_mixin.py:149} INFO - [2023-07-04T00:23:03.407+0000] {dag.py:2726} INFO - Sync 1 DAGs
[2023-07-04T00:23:03.456+0000] {logging_mixin.py:149} INFO - [2023-07-04T00:23:03.456+0000] {dag.py:3490} INFO - Setting next_dagrun for example_sla_dag to 2023-07-04T00:20:00+00:00, run_after=2023-07-04T00:22:00+00:00
[2023-07-04T00:23:03.484+0000] {processor.py:179} INFO - Processing /home/airflow/.local/lib/python3.7/site-packages/airflow/example_dags/example_sla_dag.py took 0.136 seconds
[2023-07-04T00:23:34.152+0000] {processor.py:157} INFO - Started process (PID=1896) to work on /home/airflow/.local/lib/python3.7/site-packages/airflow/example_dags/example_sla_dag.py
[2023-07-04T00:23:34.153+0000] {processor.py:826} INFO - Processing file /home/airflow/.local/lib/python3.7/site-packages/airflow/example_dags/example_sla_dag.py for tasks to queue
[2023-07-04T00:23:34.155+0000] {logging_mixin.py:149} INFO - [2023-07-04T00:23:34.154+0000] {dagbag.py:541} INFO - Filling up the DagBag from /home/airflow/.local/lib/python3.7/site-packages/airflow/example_dags/example_sla_dag.py
[2023-07-04T00:23:34.174+0000] {processor.py:836} INFO - DAG(s) dict_keys(['example_sla_dag']) retrieved from /home/airflow/.local/lib/python3.7/site-packages/airflow/example_dags/example_sla_dag.py
[2023-07-04T00:23:34.243+0000] {logging_mixin.py:149} INFO - [2023-07-04T00:23:34.242+0000] {dag.py:2726} INFO - Sync 1 DAGs
[2023-07-04T00:23:34.332+0000] {logging_mixin.py:149} INFO - [2023-07-04T00:23:34.332+0000] {dag.py:3490} INFO - Setting next_dagrun for example_sla_dag to 2023-07-04T00:20:00+00:00, run_after=2023-07-04T00:22:00+00:00
[2023-07-04T00:23:34.378+0000] {processor.py:179} INFO - Processing /home/airflow/.local/lib/python3.7/site-packages/airflow/example_dags/example_sla_dag.py took 0.235 seconds
[2023-07-04T00:24:05.181+0000] {processor.py:157} INFO - Started process (PID=1953) to work on /home/airflow/.local/lib/python3.7/site-packages/airflow/example_dags/example_sla_dag.py
[2023-07-04T00:24:05.184+0000] {processor.py:826} INFO - Processing file /home/airflow/.local/lib/python3.7/site-packages/airflow/example_dags/example_sla_dag.py for tasks to queue
[2023-07-04T00:24:05.189+0000] {logging_mixin.py:149} INFO - [2023-07-04T00:24:05.188+0000] {dagbag.py:541} INFO - Filling up the DagBag from /home/airflow/.local/lib/python3.7/site-packages/airflow/example_dags/example_sla_dag.py
[2023-07-04T00:24:05.227+0000] {processor.py:836} INFO - DAG(s) dict_keys(['example_sla_dag']) retrieved from /home/airflow/.local/lib/python3.7/site-packages/airflow/example_dags/example_sla_dag.py
[2023-07-04T00:24:05.319+0000] {logging_mixin.py:149} INFO - [2023-07-04T00:24:05.319+0000] {dag.py:2726} INFO - Sync 1 DAGs
[2023-07-04T00:24:05.416+0000] {logging_mixin.py:149} INFO - [2023-07-04T00:24:05.416+0000] {dag.py:3490} INFO - Setting next_dagrun for example_sla_dag to 2023-07-04T00:22:00+00:00, run_after=2023-07-04T00:24:00+00:00
[2023-07-04T00:24:05.468+0000] {processor.py:179} INFO - Processing /home/airflow/.local/lib/python3.7/site-packages/airflow/example_dags/example_sla_dag.py took 0.303 seconds
[2023-07-04T00:24:36.495+0000] {processor.py:157} INFO - Started process (PID=2010) to work on /home/airflow/.local/lib/python3.7/site-packages/airflow/example_dags/example_sla_dag.py
[2023-07-04T00:24:36.498+0000] {processor.py:826} INFO - Processing file /home/airflow/.local/lib/python3.7/site-packages/airflow/example_dags/example_sla_dag.py for tasks to queue
[2023-07-04T00:24:36.508+0000] {logging_mixin.py:149} INFO - [2023-07-04T00:24:36.507+0000] {dagbag.py:541} INFO - Filling up the DagBag from /home/airflow/.local/lib/python3.7/site-packages/airflow/example_dags/example_sla_dag.py
[2023-07-04T00:24:36.549+0000] {processor.py:836} INFO - DAG(s) dict_keys(['example_sla_dag']) retrieved from /home/airflow/.local/lib/python3.7/site-packages/airflow/example_dags/example_sla_dag.py
[2023-07-04T00:24:36.635+0000] {logging_mixin.py:149} INFO - [2023-07-04T00:24:36.635+0000] {dag.py:2726} INFO - Sync 1 DAGs
[2023-07-04T00:24:36.761+0000] {logging_mixin.py:149} INFO - [2023-07-04T00:24:36.760+0000] {dag.py:3490} INFO - Setting next_dagrun for example_sla_dag to 2023-07-04T00:22:00+00:00, run_after=2023-07-04T00:24:00+00:00
[2023-07-04T00:24:36.816+0000] {processor.py:179} INFO - Processing /home/airflow/.local/lib/python3.7/site-packages/airflow/example_dags/example_sla_dag.py took 0.339 seconds
[2023-07-04T00:25:07.014+0000] {processor.py:157} INFO - Started process (PID=2067) to work on /home/airflow/.local/lib/python3.7/site-packages/airflow/example_dags/example_sla_dag.py
[2023-07-04T00:25:07.016+0000] {processor.py:826} INFO - Processing file /home/airflow/.local/lib/python3.7/site-packages/airflow/example_dags/example_sla_dag.py for tasks to queue
[2023-07-04T00:25:07.018+0000] {logging_mixin.py:149} INFO - [2023-07-04T00:25:07.018+0000] {dagbag.py:541} INFO - Filling up the DagBag from /home/airflow/.local/lib/python3.7/site-packages/airflow/example_dags/example_sla_dag.py
[2023-07-04T00:25:07.039+0000] {processor.py:836} INFO - DAG(s) dict_keys(['example_sla_dag']) retrieved from /home/airflow/.local/lib/python3.7/site-packages/airflow/example_dags/example_sla_dag.py
[2023-07-04T00:25:07.102+0000] {logging_mixin.py:149} INFO - [2023-07-04T00:25:07.102+0000] {dag.py:2726} INFO - Sync 1 DAGs
[2023-07-04T00:25:07.185+0000] {logging_mixin.py:149} INFO - [2023-07-04T00:25:07.184+0000] {dag.py:3490} INFO - Setting next_dagrun for example_sla_dag to 2023-07-04T00:22:00+00:00, run_after=2023-07-04T00:24:00+00:00
[2023-07-04T00:25:07.231+0000] {processor.py:179} INFO - Processing /home/airflow/.local/lib/python3.7/site-packages/airflow/example_dags/example_sla_dag.py took 0.223 seconds
[2023-07-04T00:25:37.428+0000] {processor.py:157} INFO - Started process (PID=2125) to work on /home/airflow/.local/lib/python3.7/site-packages/airflow/example_dags/example_sla_dag.py
[2023-07-04T00:25:37.429+0000] {processor.py:826} INFO - Processing file /home/airflow/.local/lib/python3.7/site-packages/airflow/example_dags/example_sla_dag.py for tasks to queue
[2023-07-04T00:25:37.430+0000] {logging_mixin.py:149} INFO - [2023-07-04T00:25:37.430+0000] {dagbag.py:541} INFO - Filling up the DagBag from /home/airflow/.local/lib/python3.7/site-packages/airflow/example_dags/example_sla_dag.py
[2023-07-04T00:25:37.448+0000] {processor.py:836} INFO - DAG(s) dict_keys(['example_sla_dag']) retrieved from /home/airflow/.local/lib/python3.7/site-packages/airflow/example_dags/example_sla_dag.py
[2023-07-04T00:25:37.498+0000] {logging_mixin.py:149} INFO - [2023-07-04T00:25:37.498+0000] {dag.py:2726} INFO - Sync 1 DAGs
[2023-07-04T00:25:37.563+0000] {logging_mixin.py:149} INFO - [2023-07-04T00:25:37.563+0000] {dag.py:3490} INFO - Setting next_dagrun for example_sla_dag to 2023-07-04T00:22:00+00:00, run_after=2023-07-04T00:24:00+00:00
[2023-07-04T00:25:37.601+0000] {processor.py:179} INFO - Processing /home/airflow/.local/lib/python3.7/site-packages/airflow/example_dags/example_sla_dag.py took 0.180 seconds
[2023-07-04T00:26:07.991+0000] {processor.py:157} INFO - Started process (PID=2182) to work on /home/airflow/.local/lib/python3.7/site-packages/airflow/example_dags/example_sla_dag.py
[2023-07-04T00:26:07.993+0000] {processor.py:826} INFO - Processing file /home/airflow/.local/lib/python3.7/site-packages/airflow/example_dags/example_sla_dag.py for tasks to queue
[2023-07-04T00:26:07.994+0000] {logging_mixin.py:149} INFO - [2023-07-04T00:26:07.993+0000] {dagbag.py:541} INFO - Filling up the DagBag from /home/airflow/.local/lib/python3.7/site-packages/airflow/example_dags/example_sla_dag.py
[2023-07-04T00:26:08.017+0000] {processor.py:836} INFO - DAG(s) dict_keys(['example_sla_dag']) retrieved from /home/airflow/.local/lib/python3.7/site-packages/airflow/example_dags/example_sla_dag.py
[2023-07-04T00:26:08.077+0000] {logging_mixin.py:149} INFO - [2023-07-04T00:26:08.076+0000] {dag.py:2726} INFO - Sync 1 DAGs
[2023-07-04T00:26:08.172+0000] {logging_mixin.py:149} INFO - [2023-07-04T00:26:08.172+0000] {dag.py:3490} INFO - Setting next_dagrun for example_sla_dag to 2023-07-04T00:24:00+00:00, run_after=2023-07-04T00:26:00+00:00
[2023-07-04T00:26:08.226+0000] {processor.py:179} INFO - Processing /home/airflow/.local/lib/python3.7/site-packages/airflow/example_dags/example_sla_dag.py took 0.246 seconds
[2023-07-04T00:26:38.274+0000] {processor.py:157} INFO - Started process (PID=2238) to work on /home/airflow/.local/lib/python3.7/site-packages/airflow/example_dags/example_sla_dag.py
[2023-07-04T00:26:38.275+0000] {processor.py:826} INFO - Processing file /home/airflow/.local/lib/python3.7/site-packages/airflow/example_dags/example_sla_dag.py for tasks to queue
[2023-07-04T00:26:38.277+0000] {logging_mixin.py:149} INFO - [2023-07-04T00:26:38.277+0000] {dagbag.py:541} INFO - Filling up the DagBag from /home/airflow/.local/lib/python3.7/site-packages/airflow/example_dags/example_sla_dag.py
[2023-07-04T00:26:38.289+0000] {processor.py:836} INFO - DAG(s) dict_keys(['example_sla_dag']) retrieved from /home/airflow/.local/lib/python3.7/site-packages/airflow/example_dags/example_sla_dag.py
[2023-07-04T00:26:38.329+0000] {logging_mixin.py:149} INFO - [2023-07-04T00:26:38.329+0000] {dag.py:2726} INFO - Sync 1 DAGs
[2023-07-04T00:26:38.391+0000] {logging_mixin.py:149} INFO - [2023-07-04T00:26:38.390+0000] {dag.py:3490} INFO - Setting next_dagrun for example_sla_dag to 2023-07-04T00:24:00+00:00, run_after=2023-07-04T00:26:00+00:00
[2023-07-04T00:26:38.434+0000] {processor.py:179} INFO - Processing /home/airflow/.local/lib/python3.7/site-packages/airflow/example_dags/example_sla_dag.py took 0.164 seconds
[2023-07-04T00:27:08.893+0000] {processor.py:157} INFO - Started process (PID=2296) to work on /home/airflow/.local/lib/python3.7/site-packages/airflow/example_dags/example_sla_dag.py
[2023-07-04T00:27:08.896+0000] {processor.py:826} INFO - Processing file /home/airflow/.local/lib/python3.7/site-packages/airflow/example_dags/example_sla_dag.py for tasks to queue
[2023-07-04T00:27:08.898+0000] {logging_mixin.py:149} INFO - [2023-07-04T00:27:08.897+0000] {dagbag.py:541} INFO - Filling up the DagBag from /home/airflow/.local/lib/python3.7/site-packages/airflow/example_dags/example_sla_dag.py
[2023-07-04T00:27:08.921+0000] {processor.py:836} INFO - DAG(s) dict_keys(['example_sla_dag']) retrieved from /home/airflow/.local/lib/python3.7/site-packages/airflow/example_dags/example_sla_dag.py
[2023-07-04T00:27:08.971+0000] {logging_mixin.py:149} INFO - [2023-07-04T00:27:08.971+0000] {dag.py:2726} INFO - Sync 1 DAGs
[2023-07-04T00:27:09.055+0000] {logging_mixin.py:149} INFO - [2023-07-04T00:27:09.055+0000] {dag.py:3490} INFO - Setting next_dagrun for example_sla_dag to 2023-07-04T00:24:00+00:00, run_after=2023-07-04T00:26:00+00:00
[2023-07-04T00:27:09.105+0000] {processor.py:179} INFO - Processing /home/airflow/.local/lib/python3.7/site-packages/airflow/example_dags/example_sla_dag.py took 0.221 seconds
[2023-07-04T00:27:39.922+0000] {processor.py:157} INFO - Started process (PID=2353) to work on /home/airflow/.local/lib/python3.7/site-packages/airflow/example_dags/example_sla_dag.py
[2023-07-04T00:27:39.923+0000] {processor.py:826} INFO - Processing file /home/airflow/.local/lib/python3.7/site-packages/airflow/example_dags/example_sla_dag.py for tasks to queue
[2023-07-04T00:27:39.924+0000] {logging_mixin.py:149} INFO - [2023-07-04T00:27:39.924+0000] {dagbag.py:541} INFO - Filling up the DagBag from /home/airflow/.local/lib/python3.7/site-packages/airflow/example_dags/example_sla_dag.py
[2023-07-04T00:27:39.939+0000] {processor.py:836} INFO - DAG(s) dict_keys(['example_sla_dag']) retrieved from /home/airflow/.local/lib/python3.7/site-packages/airflow/example_dags/example_sla_dag.py
[2023-07-04T00:27:39.977+0000] {logging_mixin.py:149} INFO - [2023-07-04T00:27:39.977+0000] {dag.py:2726} INFO - Sync 1 DAGs
[2023-07-04T00:27:40.028+0000] {logging_mixin.py:149} INFO - [2023-07-04T00:27:40.028+0000] {dag.py:3490} INFO - Setting next_dagrun for example_sla_dag to 2023-07-04T00:24:00+00:00, run_after=2023-07-04T00:26:00+00:00
[2023-07-04T00:27:40.059+0000] {processor.py:179} INFO - Processing /home/airflow/.local/lib/python3.7/site-packages/airflow/example_dags/example_sla_dag.py took 0.143 seconds
[2023-07-04T00:28:10.544+0000] {processor.py:157} INFO - Started process (PID=2410) to work on /home/airflow/.local/lib/python3.7/site-packages/airflow/example_dags/example_sla_dag.py
[2023-07-04T00:28:10.546+0000] {processor.py:826} INFO - Processing file /home/airflow/.local/lib/python3.7/site-packages/airflow/example_dags/example_sla_dag.py for tasks to queue
[2023-07-04T00:28:10.548+0000] {logging_mixin.py:149} INFO - [2023-07-04T00:28:10.547+0000] {dagbag.py:541} INFO - Filling up the DagBag from /home/airflow/.local/lib/python3.7/site-packages/airflow/example_dags/example_sla_dag.py
[2023-07-04T00:28:10.568+0000] {processor.py:836} INFO - DAG(s) dict_keys(['example_sla_dag']) retrieved from /home/airflow/.local/lib/python3.7/site-packages/airflow/example_dags/example_sla_dag.py
[2023-07-04T00:28:10.612+0000] {logging_mixin.py:149} INFO - [2023-07-04T00:28:10.612+0000] {dag.py:2726} INFO - Sync 1 DAGs
[2023-07-04T00:28:10.679+0000] {logging_mixin.py:149} INFO - [2023-07-04T00:28:10.679+0000] {dag.py:3490} INFO - Setting next_dagrun for example_sla_dag to 2023-07-04T00:26:00+00:00, run_after=2023-07-04T00:28:00+00:00
[2023-07-04T00:28:10.728+0000] {processor.py:179} INFO - Processing /home/airflow/.local/lib/python3.7/site-packages/airflow/example_dags/example_sla_dag.py took 0.191 seconds
[2023-07-04T00:28:41.259+0000] {processor.py:157} INFO - Started process (PID=2467) to work on /home/airflow/.local/lib/python3.7/site-packages/airflow/example_dags/example_sla_dag.py
[2023-07-04T00:28:41.261+0000] {processor.py:826} INFO - Processing file /home/airflow/.local/lib/python3.7/site-packages/airflow/example_dags/example_sla_dag.py for tasks to queue
[2023-07-04T00:28:41.263+0000] {logging_mixin.py:149} INFO - [2023-07-04T00:28:41.262+0000] {dagbag.py:541} INFO - Filling up the DagBag from /home/airflow/.local/lib/python3.7/site-packages/airflow/example_dags/example_sla_dag.py
[2023-07-04T00:28:41.275+0000] {processor.py:836} INFO - DAG(s) dict_keys(['example_sla_dag']) retrieved from /home/airflow/.local/lib/python3.7/site-packages/airflow/example_dags/example_sla_dag.py
[2023-07-04T00:28:41.313+0000] {logging_mixin.py:149} INFO - [2023-07-04T00:28:41.312+0000] {dag.py:2726} INFO - Sync 1 DAGs
[2023-07-04T00:28:41.372+0000] {logging_mixin.py:149} INFO - [2023-07-04T00:28:41.372+0000] {dag.py:3490} INFO - Setting next_dagrun for example_sla_dag to 2023-07-04T00:26:00+00:00, run_after=2023-07-04T00:28:00+00:00
[2023-07-04T00:28:41.401+0000] {processor.py:179} INFO - Processing /home/airflow/.local/lib/python3.7/site-packages/airflow/example_dags/example_sla_dag.py took 0.149 seconds
[2023-07-04T00:29:12.169+0000] {processor.py:157} INFO - Started process (PID=2524) to work on /home/airflow/.local/lib/python3.7/site-packages/airflow/example_dags/example_sla_dag.py
[2023-07-04T00:29:12.171+0000] {processor.py:826} INFO - Processing file /home/airflow/.local/lib/python3.7/site-packages/airflow/example_dags/example_sla_dag.py for tasks to queue
[2023-07-04T00:29:12.173+0000] {logging_mixin.py:149} INFO - [2023-07-04T00:29:12.173+0000] {dagbag.py:541} INFO - Filling up the DagBag from /home/airflow/.local/lib/python3.7/site-packages/airflow/example_dags/example_sla_dag.py
[2023-07-04T00:29:12.194+0000] {processor.py:836} INFO - DAG(s) dict_keys(['example_sla_dag']) retrieved from /home/airflow/.local/lib/python3.7/site-packages/airflow/example_dags/example_sla_dag.py
[2023-07-04T00:29:12.256+0000] {logging_mixin.py:149} INFO - [2023-07-04T00:29:12.255+0000] {dag.py:2726} INFO - Sync 1 DAGs
[2023-07-04T00:29:12.338+0000] {logging_mixin.py:149} INFO - [2023-07-04T00:29:12.337+0000] {dag.py:3490} INFO - Setting next_dagrun for example_sla_dag to 2023-07-04T00:26:00+00:00, run_after=2023-07-04T00:28:00+00:00
[2023-07-04T00:29:12.379+0000] {processor.py:179} INFO - Processing /home/airflow/.local/lib/python3.7/site-packages/airflow/example_dags/example_sla_dag.py took 0.218 seconds
[2023-07-04T00:29:42.592+0000] {processor.py:157} INFO - Started process (PID=2581) to work on /home/airflow/.local/lib/python3.7/site-packages/airflow/example_dags/example_sla_dag.py
[2023-07-04T00:29:42.594+0000] {processor.py:826} INFO - Processing file /home/airflow/.local/lib/python3.7/site-packages/airflow/example_dags/example_sla_dag.py for tasks to queue
[2023-07-04T00:29:42.596+0000] {logging_mixin.py:149} INFO - [2023-07-04T00:29:42.595+0000] {dagbag.py:541} INFO - Filling up the DagBag from /home/airflow/.local/lib/python3.7/site-packages/airflow/example_dags/example_sla_dag.py
[2023-07-04T00:29:42.609+0000] {processor.py:836} INFO - DAG(s) dict_keys(['example_sla_dag']) retrieved from /home/airflow/.local/lib/python3.7/site-packages/airflow/example_dags/example_sla_dag.py
[2023-07-04T00:29:42.643+0000] {logging_mixin.py:149} INFO - [2023-07-04T00:29:42.642+0000] {dag.py:2726} INFO - Sync 1 DAGs
[2023-07-04T00:29:42.686+0000] {logging_mixin.py:149} INFO - [2023-07-04T00:29:42.686+0000] {dag.py:3490} INFO - Setting next_dagrun for example_sla_dag to 2023-07-04T00:26:00+00:00, run_after=2023-07-04T00:28:00+00:00
[2023-07-04T00:29:42.716+0000] {processor.py:179} INFO - Processing /home/airflow/.local/lib/python3.7/site-packages/airflow/example_dags/example_sla_dag.py took 0.130 seconds
[2023-07-04T00:30:13.667+0000] {processor.py:157} INFO - Started process (PID=2638) to work on /home/airflow/.local/lib/python3.7/site-packages/airflow/example_dags/example_sla_dag.py
[2023-07-04T00:30:13.669+0000] {processor.py:826} INFO - Processing file /home/airflow/.local/lib/python3.7/site-packages/airflow/example_dags/example_sla_dag.py for tasks to queue
[2023-07-04T00:30:13.671+0000] {logging_mixin.py:149} INFO - [2023-07-04T00:30:13.670+0000] {dagbag.py:541} INFO - Filling up the DagBag from /home/airflow/.local/lib/python3.7/site-packages/airflow/example_dags/example_sla_dag.py
[2023-07-04T00:30:13.690+0000] {processor.py:836} INFO - DAG(s) dict_keys(['example_sla_dag']) retrieved from /home/airflow/.local/lib/python3.7/site-packages/airflow/example_dags/example_sla_dag.py
[2023-07-04T00:30:13.749+0000] {logging_mixin.py:149} INFO - [2023-07-04T00:30:13.748+0000] {dag.py:2726} INFO - Sync 1 DAGs
[2023-07-04T00:30:13.827+0000] {logging_mixin.py:149} INFO - [2023-07-04T00:30:13.826+0000] {dag.py:3490} INFO - Setting next_dagrun for example_sla_dag to 2023-07-04T00:28:00+00:00, run_after=2023-07-04T00:30:00+00:00
[2023-07-04T00:30:13.867+0000] {processor.py:179} INFO - Processing /home/airflow/.local/lib/python3.7/site-packages/airflow/example_dags/example_sla_dag.py took 0.207 seconds
[2023-07-04T00:30:44.246+0000] {processor.py:157} INFO - Started process (PID=2701) to work on /home/airflow/.local/lib/python3.7/site-packages/airflow/example_dags/example_sla_dag.py
[2023-07-04T00:30:44.248+0000] {processor.py:826} INFO - Processing file /home/airflow/.local/lib/python3.7/site-packages/airflow/example_dags/example_sla_dag.py for tasks to queue
[2023-07-04T00:30:44.250+0000] {logging_mixin.py:149} INFO - [2023-07-04T00:30:44.250+0000] {dagbag.py:541} INFO - Filling up the DagBag from /home/airflow/.local/lib/python3.7/site-packages/airflow/example_dags/example_sla_dag.py
[2023-07-04T00:30:44.267+0000] {processor.py:836} INFO - DAG(s) dict_keys(['example_sla_dag']) retrieved from /home/airflow/.local/lib/python3.7/site-packages/airflow/example_dags/example_sla_dag.py
[2023-07-04T00:30:44.316+0000] {logging_mixin.py:149} INFO - [2023-07-04T00:30:44.315+0000] {dag.py:2726} INFO - Sync 1 DAGs
[2023-07-04T00:30:44.411+0000] {logging_mixin.py:149} INFO - [2023-07-04T00:30:44.411+0000] {dag.py:3490} INFO - Setting next_dagrun for example_sla_dag to 2023-07-04T00:28:00+00:00, run_after=2023-07-04T00:30:00+00:00
[2023-07-04T00:30:44.477+0000] {processor.py:179} INFO - Processing /home/airflow/.local/lib/python3.7/site-packages/airflow/example_dags/example_sla_dag.py took 0.241 seconds
[2023-07-04T00:31:15.591+0000] {processor.py:157} INFO - Started process (PID=2758) to work on /home/airflow/.local/lib/python3.7/site-packages/airflow/example_dags/example_sla_dag.py
[2023-07-04T00:31:15.593+0000] {processor.py:826} INFO - Processing file /home/airflow/.local/lib/python3.7/site-packages/airflow/example_dags/example_sla_dag.py for tasks to queue
[2023-07-04T00:31:15.594+0000] {logging_mixin.py:149} INFO - [2023-07-04T00:31:15.594+0000] {dagbag.py:541} INFO - Filling up the DagBag from /home/airflow/.local/lib/python3.7/site-packages/airflow/example_dags/example_sla_dag.py
[2023-07-04T00:31:15.612+0000] {processor.py:836} INFO - DAG(s) dict_keys(['example_sla_dag']) retrieved from /home/airflow/.local/lib/python3.7/site-packages/airflow/example_dags/example_sla_dag.py
[2023-07-04T00:31:15.665+0000] {logging_mixin.py:149} INFO - [2023-07-04T00:31:15.664+0000] {dag.py:2726} INFO - Sync 1 DAGs
[2023-07-04T00:31:15.733+0000] {logging_mixin.py:149} INFO - [2023-07-04T00:31:15.733+0000] {dag.py:3490} INFO - Setting next_dagrun for example_sla_dag to 2023-07-04T00:28:00+00:00, run_after=2023-07-04T00:30:00+00:00
[2023-07-04T00:31:15.763+0000] {processor.py:179} INFO - Processing /home/airflow/.local/lib/python3.7/site-packages/airflow/example_dags/example_sla_dag.py took 0.180 seconds
[2023-07-04T00:31:46.023+0000] {processor.py:157} INFO - Started process (PID=2815) to work on /home/airflow/.local/lib/python3.7/site-packages/airflow/example_dags/example_sla_dag.py
[2023-07-04T00:31:46.025+0000] {processor.py:826} INFO - Processing file /home/airflow/.local/lib/python3.7/site-packages/airflow/example_dags/example_sla_dag.py for tasks to queue
[2023-07-04T00:31:46.026+0000] {logging_mixin.py:149} INFO - [2023-07-04T00:31:46.026+0000] {dagbag.py:541} INFO - Filling up the DagBag from /home/airflow/.local/lib/python3.7/site-packages/airflow/example_dags/example_sla_dag.py
[2023-07-04T00:31:46.045+0000] {processor.py:836} INFO - DAG(s) dict_keys(['example_sla_dag']) retrieved from /home/airflow/.local/lib/python3.7/site-packages/airflow/example_dags/example_sla_dag.py
[2023-07-04T00:31:46.089+0000] {logging_mixin.py:149} INFO - [2023-07-04T00:31:46.089+0000] {dag.py:2726} INFO - Sync 1 DAGs
[2023-07-04T00:31:46.136+0000] {logging_mixin.py:149} INFO - [2023-07-04T00:31:46.136+0000] {dag.py:3490} INFO - Setting next_dagrun for example_sla_dag to 2023-07-04T00:28:00+00:00, run_after=2023-07-04T00:30:00+00:00
[2023-07-04T00:31:46.164+0000] {processor.py:179} INFO - Processing /home/airflow/.local/lib/python3.7/site-packages/airflow/example_dags/example_sla_dag.py took 0.147 seconds
[2023-07-04T00:32:16.489+0000] {processor.py:157} INFO - Started process (PID=2872) to work on /home/airflow/.local/lib/python3.7/site-packages/airflow/example_dags/example_sla_dag.py
[2023-07-04T00:32:16.490+0000] {processor.py:826} INFO - Processing file /home/airflow/.local/lib/python3.7/site-packages/airflow/example_dags/example_sla_dag.py for tasks to queue
[2023-07-04T00:32:16.492+0000] {logging_mixin.py:149} INFO - [2023-07-04T00:32:16.491+0000] {dagbag.py:541} INFO - Filling up the DagBag from /home/airflow/.local/lib/python3.7/site-packages/airflow/example_dags/example_sla_dag.py
[2023-07-04T00:32:16.505+0000] {processor.py:836} INFO - DAG(s) dict_keys(['example_sla_dag']) retrieved from /home/airflow/.local/lib/python3.7/site-packages/airflow/example_dags/example_sla_dag.py
[2023-07-04T00:32:16.551+0000] {logging_mixin.py:149} INFO - [2023-07-04T00:32:16.551+0000] {dag.py:2726} INFO - Sync 1 DAGs
[2023-07-04T00:32:16.620+0000] {logging_mixin.py:149} INFO - [2023-07-04T00:32:16.620+0000] {dag.py:3490} INFO - Setting next_dagrun for example_sla_dag to 2023-07-04T00:30:00+00:00, run_after=2023-07-04T00:32:00+00:00
[2023-07-04T00:32:16.669+0000] {processor.py:179} INFO - Processing /home/airflow/.local/lib/python3.7/site-packages/airflow/example_dags/example_sla_dag.py took 0.185 seconds
[2023-07-04T00:32:47.838+0000] {processor.py:157} INFO - Started process (PID=2930) to work on /home/airflow/.local/lib/python3.7/site-packages/airflow/example_dags/example_sla_dag.py
[2023-07-04T00:32:47.841+0000] {processor.py:826} INFO - Processing file /home/airflow/.local/lib/python3.7/site-packages/airflow/example_dags/example_sla_dag.py for tasks to queue
[2023-07-04T00:32:47.844+0000] {logging_mixin.py:149} INFO - [2023-07-04T00:32:47.844+0000] {dagbag.py:541} INFO - Filling up the DagBag from /home/airflow/.local/lib/python3.7/site-packages/airflow/example_dags/example_sla_dag.py
[2023-07-04T00:32:47.880+0000] {processor.py:836} INFO - DAG(s) dict_keys(['example_sla_dag']) retrieved from /home/airflow/.local/lib/python3.7/site-packages/airflow/example_dags/example_sla_dag.py
[2023-07-04T00:32:47.992+0000] {logging_mixin.py:149} INFO - [2023-07-04T00:32:47.991+0000] {dag.py:2726} INFO - Sync 1 DAGs
[2023-07-04T00:32:48.137+0000] {logging_mixin.py:149} INFO - [2023-07-04T00:32:48.134+0000] {dag.py:3490} INFO - Setting next_dagrun for example_sla_dag to 2023-07-04T00:30:00+00:00, run_after=2023-07-04T00:32:00+00:00
[2023-07-04T00:32:48.262+0000] {processor.py:179} INFO - Processing /home/airflow/.local/lib/python3.7/site-packages/airflow/example_dags/example_sla_dag.py took 0.441 seconds
[2023-07-04T00:33:18.347+0000] {processor.py:157} INFO - Started process (PID=2986) to work on /home/airflow/.local/lib/python3.7/site-packages/airflow/example_dags/example_sla_dag.py
[2023-07-04T00:33:18.348+0000] {processor.py:826} INFO - Processing file /home/airflow/.local/lib/python3.7/site-packages/airflow/example_dags/example_sla_dag.py for tasks to queue
[2023-07-04T00:33:18.350+0000] {logging_mixin.py:149} INFO - [2023-07-04T00:33:18.350+0000] {dagbag.py:541} INFO - Filling up the DagBag from /home/airflow/.local/lib/python3.7/site-packages/airflow/example_dags/example_sla_dag.py
[2023-07-04T00:33:18.372+0000] {processor.py:836} INFO - DAG(s) dict_keys(['example_sla_dag']) retrieved from /home/airflow/.local/lib/python3.7/site-packages/airflow/example_dags/example_sla_dag.py
[2023-07-04T00:33:18.440+0000] {logging_mixin.py:149} INFO - [2023-07-04T00:33:18.440+0000] {dag.py:2726} INFO - Sync 1 DAGs
[2023-07-04T00:33:18.582+0000] {logging_mixin.py:149} INFO - [2023-07-04T00:33:18.581+0000] {dag.py:3490} INFO - Setting next_dagrun for example_sla_dag to 2023-07-04T00:30:00+00:00, run_after=2023-07-04T00:32:00+00:00
[2023-07-04T00:33:18.652+0000] {processor.py:179} INFO - Processing /home/airflow/.local/lib/python3.7/site-packages/airflow/example_dags/example_sla_dag.py took 0.314 seconds
