[2023-07-04T00:07:06.025+0000] {processor.py:157} INFO - Started process (PID=52) to work on /home/airflow/.local/lib/python3.7/site-packages/airflow/example_dags/example_latest_only_with_trigger.py
[2023-07-04T00:07:06.027+0000] {processor.py:826} INFO - Processing file /home/airflow/.local/lib/python3.7/site-packages/airflow/example_dags/example_latest_only_with_trigger.py for tasks to queue
[2023-07-04T00:07:06.028+0000] {logging_mixin.py:149} INFO - [2023-07-04T00:07:06.028+0000] {dagbag.py:541} INFO - Filling up the DagBag from /home/airflow/.local/lib/python3.7/site-packages/airflow/example_dags/example_latest_only_with_trigger.py
[2023-07-04T00:07:06.052+0000] {processor.py:836} INFO - DAG(s) dict_keys(['latest_only_with_trigger']) retrieved from /home/airflow/.local/lib/python3.7/site-packages/airflow/example_dags/example_latest_only_with_trigger.py
[2023-07-04T00:07:06.124+0000] {logging_mixin.py:149} INFO - [2023-07-04T00:07:06.123+0000] {dag.py:2726} INFO - Sync 1 DAGs
[2023-07-04T00:07:06.222+0000] {logging_mixin.py:149} INFO - [2023-07-04T00:07:06.222+0000] {dag.py:3490} INFO - Setting next_dagrun for latest_only_with_trigger to 2023-07-03T20:07:06.222153+00:00, run_after=2023-07-04T00:07:06.222153+00:00
[2023-07-04T00:07:06.282+0000] {processor.py:179} INFO - Processing /home/airflow/.local/lib/python3.7/site-packages/airflow/example_dags/example_latest_only_with_trigger.py took 0.264 seconds
[2023-07-04T00:07:36.475+0000] {processor.py:157} INFO - Started process (PID=109) to work on /home/airflow/.local/lib/python3.7/site-packages/airflow/example_dags/example_latest_only_with_trigger.py
[2023-07-04T00:07:36.478+0000] {processor.py:826} INFO - Processing file /home/airflow/.local/lib/python3.7/site-packages/airflow/example_dags/example_latest_only_with_trigger.py for tasks to queue
[2023-07-04T00:07:36.480+0000] {logging_mixin.py:149} INFO - [2023-07-04T00:07:36.479+0000] {dagbag.py:541} INFO - Filling up the DagBag from /home/airflow/.local/lib/python3.7/site-packages/airflow/example_dags/example_latest_only_with_trigger.py
[2023-07-04T00:07:36.496+0000] {processor.py:836} INFO - DAG(s) dict_keys(['latest_only_with_trigger']) retrieved from /home/airflow/.local/lib/python3.7/site-packages/airflow/example_dags/example_latest_only_with_trigger.py
[2023-07-04T00:07:36.565+0000] {logging_mixin.py:149} INFO - [2023-07-04T00:07:36.565+0000] {dag.py:2726} INFO - Sync 1 DAGs
[2023-07-04T00:07:36.609+0000] {logging_mixin.py:149} INFO - [2023-07-04T00:07:36.609+0000] {dag.py:3490} INFO - Setting next_dagrun for latest_only_with_trigger to 2023-07-03T20:07:36.609369+00:00, run_after=2023-07-04T00:07:36.609369+00:00
[2023-07-04T00:07:36.644+0000] {processor.py:179} INFO - Processing /home/airflow/.local/lib/python3.7/site-packages/airflow/example_dags/example_latest_only_with_trigger.py took 0.178 seconds
[2023-07-04T00:08:07.027+0000] {processor.py:157} INFO - Started process (PID=166) to work on /home/airflow/.local/lib/python3.7/site-packages/airflow/example_dags/example_latest_only_with_trigger.py
[2023-07-04T00:08:07.028+0000] {processor.py:826} INFO - Processing file /home/airflow/.local/lib/python3.7/site-packages/airflow/example_dags/example_latest_only_with_trigger.py for tasks to queue
[2023-07-04T00:08:07.029+0000] {logging_mixin.py:149} INFO - [2023-07-04T00:08:07.029+0000] {dagbag.py:541} INFO - Filling up the DagBag from /home/airflow/.local/lib/python3.7/site-packages/airflow/example_dags/example_latest_only_with_trigger.py
[2023-07-04T00:08:07.043+0000] {processor.py:836} INFO - DAG(s) dict_keys(['latest_only_with_trigger']) retrieved from /home/airflow/.local/lib/python3.7/site-packages/airflow/example_dags/example_latest_only_with_trigger.py
[2023-07-04T00:08:07.100+0000] {logging_mixin.py:149} INFO - [2023-07-04T00:08:07.099+0000] {dag.py:2726} INFO - Sync 1 DAGs
[2023-07-04T00:08:07.147+0000] {logging_mixin.py:149} INFO - [2023-07-04T00:08:07.147+0000] {dag.py:3490} INFO - Setting next_dagrun for latest_only_with_trigger to 2023-07-03T20:08:07.147368+00:00, run_after=2023-07-04T00:08:07.147368+00:00
[2023-07-04T00:08:07.185+0000] {processor.py:179} INFO - Processing /home/airflow/.local/lib/python3.7/site-packages/airflow/example_dags/example_latest_only_with_trigger.py took 0.164 seconds
[2023-07-04T00:08:37.676+0000] {processor.py:157} INFO - Started process (PID=223) to work on /home/airflow/.local/lib/python3.7/site-packages/airflow/example_dags/example_latest_only_with_trigger.py
[2023-07-04T00:08:37.679+0000] {processor.py:826} INFO - Processing file /home/airflow/.local/lib/python3.7/site-packages/airflow/example_dags/example_latest_only_with_trigger.py for tasks to queue
[2023-07-04T00:08:37.681+0000] {logging_mixin.py:149} INFO - [2023-07-04T00:08:37.681+0000] {dagbag.py:541} INFO - Filling up the DagBag from /home/airflow/.local/lib/python3.7/site-packages/airflow/example_dags/example_latest_only_with_trigger.py
[2023-07-04T00:08:37.698+0000] {processor.py:836} INFO - DAG(s) dict_keys(['latest_only_with_trigger']) retrieved from /home/airflow/.local/lib/python3.7/site-packages/airflow/example_dags/example_latest_only_with_trigger.py
[2023-07-04T00:08:37.756+0000] {logging_mixin.py:149} INFO - [2023-07-04T00:08:37.755+0000] {dag.py:2726} INFO - Sync 1 DAGs
[2023-07-04T00:08:37.829+0000] {logging_mixin.py:149} INFO - [2023-07-04T00:08:37.829+0000] {dag.py:3490} INFO - Setting next_dagrun for latest_only_with_trigger to 2023-07-03T20:08:37.828909+00:00, run_after=2023-07-04T00:08:37.828909+00:00
[2023-07-04T00:08:37.870+0000] {processor.py:179} INFO - Processing /home/airflow/.local/lib/python3.7/site-packages/airflow/example_dags/example_latest_only_with_trigger.py took 0.202 seconds
[2023-07-04T00:09:08.325+0000] {processor.py:157} INFO - Started process (PID=280) to work on /home/airflow/.local/lib/python3.7/site-packages/airflow/example_dags/example_latest_only_with_trigger.py
[2023-07-04T00:09:08.327+0000] {processor.py:826} INFO - Processing file /home/airflow/.local/lib/python3.7/site-packages/airflow/example_dags/example_latest_only_with_trigger.py for tasks to queue
[2023-07-04T00:09:08.329+0000] {logging_mixin.py:149} INFO - [2023-07-04T00:09:08.329+0000] {dagbag.py:541} INFO - Filling up the DagBag from /home/airflow/.local/lib/python3.7/site-packages/airflow/example_dags/example_latest_only_with_trigger.py
[2023-07-04T00:09:08.343+0000] {processor.py:836} INFO - DAG(s) dict_keys(['latest_only_with_trigger']) retrieved from /home/airflow/.local/lib/python3.7/site-packages/airflow/example_dags/example_latest_only_with_trigger.py
[2023-07-04T00:09:08.382+0000] {logging_mixin.py:149} INFO - [2023-07-04T00:09:08.382+0000] {dag.py:2726} INFO - Sync 1 DAGs
[2023-07-04T00:09:08.419+0000] {logging_mixin.py:149} INFO - [2023-07-04T00:09:08.419+0000] {dag.py:3490} INFO - Setting next_dagrun for latest_only_with_trigger to 2023-07-03T20:09:08.418765+00:00, run_after=2023-07-04T00:09:08.418765+00:00
[2023-07-04T00:09:08.450+0000] {processor.py:179} INFO - Processing /home/airflow/.local/lib/python3.7/site-packages/airflow/example_dags/example_latest_only_with_trigger.py took 0.131 seconds
[2023-07-04T00:09:38.973+0000] {processor.py:157} INFO - Started process (PID=337) to work on /home/airflow/.local/lib/python3.7/site-packages/airflow/example_dags/example_latest_only_with_trigger.py
[2023-07-04T00:09:38.974+0000] {processor.py:826} INFO - Processing file /home/airflow/.local/lib/python3.7/site-packages/airflow/example_dags/example_latest_only_with_trigger.py for tasks to queue
[2023-07-04T00:09:38.976+0000] {logging_mixin.py:149} INFO - [2023-07-04T00:09:38.975+0000] {dagbag.py:541} INFO - Filling up the DagBag from /home/airflow/.local/lib/python3.7/site-packages/airflow/example_dags/example_latest_only_with_trigger.py
[2023-07-04T00:09:38.987+0000] {processor.py:836} INFO - DAG(s) dict_keys(['latest_only_with_trigger']) retrieved from /home/airflow/.local/lib/python3.7/site-packages/airflow/example_dags/example_latest_only_with_trigger.py
[2023-07-04T00:09:39.041+0000] {logging_mixin.py:149} INFO - [2023-07-04T00:09:39.041+0000] {dag.py:2726} INFO - Sync 1 DAGs
[2023-07-04T00:09:39.094+0000] {logging_mixin.py:149} INFO - [2023-07-04T00:09:39.094+0000] {dag.py:3490} INFO - Setting next_dagrun for latest_only_with_trigger to 2023-07-03T20:09:39.093753+00:00, run_after=2023-07-04T00:09:39.093753+00:00
[2023-07-04T00:09:39.146+0000] {processor.py:179} INFO - Processing /home/airflow/.local/lib/python3.7/site-packages/airflow/example_dags/example_latest_only_with_trigger.py took 0.180 seconds
[2023-07-04T00:10:09.861+0000] {processor.py:157} INFO - Started process (PID=400) to work on /home/airflow/.local/lib/python3.7/site-packages/airflow/example_dags/example_latest_only_with_trigger.py
[2023-07-04T00:10:09.864+0000] {processor.py:826} INFO - Processing file /home/airflow/.local/lib/python3.7/site-packages/airflow/example_dags/example_latest_only_with_trigger.py for tasks to queue
[2023-07-04T00:10:09.865+0000] {logging_mixin.py:149} INFO - [2023-07-04T00:10:09.865+0000] {dagbag.py:541} INFO - Filling up the DagBag from /home/airflow/.local/lib/python3.7/site-packages/airflow/example_dags/example_latest_only_with_trigger.py
[2023-07-04T00:10:09.876+0000] {processor.py:836} INFO - DAG(s) dict_keys(['latest_only_with_trigger']) retrieved from /home/airflow/.local/lib/python3.7/site-packages/airflow/example_dags/example_latest_only_with_trigger.py
[2023-07-04T00:10:09.918+0000] {logging_mixin.py:149} INFO - [2023-07-04T00:10:09.918+0000] {dag.py:2726} INFO - Sync 1 DAGs
[2023-07-04T00:10:09.973+0000] {logging_mixin.py:149} INFO - [2023-07-04T00:10:09.973+0000] {dag.py:3490} INFO - Setting next_dagrun for latest_only_with_trigger to 2023-07-03T20:10:09.972872+00:00, run_after=2023-07-04T00:10:09.972872+00:00
[2023-07-04T00:10:10.001+0000] {processor.py:179} INFO - Processing /home/airflow/.local/lib/python3.7/site-packages/airflow/example_dags/example_latest_only_with_trigger.py took 0.149 seconds
[2023-07-04T00:10:41.176+0000] {processor.py:157} INFO - Started process (PID=457) to work on /home/airflow/.local/lib/python3.7/site-packages/airflow/example_dags/example_latest_only_with_trigger.py
[2023-07-04T00:10:41.179+0000] {processor.py:826} INFO - Processing file /home/airflow/.local/lib/python3.7/site-packages/airflow/example_dags/example_latest_only_with_trigger.py for tasks to queue
[2023-07-04T00:10:41.181+0000] {logging_mixin.py:149} INFO - [2023-07-04T00:10:41.180+0000] {dagbag.py:541} INFO - Filling up the DagBag from /home/airflow/.local/lib/python3.7/site-packages/airflow/example_dags/example_latest_only_with_trigger.py
[2023-07-04T00:10:41.195+0000] {processor.py:836} INFO - DAG(s) dict_keys(['latest_only_with_trigger']) retrieved from /home/airflow/.local/lib/python3.7/site-packages/airflow/example_dags/example_latest_only_with_trigger.py
[2023-07-04T00:10:41.275+0000] {logging_mixin.py:149} INFO - [2023-07-04T00:10:41.275+0000] {dag.py:2726} INFO - Sync 1 DAGs
[2023-07-04T00:10:41.366+0000] {logging_mixin.py:149} INFO - [2023-07-04T00:10:41.365+0000] {dag.py:3490} INFO - Setting next_dagrun for latest_only_with_trigger to 2023-07-03T20:10:41.364095+00:00, run_after=2023-07-04T00:10:41.364095+00:00
[2023-07-04T00:10:41.428+0000] {processor.py:179} INFO - Processing /home/airflow/.local/lib/python3.7/site-packages/airflow/example_dags/example_latest_only_with_trigger.py took 0.258 seconds
[2023-07-04T00:11:12.323+0000] {processor.py:157} INFO - Started process (PID=514) to work on /home/airflow/.local/lib/python3.7/site-packages/airflow/example_dags/example_latest_only_with_trigger.py
[2023-07-04T00:11:12.326+0000] {processor.py:826} INFO - Processing file /home/airflow/.local/lib/python3.7/site-packages/airflow/example_dags/example_latest_only_with_trigger.py for tasks to queue
[2023-07-04T00:11:12.328+0000] {logging_mixin.py:149} INFO - [2023-07-04T00:11:12.327+0000] {dagbag.py:541} INFO - Filling up the DagBag from /home/airflow/.local/lib/python3.7/site-packages/airflow/example_dags/example_latest_only_with_trigger.py
[2023-07-04T00:11:12.346+0000] {processor.py:836} INFO - DAG(s) dict_keys(['latest_only_with_trigger']) retrieved from /home/airflow/.local/lib/python3.7/site-packages/airflow/example_dags/example_latest_only_with_trigger.py
[2023-07-04T00:11:12.407+0000] {logging_mixin.py:149} INFO - [2023-07-04T00:11:12.406+0000] {dag.py:2726} INFO - Sync 1 DAGs
[2023-07-04T00:11:12.482+0000] {logging_mixin.py:149} INFO - [2023-07-04T00:11:12.482+0000] {dag.py:3490} INFO - Setting next_dagrun for latest_only_with_trigger to 2023-07-03T20:11:12.481300+00:00, run_after=2023-07-04T00:11:12.481300+00:00
[2023-07-04T00:11:12.532+0000] {processor.py:179} INFO - Processing /home/airflow/.local/lib/python3.7/site-packages/airflow/example_dags/example_latest_only_with_trigger.py took 0.219 seconds
[2023-07-04T00:11:42.960+0000] {processor.py:157} INFO - Started process (PID=571) to work on /home/airflow/.local/lib/python3.7/site-packages/airflow/example_dags/example_latest_only_with_trigger.py
[2023-07-04T00:11:42.962+0000] {processor.py:826} INFO - Processing file /home/airflow/.local/lib/python3.7/site-packages/airflow/example_dags/example_latest_only_with_trigger.py for tasks to queue
[2023-07-04T00:11:42.965+0000] {logging_mixin.py:149} INFO - [2023-07-04T00:11:42.964+0000] {dagbag.py:541} INFO - Filling up the DagBag from /home/airflow/.local/lib/python3.7/site-packages/airflow/example_dags/example_latest_only_with_trigger.py
[2023-07-04T00:11:42.978+0000] {processor.py:836} INFO - DAG(s) dict_keys(['latest_only_with_trigger']) retrieved from /home/airflow/.local/lib/python3.7/site-packages/airflow/example_dags/example_latest_only_with_trigger.py
[2023-07-04T00:11:43.048+0000] {logging_mixin.py:149} INFO - [2023-07-04T00:11:43.047+0000] {dag.py:2726} INFO - Sync 1 DAGs
[2023-07-04T00:11:43.116+0000] {logging_mixin.py:149} INFO - [2023-07-04T00:11:43.116+0000] {dag.py:3490} INFO - Setting next_dagrun for latest_only_with_trigger to 2023-07-03T20:11:43.115930+00:00, run_after=2023-07-04T00:11:43.115930+00:00
[2023-07-04T00:11:43.171+0000] {processor.py:179} INFO - Processing /home/airflow/.local/lib/python3.7/site-packages/airflow/example_dags/example_latest_only_with_trigger.py took 0.221 seconds
[2023-07-04T00:12:14.229+0000] {processor.py:157} INFO - Started process (PID=628) to work on /home/airflow/.local/lib/python3.7/site-packages/airflow/example_dags/example_latest_only_with_trigger.py
[2023-07-04T00:12:14.231+0000] {processor.py:826} INFO - Processing file /home/airflow/.local/lib/python3.7/site-packages/airflow/example_dags/example_latest_only_with_trigger.py for tasks to queue
[2023-07-04T00:12:14.232+0000] {logging_mixin.py:149} INFO - [2023-07-04T00:12:14.232+0000] {dagbag.py:541} INFO - Filling up the DagBag from /home/airflow/.local/lib/python3.7/site-packages/airflow/example_dags/example_latest_only_with_trigger.py
[2023-07-04T00:12:14.244+0000] {processor.py:836} INFO - DAG(s) dict_keys(['latest_only_with_trigger']) retrieved from /home/airflow/.local/lib/python3.7/site-packages/airflow/example_dags/example_latest_only_with_trigger.py
[2023-07-04T00:12:14.293+0000] {logging_mixin.py:149} INFO - [2023-07-04T00:12:14.293+0000] {dag.py:2726} INFO - Sync 1 DAGs
[2023-07-04T00:12:14.360+0000] {logging_mixin.py:149} INFO - [2023-07-04T00:12:14.360+0000] {dag.py:3490} INFO - Setting next_dagrun for latest_only_with_trigger to 2023-07-03T20:12:14.359241+00:00, run_after=2023-07-04T00:12:14.359241+00:00
[2023-07-04T00:12:14.400+0000] {processor.py:179} INFO - Processing /home/airflow/.local/lib/python3.7/site-packages/airflow/example_dags/example_latest_only_with_trigger.py took 0.180 seconds
[2023-07-04T00:12:44.656+0000] {processor.py:157} INFO - Started process (PID=685) to work on /home/airflow/.local/lib/python3.7/site-packages/airflow/example_dags/example_latest_only_with_trigger.py
[2023-07-04T00:12:44.657+0000] {processor.py:826} INFO - Processing file /home/airflow/.local/lib/python3.7/site-packages/airflow/example_dags/example_latest_only_with_trigger.py for tasks to queue
[2023-07-04T00:12:44.658+0000] {logging_mixin.py:149} INFO - [2023-07-04T00:12:44.658+0000] {dagbag.py:541} INFO - Filling up the DagBag from /home/airflow/.local/lib/python3.7/site-packages/airflow/example_dags/example_latest_only_with_trigger.py
[2023-07-04T00:12:44.676+0000] {processor.py:836} INFO - DAG(s) dict_keys(['latest_only_with_trigger']) retrieved from /home/airflow/.local/lib/python3.7/site-packages/airflow/example_dags/example_latest_only_with_trigger.py
[2023-07-04T00:12:44.722+0000] {logging_mixin.py:149} INFO - [2023-07-04T00:12:44.722+0000] {dag.py:2726} INFO - Sync 1 DAGs
[2023-07-04T00:12:44.798+0000] {logging_mixin.py:149} INFO - [2023-07-04T00:12:44.798+0000] {dag.py:3490} INFO - Setting next_dagrun for latest_only_with_trigger to 2023-07-03T20:12:44.797542+00:00, run_after=2023-07-04T00:12:44.797542+00:00
[2023-07-04T00:12:44.854+0000] {processor.py:179} INFO - Processing /home/airflow/.local/lib/python3.7/site-packages/airflow/example_dags/example_latest_only_with_trigger.py took 0.204 seconds
[2023-07-04T00:13:14.996+0000] {processor.py:157} INFO - Started process (PID=741) to work on /home/airflow/.local/lib/python3.7/site-packages/airflow/example_dags/example_latest_only_with_trigger.py
[2023-07-04T00:13:14.998+0000] {processor.py:826} INFO - Processing file /home/airflow/.local/lib/python3.7/site-packages/airflow/example_dags/example_latest_only_with_trigger.py for tasks to queue
[2023-07-04T00:13:14.999+0000] {logging_mixin.py:149} INFO - [2023-07-04T00:13:14.999+0000] {dagbag.py:541} INFO - Filling up the DagBag from /home/airflow/.local/lib/python3.7/site-packages/airflow/example_dags/example_latest_only_with_trigger.py
[2023-07-04T00:13:15.009+0000] {processor.py:836} INFO - DAG(s) dict_keys(['latest_only_with_trigger']) retrieved from /home/airflow/.local/lib/python3.7/site-packages/airflow/example_dags/example_latest_only_with_trigger.py
[2023-07-04T00:13:15.051+0000] {logging_mixin.py:149} INFO - [2023-07-04T00:13:15.051+0000] {dag.py:2726} INFO - Sync 1 DAGs
[2023-07-04T00:13:15.095+0000] {logging_mixin.py:149} INFO - [2023-07-04T00:13:15.095+0000] {dag.py:3490} INFO - Setting next_dagrun for latest_only_with_trigger to 2023-07-03T20:13:15.095343+00:00, run_after=2023-07-04T00:13:15.095343+00:00
[2023-07-04T00:13:15.131+0000] {processor.py:179} INFO - Processing /home/airflow/.local/lib/python3.7/site-packages/airflow/example_dags/example_latest_only_with_trigger.py took 0.144 seconds
[2023-07-04T00:13:45.347+0000] {processor.py:157} INFO - Started process (PID=798) to work on /home/airflow/.local/lib/python3.7/site-packages/airflow/example_dags/example_latest_only_with_trigger.py
[2023-07-04T00:13:45.349+0000] {processor.py:826} INFO - Processing file /home/airflow/.local/lib/python3.7/site-packages/airflow/example_dags/example_latest_only_with_trigger.py for tasks to queue
[2023-07-04T00:13:45.351+0000] {logging_mixin.py:149} INFO - [2023-07-04T00:13:45.351+0000] {dagbag.py:541} INFO - Filling up the DagBag from /home/airflow/.local/lib/python3.7/site-packages/airflow/example_dags/example_latest_only_with_trigger.py
[2023-07-04T00:13:45.364+0000] {processor.py:836} INFO - DAG(s) dict_keys(['latest_only_with_trigger']) retrieved from /home/airflow/.local/lib/python3.7/site-packages/airflow/example_dags/example_latest_only_with_trigger.py
[2023-07-04T00:13:45.411+0000] {logging_mixin.py:149} INFO - [2023-07-04T00:13:45.410+0000] {dag.py:2726} INFO - Sync 1 DAGs
[2023-07-04T00:13:45.464+0000] {logging_mixin.py:149} INFO - [2023-07-04T00:13:45.464+0000] {dag.py:3490} INFO - Setting next_dagrun for latest_only_with_trigger to 2023-07-03T20:13:45.463869+00:00, run_after=2023-07-04T00:13:45.463869+00:00
[2023-07-04T00:13:45.500+0000] {processor.py:179} INFO - Processing /home/airflow/.local/lib/python3.7/site-packages/airflow/example_dags/example_latest_only_with_trigger.py took 0.159 seconds
[2023-07-04T00:14:16.169+0000] {processor.py:157} INFO - Started process (PID=855) to work on /home/airflow/.local/lib/python3.7/site-packages/airflow/example_dags/example_latest_only_with_trigger.py
[2023-07-04T00:14:16.171+0000] {processor.py:826} INFO - Processing file /home/airflow/.local/lib/python3.7/site-packages/airflow/example_dags/example_latest_only_with_trigger.py for tasks to queue
[2023-07-04T00:14:16.172+0000] {logging_mixin.py:149} INFO - [2023-07-04T00:14:16.171+0000] {dagbag.py:541} INFO - Filling up the DagBag from /home/airflow/.local/lib/python3.7/site-packages/airflow/example_dags/example_latest_only_with_trigger.py
[2023-07-04T00:14:16.185+0000] {processor.py:836} INFO - DAG(s) dict_keys(['latest_only_with_trigger']) retrieved from /home/airflow/.local/lib/python3.7/site-packages/airflow/example_dags/example_latest_only_with_trigger.py
[2023-07-04T00:14:16.230+0000] {logging_mixin.py:149} INFO - [2023-07-04T00:14:16.230+0000] {dag.py:2726} INFO - Sync 1 DAGs
[2023-07-04T00:14:16.286+0000] {logging_mixin.py:149} INFO - [2023-07-04T00:14:16.286+0000] {dag.py:3490} INFO - Setting next_dagrun for latest_only_with_trigger to 2023-07-03T20:14:16.285732+00:00, run_after=2023-07-04T00:14:16.285732+00:00
[2023-07-04T00:14:16.324+0000] {processor.py:179} INFO - Processing /home/airflow/.local/lib/python3.7/site-packages/airflow/example_dags/example_latest_only_with_trigger.py took 0.163 seconds
[2023-07-04T00:14:46.525+0000] {processor.py:157} INFO - Started process (PID=912) to work on /home/airflow/.local/lib/python3.7/site-packages/airflow/example_dags/example_latest_only_with_trigger.py
[2023-07-04T00:14:46.526+0000] {processor.py:826} INFO - Processing file /home/airflow/.local/lib/python3.7/site-packages/airflow/example_dags/example_latest_only_with_trigger.py for tasks to queue
[2023-07-04T00:14:46.527+0000] {logging_mixin.py:149} INFO - [2023-07-04T00:14:46.527+0000] {dagbag.py:541} INFO - Filling up the DagBag from /home/airflow/.local/lib/python3.7/site-packages/airflow/example_dags/example_latest_only_with_trigger.py
[2023-07-04T00:14:46.537+0000] {processor.py:836} INFO - DAG(s) dict_keys(['latest_only_with_trigger']) retrieved from /home/airflow/.local/lib/python3.7/site-packages/airflow/example_dags/example_latest_only_with_trigger.py
[2023-07-04T00:14:46.589+0000] {logging_mixin.py:149} INFO - [2023-07-04T00:14:46.589+0000] {dag.py:2726} INFO - Sync 1 DAGs
[2023-07-04T00:14:46.642+0000] {logging_mixin.py:149} INFO - [2023-07-04T00:14:46.642+0000] {dag.py:3490} INFO - Setting next_dagrun for latest_only_with_trigger to 2023-07-03T20:14:46.641770+00:00, run_after=2023-07-04T00:14:46.641770+00:00
[2023-07-04T00:14:46.673+0000] {processor.py:179} INFO - Processing /home/airflow/.local/lib/python3.7/site-packages/airflow/example_dags/example_latest_only_with_trigger.py took 0.154 seconds
[2023-07-04T00:15:17.530+0000] {processor.py:157} INFO - Started process (PID=969) to work on /home/airflow/.local/lib/python3.7/site-packages/airflow/example_dags/example_latest_only_with_trigger.py
[2023-07-04T00:15:17.532+0000] {processor.py:826} INFO - Processing file /home/airflow/.local/lib/python3.7/site-packages/airflow/example_dags/example_latest_only_with_trigger.py for tasks to queue
[2023-07-04T00:15:17.534+0000] {logging_mixin.py:149} INFO - [2023-07-04T00:15:17.533+0000] {dagbag.py:541} INFO - Filling up the DagBag from /home/airflow/.local/lib/python3.7/site-packages/airflow/example_dags/example_latest_only_with_trigger.py
[2023-07-04T00:15:17.544+0000] {processor.py:836} INFO - DAG(s) dict_keys(['latest_only_with_trigger']) retrieved from /home/airflow/.local/lib/python3.7/site-packages/airflow/example_dags/example_latest_only_with_trigger.py
[2023-07-04T00:15:17.584+0000] {logging_mixin.py:149} INFO - [2023-07-04T00:15:17.584+0000] {dag.py:2726} INFO - Sync 1 DAGs
[2023-07-04T00:15:17.633+0000] {logging_mixin.py:149} INFO - [2023-07-04T00:15:17.632+0000] {dag.py:3490} INFO - Setting next_dagrun for latest_only_with_trigger to 2023-07-03T20:15:17.632515+00:00, run_after=2023-07-04T00:15:17.632515+00:00
[2023-07-04T00:15:17.677+0000] {processor.py:179} INFO - Processing /home/airflow/.local/lib/python3.7/site-packages/airflow/example_dags/example_latest_only_with_trigger.py took 0.154 seconds
[2023-07-04T00:15:48.374+0000] {processor.py:157} INFO - Started process (PID=1027) to work on /home/airflow/.local/lib/python3.7/site-packages/airflow/example_dags/example_latest_only_with_trigger.py
[2023-07-04T00:15:48.375+0000] {processor.py:826} INFO - Processing file /home/airflow/.local/lib/python3.7/site-packages/airflow/example_dags/example_latest_only_with_trigger.py for tasks to queue
[2023-07-04T00:15:48.377+0000] {logging_mixin.py:149} INFO - [2023-07-04T00:15:48.377+0000] {dagbag.py:541} INFO - Filling up the DagBag from /home/airflow/.local/lib/python3.7/site-packages/airflow/example_dags/example_latest_only_with_trigger.py
[2023-07-04T00:15:48.390+0000] {processor.py:836} INFO - DAG(s) dict_keys(['latest_only_with_trigger']) retrieved from /home/airflow/.local/lib/python3.7/site-packages/airflow/example_dags/example_latest_only_with_trigger.py
[2023-07-04T00:15:48.446+0000] {logging_mixin.py:149} INFO - [2023-07-04T00:15:48.446+0000] {dag.py:2726} INFO - Sync 1 DAGs
[2023-07-04T00:15:48.505+0000] {logging_mixin.py:149} INFO - [2023-07-04T00:15:48.505+0000] {dag.py:3490} INFO - Setting next_dagrun for latest_only_with_trigger to 2023-07-03T20:15:48.504735+00:00, run_after=2023-07-04T00:15:48.504735+00:00
[2023-07-04T00:15:48.544+0000] {processor.py:179} INFO - Processing /home/airflow/.local/lib/python3.7/site-packages/airflow/example_dags/example_latest_only_with_trigger.py took 0.181 seconds
[2023-07-04T00:16:18.818+0000] {processor.py:157} INFO - Started process (PID=1084) to work on /home/airflow/.local/lib/python3.7/site-packages/airflow/example_dags/example_latest_only_with_trigger.py
[2023-07-04T00:16:18.820+0000] {processor.py:826} INFO - Processing file /home/airflow/.local/lib/python3.7/site-packages/airflow/example_dags/example_latest_only_with_trigger.py for tasks to queue
[2023-07-04T00:16:18.821+0000] {logging_mixin.py:149} INFO - [2023-07-04T00:16:18.820+0000] {dagbag.py:541} INFO - Filling up the DagBag from /home/airflow/.local/lib/python3.7/site-packages/airflow/example_dags/example_latest_only_with_trigger.py
[2023-07-04T00:16:18.835+0000] {processor.py:836} INFO - DAG(s) dict_keys(['latest_only_with_trigger']) retrieved from /home/airflow/.local/lib/python3.7/site-packages/airflow/example_dags/example_latest_only_with_trigger.py
[2023-07-04T00:16:18.889+0000] {logging_mixin.py:149} INFO - [2023-07-04T00:16:18.889+0000] {dag.py:2726} INFO - Sync 1 DAGs
[2023-07-04T00:16:18.949+0000] {logging_mixin.py:149} INFO - [2023-07-04T00:16:18.949+0000] {dag.py:3490} INFO - Setting next_dagrun for latest_only_with_trigger to 2023-07-03T20:16:18.948868+00:00, run_after=2023-07-04T00:16:18.948868+00:00
[2023-07-04T00:16:18.987+0000] {processor.py:179} INFO - Processing /home/airflow/.local/lib/python3.7/site-packages/airflow/example_dags/example_latest_only_with_trigger.py took 0.175 seconds
[2023-07-04T00:16:49.271+0000] {processor.py:157} INFO - Started process (PID=1141) to work on /home/airflow/.local/lib/python3.7/site-packages/airflow/example_dags/example_latest_only_with_trigger.py
[2023-07-04T00:16:49.272+0000] {processor.py:826} INFO - Processing file /home/airflow/.local/lib/python3.7/site-packages/airflow/example_dags/example_latest_only_with_trigger.py for tasks to queue
[2023-07-04T00:16:49.273+0000] {logging_mixin.py:149} INFO - [2023-07-04T00:16:49.273+0000] {dagbag.py:541} INFO - Filling up the DagBag from /home/airflow/.local/lib/python3.7/site-packages/airflow/example_dags/example_latest_only_with_trigger.py
[2023-07-04T00:16:49.282+0000] {processor.py:836} INFO - DAG(s) dict_keys(['latest_only_with_trigger']) retrieved from /home/airflow/.local/lib/python3.7/site-packages/airflow/example_dags/example_latest_only_with_trigger.py
[2023-07-04T00:16:49.317+0000] {logging_mixin.py:149} INFO - [2023-07-04T00:16:49.317+0000] {dag.py:2726} INFO - Sync 1 DAGs
[2023-07-04T00:16:49.354+0000] {logging_mixin.py:149} INFO - [2023-07-04T00:16:49.354+0000] {dag.py:3490} INFO - Setting next_dagrun for latest_only_with_trigger to 2023-07-03T20:16:49.354065+00:00, run_after=2023-07-04T00:16:49.354065+00:00
[2023-07-04T00:16:49.387+0000] {processor.py:179} INFO - Processing /home/airflow/.local/lib/python3.7/site-packages/airflow/example_dags/example_latest_only_with_trigger.py took 0.121 seconds
[2023-07-04T00:17:20.284+0000] {processor.py:157} INFO - Started process (PID=1198) to work on /home/airflow/.local/lib/python3.7/site-packages/airflow/example_dags/example_latest_only_with_trigger.py
[2023-07-04T00:17:20.286+0000] {processor.py:826} INFO - Processing file /home/airflow/.local/lib/python3.7/site-packages/airflow/example_dags/example_latest_only_with_trigger.py for tasks to queue
[2023-07-04T00:17:20.287+0000] {logging_mixin.py:149} INFO - [2023-07-04T00:17:20.287+0000] {dagbag.py:541} INFO - Filling up the DagBag from /home/airflow/.local/lib/python3.7/site-packages/airflow/example_dags/example_latest_only_with_trigger.py
[2023-07-04T00:17:20.301+0000] {processor.py:836} INFO - DAG(s) dict_keys(['latest_only_with_trigger']) retrieved from /home/airflow/.local/lib/python3.7/site-packages/airflow/example_dags/example_latest_only_with_trigger.py
[2023-07-04T00:17:20.350+0000] {logging_mixin.py:149} INFO - [2023-07-04T00:17:20.349+0000] {dag.py:2726} INFO - Sync 1 DAGs
[2023-07-04T00:17:20.397+0000] {logging_mixin.py:149} INFO - [2023-07-04T00:17:20.397+0000] {dag.py:3490} INFO - Setting next_dagrun for latest_only_with_trigger to 2023-07-03T20:17:20.396665+00:00, run_after=2023-07-04T00:17:20.396665+00:00
[2023-07-04T00:17:20.429+0000] {processor.py:179} INFO - Processing /home/airflow/.local/lib/python3.7/site-packages/airflow/example_dags/example_latest_only_with_trigger.py took 0.155 seconds
[2023-07-04T00:17:50.657+0000] {processor.py:157} INFO - Started process (PID=1255) to work on /home/airflow/.local/lib/python3.7/site-packages/airflow/example_dags/example_latest_only_with_trigger.py
[2023-07-04T00:17:50.658+0000] {processor.py:826} INFO - Processing file /home/airflow/.local/lib/python3.7/site-packages/airflow/example_dags/example_latest_only_with_trigger.py for tasks to queue
[2023-07-04T00:17:50.659+0000] {logging_mixin.py:149} INFO - [2023-07-04T00:17:50.658+0000] {dagbag.py:541} INFO - Filling up the DagBag from /home/airflow/.local/lib/python3.7/site-packages/airflow/example_dags/example_latest_only_with_trigger.py
[2023-07-04T00:17:50.672+0000] {processor.py:836} INFO - DAG(s) dict_keys(['latest_only_with_trigger']) retrieved from /home/airflow/.local/lib/python3.7/site-packages/airflow/example_dags/example_latest_only_with_trigger.py
[2023-07-04T00:17:50.720+0000] {logging_mixin.py:149} INFO - [2023-07-04T00:17:50.720+0000] {dag.py:2726} INFO - Sync 1 DAGs
[2023-07-04T00:17:50.768+0000] {logging_mixin.py:149} INFO - [2023-07-04T00:17:50.768+0000] {dag.py:3490} INFO - Setting next_dagrun for latest_only_with_trigger to 2023-07-03T20:17:50.767895+00:00, run_after=2023-07-04T00:17:50.767895+00:00
[2023-07-04T00:17:50.800+0000] {processor.py:179} INFO - Processing /home/airflow/.local/lib/python3.7/site-packages/airflow/example_dags/example_latest_only_with_trigger.py took 0.148 seconds
[2023-07-04T00:18:20.980+0000] {processor.py:157} INFO - Started process (PID=1312) to work on /home/airflow/.local/lib/python3.7/site-packages/airflow/example_dags/example_latest_only_with_trigger.py
[2023-07-04T00:18:20.981+0000] {processor.py:826} INFO - Processing file /home/airflow/.local/lib/python3.7/site-packages/airflow/example_dags/example_latest_only_with_trigger.py for tasks to queue
[2023-07-04T00:18:20.983+0000] {logging_mixin.py:149} INFO - [2023-07-04T00:18:20.982+0000] {dagbag.py:541} INFO - Filling up the DagBag from /home/airflow/.local/lib/python3.7/site-packages/airflow/example_dags/example_latest_only_with_trigger.py
[2023-07-04T00:18:20.994+0000] {processor.py:836} INFO - DAG(s) dict_keys(['latest_only_with_trigger']) retrieved from /home/airflow/.local/lib/python3.7/site-packages/airflow/example_dags/example_latest_only_with_trigger.py
[2023-07-04T00:18:21.040+0000] {logging_mixin.py:149} INFO - [2023-07-04T00:18:21.040+0000] {dag.py:2726} INFO - Sync 1 DAGs
[2023-07-04T00:18:21.084+0000] {logging_mixin.py:149} INFO - [2023-07-04T00:18:21.084+0000] {dag.py:3490} INFO - Setting next_dagrun for latest_only_with_trigger to 2023-07-03T20:18:21.083819+00:00, run_after=2023-07-04T00:18:21.083819+00:00
[2023-07-04T00:18:21.113+0000] {processor.py:179} INFO - Processing /home/airflow/.local/lib/python3.7/site-packages/airflow/example_dags/example_latest_only_with_trigger.py took 0.139 seconds
[2023-07-04T00:18:51.633+0000] {processor.py:157} INFO - Started process (PID=1368) to work on /home/airflow/.local/lib/python3.7/site-packages/airflow/example_dags/example_latest_only_with_trigger.py
[2023-07-04T00:18:51.636+0000] {processor.py:826} INFO - Processing file /home/airflow/.local/lib/python3.7/site-packages/airflow/example_dags/example_latest_only_with_trigger.py for tasks to queue
[2023-07-04T00:18:51.639+0000] {logging_mixin.py:149} INFO - [2023-07-04T00:18:51.638+0000] {dagbag.py:541} INFO - Filling up the DagBag from /home/airflow/.local/lib/python3.7/site-packages/airflow/example_dags/example_latest_only_with_trigger.py
[2023-07-04T00:18:51.659+0000] {processor.py:836} INFO - DAG(s) dict_keys(['latest_only_with_trigger']) retrieved from /home/airflow/.local/lib/python3.7/site-packages/airflow/example_dags/example_latest_only_with_trigger.py
[2023-07-04T00:18:51.719+0000] {logging_mixin.py:149} INFO - [2023-07-04T00:18:51.718+0000] {dag.py:2726} INFO - Sync 1 DAGs
[2023-07-04T00:18:51.778+0000] {logging_mixin.py:149} INFO - [2023-07-04T00:18:51.778+0000] {dag.py:3490} INFO - Setting next_dagrun for latest_only_with_trigger to 2023-07-03T20:18:51.777910+00:00, run_after=2023-07-04T00:18:51.777910+00:00
[2023-07-04T00:18:51.825+0000] {processor.py:179} INFO - Processing /home/airflow/.local/lib/python3.7/site-packages/airflow/example_dags/example_latest_only_with_trigger.py took 0.203 seconds
[2023-07-04T00:19:22.130+0000] {processor.py:157} INFO - Started process (PID=1426) to work on /home/airflow/.local/lib/python3.7/site-packages/airflow/example_dags/example_latest_only_with_trigger.py
[2023-07-04T00:19:22.132+0000] {processor.py:826} INFO - Processing file /home/airflow/.local/lib/python3.7/site-packages/airflow/example_dags/example_latest_only_with_trigger.py for tasks to queue
[2023-07-04T00:19:22.134+0000] {logging_mixin.py:149} INFO - [2023-07-04T00:19:22.133+0000] {dagbag.py:541} INFO - Filling up the DagBag from /home/airflow/.local/lib/python3.7/site-packages/airflow/example_dags/example_latest_only_with_trigger.py
[2023-07-04T00:19:22.144+0000] {processor.py:836} INFO - DAG(s) dict_keys(['latest_only_with_trigger']) retrieved from /home/airflow/.local/lib/python3.7/site-packages/airflow/example_dags/example_latest_only_with_trigger.py
[2023-07-04T00:19:22.189+0000] {logging_mixin.py:149} INFO - [2023-07-04T00:19:22.188+0000] {dag.py:2726} INFO - Sync 1 DAGs
[2023-07-04T00:19:22.235+0000] {logging_mixin.py:149} INFO - [2023-07-04T00:19:22.234+0000] {dag.py:3490} INFO - Setting next_dagrun for latest_only_with_trigger to 2023-07-03T20:19:22.234665+00:00, run_after=2023-07-04T00:19:22.234665+00:00
[2023-07-04T00:19:22.270+0000] {processor.py:179} INFO - Processing /home/airflow/.local/lib/python3.7/site-packages/airflow/example_dags/example_latest_only_with_trigger.py took 0.146 seconds
[2023-07-04T00:19:52.828+0000] {processor.py:157} INFO - Started process (PID=1483) to work on /home/airflow/.local/lib/python3.7/site-packages/airflow/example_dags/example_latest_only_with_trigger.py
[2023-07-04T00:19:52.829+0000] {processor.py:826} INFO - Processing file /home/airflow/.local/lib/python3.7/site-packages/airflow/example_dags/example_latest_only_with_trigger.py for tasks to queue
[2023-07-04T00:19:52.831+0000] {logging_mixin.py:149} INFO - [2023-07-04T00:19:52.830+0000] {dagbag.py:541} INFO - Filling up the DagBag from /home/airflow/.local/lib/python3.7/site-packages/airflow/example_dags/example_latest_only_with_trigger.py
[2023-07-04T00:19:52.841+0000] {processor.py:836} INFO - DAG(s) dict_keys(['latest_only_with_trigger']) retrieved from /home/airflow/.local/lib/python3.7/site-packages/airflow/example_dags/example_latest_only_with_trigger.py
[2023-07-04T00:19:52.887+0000] {logging_mixin.py:149} INFO - [2023-07-04T00:19:52.887+0000] {dag.py:2726} INFO - Sync 1 DAGs
[2023-07-04T00:19:52.941+0000] {logging_mixin.py:149} INFO - [2023-07-04T00:19:52.941+0000] {dag.py:3490} INFO - Setting next_dagrun for latest_only_with_trigger to 2023-07-03T20:19:52.940691+00:00, run_after=2023-07-04T00:19:52.940691+00:00
[2023-07-04T00:19:52.981+0000] {processor.py:179} INFO - Processing /home/airflow/.local/lib/python3.7/site-packages/airflow/example_dags/example_latest_only_with_trigger.py took 0.163 seconds
[2023-07-04T00:20:23.307+0000] {processor.py:157} INFO - Started process (PID=1540) to work on /home/airflow/.local/lib/python3.7/site-packages/airflow/example_dags/example_latest_only_with_trigger.py
[2023-07-04T00:20:23.309+0000] {processor.py:826} INFO - Processing file /home/airflow/.local/lib/python3.7/site-packages/airflow/example_dags/example_latest_only_with_trigger.py for tasks to queue
[2023-07-04T00:20:23.311+0000] {logging_mixin.py:149} INFO - [2023-07-04T00:20:23.311+0000] {dagbag.py:541} INFO - Filling up the DagBag from /home/airflow/.local/lib/python3.7/site-packages/airflow/example_dags/example_latest_only_with_trigger.py
[2023-07-04T00:20:23.328+0000] {processor.py:836} INFO - DAG(s) dict_keys(['latest_only_with_trigger']) retrieved from /home/airflow/.local/lib/python3.7/site-packages/airflow/example_dags/example_latest_only_with_trigger.py
[2023-07-04T00:20:23.392+0000] {logging_mixin.py:149} INFO - [2023-07-04T00:20:23.391+0000] {dag.py:2726} INFO - Sync 1 DAGs
[2023-07-04T00:20:23.453+0000] {logging_mixin.py:149} INFO - [2023-07-04T00:20:23.453+0000] {dag.py:3490} INFO - Setting next_dagrun for latest_only_with_trigger to 2023-07-03T20:20:23.452197+00:00, run_after=2023-07-04T00:20:23.452197+00:00
[2023-07-04T00:20:23.489+0000] {processor.py:179} INFO - Processing /home/airflow/.local/lib/python3.7/site-packages/airflow/example_dags/example_latest_only_with_trigger.py took 0.192 seconds
[2023-07-04T00:20:54.565+0000] {processor.py:157} INFO - Started process (PID=1597) to work on /home/airflow/.local/lib/python3.7/site-packages/airflow/example_dags/example_latest_only_with_trigger.py
[2023-07-04T00:20:54.568+0000] {processor.py:826} INFO - Processing file /home/airflow/.local/lib/python3.7/site-packages/airflow/example_dags/example_latest_only_with_trigger.py for tasks to queue
[2023-07-04T00:20:54.571+0000] {logging_mixin.py:149} INFO - [2023-07-04T00:20:54.570+0000] {dagbag.py:541} INFO - Filling up the DagBag from /home/airflow/.local/lib/python3.7/site-packages/airflow/example_dags/example_latest_only_with_trigger.py
[2023-07-04T00:20:54.598+0000] {processor.py:836} INFO - DAG(s) dict_keys(['latest_only_with_trigger']) retrieved from /home/airflow/.local/lib/python3.7/site-packages/airflow/example_dags/example_latest_only_with_trigger.py
[2023-07-04T00:20:54.685+0000] {logging_mixin.py:149} INFO - [2023-07-04T00:20:54.685+0000] {dag.py:2726} INFO - Sync 1 DAGs
[2023-07-04T00:20:54.802+0000] {logging_mixin.py:149} INFO - [2023-07-04T00:20:54.801+0000] {dag.py:3490} INFO - Setting next_dagrun for latest_only_with_trigger to 2023-07-03T20:20:54.800544+00:00, run_after=2023-07-04T00:20:54.800544+00:00
[2023-07-04T00:20:54.892+0000] {processor.py:179} INFO - Processing /home/airflow/.local/lib/python3.7/site-packages/airflow/example_dags/example_latest_only_with_trigger.py took 0.341 seconds
[2023-07-04T00:21:25.324+0000] {processor.py:157} INFO - Started process (PID=1653) to work on /home/airflow/.local/lib/python3.7/site-packages/airflow/example_dags/example_latest_only_with_trigger.py
[2023-07-04T00:21:25.326+0000] {processor.py:826} INFO - Processing file /home/airflow/.local/lib/python3.7/site-packages/airflow/example_dags/example_latest_only_with_trigger.py for tasks to queue
[2023-07-04T00:21:25.328+0000] {logging_mixin.py:149} INFO - [2023-07-04T00:21:25.327+0000] {dagbag.py:541} INFO - Filling up the DagBag from /home/airflow/.local/lib/python3.7/site-packages/airflow/example_dags/example_latest_only_with_trigger.py
[2023-07-04T00:21:25.341+0000] {processor.py:836} INFO - DAG(s) dict_keys(['latest_only_with_trigger']) retrieved from /home/airflow/.local/lib/python3.7/site-packages/airflow/example_dags/example_latest_only_with_trigger.py
[2023-07-04T00:21:25.396+0000] {logging_mixin.py:149} INFO - [2023-07-04T00:21:25.396+0000] {dag.py:2726} INFO - Sync 1 DAGs
[2023-07-04T00:21:25.457+0000] {logging_mixin.py:149} INFO - [2023-07-04T00:21:25.456+0000] {dag.py:3490} INFO - Setting next_dagrun for latest_only_with_trigger to 2023-07-03T20:21:25.456232+00:00, run_after=2023-07-04T00:21:25.456232+00:00
[2023-07-04T00:21:25.496+0000] {processor.py:179} INFO - Processing /home/airflow/.local/lib/python3.7/site-packages/airflow/example_dags/example_latest_only_with_trigger.py took 0.179 seconds
[2023-07-04T00:21:55.726+0000] {processor.py:157} INFO - Started process (PID=1710) to work on /home/airflow/.local/lib/python3.7/site-packages/airflow/example_dags/example_latest_only_with_trigger.py
[2023-07-04T00:21:55.727+0000] {processor.py:826} INFO - Processing file /home/airflow/.local/lib/python3.7/site-packages/airflow/example_dags/example_latest_only_with_trigger.py for tasks to queue
[2023-07-04T00:21:55.728+0000] {logging_mixin.py:149} INFO - [2023-07-04T00:21:55.728+0000] {dagbag.py:541} INFO - Filling up the DagBag from /home/airflow/.local/lib/python3.7/site-packages/airflow/example_dags/example_latest_only_with_trigger.py
[2023-07-04T00:21:55.739+0000] {processor.py:836} INFO - DAG(s) dict_keys(['latest_only_with_trigger']) retrieved from /home/airflow/.local/lib/python3.7/site-packages/airflow/example_dags/example_latest_only_with_trigger.py
[2023-07-04T00:21:55.782+0000] {logging_mixin.py:149} INFO - [2023-07-04T00:21:55.782+0000] {dag.py:2726} INFO - Sync 1 DAGs
[2023-07-04T00:21:55.824+0000] {logging_mixin.py:149} INFO - [2023-07-04T00:21:55.824+0000] {dag.py:3490} INFO - Setting next_dagrun for latest_only_with_trigger to 2023-07-03T20:21:55.824457+00:00, run_after=2023-07-04T00:21:55.824457+00:00
[2023-07-04T00:21:55.862+0000] {processor.py:179} INFO - Processing /home/airflow/.local/lib/python3.7/site-packages/airflow/example_dags/example_latest_only_with_trigger.py took 0.142 seconds
[2023-07-04T00:22:25.951+0000] {processor.py:157} INFO - Started process (PID=1767) to work on /home/airflow/.local/lib/python3.7/site-packages/airflow/example_dags/example_latest_only_with_trigger.py
[2023-07-04T00:22:25.953+0000] {processor.py:826} INFO - Processing file /home/airflow/.local/lib/python3.7/site-packages/airflow/example_dags/example_latest_only_with_trigger.py for tasks to queue
[2023-07-04T00:22:25.955+0000] {logging_mixin.py:149} INFO - [2023-07-04T00:22:25.955+0000] {dagbag.py:541} INFO - Filling up the DagBag from /home/airflow/.local/lib/python3.7/site-packages/airflow/example_dags/example_latest_only_with_trigger.py
[2023-07-04T00:22:25.973+0000] {processor.py:836} INFO - DAG(s) dict_keys(['latest_only_with_trigger']) retrieved from /home/airflow/.local/lib/python3.7/site-packages/airflow/example_dags/example_latest_only_with_trigger.py
[2023-07-04T00:22:26.039+0000] {logging_mixin.py:149} INFO - [2023-07-04T00:22:26.038+0000] {dag.py:2726} INFO - Sync 1 DAGs
[2023-07-04T00:22:26.116+0000] {logging_mixin.py:149} INFO - [2023-07-04T00:22:26.115+0000] {dag.py:3490} INFO - Setting next_dagrun for latest_only_with_trigger to 2023-07-03T20:22:26.115216+00:00, run_after=2023-07-04T00:22:26.115216+00:00
[2023-07-04T00:22:26.159+0000] {processor.py:179} INFO - Processing /home/airflow/.local/lib/python3.7/site-packages/airflow/example_dags/example_latest_only_with_trigger.py took 0.216 seconds
[2023-07-04T00:22:56.759+0000] {processor.py:157} INFO - Started process (PID=1824) to work on /home/airflow/.local/lib/python3.7/site-packages/airflow/example_dags/example_latest_only_with_trigger.py
[2023-07-04T00:22:56.761+0000] {processor.py:826} INFO - Processing file /home/airflow/.local/lib/python3.7/site-packages/airflow/example_dags/example_latest_only_with_trigger.py for tasks to queue
[2023-07-04T00:22:56.762+0000] {logging_mixin.py:149} INFO - [2023-07-04T00:22:56.762+0000] {dagbag.py:541} INFO - Filling up the DagBag from /home/airflow/.local/lib/python3.7/site-packages/airflow/example_dags/example_latest_only_with_trigger.py
[2023-07-04T00:22:56.777+0000] {processor.py:836} INFO - DAG(s) dict_keys(['latest_only_with_trigger']) retrieved from /home/airflow/.local/lib/python3.7/site-packages/airflow/example_dags/example_latest_only_with_trigger.py
[2023-07-04T00:22:56.829+0000] {logging_mixin.py:149} INFO - [2023-07-04T00:22:56.829+0000] {dag.py:2726} INFO - Sync 1 DAGs
[2023-07-04T00:22:56.888+0000] {logging_mixin.py:149} INFO - [2023-07-04T00:22:56.888+0000] {dag.py:3490} INFO - Setting next_dagrun for latest_only_with_trigger to 2023-07-03T20:22:56.888003+00:00, run_after=2023-07-04T00:22:56.888003+00:00
[2023-07-04T00:22:56.926+0000] {processor.py:179} INFO - Processing /home/airflow/.local/lib/python3.7/site-packages/airflow/example_dags/example_latest_only_with_trigger.py took 0.175 seconds
[2023-07-04T00:23:27.437+0000] {processor.py:157} INFO - Started process (PID=1881) to work on /home/airflow/.local/lib/python3.7/site-packages/airflow/example_dags/example_latest_only_with_trigger.py
[2023-07-04T00:23:27.438+0000] {processor.py:826} INFO - Processing file /home/airflow/.local/lib/python3.7/site-packages/airflow/example_dags/example_latest_only_with_trigger.py for tasks to queue
[2023-07-04T00:23:27.439+0000] {logging_mixin.py:149} INFO - [2023-07-04T00:23:27.439+0000] {dagbag.py:541} INFO - Filling up the DagBag from /home/airflow/.local/lib/python3.7/site-packages/airflow/example_dags/example_latest_only_with_trigger.py
[2023-07-04T00:23:27.449+0000] {processor.py:836} INFO - DAG(s) dict_keys(['latest_only_with_trigger']) retrieved from /home/airflow/.local/lib/python3.7/site-packages/airflow/example_dags/example_latest_only_with_trigger.py
[2023-07-04T00:23:27.490+0000] {logging_mixin.py:149} INFO - [2023-07-04T00:23:27.490+0000] {dag.py:2726} INFO - Sync 1 DAGs
[2023-07-04T00:23:27.540+0000] {logging_mixin.py:149} INFO - [2023-07-04T00:23:27.540+0000] {dag.py:3490} INFO - Setting next_dagrun for latest_only_with_trigger to 2023-07-03T20:23:27.539970+00:00, run_after=2023-07-04T00:23:27.539970+00:00
[2023-07-04T00:23:27.575+0000] {processor.py:179} INFO - Processing /home/airflow/.local/lib/python3.7/site-packages/airflow/example_dags/example_latest_only_with_trigger.py took 0.147 seconds
[2023-07-04T00:23:57.751+0000] {processor.py:157} INFO - Started process (PID=1938) to work on /home/airflow/.local/lib/python3.7/site-packages/airflow/example_dags/example_latest_only_with_trigger.py
[2023-07-04T00:23:57.752+0000] {processor.py:826} INFO - Processing file /home/airflow/.local/lib/python3.7/site-packages/airflow/example_dags/example_latest_only_with_trigger.py for tasks to queue
[2023-07-04T00:23:57.753+0000] {logging_mixin.py:149} INFO - [2023-07-04T00:23:57.753+0000] {dagbag.py:541} INFO - Filling up the DagBag from /home/airflow/.local/lib/python3.7/site-packages/airflow/example_dags/example_latest_only_with_trigger.py
[2023-07-04T00:23:57.765+0000] {processor.py:836} INFO - DAG(s) dict_keys(['latest_only_with_trigger']) retrieved from /home/airflow/.local/lib/python3.7/site-packages/airflow/example_dags/example_latest_only_with_trigger.py
[2023-07-04T00:23:57.836+0000] {logging_mixin.py:149} INFO - [2023-07-04T00:23:57.836+0000] {dag.py:2726} INFO - Sync 1 DAGs
[2023-07-04T00:23:57.934+0000] {logging_mixin.py:149} INFO - [2023-07-04T00:23:57.933+0000] {dag.py:3490} INFO - Setting next_dagrun for latest_only_with_trigger to 2023-07-03T20:23:57.933282+00:00, run_after=2023-07-04T00:23:57.933282+00:00
[2023-07-04T00:23:57.981+0000] {processor.py:179} INFO - Processing /home/airflow/.local/lib/python3.7/site-packages/airflow/example_dags/example_latest_only_with_trigger.py took 0.238 seconds
[2023-07-04T00:24:28.326+0000] {processor.py:157} INFO - Started process (PID=1996) to work on /home/airflow/.local/lib/python3.7/site-packages/airflow/example_dags/example_latest_only_with_trigger.py
[2023-07-04T00:24:28.329+0000] {processor.py:826} INFO - Processing file /home/airflow/.local/lib/python3.7/site-packages/airflow/example_dags/example_latest_only_with_trigger.py for tasks to queue
[2023-07-04T00:24:28.331+0000] {logging_mixin.py:149} INFO - [2023-07-04T00:24:28.331+0000] {dagbag.py:541} INFO - Filling up the DagBag from /home/airflow/.local/lib/python3.7/site-packages/airflow/example_dags/example_latest_only_with_trigger.py
[2023-07-04T00:24:28.347+0000] {processor.py:836} INFO - DAG(s) dict_keys(['latest_only_with_trigger']) retrieved from /home/airflow/.local/lib/python3.7/site-packages/airflow/example_dags/example_latest_only_with_trigger.py
[2023-07-04T00:24:28.404+0000] {logging_mixin.py:149} INFO - [2023-07-04T00:24:28.403+0000] {dag.py:2726} INFO - Sync 1 DAGs
[2023-07-04T00:24:28.460+0000] {logging_mixin.py:149} INFO - [2023-07-04T00:24:28.460+0000] {dag.py:3490} INFO - Setting next_dagrun for latest_only_with_trigger to 2023-07-03T20:24:28.459948+00:00, run_after=2023-07-04T00:24:28.459948+00:00
[2023-07-04T00:24:28.503+0000] {processor.py:179} INFO - Processing /home/airflow/.local/lib/python3.7/site-packages/airflow/example_dags/example_latest_only_with_trigger.py took 0.185 seconds
[2023-07-04T00:24:59.087+0000] {processor.py:157} INFO - Started process (PID=2052) to work on /home/airflow/.local/lib/python3.7/site-packages/airflow/example_dags/example_latest_only_with_trigger.py
[2023-07-04T00:24:59.090+0000] {processor.py:826} INFO - Processing file /home/airflow/.local/lib/python3.7/site-packages/airflow/example_dags/example_latest_only_with_trigger.py for tasks to queue
[2023-07-04T00:24:59.093+0000] {logging_mixin.py:149} INFO - [2023-07-04T00:24:59.092+0000] {dagbag.py:541} INFO - Filling up the DagBag from /home/airflow/.local/lib/python3.7/site-packages/airflow/example_dags/example_latest_only_with_trigger.py
[2023-07-04T00:24:59.107+0000] {processor.py:836} INFO - DAG(s) dict_keys(['latest_only_with_trigger']) retrieved from /home/airflow/.local/lib/python3.7/site-packages/airflow/example_dags/example_latest_only_with_trigger.py
[2023-07-04T00:24:59.165+0000] {logging_mixin.py:149} INFO - [2023-07-04T00:24:59.165+0000] {dag.py:2726} INFO - Sync 1 DAGs
[2023-07-04T00:24:59.217+0000] {logging_mixin.py:149} INFO - [2023-07-04T00:24:59.217+0000] {dag.py:3490} INFO - Setting next_dagrun for latest_only_with_trigger to 2023-07-03T20:24:59.216393+00:00, run_after=2023-07-04T00:24:59.216393+00:00
[2023-07-04T00:24:59.262+0000] {processor.py:179} INFO - Processing /home/airflow/.local/lib/python3.7/site-packages/airflow/example_dags/example_latest_only_with_trigger.py took 0.186 seconds
[2023-07-04T00:25:29.900+0000] {processor.py:157} INFO - Started process (PID=2110) to work on /home/airflow/.local/lib/python3.7/site-packages/airflow/example_dags/example_latest_only_with_trigger.py
[2023-07-04T00:25:29.902+0000] {processor.py:826} INFO - Processing file /home/airflow/.local/lib/python3.7/site-packages/airflow/example_dags/example_latest_only_with_trigger.py for tasks to queue
[2023-07-04T00:25:29.904+0000] {logging_mixin.py:149} INFO - [2023-07-04T00:25:29.903+0000] {dagbag.py:541} INFO - Filling up the DagBag from /home/airflow/.local/lib/python3.7/site-packages/airflow/example_dags/example_latest_only_with_trigger.py
[2023-07-04T00:25:29.914+0000] {processor.py:836} INFO - DAG(s) dict_keys(['latest_only_with_trigger']) retrieved from /home/airflow/.local/lib/python3.7/site-packages/airflow/example_dags/example_latest_only_with_trigger.py
[2023-07-04T00:25:29.956+0000] {logging_mixin.py:149} INFO - [2023-07-04T00:25:29.956+0000] {dag.py:2726} INFO - Sync 1 DAGs
[2023-07-04T00:25:29.999+0000] {logging_mixin.py:149} INFO - [2023-07-04T00:25:29.998+0000] {dag.py:3490} INFO - Setting next_dagrun for latest_only_with_trigger to 2023-07-03T20:25:29.998588+00:00, run_after=2023-07-04T00:25:29.998588+00:00
[2023-07-04T00:25:30.038+0000] {processor.py:179} INFO - Processing /home/airflow/.local/lib/python3.7/site-packages/airflow/example_dags/example_latest_only_with_trigger.py took 0.146 seconds
[2023-07-04T00:26:00.974+0000] {processor.py:157} INFO - Started process (PID=2167) to work on /home/airflow/.local/lib/python3.7/site-packages/airflow/example_dags/example_latest_only_with_trigger.py
[2023-07-04T00:26:00.977+0000] {processor.py:826} INFO - Processing file /home/airflow/.local/lib/python3.7/site-packages/airflow/example_dags/example_latest_only_with_trigger.py for tasks to queue
[2023-07-04T00:26:00.978+0000] {logging_mixin.py:149} INFO - [2023-07-04T00:26:00.978+0000] {dagbag.py:541} INFO - Filling up the DagBag from /home/airflow/.local/lib/python3.7/site-packages/airflow/example_dags/example_latest_only_with_trigger.py
[2023-07-04T00:26:00.993+0000] {processor.py:836} INFO - DAG(s) dict_keys(['latest_only_with_trigger']) retrieved from /home/airflow/.local/lib/python3.7/site-packages/airflow/example_dags/example_latest_only_with_trigger.py
[2023-07-04T00:26:01.068+0000] {logging_mixin.py:149} INFO - [2023-07-04T00:26:01.068+0000] {dag.py:2726} INFO - Sync 1 DAGs
[2023-07-04T00:26:01.146+0000] {logging_mixin.py:149} INFO - [2023-07-04T00:26:01.146+0000] {dag.py:3490} INFO - Setting next_dagrun for latest_only_with_trigger to 2023-07-03T20:26:01.145745+00:00, run_after=2023-07-04T00:26:01.145745+00:00
[2023-07-04T00:26:01.201+0000] {processor.py:179} INFO - Processing /home/airflow/.local/lib/python3.7/site-packages/airflow/example_dags/example_latest_only_with_trigger.py took 0.236 seconds
[2023-07-04T00:26:31.396+0000] {processor.py:157} INFO - Started process (PID=2224) to work on /home/airflow/.local/lib/python3.7/site-packages/airflow/example_dags/example_latest_only_with_trigger.py
[2023-07-04T00:26:31.398+0000] {processor.py:826} INFO - Processing file /home/airflow/.local/lib/python3.7/site-packages/airflow/example_dags/example_latest_only_with_trigger.py for tasks to queue
[2023-07-04T00:26:31.399+0000] {logging_mixin.py:149} INFO - [2023-07-04T00:26:31.399+0000] {dagbag.py:541} INFO - Filling up the DagBag from /home/airflow/.local/lib/python3.7/site-packages/airflow/example_dags/example_latest_only_with_trigger.py
[2023-07-04T00:26:31.412+0000] {processor.py:836} INFO - DAG(s) dict_keys(['latest_only_with_trigger']) retrieved from /home/airflow/.local/lib/python3.7/site-packages/airflow/example_dags/example_latest_only_with_trigger.py
[2023-07-04T00:26:31.460+0000] {logging_mixin.py:149} INFO - [2023-07-04T00:26:31.460+0000] {dag.py:2726} INFO - Sync 1 DAGs
[2023-07-04T00:26:31.509+0000] {logging_mixin.py:149} INFO - [2023-07-04T00:26:31.508+0000] {dag.py:3490} INFO - Setting next_dagrun for latest_only_with_trigger to 2023-07-03T20:26:31.508046+00:00, run_after=2023-07-04T00:26:31.508046+00:00
[2023-07-04T00:26:31.544+0000] {processor.py:179} INFO - Processing /home/airflow/.local/lib/python3.7/site-packages/airflow/example_dags/example_latest_only_with_trigger.py took 0.157 seconds
[2023-07-04T00:27:01.761+0000] {processor.py:157} INFO - Started process (PID=2281) to work on /home/airflow/.local/lib/python3.7/site-packages/airflow/example_dags/example_latest_only_with_trigger.py
[2023-07-04T00:27:01.763+0000] {processor.py:826} INFO - Processing file /home/airflow/.local/lib/python3.7/site-packages/airflow/example_dags/example_latest_only_with_trigger.py for tasks to queue
[2023-07-04T00:27:01.765+0000] {logging_mixin.py:149} INFO - [2023-07-04T00:27:01.764+0000] {dagbag.py:541} INFO - Filling up the DagBag from /home/airflow/.local/lib/python3.7/site-packages/airflow/example_dags/example_latest_only_with_trigger.py
[2023-07-04T00:27:01.774+0000] {processor.py:836} INFO - DAG(s) dict_keys(['latest_only_with_trigger']) retrieved from /home/airflow/.local/lib/python3.7/site-packages/airflow/example_dags/example_latest_only_with_trigger.py
[2023-07-04T00:27:01.813+0000] {logging_mixin.py:149} INFO - [2023-07-04T00:27:01.813+0000] {dag.py:2726} INFO - Sync 1 DAGs
[2023-07-04T00:27:01.855+0000] {logging_mixin.py:149} INFO - [2023-07-04T00:27:01.855+0000] {dag.py:3490} INFO - Setting next_dagrun for latest_only_with_trigger to 2023-07-03T20:27:01.854817+00:00, run_after=2023-07-04T00:27:01.854817+00:00
[2023-07-04T00:27:01.887+0000] {processor.py:179} INFO - Processing /home/airflow/.local/lib/python3.7/site-packages/airflow/example_dags/example_latest_only_with_trigger.py took 0.132 seconds
[2023-07-04T00:27:32.146+0000] {processor.py:157} INFO - Started process (PID=2338) to work on /home/airflow/.local/lib/python3.7/site-packages/airflow/example_dags/example_latest_only_with_trigger.py
[2023-07-04T00:27:32.147+0000] {processor.py:826} INFO - Processing file /home/airflow/.local/lib/python3.7/site-packages/airflow/example_dags/example_latest_only_with_trigger.py for tasks to queue
[2023-07-04T00:27:32.149+0000] {logging_mixin.py:149} INFO - [2023-07-04T00:27:32.148+0000] {dagbag.py:541} INFO - Filling up the DagBag from /home/airflow/.local/lib/python3.7/site-packages/airflow/example_dags/example_latest_only_with_trigger.py
[2023-07-04T00:27:32.163+0000] {processor.py:836} INFO - DAG(s) dict_keys(['latest_only_with_trigger']) retrieved from /home/airflow/.local/lib/python3.7/site-packages/airflow/example_dags/example_latest_only_with_trigger.py
[2023-07-04T00:27:32.211+0000] {logging_mixin.py:149} INFO - [2023-07-04T00:27:32.211+0000] {dag.py:2726} INFO - Sync 1 DAGs
[2023-07-04T00:27:32.265+0000] {logging_mixin.py:149} INFO - [2023-07-04T00:27:32.265+0000] {dag.py:3490} INFO - Setting next_dagrun for latest_only_with_trigger to 2023-07-03T20:27:32.264968+00:00, run_after=2023-07-04T00:27:32.264968+00:00
[2023-07-04T00:27:32.308+0000] {processor.py:179} INFO - Processing /home/airflow/.local/lib/python3.7/site-packages/airflow/example_dags/example_latest_only_with_trigger.py took 0.169 seconds
[2023-07-04T00:28:02.992+0000] {processor.py:157} INFO - Started process (PID=2395) to work on /home/airflow/.local/lib/python3.7/site-packages/airflow/example_dags/example_latest_only_with_trigger.py
[2023-07-04T00:28:02.995+0000] {processor.py:826} INFO - Processing file /home/airflow/.local/lib/python3.7/site-packages/airflow/example_dags/example_latest_only_with_trigger.py for tasks to queue
[2023-07-04T00:28:02.997+0000] {logging_mixin.py:149} INFO - [2023-07-04T00:28:02.997+0000] {dagbag.py:541} INFO - Filling up the DagBag from /home/airflow/.local/lib/python3.7/site-packages/airflow/example_dags/example_latest_only_with_trigger.py
[2023-07-04T00:28:03.026+0000] {processor.py:836} INFO - DAG(s) dict_keys(['latest_only_with_trigger']) retrieved from /home/airflow/.local/lib/python3.7/site-packages/airflow/example_dags/example_latest_only_with_trigger.py
[2023-07-04T00:28:03.084+0000] {logging_mixin.py:149} INFO - [2023-07-04T00:28:03.083+0000] {dag.py:2726} INFO - Sync 1 DAGs
[2023-07-04T00:28:03.166+0000] {logging_mixin.py:149} INFO - [2023-07-04T00:28:03.165+0000] {dag.py:3490} INFO - Setting next_dagrun for latest_only_with_trigger to 2023-07-03T20:28:03.165213+00:00, run_after=2023-07-04T00:28:03.165213+00:00
[2023-07-04T00:28:03.216+0000] {processor.py:179} INFO - Processing /home/airflow/.local/lib/python3.7/site-packages/airflow/example_dags/example_latest_only_with_trigger.py took 0.234 seconds
[2023-07-04T00:28:33.628+0000] {processor.py:157} INFO - Started process (PID=2447) to work on /home/airflow/.local/lib/python3.7/site-packages/airflow/example_dags/example_latest_only_with_trigger.py
[2023-07-04T00:28:33.629+0000] {processor.py:826} INFO - Processing file /home/airflow/.local/lib/python3.7/site-packages/airflow/example_dags/example_latest_only_with_trigger.py for tasks to queue
[2023-07-04T00:28:33.630+0000] {logging_mixin.py:149} INFO - [2023-07-04T00:28:33.630+0000] {dagbag.py:541} INFO - Filling up the DagBag from /home/airflow/.local/lib/python3.7/site-packages/airflow/example_dags/example_latest_only_with_trigger.py
[2023-07-04T00:28:33.641+0000] {processor.py:836} INFO - DAG(s) dict_keys(['latest_only_with_trigger']) retrieved from /home/airflow/.local/lib/python3.7/site-packages/airflow/example_dags/example_latest_only_with_trigger.py
[2023-07-04T00:28:33.685+0000] {logging_mixin.py:149} INFO - [2023-07-04T00:28:33.684+0000] {dag.py:2726} INFO - Sync 1 DAGs
[2023-07-04T00:28:33.735+0000] {logging_mixin.py:149} INFO - [2023-07-04T00:28:33.734+0000] {dag.py:3490} INFO - Setting next_dagrun for latest_only_with_trigger to 2023-07-03T20:28:33.734051+00:00, run_after=2023-07-04T00:28:33.734051+00:00
[2023-07-04T00:28:33.781+0000] {processor.py:179} INFO - Processing /home/airflow/.local/lib/python3.7/site-packages/airflow/example_dags/example_latest_only_with_trigger.py took 0.160 seconds
[2023-07-04T00:29:04.330+0000] {processor.py:157} INFO - Started process (PID=2504) to work on /home/airflow/.local/lib/python3.7/site-packages/airflow/example_dags/example_latest_only_with_trigger.py
[2023-07-04T00:29:04.331+0000] {processor.py:826} INFO - Processing file /home/airflow/.local/lib/python3.7/site-packages/airflow/example_dags/example_latest_only_with_trigger.py for tasks to queue
[2023-07-04T00:29:04.332+0000] {logging_mixin.py:149} INFO - [2023-07-04T00:29:04.332+0000] {dagbag.py:541} INFO - Filling up the DagBag from /home/airflow/.local/lib/python3.7/site-packages/airflow/example_dags/example_latest_only_with_trigger.py
[2023-07-04T00:29:04.340+0000] {processor.py:836} INFO - DAG(s) dict_keys(['latest_only_with_trigger']) retrieved from /home/airflow/.local/lib/python3.7/site-packages/airflow/example_dags/example_latest_only_with_trigger.py
[2023-07-04T00:29:04.372+0000] {logging_mixin.py:149} INFO - [2023-07-04T00:29:04.372+0000] {dag.py:2726} INFO - Sync 1 DAGs
[2023-07-04T00:29:04.413+0000] {logging_mixin.py:149} INFO - [2023-07-04T00:29:04.413+0000] {dag.py:3490} INFO - Setting next_dagrun for latest_only_with_trigger to 2023-07-03T20:29:04.412563+00:00, run_after=2023-07-04T00:29:04.412563+00:00
[2023-07-04T00:29:04.447+0000] {processor.py:179} INFO - Processing /home/airflow/.local/lib/python3.7/site-packages/airflow/example_dags/example_latest_only_with_trigger.py took 0.121 seconds
[2023-07-04T00:29:34.620+0000] {processor.py:157} INFO - Started process (PID=2561) to work on /home/airflow/.local/lib/python3.7/site-packages/airflow/example_dags/example_latest_only_with_trigger.py
[2023-07-04T00:29:34.622+0000] {processor.py:826} INFO - Processing file /home/airflow/.local/lib/python3.7/site-packages/airflow/example_dags/example_latest_only_with_trigger.py for tasks to queue
[2023-07-04T00:29:34.624+0000] {logging_mixin.py:149} INFO - [2023-07-04T00:29:34.623+0000] {dagbag.py:541} INFO - Filling up the DagBag from /home/airflow/.local/lib/python3.7/site-packages/airflow/example_dags/example_latest_only_with_trigger.py
[2023-07-04T00:29:34.636+0000] {processor.py:836} INFO - DAG(s) dict_keys(['latest_only_with_trigger']) retrieved from /home/airflow/.local/lib/python3.7/site-packages/airflow/example_dags/example_latest_only_with_trigger.py
[2023-07-04T00:29:34.677+0000] {logging_mixin.py:149} INFO - [2023-07-04T00:29:34.677+0000] {dag.py:2726} INFO - Sync 1 DAGs
[2023-07-04T00:29:34.720+0000] {logging_mixin.py:149} INFO - [2023-07-04T00:29:34.720+0000] {dag.py:3490} INFO - Setting next_dagrun for latest_only_with_trigger to 2023-07-03T20:29:34.719638+00:00, run_after=2023-07-04T00:29:34.719638+00:00
[2023-07-04T00:29:34.754+0000] {processor.py:179} INFO - Processing /home/airflow/.local/lib/python3.7/site-packages/airflow/example_dags/example_latest_only_with_trigger.py took 0.143 seconds
[2023-07-04T00:30:05.348+0000] {processor.py:157} INFO - Started process (PID=2618) to work on /home/airflow/.local/lib/python3.7/site-packages/airflow/example_dags/example_latest_only_with_trigger.py
[2023-07-04T00:30:05.350+0000] {processor.py:826} INFO - Processing file /home/airflow/.local/lib/python3.7/site-packages/airflow/example_dags/example_latest_only_with_trigger.py for tasks to queue
[2023-07-04T00:30:05.351+0000] {logging_mixin.py:149} INFO - [2023-07-04T00:30:05.351+0000] {dagbag.py:541} INFO - Filling up the DagBag from /home/airflow/.local/lib/python3.7/site-packages/airflow/example_dags/example_latest_only_with_trigger.py
[2023-07-04T00:30:05.364+0000] {processor.py:836} INFO - DAG(s) dict_keys(['latest_only_with_trigger']) retrieved from /home/airflow/.local/lib/python3.7/site-packages/airflow/example_dags/example_latest_only_with_trigger.py
[2023-07-04T00:30:05.394+0000] {logging_mixin.py:149} INFO - [2023-07-04T00:30:05.394+0000] {dag.py:2726} INFO - Sync 1 DAGs
[2023-07-04T00:30:05.429+0000] {logging_mixin.py:149} INFO - [2023-07-04T00:30:05.428+0000] {dag.py:3490} INFO - Setting next_dagrun for latest_only_with_trigger to 2023-07-03T20:30:05.428591+00:00, run_after=2023-07-04T00:30:05.428591+00:00
[2023-07-04T00:30:05.455+0000] {processor.py:179} INFO - Processing /home/airflow/.local/lib/python3.7/site-packages/airflow/example_dags/example_latest_only_with_trigger.py took 0.115 seconds
[2023-07-04T00:30:35.647+0000] {processor.py:157} INFO - Started process (PID=2675) to work on /home/airflow/.local/lib/python3.7/site-packages/airflow/example_dags/example_latest_only_with_trigger.py
[2023-07-04T00:30:35.648+0000] {processor.py:826} INFO - Processing file /home/airflow/.local/lib/python3.7/site-packages/airflow/example_dags/example_latest_only_with_trigger.py for tasks to queue
[2023-07-04T00:30:35.649+0000] {logging_mixin.py:149} INFO - [2023-07-04T00:30:35.649+0000] {dagbag.py:541} INFO - Filling up the DagBag from /home/airflow/.local/lib/python3.7/site-packages/airflow/example_dags/example_latest_only_with_trigger.py
[2023-07-04T00:30:35.663+0000] {processor.py:836} INFO - DAG(s) dict_keys(['latest_only_with_trigger']) retrieved from /home/airflow/.local/lib/python3.7/site-packages/airflow/example_dags/example_latest_only_with_trigger.py
[2023-07-04T00:30:35.707+0000] {logging_mixin.py:149} INFO - [2023-07-04T00:30:35.707+0000] {dag.py:2726} INFO - Sync 1 DAGs
[2023-07-04T00:30:35.750+0000] {logging_mixin.py:149} INFO - [2023-07-04T00:30:35.749+0000] {dag.py:3490} INFO - Setting next_dagrun for latest_only_with_trigger to 2023-07-03T20:30:35.749394+00:00, run_after=2023-07-04T00:30:35.749394+00:00
[2023-07-04T00:30:35.778+0000] {processor.py:179} INFO - Processing /home/airflow/.local/lib/python3.7/site-packages/airflow/example_dags/example_latest_only_with_trigger.py took 0.137 seconds
[2023-07-04T00:31:06.126+0000] {processor.py:157} INFO - Started process (PID=2731) to work on /home/airflow/.local/lib/python3.7/site-packages/airflow/example_dags/example_latest_only_with_trigger.py
[2023-07-04T00:31:06.128+0000] {processor.py:826} INFO - Processing file /home/airflow/.local/lib/python3.7/site-packages/airflow/example_dags/example_latest_only_with_trigger.py for tasks to queue
[2023-07-04T00:31:06.129+0000] {logging_mixin.py:149} INFO - [2023-07-04T00:31:06.129+0000] {dagbag.py:541} INFO - Filling up the DagBag from /home/airflow/.local/lib/python3.7/site-packages/airflow/example_dags/example_latest_only_with_trigger.py
[2023-07-04T00:31:06.145+0000] {processor.py:836} INFO - DAG(s) dict_keys(['latest_only_with_trigger']) retrieved from /home/airflow/.local/lib/python3.7/site-packages/airflow/example_dags/example_latest_only_with_trigger.py
[2023-07-04T00:31:06.198+0000] {logging_mixin.py:149} INFO - [2023-07-04T00:31:06.197+0000] {dag.py:2726} INFO - Sync 1 DAGs
[2023-07-04T00:31:06.265+0000] {logging_mixin.py:149} INFO - [2023-07-04T00:31:06.265+0000] {dag.py:3490} INFO - Setting next_dagrun for latest_only_with_trigger to 2023-07-03T20:31:06.264230+00:00, run_after=2023-07-04T00:31:06.264230+00:00
[2023-07-04T00:31:06.331+0000] {processor.py:179} INFO - Processing /home/airflow/.local/lib/python3.7/site-packages/airflow/example_dags/example_latest_only_with_trigger.py took 0.214 seconds
[2023-07-04T00:31:36.559+0000] {processor.py:157} INFO - Started process (PID=2788) to work on /home/airflow/.local/lib/python3.7/site-packages/airflow/example_dags/example_latest_only_with_trigger.py
[2023-07-04T00:31:36.563+0000] {processor.py:826} INFO - Processing file /home/airflow/.local/lib/python3.7/site-packages/airflow/example_dags/example_latest_only_with_trigger.py for tasks to queue
[2023-07-04T00:31:36.566+0000] {logging_mixin.py:149} INFO - [2023-07-04T00:31:36.566+0000] {dagbag.py:541} INFO - Filling up the DagBag from /home/airflow/.local/lib/python3.7/site-packages/airflow/example_dags/example_latest_only_with_trigger.py
[2023-07-04T00:31:36.585+0000] {processor.py:836} INFO - DAG(s) dict_keys(['latest_only_with_trigger']) retrieved from /home/airflow/.local/lib/python3.7/site-packages/airflow/example_dags/example_latest_only_with_trigger.py
[2023-07-04T00:31:36.652+0000] {logging_mixin.py:149} INFO - [2023-07-04T00:31:36.652+0000] {dag.py:2726} INFO - Sync 1 DAGs
[2023-07-04T00:31:36.747+0000] {logging_mixin.py:149} INFO - [2023-07-04T00:31:36.746+0000] {dag.py:3490} INFO - Setting next_dagrun for latest_only_with_trigger to 2023-07-03T20:31:36.746163+00:00, run_after=2023-07-04T00:31:36.746163+00:00
[2023-07-04T00:31:36.797+0000] {processor.py:179} INFO - Processing /home/airflow/.local/lib/python3.7/site-packages/airflow/example_dags/example_latest_only_with_trigger.py took 0.249 seconds
[2023-07-04T00:32:07.596+0000] {processor.py:157} INFO - Started process (PID=2845) to work on /home/airflow/.local/lib/python3.7/site-packages/airflow/example_dags/example_latest_only_with_trigger.py
[2023-07-04T00:32:07.597+0000] {processor.py:826} INFO - Processing file /home/airflow/.local/lib/python3.7/site-packages/airflow/example_dags/example_latest_only_with_trigger.py for tasks to queue
[2023-07-04T00:32:07.599+0000] {logging_mixin.py:149} INFO - [2023-07-04T00:32:07.598+0000] {dagbag.py:541} INFO - Filling up the DagBag from /home/airflow/.local/lib/python3.7/site-packages/airflow/example_dags/example_latest_only_with_trigger.py
[2023-07-04T00:32:07.607+0000] {processor.py:836} INFO - DAG(s) dict_keys(['latest_only_with_trigger']) retrieved from /home/airflow/.local/lib/python3.7/site-packages/airflow/example_dags/example_latest_only_with_trigger.py
[2023-07-04T00:32:07.637+0000] {logging_mixin.py:149} INFO - [2023-07-04T00:32:07.636+0000] {dag.py:2726} INFO - Sync 1 DAGs
[2023-07-04T00:32:07.670+0000] {logging_mixin.py:149} INFO - [2023-07-04T00:32:07.670+0000] {dag.py:3490} INFO - Setting next_dagrun for latest_only_with_trigger to 2023-07-03T20:32:07.670313+00:00, run_after=2023-07-04T00:32:07.670313+00:00
[2023-07-04T00:32:07.695+0000] {processor.py:179} INFO - Processing /home/airflow/.local/lib/python3.7/site-packages/airflow/example_dags/example_latest_only_with_trigger.py took 0.105 seconds
[2023-07-04T00:32:38.115+0000] {processor.py:157} INFO - Started process (PID=2902) to work on /home/airflow/.local/lib/python3.7/site-packages/airflow/example_dags/example_latest_only_with_trigger.py
[2023-07-04T00:32:38.117+0000] {processor.py:826} INFO - Processing file /home/airflow/.local/lib/python3.7/site-packages/airflow/example_dags/example_latest_only_with_trigger.py for tasks to queue
[2023-07-04T00:32:38.118+0000] {logging_mixin.py:149} INFO - [2023-07-04T00:32:38.118+0000] {dagbag.py:541} INFO - Filling up the DagBag from /home/airflow/.local/lib/python3.7/site-packages/airflow/example_dags/example_latest_only_with_trigger.py
[2023-07-04T00:32:38.129+0000] {processor.py:836} INFO - DAG(s) dict_keys(['latest_only_with_trigger']) retrieved from /home/airflow/.local/lib/python3.7/site-packages/airflow/example_dags/example_latest_only_with_trigger.py
[2023-07-04T00:32:38.175+0000] {logging_mixin.py:149} INFO - [2023-07-04T00:32:38.174+0000] {dag.py:2726} INFO - Sync 1 DAGs
[2023-07-04T00:32:38.221+0000] {logging_mixin.py:149} INFO - [2023-07-04T00:32:38.221+0000] {dag.py:3490} INFO - Setting next_dagrun for latest_only_with_trigger to 2023-07-03T20:32:38.220586+00:00, run_after=2023-07-04T00:32:38.220586+00:00
[2023-07-04T00:32:38.253+0000] {processor.py:179} INFO - Processing /home/airflow/.local/lib/python3.7/site-packages/airflow/example_dags/example_latest_only_with_trigger.py took 0.144 seconds
[2023-07-04T00:33:08.717+0000] {processor.py:157} INFO - Started process (PID=2960) to work on /home/airflow/.local/lib/python3.7/site-packages/airflow/example_dags/example_latest_only_with_trigger.py
[2023-07-04T00:33:08.719+0000] {processor.py:826} INFO - Processing file /home/airflow/.local/lib/python3.7/site-packages/airflow/example_dags/example_latest_only_with_trigger.py for tasks to queue
[2023-07-04T00:33:08.720+0000] {logging_mixin.py:149} INFO - [2023-07-04T00:33:08.720+0000] {dagbag.py:541} INFO - Filling up the DagBag from /home/airflow/.local/lib/python3.7/site-packages/airflow/example_dags/example_latest_only_with_trigger.py
[2023-07-04T00:33:08.733+0000] {processor.py:836} INFO - DAG(s) dict_keys(['latest_only_with_trigger']) retrieved from /home/airflow/.local/lib/python3.7/site-packages/airflow/example_dags/example_latest_only_with_trigger.py
[2023-07-04T00:33:08.794+0000] {logging_mixin.py:149} INFO - [2023-07-04T00:33:08.794+0000] {dag.py:2726} INFO - Sync 1 DAGs
[2023-07-04T00:33:08.855+0000] {logging_mixin.py:149} INFO - [2023-07-04T00:33:08.854+0000] {dag.py:3490} INFO - Setting next_dagrun for latest_only_with_trigger to 2023-07-03T20:33:08.854402+00:00, run_after=2023-07-04T00:33:08.854402+00:00
[2023-07-04T00:33:08.889+0000] {processor.py:179} INFO - Processing /home/airflow/.local/lib/python3.7/site-packages/airflow/example_dags/example_latest_only_with_trigger.py took 0.182 seconds
[2023-07-04T00:33:39.205+0000] {processor.py:157} INFO - Started process (PID=3017) to work on /home/airflow/.local/lib/python3.7/site-packages/airflow/example_dags/example_latest_only_with_trigger.py
[2023-07-04T00:33:39.206+0000] {processor.py:826} INFO - Processing file /home/airflow/.local/lib/python3.7/site-packages/airflow/example_dags/example_latest_only_with_trigger.py for tasks to queue
[2023-07-04T00:33:39.207+0000] {logging_mixin.py:149} INFO - [2023-07-04T00:33:39.207+0000] {dagbag.py:541} INFO - Filling up the DagBag from /home/airflow/.local/lib/python3.7/site-packages/airflow/example_dags/example_latest_only_with_trigger.py
[2023-07-04T00:33:39.215+0000] {processor.py:836} INFO - DAG(s) dict_keys(['latest_only_with_trigger']) retrieved from /home/airflow/.local/lib/python3.7/site-packages/airflow/example_dags/example_latest_only_with_trigger.py
[2023-07-04T00:33:39.249+0000] {logging_mixin.py:149} INFO - [2023-07-04T00:33:39.249+0000] {dag.py:2726} INFO - Sync 1 DAGs
[2023-07-04T00:33:39.281+0000] {logging_mixin.py:149} INFO - [2023-07-04T00:33:39.281+0000] {dag.py:3490} INFO - Setting next_dagrun for latest_only_with_trigger to 2023-07-03T20:33:39.281378+00:00, run_after=2023-07-04T00:33:39.281378+00:00
[2023-07-04T00:33:39.305+0000] {processor.py:179} INFO - Processing /home/airflow/.local/lib/python3.7/site-packages/airflow/example_dags/example_latest_only_with_trigger.py took 0.105 seconds
[2023-07-04T00:34:10.109+0000] {processor.py:157} INFO - Started process (PID=3074) to work on /home/airflow/.local/lib/python3.7/site-packages/airflow/example_dags/example_latest_only_with_trigger.py
[2023-07-04T00:34:10.110+0000] {processor.py:826} INFO - Processing file /home/airflow/.local/lib/python3.7/site-packages/airflow/example_dags/example_latest_only_with_trigger.py for tasks to queue
[2023-07-04T00:34:10.111+0000] {logging_mixin.py:149} INFO - [2023-07-04T00:34:10.111+0000] {dagbag.py:541} INFO - Filling up the DagBag from /home/airflow/.local/lib/python3.7/site-packages/airflow/example_dags/example_latest_only_with_trigger.py
[2023-07-04T00:34:10.121+0000] {processor.py:836} INFO - DAG(s) dict_keys(['latest_only_with_trigger']) retrieved from /home/airflow/.local/lib/python3.7/site-packages/airflow/example_dags/example_latest_only_with_trigger.py
[2023-07-04T00:34:10.161+0000] {logging_mixin.py:149} INFO - [2023-07-04T00:34:10.161+0000] {dag.py:2726} INFO - Sync 1 DAGs
[2023-07-04T00:34:10.207+0000] {logging_mixin.py:149} INFO - [2023-07-04T00:34:10.207+0000] {dag.py:3490} INFO - Setting next_dagrun for latest_only_with_trigger to 2023-07-03T20:34:10.207283+00:00, run_after=2023-07-04T00:34:10.207283+00:00
[2023-07-04T00:34:10.245+0000] {processor.py:179} INFO - Processing /home/airflow/.local/lib/python3.7/site-packages/airflow/example_dags/example_latest_only_with_trigger.py took 0.143 seconds
[2023-07-04T00:34:40.959+0000] {processor.py:157} INFO - Started process (PID=3131) to work on /home/airflow/.local/lib/python3.7/site-packages/airflow/example_dags/example_latest_only_with_trigger.py
[2023-07-04T00:34:40.961+0000] {processor.py:826} INFO - Processing file /home/airflow/.local/lib/python3.7/site-packages/airflow/example_dags/example_latest_only_with_trigger.py for tasks to queue
[2023-07-04T00:34:40.963+0000] {logging_mixin.py:149} INFO - [2023-07-04T00:34:40.962+0000] {dagbag.py:541} INFO - Filling up the DagBag from /home/airflow/.local/lib/python3.7/site-packages/airflow/example_dags/example_latest_only_with_trigger.py
[2023-07-04T00:34:40.982+0000] {processor.py:836} INFO - DAG(s) dict_keys(['latest_only_with_trigger']) retrieved from /home/airflow/.local/lib/python3.7/site-packages/airflow/example_dags/example_latest_only_with_trigger.py
[2023-07-04T00:34:41.070+0000] {logging_mixin.py:149} INFO - [2023-07-04T00:34:41.070+0000] {dag.py:2726} INFO - Sync 1 DAGs
[2023-07-04T00:34:41.180+0000] {logging_mixin.py:149} INFO - [2023-07-04T00:34:41.180+0000] {dag.py:3490} INFO - Setting next_dagrun for latest_only_with_trigger to 2023-07-03T20:34:41.179581+00:00, run_after=2023-07-04T00:34:41.179581+00:00
[2023-07-04T00:34:41.221+0000] {processor.py:179} INFO - Processing /home/airflow/.local/lib/python3.7/site-packages/airflow/example_dags/example_latest_only_with_trigger.py took 0.274 seconds
[2023-07-04T00:35:11.762+0000] {processor.py:157} INFO - Started process (PID=3188) to work on /home/airflow/.local/lib/python3.7/site-packages/airflow/example_dags/example_latest_only_with_trigger.py
[2023-07-04T00:35:11.764+0000] {processor.py:826} INFO - Processing file /home/airflow/.local/lib/python3.7/site-packages/airflow/example_dags/example_latest_only_with_trigger.py for tasks to queue
[2023-07-04T00:35:11.766+0000] {logging_mixin.py:149} INFO - [2023-07-04T00:35:11.765+0000] {dagbag.py:541} INFO - Filling up the DagBag from /home/airflow/.local/lib/python3.7/site-packages/airflow/example_dags/example_latest_only_with_trigger.py
[2023-07-04T00:35:11.787+0000] {processor.py:836} INFO - DAG(s) dict_keys(['latest_only_with_trigger']) retrieved from /home/airflow/.local/lib/python3.7/site-packages/airflow/example_dags/example_latest_only_with_trigger.py
[2023-07-04T00:35:11.845+0000] {logging_mixin.py:149} INFO - [2023-07-04T00:35:11.845+0000] {dag.py:2726} INFO - Sync 1 DAGs
[2023-07-04T00:35:11.908+0000] {logging_mixin.py:149} INFO - [2023-07-04T00:35:11.908+0000] {dag.py:3490} INFO - Setting next_dagrun for latest_only_with_trigger to 2023-07-03T20:35:11.908006+00:00, run_after=2023-07-04T00:35:11.908006+00:00
[2023-07-04T00:35:11.951+0000] {processor.py:179} INFO - Processing /home/airflow/.local/lib/python3.7/site-packages/airflow/example_dags/example_latest_only_with_trigger.py took 0.195 seconds
