[2023-07-04T00:07:01.676+0000] {processor.py:157} INFO - Started process (PID=40) to work on /home/airflow/.local/lib/python3.7/site-packages/airflow/example_dags/example_short_circuit_decorator.py
[2023-07-04T00:07:01.678+0000] {processor.py:826} INFO - Processing file /home/airflow/.local/lib/python3.7/site-packages/airflow/example_dags/example_short_circuit_decorator.py for tasks to queue
[2023-07-04T00:07:01.680+0000] {logging_mixin.py:149} INFO - [2023-07-04T00:07:01.680+0000] {dagbag.py:541} INFO - Filling up the DagBag from /home/airflow/.local/lib/python3.7/site-packages/airflow/example_dags/example_short_circuit_decorator.py
[2023-07-04T00:07:01.717+0000] {processor.py:836} INFO - DAG(s) dict_keys(['example_short_circuit_decorator']) retrieved from /home/airflow/.local/lib/python3.7/site-packages/airflow/example_dags/example_short_circuit_decorator.py
[2023-07-04T00:07:01.794+0000] {logging_mixin.py:149} INFO - [2023-07-04T00:07:01.794+0000] {dag.py:2726} INFO - Sync 1 DAGs
[2023-07-04T00:07:01.854+0000] {logging_mixin.py:149} INFO - [2023-07-04T00:07:01.854+0000] {dag.py:3490} INFO - Setting next_dagrun for example_short_circuit_decorator to 2023-07-03T00:07:01.854063+00:00, run_after=2023-07-04T00:07:01.854063+00:00
[2023-07-04T00:07:01.901+0000] {processor.py:179} INFO - Processing /home/airflow/.local/lib/python3.7/site-packages/airflow/example_dags/example_short_circuit_decorator.py took 0.233 seconds
[2023-07-04T00:07:32.742+0000] {processor.py:157} INFO - Started process (PID=96) to work on /home/airflow/.local/lib/python3.7/site-packages/airflow/example_dags/example_short_circuit_decorator.py
[2023-07-04T00:07:32.743+0000] {processor.py:826} INFO - Processing file /home/airflow/.local/lib/python3.7/site-packages/airflow/example_dags/example_short_circuit_decorator.py for tasks to queue
[2023-07-04T00:07:32.745+0000] {logging_mixin.py:149} INFO - [2023-07-04T00:07:32.744+0000] {dagbag.py:541} INFO - Filling up the DagBag from /home/airflow/.local/lib/python3.7/site-packages/airflow/example_dags/example_short_circuit_decorator.py
[2023-07-04T00:07:32.761+0000] {processor.py:836} INFO - DAG(s) dict_keys(['example_short_circuit_decorator']) retrieved from /home/airflow/.local/lib/python3.7/site-packages/airflow/example_dags/example_short_circuit_decorator.py
[2023-07-04T00:07:32.811+0000] {logging_mixin.py:149} INFO - [2023-07-04T00:07:32.810+0000] {dag.py:2726} INFO - Sync 1 DAGs
[2023-07-04T00:07:32.861+0000] {logging_mixin.py:149} INFO - [2023-07-04T00:07:32.861+0000] {dag.py:3490} INFO - Setting next_dagrun for example_short_circuit_decorator to 2023-07-03T00:07:32.860956+00:00, run_after=2023-07-04T00:07:32.860956+00:00
[2023-07-04T00:07:32.894+0000] {processor.py:179} INFO - Processing /home/airflow/.local/lib/python3.7/site-packages/airflow/example_dags/example_short_circuit_decorator.py took 0.158 seconds
[2023-07-04T00:08:03.660+0000] {processor.py:157} INFO - Started process (PID=153) to work on /home/airflow/.local/lib/python3.7/site-packages/airflow/example_dags/example_short_circuit_decorator.py
[2023-07-04T00:08:03.661+0000] {processor.py:826} INFO - Processing file /home/airflow/.local/lib/python3.7/site-packages/airflow/example_dags/example_short_circuit_decorator.py for tasks to queue
[2023-07-04T00:08:03.662+0000] {logging_mixin.py:149} INFO - [2023-07-04T00:08:03.662+0000] {dagbag.py:541} INFO - Filling up the DagBag from /home/airflow/.local/lib/python3.7/site-packages/airflow/example_dags/example_short_circuit_decorator.py
[2023-07-04T00:08:03.682+0000] {processor.py:836} INFO - DAG(s) dict_keys(['example_short_circuit_decorator']) retrieved from /home/airflow/.local/lib/python3.7/site-packages/airflow/example_dags/example_short_circuit_decorator.py
[2023-07-04T00:08:03.728+0000] {logging_mixin.py:149} INFO - [2023-07-04T00:08:03.728+0000] {dag.py:2726} INFO - Sync 1 DAGs
[2023-07-04T00:08:03.772+0000] {logging_mixin.py:149} INFO - [2023-07-04T00:08:03.772+0000] {dag.py:3490} INFO - Setting next_dagrun for example_short_circuit_decorator to 2023-07-03T00:08:03.772062+00:00, run_after=2023-07-04T00:08:03.772062+00:00
[2023-07-04T00:08:03.818+0000] {processor.py:179} INFO - Processing /home/airflow/.local/lib/python3.7/site-packages/airflow/example_dags/example_short_circuit_decorator.py took 0.164 seconds
[2023-07-04T00:08:34.116+0000] {processor.py:157} INFO - Started process (PID=210) to work on /home/airflow/.local/lib/python3.7/site-packages/airflow/example_dags/example_short_circuit_decorator.py
[2023-07-04T00:08:34.118+0000] {processor.py:826} INFO - Processing file /home/airflow/.local/lib/python3.7/site-packages/airflow/example_dags/example_short_circuit_decorator.py for tasks to queue
[2023-07-04T00:08:34.120+0000] {logging_mixin.py:149} INFO - [2023-07-04T00:08:34.120+0000] {dagbag.py:541} INFO - Filling up the DagBag from /home/airflow/.local/lib/python3.7/site-packages/airflow/example_dags/example_short_circuit_decorator.py
[2023-07-04T00:08:34.144+0000] {processor.py:836} INFO - DAG(s) dict_keys(['example_short_circuit_decorator']) retrieved from /home/airflow/.local/lib/python3.7/site-packages/airflow/example_dags/example_short_circuit_decorator.py
[2023-07-04T00:08:34.199+0000] {logging_mixin.py:149} INFO - [2023-07-04T00:08:34.199+0000] {dag.py:2726} INFO - Sync 1 DAGs
[2023-07-04T00:08:34.263+0000] {logging_mixin.py:149} INFO - [2023-07-04T00:08:34.263+0000] {dag.py:3490} INFO - Setting next_dagrun for example_short_circuit_decorator to 2023-07-03T00:08:34.263099+00:00, run_after=2023-07-04T00:08:34.263099+00:00
[2023-07-04T00:08:34.308+0000] {processor.py:179} INFO - Processing /home/airflow/.local/lib/python3.7/site-packages/airflow/example_dags/example_short_circuit_decorator.py took 0.203 seconds
[2023-07-04T00:09:05.014+0000] {processor.py:157} INFO - Started process (PID=267) to work on /home/airflow/.local/lib/python3.7/site-packages/airflow/example_dags/example_short_circuit_decorator.py
[2023-07-04T00:09:05.016+0000] {processor.py:826} INFO - Processing file /home/airflow/.local/lib/python3.7/site-packages/airflow/example_dags/example_short_circuit_decorator.py for tasks to queue
[2023-07-04T00:09:05.017+0000] {logging_mixin.py:149} INFO - [2023-07-04T00:09:05.017+0000] {dagbag.py:541} INFO - Filling up the DagBag from /home/airflow/.local/lib/python3.7/site-packages/airflow/example_dags/example_short_circuit_decorator.py
[2023-07-04T00:09:05.034+0000] {processor.py:836} INFO - DAG(s) dict_keys(['example_short_circuit_decorator']) retrieved from /home/airflow/.local/lib/python3.7/site-packages/airflow/example_dags/example_short_circuit_decorator.py
[2023-07-04T00:09:05.081+0000] {logging_mixin.py:149} INFO - [2023-07-04T00:09:05.080+0000] {dag.py:2726} INFO - Sync 1 DAGs
[2023-07-04T00:09:05.135+0000] {logging_mixin.py:149} INFO - [2023-07-04T00:09:05.134+0000] {dag.py:3490} INFO - Setting next_dagrun for example_short_circuit_decorator to 2023-07-03T00:09:05.134470+00:00, run_after=2023-07-04T00:09:05.134470+00:00
[2023-07-04T00:09:05.175+0000] {processor.py:179} INFO - Processing /home/airflow/.local/lib/python3.7/site-packages/airflow/example_dags/example_short_circuit_decorator.py took 0.168 seconds
[2023-07-04T00:09:35.398+0000] {processor.py:157} INFO - Started process (PID=324) to work on /home/airflow/.local/lib/python3.7/site-packages/airflow/example_dags/example_short_circuit_decorator.py
[2023-07-04T00:09:35.401+0000] {processor.py:826} INFO - Processing file /home/airflow/.local/lib/python3.7/site-packages/airflow/example_dags/example_short_circuit_decorator.py for tasks to queue
[2023-07-04T00:09:35.405+0000] {logging_mixin.py:149} INFO - [2023-07-04T00:09:35.404+0000] {dagbag.py:541} INFO - Filling up the DagBag from /home/airflow/.local/lib/python3.7/site-packages/airflow/example_dags/example_short_circuit_decorator.py
[2023-07-04T00:09:35.438+0000] {processor.py:836} INFO - DAG(s) dict_keys(['example_short_circuit_decorator']) retrieved from /home/airflow/.local/lib/python3.7/site-packages/airflow/example_dags/example_short_circuit_decorator.py
[2023-07-04T00:09:35.491+0000] {logging_mixin.py:149} INFO - [2023-07-04T00:09:35.491+0000] {dag.py:2726} INFO - Sync 1 DAGs
[2023-07-04T00:09:35.544+0000] {logging_mixin.py:149} INFO - [2023-07-04T00:09:35.544+0000] {dag.py:3490} INFO - Setting next_dagrun for example_short_circuit_decorator to 2023-07-03T00:09:35.543955+00:00, run_after=2023-07-04T00:09:35.543955+00:00
[2023-07-04T00:09:35.580+0000] {processor.py:179} INFO - Processing /home/airflow/.local/lib/python3.7/site-packages/airflow/example_dags/example_short_circuit_decorator.py took 0.193 seconds
[2023-07-04T00:10:06.000+0000] {processor.py:157} INFO - Started process (PID=381) to work on /home/airflow/.local/lib/python3.7/site-packages/airflow/example_dags/example_short_circuit_decorator.py
[2023-07-04T00:10:06.002+0000] {processor.py:826} INFO - Processing file /home/airflow/.local/lib/python3.7/site-packages/airflow/example_dags/example_short_circuit_decorator.py for tasks to queue
[2023-07-04T00:10:06.003+0000] {logging_mixin.py:149} INFO - [2023-07-04T00:10:06.003+0000] {dagbag.py:541} INFO - Filling up the DagBag from /home/airflow/.local/lib/python3.7/site-packages/airflow/example_dags/example_short_circuit_decorator.py
[2023-07-04T00:10:06.025+0000] {processor.py:836} INFO - DAG(s) dict_keys(['example_short_circuit_decorator']) retrieved from /home/airflow/.local/lib/python3.7/site-packages/airflow/example_dags/example_short_circuit_decorator.py
[2023-07-04T00:10:06.087+0000] {logging_mixin.py:149} INFO - [2023-07-04T00:10:06.086+0000] {dag.py:2726} INFO - Sync 1 DAGs
[2023-07-04T00:10:06.150+0000] {logging_mixin.py:149} INFO - [2023-07-04T00:10:06.149+0000] {dag.py:3490} INFO - Setting next_dagrun for example_short_circuit_decorator to 2023-07-03T00:10:06.149427+00:00, run_after=2023-07-04T00:10:06.149427+00:00
[2023-07-04T00:10:06.186+0000] {processor.py:179} INFO - Processing /home/airflow/.local/lib/python3.7/site-packages/airflow/example_dags/example_short_circuit_decorator.py took 0.195 seconds
[2023-07-04T00:10:36.437+0000] {processor.py:157} INFO - Started process (PID=437) to work on /home/airflow/.local/lib/python3.7/site-packages/airflow/example_dags/example_short_circuit_decorator.py
[2023-07-04T00:10:36.438+0000] {processor.py:826} INFO - Processing file /home/airflow/.local/lib/python3.7/site-packages/airflow/example_dags/example_short_circuit_decorator.py for tasks to queue
[2023-07-04T00:10:36.441+0000] {logging_mixin.py:149} INFO - [2023-07-04T00:10:36.440+0000] {dagbag.py:541} INFO - Filling up the DagBag from /home/airflow/.local/lib/python3.7/site-packages/airflow/example_dags/example_short_circuit_decorator.py
[2023-07-04T00:10:36.471+0000] {processor.py:836} INFO - DAG(s) dict_keys(['example_short_circuit_decorator']) retrieved from /home/airflow/.local/lib/python3.7/site-packages/airflow/example_dags/example_short_circuit_decorator.py
[2023-07-04T00:10:36.538+0000] {logging_mixin.py:149} INFO - [2023-07-04T00:10:36.538+0000] {dag.py:2726} INFO - Sync 1 DAGs
[2023-07-04T00:10:36.609+0000] {logging_mixin.py:149} INFO - [2023-07-04T00:10:36.609+0000] {dag.py:3490} INFO - Setting next_dagrun for example_short_circuit_decorator to 2023-07-03T00:10:36.608449+00:00, run_after=2023-07-04T00:10:36.608449+00:00
[2023-07-04T00:10:36.658+0000] {processor.py:179} INFO - Processing /home/airflow/.local/lib/python3.7/site-packages/airflow/example_dags/example_short_circuit_decorator.py took 0.228 seconds
[2023-07-04T00:11:07.254+0000] {processor.py:157} INFO - Started process (PID=494) to work on /home/airflow/.local/lib/python3.7/site-packages/airflow/example_dags/example_short_circuit_decorator.py
[2023-07-04T00:11:07.256+0000] {processor.py:826} INFO - Processing file /home/airflow/.local/lib/python3.7/site-packages/airflow/example_dags/example_short_circuit_decorator.py for tasks to queue
[2023-07-04T00:11:07.258+0000] {logging_mixin.py:149} INFO - [2023-07-04T00:11:07.258+0000] {dagbag.py:541} INFO - Filling up the DagBag from /home/airflow/.local/lib/python3.7/site-packages/airflow/example_dags/example_short_circuit_decorator.py
[2023-07-04T00:11:07.279+0000] {processor.py:836} INFO - DAG(s) dict_keys(['example_short_circuit_decorator']) retrieved from /home/airflow/.local/lib/python3.7/site-packages/airflow/example_dags/example_short_circuit_decorator.py
[2023-07-04T00:11:07.330+0000] {logging_mixin.py:149} INFO - [2023-07-04T00:11:07.330+0000] {dag.py:2726} INFO - Sync 1 DAGs
[2023-07-04T00:11:07.398+0000] {logging_mixin.py:149} INFO - [2023-07-04T00:11:07.398+0000] {dag.py:3490} INFO - Setting next_dagrun for example_short_circuit_decorator to 2023-07-03T00:11:07.397720+00:00, run_after=2023-07-04T00:11:07.397720+00:00
[2023-07-04T00:11:07.433+0000] {processor.py:179} INFO - Processing /home/airflow/.local/lib/python3.7/site-packages/airflow/example_dags/example_short_circuit_decorator.py took 0.188 seconds
[2023-07-04T00:11:38.191+0000] {processor.py:157} INFO - Started process (PID=551) to work on /home/airflow/.local/lib/python3.7/site-packages/airflow/example_dags/example_short_circuit_decorator.py
[2023-07-04T00:11:38.192+0000] {processor.py:826} INFO - Processing file /home/airflow/.local/lib/python3.7/site-packages/airflow/example_dags/example_short_circuit_decorator.py for tasks to queue
[2023-07-04T00:11:38.194+0000] {logging_mixin.py:149} INFO - [2023-07-04T00:11:38.193+0000] {dagbag.py:541} INFO - Filling up the DagBag from /home/airflow/.local/lib/python3.7/site-packages/airflow/example_dags/example_short_circuit_decorator.py
[2023-07-04T00:11:38.224+0000] {processor.py:836} INFO - DAG(s) dict_keys(['example_short_circuit_decorator']) retrieved from /home/airflow/.local/lib/python3.7/site-packages/airflow/example_dags/example_short_circuit_decorator.py
[2023-07-04T00:11:38.281+0000] {logging_mixin.py:149} INFO - [2023-07-04T00:11:38.281+0000] {dag.py:2726} INFO - Sync 1 DAGs
[2023-07-04T00:11:38.349+0000] {logging_mixin.py:149} INFO - [2023-07-04T00:11:38.345+0000] {dag.py:3490} INFO - Setting next_dagrun for example_short_circuit_decorator to 2023-07-03T00:11:38.343797+00:00, run_after=2023-07-04T00:11:38.343797+00:00
[2023-07-04T00:11:38.404+0000] {processor.py:179} INFO - Processing /home/airflow/.local/lib/python3.7/site-packages/airflow/example_dags/example_short_circuit_decorator.py took 0.220 seconds
[2023-07-04T00:12:08.644+0000] {processor.py:157} INFO - Started process (PID=608) to work on /home/airflow/.local/lib/python3.7/site-packages/airflow/example_dags/example_short_circuit_decorator.py
[2023-07-04T00:12:08.646+0000] {processor.py:826} INFO - Processing file /home/airflow/.local/lib/python3.7/site-packages/airflow/example_dags/example_short_circuit_decorator.py for tasks to queue
[2023-07-04T00:12:08.648+0000] {logging_mixin.py:149} INFO - [2023-07-04T00:12:08.648+0000] {dagbag.py:541} INFO - Filling up the DagBag from /home/airflow/.local/lib/python3.7/site-packages/airflow/example_dags/example_short_circuit_decorator.py
[2023-07-04T00:12:08.666+0000] {processor.py:836} INFO - DAG(s) dict_keys(['example_short_circuit_decorator']) retrieved from /home/airflow/.local/lib/python3.7/site-packages/airflow/example_dags/example_short_circuit_decorator.py
[2023-07-04T00:12:08.726+0000] {logging_mixin.py:149} INFO - [2023-07-04T00:12:08.726+0000] {dag.py:2726} INFO - Sync 1 DAGs
[2023-07-04T00:12:08.791+0000] {logging_mixin.py:149} INFO - [2023-07-04T00:12:08.791+0000] {dag.py:3490} INFO - Setting next_dagrun for example_short_circuit_decorator to 2023-07-03T00:12:08.790593+00:00, run_after=2023-07-04T00:12:08.790593+00:00
[2023-07-04T00:12:08.837+0000] {processor.py:179} INFO - Processing /home/airflow/.local/lib/python3.7/site-packages/airflow/example_dags/example_short_circuit_decorator.py took 0.199 seconds
[2023-07-04T00:12:39.828+0000] {processor.py:157} INFO - Started process (PID=665) to work on /home/airflow/.local/lib/python3.7/site-packages/airflow/example_dags/example_short_circuit_decorator.py
[2023-07-04T00:12:39.830+0000] {processor.py:826} INFO - Processing file /home/airflow/.local/lib/python3.7/site-packages/airflow/example_dags/example_short_circuit_decorator.py for tasks to queue
[2023-07-04T00:12:39.833+0000] {logging_mixin.py:149} INFO - [2023-07-04T00:12:39.832+0000] {dagbag.py:541} INFO - Filling up the DagBag from /home/airflow/.local/lib/python3.7/site-packages/airflow/example_dags/example_short_circuit_decorator.py
[2023-07-04T00:12:39.867+0000] {processor.py:836} INFO - DAG(s) dict_keys(['example_short_circuit_decorator']) retrieved from /home/airflow/.local/lib/python3.7/site-packages/airflow/example_dags/example_short_circuit_decorator.py
[2023-07-04T00:12:40.001+0000] {logging_mixin.py:149} INFO - [2023-07-04T00:12:40.000+0000] {dag.py:2726} INFO - Sync 1 DAGs
[2023-07-04T00:12:40.188+0000] {logging_mixin.py:149} INFO - [2023-07-04T00:12:40.188+0000] {dag.py:3490} INFO - Setting next_dagrun for example_short_circuit_decorator to 2023-07-03T00:12:40.186990+00:00, run_after=2023-07-04T00:12:40.186990+00:00
[2023-07-04T00:12:40.395+0000] {processor.py:179} INFO - Processing /home/airflow/.local/lib/python3.7/site-packages/airflow/example_dags/example_short_circuit_decorator.py took 0.577 seconds
[2023-07-04T00:13:10.886+0000] {processor.py:157} INFO - Started process (PID=730) to work on /home/airflow/.local/lib/python3.7/site-packages/airflow/example_dags/example_short_circuit_decorator.py
[2023-07-04T00:13:10.888+0000] {processor.py:826} INFO - Processing file /home/airflow/.local/lib/python3.7/site-packages/airflow/example_dags/example_short_circuit_decorator.py for tasks to queue
[2023-07-04T00:13:10.889+0000] {logging_mixin.py:149} INFO - [2023-07-04T00:13:10.889+0000] {dagbag.py:541} INFO - Filling up the DagBag from /home/airflow/.local/lib/python3.7/site-packages/airflow/example_dags/example_short_circuit_decorator.py
[2023-07-04T00:13:10.915+0000] {processor.py:836} INFO - DAG(s) dict_keys(['example_short_circuit_decorator']) retrieved from /home/airflow/.local/lib/python3.7/site-packages/airflow/example_dags/example_short_circuit_decorator.py
[2023-07-04T00:13:10.984+0000] {logging_mixin.py:149} INFO - [2023-07-04T00:13:10.983+0000] {dag.py:2726} INFO - Sync 1 DAGs
[2023-07-04T00:13:11.069+0000] {logging_mixin.py:149} INFO - [2023-07-04T00:13:11.068+0000] {dag.py:3490} INFO - Setting next_dagrun for example_short_circuit_decorator to 2023-07-03T00:13:11.067869+00:00, run_after=2023-07-04T00:13:11.067869+00:00
[2023-07-04T00:13:11.124+0000] {processor.py:179} INFO - Processing /home/airflow/.local/lib/python3.7/site-packages/airflow/example_dags/example_short_circuit_decorator.py took 0.248 seconds
[2023-07-04T00:13:41.172+0000] {processor.py:157} INFO - Started process (PID=786) to work on /home/airflow/.local/lib/python3.7/site-packages/airflow/example_dags/example_short_circuit_decorator.py
[2023-07-04T00:13:41.174+0000] {processor.py:826} INFO - Processing file /home/airflow/.local/lib/python3.7/site-packages/airflow/example_dags/example_short_circuit_decorator.py for tasks to queue
[2023-07-04T00:13:41.175+0000] {logging_mixin.py:149} INFO - [2023-07-04T00:13:41.175+0000] {dagbag.py:541} INFO - Filling up the DagBag from /home/airflow/.local/lib/python3.7/site-packages/airflow/example_dags/example_short_circuit_decorator.py
[2023-07-04T00:13:41.198+0000] {processor.py:836} INFO - DAG(s) dict_keys(['example_short_circuit_decorator']) retrieved from /home/airflow/.local/lib/python3.7/site-packages/airflow/example_dags/example_short_circuit_decorator.py
[2023-07-04T00:13:41.252+0000] {logging_mixin.py:149} INFO - [2023-07-04T00:13:41.252+0000] {dag.py:2726} INFO - Sync 1 DAGs
[2023-07-04T00:13:41.300+0000] {logging_mixin.py:149} INFO - [2023-07-04T00:13:41.299+0000] {dag.py:3490} INFO - Setting next_dagrun for example_short_circuit_decorator to 2023-07-03T00:13:41.299329+00:00, run_after=2023-07-04T00:13:41.299329+00:00
[2023-07-04T00:13:41.335+0000] {processor.py:179} INFO - Processing /home/airflow/.local/lib/python3.7/site-packages/airflow/example_dags/example_short_circuit_decorator.py took 0.170 seconds
[2023-07-04T00:14:11.502+0000] {processor.py:157} INFO - Started process (PID=843) to work on /home/airflow/.local/lib/python3.7/site-packages/airflow/example_dags/example_short_circuit_decorator.py
[2023-07-04T00:14:11.504+0000] {processor.py:826} INFO - Processing file /home/airflow/.local/lib/python3.7/site-packages/airflow/example_dags/example_short_circuit_decorator.py for tasks to queue
[2023-07-04T00:14:11.505+0000] {logging_mixin.py:149} INFO - [2023-07-04T00:14:11.505+0000] {dagbag.py:541} INFO - Filling up the DagBag from /home/airflow/.local/lib/python3.7/site-packages/airflow/example_dags/example_short_circuit_decorator.py
[2023-07-04T00:14:11.543+0000] {processor.py:836} INFO - DAG(s) dict_keys(['example_short_circuit_decorator']) retrieved from /home/airflow/.local/lib/python3.7/site-packages/airflow/example_dags/example_short_circuit_decorator.py
[2023-07-04T00:14:11.632+0000] {logging_mixin.py:149} INFO - [2023-07-04T00:14:11.632+0000] {dag.py:2726} INFO - Sync 1 DAGs
[2023-07-04T00:14:11.719+0000] {logging_mixin.py:149} INFO - [2023-07-04T00:14:11.719+0000] {dag.py:3490} INFO - Setting next_dagrun for example_short_circuit_decorator to 2023-07-03T00:14:11.718190+00:00, run_after=2023-07-04T00:14:11.718190+00:00
[2023-07-04T00:14:11.778+0000] {processor.py:179} INFO - Processing /home/airflow/.local/lib/python3.7/site-packages/airflow/example_dags/example_short_circuit_decorator.py took 0.284 seconds
[2023-07-04T00:14:42.479+0000] {processor.py:157} INFO - Started process (PID=900) to work on /home/airflow/.local/lib/python3.7/site-packages/airflow/example_dags/example_short_circuit_decorator.py
[2023-07-04T00:14:42.481+0000] {processor.py:826} INFO - Processing file /home/airflow/.local/lib/python3.7/site-packages/airflow/example_dags/example_short_circuit_decorator.py for tasks to queue
[2023-07-04T00:14:42.482+0000] {logging_mixin.py:149} INFO - [2023-07-04T00:14:42.481+0000] {dagbag.py:541} INFO - Filling up the DagBag from /home/airflow/.local/lib/python3.7/site-packages/airflow/example_dags/example_short_circuit_decorator.py
[2023-07-04T00:14:42.500+0000] {processor.py:836} INFO - DAG(s) dict_keys(['example_short_circuit_decorator']) retrieved from /home/airflow/.local/lib/python3.7/site-packages/airflow/example_dags/example_short_circuit_decorator.py
[2023-07-04T00:14:42.554+0000] {logging_mixin.py:149} INFO - [2023-07-04T00:14:42.554+0000] {dag.py:2726} INFO - Sync 1 DAGs
[2023-07-04T00:14:42.619+0000] {logging_mixin.py:149} INFO - [2023-07-04T00:14:42.618+0000] {dag.py:3490} INFO - Setting next_dagrun for example_short_circuit_decorator to 2023-07-03T00:14:42.618334+00:00, run_after=2023-07-04T00:14:42.618334+00:00
[2023-07-04T00:14:42.671+0000] {processor.py:179} INFO - Processing /home/airflow/.local/lib/python3.7/site-packages/airflow/example_dags/example_short_circuit_decorator.py took 0.198 seconds
[2023-07-04T00:15:13.099+0000] {processor.py:157} INFO - Started process (PID=957) to work on /home/airflow/.local/lib/python3.7/site-packages/airflow/example_dags/example_short_circuit_decorator.py
[2023-07-04T00:15:13.100+0000] {processor.py:826} INFO - Processing file /home/airflow/.local/lib/python3.7/site-packages/airflow/example_dags/example_short_circuit_decorator.py for tasks to queue
[2023-07-04T00:15:13.102+0000] {logging_mixin.py:149} INFO - [2023-07-04T00:15:13.102+0000] {dagbag.py:541} INFO - Filling up the DagBag from /home/airflow/.local/lib/python3.7/site-packages/airflow/example_dags/example_short_circuit_decorator.py
[2023-07-04T00:15:13.134+0000] {processor.py:836} INFO - DAG(s) dict_keys(['example_short_circuit_decorator']) retrieved from /home/airflow/.local/lib/python3.7/site-packages/airflow/example_dags/example_short_circuit_decorator.py
[2023-07-04T00:15:13.226+0000] {logging_mixin.py:149} INFO - [2023-07-04T00:15:13.225+0000] {dag.py:2726} INFO - Sync 1 DAGs
[2023-07-04T00:15:13.297+0000] {logging_mixin.py:149} INFO - [2023-07-04T00:15:13.297+0000] {dag.py:3490} INFO - Setting next_dagrun for example_short_circuit_decorator to 2023-07-03T00:15:13.296562+00:00, run_after=2023-07-04T00:15:13.296562+00:00
[2023-07-04T00:15:13.346+0000] {processor.py:179} INFO - Processing /home/airflow/.local/lib/python3.7/site-packages/airflow/example_dags/example_short_circuit_decorator.py took 0.254 seconds
[2023-07-04T00:15:43.663+0000] {processor.py:157} INFO - Started process (PID=1015) to work on /home/airflow/.local/lib/python3.7/site-packages/airflow/example_dags/example_short_circuit_decorator.py
[2023-07-04T00:15:43.665+0000] {processor.py:826} INFO - Processing file /home/airflow/.local/lib/python3.7/site-packages/airflow/example_dags/example_short_circuit_decorator.py for tasks to queue
[2023-07-04T00:15:43.667+0000] {logging_mixin.py:149} INFO - [2023-07-04T00:15:43.667+0000] {dagbag.py:541} INFO - Filling up the DagBag from /home/airflow/.local/lib/python3.7/site-packages/airflow/example_dags/example_short_circuit_decorator.py
[2023-07-04T00:15:43.702+0000] {processor.py:836} INFO - DAG(s) dict_keys(['example_short_circuit_decorator']) retrieved from /home/airflow/.local/lib/python3.7/site-packages/airflow/example_dags/example_short_circuit_decorator.py
[2023-07-04T00:15:43.823+0000] {logging_mixin.py:149} INFO - [2023-07-04T00:15:43.823+0000] {dag.py:2726} INFO - Sync 1 DAGs
[2023-07-04T00:15:43.915+0000] {logging_mixin.py:149} INFO - [2023-07-04T00:15:43.914+0000] {dag.py:3490} INFO - Setting next_dagrun for example_short_circuit_decorator to 2023-07-03T00:15:43.913962+00:00, run_after=2023-07-04T00:15:43.913962+00:00
[2023-07-04T00:15:43.992+0000] {processor.py:179} INFO - Processing /home/airflow/.local/lib/python3.7/site-packages/airflow/example_dags/example_short_circuit_decorator.py took 0.340 seconds
[2023-07-04T00:16:14.275+0000] {processor.py:157} INFO - Started process (PID=1072) to work on /home/airflow/.local/lib/python3.7/site-packages/airflow/example_dags/example_short_circuit_decorator.py
[2023-07-04T00:16:14.280+0000] {processor.py:826} INFO - Processing file /home/airflow/.local/lib/python3.7/site-packages/airflow/example_dags/example_short_circuit_decorator.py for tasks to queue
[2023-07-04T00:16:14.282+0000] {logging_mixin.py:149} INFO - [2023-07-04T00:16:14.282+0000] {dagbag.py:541} INFO - Filling up the DagBag from /home/airflow/.local/lib/python3.7/site-packages/airflow/example_dags/example_short_circuit_decorator.py
[2023-07-04T00:16:14.318+0000] {processor.py:836} INFO - DAG(s) dict_keys(['example_short_circuit_decorator']) retrieved from /home/airflow/.local/lib/python3.7/site-packages/airflow/example_dags/example_short_circuit_decorator.py
[2023-07-04T00:16:14.386+0000] {logging_mixin.py:149} INFO - [2023-07-04T00:16:14.386+0000] {dag.py:2726} INFO - Sync 1 DAGs
[2023-07-04T00:16:14.479+0000] {logging_mixin.py:149} INFO - [2023-07-04T00:16:14.479+0000] {dag.py:3490} INFO - Setting next_dagrun for example_short_circuit_decorator to 2023-07-03T00:16:14.478670+00:00, run_after=2023-07-04T00:16:14.478670+00:00
[2023-07-04T00:16:14.525+0000] {processor.py:179} INFO - Processing /home/airflow/.local/lib/python3.7/site-packages/airflow/example_dags/example_short_circuit_decorator.py took 0.268 seconds
[2023-07-04T00:16:45.074+0000] {processor.py:157} INFO - Started process (PID=1129) to work on /home/airflow/.local/lib/python3.7/site-packages/airflow/example_dags/example_short_circuit_decorator.py
[2023-07-04T00:16:45.076+0000] {processor.py:826} INFO - Processing file /home/airflow/.local/lib/python3.7/site-packages/airflow/example_dags/example_short_circuit_decorator.py for tasks to queue
[2023-07-04T00:16:45.077+0000] {logging_mixin.py:149} INFO - [2023-07-04T00:16:45.077+0000] {dagbag.py:541} INFO - Filling up the DagBag from /home/airflow/.local/lib/python3.7/site-packages/airflow/example_dags/example_short_circuit_decorator.py
[2023-07-04T00:16:45.095+0000] {processor.py:836} INFO - DAG(s) dict_keys(['example_short_circuit_decorator']) retrieved from /home/airflow/.local/lib/python3.7/site-packages/airflow/example_dags/example_short_circuit_decorator.py
[2023-07-04T00:16:45.151+0000] {logging_mixin.py:149} INFO - [2023-07-04T00:16:45.151+0000] {dag.py:2726} INFO - Sync 1 DAGs
[2023-07-04T00:16:45.196+0000] {logging_mixin.py:149} INFO - [2023-07-04T00:16:45.195+0000] {dag.py:3490} INFO - Setting next_dagrun for example_short_circuit_decorator to 2023-07-03T00:16:45.195523+00:00, run_after=2023-07-04T00:16:45.195523+00:00
[2023-07-04T00:16:45.228+0000] {processor.py:179} INFO - Processing /home/airflow/.local/lib/python3.7/site-packages/airflow/example_dags/example_short_circuit_decorator.py took 0.159 seconds
[2023-07-04T00:17:15.871+0000] {processor.py:157} INFO - Started process (PID=1186) to work on /home/airflow/.local/lib/python3.7/site-packages/airflow/example_dags/example_short_circuit_decorator.py
[2023-07-04T00:17:15.873+0000] {processor.py:826} INFO - Processing file /home/airflow/.local/lib/python3.7/site-packages/airflow/example_dags/example_short_circuit_decorator.py for tasks to queue
[2023-07-04T00:17:15.875+0000] {logging_mixin.py:149} INFO - [2023-07-04T00:17:15.874+0000] {dagbag.py:541} INFO - Filling up the DagBag from /home/airflow/.local/lib/python3.7/site-packages/airflow/example_dags/example_short_circuit_decorator.py
[2023-07-04T00:17:15.899+0000] {processor.py:836} INFO - DAG(s) dict_keys(['example_short_circuit_decorator']) retrieved from /home/airflow/.local/lib/python3.7/site-packages/airflow/example_dags/example_short_circuit_decorator.py
[2023-07-04T00:17:15.948+0000] {logging_mixin.py:149} INFO - [2023-07-04T00:17:15.948+0000] {dag.py:2726} INFO - Sync 1 DAGs
[2023-07-04T00:17:16.008+0000] {logging_mixin.py:149} INFO - [2023-07-04T00:17:16.008+0000] {dag.py:3490} INFO - Setting next_dagrun for example_short_circuit_decorator to 2023-07-03T00:17:16.007567+00:00, run_after=2023-07-04T00:17:16.007567+00:00
[2023-07-04T00:17:16.048+0000] {processor.py:179} INFO - Processing /home/airflow/.local/lib/python3.7/site-packages/airflow/example_dags/example_short_circuit_decorator.py took 0.186 seconds
[2023-07-04T00:17:46.115+0000] {processor.py:157} INFO - Started process (PID=1243) to work on /home/airflow/.local/lib/python3.7/site-packages/airflow/example_dags/example_short_circuit_decorator.py
[2023-07-04T00:17:46.117+0000] {processor.py:826} INFO - Processing file /home/airflow/.local/lib/python3.7/site-packages/airflow/example_dags/example_short_circuit_decorator.py for tasks to queue
[2023-07-04T00:17:46.118+0000] {logging_mixin.py:149} INFO - [2023-07-04T00:17:46.118+0000] {dagbag.py:541} INFO - Filling up the DagBag from /home/airflow/.local/lib/python3.7/site-packages/airflow/example_dags/example_short_circuit_decorator.py
[2023-07-04T00:17:46.136+0000] {processor.py:836} INFO - DAG(s) dict_keys(['example_short_circuit_decorator']) retrieved from /home/airflow/.local/lib/python3.7/site-packages/airflow/example_dags/example_short_circuit_decorator.py
[2023-07-04T00:17:46.226+0000] {logging_mixin.py:149} INFO - [2023-07-04T00:17:46.225+0000] {dag.py:2726} INFO - Sync 1 DAGs
[2023-07-04T00:17:46.311+0000] {logging_mixin.py:149} INFO - [2023-07-04T00:17:46.310+0000] {dag.py:3490} INFO - Setting next_dagrun for example_short_circuit_decorator to 2023-07-03T00:17:46.310115+00:00, run_after=2023-07-04T00:17:46.310115+00:00
[2023-07-04T00:17:46.349+0000] {processor.py:179} INFO - Processing /home/airflow/.local/lib/python3.7/site-packages/airflow/example_dags/example_short_circuit_decorator.py took 0.242 seconds
[2023-07-04T00:18:16.600+0000] {processor.py:157} INFO - Started process (PID=1300) to work on /home/airflow/.local/lib/python3.7/site-packages/airflow/example_dags/example_short_circuit_decorator.py
[2023-07-04T00:18:16.602+0000] {processor.py:826} INFO - Processing file /home/airflow/.local/lib/python3.7/site-packages/airflow/example_dags/example_short_circuit_decorator.py for tasks to queue
[2023-07-04T00:18:16.603+0000] {logging_mixin.py:149} INFO - [2023-07-04T00:18:16.603+0000] {dagbag.py:541} INFO - Filling up the DagBag from /home/airflow/.local/lib/python3.7/site-packages/airflow/example_dags/example_short_circuit_decorator.py
[2023-07-04T00:18:16.618+0000] {processor.py:836} INFO - DAG(s) dict_keys(['example_short_circuit_decorator']) retrieved from /home/airflow/.local/lib/python3.7/site-packages/airflow/example_dags/example_short_circuit_decorator.py
[2023-07-04T00:18:16.662+0000] {logging_mixin.py:149} INFO - [2023-07-04T00:18:16.662+0000] {dag.py:2726} INFO - Sync 1 DAGs
[2023-07-04T00:18:16.709+0000] {logging_mixin.py:149} INFO - [2023-07-04T00:18:16.708+0000] {dag.py:3490} INFO - Setting next_dagrun for example_short_circuit_decorator to 2023-07-03T00:18:16.708461+00:00, run_after=2023-07-04T00:18:16.708461+00:00
[2023-07-04T00:18:16.746+0000] {processor.py:179} INFO - Processing /home/airflow/.local/lib/python3.7/site-packages/airflow/example_dags/example_short_circuit_decorator.py took 0.152 seconds
[2023-07-04T00:18:47.043+0000] {processor.py:157} INFO - Started process (PID=1356) to work on /home/airflow/.local/lib/python3.7/site-packages/airflow/example_dags/example_short_circuit_decorator.py
[2023-07-04T00:18:47.045+0000] {processor.py:826} INFO - Processing file /home/airflow/.local/lib/python3.7/site-packages/airflow/example_dags/example_short_circuit_decorator.py for tasks to queue
[2023-07-04T00:18:47.047+0000] {logging_mixin.py:149} INFO - [2023-07-04T00:18:47.046+0000] {dagbag.py:541} INFO - Filling up the DagBag from /home/airflow/.local/lib/python3.7/site-packages/airflow/example_dags/example_short_circuit_decorator.py
[2023-07-04T00:18:47.069+0000] {processor.py:836} INFO - DAG(s) dict_keys(['example_short_circuit_decorator']) retrieved from /home/airflow/.local/lib/python3.7/site-packages/airflow/example_dags/example_short_circuit_decorator.py
[2023-07-04T00:18:47.124+0000] {logging_mixin.py:149} INFO - [2023-07-04T00:18:47.124+0000] {dag.py:2726} INFO - Sync 1 DAGs
[2023-07-04T00:18:47.209+0000] {logging_mixin.py:149} INFO - [2023-07-04T00:18:47.209+0000] {dag.py:3490} INFO - Setting next_dagrun for example_short_circuit_decorator to 2023-07-03T00:18:47.209265+00:00, run_after=2023-07-04T00:18:47.209265+00:00
[2023-07-04T00:18:47.251+0000] {processor.py:179} INFO - Processing /home/airflow/.local/lib/python3.7/site-packages/airflow/example_dags/example_short_circuit_decorator.py took 0.213 seconds
[2023-07-04T00:19:17.611+0000] {processor.py:157} INFO - Started process (PID=1414) to work on /home/airflow/.local/lib/python3.7/site-packages/airflow/example_dags/example_short_circuit_decorator.py
[2023-07-04T00:19:17.614+0000] {processor.py:826} INFO - Processing file /home/airflow/.local/lib/python3.7/site-packages/airflow/example_dags/example_short_circuit_decorator.py for tasks to queue
[2023-07-04T00:19:17.616+0000] {logging_mixin.py:149} INFO - [2023-07-04T00:19:17.616+0000] {dagbag.py:541} INFO - Filling up the DagBag from /home/airflow/.local/lib/python3.7/site-packages/airflow/example_dags/example_short_circuit_decorator.py
[2023-07-04T00:19:17.649+0000] {processor.py:836} INFO - DAG(s) dict_keys(['example_short_circuit_decorator']) retrieved from /home/airflow/.local/lib/python3.7/site-packages/airflow/example_dags/example_short_circuit_decorator.py
[2023-07-04T00:19:17.698+0000] {logging_mixin.py:149} INFO - [2023-07-04T00:19:17.698+0000] {dag.py:2726} INFO - Sync 1 DAGs
[2023-07-04T00:19:17.759+0000] {logging_mixin.py:149} INFO - [2023-07-04T00:19:17.758+0000] {dag.py:3490} INFO - Setting next_dagrun for example_short_circuit_decorator to 2023-07-03T00:19:17.758209+00:00, run_after=2023-07-04T00:19:17.758209+00:00
[2023-07-04T00:19:17.804+0000] {processor.py:179} INFO - Processing /home/airflow/.local/lib/python3.7/site-packages/airflow/example_dags/example_short_circuit_decorator.py took 0.201 seconds
[2023-07-04T00:19:48.243+0000] {processor.py:157} INFO - Started process (PID=1471) to work on /home/airflow/.local/lib/python3.7/site-packages/airflow/example_dags/example_short_circuit_decorator.py
[2023-07-04T00:19:48.245+0000] {processor.py:826} INFO - Processing file /home/airflow/.local/lib/python3.7/site-packages/airflow/example_dags/example_short_circuit_decorator.py for tasks to queue
[2023-07-04T00:19:48.247+0000] {logging_mixin.py:149} INFO - [2023-07-04T00:19:48.246+0000] {dagbag.py:541} INFO - Filling up the DagBag from /home/airflow/.local/lib/python3.7/site-packages/airflow/example_dags/example_short_circuit_decorator.py
[2023-07-04T00:19:48.272+0000] {processor.py:836} INFO - DAG(s) dict_keys(['example_short_circuit_decorator']) retrieved from /home/airflow/.local/lib/python3.7/site-packages/airflow/example_dags/example_short_circuit_decorator.py
[2023-07-04T00:19:48.341+0000] {logging_mixin.py:149} INFO - [2023-07-04T00:19:48.341+0000] {dag.py:2726} INFO - Sync 1 DAGs
[2023-07-04T00:19:48.421+0000] {logging_mixin.py:149} INFO - [2023-07-04T00:19:48.421+0000] {dag.py:3490} INFO - Setting next_dagrun for example_short_circuit_decorator to 2023-07-03T00:19:48.420290+00:00, run_after=2023-07-04T00:19:48.420290+00:00
[2023-07-04T00:19:48.474+0000] {processor.py:179} INFO - Processing /home/airflow/.local/lib/python3.7/site-packages/airflow/example_dags/example_short_circuit_decorator.py took 0.241 seconds
[2023-07-04T00:20:18.576+0000] {processor.py:157} INFO - Started process (PID=1528) to work on /home/airflow/.local/lib/python3.7/site-packages/airflow/example_dags/example_short_circuit_decorator.py
[2023-07-04T00:20:18.578+0000] {processor.py:826} INFO - Processing file /home/airflow/.local/lib/python3.7/site-packages/airflow/example_dags/example_short_circuit_decorator.py for tasks to queue
[2023-07-04T00:20:18.580+0000] {logging_mixin.py:149} INFO - [2023-07-04T00:20:18.580+0000] {dagbag.py:541} INFO - Filling up the DagBag from /home/airflow/.local/lib/python3.7/site-packages/airflow/example_dags/example_short_circuit_decorator.py
[2023-07-04T00:20:18.601+0000] {processor.py:836} INFO - DAG(s) dict_keys(['example_short_circuit_decorator']) retrieved from /home/airflow/.local/lib/python3.7/site-packages/airflow/example_dags/example_short_circuit_decorator.py
[2023-07-04T00:20:18.684+0000] {logging_mixin.py:149} INFO - [2023-07-04T00:20:18.683+0000] {dag.py:2726} INFO - Sync 1 DAGs
[2023-07-04T00:20:18.758+0000] {logging_mixin.py:149} INFO - [2023-07-04T00:20:18.758+0000] {dag.py:3490} INFO - Setting next_dagrun for example_short_circuit_decorator to 2023-07-03T00:20:18.757625+00:00, run_after=2023-07-04T00:20:18.757625+00:00
[2023-07-04T00:20:18.816+0000] {processor.py:179} INFO - Processing /home/airflow/.local/lib/python3.7/site-packages/airflow/example_dags/example_short_circuit_decorator.py took 0.248 seconds
[2023-07-04T00:20:49.653+0000] {processor.py:157} INFO - Started process (PID=1585) to work on /home/airflow/.local/lib/python3.7/site-packages/airflow/example_dags/example_short_circuit_decorator.py
[2023-07-04T00:20:49.654+0000] {processor.py:826} INFO - Processing file /home/airflow/.local/lib/python3.7/site-packages/airflow/example_dags/example_short_circuit_decorator.py for tasks to queue
[2023-07-04T00:20:49.655+0000] {logging_mixin.py:149} INFO - [2023-07-04T00:20:49.655+0000] {dagbag.py:541} INFO - Filling up the DagBag from /home/airflow/.local/lib/python3.7/site-packages/airflow/example_dags/example_short_circuit_decorator.py
[2023-07-04T00:20:49.692+0000] {processor.py:836} INFO - DAG(s) dict_keys(['example_short_circuit_decorator']) retrieved from /home/airflow/.local/lib/python3.7/site-packages/airflow/example_dags/example_short_circuit_decorator.py
[2023-07-04T00:20:49.809+0000] {logging_mixin.py:149} INFO - [2023-07-04T00:20:49.808+0000] {dag.py:2726} INFO - Sync 1 DAGs
[2023-07-04T00:20:49.894+0000] {logging_mixin.py:149} INFO - [2023-07-04T00:20:49.893+0000] {dag.py:3490} INFO - Setting next_dagrun for example_short_circuit_decorator to 2023-07-03T00:20:49.893175+00:00, run_after=2023-07-04T00:20:49.893175+00:00
[2023-07-04T00:20:49.943+0000] {processor.py:179} INFO - Processing /home/airflow/.local/lib/python3.7/site-packages/airflow/example_dags/example_short_circuit_decorator.py took 0.301 seconds
[2023-07-04T00:21:19.977+0000] {processor.py:157} INFO - Started process (PID=1640) to work on /home/airflow/.local/lib/python3.7/site-packages/airflow/example_dags/example_short_circuit_decorator.py
[2023-07-04T00:21:19.978+0000] {processor.py:826} INFO - Processing file /home/airflow/.local/lib/python3.7/site-packages/airflow/example_dags/example_short_circuit_decorator.py for tasks to queue
[2023-07-04T00:21:19.979+0000] {logging_mixin.py:149} INFO - [2023-07-04T00:21:19.979+0000] {dagbag.py:541} INFO - Filling up the DagBag from /home/airflow/.local/lib/python3.7/site-packages/airflow/example_dags/example_short_circuit_decorator.py
[2023-07-04T00:21:19.995+0000] {processor.py:836} INFO - DAG(s) dict_keys(['example_short_circuit_decorator']) retrieved from /home/airflow/.local/lib/python3.7/site-packages/airflow/example_dags/example_short_circuit_decorator.py
[2023-07-04T00:21:20.034+0000] {logging_mixin.py:149} INFO - [2023-07-04T00:21:20.034+0000] {dag.py:2726} INFO - Sync 1 DAGs
[2023-07-04T00:21:20.076+0000] {logging_mixin.py:149} INFO - [2023-07-04T00:21:20.076+0000] {dag.py:3490} INFO - Setting next_dagrun for example_short_circuit_decorator to 2023-07-03T00:21:20.075533+00:00, run_after=2023-07-04T00:21:20.075533+00:00
[2023-07-04T00:21:20.106+0000] {processor.py:179} INFO - Processing /home/airflow/.local/lib/python3.7/site-packages/airflow/example_dags/example_short_circuit_decorator.py took 0.137 seconds
[2023-07-04T00:21:50.394+0000] {processor.py:157} INFO - Started process (PID=1698) to work on /home/airflow/.local/lib/python3.7/site-packages/airflow/example_dags/example_short_circuit_decorator.py
[2023-07-04T00:21:50.395+0000] {processor.py:826} INFO - Processing file /home/airflow/.local/lib/python3.7/site-packages/airflow/example_dags/example_short_circuit_decorator.py for tasks to queue
[2023-07-04T00:21:50.397+0000] {logging_mixin.py:149} INFO - [2023-07-04T00:21:50.397+0000] {dagbag.py:541} INFO - Filling up the DagBag from /home/airflow/.local/lib/python3.7/site-packages/airflow/example_dags/example_short_circuit_decorator.py
[2023-07-04T00:21:50.415+0000] {processor.py:836} INFO - DAG(s) dict_keys(['example_short_circuit_decorator']) retrieved from /home/airflow/.local/lib/python3.7/site-packages/airflow/example_dags/example_short_circuit_decorator.py
[2023-07-04T00:21:50.457+0000] {logging_mixin.py:149} INFO - [2023-07-04T00:21:50.456+0000] {dag.py:2726} INFO - Sync 1 DAGs
[2023-07-04T00:21:50.507+0000] {logging_mixin.py:149} INFO - [2023-07-04T00:21:50.506+0000] {dag.py:3490} INFO - Setting next_dagrun for example_short_circuit_decorator to 2023-07-03T00:21:50.506486+00:00, run_after=2023-07-04T00:21:50.506486+00:00
[2023-07-04T00:21:50.549+0000] {processor.py:179} INFO - Processing /home/airflow/.local/lib/python3.7/site-packages/airflow/example_dags/example_short_circuit_decorator.py took 0.162 seconds
[2023-07-04T00:22:20.706+0000] {processor.py:157} INFO - Started process (PID=1755) to work on /home/airflow/.local/lib/python3.7/site-packages/airflow/example_dags/example_short_circuit_decorator.py
[2023-07-04T00:22:20.708+0000] {processor.py:826} INFO - Processing file /home/airflow/.local/lib/python3.7/site-packages/airflow/example_dags/example_short_circuit_decorator.py for tasks to queue
[2023-07-04T00:22:20.710+0000] {logging_mixin.py:149} INFO - [2023-07-04T00:22:20.710+0000] {dagbag.py:541} INFO - Filling up the DagBag from /home/airflow/.local/lib/python3.7/site-packages/airflow/example_dags/example_short_circuit_decorator.py
[2023-07-04T00:22:20.737+0000] {processor.py:836} INFO - DAG(s) dict_keys(['example_short_circuit_decorator']) retrieved from /home/airflow/.local/lib/python3.7/site-packages/airflow/example_dags/example_short_circuit_decorator.py
[2023-07-04T00:22:20.801+0000] {logging_mixin.py:149} INFO - [2023-07-04T00:22:20.801+0000] {dag.py:2726} INFO - Sync 1 DAGs
[2023-07-04T00:22:20.875+0000] {logging_mixin.py:149} INFO - [2023-07-04T00:22:20.875+0000] {dag.py:3490} INFO - Setting next_dagrun for example_short_circuit_decorator to 2023-07-03T00:22:20.875126+00:00, run_after=2023-07-04T00:22:20.875126+00:00
[2023-07-04T00:22:20.927+0000] {processor.py:179} INFO - Processing /home/airflow/.local/lib/python3.7/site-packages/airflow/example_dags/example_short_circuit_decorator.py took 0.228 seconds
[2023-07-04T00:22:51.418+0000] {processor.py:157} INFO - Started process (PID=1812) to work on /home/airflow/.local/lib/python3.7/site-packages/airflow/example_dags/example_short_circuit_decorator.py
[2023-07-04T00:22:51.420+0000] {processor.py:826} INFO - Processing file /home/airflow/.local/lib/python3.7/site-packages/airflow/example_dags/example_short_circuit_decorator.py for tasks to queue
[2023-07-04T00:22:51.422+0000] {logging_mixin.py:149} INFO - [2023-07-04T00:22:51.421+0000] {dagbag.py:541} INFO - Filling up the DagBag from /home/airflow/.local/lib/python3.7/site-packages/airflow/example_dags/example_short_circuit_decorator.py
[2023-07-04T00:22:51.449+0000] {processor.py:836} INFO - DAG(s) dict_keys(['example_short_circuit_decorator']) retrieved from /home/airflow/.local/lib/python3.7/site-packages/airflow/example_dags/example_short_circuit_decorator.py
[2023-07-04T00:22:51.531+0000] {logging_mixin.py:149} INFO - [2023-07-04T00:22:51.530+0000] {dag.py:2726} INFO - Sync 1 DAGs
[2023-07-04T00:22:51.616+0000] {logging_mixin.py:149} INFO - [2023-07-04T00:22:51.616+0000] {dag.py:3490} INFO - Setting next_dagrun for example_short_circuit_decorator to 2023-07-03T00:22:51.615684+00:00, run_after=2023-07-04T00:22:51.615684+00:00
[2023-07-04T00:22:51.676+0000] {processor.py:179} INFO - Processing /home/airflow/.local/lib/python3.7/site-packages/airflow/example_dags/example_short_circuit_decorator.py took 0.267 seconds
[2023-07-04T00:23:22.001+0000] {processor.py:157} INFO - Started process (PID=1869) to work on /home/airflow/.local/lib/python3.7/site-packages/airflow/example_dags/example_short_circuit_decorator.py
[2023-07-04T00:23:22.002+0000] {processor.py:826} INFO - Processing file /home/airflow/.local/lib/python3.7/site-packages/airflow/example_dags/example_short_circuit_decorator.py for tasks to queue
[2023-07-04T00:23:22.004+0000] {logging_mixin.py:149} INFO - [2023-07-04T00:23:22.003+0000] {dagbag.py:541} INFO - Filling up the DagBag from /home/airflow/.local/lib/python3.7/site-packages/airflow/example_dags/example_short_circuit_decorator.py
[2023-07-04T00:23:22.025+0000] {processor.py:836} INFO - DAG(s) dict_keys(['example_short_circuit_decorator']) retrieved from /home/airflow/.local/lib/python3.7/site-packages/airflow/example_dags/example_short_circuit_decorator.py
[2023-07-04T00:23:22.087+0000] {logging_mixin.py:149} INFO - [2023-07-04T00:23:22.087+0000] {dag.py:2726} INFO - Sync 1 DAGs
[2023-07-04T00:23:22.156+0000] {logging_mixin.py:149} INFO - [2023-07-04T00:23:22.155+0000] {dag.py:3490} INFO - Setting next_dagrun for example_short_circuit_decorator to 2023-07-03T00:23:22.155111+00:00, run_after=2023-07-04T00:23:22.155111+00:00
[2023-07-04T00:23:22.205+0000] {processor.py:179} INFO - Processing /home/airflow/.local/lib/python3.7/site-packages/airflow/example_dags/example_short_circuit_decorator.py took 0.214 seconds
[2023-07-04T00:23:52.311+0000] {processor.py:157} INFO - Started process (PID=1926) to work on /home/airflow/.local/lib/python3.7/site-packages/airflow/example_dags/example_short_circuit_decorator.py
[2023-07-04T00:23:52.313+0000] {processor.py:826} INFO - Processing file /home/airflow/.local/lib/python3.7/site-packages/airflow/example_dags/example_short_circuit_decorator.py for tasks to queue
[2023-07-04T00:23:52.315+0000] {logging_mixin.py:149} INFO - [2023-07-04T00:23:52.314+0000] {dagbag.py:541} INFO - Filling up the DagBag from /home/airflow/.local/lib/python3.7/site-packages/airflow/example_dags/example_short_circuit_decorator.py
[2023-07-04T00:23:52.332+0000] {processor.py:836} INFO - DAG(s) dict_keys(['example_short_circuit_decorator']) retrieved from /home/airflow/.local/lib/python3.7/site-packages/airflow/example_dags/example_short_circuit_decorator.py
[2023-07-04T00:23:52.387+0000] {logging_mixin.py:149} INFO - [2023-07-04T00:23:52.387+0000] {dag.py:2726} INFO - Sync 1 DAGs
[2023-07-04T00:23:52.439+0000] {logging_mixin.py:149} INFO - [2023-07-04T00:23:52.438+0000] {dag.py:3490} INFO - Setting next_dagrun for example_short_circuit_decorator to 2023-07-03T00:23:52.438121+00:00, run_after=2023-07-04T00:23:52.438121+00:00
[2023-07-04T00:23:52.476+0000] {processor.py:179} INFO - Processing /home/airflow/.local/lib/python3.7/site-packages/airflow/example_dags/example_short_circuit_decorator.py took 0.171 seconds
[2023-07-04T00:24:23.114+0000] {processor.py:157} INFO - Started process (PID=1983) to work on /home/airflow/.local/lib/python3.7/site-packages/airflow/example_dags/example_short_circuit_decorator.py
[2023-07-04T00:24:23.116+0000] {processor.py:826} INFO - Processing file /home/airflow/.local/lib/python3.7/site-packages/airflow/example_dags/example_short_circuit_decorator.py for tasks to queue
[2023-07-04T00:24:23.118+0000] {logging_mixin.py:149} INFO - [2023-07-04T00:24:23.117+0000] {dagbag.py:541} INFO - Filling up the DagBag from /home/airflow/.local/lib/python3.7/site-packages/airflow/example_dags/example_short_circuit_decorator.py
[2023-07-04T00:24:23.142+0000] {processor.py:836} INFO - DAG(s) dict_keys(['example_short_circuit_decorator']) retrieved from /home/airflow/.local/lib/python3.7/site-packages/airflow/example_dags/example_short_circuit_decorator.py
[2023-07-04T00:24:23.198+0000] {logging_mixin.py:149} INFO - [2023-07-04T00:24:23.197+0000] {dag.py:2726} INFO - Sync 1 DAGs
[2023-07-04T00:24:23.250+0000] {logging_mixin.py:149} INFO - [2023-07-04T00:24:23.250+0000] {dag.py:3490} INFO - Setting next_dagrun for example_short_circuit_decorator to 2023-07-03T00:24:23.249577+00:00, run_after=2023-07-04T00:24:23.249577+00:00
[2023-07-04T00:24:23.289+0000] {processor.py:179} INFO - Processing /home/airflow/.local/lib/python3.7/site-packages/airflow/example_dags/example_short_circuit_decorator.py took 0.183 seconds
[2023-07-04T00:24:53.672+0000] {processor.py:157} INFO - Started process (PID=2040) to work on /home/airflow/.local/lib/python3.7/site-packages/airflow/example_dags/example_short_circuit_decorator.py
[2023-07-04T00:24:53.673+0000] {processor.py:826} INFO - Processing file /home/airflow/.local/lib/python3.7/site-packages/airflow/example_dags/example_short_circuit_decorator.py for tasks to queue
[2023-07-04T00:24:53.674+0000] {logging_mixin.py:149} INFO - [2023-07-04T00:24:53.674+0000] {dagbag.py:541} INFO - Filling up the DagBag from /home/airflow/.local/lib/python3.7/site-packages/airflow/example_dags/example_short_circuit_decorator.py
[2023-07-04T00:24:53.698+0000] {processor.py:836} INFO - DAG(s) dict_keys(['example_short_circuit_decorator']) retrieved from /home/airflow/.local/lib/python3.7/site-packages/airflow/example_dags/example_short_circuit_decorator.py
[2023-07-04T00:24:53.748+0000] {logging_mixin.py:149} INFO - [2023-07-04T00:24:53.748+0000] {dag.py:2726} INFO - Sync 1 DAGs
[2023-07-04T00:24:53.807+0000] {logging_mixin.py:149} INFO - [2023-07-04T00:24:53.807+0000] {dag.py:3490} INFO - Setting next_dagrun for example_short_circuit_decorator to 2023-07-03T00:24:53.807048+00:00, run_after=2023-07-04T00:24:53.807048+00:00
[2023-07-04T00:24:53.844+0000] {processor.py:179} INFO - Processing /home/airflow/.local/lib/python3.7/site-packages/airflow/example_dags/example_short_circuit_decorator.py took 0.179 seconds
[2023-07-04T00:25:24.060+0000] {processor.py:157} INFO - Started process (PID=2093) to work on /home/airflow/.local/lib/python3.7/site-packages/airflow/example_dags/example_short_circuit_decorator.py
[2023-07-04T00:25:24.065+0000] {processor.py:826} INFO - Processing file /home/airflow/.local/lib/python3.7/site-packages/airflow/example_dags/example_short_circuit_decorator.py for tasks to queue
[2023-07-04T00:25:24.067+0000] {logging_mixin.py:149} INFO - [2023-07-04T00:25:24.067+0000] {dagbag.py:541} INFO - Filling up the DagBag from /home/airflow/.local/lib/python3.7/site-packages/airflow/example_dags/example_short_circuit_decorator.py
[2023-07-04T00:25:24.090+0000] {processor.py:836} INFO - DAG(s) dict_keys(['example_short_circuit_decorator']) retrieved from /home/airflow/.local/lib/python3.7/site-packages/airflow/example_dags/example_short_circuit_decorator.py
[2023-07-04T00:25:24.157+0000] {logging_mixin.py:149} INFO - [2023-07-04T00:25:24.157+0000] {dag.py:2726} INFO - Sync 1 DAGs
[2023-07-04T00:25:24.221+0000] {logging_mixin.py:149} INFO - [2023-07-04T00:25:24.221+0000] {dag.py:3490} INFO - Setting next_dagrun for example_short_circuit_decorator to 2023-07-03T00:25:24.220551+00:00, run_after=2023-07-04T00:25:24.220551+00:00
[2023-07-04T00:25:24.266+0000] {processor.py:179} INFO - Processing /home/airflow/.local/lib/python3.7/site-packages/airflow/example_dags/example_short_circuit_decorator.py took 0.222 seconds
[2023-07-04T00:25:54.487+0000] {processor.py:157} INFO - Started process (PID=2150) to work on /home/airflow/.local/lib/python3.7/site-packages/airflow/example_dags/example_short_circuit_decorator.py
[2023-07-04T00:25:54.490+0000] {processor.py:826} INFO - Processing file /home/airflow/.local/lib/python3.7/site-packages/airflow/example_dags/example_short_circuit_decorator.py for tasks to queue
[2023-07-04T00:25:54.492+0000] {logging_mixin.py:149} INFO - [2023-07-04T00:25:54.491+0000] {dagbag.py:541} INFO - Filling up the DagBag from /home/airflow/.local/lib/python3.7/site-packages/airflow/example_dags/example_short_circuit_decorator.py
[2023-07-04T00:25:54.517+0000] {processor.py:836} INFO - DAG(s) dict_keys(['example_short_circuit_decorator']) retrieved from /home/airflow/.local/lib/python3.7/site-packages/airflow/example_dags/example_short_circuit_decorator.py
[2023-07-04T00:25:54.589+0000] {logging_mixin.py:149} INFO - [2023-07-04T00:25:54.588+0000] {dag.py:2726} INFO - Sync 1 DAGs
[2023-07-04T00:25:54.658+0000] {logging_mixin.py:149} INFO - [2023-07-04T00:25:54.658+0000] {dag.py:3490} INFO - Setting next_dagrun for example_short_circuit_decorator to 2023-07-03T00:25:54.657754+00:00, run_after=2023-07-04T00:25:54.657754+00:00
[2023-07-04T00:25:54.701+0000] {processor.py:179} INFO - Processing /home/airflow/.local/lib/python3.7/site-packages/airflow/example_dags/example_short_circuit_decorator.py took 0.221 seconds
[2023-07-04T00:26:24.937+0000] {processor.py:157} INFO - Started process (PID=2207) to work on /home/airflow/.local/lib/python3.7/site-packages/airflow/example_dags/example_short_circuit_decorator.py
[2023-07-04T00:26:24.939+0000] {processor.py:826} INFO - Processing file /home/airflow/.local/lib/python3.7/site-packages/airflow/example_dags/example_short_circuit_decorator.py for tasks to queue
[2023-07-04T00:26:24.941+0000] {logging_mixin.py:149} INFO - [2023-07-04T00:26:24.941+0000] {dagbag.py:541} INFO - Filling up the DagBag from /home/airflow/.local/lib/python3.7/site-packages/airflow/example_dags/example_short_circuit_decorator.py
[2023-07-04T00:26:24.961+0000] {processor.py:836} INFO - DAG(s) dict_keys(['example_short_circuit_decorator']) retrieved from /home/airflow/.local/lib/python3.7/site-packages/airflow/example_dags/example_short_circuit_decorator.py
[2023-07-04T00:26:25.026+0000] {logging_mixin.py:149} INFO - [2023-07-04T00:26:25.026+0000] {dag.py:2726} INFO - Sync 1 DAGs
[2023-07-04T00:26:25.078+0000] {logging_mixin.py:149} INFO - [2023-07-04T00:26:25.078+0000] {dag.py:3490} INFO - Setting next_dagrun for example_short_circuit_decorator to 2023-07-03T00:26:25.077567+00:00, run_after=2023-07-04T00:26:25.077567+00:00
[2023-07-04T00:26:25.117+0000] {processor.py:179} INFO - Processing /home/airflow/.local/lib/python3.7/site-packages/airflow/example_dags/example_short_circuit_decorator.py took 0.188 seconds
[2023-07-04T00:26:55.305+0000] {processor.py:157} INFO - Started process (PID=2264) to work on /home/airflow/.local/lib/python3.7/site-packages/airflow/example_dags/example_short_circuit_decorator.py
[2023-07-04T00:26:55.307+0000] {processor.py:826} INFO - Processing file /home/airflow/.local/lib/python3.7/site-packages/airflow/example_dags/example_short_circuit_decorator.py for tasks to queue
[2023-07-04T00:26:55.309+0000] {logging_mixin.py:149} INFO - [2023-07-04T00:26:55.309+0000] {dagbag.py:541} INFO - Filling up the DagBag from /home/airflow/.local/lib/python3.7/site-packages/airflow/example_dags/example_short_circuit_decorator.py
[2023-07-04T00:26:55.338+0000] {processor.py:836} INFO - DAG(s) dict_keys(['example_short_circuit_decorator']) retrieved from /home/airflow/.local/lib/python3.7/site-packages/airflow/example_dags/example_short_circuit_decorator.py
[2023-07-04T00:26:55.396+0000] {logging_mixin.py:149} INFO - [2023-07-04T00:26:55.396+0000] {dag.py:2726} INFO - Sync 1 DAGs
[2023-07-04T00:26:55.465+0000] {logging_mixin.py:149} INFO - [2023-07-04T00:26:55.465+0000] {dag.py:3490} INFO - Setting next_dagrun for example_short_circuit_decorator to 2023-07-03T00:26:55.465005+00:00, run_after=2023-07-04T00:26:55.465005+00:00
[2023-07-04T00:26:55.515+0000] {processor.py:179} INFO - Processing /home/airflow/.local/lib/python3.7/site-packages/airflow/example_dags/example_short_circuit_decorator.py took 0.217 seconds
[2023-07-04T00:27:25.678+0000] {processor.py:157} INFO - Started process (PID=2321) to work on /home/airflow/.local/lib/python3.7/site-packages/airflow/example_dags/example_short_circuit_decorator.py
[2023-07-04T00:27:25.680+0000] {processor.py:826} INFO - Processing file /home/airflow/.local/lib/python3.7/site-packages/airflow/example_dags/example_short_circuit_decorator.py for tasks to queue
[2023-07-04T00:27:25.681+0000] {logging_mixin.py:149} INFO - [2023-07-04T00:27:25.681+0000] {dagbag.py:541} INFO - Filling up the DagBag from /home/airflow/.local/lib/python3.7/site-packages/airflow/example_dags/example_short_circuit_decorator.py
[2023-07-04T00:27:25.702+0000] {processor.py:836} INFO - DAG(s) dict_keys(['example_short_circuit_decorator']) retrieved from /home/airflow/.local/lib/python3.7/site-packages/airflow/example_dags/example_short_circuit_decorator.py
[2023-07-04T00:27:25.754+0000] {logging_mixin.py:149} INFO - [2023-07-04T00:27:25.754+0000] {dag.py:2726} INFO - Sync 1 DAGs
[2023-07-04T00:27:25.804+0000] {logging_mixin.py:149} INFO - [2023-07-04T00:27:25.804+0000] {dag.py:3490} INFO - Setting next_dagrun for example_short_circuit_decorator to 2023-07-03T00:27:25.803961+00:00, run_after=2023-07-04T00:27:25.803961+00:00
[2023-07-04T00:27:25.845+0000] {processor.py:179} INFO - Processing /home/airflow/.local/lib/python3.7/site-packages/airflow/example_dags/example_short_circuit_decorator.py took 0.176 seconds
[2023-07-04T00:27:55.928+0000] {processor.py:157} INFO - Started process (PID=2378) to work on /home/airflow/.local/lib/python3.7/site-packages/airflow/example_dags/example_short_circuit_decorator.py
[2023-07-04T00:27:55.930+0000] {processor.py:826} INFO - Processing file /home/airflow/.local/lib/python3.7/site-packages/airflow/example_dags/example_short_circuit_decorator.py for tasks to queue
[2023-07-04T00:27:55.931+0000] {logging_mixin.py:149} INFO - [2023-07-04T00:27:55.931+0000] {dagbag.py:541} INFO - Filling up the DagBag from /home/airflow/.local/lib/python3.7/site-packages/airflow/example_dags/example_short_circuit_decorator.py
[2023-07-04T00:27:55.947+0000] {processor.py:836} INFO - DAG(s) dict_keys(['example_short_circuit_decorator']) retrieved from /home/airflow/.local/lib/python3.7/site-packages/airflow/example_dags/example_short_circuit_decorator.py
[2023-07-04T00:27:55.996+0000] {logging_mixin.py:149} INFO - [2023-07-04T00:27:55.996+0000] {dag.py:2726} INFO - Sync 1 DAGs
[2023-07-04T00:27:56.037+0000] {logging_mixin.py:149} INFO - [2023-07-04T00:27:56.037+0000] {dag.py:3490} INFO - Setting next_dagrun for example_short_circuit_decorator to 2023-07-03T00:27:56.036639+00:00, run_after=2023-07-04T00:27:56.036639+00:00
[2023-07-04T00:27:56.075+0000] {processor.py:179} INFO - Processing /home/airflow/.local/lib/python3.7/site-packages/airflow/example_dags/example_short_circuit_decorator.py took 0.152 seconds
[2023-07-04T00:28:26.489+0000] {processor.py:157} INFO - Started process (PID=2435) to work on /home/airflow/.local/lib/python3.7/site-packages/airflow/example_dags/example_short_circuit_decorator.py
[2023-07-04T00:28:26.490+0000] {processor.py:826} INFO - Processing file /home/airflow/.local/lib/python3.7/site-packages/airflow/example_dags/example_short_circuit_decorator.py for tasks to queue
[2023-07-04T00:28:26.491+0000] {logging_mixin.py:149} INFO - [2023-07-04T00:28:26.491+0000] {dagbag.py:541} INFO - Filling up the DagBag from /home/airflow/.local/lib/python3.7/site-packages/airflow/example_dags/example_short_circuit_decorator.py
[2023-07-04T00:28:26.511+0000] {processor.py:836} INFO - DAG(s) dict_keys(['example_short_circuit_decorator']) retrieved from /home/airflow/.local/lib/python3.7/site-packages/airflow/example_dags/example_short_circuit_decorator.py
[2023-07-04T00:28:26.564+0000] {logging_mixin.py:149} INFO - [2023-07-04T00:28:26.564+0000] {dag.py:2726} INFO - Sync 1 DAGs
[2023-07-04T00:28:26.630+0000] {logging_mixin.py:149} INFO - [2023-07-04T00:28:26.630+0000] {dag.py:3490} INFO - Setting next_dagrun for example_short_circuit_decorator to 2023-07-03T00:28:26.629820+00:00, run_after=2023-07-04T00:28:26.629820+00:00
[2023-07-04T00:28:26.675+0000] {processor.py:179} INFO - Processing /home/airflow/.local/lib/python3.7/site-packages/airflow/example_dags/example_short_circuit_decorator.py took 0.192 seconds
[2023-07-04T00:28:57.029+0000] {processor.py:157} INFO - Started process (PID=2492) to work on /home/airflow/.local/lib/python3.7/site-packages/airflow/example_dags/example_short_circuit_decorator.py
[2023-07-04T00:28:57.031+0000] {processor.py:826} INFO - Processing file /home/airflow/.local/lib/python3.7/site-packages/airflow/example_dags/example_short_circuit_decorator.py for tasks to queue
[2023-07-04T00:28:57.033+0000] {logging_mixin.py:149} INFO - [2023-07-04T00:28:57.032+0000] {dagbag.py:541} INFO - Filling up the DagBag from /home/airflow/.local/lib/python3.7/site-packages/airflow/example_dags/example_short_circuit_decorator.py
[2023-07-04T00:28:57.051+0000] {processor.py:836} INFO - DAG(s) dict_keys(['example_short_circuit_decorator']) retrieved from /home/airflow/.local/lib/python3.7/site-packages/airflow/example_dags/example_short_circuit_decorator.py
[2023-07-04T00:28:57.101+0000] {logging_mixin.py:149} INFO - [2023-07-04T00:28:57.101+0000] {dag.py:2726} INFO - Sync 1 DAGs
[2023-07-04T00:28:57.149+0000] {logging_mixin.py:149} INFO - [2023-07-04T00:28:57.148+0000] {dag.py:3490} INFO - Setting next_dagrun for example_short_circuit_decorator to 2023-07-03T00:28:57.148369+00:00, run_after=2023-07-04T00:28:57.148369+00:00
[2023-07-04T00:28:57.181+0000] {processor.py:179} INFO - Processing /home/airflow/.local/lib/python3.7/site-packages/airflow/example_dags/example_short_circuit_decorator.py took 0.160 seconds
[2023-07-04T00:29:27.501+0000] {processor.py:157} INFO - Started process (PID=2549) to work on /home/airflow/.local/lib/python3.7/site-packages/airflow/example_dags/example_short_circuit_decorator.py
[2023-07-04T00:29:27.502+0000] {processor.py:826} INFO - Processing file /home/airflow/.local/lib/python3.7/site-packages/airflow/example_dags/example_short_circuit_decorator.py for tasks to queue
[2023-07-04T00:29:27.504+0000] {logging_mixin.py:149} INFO - [2023-07-04T00:29:27.503+0000] {dagbag.py:541} INFO - Filling up the DagBag from /home/airflow/.local/lib/python3.7/site-packages/airflow/example_dags/example_short_circuit_decorator.py
[2023-07-04T00:29:27.520+0000] {processor.py:836} INFO - DAG(s) dict_keys(['example_short_circuit_decorator']) retrieved from /home/airflow/.local/lib/python3.7/site-packages/airflow/example_dags/example_short_circuit_decorator.py
[2023-07-04T00:29:27.562+0000] {logging_mixin.py:149} INFO - [2023-07-04T00:29:27.561+0000] {dag.py:2726} INFO - Sync 1 DAGs
[2023-07-04T00:29:27.601+0000] {logging_mixin.py:149} INFO - [2023-07-04T00:29:27.601+0000] {dag.py:3490} INFO - Setting next_dagrun for example_short_circuit_decorator to 2023-07-03T00:29:27.601332+00:00, run_after=2023-07-04T00:29:27.601332+00:00
[2023-07-04T00:29:27.637+0000] {processor.py:179} INFO - Processing /home/airflow/.local/lib/python3.7/site-packages/airflow/example_dags/example_short_circuit_decorator.py took 0.141 seconds
[2023-07-04T00:29:58.256+0000] {processor.py:157} INFO - Started process (PID=2606) to work on /home/airflow/.local/lib/python3.7/site-packages/airflow/example_dags/example_short_circuit_decorator.py
[2023-07-04T00:29:58.258+0000] {processor.py:826} INFO - Processing file /home/airflow/.local/lib/python3.7/site-packages/airflow/example_dags/example_short_circuit_decorator.py for tasks to queue
[2023-07-04T00:29:58.259+0000] {logging_mixin.py:149} INFO - [2023-07-04T00:29:58.259+0000] {dagbag.py:541} INFO - Filling up the DagBag from /home/airflow/.local/lib/python3.7/site-packages/airflow/example_dags/example_short_circuit_decorator.py
[2023-07-04T00:29:58.280+0000] {processor.py:836} INFO - DAG(s) dict_keys(['example_short_circuit_decorator']) retrieved from /home/airflow/.local/lib/python3.7/site-packages/airflow/example_dags/example_short_circuit_decorator.py
[2023-07-04T00:29:58.346+0000] {logging_mixin.py:149} INFO - [2023-07-04T00:29:58.346+0000] {dag.py:2726} INFO - Sync 1 DAGs
[2023-07-04T00:29:58.472+0000] {logging_mixin.py:149} INFO - [2023-07-04T00:29:58.472+0000] {dag.py:3490} INFO - Setting next_dagrun for example_short_circuit_decorator to 2023-07-03T00:29:58.471729+00:00, run_after=2023-07-04T00:29:58.471729+00:00
[2023-07-04T00:29:58.532+0000] {processor.py:179} INFO - Processing /home/airflow/.local/lib/python3.7/site-packages/airflow/example_dags/example_short_circuit_decorator.py took 0.283 seconds
[2023-07-04T00:30:28.837+0000] {processor.py:157} INFO - Started process (PID=2663) to work on /home/airflow/.local/lib/python3.7/site-packages/airflow/example_dags/example_short_circuit_decorator.py
[2023-07-04T00:30:28.838+0000] {processor.py:826} INFO - Processing file /home/airflow/.local/lib/python3.7/site-packages/airflow/example_dags/example_short_circuit_decorator.py for tasks to queue
[2023-07-04T00:30:28.839+0000] {logging_mixin.py:149} INFO - [2023-07-04T00:30:28.839+0000] {dagbag.py:541} INFO - Filling up the DagBag from /home/airflow/.local/lib/python3.7/site-packages/airflow/example_dags/example_short_circuit_decorator.py
[2023-07-04T00:30:28.854+0000] {processor.py:836} INFO - DAG(s) dict_keys(['example_short_circuit_decorator']) retrieved from /home/airflow/.local/lib/python3.7/site-packages/airflow/example_dags/example_short_circuit_decorator.py
[2023-07-04T00:30:28.895+0000] {logging_mixin.py:149} INFO - [2023-07-04T00:30:28.895+0000] {dag.py:2726} INFO - Sync 1 DAGs
[2023-07-04T00:30:28.937+0000] {logging_mixin.py:149} INFO - [2023-07-04T00:30:28.937+0000] {dag.py:3490} INFO - Setting next_dagrun for example_short_circuit_decorator to 2023-07-03T00:30:28.936652+00:00, run_after=2023-07-04T00:30:28.936652+00:00
[2023-07-04T00:30:28.965+0000] {processor.py:179} INFO - Processing /home/airflow/.local/lib/python3.7/site-packages/airflow/example_dags/example_short_circuit_decorator.py took 0.133 seconds
[2023-07-04T00:30:59.796+0000] {processor.py:157} INFO - Started process (PID=2719) to work on /home/airflow/.local/lib/python3.7/site-packages/airflow/example_dags/example_short_circuit_decorator.py
[2023-07-04T00:30:59.798+0000] {processor.py:826} INFO - Processing file /home/airflow/.local/lib/python3.7/site-packages/airflow/example_dags/example_short_circuit_decorator.py for tasks to queue
[2023-07-04T00:30:59.800+0000] {logging_mixin.py:149} INFO - [2023-07-04T00:30:59.799+0000] {dagbag.py:541} INFO - Filling up the DagBag from /home/airflow/.local/lib/python3.7/site-packages/airflow/example_dags/example_short_circuit_decorator.py
[2023-07-04T00:30:59.827+0000] {processor.py:836} INFO - DAG(s) dict_keys(['example_short_circuit_decorator']) retrieved from /home/airflow/.local/lib/python3.7/site-packages/airflow/example_dags/example_short_circuit_decorator.py
[2023-07-04T00:30:59.898+0000] {logging_mixin.py:149} INFO - [2023-07-04T00:30:59.898+0000] {dag.py:2726} INFO - Sync 1 DAGs
[2023-07-04T00:30:59.980+0000] {logging_mixin.py:149} INFO - [2023-07-04T00:30:59.980+0000] {dag.py:3490} INFO - Setting next_dagrun for example_short_circuit_decorator to 2023-07-03T00:30:59.979370+00:00, run_after=2023-07-04T00:30:59.979370+00:00
[2023-07-04T00:31:00.019+0000] {processor.py:179} INFO - Processing /home/airflow/.local/lib/python3.7/site-packages/airflow/example_dags/example_short_circuit_decorator.py took 0.231 seconds
[2023-07-04T00:31:30.252+0000] {processor.py:157} INFO - Started process (PID=2776) to work on /home/airflow/.local/lib/python3.7/site-packages/airflow/example_dags/example_short_circuit_decorator.py
[2023-07-04T00:31:30.253+0000] {processor.py:826} INFO - Processing file /home/airflow/.local/lib/python3.7/site-packages/airflow/example_dags/example_short_circuit_decorator.py for tasks to queue
[2023-07-04T00:31:30.254+0000] {logging_mixin.py:149} INFO - [2023-07-04T00:31:30.254+0000] {dagbag.py:541} INFO - Filling up the DagBag from /home/airflow/.local/lib/python3.7/site-packages/airflow/example_dags/example_short_circuit_decorator.py
[2023-07-04T00:31:30.270+0000] {processor.py:836} INFO - DAG(s) dict_keys(['example_short_circuit_decorator']) retrieved from /home/airflow/.local/lib/python3.7/site-packages/airflow/example_dags/example_short_circuit_decorator.py
[2023-07-04T00:31:30.313+0000] {logging_mixin.py:149} INFO - [2023-07-04T00:31:30.313+0000] {dag.py:2726} INFO - Sync 1 DAGs
[2023-07-04T00:31:30.360+0000] {logging_mixin.py:149} INFO - [2023-07-04T00:31:30.360+0000] {dag.py:3490} INFO - Setting next_dagrun for example_short_circuit_decorator to 2023-07-03T00:31:30.359825+00:00, run_after=2023-07-04T00:31:30.359825+00:00
[2023-07-04T00:31:30.393+0000] {processor.py:179} INFO - Processing /home/airflow/.local/lib/python3.7/site-packages/airflow/example_dags/example_short_circuit_decorator.py took 0.146 seconds
[2023-07-04T00:32:00.692+0000] {processor.py:157} INFO - Started process (PID=2833) to work on /home/airflow/.local/lib/python3.7/site-packages/airflow/example_dags/example_short_circuit_decorator.py
[2023-07-04T00:32:00.693+0000] {processor.py:826} INFO - Processing file /home/airflow/.local/lib/python3.7/site-packages/airflow/example_dags/example_short_circuit_decorator.py for tasks to queue
[2023-07-04T00:32:00.694+0000] {logging_mixin.py:149} INFO - [2023-07-04T00:32:00.694+0000] {dagbag.py:541} INFO - Filling up the DagBag from /home/airflow/.local/lib/python3.7/site-packages/airflow/example_dags/example_short_circuit_decorator.py
[2023-07-04T00:32:00.713+0000] {processor.py:836} INFO - DAG(s) dict_keys(['example_short_circuit_decorator']) retrieved from /home/airflow/.local/lib/python3.7/site-packages/airflow/example_dags/example_short_circuit_decorator.py
[2023-07-04T00:32:00.754+0000] {logging_mixin.py:149} INFO - [2023-07-04T00:32:00.754+0000] {dag.py:2726} INFO - Sync 1 DAGs
[2023-07-04T00:32:00.797+0000] {logging_mixin.py:149} INFO - [2023-07-04T00:32:00.796+0000] {dag.py:3490} INFO - Setting next_dagrun for example_short_circuit_decorator to 2023-07-03T00:32:00.796435+00:00, run_after=2023-07-04T00:32:00.796435+00:00
[2023-07-04T00:32:00.832+0000] {processor.py:179} INFO - Processing /home/airflow/.local/lib/python3.7/site-packages/airflow/example_dags/example_short_circuit_decorator.py took 0.150 seconds
[2023-07-04T00:32:31.035+0000] {processor.py:157} INFO - Started process (PID=2890) to work on /home/airflow/.local/lib/python3.7/site-packages/airflow/example_dags/example_short_circuit_decorator.py
[2023-07-04T00:32:31.037+0000] {processor.py:826} INFO - Processing file /home/airflow/.local/lib/python3.7/site-packages/airflow/example_dags/example_short_circuit_decorator.py for tasks to queue
[2023-07-04T00:32:31.038+0000] {logging_mixin.py:149} INFO - [2023-07-04T00:32:31.038+0000] {dagbag.py:541} INFO - Filling up the DagBag from /home/airflow/.local/lib/python3.7/site-packages/airflow/example_dags/example_short_circuit_decorator.py
[2023-07-04T00:32:31.060+0000] {processor.py:836} INFO - DAG(s) dict_keys(['example_short_circuit_decorator']) retrieved from /home/airflow/.local/lib/python3.7/site-packages/airflow/example_dags/example_short_circuit_decorator.py
[2023-07-04T00:32:31.099+0000] {logging_mixin.py:149} INFO - [2023-07-04T00:32:31.099+0000] {dag.py:2726} INFO - Sync 1 DAGs
[2023-07-04T00:32:31.137+0000] {logging_mixin.py:149} INFO - [2023-07-04T00:32:31.137+0000] {dag.py:3490} INFO - Setting next_dagrun for example_short_circuit_decorator to 2023-07-03T00:32:31.137263+00:00, run_after=2023-07-04T00:32:31.137263+00:00
[2023-07-04T00:32:31.168+0000] {processor.py:179} INFO - Processing /home/airflow/.local/lib/python3.7/site-packages/airflow/example_dags/example_short_circuit_decorator.py took 0.139 seconds
[2023-07-04T00:33:01.471+0000] {processor.py:157} INFO - Started process (PID=2948) to work on /home/airflow/.local/lib/python3.7/site-packages/airflow/example_dags/example_short_circuit_decorator.py
[2023-07-04T00:33:01.473+0000] {processor.py:826} INFO - Processing file /home/airflow/.local/lib/python3.7/site-packages/airflow/example_dags/example_short_circuit_decorator.py for tasks to queue
[2023-07-04T00:33:01.475+0000] {logging_mixin.py:149} INFO - [2023-07-04T00:33:01.474+0000] {dagbag.py:541} INFO - Filling up the DagBag from /home/airflow/.local/lib/python3.7/site-packages/airflow/example_dags/example_short_circuit_decorator.py
[2023-07-04T00:33:01.496+0000] {processor.py:836} INFO - DAG(s) dict_keys(['example_short_circuit_decorator']) retrieved from /home/airflow/.local/lib/python3.7/site-packages/airflow/example_dags/example_short_circuit_decorator.py
[2023-07-04T00:33:01.541+0000] {logging_mixin.py:149} INFO - [2023-07-04T00:33:01.541+0000] {dag.py:2726} INFO - Sync 1 DAGs
[2023-07-04T00:33:01.587+0000] {logging_mixin.py:149} INFO - [2023-07-04T00:33:01.586+0000] {dag.py:3490} INFO - Setting next_dagrun for example_short_circuit_decorator to 2023-07-03T00:33:01.586550+00:00, run_after=2023-07-04T00:33:01.586550+00:00
[2023-07-04T00:33:01.624+0000] {processor.py:179} INFO - Processing /home/airflow/.local/lib/python3.7/site-packages/airflow/example_dags/example_short_circuit_decorator.py took 0.159 seconds
[2023-07-04T00:33:32.250+0000] {processor.py:157} INFO - Started process (PID=3005) to work on /home/airflow/.local/lib/python3.7/site-packages/airflow/example_dags/example_short_circuit_decorator.py
[2023-07-04T00:33:32.254+0000] {processor.py:826} INFO - Processing file /home/airflow/.local/lib/python3.7/site-packages/airflow/example_dags/example_short_circuit_decorator.py for tasks to queue
[2023-07-04T00:33:32.257+0000] {logging_mixin.py:149} INFO - [2023-07-04T00:33:32.256+0000] {dagbag.py:541} INFO - Filling up the DagBag from /home/airflow/.local/lib/python3.7/site-packages/airflow/example_dags/example_short_circuit_decorator.py
[2023-07-04T00:33:32.292+0000] {processor.py:836} INFO - DAG(s) dict_keys(['example_short_circuit_decorator']) retrieved from /home/airflow/.local/lib/python3.7/site-packages/airflow/example_dags/example_short_circuit_decorator.py
[2023-07-04T00:33:32.408+0000] {logging_mixin.py:149} INFO - [2023-07-04T00:33:32.408+0000] {dag.py:2726} INFO - Sync 1 DAGs
[2023-07-04T00:33:32.463+0000] {logging_mixin.py:149} INFO - [2023-07-04T00:33:32.463+0000] {dag.py:3490} INFO - Setting next_dagrun for example_short_circuit_decorator to 2023-07-03T00:33:32.463168+00:00, run_after=2023-07-04T00:33:32.463168+00:00
[2023-07-04T00:33:32.497+0000] {processor.py:179} INFO - Processing /home/airflow/.local/lib/python3.7/site-packages/airflow/example_dags/example_short_circuit_decorator.py took 0.257 seconds
[2023-07-04T00:34:02.631+0000] {processor.py:157} INFO - Started process (PID=3062) to work on /home/airflow/.local/lib/python3.7/site-packages/airflow/example_dags/example_short_circuit_decorator.py
[2023-07-04T00:34:02.633+0000] {processor.py:826} INFO - Processing file /home/airflow/.local/lib/python3.7/site-packages/airflow/example_dags/example_short_circuit_decorator.py for tasks to queue
[2023-07-04T00:34:02.634+0000] {logging_mixin.py:149} INFO - [2023-07-04T00:34:02.633+0000] {dagbag.py:541} INFO - Filling up the DagBag from /home/airflow/.local/lib/python3.7/site-packages/airflow/example_dags/example_short_circuit_decorator.py
[2023-07-04T00:34:02.650+0000] {processor.py:836} INFO - DAG(s) dict_keys(['example_short_circuit_decorator']) retrieved from /home/airflow/.local/lib/python3.7/site-packages/airflow/example_dags/example_short_circuit_decorator.py
[2023-07-04T00:34:02.734+0000] {logging_mixin.py:149} INFO - [2023-07-04T00:34:02.734+0000] {dag.py:2726} INFO - Sync 1 DAGs
[2023-07-04T00:34:02.811+0000] {logging_mixin.py:149} INFO - [2023-07-04T00:34:02.811+0000] {dag.py:3490} INFO - Setting next_dagrun for example_short_circuit_decorator to 2023-07-03T00:34:02.810858+00:00, run_after=2023-07-04T00:34:02.810858+00:00
[2023-07-04T00:34:02.853+0000] {processor.py:179} INFO - Processing /home/airflow/.local/lib/python3.7/site-packages/airflow/example_dags/example_short_circuit_decorator.py took 0.227 seconds
[2023-07-04T00:34:33.576+0000] {processor.py:157} INFO - Started process (PID=3119) to work on /home/airflow/.local/lib/python3.7/site-packages/airflow/example_dags/example_short_circuit_decorator.py
[2023-07-04T00:34:33.578+0000] {processor.py:826} INFO - Processing file /home/airflow/.local/lib/python3.7/site-packages/airflow/example_dags/example_short_circuit_decorator.py for tasks to queue
[2023-07-04T00:34:33.580+0000] {logging_mixin.py:149} INFO - [2023-07-04T00:34:33.580+0000] {dagbag.py:541} INFO - Filling up the DagBag from /home/airflow/.local/lib/python3.7/site-packages/airflow/example_dags/example_short_circuit_decorator.py
[2023-07-04T00:34:33.603+0000] {processor.py:836} INFO - DAG(s) dict_keys(['example_short_circuit_decorator']) retrieved from /home/airflow/.local/lib/python3.7/site-packages/airflow/example_dags/example_short_circuit_decorator.py
[2023-07-04T00:34:33.661+0000] {logging_mixin.py:149} INFO - [2023-07-04T00:34:33.661+0000] {dag.py:2726} INFO - Sync 1 DAGs
[2023-07-04T00:34:33.721+0000] {logging_mixin.py:149} INFO - [2023-07-04T00:34:33.720+0000] {dag.py:3490} INFO - Setting next_dagrun for example_short_circuit_decorator to 2023-07-03T00:34:33.720536+00:00, run_after=2023-07-04T00:34:33.720536+00:00
[2023-07-04T00:34:33.764+0000] {processor.py:179} INFO - Processing /home/airflow/.local/lib/python3.7/site-packages/airflow/example_dags/example_short_circuit_decorator.py took 0.195 seconds
[2023-07-04T00:35:04.267+0000] {processor.py:157} INFO - Started process (PID=3175) to work on /home/airflow/.local/lib/python3.7/site-packages/airflow/example_dags/example_short_circuit_decorator.py
[2023-07-04T00:35:04.269+0000] {processor.py:826} INFO - Processing file /home/airflow/.local/lib/python3.7/site-packages/airflow/example_dags/example_short_circuit_decorator.py for tasks to queue
[2023-07-04T00:35:04.271+0000] {logging_mixin.py:149} INFO - [2023-07-04T00:35:04.271+0000] {dagbag.py:541} INFO - Filling up the DagBag from /home/airflow/.local/lib/python3.7/site-packages/airflow/example_dags/example_short_circuit_decorator.py
[2023-07-04T00:35:04.292+0000] {processor.py:836} INFO - DAG(s) dict_keys(['example_short_circuit_decorator']) retrieved from /home/airflow/.local/lib/python3.7/site-packages/airflow/example_dags/example_short_circuit_decorator.py
[2023-07-04T00:35:04.359+0000] {logging_mixin.py:149} INFO - [2023-07-04T00:35:04.359+0000] {dag.py:2726} INFO - Sync 1 DAGs
[2023-07-04T00:35:04.450+0000] {logging_mixin.py:149} INFO - [2023-07-04T00:35:04.450+0000] {dag.py:3490} INFO - Setting next_dagrun for example_short_circuit_decorator to 2023-07-03T00:35:04.449138+00:00, run_after=2023-07-04T00:35:04.449138+00:00
[2023-07-04T00:35:04.518+0000] {processor.py:179} INFO - Processing /home/airflow/.local/lib/python3.7/site-packages/airflow/example_dags/example_short_circuit_decorator.py took 0.260 seconds
