[2023-07-04T00:07:08.110+0000] {processor.py:157} INFO - Started process (PID=65) to work on /home/airflow/.local/lib/python3.7/site-packages/airflow/example_dags/example_dag_decorator.py
[2023-07-04T00:07:08.125+0000] {processor.py:826} INFO - Processing file /home/airflow/.local/lib/python3.7/site-packages/airflow/example_dags/example_dag_decorator.py for tasks to queue
[2023-07-04T00:07:08.127+0000] {logging_mixin.py:149} INFO - [2023-07-04T00:07:08.127+0000] {dagbag.py:541} INFO - Filling up the DagBag from /home/airflow/.local/lib/python3.7/site-packages/airflow/example_dags/example_dag_decorator.py
[2023-07-04T00:07:08.221+0000] {processor.py:836} INFO - DAG(s) dict_keys(['example_dag_decorator']) retrieved from /home/airflow/.local/lib/python3.7/site-packages/airflow/example_dags/example_dag_decorator.py
[2023-07-04T00:07:09.079+0000] {logging_mixin.py:149} INFO - [2023-07-04T00:07:09.078+0000] {dag.py:2726} INFO - Sync 1 DAGs
[2023-07-04T00:07:09.186+0000] {logging_mixin.py:149} INFO - [2023-07-04T00:07:09.186+0000] {dag.py:3490} INFO - Setting next_dagrun for example_dag_decorator to None, run_after=None
[2023-07-04T00:07:09.247+0000] {processor.py:179} INFO - Processing /home/airflow/.local/lib/python3.7/site-packages/airflow/example_dags/example_dag_decorator.py took 1.182 seconds
[2023-07-04T00:07:39.320+0000] {processor.py:157} INFO - Started process (PID=124) to work on /home/airflow/.local/lib/python3.7/site-packages/airflow/example_dags/example_dag_decorator.py
[2023-07-04T00:07:39.321+0000] {processor.py:826} INFO - Processing file /home/airflow/.local/lib/python3.7/site-packages/airflow/example_dags/example_dag_decorator.py for tasks to queue
[2023-07-04T00:07:39.322+0000] {logging_mixin.py:149} INFO - [2023-07-04T00:07:39.322+0000] {dagbag.py:541} INFO - Filling up the DagBag from /home/airflow/.local/lib/python3.7/site-packages/airflow/example_dags/example_dag_decorator.py
[2023-07-04T00:07:39.342+0000] {processor.py:836} INFO - DAG(s) dict_keys(['example_dag_decorator']) retrieved from /home/airflow/.local/lib/python3.7/site-packages/airflow/example_dags/example_dag_decorator.py
[2023-07-04T00:07:39.550+0000] {logging_mixin.py:149} INFO - [2023-07-04T00:07:39.550+0000] {dag.py:2726} INFO - Sync 1 DAGs
[2023-07-04T00:07:39.588+0000] {logging_mixin.py:149} INFO - [2023-07-04T00:07:39.587+0000] {dag.py:3490} INFO - Setting next_dagrun for example_dag_decorator to None, run_after=None
[2023-07-04T00:07:39.615+0000] {processor.py:179} INFO - Processing /home/airflow/.local/lib/python3.7/site-packages/airflow/example_dags/example_dag_decorator.py took 0.300 seconds
[2023-07-04T00:08:09.769+0000] {processor.py:157} INFO - Started process (PID=181) to work on /home/airflow/.local/lib/python3.7/site-packages/airflow/example_dags/example_dag_decorator.py
[2023-07-04T00:08:09.771+0000] {processor.py:826} INFO - Processing file /home/airflow/.local/lib/python3.7/site-packages/airflow/example_dags/example_dag_decorator.py for tasks to queue
[2023-07-04T00:08:09.772+0000] {logging_mixin.py:149} INFO - [2023-07-04T00:08:09.772+0000] {dagbag.py:541} INFO - Filling up the DagBag from /home/airflow/.local/lib/python3.7/site-packages/airflow/example_dags/example_dag_decorator.py
[2023-07-04T00:08:09.796+0000] {processor.py:836} INFO - DAG(s) dict_keys(['example_dag_decorator']) retrieved from /home/airflow/.local/lib/python3.7/site-packages/airflow/example_dags/example_dag_decorator.py
[2023-07-04T00:08:09.980+0000] {logging_mixin.py:149} INFO - [2023-07-04T00:08:09.980+0000] {dag.py:2726} INFO - Sync 1 DAGs
[2023-07-04T00:08:10.013+0000] {logging_mixin.py:149} INFO - [2023-07-04T00:08:10.013+0000] {dag.py:3490} INFO - Setting next_dagrun for example_dag_decorator to None, run_after=None
[2023-07-04T00:08:10.066+0000] {processor.py:179} INFO - Processing /home/airflow/.local/lib/python3.7/site-packages/airflow/example_dags/example_dag_decorator.py took 0.303 seconds
[2023-07-04T00:08:40.392+0000] {processor.py:157} INFO - Started process (PID=238) to work on /home/airflow/.local/lib/python3.7/site-packages/airflow/example_dags/example_dag_decorator.py
[2023-07-04T00:08:40.394+0000] {processor.py:826} INFO - Processing file /home/airflow/.local/lib/python3.7/site-packages/airflow/example_dags/example_dag_decorator.py for tasks to queue
[2023-07-04T00:08:40.395+0000] {logging_mixin.py:149} INFO - [2023-07-04T00:08:40.395+0000] {dagbag.py:541} INFO - Filling up the DagBag from /home/airflow/.local/lib/python3.7/site-packages/airflow/example_dags/example_dag_decorator.py
[2023-07-04T00:08:40.423+0000] {processor.py:836} INFO - DAG(s) dict_keys(['example_dag_decorator']) retrieved from /home/airflow/.local/lib/python3.7/site-packages/airflow/example_dags/example_dag_decorator.py
[2023-07-04T00:08:40.656+0000] {logging_mixin.py:149} INFO - [2023-07-04T00:08:40.655+0000] {dag.py:2726} INFO - Sync 1 DAGs
[2023-07-04T00:08:40.695+0000] {logging_mixin.py:149} INFO - [2023-07-04T00:08:40.695+0000] {dag.py:3490} INFO - Setting next_dagrun for example_dag_decorator to None, run_after=None
[2023-07-04T00:08:40.729+0000] {processor.py:179} INFO - Processing /home/airflow/.local/lib/python3.7/site-packages/airflow/example_dags/example_dag_decorator.py took 0.346 seconds
[2023-07-04T00:09:10.968+0000] {processor.py:157} INFO - Started process (PID=295) to work on /home/airflow/.local/lib/python3.7/site-packages/airflow/example_dags/example_dag_decorator.py
[2023-07-04T00:09:10.970+0000] {processor.py:826} INFO - Processing file /home/airflow/.local/lib/python3.7/site-packages/airflow/example_dags/example_dag_decorator.py for tasks to queue
[2023-07-04T00:09:10.972+0000] {logging_mixin.py:149} INFO - [2023-07-04T00:09:10.972+0000] {dagbag.py:541} INFO - Filling up the DagBag from /home/airflow/.local/lib/python3.7/site-packages/airflow/example_dags/example_dag_decorator.py
[2023-07-04T00:09:11.005+0000] {processor.py:836} INFO - DAG(s) dict_keys(['example_dag_decorator']) retrieved from /home/airflow/.local/lib/python3.7/site-packages/airflow/example_dags/example_dag_decorator.py
[2023-07-04T00:09:11.199+0000] {logging_mixin.py:149} INFO - [2023-07-04T00:09:11.199+0000] {dag.py:2726} INFO - Sync 1 DAGs
[2023-07-04T00:09:11.233+0000] {logging_mixin.py:149} INFO - [2023-07-04T00:09:11.233+0000] {dag.py:3490} INFO - Setting next_dagrun for example_dag_decorator to None, run_after=None
[2023-07-04T00:09:11.261+0000] {processor.py:179} INFO - Processing /home/airflow/.local/lib/python3.7/site-packages/airflow/example_dags/example_dag_decorator.py took 0.300 seconds
[2023-07-04T00:09:41.497+0000] {processor.py:157} INFO - Started process (PID=351) to work on /home/airflow/.local/lib/python3.7/site-packages/airflow/example_dags/example_dag_decorator.py
[2023-07-04T00:09:41.499+0000] {processor.py:826} INFO - Processing file /home/airflow/.local/lib/python3.7/site-packages/airflow/example_dags/example_dag_decorator.py for tasks to queue
[2023-07-04T00:09:41.502+0000] {logging_mixin.py:149} INFO - [2023-07-04T00:09:41.501+0000] {dagbag.py:541} INFO - Filling up the DagBag from /home/airflow/.local/lib/python3.7/site-packages/airflow/example_dags/example_dag_decorator.py
[2023-07-04T00:09:41.527+0000] {processor.py:836} INFO - DAG(s) dict_keys(['example_dag_decorator']) retrieved from /home/airflow/.local/lib/python3.7/site-packages/airflow/example_dags/example_dag_decorator.py
[2023-07-04T00:09:41.767+0000] {logging_mixin.py:149} INFO - [2023-07-04T00:09:41.767+0000] {dag.py:2726} INFO - Sync 1 DAGs
[2023-07-04T00:09:41.813+0000] {logging_mixin.py:149} INFO - [2023-07-04T00:09:41.812+0000] {dag.py:3490} INFO - Setting next_dagrun for example_dag_decorator to None, run_after=None
[2023-07-04T00:09:41.845+0000] {processor.py:179} INFO - Processing /home/airflow/.local/lib/python3.7/site-packages/airflow/example_dags/example_dag_decorator.py took 0.354 seconds
[2023-07-04T00:10:12.057+0000] {processor.py:157} INFO - Started process (PID=407) to work on /home/airflow/.local/lib/python3.7/site-packages/airflow/example_dags/example_dag_decorator.py
[2023-07-04T00:10:12.058+0000] {processor.py:826} INFO - Processing file /home/airflow/.local/lib/python3.7/site-packages/airflow/example_dags/example_dag_decorator.py for tasks to queue
[2023-07-04T00:10:12.061+0000] {logging_mixin.py:149} INFO - [2023-07-04T00:10:12.060+0000] {dagbag.py:541} INFO - Filling up the DagBag from /home/airflow/.local/lib/python3.7/site-packages/airflow/example_dags/example_dag_decorator.py
[2023-07-04T00:10:12.092+0000] {processor.py:836} INFO - DAG(s) dict_keys(['example_dag_decorator']) retrieved from /home/airflow/.local/lib/python3.7/site-packages/airflow/example_dags/example_dag_decorator.py
[2023-07-04T00:10:12.377+0000] {logging_mixin.py:149} INFO - [2023-07-04T00:10:12.377+0000] {dag.py:2726} INFO - Sync 1 DAGs
[2023-07-04T00:10:12.419+0000] {logging_mixin.py:149} INFO - [2023-07-04T00:10:12.419+0000] {dag.py:3490} INFO - Setting next_dagrun for example_dag_decorator to None, run_after=None
[2023-07-04T00:10:12.456+0000] {processor.py:179} INFO - Processing /home/airflow/.local/lib/python3.7/site-packages/airflow/example_dags/example_dag_decorator.py took 0.406 seconds
[2023-07-04T00:10:42.933+0000] {processor.py:157} INFO - Started process (PID=464) to work on /home/airflow/.local/lib/python3.7/site-packages/airflow/example_dags/example_dag_decorator.py
[2023-07-04T00:10:42.936+0000] {processor.py:826} INFO - Processing file /home/airflow/.local/lib/python3.7/site-packages/airflow/example_dags/example_dag_decorator.py for tasks to queue
[2023-07-04T00:10:42.938+0000] {logging_mixin.py:149} INFO - [2023-07-04T00:10:42.937+0000] {dagbag.py:541} INFO - Filling up the DagBag from /home/airflow/.local/lib/python3.7/site-packages/airflow/example_dags/example_dag_decorator.py
[2023-07-04T00:10:42.964+0000] {processor.py:836} INFO - DAG(s) dict_keys(['example_dag_decorator']) retrieved from /home/airflow/.local/lib/python3.7/site-packages/airflow/example_dags/example_dag_decorator.py
[2023-07-04T00:10:43.214+0000] {logging_mixin.py:149} INFO - [2023-07-04T00:10:43.214+0000] {dag.py:2726} INFO - Sync 1 DAGs
[2023-07-04T00:10:43.267+0000] {logging_mixin.py:149} INFO - [2023-07-04T00:10:43.267+0000] {dag.py:3490} INFO - Setting next_dagrun for example_dag_decorator to None, run_after=None
[2023-07-04T00:10:43.311+0000] {processor.py:179} INFO - Processing /home/airflow/.local/lib/python3.7/site-packages/airflow/example_dags/example_dag_decorator.py took 0.385 seconds
[2023-07-04T00:11:13.986+0000] {processor.py:157} INFO - Started process (PID=521) to work on /home/airflow/.local/lib/python3.7/site-packages/airflow/example_dags/example_dag_decorator.py
[2023-07-04T00:11:13.988+0000] {processor.py:826} INFO - Processing file /home/airflow/.local/lib/python3.7/site-packages/airflow/example_dags/example_dag_decorator.py for tasks to queue
[2023-07-04T00:11:13.991+0000] {logging_mixin.py:149} INFO - [2023-07-04T00:11:13.990+0000] {dagbag.py:541} INFO - Filling up the DagBag from /home/airflow/.local/lib/python3.7/site-packages/airflow/example_dags/example_dag_decorator.py
[2023-07-04T00:11:14.042+0000] {processor.py:836} INFO - DAG(s) dict_keys(['example_dag_decorator']) retrieved from /home/airflow/.local/lib/python3.7/site-packages/airflow/example_dags/example_dag_decorator.py
[2023-07-04T00:11:14.398+0000] {logging_mixin.py:149} INFO - [2023-07-04T00:11:14.398+0000] {dag.py:2726} INFO - Sync 1 DAGs
[2023-07-04T00:11:14.462+0000] {logging_mixin.py:149} INFO - [2023-07-04T00:11:14.462+0000] {dag.py:3490} INFO - Setting next_dagrun for example_dag_decorator to None, run_after=None
[2023-07-04T00:11:14.511+0000] {processor.py:179} INFO - Processing /home/airflow/.local/lib/python3.7/site-packages/airflow/example_dags/example_dag_decorator.py took 0.533 seconds
[2023-07-04T00:11:44.954+0000] {processor.py:157} INFO - Started process (PID=578) to work on /home/airflow/.local/lib/python3.7/site-packages/airflow/example_dags/example_dag_decorator.py
[2023-07-04T00:11:44.956+0000] {processor.py:826} INFO - Processing file /home/airflow/.local/lib/python3.7/site-packages/airflow/example_dags/example_dag_decorator.py for tasks to queue
[2023-07-04T00:11:44.957+0000] {logging_mixin.py:149} INFO - [2023-07-04T00:11:44.957+0000] {dagbag.py:541} INFO - Filling up the DagBag from /home/airflow/.local/lib/python3.7/site-packages/airflow/example_dags/example_dag_decorator.py
[2023-07-04T00:11:44.992+0000] {processor.py:836} INFO - DAG(s) dict_keys(['example_dag_decorator']) retrieved from /home/airflow/.local/lib/python3.7/site-packages/airflow/example_dags/example_dag_decorator.py
[2023-07-04T00:11:45.339+0000] {logging_mixin.py:149} INFO - [2023-07-04T00:11:45.339+0000] {dag.py:2726} INFO - Sync 1 DAGs
[2023-07-04T00:11:45.408+0000] {logging_mixin.py:149} INFO - [2023-07-04T00:11:45.408+0000] {dag.py:3490} INFO - Setting next_dagrun for example_dag_decorator to None, run_after=None
[2023-07-04T00:11:45.459+0000] {processor.py:179} INFO - Processing /home/airflow/.local/lib/python3.7/site-packages/airflow/example_dags/example_dag_decorator.py took 0.511 seconds
[2023-07-04T00:12:15.817+0000] {processor.py:157} INFO - Started process (PID=635) to work on /home/airflow/.local/lib/python3.7/site-packages/airflow/example_dags/example_dag_decorator.py
[2023-07-04T00:12:15.819+0000] {processor.py:826} INFO - Processing file /home/airflow/.local/lib/python3.7/site-packages/airflow/example_dags/example_dag_decorator.py for tasks to queue
[2023-07-04T00:12:15.820+0000] {logging_mixin.py:149} INFO - [2023-07-04T00:12:15.820+0000] {dagbag.py:541} INFO - Filling up the DagBag from /home/airflow/.local/lib/python3.7/site-packages/airflow/example_dags/example_dag_decorator.py
[2023-07-04T00:12:15.851+0000] {processor.py:836} INFO - DAG(s) dict_keys(['example_dag_decorator']) retrieved from /home/airflow/.local/lib/python3.7/site-packages/airflow/example_dags/example_dag_decorator.py
[2023-07-04T00:12:16.339+0000] {logging_mixin.py:149} INFO - [2023-07-04T00:12:16.338+0000] {dag.py:2726} INFO - Sync 1 DAGs
[2023-07-04T00:12:16.496+0000] {logging_mixin.py:149} INFO - [2023-07-04T00:12:16.493+0000] {dag.py:3490} INFO - Setting next_dagrun for example_dag_decorator to None, run_after=None
[2023-07-04T00:12:16.608+0000] {processor.py:179} INFO - Processing /home/airflow/.local/lib/python3.7/site-packages/airflow/example_dags/example_dag_decorator.py took 0.798 seconds
[2023-07-04T00:12:46.914+0000] {processor.py:157} INFO - Started process (PID=692) to work on /home/airflow/.local/lib/python3.7/site-packages/airflow/example_dags/example_dag_decorator.py
[2023-07-04T00:12:46.916+0000] {processor.py:826} INFO - Processing file /home/airflow/.local/lib/python3.7/site-packages/airflow/example_dags/example_dag_decorator.py for tasks to queue
[2023-07-04T00:12:46.917+0000] {logging_mixin.py:149} INFO - [2023-07-04T00:12:46.917+0000] {dagbag.py:541} INFO - Filling up the DagBag from /home/airflow/.local/lib/python3.7/site-packages/airflow/example_dags/example_dag_decorator.py
[2023-07-04T00:12:46.956+0000] {processor.py:836} INFO - DAG(s) dict_keys(['example_dag_decorator']) retrieved from /home/airflow/.local/lib/python3.7/site-packages/airflow/example_dags/example_dag_decorator.py
[2023-07-04T00:12:47.291+0000] {logging_mixin.py:149} INFO - [2023-07-04T00:12:47.291+0000] {dag.py:2726} INFO - Sync 1 DAGs
[2023-07-04T00:12:47.358+0000] {logging_mixin.py:149} INFO - [2023-07-04T00:12:47.358+0000] {dag.py:3490} INFO - Setting next_dagrun for example_dag_decorator to None, run_after=None
[2023-07-04T00:12:47.406+0000] {processor.py:179} INFO - Processing /home/airflow/.local/lib/python3.7/site-packages/airflow/example_dags/example_dag_decorator.py took 0.501 seconds
[2023-07-04T00:13:17.578+0000] {processor.py:157} INFO - Started process (PID=750) to work on /home/airflow/.local/lib/python3.7/site-packages/airflow/example_dags/example_dag_decorator.py
[2023-07-04T00:13:17.581+0000] {processor.py:826} INFO - Processing file /home/airflow/.local/lib/python3.7/site-packages/airflow/example_dags/example_dag_decorator.py for tasks to queue
[2023-07-04T00:13:17.583+0000] {logging_mixin.py:149} INFO - [2023-07-04T00:13:17.582+0000] {dagbag.py:541} INFO - Filling up the DagBag from /home/airflow/.local/lib/python3.7/site-packages/airflow/example_dags/example_dag_decorator.py
[2023-07-04T00:13:17.612+0000] {processor.py:836} INFO - DAG(s) dict_keys(['example_dag_decorator']) retrieved from /home/airflow/.local/lib/python3.7/site-packages/airflow/example_dags/example_dag_decorator.py
[2023-07-04T00:13:17.868+0000] {logging_mixin.py:149} INFO - [2023-07-04T00:13:17.867+0000] {dag.py:2726} INFO - Sync 1 DAGs
[2023-07-04T00:13:17.918+0000] {logging_mixin.py:149} INFO - [2023-07-04T00:13:17.917+0000] {dag.py:3490} INFO - Setting next_dagrun for example_dag_decorator to None, run_after=None
[2023-07-04T00:13:17.957+0000] {processor.py:179} INFO - Processing /home/airflow/.local/lib/python3.7/site-packages/airflow/example_dags/example_dag_decorator.py took 0.385 seconds
[2023-07-04T00:13:48.405+0000] {processor.py:157} INFO - Started process (PID=808) to work on /home/airflow/.local/lib/python3.7/site-packages/airflow/example_dags/example_dag_decorator.py
[2023-07-04T00:13:48.407+0000] {processor.py:826} INFO - Processing file /home/airflow/.local/lib/python3.7/site-packages/airflow/example_dags/example_dag_decorator.py for tasks to queue
[2023-07-04T00:13:48.409+0000] {logging_mixin.py:149} INFO - [2023-07-04T00:13:48.408+0000] {dagbag.py:541} INFO - Filling up the DagBag from /home/airflow/.local/lib/python3.7/site-packages/airflow/example_dags/example_dag_decorator.py
[2023-07-04T00:13:48.456+0000] {processor.py:836} INFO - DAG(s) dict_keys(['example_dag_decorator']) retrieved from /home/airflow/.local/lib/python3.7/site-packages/airflow/example_dags/example_dag_decorator.py
[2023-07-04T00:13:48.964+0000] {logging_mixin.py:149} INFO - [2023-07-04T00:13:48.963+0000] {dag.py:2726} INFO - Sync 1 DAGs
[2023-07-04T00:13:49.042+0000] {logging_mixin.py:149} INFO - [2023-07-04T00:13:49.041+0000] {dag.py:3490} INFO - Setting next_dagrun for example_dag_decorator to None, run_after=None
[2023-07-04T00:13:49.100+0000] {processor.py:179} INFO - Processing /home/airflow/.local/lib/python3.7/site-packages/airflow/example_dags/example_dag_decorator.py took 0.706 seconds
[2023-07-04T00:14:19.225+0000] {processor.py:157} INFO - Started process (PID=866) to work on /home/airflow/.local/lib/python3.7/site-packages/airflow/example_dags/example_dag_decorator.py
[2023-07-04T00:14:19.227+0000] {processor.py:826} INFO - Processing file /home/airflow/.local/lib/python3.7/site-packages/airflow/example_dags/example_dag_decorator.py for tasks to queue
[2023-07-04T00:14:19.228+0000] {logging_mixin.py:149} INFO - [2023-07-04T00:14:19.228+0000] {dagbag.py:541} INFO - Filling up the DagBag from /home/airflow/.local/lib/python3.7/site-packages/airflow/example_dags/example_dag_decorator.py
[2023-07-04T00:14:19.270+0000] {processor.py:836} INFO - DAG(s) dict_keys(['example_dag_decorator']) retrieved from /home/airflow/.local/lib/python3.7/site-packages/airflow/example_dags/example_dag_decorator.py
[2023-07-04T00:14:19.613+0000] {logging_mixin.py:149} INFO - [2023-07-04T00:14:19.612+0000] {dag.py:2726} INFO - Sync 1 DAGs
[2023-07-04T00:14:19.671+0000] {logging_mixin.py:149} INFO - [2023-07-04T00:14:19.671+0000] {dag.py:3490} INFO - Setting next_dagrun for example_dag_decorator to None, run_after=None
[2023-07-04T00:14:19.712+0000] {processor.py:179} INFO - Processing /home/airflow/.local/lib/python3.7/site-packages/airflow/example_dags/example_dag_decorator.py took 0.495 seconds
[2023-07-04T00:14:49.967+0000] {processor.py:157} INFO - Started process (PID=922) to work on /home/airflow/.local/lib/python3.7/site-packages/airflow/example_dags/example_dag_decorator.py
[2023-07-04T00:14:49.969+0000] {processor.py:826} INFO - Processing file /home/airflow/.local/lib/python3.7/site-packages/airflow/example_dags/example_dag_decorator.py for tasks to queue
[2023-07-04T00:14:49.971+0000] {logging_mixin.py:149} INFO - [2023-07-04T00:14:49.971+0000] {dagbag.py:541} INFO - Filling up the DagBag from /home/airflow/.local/lib/python3.7/site-packages/airflow/example_dags/example_dag_decorator.py
[2023-07-04T00:14:50.021+0000] {processor.py:836} INFO - DAG(s) dict_keys(['example_dag_decorator']) retrieved from /home/airflow/.local/lib/python3.7/site-packages/airflow/example_dags/example_dag_decorator.py
[2023-07-04T00:14:50.408+0000] {logging_mixin.py:149} INFO - [2023-07-04T00:14:50.408+0000] {dag.py:2726} INFO - Sync 1 DAGs
[2023-07-04T00:14:50.474+0000] {logging_mixin.py:149} INFO - [2023-07-04T00:14:50.474+0000] {dag.py:3490} INFO - Setting next_dagrun for example_dag_decorator to None, run_after=None
[2023-07-04T00:14:50.530+0000] {processor.py:179} INFO - Processing /home/airflow/.local/lib/python3.7/site-packages/airflow/example_dags/example_dag_decorator.py took 0.580 seconds
[2023-07-04T00:15:20.822+0000] {processor.py:157} INFO - Started process (PID=979) to work on /home/airflow/.local/lib/python3.7/site-packages/airflow/example_dags/example_dag_decorator.py
[2023-07-04T00:15:20.824+0000] {processor.py:826} INFO - Processing file /home/airflow/.local/lib/python3.7/site-packages/airflow/example_dags/example_dag_decorator.py for tasks to queue
[2023-07-04T00:15:20.826+0000] {logging_mixin.py:149} INFO - [2023-07-04T00:15:20.826+0000] {dagbag.py:541} INFO - Filling up the DagBag from /home/airflow/.local/lib/python3.7/site-packages/airflow/example_dags/example_dag_decorator.py
[2023-07-04T00:15:20.857+0000] {processor.py:836} INFO - DAG(s) dict_keys(['example_dag_decorator']) retrieved from /home/airflow/.local/lib/python3.7/site-packages/airflow/example_dags/example_dag_decorator.py
[2023-07-04T00:15:21.137+0000] {logging_mixin.py:149} INFO - [2023-07-04T00:15:21.136+0000] {dag.py:2726} INFO - Sync 1 DAGs
[2023-07-04T00:15:21.203+0000] {logging_mixin.py:149} INFO - [2023-07-04T00:15:21.203+0000] {dag.py:3490} INFO - Setting next_dagrun for example_dag_decorator to None, run_after=None
[2023-07-04T00:15:21.248+0000] {processor.py:179} INFO - Processing /home/airflow/.local/lib/python3.7/site-packages/airflow/example_dags/example_dag_decorator.py took 0.434 seconds
[2023-07-04T00:15:51.690+0000] {processor.py:157} INFO - Started process (PID=1037) to work on /home/airflow/.local/lib/python3.7/site-packages/airflow/example_dags/example_dag_decorator.py
[2023-07-04T00:15:51.691+0000] {processor.py:826} INFO - Processing file /home/airflow/.local/lib/python3.7/site-packages/airflow/example_dags/example_dag_decorator.py for tasks to queue
[2023-07-04T00:15:51.693+0000] {logging_mixin.py:149} INFO - [2023-07-04T00:15:51.693+0000] {dagbag.py:541} INFO - Filling up the DagBag from /home/airflow/.local/lib/python3.7/site-packages/airflow/example_dags/example_dag_decorator.py
[2023-07-04T00:15:51.728+0000] {processor.py:836} INFO - DAG(s) dict_keys(['example_dag_decorator']) retrieved from /home/airflow/.local/lib/python3.7/site-packages/airflow/example_dags/example_dag_decorator.py
[2023-07-04T00:15:52.022+0000] {logging_mixin.py:149} INFO - [2023-07-04T00:15:52.022+0000] {dag.py:2726} INFO - Sync 1 DAGs
[2023-07-04T00:15:52.076+0000] {logging_mixin.py:149} INFO - [2023-07-04T00:15:52.076+0000] {dag.py:3490} INFO - Setting next_dagrun for example_dag_decorator to None, run_after=None
[2023-07-04T00:15:52.125+0000] {processor.py:179} INFO - Processing /home/airflow/.local/lib/python3.7/site-packages/airflow/example_dags/example_dag_decorator.py took 0.443 seconds
[2023-07-04T00:16:22.172+0000] {processor.py:157} INFO - Started process (PID=1094) to work on /home/airflow/.local/lib/python3.7/site-packages/airflow/example_dags/example_dag_decorator.py
[2023-07-04T00:16:22.174+0000] {processor.py:826} INFO - Processing file /home/airflow/.local/lib/python3.7/site-packages/airflow/example_dags/example_dag_decorator.py for tasks to queue
[2023-07-04T00:16:22.174+0000] {logging_mixin.py:149} INFO - [2023-07-04T00:16:22.174+0000] {dagbag.py:541} INFO - Filling up the DagBag from /home/airflow/.local/lib/python3.7/site-packages/airflow/example_dags/example_dag_decorator.py
[2023-07-04T00:16:22.196+0000] {processor.py:836} INFO - DAG(s) dict_keys(['example_dag_decorator']) retrieved from /home/airflow/.local/lib/python3.7/site-packages/airflow/example_dags/example_dag_decorator.py
[2023-07-04T00:16:22.408+0000] {logging_mixin.py:149} INFO - [2023-07-04T00:16:22.408+0000] {dag.py:2726} INFO - Sync 1 DAGs
[2023-07-04T00:16:22.450+0000] {logging_mixin.py:149} INFO - [2023-07-04T00:16:22.450+0000] {dag.py:3490} INFO - Setting next_dagrun for example_dag_decorator to None, run_after=None
[2023-07-04T00:16:22.485+0000] {processor.py:179} INFO - Processing /home/airflow/.local/lib/python3.7/site-packages/airflow/example_dags/example_dag_decorator.py took 0.317 seconds
[2023-07-04T00:16:52.566+0000] {processor.py:157} INFO - Started process (PID=1151) to work on /home/airflow/.local/lib/python3.7/site-packages/airflow/example_dags/example_dag_decorator.py
[2023-07-04T00:16:52.567+0000] {processor.py:826} INFO - Processing file /home/airflow/.local/lib/python3.7/site-packages/airflow/example_dags/example_dag_decorator.py for tasks to queue
[2023-07-04T00:16:52.569+0000] {logging_mixin.py:149} INFO - [2023-07-04T00:16:52.569+0000] {dagbag.py:541} INFO - Filling up the DagBag from /home/airflow/.local/lib/python3.7/site-packages/airflow/example_dags/example_dag_decorator.py
[2023-07-04T00:16:52.608+0000] {processor.py:836} INFO - DAG(s) dict_keys(['example_dag_decorator']) retrieved from /home/airflow/.local/lib/python3.7/site-packages/airflow/example_dags/example_dag_decorator.py
[2023-07-04T00:16:52.920+0000] {logging_mixin.py:149} INFO - [2023-07-04T00:16:52.920+0000] {dag.py:2726} INFO - Sync 1 DAGs
[2023-07-04T00:16:52.966+0000] {logging_mixin.py:149} INFO - [2023-07-04T00:16:52.966+0000] {dag.py:3490} INFO - Setting next_dagrun for example_dag_decorator to None, run_after=None
[2023-07-04T00:16:53.007+0000] {processor.py:179} INFO - Processing /home/airflow/.local/lib/python3.7/site-packages/airflow/example_dags/example_dag_decorator.py took 0.449 seconds
[2023-07-04T00:17:23.622+0000] {processor.py:157} INFO - Started process (PID=1208) to work on /home/airflow/.local/lib/python3.7/site-packages/airflow/example_dags/example_dag_decorator.py
[2023-07-04T00:17:23.624+0000] {processor.py:826} INFO - Processing file /home/airflow/.local/lib/python3.7/site-packages/airflow/example_dags/example_dag_decorator.py for tasks to queue
[2023-07-04T00:17:23.626+0000] {logging_mixin.py:149} INFO - [2023-07-04T00:17:23.625+0000] {dagbag.py:541} INFO - Filling up the DagBag from /home/airflow/.local/lib/python3.7/site-packages/airflow/example_dags/example_dag_decorator.py
[2023-07-04T00:17:23.674+0000] {processor.py:836} INFO - DAG(s) dict_keys(['example_dag_decorator']) retrieved from /home/airflow/.local/lib/python3.7/site-packages/airflow/example_dags/example_dag_decorator.py
[2023-07-04T00:17:24.127+0000] {logging_mixin.py:149} INFO - [2023-07-04T00:17:24.127+0000] {dag.py:2726} INFO - Sync 1 DAGs
[2023-07-04T00:17:24.176+0000] {logging_mixin.py:149} INFO - [2023-07-04T00:17:24.176+0000] {dag.py:3490} INFO - Setting next_dagrun for example_dag_decorator to None, run_after=None
[2023-07-04T00:17:24.223+0000] {processor.py:179} INFO - Processing /home/airflow/.local/lib/python3.7/site-packages/airflow/example_dags/example_dag_decorator.py took 0.613 seconds
[2023-07-04T00:17:54.287+0000] {processor.py:157} INFO - Started process (PID=1263) to work on /home/airflow/.local/lib/python3.7/site-packages/airflow/example_dags/example_dag_decorator.py
[2023-07-04T00:17:54.289+0000] {processor.py:826} INFO - Processing file /home/airflow/.local/lib/python3.7/site-packages/airflow/example_dags/example_dag_decorator.py for tasks to queue
[2023-07-04T00:17:54.291+0000] {logging_mixin.py:149} INFO - [2023-07-04T00:17:54.290+0000] {dagbag.py:541} INFO - Filling up the DagBag from /home/airflow/.local/lib/python3.7/site-packages/airflow/example_dags/example_dag_decorator.py
[2023-07-04T00:17:54.327+0000] {processor.py:836} INFO - DAG(s) dict_keys(['example_dag_decorator']) retrieved from /home/airflow/.local/lib/python3.7/site-packages/airflow/example_dags/example_dag_decorator.py
[2023-07-04T00:17:54.755+0000] {logging_mixin.py:149} INFO - [2023-07-04T00:17:54.754+0000] {dag.py:2726} INFO - Sync 1 DAGs
[2023-07-04T00:17:54.856+0000] {logging_mixin.py:149} INFO - [2023-07-04T00:17:54.855+0000] {dag.py:3490} INFO - Setting next_dagrun for example_dag_decorator to None, run_after=None
[2023-07-04T00:17:54.919+0000] {processor.py:179} INFO - Processing /home/airflow/.local/lib/python3.7/site-packages/airflow/example_dags/example_dag_decorator.py took 0.641 seconds
[2023-07-04T00:18:25.658+0000] {processor.py:157} INFO - Started process (PID=1320) to work on /home/airflow/.local/lib/python3.7/site-packages/airflow/example_dags/example_dag_decorator.py
[2023-07-04T00:18:25.660+0000] {processor.py:826} INFO - Processing file /home/airflow/.local/lib/python3.7/site-packages/airflow/example_dags/example_dag_decorator.py for tasks to queue
[2023-07-04T00:18:25.661+0000] {logging_mixin.py:149} INFO - [2023-07-04T00:18:25.660+0000] {dagbag.py:541} INFO - Filling up the DagBag from /home/airflow/.local/lib/python3.7/site-packages/airflow/example_dags/example_dag_decorator.py
[2023-07-04T00:18:25.687+0000] {processor.py:836} INFO - DAG(s) dict_keys(['example_dag_decorator']) retrieved from /home/airflow/.local/lib/python3.7/site-packages/airflow/example_dags/example_dag_decorator.py
[2023-07-04T00:18:25.900+0000] {logging_mixin.py:149} INFO - [2023-07-04T00:18:25.900+0000] {dag.py:2726} INFO - Sync 1 DAGs
[2023-07-04T00:18:25.948+0000] {logging_mixin.py:149} INFO - [2023-07-04T00:18:25.947+0000] {dag.py:3490} INFO - Setting next_dagrun for example_dag_decorator to None, run_after=None
[2023-07-04T00:18:25.993+0000] {processor.py:179} INFO - Processing /home/airflow/.local/lib/python3.7/site-packages/airflow/example_dags/example_dag_decorator.py took 0.340 seconds
[2023-07-04T00:18:56.292+0000] {processor.py:157} INFO - Started process (PID=1376) to work on /home/airflow/.local/lib/python3.7/site-packages/airflow/example_dags/example_dag_decorator.py
[2023-07-04T00:18:56.293+0000] {processor.py:826} INFO - Processing file /home/airflow/.local/lib/python3.7/site-packages/airflow/example_dags/example_dag_decorator.py for tasks to queue
[2023-07-04T00:18:56.295+0000] {logging_mixin.py:149} INFO - [2023-07-04T00:18:56.294+0000] {dagbag.py:541} INFO - Filling up the DagBag from /home/airflow/.local/lib/python3.7/site-packages/airflow/example_dags/example_dag_decorator.py
[2023-07-04T00:18:56.336+0000] {processor.py:836} INFO - DAG(s) dict_keys(['example_dag_decorator']) retrieved from /home/airflow/.local/lib/python3.7/site-packages/airflow/example_dags/example_dag_decorator.py
[2023-07-04T00:18:56.717+0000] {logging_mixin.py:149} INFO - [2023-07-04T00:18:56.717+0000] {dag.py:2726} INFO - Sync 1 DAGs
[2023-07-04T00:18:56.777+0000] {logging_mixin.py:149} INFO - [2023-07-04T00:18:56.777+0000] {dag.py:3490} INFO - Setting next_dagrun for example_dag_decorator to None, run_after=None
[2023-07-04T00:18:56.848+0000] {processor.py:179} INFO - Processing /home/airflow/.local/lib/python3.7/site-packages/airflow/example_dags/example_dag_decorator.py took 0.566 seconds
[2023-07-04T00:19:27.323+0000] {processor.py:157} INFO - Started process (PID=1434) to work on /home/airflow/.local/lib/python3.7/site-packages/airflow/example_dags/example_dag_decorator.py
[2023-07-04T00:19:27.324+0000] {processor.py:826} INFO - Processing file /home/airflow/.local/lib/python3.7/site-packages/airflow/example_dags/example_dag_decorator.py for tasks to queue
[2023-07-04T00:19:27.326+0000] {logging_mixin.py:149} INFO - [2023-07-04T00:19:27.326+0000] {dagbag.py:541} INFO - Filling up the DagBag from /home/airflow/.local/lib/python3.7/site-packages/airflow/example_dags/example_dag_decorator.py
[2023-07-04T00:19:27.363+0000] {processor.py:836} INFO - DAG(s) dict_keys(['example_dag_decorator']) retrieved from /home/airflow/.local/lib/python3.7/site-packages/airflow/example_dags/example_dag_decorator.py
[2023-07-04T00:19:27.665+0000] {logging_mixin.py:149} INFO - [2023-07-04T00:19:27.665+0000] {dag.py:2726} INFO - Sync 1 DAGs
[2023-07-04T00:19:27.723+0000] {logging_mixin.py:149} INFO - [2023-07-04T00:19:27.723+0000] {dag.py:3490} INFO - Setting next_dagrun for example_dag_decorator to None, run_after=None
[2023-07-04T00:19:27.772+0000] {processor.py:179} INFO - Processing /home/airflow/.local/lib/python3.7/site-packages/airflow/example_dags/example_dag_decorator.py took 0.457 seconds
[2023-07-04T00:19:57.938+0000] {processor.py:157} INFO - Started process (PID=1490) to work on /home/airflow/.local/lib/python3.7/site-packages/airflow/example_dags/example_dag_decorator.py
[2023-07-04T00:19:57.940+0000] {processor.py:826} INFO - Processing file /home/airflow/.local/lib/python3.7/site-packages/airflow/example_dags/example_dag_decorator.py for tasks to queue
[2023-07-04T00:19:57.941+0000] {logging_mixin.py:149} INFO - [2023-07-04T00:19:57.941+0000] {dagbag.py:541} INFO - Filling up the DagBag from /home/airflow/.local/lib/python3.7/site-packages/airflow/example_dags/example_dag_decorator.py
[2023-07-04T00:19:57.964+0000] {processor.py:836} INFO - DAG(s) dict_keys(['example_dag_decorator']) retrieved from /home/airflow/.local/lib/python3.7/site-packages/airflow/example_dags/example_dag_decorator.py
[2023-07-04T00:19:58.183+0000] {logging_mixin.py:149} INFO - [2023-07-04T00:19:58.183+0000] {dag.py:2726} INFO - Sync 1 DAGs
[2023-07-04T00:19:58.222+0000] {logging_mixin.py:149} INFO - [2023-07-04T00:19:58.221+0000] {dag.py:3490} INFO - Setting next_dagrun for example_dag_decorator to None, run_after=None
[2023-07-04T00:19:58.263+0000] {processor.py:179} INFO - Processing /home/airflow/.local/lib/python3.7/site-packages/airflow/example_dags/example_dag_decorator.py took 0.331 seconds
[2023-07-04T00:20:28.908+0000] {processor.py:157} INFO - Started process (PID=1547) to work on /home/airflow/.local/lib/python3.7/site-packages/airflow/example_dags/example_dag_decorator.py
[2023-07-04T00:20:28.910+0000] {processor.py:826} INFO - Processing file /home/airflow/.local/lib/python3.7/site-packages/airflow/example_dags/example_dag_decorator.py for tasks to queue
[2023-07-04T00:20:28.912+0000] {logging_mixin.py:149} INFO - [2023-07-04T00:20:28.912+0000] {dagbag.py:541} INFO - Filling up the DagBag from /home/airflow/.local/lib/python3.7/site-packages/airflow/example_dags/example_dag_decorator.py
[2023-07-04T00:20:28.938+0000] {processor.py:836} INFO - DAG(s) dict_keys(['example_dag_decorator']) retrieved from /home/airflow/.local/lib/python3.7/site-packages/airflow/example_dags/example_dag_decorator.py
[2023-07-04T00:20:29.170+0000] {logging_mixin.py:149} INFO - [2023-07-04T00:20:29.169+0000] {dag.py:2726} INFO - Sync 1 DAGs
[2023-07-04T00:20:29.211+0000] {logging_mixin.py:149} INFO - [2023-07-04T00:20:29.210+0000] {dag.py:3490} INFO - Setting next_dagrun for example_dag_decorator to None, run_after=None
[2023-07-04T00:20:29.245+0000] {processor.py:179} INFO - Processing /home/airflow/.local/lib/python3.7/site-packages/airflow/example_dags/example_dag_decorator.py took 0.345 seconds
[2023-07-04T00:20:59.699+0000] {processor.py:157} INFO - Started process (PID=1604) to work on /home/airflow/.local/lib/python3.7/site-packages/airflow/example_dags/example_dag_decorator.py
[2023-07-04T00:20:59.700+0000] {processor.py:826} INFO - Processing file /home/airflow/.local/lib/python3.7/site-packages/airflow/example_dags/example_dag_decorator.py for tasks to queue
[2023-07-04T00:20:59.701+0000] {logging_mixin.py:149} INFO - [2023-07-04T00:20:59.701+0000] {dagbag.py:541} INFO - Filling up the DagBag from /home/airflow/.local/lib/python3.7/site-packages/airflow/example_dags/example_dag_decorator.py
[2023-07-04T00:20:59.729+0000] {processor.py:836} INFO - DAG(s) dict_keys(['example_dag_decorator']) retrieved from /home/airflow/.local/lib/python3.7/site-packages/airflow/example_dags/example_dag_decorator.py
[2023-07-04T00:20:59.977+0000] {logging_mixin.py:149} INFO - [2023-07-04T00:20:59.977+0000] {dag.py:2726} INFO - Sync 1 DAGs
[2023-07-04T00:21:00.035+0000] {logging_mixin.py:149} INFO - [2023-07-04T00:21:00.035+0000] {dag.py:3490} INFO - Setting next_dagrun for example_dag_decorator to None, run_after=None
[2023-07-04T00:21:00.089+0000] {processor.py:179} INFO - Processing /home/airflow/.local/lib/python3.7/site-packages/airflow/example_dags/example_dag_decorator.py took 0.397 seconds
[2023-07-04T00:21:30.259+0000] {processor.py:157} INFO - Started process (PID=1661) to work on /home/airflow/.local/lib/python3.7/site-packages/airflow/example_dags/example_dag_decorator.py
[2023-07-04T00:21:30.261+0000] {processor.py:826} INFO - Processing file /home/airflow/.local/lib/python3.7/site-packages/airflow/example_dags/example_dag_decorator.py for tasks to queue
[2023-07-04T00:21:30.263+0000] {logging_mixin.py:149} INFO - [2023-07-04T00:21:30.262+0000] {dagbag.py:541} INFO - Filling up the DagBag from /home/airflow/.local/lib/python3.7/site-packages/airflow/example_dags/example_dag_decorator.py
[2023-07-04T00:21:30.285+0000] {processor.py:836} INFO - DAG(s) dict_keys(['example_dag_decorator']) retrieved from /home/airflow/.local/lib/python3.7/site-packages/airflow/example_dags/example_dag_decorator.py
[2023-07-04T00:21:30.487+0000] {logging_mixin.py:149} INFO - [2023-07-04T00:21:30.487+0000] {dag.py:2726} INFO - Sync 1 DAGs
[2023-07-04T00:21:30.520+0000] {logging_mixin.py:149} INFO - [2023-07-04T00:21:30.520+0000] {dag.py:3490} INFO - Setting next_dagrun for example_dag_decorator to None, run_after=None
[2023-07-04T00:21:30.552+0000] {processor.py:179} INFO - Processing /home/airflow/.local/lib/python3.7/site-packages/airflow/example_dags/example_dag_decorator.py took 0.301 seconds
[2023-07-04T00:22:00.863+0000] {processor.py:157} INFO - Started process (PID=1718) to work on /home/airflow/.local/lib/python3.7/site-packages/airflow/example_dags/example_dag_decorator.py
[2023-07-04T00:22:00.866+0000] {processor.py:826} INFO - Processing file /home/airflow/.local/lib/python3.7/site-packages/airflow/example_dags/example_dag_decorator.py for tasks to queue
[2023-07-04T00:22:00.868+0000] {logging_mixin.py:149} INFO - [2023-07-04T00:22:00.868+0000] {dagbag.py:541} INFO - Filling up the DagBag from /home/airflow/.local/lib/python3.7/site-packages/airflow/example_dags/example_dag_decorator.py
[2023-07-04T00:22:00.919+0000] {processor.py:836} INFO - DAG(s) dict_keys(['example_dag_decorator']) retrieved from /home/airflow/.local/lib/python3.7/site-packages/airflow/example_dags/example_dag_decorator.py
[2023-07-04T00:22:01.334+0000] {logging_mixin.py:149} INFO - [2023-07-04T00:22:01.333+0000] {dag.py:2726} INFO - Sync 1 DAGs
[2023-07-04T00:22:01.414+0000] {logging_mixin.py:149} INFO - [2023-07-04T00:22:01.414+0000] {dag.py:3490} INFO - Setting next_dagrun for example_dag_decorator to None, run_after=None
[2023-07-04T00:22:01.498+0000] {processor.py:179} INFO - Processing /home/airflow/.local/lib/python3.7/site-packages/airflow/example_dags/example_dag_decorator.py took 0.646 seconds
[2023-07-04T00:22:31.892+0000] {processor.py:157} INFO - Started process (PID=1775) to work on /home/airflow/.local/lib/python3.7/site-packages/airflow/example_dags/example_dag_decorator.py
[2023-07-04T00:22:31.894+0000] {processor.py:826} INFO - Processing file /home/airflow/.local/lib/python3.7/site-packages/airflow/example_dags/example_dag_decorator.py for tasks to queue
[2023-07-04T00:22:31.896+0000] {logging_mixin.py:149} INFO - [2023-07-04T00:22:31.895+0000] {dagbag.py:541} INFO - Filling up the DagBag from /home/airflow/.local/lib/python3.7/site-packages/airflow/example_dags/example_dag_decorator.py
[2023-07-04T00:22:31.927+0000] {processor.py:836} INFO - DAG(s) dict_keys(['example_dag_decorator']) retrieved from /home/airflow/.local/lib/python3.7/site-packages/airflow/example_dags/example_dag_decorator.py
[2023-07-04T00:22:32.234+0000] {logging_mixin.py:149} INFO - [2023-07-04T00:22:32.234+0000] {dag.py:2726} INFO - Sync 1 DAGs
[2023-07-04T00:22:32.281+0000] {logging_mixin.py:149} INFO - [2023-07-04T00:22:32.281+0000] {dag.py:3490} INFO - Setting next_dagrun for example_dag_decorator to None, run_after=None
[2023-07-04T00:22:32.325+0000] {processor.py:179} INFO - Processing /home/airflow/.local/lib/python3.7/site-packages/airflow/example_dags/example_dag_decorator.py took 0.439 seconds
[2023-07-04T00:23:02.419+0000] {processor.py:157} INFO - Started process (PID=1832) to work on /home/airflow/.local/lib/python3.7/site-packages/airflow/example_dags/example_dag_decorator.py
[2023-07-04T00:23:02.421+0000] {processor.py:826} INFO - Processing file /home/airflow/.local/lib/python3.7/site-packages/airflow/example_dags/example_dag_decorator.py for tasks to queue
[2023-07-04T00:23:02.423+0000] {logging_mixin.py:149} INFO - [2023-07-04T00:23:02.423+0000] {dagbag.py:541} INFO - Filling up the DagBag from /home/airflow/.local/lib/python3.7/site-packages/airflow/example_dags/example_dag_decorator.py
[2023-07-04T00:23:02.448+0000] {processor.py:836} INFO - DAG(s) dict_keys(['example_dag_decorator']) retrieved from /home/airflow/.local/lib/python3.7/site-packages/airflow/example_dags/example_dag_decorator.py
[2023-07-04T00:23:02.676+0000] {logging_mixin.py:149} INFO - [2023-07-04T00:23:02.675+0000] {dag.py:2726} INFO - Sync 1 DAGs
[2023-07-04T00:23:02.718+0000] {logging_mixin.py:149} INFO - [2023-07-04T00:23:02.718+0000] {dag.py:3490} INFO - Setting next_dagrun for example_dag_decorator to None, run_after=None
[2023-07-04T00:23:02.757+0000] {processor.py:179} INFO - Processing /home/airflow/.local/lib/python3.7/site-packages/airflow/example_dags/example_dag_decorator.py took 0.345 seconds
[2023-07-04T00:23:33.202+0000] {processor.py:157} INFO - Started process (PID=1889) to work on /home/airflow/.local/lib/python3.7/site-packages/airflow/example_dags/example_dag_decorator.py
[2023-07-04T00:23:33.204+0000] {processor.py:826} INFO - Processing file /home/airflow/.local/lib/python3.7/site-packages/airflow/example_dags/example_dag_decorator.py for tasks to queue
[2023-07-04T00:23:33.206+0000] {logging_mixin.py:149} INFO - [2023-07-04T00:23:33.205+0000] {dagbag.py:541} INFO - Filling up the DagBag from /home/airflow/.local/lib/python3.7/site-packages/airflow/example_dags/example_dag_decorator.py
[2023-07-04T00:23:33.235+0000] {processor.py:836} INFO - DAG(s) dict_keys(['example_dag_decorator']) retrieved from /home/airflow/.local/lib/python3.7/site-packages/airflow/example_dags/example_dag_decorator.py
[2023-07-04T00:23:33.501+0000] {logging_mixin.py:149} INFO - [2023-07-04T00:23:33.501+0000] {dag.py:2726} INFO - Sync 1 DAGs
[2023-07-04T00:23:33.551+0000] {logging_mixin.py:149} INFO - [2023-07-04T00:23:33.551+0000] {dag.py:3490} INFO - Setting next_dagrun for example_dag_decorator to None, run_after=None
[2023-07-04T00:23:33.593+0000] {processor.py:179} INFO - Processing /home/airflow/.local/lib/python3.7/site-packages/airflow/example_dags/example_dag_decorator.py took 0.398 seconds
[2023-07-04T00:24:03.665+0000] {processor.py:157} INFO - Started process (PID=1946) to work on /home/airflow/.local/lib/python3.7/site-packages/airflow/example_dags/example_dag_decorator.py
[2023-07-04T00:24:03.667+0000] {processor.py:826} INFO - Processing file /home/airflow/.local/lib/python3.7/site-packages/airflow/example_dags/example_dag_decorator.py for tasks to queue
[2023-07-04T00:24:03.669+0000] {logging_mixin.py:149} INFO - [2023-07-04T00:24:03.669+0000] {dagbag.py:541} INFO - Filling up the DagBag from /home/airflow/.local/lib/python3.7/site-packages/airflow/example_dags/example_dag_decorator.py
[2023-07-04T00:24:03.710+0000] {processor.py:836} INFO - DAG(s) dict_keys(['example_dag_decorator']) retrieved from /home/airflow/.local/lib/python3.7/site-packages/airflow/example_dags/example_dag_decorator.py
[2023-07-04T00:24:04.184+0000] {logging_mixin.py:149} INFO - [2023-07-04T00:24:04.183+0000] {dag.py:2726} INFO - Sync 1 DAGs
[2023-07-04T00:24:04.269+0000] {logging_mixin.py:149} INFO - [2023-07-04T00:24:04.269+0000] {dag.py:3490} INFO - Setting next_dagrun for example_dag_decorator to None, run_after=None
[2023-07-04T00:24:04.340+0000] {processor.py:179} INFO - Processing /home/airflow/.local/lib/python3.7/site-packages/airflow/example_dags/example_dag_decorator.py took 0.685 seconds
[2023-07-04T00:24:34.592+0000] {processor.py:157} INFO - Started process (PID=2004) to work on /home/airflow/.local/lib/python3.7/site-packages/airflow/example_dags/example_dag_decorator.py
[2023-07-04T00:24:34.593+0000] {processor.py:826} INFO - Processing file /home/airflow/.local/lib/python3.7/site-packages/airflow/example_dags/example_dag_decorator.py for tasks to queue
[2023-07-04T00:24:34.594+0000] {logging_mixin.py:149} INFO - [2023-07-04T00:24:34.594+0000] {dagbag.py:541} INFO - Filling up the DagBag from /home/airflow/.local/lib/python3.7/site-packages/airflow/example_dags/example_dag_decorator.py
[2023-07-04T00:24:34.622+0000] {processor.py:836} INFO - DAG(s) dict_keys(['example_dag_decorator']) retrieved from /home/airflow/.local/lib/python3.7/site-packages/airflow/example_dags/example_dag_decorator.py
[2023-07-04T00:24:34.841+0000] {logging_mixin.py:149} INFO - [2023-07-04T00:24:34.841+0000] {dag.py:2726} INFO - Sync 1 DAGs
[2023-07-04T00:24:34.909+0000] {logging_mixin.py:149} INFO - [2023-07-04T00:24:34.909+0000] {dag.py:3490} INFO - Setting next_dagrun for example_dag_decorator to None, run_after=None
[2023-07-04T00:24:34.972+0000] {processor.py:179} INFO - Processing /home/airflow/.local/lib/python3.7/site-packages/airflow/example_dags/example_dag_decorator.py took 0.385 seconds
[2023-07-04T00:25:05.274+0000] {processor.py:157} INFO - Started process (PID=2061) to work on /home/airflow/.local/lib/python3.7/site-packages/airflow/example_dags/example_dag_decorator.py
[2023-07-04T00:25:05.276+0000] {processor.py:826} INFO - Processing file /home/airflow/.local/lib/python3.7/site-packages/airflow/example_dags/example_dag_decorator.py for tasks to queue
[2023-07-04T00:25:05.278+0000] {logging_mixin.py:149} INFO - [2023-07-04T00:25:05.277+0000] {dagbag.py:541} INFO - Filling up the DagBag from /home/airflow/.local/lib/python3.7/site-packages/airflow/example_dags/example_dag_decorator.py
[2023-07-04T00:25:05.332+0000] {processor.py:836} INFO - DAG(s) dict_keys(['example_dag_decorator']) retrieved from /home/airflow/.local/lib/python3.7/site-packages/airflow/example_dags/example_dag_decorator.py
[2023-07-04T00:25:05.644+0000] {logging_mixin.py:149} INFO - [2023-07-04T00:25:05.644+0000] {dag.py:2726} INFO - Sync 1 DAGs
[2023-07-04T00:25:05.689+0000] {logging_mixin.py:149} INFO - [2023-07-04T00:25:05.689+0000] {dag.py:3490} INFO - Setting next_dagrun for example_dag_decorator to None, run_after=None
[2023-07-04T00:25:05.732+0000] {processor.py:179} INFO - Processing /home/airflow/.local/lib/python3.7/site-packages/airflow/example_dags/example_dag_decorator.py took 0.468 seconds
[2023-07-04T00:25:35.953+0000] {processor.py:157} INFO - Started process (PID=2121) to work on /home/airflow/.local/lib/python3.7/site-packages/airflow/example_dags/example_dag_decorator.py
[2023-07-04T00:25:35.955+0000] {processor.py:826} INFO - Processing file /home/airflow/.local/lib/python3.7/site-packages/airflow/example_dags/example_dag_decorator.py for tasks to queue
[2023-07-04T00:25:35.956+0000] {logging_mixin.py:149} INFO - [2023-07-04T00:25:35.956+0000] {dagbag.py:541} INFO - Filling up the DagBag from /home/airflow/.local/lib/python3.7/site-packages/airflow/example_dags/example_dag_decorator.py
[2023-07-04T00:25:35.980+0000] {processor.py:836} INFO - DAG(s) dict_keys(['example_dag_decorator']) retrieved from /home/airflow/.local/lib/python3.7/site-packages/airflow/example_dags/example_dag_decorator.py
[2023-07-04T00:25:36.232+0000] {logging_mixin.py:149} INFO - [2023-07-04T00:25:36.232+0000] {dag.py:2726} INFO - Sync 1 DAGs
[2023-07-04T00:25:36.278+0000] {logging_mixin.py:149} INFO - [2023-07-04T00:25:36.278+0000] {dag.py:3490} INFO - Setting next_dagrun for example_dag_decorator to None, run_after=None
[2023-07-04T00:25:36.336+0000] {processor.py:179} INFO - Processing /home/airflow/.local/lib/python3.7/site-packages/airflow/example_dags/example_dag_decorator.py took 0.388 seconds
[2023-07-04T00:26:06.439+0000] {processor.py:157} INFO - Started process (PID=2178) to work on /home/airflow/.local/lib/python3.7/site-packages/airflow/example_dags/example_dag_decorator.py
[2023-07-04T00:26:06.441+0000] {processor.py:826} INFO - Processing file /home/airflow/.local/lib/python3.7/site-packages/airflow/example_dags/example_dag_decorator.py for tasks to queue
[2023-07-04T00:26:06.442+0000] {logging_mixin.py:149} INFO - [2023-07-04T00:26:06.442+0000] {dagbag.py:541} INFO - Filling up the DagBag from /home/airflow/.local/lib/python3.7/site-packages/airflow/example_dags/example_dag_decorator.py
[2023-07-04T00:26:06.497+0000] {processor.py:836} INFO - DAG(s) dict_keys(['example_dag_decorator']) retrieved from /home/airflow/.local/lib/python3.7/site-packages/airflow/example_dags/example_dag_decorator.py
[2023-07-04T00:26:06.828+0000] {logging_mixin.py:149} INFO - [2023-07-04T00:26:06.828+0000] {dag.py:2726} INFO - Sync 1 DAGs
[2023-07-04T00:26:06.873+0000] {logging_mixin.py:149} INFO - [2023-07-04T00:26:06.873+0000] {dag.py:3490} INFO - Setting next_dagrun for example_dag_decorator to None, run_after=None
[2023-07-04T00:26:06.907+0000] {processor.py:179} INFO - Processing /home/airflow/.local/lib/python3.7/site-packages/airflow/example_dags/example_dag_decorator.py took 0.484 seconds
[2023-07-04T00:26:37.869+0000] {processor.py:157} INFO - Started process (PID=2235) to work on /home/airflow/.local/lib/python3.7/site-packages/airflow/example_dags/example_dag_decorator.py
[2023-07-04T00:26:37.870+0000] {processor.py:826} INFO - Processing file /home/airflow/.local/lib/python3.7/site-packages/airflow/example_dags/example_dag_decorator.py for tasks to queue
[2023-07-04T00:26:37.871+0000] {logging_mixin.py:149} INFO - [2023-07-04T00:26:37.871+0000] {dagbag.py:541} INFO - Filling up the DagBag from /home/airflow/.local/lib/python3.7/site-packages/airflow/example_dags/example_dag_decorator.py
[2023-07-04T00:26:37.900+0000] {processor.py:836} INFO - DAG(s) dict_keys(['example_dag_decorator']) retrieved from /home/airflow/.local/lib/python3.7/site-packages/airflow/example_dags/example_dag_decorator.py
[2023-07-04T00:26:38.151+0000] {logging_mixin.py:149} INFO - [2023-07-04T00:26:38.151+0000] {dag.py:2726} INFO - Sync 1 DAGs
[2023-07-04T00:26:38.199+0000] {logging_mixin.py:149} INFO - [2023-07-04T00:26:38.198+0000] {dag.py:3490} INFO - Setting next_dagrun for example_dag_decorator to None, run_after=None
[2023-07-04T00:26:38.236+0000] {processor.py:179} INFO - Processing /home/airflow/.local/lib/python3.7/site-packages/airflow/example_dags/example_dag_decorator.py took 0.374 seconds
[2023-07-04T00:27:08.316+0000] {processor.py:157} INFO - Started process (PID=2293) to work on /home/airflow/.local/lib/python3.7/site-packages/airflow/example_dags/example_dag_decorator.py
[2023-07-04T00:27:08.318+0000] {processor.py:826} INFO - Processing file /home/airflow/.local/lib/python3.7/site-packages/airflow/example_dags/example_dag_decorator.py for tasks to queue
[2023-07-04T00:27:08.320+0000] {logging_mixin.py:149} INFO - [2023-07-04T00:27:08.320+0000] {dagbag.py:541} INFO - Filling up the DagBag from /home/airflow/.local/lib/python3.7/site-packages/airflow/example_dags/example_dag_decorator.py
[2023-07-04T00:27:08.359+0000] {processor.py:836} INFO - DAG(s) dict_keys(['example_dag_decorator']) retrieved from /home/airflow/.local/lib/python3.7/site-packages/airflow/example_dags/example_dag_decorator.py
[2023-07-04T00:27:08.723+0000] {logging_mixin.py:149} INFO - [2023-07-04T00:27:08.723+0000] {dag.py:2726} INFO - Sync 1 DAGs
[2023-07-04T00:27:08.795+0000] {logging_mixin.py:149} INFO - [2023-07-04T00:27:08.795+0000] {dag.py:3490} INFO - Setting next_dagrun for example_dag_decorator to None, run_after=None
[2023-07-04T00:27:08.840+0000] {processor.py:179} INFO - Processing /home/airflow/.local/lib/python3.7/site-packages/airflow/example_dags/example_dag_decorator.py took 0.534 seconds
[2023-07-04T00:27:39.236+0000] {processor.py:157} INFO - Started process (PID=2349) to work on /home/airflow/.local/lib/python3.7/site-packages/airflow/example_dags/example_dag_decorator.py
[2023-07-04T00:27:39.238+0000] {processor.py:826} INFO - Processing file /home/airflow/.local/lib/python3.7/site-packages/airflow/example_dags/example_dag_decorator.py for tasks to queue
[2023-07-04T00:27:39.240+0000] {logging_mixin.py:149} INFO - [2023-07-04T00:27:39.240+0000] {dagbag.py:541} INFO - Filling up the DagBag from /home/airflow/.local/lib/python3.7/site-packages/airflow/example_dags/example_dag_decorator.py
[2023-07-04T00:27:39.274+0000] {processor.py:836} INFO - DAG(s) dict_keys(['example_dag_decorator']) retrieved from /home/airflow/.local/lib/python3.7/site-packages/airflow/example_dags/example_dag_decorator.py
[2023-07-04T00:27:39.532+0000] {logging_mixin.py:149} INFO - [2023-07-04T00:27:39.531+0000] {dag.py:2726} INFO - Sync 1 DAGs
[2023-07-04T00:27:39.605+0000] {logging_mixin.py:149} INFO - [2023-07-04T00:27:39.604+0000] {dag.py:3490} INFO - Setting next_dagrun for example_dag_decorator to None, run_after=None
[2023-07-04T00:27:39.657+0000] {processor.py:179} INFO - Processing /home/airflow/.local/lib/python3.7/site-packages/airflow/example_dags/example_dag_decorator.py took 0.427 seconds
[2023-07-04T00:28:09.871+0000] {processor.py:157} INFO - Started process (PID=2407) to work on /home/airflow/.local/lib/python3.7/site-packages/airflow/example_dags/example_dag_decorator.py
[2023-07-04T00:28:09.876+0000] {processor.py:826} INFO - Processing file /home/airflow/.local/lib/python3.7/site-packages/airflow/example_dags/example_dag_decorator.py for tasks to queue
[2023-07-04T00:28:09.879+0000] {logging_mixin.py:149} INFO - [2023-07-04T00:28:09.879+0000] {dagbag.py:541} INFO - Filling up the DagBag from /home/airflow/.local/lib/python3.7/site-packages/airflow/example_dags/example_dag_decorator.py
[2023-07-04T00:28:09.926+0000] {processor.py:836} INFO - DAG(s) dict_keys(['example_dag_decorator']) retrieved from /home/airflow/.local/lib/python3.7/site-packages/airflow/example_dags/example_dag_decorator.py
[2023-07-04T00:28:10.359+0000] {logging_mixin.py:149} INFO - [2023-07-04T00:28:10.359+0000] {dag.py:2726} INFO - Sync 1 DAGs
[2023-07-04T00:28:10.441+0000] {logging_mixin.py:149} INFO - [2023-07-04T00:28:10.441+0000] {dag.py:3490} INFO - Setting next_dagrun for example_dag_decorator to None, run_after=None
[2023-07-04T00:28:10.494+0000] {processor.py:179} INFO - Processing /home/airflow/.local/lib/python3.7/site-packages/airflow/example_dags/example_dag_decorator.py took 0.633 seconds
[2023-07-04T00:28:40.904+0000] {processor.py:157} INFO - Started process (PID=2464) to work on /home/airflow/.local/lib/python3.7/site-packages/airflow/example_dags/example_dag_decorator.py
[2023-07-04T00:28:40.906+0000] {processor.py:826} INFO - Processing file /home/airflow/.local/lib/python3.7/site-packages/airflow/example_dags/example_dag_decorator.py for tasks to queue
[2023-07-04T00:28:40.907+0000] {logging_mixin.py:149} INFO - [2023-07-04T00:28:40.906+0000] {dagbag.py:541} INFO - Filling up the DagBag from /home/airflow/.local/lib/python3.7/site-packages/airflow/example_dags/example_dag_decorator.py
[2023-07-04T00:28:40.930+0000] {processor.py:836} INFO - DAG(s) dict_keys(['example_dag_decorator']) retrieved from /home/airflow/.local/lib/python3.7/site-packages/airflow/example_dags/example_dag_decorator.py
[2023-07-04T00:28:41.151+0000] {logging_mixin.py:149} INFO - [2023-07-04T00:28:41.151+0000] {dag.py:2726} INFO - Sync 1 DAGs
[2023-07-04T00:28:41.193+0000] {logging_mixin.py:149} INFO - [2023-07-04T00:28:41.193+0000] {dag.py:3490} INFO - Setting next_dagrun for example_dag_decorator to None, run_after=None
[2023-07-04T00:28:41.225+0000] {processor.py:179} INFO - Processing /home/airflow/.local/lib/python3.7/site-packages/airflow/example_dags/example_dag_decorator.py took 0.327 seconds
[2023-07-04T00:29:11.567+0000] {processor.py:157} INFO - Started process (PID=2521) to work on /home/airflow/.local/lib/python3.7/site-packages/airflow/example_dags/example_dag_decorator.py
[2023-07-04T00:29:11.569+0000] {processor.py:826} INFO - Processing file /home/airflow/.local/lib/python3.7/site-packages/airflow/example_dags/example_dag_decorator.py for tasks to queue
[2023-07-04T00:29:11.570+0000] {logging_mixin.py:149} INFO - [2023-07-04T00:29:11.570+0000] {dagbag.py:541} INFO - Filling up the DagBag from /home/airflow/.local/lib/python3.7/site-packages/airflow/example_dags/example_dag_decorator.py
[2023-07-04T00:29:11.595+0000] {processor.py:836} INFO - DAG(s) dict_keys(['example_dag_decorator']) retrieved from /home/airflow/.local/lib/python3.7/site-packages/airflow/example_dags/example_dag_decorator.py
[2023-07-04T00:29:11.949+0000] {logging_mixin.py:149} INFO - [2023-07-04T00:29:11.949+0000] {dag.py:2726} INFO - Sync 1 DAGs
[2023-07-04T00:29:12.042+0000] {logging_mixin.py:149} INFO - [2023-07-04T00:29:12.041+0000] {dag.py:3490} INFO - Setting next_dagrun for example_dag_decorator to None, run_after=None
[2023-07-04T00:29:12.099+0000] {processor.py:179} INFO - Processing /home/airflow/.local/lib/python3.7/site-packages/airflow/example_dags/example_dag_decorator.py took 0.539 seconds
[2023-07-04T00:29:42.215+0000] {processor.py:157} INFO - Started process (PID=2578) to work on /home/airflow/.local/lib/python3.7/site-packages/airflow/example_dags/example_dag_decorator.py
[2023-07-04T00:29:42.216+0000] {processor.py:826} INFO - Processing file /home/airflow/.local/lib/python3.7/site-packages/airflow/example_dags/example_dag_decorator.py for tasks to queue
[2023-07-04T00:29:42.217+0000] {logging_mixin.py:149} INFO - [2023-07-04T00:29:42.217+0000] {dagbag.py:541} INFO - Filling up the DagBag from /home/airflow/.local/lib/python3.7/site-packages/airflow/example_dags/example_dag_decorator.py
[2023-07-04T00:29:42.239+0000] {processor.py:836} INFO - DAG(s) dict_keys(['example_dag_decorator']) retrieved from /home/airflow/.local/lib/python3.7/site-packages/airflow/example_dags/example_dag_decorator.py
[2023-07-04T00:29:42.480+0000] {logging_mixin.py:149} INFO - [2023-07-04T00:29:42.480+0000] {dag.py:2726} INFO - Sync 1 DAGs
[2023-07-04T00:29:42.518+0000] {logging_mixin.py:149} INFO - [2023-07-04T00:29:42.517+0000] {dag.py:3490} INFO - Setting next_dagrun for example_dag_decorator to None, run_after=None
[2023-07-04T00:29:42.552+0000] {processor.py:179} INFO - Processing /home/airflow/.local/lib/python3.7/site-packages/airflow/example_dags/example_dag_decorator.py took 0.344 seconds
[2023-07-04T00:30:13.259+0000] {processor.py:157} INFO - Started process (PID=2635) to work on /home/airflow/.local/lib/python3.7/site-packages/airflow/example_dags/example_dag_decorator.py
[2023-07-04T00:30:13.260+0000] {processor.py:826} INFO - Processing file /home/airflow/.local/lib/python3.7/site-packages/airflow/example_dags/example_dag_decorator.py for tasks to queue
[2023-07-04T00:30:13.262+0000] {logging_mixin.py:149} INFO - [2023-07-04T00:30:13.261+0000] {dagbag.py:541} INFO - Filling up the DagBag from /home/airflow/.local/lib/python3.7/site-packages/airflow/example_dags/example_dag_decorator.py
[2023-07-04T00:30:13.287+0000] {processor.py:836} INFO - DAG(s) dict_keys(['example_dag_decorator']) retrieved from /home/airflow/.local/lib/python3.7/site-packages/airflow/example_dags/example_dag_decorator.py
[2023-07-04T00:30:13.513+0000] {logging_mixin.py:149} INFO - [2023-07-04T00:30:13.513+0000] {dag.py:2726} INFO - Sync 1 DAGs
[2023-07-04T00:30:13.570+0000] {logging_mixin.py:149} INFO - [2023-07-04T00:30:13.570+0000] {dag.py:3490} INFO - Setting next_dagrun for example_dag_decorator to None, run_after=None
[2023-07-04T00:30:13.623+0000] {processor.py:179} INFO - Processing /home/airflow/.local/lib/python3.7/site-packages/airflow/example_dags/example_dag_decorator.py took 0.370 seconds
[2023-07-04T00:30:43.675+0000] {processor.py:157} INFO - Started process (PID=2692) to work on /home/airflow/.local/lib/python3.7/site-packages/airflow/example_dags/example_dag_decorator.py
[2023-07-04T00:30:43.677+0000] {processor.py:826} INFO - Processing file /home/airflow/.local/lib/python3.7/site-packages/airflow/example_dags/example_dag_decorator.py for tasks to queue
[2023-07-04T00:30:43.678+0000] {logging_mixin.py:149} INFO - [2023-07-04T00:30:43.678+0000] {dagbag.py:541} INFO - Filling up the DagBag from /home/airflow/.local/lib/python3.7/site-packages/airflow/example_dags/example_dag_decorator.py
[2023-07-04T00:30:43.705+0000] {processor.py:836} INFO - DAG(s) dict_keys(['example_dag_decorator']) retrieved from /home/airflow/.local/lib/python3.7/site-packages/airflow/example_dags/example_dag_decorator.py
[2023-07-04T00:30:44.066+0000] {logging_mixin.py:149} INFO - [2023-07-04T00:30:44.066+0000] {dag.py:2726} INFO - Sync 1 DAGs
[2023-07-04T00:30:44.127+0000] {logging_mixin.py:149} INFO - [2023-07-04T00:30:44.127+0000] {dag.py:3490} INFO - Setting next_dagrun for example_dag_decorator to None, run_after=None
[2023-07-04T00:30:44.172+0000] {processor.py:179} INFO - Processing /home/airflow/.local/lib/python3.7/site-packages/airflow/example_dags/example_dag_decorator.py took 0.508 seconds
[2023-07-04T00:31:15.179+0000] {processor.py:157} INFO - Started process (PID=2756) to work on /home/airflow/.local/lib/python3.7/site-packages/airflow/example_dags/example_dag_decorator.py
[2023-07-04T00:31:15.182+0000] {processor.py:826} INFO - Processing file /home/airflow/.local/lib/python3.7/site-packages/airflow/example_dags/example_dag_decorator.py for tasks to queue
[2023-07-04T00:31:15.185+0000] {logging_mixin.py:149} INFO - [2023-07-04T00:31:15.184+0000] {dagbag.py:541} INFO - Filling up the DagBag from /home/airflow/.local/lib/python3.7/site-packages/airflow/example_dags/example_dag_decorator.py
[2023-07-04T00:31:15.225+0000] {processor.py:836} INFO - DAG(s) dict_keys(['example_dag_decorator']) retrieved from /home/airflow/.local/lib/python3.7/site-packages/airflow/example_dags/example_dag_decorator.py
[2023-07-04T00:31:15.621+0000] {logging_mixin.py:149} INFO - [2023-07-04T00:31:15.621+0000] {dag.py:2726} INFO - Sync 1 DAGs
[2023-07-04T00:31:15.684+0000] {logging_mixin.py:149} INFO - [2023-07-04T00:31:15.684+0000] {dag.py:3490} INFO - Setting next_dagrun for example_dag_decorator to None, run_after=None
[2023-07-04T00:31:15.723+0000] {processor.py:179} INFO - Processing /home/airflow/.local/lib/python3.7/site-packages/airflow/example_dags/example_dag_decorator.py took 0.553 seconds
[2023-07-04T00:31:45.765+0000] {processor.py:157} INFO - Started process (PID=2814) to work on /home/airflow/.local/lib/python3.7/site-packages/airflow/example_dags/example_dag_decorator.py
[2023-07-04T00:31:45.766+0000] {processor.py:826} INFO - Processing file /home/airflow/.local/lib/python3.7/site-packages/airflow/example_dags/example_dag_decorator.py for tasks to queue
[2023-07-04T00:31:45.767+0000] {logging_mixin.py:149} INFO - [2023-07-04T00:31:45.767+0000] {dagbag.py:541} INFO - Filling up the DagBag from /home/airflow/.local/lib/python3.7/site-packages/airflow/example_dags/example_dag_decorator.py
[2023-07-04T00:31:45.785+0000] {processor.py:836} INFO - DAG(s) dict_keys(['example_dag_decorator']) retrieved from /home/airflow/.local/lib/python3.7/site-packages/airflow/example_dags/example_dag_decorator.py
[2023-07-04T00:31:45.937+0000] {logging_mixin.py:149} INFO - [2023-07-04T00:31:45.937+0000] {dag.py:2726} INFO - Sync 1 DAGs
[2023-07-04T00:31:45.968+0000] {logging_mixin.py:149} INFO - [2023-07-04T00:31:45.967+0000] {dag.py:3490} INFO - Setting next_dagrun for example_dag_decorator to None, run_after=None
[2023-07-04T00:31:45.993+0000] {processor.py:179} INFO - Processing /home/airflow/.local/lib/python3.7/site-packages/airflow/example_dags/example_dag_decorator.py took 0.232 seconds
[2023-07-04T00:32:16.246+0000] {processor.py:157} INFO - Started process (PID=2870) to work on /home/airflow/.local/lib/python3.7/site-packages/airflow/example_dags/example_dag_decorator.py
[2023-07-04T00:32:16.248+0000] {processor.py:826} INFO - Processing file /home/airflow/.local/lib/python3.7/site-packages/airflow/example_dags/example_dag_decorator.py for tasks to queue
[2023-07-04T00:32:16.250+0000] {logging_mixin.py:149} INFO - [2023-07-04T00:32:16.250+0000] {dagbag.py:541} INFO - Filling up the DagBag from /home/airflow/.local/lib/python3.7/site-packages/airflow/example_dags/example_dag_decorator.py
[2023-07-04T00:32:16.281+0000] {processor.py:836} INFO - DAG(s) dict_keys(['example_dag_decorator']) retrieved from /home/airflow/.local/lib/python3.7/site-packages/airflow/example_dags/example_dag_decorator.py
[2023-07-04T00:32:16.509+0000] {logging_mixin.py:149} INFO - [2023-07-04T00:32:16.509+0000] {dag.py:2726} INFO - Sync 1 DAGs
[2023-07-04T00:32:16.559+0000] {logging_mixin.py:149} INFO - [2023-07-04T00:32:16.558+0000] {dag.py:3490} INFO - Setting next_dagrun for example_dag_decorator to None, run_after=None
[2023-07-04T00:32:16.599+0000] {processor.py:179} INFO - Processing /home/airflow/.local/lib/python3.7/site-packages/airflow/example_dags/example_dag_decorator.py took 0.358 seconds
[2023-07-04T00:32:47.036+0000] {processor.py:157} INFO - Started process (PID=2928) to work on /home/airflow/.local/lib/python3.7/site-packages/airflow/example_dags/example_dag_decorator.py
[2023-07-04T00:32:47.049+0000] {processor.py:826} INFO - Processing file /home/airflow/.local/lib/python3.7/site-packages/airflow/example_dags/example_dag_decorator.py for tasks to queue
[2023-07-04T00:32:47.079+0000] {logging_mixin.py:149} INFO - [2023-07-04T00:32:47.054+0000] {dagbag.py:541} INFO - Filling up the DagBag from /home/airflow/.local/lib/python3.7/site-packages/airflow/example_dags/example_dag_decorator.py
[2023-07-04T00:32:47.178+0000] {processor.py:836} INFO - DAG(s) dict_keys(['example_dag_decorator']) retrieved from /home/airflow/.local/lib/python3.7/site-packages/airflow/example_dags/example_dag_decorator.py
[2023-07-04T00:32:47.914+0000] {logging_mixin.py:149} INFO - [2023-07-04T00:32:47.914+0000] {dag.py:2726} INFO - Sync 1 DAGs
[2023-07-04T00:32:48.066+0000] {logging_mixin.py:149} INFO - [2023-07-04T00:32:48.065+0000] {dag.py:3490} INFO - Setting next_dagrun for example_dag_decorator to None, run_after=None
[2023-07-04T00:32:48.251+0000] {processor.py:179} INFO - Processing /home/airflow/.local/lib/python3.7/site-packages/airflow/example_dags/example_dag_decorator.py took 1.271 seconds
[2023-07-04T00:33:18.699+0000] {processor.py:157} INFO - Started process (PID=2987) to work on /home/airflow/.local/lib/python3.7/site-packages/airflow/example_dags/example_dag_decorator.py
[2023-07-04T00:33:18.701+0000] {processor.py:826} INFO - Processing file /home/airflow/.local/lib/python3.7/site-packages/airflow/example_dags/example_dag_decorator.py for tasks to queue
[2023-07-04T00:33:18.703+0000] {logging_mixin.py:149} INFO - [2023-07-04T00:33:18.703+0000] {dagbag.py:541} INFO - Filling up the DagBag from /home/airflow/.local/lib/python3.7/site-packages/airflow/example_dags/example_dag_decorator.py
[2023-07-04T00:33:18.738+0000] {processor.py:836} INFO - DAG(s) dict_keys(['example_dag_decorator']) retrieved from /home/airflow/.local/lib/python3.7/site-packages/airflow/example_dags/example_dag_decorator.py
[2023-07-04T00:33:19.037+0000] {logging_mixin.py:149} INFO - [2023-07-04T00:33:19.037+0000] {dag.py:2726} INFO - Sync 1 DAGs
[2023-07-04T00:33:19.079+0000] {logging_mixin.py:149} INFO - [2023-07-04T00:33:19.079+0000] {dag.py:3490} INFO - Setting next_dagrun for example_dag_decorator to None, run_after=None
[2023-07-04T00:33:19.126+0000] {processor.py:179} INFO - Processing /home/airflow/.local/lib/python3.7/site-packages/airflow/example_dags/example_dag_decorator.py took 0.436 seconds
