[2023-07-04T00:07:06.361+0000] {processor.py:157} INFO - Started process (PID=54) to work on /home/airflow/.local/lib/python3.7/site-packages/airflow/example_dags/example_external_task_marker_dag.py
[2023-07-04T00:07:06.363+0000] {processor.py:826} INFO - Processing file /home/airflow/.local/lib/python3.7/site-packages/airflow/example_dags/example_external_task_marker_dag.py for tasks to queue
[2023-07-04T00:07:06.365+0000] {logging_mixin.py:149} INFO - [2023-07-04T00:07:06.365+0000] {dagbag.py:541} INFO - Filling up the DagBag from /home/airflow/.local/lib/python3.7/site-packages/airflow/example_dags/example_external_task_marker_dag.py
[2023-07-04T00:07:06.382+0000] {processor.py:836} INFO - DAG(s) dict_keys(['example_external_task_marker_parent', 'example_external_task_marker_child']) retrieved from /home/airflow/.local/lib/python3.7/site-packages/airflow/example_dags/example_external_task_marker_dag.py
[2023-07-04T00:07:07.046+0000] {logging_mixin.py:149} INFO - [2023-07-04T00:07:07.045+0000] {dag.py:2726} INFO - Sync 2 DAGs
[2023-07-04T00:07:07.104+0000] {logging_mixin.py:149} INFO - [2023-07-04T00:07:07.104+0000] {dag.py:3490} INFO - Setting next_dagrun for example_external_task_marker_child to None, run_after=None
[2023-07-04T00:07:07.110+0000] {logging_mixin.py:149} INFO - [2023-07-04T00:07:07.110+0000] {dag.py:3490} INFO - Setting next_dagrun for example_external_task_marker_parent to None, run_after=None
[2023-07-04T00:07:07.243+0000] {processor.py:179} INFO - Processing /home/airflow/.local/lib/python3.7/site-packages/airflow/example_dags/example_external_task_marker_dag.py took 0.903 seconds
[2023-07-04T00:07:37.493+0000] {processor.py:157} INFO - Started process (PID=111) to work on /home/airflow/.local/lib/python3.7/site-packages/airflow/example_dags/example_external_task_marker_dag.py
[2023-07-04T00:07:37.494+0000] {processor.py:826} INFO - Processing file /home/airflow/.local/lib/python3.7/site-packages/airflow/example_dags/example_external_task_marker_dag.py for tasks to queue
[2023-07-04T00:07:37.496+0000] {logging_mixin.py:149} INFO - [2023-07-04T00:07:37.496+0000] {dagbag.py:541} INFO - Filling up the DagBag from /home/airflow/.local/lib/python3.7/site-packages/airflow/example_dags/example_external_task_marker_dag.py
[2023-07-04T00:07:37.508+0000] {processor.py:836} INFO - DAG(s) dict_keys(['example_external_task_marker_parent', 'example_external_task_marker_child']) retrieved from /home/airflow/.local/lib/python3.7/site-packages/airflow/example_dags/example_external_task_marker_dag.py
[2023-07-04T00:07:37.564+0000] {logging_mixin.py:149} INFO - [2023-07-04T00:07:37.563+0000] {dag.py:2726} INFO - Sync 2 DAGs
[2023-07-04T00:07:37.623+0000] {logging_mixin.py:149} INFO - [2023-07-04T00:07:37.622+0000] {dag.py:3490} INFO - Setting next_dagrun for example_external_task_marker_child to None, run_after=None
[2023-07-04T00:07:37.630+0000] {logging_mixin.py:149} INFO - [2023-07-04T00:07:37.630+0000] {dag.py:3490} INFO - Setting next_dagrun for example_external_task_marker_parent to None, run_after=None
[2023-07-04T00:07:37.664+0000] {processor.py:179} INFO - Processing /home/airflow/.local/lib/python3.7/site-packages/airflow/example_dags/example_external_task_marker_dag.py took 0.178 seconds
[2023-07-04T00:08:08.131+0000] {processor.py:157} INFO - Started process (PID=168) to work on /home/airflow/.local/lib/python3.7/site-packages/airflow/example_dags/example_external_task_marker_dag.py
[2023-07-04T00:08:08.134+0000] {processor.py:826} INFO - Processing file /home/airflow/.local/lib/python3.7/site-packages/airflow/example_dags/example_external_task_marker_dag.py for tasks to queue
[2023-07-04T00:08:08.138+0000] {logging_mixin.py:149} INFO - [2023-07-04T00:08:08.137+0000] {dagbag.py:541} INFO - Filling up the DagBag from /home/airflow/.local/lib/python3.7/site-packages/airflow/example_dags/example_external_task_marker_dag.py
[2023-07-04T00:08:08.150+0000] {processor.py:836} INFO - DAG(s) dict_keys(['example_external_task_marker_child', 'example_external_task_marker_parent']) retrieved from /home/airflow/.local/lib/python3.7/site-packages/airflow/example_dags/example_external_task_marker_dag.py
[2023-07-04T00:08:08.224+0000] {logging_mixin.py:149} INFO - [2023-07-04T00:08:08.223+0000] {dag.py:2726} INFO - Sync 2 DAGs
[2023-07-04T00:08:08.282+0000] {logging_mixin.py:149} INFO - [2023-07-04T00:08:08.282+0000] {dag.py:3490} INFO - Setting next_dagrun for example_external_task_marker_child to None, run_after=None
[2023-07-04T00:08:08.292+0000] {logging_mixin.py:149} INFO - [2023-07-04T00:08:08.292+0000] {dag.py:3490} INFO - Setting next_dagrun for example_external_task_marker_parent to None, run_after=None
[2023-07-04T00:08:08.331+0000] {processor.py:179} INFO - Processing /home/airflow/.local/lib/python3.7/site-packages/airflow/example_dags/example_external_task_marker_dag.py took 0.208 seconds
[2023-07-04T00:08:38.773+0000] {processor.py:157} INFO - Started process (PID=225) to work on /home/airflow/.local/lib/python3.7/site-packages/airflow/example_dags/example_external_task_marker_dag.py
[2023-07-04T00:08:38.775+0000] {processor.py:826} INFO - Processing file /home/airflow/.local/lib/python3.7/site-packages/airflow/example_dags/example_external_task_marker_dag.py for tasks to queue
[2023-07-04T00:08:38.776+0000] {logging_mixin.py:149} INFO - [2023-07-04T00:08:38.776+0000] {dagbag.py:541} INFO - Filling up the DagBag from /home/airflow/.local/lib/python3.7/site-packages/airflow/example_dags/example_external_task_marker_dag.py
[2023-07-04T00:08:38.788+0000] {processor.py:836} INFO - DAG(s) dict_keys(['example_external_task_marker_parent', 'example_external_task_marker_child']) retrieved from /home/airflow/.local/lib/python3.7/site-packages/airflow/example_dags/example_external_task_marker_dag.py
[2023-07-04T00:08:38.848+0000] {logging_mixin.py:149} INFO - [2023-07-04T00:08:38.847+0000] {dag.py:2726} INFO - Sync 2 DAGs
[2023-07-04T00:08:38.924+0000] {logging_mixin.py:149} INFO - [2023-07-04T00:08:38.923+0000] {dag.py:3490} INFO - Setting next_dagrun for example_external_task_marker_child to None, run_after=None
[2023-07-04T00:08:38.934+0000] {logging_mixin.py:149} INFO - [2023-07-04T00:08:38.933+0000] {dag.py:3490} INFO - Setting next_dagrun for example_external_task_marker_parent to None, run_after=None
[2023-07-04T00:08:38.971+0000] {processor.py:179} INFO - Processing /home/airflow/.local/lib/python3.7/site-packages/airflow/example_dags/example_external_task_marker_dag.py took 0.204 seconds
[2023-07-04T00:09:09.396+0000] {processor.py:157} INFO - Started process (PID=289) to work on /home/airflow/.local/lib/python3.7/site-packages/airflow/example_dags/example_external_task_marker_dag.py
[2023-07-04T00:09:09.398+0000] {processor.py:826} INFO - Processing file /home/airflow/.local/lib/python3.7/site-packages/airflow/example_dags/example_external_task_marker_dag.py for tasks to queue
[2023-07-04T00:09:09.399+0000] {logging_mixin.py:149} INFO - [2023-07-04T00:09:09.399+0000] {dagbag.py:541} INFO - Filling up the DagBag from /home/airflow/.local/lib/python3.7/site-packages/airflow/example_dags/example_external_task_marker_dag.py
[2023-07-04T00:09:09.411+0000] {processor.py:836} INFO - DAG(s) dict_keys(['example_external_task_marker_child', 'example_external_task_marker_parent']) retrieved from /home/airflow/.local/lib/python3.7/site-packages/airflow/example_dags/example_external_task_marker_dag.py
[2023-07-04T00:09:09.461+0000] {logging_mixin.py:149} INFO - [2023-07-04T00:09:09.461+0000] {dag.py:2726} INFO - Sync 2 DAGs
[2023-07-04T00:09:09.506+0000] {logging_mixin.py:149} INFO - [2023-07-04T00:09:09.506+0000] {dag.py:3490} INFO - Setting next_dagrun for example_external_task_marker_child to None, run_after=None
[2023-07-04T00:09:09.512+0000] {logging_mixin.py:149} INFO - [2023-07-04T00:09:09.512+0000] {dag.py:3490} INFO - Setting next_dagrun for example_external_task_marker_parent to None, run_after=None
[2023-07-04T00:09:09.544+0000] {processor.py:179} INFO - Processing /home/airflow/.local/lib/python3.7/site-packages/airflow/example_dags/example_external_task_marker_dag.py took 0.156 seconds
[2023-07-04T00:09:40.004+0000] {processor.py:157} INFO - Started process (PID=346) to work on /home/airflow/.local/lib/python3.7/site-packages/airflow/example_dags/example_external_task_marker_dag.py
[2023-07-04T00:09:40.006+0000] {processor.py:826} INFO - Processing file /home/airflow/.local/lib/python3.7/site-packages/airflow/example_dags/example_external_task_marker_dag.py for tasks to queue
[2023-07-04T00:09:40.008+0000] {logging_mixin.py:149} INFO - [2023-07-04T00:09:40.008+0000] {dagbag.py:541} INFO - Filling up the DagBag from /home/airflow/.local/lib/python3.7/site-packages/airflow/example_dags/example_external_task_marker_dag.py
[2023-07-04T00:09:40.027+0000] {processor.py:836} INFO - DAG(s) dict_keys(['example_external_task_marker_child', 'example_external_task_marker_parent']) retrieved from /home/airflow/.local/lib/python3.7/site-packages/airflow/example_dags/example_external_task_marker_dag.py
[2023-07-04T00:09:40.097+0000] {logging_mixin.py:149} INFO - [2023-07-04T00:09:40.097+0000] {dag.py:2726} INFO - Sync 2 DAGs
[2023-07-04T00:09:40.153+0000] {logging_mixin.py:149} INFO - [2023-07-04T00:09:40.153+0000] {dag.py:3490} INFO - Setting next_dagrun for example_external_task_marker_child to None, run_after=None
[2023-07-04T00:09:40.160+0000] {logging_mixin.py:149} INFO - [2023-07-04T00:09:40.160+0000] {dag.py:3490} INFO - Setting next_dagrun for example_external_task_marker_parent to None, run_after=None
[2023-07-04T00:09:40.205+0000] {processor.py:179} INFO - Processing /home/airflow/.local/lib/python3.7/site-packages/airflow/example_dags/example_external_task_marker_dag.py took 0.213 seconds
[2023-07-04T00:10:10.899+0000] {processor.py:157} INFO - Started process (PID=402) to work on /home/airflow/.local/lib/python3.7/site-packages/airflow/example_dags/example_external_task_marker_dag.py
[2023-07-04T00:10:10.900+0000] {processor.py:826} INFO - Processing file /home/airflow/.local/lib/python3.7/site-packages/airflow/example_dags/example_external_task_marker_dag.py for tasks to queue
[2023-07-04T00:10:10.901+0000] {logging_mixin.py:149} INFO - [2023-07-04T00:10:10.901+0000] {dagbag.py:541} INFO - Filling up the DagBag from /home/airflow/.local/lib/python3.7/site-packages/airflow/example_dags/example_external_task_marker_dag.py
[2023-07-04T00:10:10.914+0000] {processor.py:836} INFO - DAG(s) dict_keys(['example_external_task_marker_parent', 'example_external_task_marker_child']) retrieved from /home/airflow/.local/lib/python3.7/site-packages/airflow/example_dags/example_external_task_marker_dag.py
[2023-07-04T00:10:10.976+0000] {logging_mixin.py:149} INFO - [2023-07-04T00:10:10.975+0000] {dag.py:2726} INFO - Sync 2 DAGs
[2023-07-04T00:10:11.040+0000] {logging_mixin.py:149} INFO - [2023-07-04T00:10:11.040+0000] {dag.py:3490} INFO - Setting next_dagrun for example_external_task_marker_child to None, run_after=None
[2023-07-04T00:10:11.058+0000] {logging_mixin.py:149} INFO - [2023-07-04T00:10:11.058+0000] {dag.py:3490} INFO - Setting next_dagrun for example_external_task_marker_parent to None, run_after=None
[2023-07-04T00:10:11.120+0000] {processor.py:179} INFO - Processing /home/airflow/.local/lib/python3.7/site-packages/airflow/example_dags/example_external_task_marker_dag.py took 0.230 seconds
[2023-07-04T00:10:41.504+0000] {processor.py:157} INFO - Started process (PID=459) to work on /home/airflow/.local/lib/python3.7/site-packages/airflow/example_dags/example_external_task_marker_dag.py
[2023-07-04T00:10:41.506+0000] {processor.py:826} INFO - Processing file /home/airflow/.local/lib/python3.7/site-packages/airflow/example_dags/example_external_task_marker_dag.py for tasks to queue
[2023-07-04T00:10:41.510+0000] {logging_mixin.py:149} INFO - [2023-07-04T00:10:41.509+0000] {dagbag.py:541} INFO - Filling up the DagBag from /home/airflow/.local/lib/python3.7/site-packages/airflow/example_dags/example_external_task_marker_dag.py
[2023-07-04T00:10:41.529+0000] {processor.py:836} INFO - DAG(s) dict_keys(['example_external_task_marker_parent', 'example_external_task_marker_child']) retrieved from /home/airflow/.local/lib/python3.7/site-packages/airflow/example_dags/example_external_task_marker_dag.py
[2023-07-04T00:10:41.613+0000] {logging_mixin.py:149} INFO - [2023-07-04T00:10:41.613+0000] {dag.py:2726} INFO - Sync 2 DAGs
[2023-07-04T00:10:41.680+0000] {logging_mixin.py:149} INFO - [2023-07-04T00:10:41.679+0000] {dag.py:3490} INFO - Setting next_dagrun for example_external_task_marker_child to None, run_after=None
[2023-07-04T00:10:41.688+0000] {logging_mixin.py:149} INFO - [2023-07-04T00:10:41.688+0000] {dag.py:3490} INFO - Setting next_dagrun for example_external_task_marker_parent to None, run_after=None
[2023-07-04T00:10:41.736+0000] {processor.py:179} INFO - Processing /home/airflow/.local/lib/python3.7/site-packages/airflow/example_dags/example_external_task_marker_dag.py took 0.249 seconds
[2023-07-04T00:11:12.588+0000] {processor.py:157} INFO - Started process (PID=516) to work on /home/airflow/.local/lib/python3.7/site-packages/airflow/example_dags/example_external_task_marker_dag.py
[2023-07-04T00:11:12.592+0000] {processor.py:826} INFO - Processing file /home/airflow/.local/lib/python3.7/site-packages/airflow/example_dags/example_external_task_marker_dag.py for tasks to queue
[2023-07-04T00:11:12.594+0000] {logging_mixin.py:149} INFO - [2023-07-04T00:11:12.593+0000] {dagbag.py:541} INFO - Filling up the DagBag from /home/airflow/.local/lib/python3.7/site-packages/airflow/example_dags/example_external_task_marker_dag.py
[2023-07-04T00:11:12.613+0000] {processor.py:836} INFO - DAG(s) dict_keys(['example_external_task_marker_parent', 'example_external_task_marker_child']) retrieved from /home/airflow/.local/lib/python3.7/site-packages/airflow/example_dags/example_external_task_marker_dag.py
[2023-07-04T00:11:12.689+0000] {logging_mixin.py:149} INFO - [2023-07-04T00:11:12.689+0000] {dag.py:2726} INFO - Sync 2 DAGs
[2023-07-04T00:11:12.766+0000] {logging_mixin.py:149} INFO - [2023-07-04T00:11:12.766+0000] {dag.py:3490} INFO - Setting next_dagrun for example_external_task_marker_child to None, run_after=None
[2023-07-04T00:11:12.773+0000] {logging_mixin.py:149} INFO - [2023-07-04T00:11:12.773+0000] {dag.py:3490} INFO - Setting next_dagrun for example_external_task_marker_parent to None, run_after=None
[2023-07-04T00:11:12.812+0000] {processor.py:179} INFO - Processing /home/airflow/.local/lib/python3.7/site-packages/airflow/example_dags/example_external_task_marker_dag.py took 0.240 seconds
[2023-07-04T00:11:43.423+0000] {processor.py:157} INFO - Started process (PID=573) to work on /home/airflow/.local/lib/python3.7/site-packages/airflow/example_dags/example_external_task_marker_dag.py
[2023-07-04T00:11:43.425+0000] {processor.py:826} INFO - Processing file /home/airflow/.local/lib/python3.7/site-packages/airflow/example_dags/example_external_task_marker_dag.py for tasks to queue
[2023-07-04T00:11:43.427+0000] {logging_mixin.py:149} INFO - [2023-07-04T00:11:43.426+0000] {dagbag.py:541} INFO - Filling up the DagBag from /home/airflow/.local/lib/python3.7/site-packages/airflow/example_dags/example_external_task_marker_dag.py
[2023-07-04T00:11:43.443+0000] {processor.py:836} INFO - DAG(s) dict_keys(['example_external_task_marker_child', 'example_external_task_marker_parent']) retrieved from /home/airflow/.local/lib/python3.7/site-packages/airflow/example_dags/example_external_task_marker_dag.py
[2023-07-04T00:11:43.531+0000] {logging_mixin.py:149} INFO - [2023-07-04T00:11:43.530+0000] {dag.py:2726} INFO - Sync 2 DAGs
[2023-07-04T00:11:43.606+0000] {logging_mixin.py:149} INFO - [2023-07-04T00:11:43.606+0000] {dag.py:3490} INFO - Setting next_dagrun for example_external_task_marker_child to None, run_after=None
[2023-07-04T00:11:43.616+0000] {logging_mixin.py:149} INFO - [2023-07-04T00:11:43.616+0000] {dag.py:3490} INFO - Setting next_dagrun for example_external_task_marker_parent to None, run_after=None
[2023-07-04T00:11:43.662+0000] {processor.py:179} INFO - Processing /home/airflow/.local/lib/python3.7/site-packages/airflow/example_dags/example_external_task_marker_dag.py took 0.247 seconds
[2023-07-04T00:12:14.444+0000] {processor.py:157} INFO - Started process (PID=630) to work on /home/airflow/.local/lib/python3.7/site-packages/airflow/example_dags/example_external_task_marker_dag.py
[2023-07-04T00:12:14.447+0000] {processor.py:826} INFO - Processing file /home/airflow/.local/lib/python3.7/site-packages/airflow/example_dags/example_external_task_marker_dag.py for tasks to queue
[2023-07-04T00:12:14.449+0000] {logging_mixin.py:149} INFO - [2023-07-04T00:12:14.449+0000] {dagbag.py:541} INFO - Filling up the DagBag from /home/airflow/.local/lib/python3.7/site-packages/airflow/example_dags/example_external_task_marker_dag.py
[2023-07-04T00:12:14.460+0000] {processor.py:836} INFO - DAG(s) dict_keys(['example_external_task_marker_parent', 'example_external_task_marker_child']) retrieved from /home/airflow/.local/lib/python3.7/site-packages/airflow/example_dags/example_external_task_marker_dag.py
[2023-07-04T00:12:14.521+0000] {logging_mixin.py:149} INFO - [2023-07-04T00:12:14.521+0000] {dag.py:2726} INFO - Sync 2 DAGs
[2023-07-04T00:12:14.589+0000] {logging_mixin.py:149} INFO - [2023-07-04T00:12:14.588+0000] {dag.py:3490} INFO - Setting next_dagrun for example_external_task_marker_child to None, run_after=None
[2023-07-04T00:12:14.605+0000] {logging_mixin.py:149} INFO - [2023-07-04T00:12:14.604+0000] {dag.py:3490} INFO - Setting next_dagrun for example_external_task_marker_parent to None, run_after=None
[2023-07-04T00:12:14.640+0000] {processor.py:179} INFO - Processing /home/airflow/.local/lib/python3.7/site-packages/airflow/example_dags/example_external_task_marker_dag.py took 0.205 seconds
[2023-07-04T00:12:45.134+0000] {processor.py:157} INFO - Started process (PID=688) to work on /home/airflow/.local/lib/python3.7/site-packages/airflow/example_dags/example_external_task_marker_dag.py
[2023-07-04T00:12:45.135+0000] {processor.py:826} INFO - Processing file /home/airflow/.local/lib/python3.7/site-packages/airflow/example_dags/example_external_task_marker_dag.py for tasks to queue
[2023-07-04T00:12:45.136+0000] {logging_mixin.py:149} INFO - [2023-07-04T00:12:45.136+0000] {dagbag.py:541} INFO - Filling up the DagBag from /home/airflow/.local/lib/python3.7/site-packages/airflow/example_dags/example_external_task_marker_dag.py
[2023-07-04T00:12:45.152+0000] {processor.py:836} INFO - DAG(s) dict_keys(['example_external_task_marker_parent', 'example_external_task_marker_child']) retrieved from /home/airflow/.local/lib/python3.7/site-packages/airflow/example_dags/example_external_task_marker_dag.py
[2023-07-04T00:12:45.205+0000] {logging_mixin.py:149} INFO - [2023-07-04T00:12:45.205+0000] {dag.py:2726} INFO - Sync 2 DAGs
[2023-07-04T00:12:45.256+0000] {logging_mixin.py:149} INFO - [2023-07-04T00:12:45.256+0000] {dag.py:3490} INFO - Setting next_dagrun for example_external_task_marker_child to None, run_after=None
[2023-07-04T00:12:45.261+0000] {logging_mixin.py:149} INFO - [2023-07-04T00:12:45.261+0000] {dag.py:3490} INFO - Setting next_dagrun for example_external_task_marker_parent to None, run_after=None
[2023-07-04T00:12:45.291+0000] {processor.py:179} INFO - Processing /home/airflow/.local/lib/python3.7/site-packages/airflow/example_dags/example_external_task_marker_dag.py took 0.165 seconds
[2023-07-04T00:13:15.519+0000] {processor.py:157} INFO - Started process (PID=745) to work on /home/airflow/.local/lib/python3.7/site-packages/airflow/example_dags/example_external_task_marker_dag.py
[2023-07-04T00:13:15.521+0000] {processor.py:826} INFO - Processing file /home/airflow/.local/lib/python3.7/site-packages/airflow/example_dags/example_external_task_marker_dag.py for tasks to queue
[2023-07-04T00:13:15.523+0000] {logging_mixin.py:149} INFO - [2023-07-04T00:13:15.522+0000] {dagbag.py:541} INFO - Filling up the DagBag from /home/airflow/.local/lib/python3.7/site-packages/airflow/example_dags/example_external_task_marker_dag.py
[2023-07-04T00:13:15.533+0000] {processor.py:836} INFO - DAG(s) dict_keys(['example_external_task_marker_child', 'example_external_task_marker_parent']) retrieved from /home/airflow/.local/lib/python3.7/site-packages/airflow/example_dags/example_external_task_marker_dag.py
[2023-07-04T00:13:15.594+0000] {logging_mixin.py:149} INFO - [2023-07-04T00:13:15.594+0000] {dag.py:2726} INFO - Sync 2 DAGs
[2023-07-04T00:13:15.661+0000] {logging_mixin.py:149} INFO - [2023-07-04T00:13:15.661+0000] {dag.py:3490} INFO - Setting next_dagrun for example_external_task_marker_child to None, run_after=None
[2023-07-04T00:13:15.667+0000] {logging_mixin.py:149} INFO - [2023-07-04T00:13:15.667+0000] {dag.py:3490} INFO - Setting next_dagrun for example_external_task_marker_parent to None, run_after=None
[2023-07-04T00:13:15.701+0000] {processor.py:179} INFO - Processing /home/airflow/.local/lib/python3.7/site-packages/airflow/example_dags/example_external_task_marker_dag.py took 0.188 seconds
[2023-07-04T00:13:45.749+0000] {processor.py:157} INFO - Started process (PID=801) to work on /home/airflow/.local/lib/python3.7/site-packages/airflow/example_dags/example_external_task_marker_dag.py
[2023-07-04T00:13:45.750+0000] {processor.py:826} INFO - Processing file /home/airflow/.local/lib/python3.7/site-packages/airflow/example_dags/example_external_task_marker_dag.py for tasks to queue
[2023-07-04T00:13:45.752+0000] {logging_mixin.py:149} INFO - [2023-07-04T00:13:45.752+0000] {dagbag.py:541} INFO - Filling up the DagBag from /home/airflow/.local/lib/python3.7/site-packages/airflow/example_dags/example_external_task_marker_dag.py
[2023-07-04T00:13:45.764+0000] {processor.py:836} INFO - DAG(s) dict_keys(['example_external_task_marker_parent', 'example_external_task_marker_child']) retrieved from /home/airflow/.local/lib/python3.7/site-packages/airflow/example_dags/example_external_task_marker_dag.py
[2023-07-04T00:13:45.812+0000] {logging_mixin.py:149} INFO - [2023-07-04T00:13:45.812+0000] {dag.py:2726} INFO - Sync 2 DAGs
[2023-07-04T00:13:45.863+0000] {logging_mixin.py:149} INFO - [2023-07-04T00:13:45.863+0000] {dag.py:3490} INFO - Setting next_dagrun for example_external_task_marker_child to None, run_after=None
[2023-07-04T00:13:45.869+0000] {logging_mixin.py:149} INFO - [2023-07-04T00:13:45.869+0000] {dag.py:3490} INFO - Setting next_dagrun for example_external_task_marker_parent to None, run_after=None
[2023-07-04T00:13:45.899+0000] {processor.py:179} INFO - Processing /home/airflow/.local/lib/python3.7/site-packages/airflow/example_dags/example_external_task_marker_dag.py took 0.155 seconds
[2023-07-04T00:14:16.405+0000] {processor.py:157} INFO - Started process (PID=858) to work on /home/airflow/.local/lib/python3.7/site-packages/airflow/example_dags/example_external_task_marker_dag.py
[2023-07-04T00:14:16.406+0000] {processor.py:826} INFO - Processing file /home/airflow/.local/lib/python3.7/site-packages/airflow/example_dags/example_external_task_marker_dag.py for tasks to queue
[2023-07-04T00:14:16.407+0000] {logging_mixin.py:149} INFO - [2023-07-04T00:14:16.407+0000] {dagbag.py:541} INFO - Filling up the DagBag from /home/airflow/.local/lib/python3.7/site-packages/airflow/example_dags/example_external_task_marker_dag.py
[2023-07-04T00:14:16.422+0000] {processor.py:836} INFO - DAG(s) dict_keys(['example_external_task_marker_parent', 'example_external_task_marker_child']) retrieved from /home/airflow/.local/lib/python3.7/site-packages/airflow/example_dags/example_external_task_marker_dag.py
[2023-07-04T00:14:16.470+0000] {logging_mixin.py:149} INFO - [2023-07-04T00:14:16.469+0000] {dag.py:2726} INFO - Sync 2 DAGs
[2023-07-04T00:14:16.552+0000] {logging_mixin.py:149} INFO - [2023-07-04T00:14:16.552+0000] {dag.py:3490} INFO - Setting next_dagrun for example_external_task_marker_child to None, run_after=None
[2023-07-04T00:14:16.560+0000] {logging_mixin.py:149} INFO - [2023-07-04T00:14:16.560+0000] {dag.py:3490} INFO - Setting next_dagrun for example_external_task_marker_parent to None, run_after=None
[2023-07-04T00:14:16.617+0000] {processor.py:179} INFO - Processing /home/airflow/.local/lib/python3.7/site-packages/airflow/example_dags/example_external_task_marker_dag.py took 0.221 seconds
[2023-07-04T00:14:46.794+0000] {processor.py:157} INFO - Started process (PID=915) to work on /home/airflow/.local/lib/python3.7/site-packages/airflow/example_dags/example_external_task_marker_dag.py
[2023-07-04T00:14:46.797+0000] {processor.py:826} INFO - Processing file /home/airflow/.local/lib/python3.7/site-packages/airflow/example_dags/example_external_task_marker_dag.py for tasks to queue
[2023-07-04T00:14:46.799+0000] {logging_mixin.py:149} INFO - [2023-07-04T00:14:46.798+0000] {dagbag.py:541} INFO - Filling up the DagBag from /home/airflow/.local/lib/python3.7/site-packages/airflow/example_dags/example_external_task_marker_dag.py
[2023-07-04T00:14:46.815+0000] {processor.py:836} INFO - DAG(s) dict_keys(['example_external_task_marker_child', 'example_external_task_marker_parent']) retrieved from /home/airflow/.local/lib/python3.7/site-packages/airflow/example_dags/example_external_task_marker_dag.py
[2023-07-04T00:14:46.875+0000] {logging_mixin.py:149} INFO - [2023-07-04T00:14:46.875+0000] {dag.py:2726} INFO - Sync 2 DAGs
[2023-07-04T00:14:46.941+0000] {logging_mixin.py:149} INFO - [2023-07-04T00:14:46.941+0000] {dag.py:3490} INFO - Setting next_dagrun for example_external_task_marker_child to None, run_after=None
[2023-07-04T00:14:46.947+0000] {logging_mixin.py:149} INFO - [2023-07-04T00:14:46.946+0000] {dag.py:3490} INFO - Setting next_dagrun for example_external_task_marker_parent to None, run_after=None
[2023-07-04T00:14:46.979+0000] {processor.py:179} INFO - Processing /home/airflow/.local/lib/python3.7/site-packages/airflow/example_dags/example_external_task_marker_dag.py took 0.197 seconds
[2023-07-04T00:15:17.750+0000] {processor.py:157} INFO - Started process (PID=971) to work on /home/airflow/.local/lib/python3.7/site-packages/airflow/example_dags/example_external_task_marker_dag.py
[2023-07-04T00:15:17.752+0000] {processor.py:826} INFO - Processing file /home/airflow/.local/lib/python3.7/site-packages/airflow/example_dags/example_external_task_marker_dag.py for tasks to queue
[2023-07-04T00:15:17.755+0000] {logging_mixin.py:149} INFO - [2023-07-04T00:15:17.754+0000] {dagbag.py:541} INFO - Filling up the DagBag from /home/airflow/.local/lib/python3.7/site-packages/airflow/example_dags/example_external_task_marker_dag.py
[2023-07-04T00:15:17.768+0000] {processor.py:836} INFO - DAG(s) dict_keys(['example_external_task_marker_child', 'example_external_task_marker_parent']) retrieved from /home/airflow/.local/lib/python3.7/site-packages/airflow/example_dags/example_external_task_marker_dag.py
[2023-07-04T00:15:17.826+0000] {logging_mixin.py:149} INFO - [2023-07-04T00:15:17.825+0000] {dag.py:2726} INFO - Sync 2 DAGs
[2023-07-04T00:15:17.882+0000] {logging_mixin.py:149} INFO - [2023-07-04T00:15:17.882+0000] {dag.py:3490} INFO - Setting next_dagrun for example_external_task_marker_child to None, run_after=None
[2023-07-04T00:15:17.894+0000] {logging_mixin.py:149} INFO - [2023-07-04T00:15:17.894+0000] {dag.py:3490} INFO - Setting next_dagrun for example_external_task_marker_parent to None, run_after=None
[2023-07-04T00:15:17.936+0000] {processor.py:179} INFO - Processing /home/airflow/.local/lib/python3.7/site-packages/airflow/example_dags/example_external_task_marker_dag.py took 0.193 seconds
[2023-07-04T00:15:48.592+0000] {processor.py:157} INFO - Started process (PID=1029) to work on /home/airflow/.local/lib/python3.7/site-packages/airflow/example_dags/example_external_task_marker_dag.py
[2023-07-04T00:15:48.594+0000] {processor.py:826} INFO - Processing file /home/airflow/.local/lib/python3.7/site-packages/airflow/example_dags/example_external_task_marker_dag.py for tasks to queue
[2023-07-04T00:15:48.596+0000] {logging_mixin.py:149} INFO - [2023-07-04T00:15:48.595+0000] {dagbag.py:541} INFO - Filling up the DagBag from /home/airflow/.local/lib/python3.7/site-packages/airflow/example_dags/example_external_task_marker_dag.py
[2023-07-04T00:15:48.608+0000] {processor.py:836} INFO - DAG(s) dict_keys(['example_external_task_marker_parent', 'example_external_task_marker_child']) retrieved from /home/airflow/.local/lib/python3.7/site-packages/airflow/example_dags/example_external_task_marker_dag.py
[2023-07-04T00:15:48.684+0000] {logging_mixin.py:149} INFO - [2023-07-04T00:15:48.684+0000] {dag.py:2726} INFO - Sync 2 DAGs
[2023-07-04T00:15:48.739+0000] {logging_mixin.py:149} INFO - [2023-07-04T00:15:48.739+0000] {dag.py:3490} INFO - Setting next_dagrun for example_external_task_marker_child to None, run_after=None
[2023-07-04T00:15:48.744+0000] {logging_mixin.py:149} INFO - [2023-07-04T00:15:48.743+0000] {dag.py:3490} INFO - Setting next_dagrun for example_external_task_marker_parent to None, run_after=None
[2023-07-04T00:15:48.775+0000] {processor.py:179} INFO - Processing /home/airflow/.local/lib/python3.7/site-packages/airflow/example_dags/example_external_task_marker_dag.py took 0.192 seconds
[2023-07-04T00:16:19.042+0000] {processor.py:157} INFO - Started process (PID=1086) to work on /home/airflow/.local/lib/python3.7/site-packages/airflow/example_dags/example_external_task_marker_dag.py
[2023-07-04T00:16:19.045+0000] {processor.py:826} INFO - Processing file /home/airflow/.local/lib/python3.7/site-packages/airflow/example_dags/example_external_task_marker_dag.py for tasks to queue
[2023-07-04T00:16:19.048+0000] {logging_mixin.py:149} INFO - [2023-07-04T00:16:19.047+0000] {dagbag.py:541} INFO - Filling up the DagBag from /home/airflow/.local/lib/python3.7/site-packages/airflow/example_dags/example_external_task_marker_dag.py
[2023-07-04T00:16:19.067+0000] {processor.py:836} INFO - DAG(s) dict_keys(['example_external_task_marker_parent', 'example_external_task_marker_child']) retrieved from /home/airflow/.local/lib/python3.7/site-packages/airflow/example_dags/example_external_task_marker_dag.py
[2023-07-04T00:16:19.155+0000] {logging_mixin.py:149} INFO - [2023-07-04T00:16:19.154+0000] {dag.py:2726} INFO - Sync 2 DAGs
[2023-07-04T00:16:19.259+0000] {logging_mixin.py:149} INFO - [2023-07-04T00:16:19.259+0000] {dag.py:3490} INFO - Setting next_dagrun for example_external_task_marker_child to None, run_after=None
[2023-07-04T00:16:19.271+0000] {logging_mixin.py:149} INFO - [2023-07-04T00:16:19.271+0000] {dag.py:3490} INFO - Setting next_dagrun for example_external_task_marker_parent to None, run_after=None
[2023-07-04T00:16:19.322+0000] {processor.py:179} INFO - Processing /home/airflow/.local/lib/python3.7/site-packages/airflow/example_dags/example_external_task_marker_dag.py took 0.288 seconds
[2023-07-04T00:16:49.432+0000] {processor.py:157} INFO - Started process (PID=1143) to work on /home/airflow/.local/lib/python3.7/site-packages/airflow/example_dags/example_external_task_marker_dag.py
[2023-07-04T00:16:49.433+0000] {processor.py:826} INFO - Processing file /home/airflow/.local/lib/python3.7/site-packages/airflow/example_dags/example_external_task_marker_dag.py for tasks to queue
[2023-07-04T00:16:49.434+0000] {logging_mixin.py:149} INFO - [2023-07-04T00:16:49.434+0000] {dagbag.py:541} INFO - Filling up the DagBag from /home/airflow/.local/lib/python3.7/site-packages/airflow/example_dags/example_external_task_marker_dag.py
[2023-07-04T00:16:49.445+0000] {processor.py:836} INFO - DAG(s) dict_keys(['example_external_task_marker_parent', 'example_external_task_marker_child']) retrieved from /home/airflow/.local/lib/python3.7/site-packages/airflow/example_dags/example_external_task_marker_dag.py
[2023-07-04T00:16:49.517+0000] {logging_mixin.py:149} INFO - [2023-07-04T00:16:49.516+0000] {dag.py:2726} INFO - Sync 2 DAGs
[2023-07-04T00:16:49.579+0000] {logging_mixin.py:149} INFO - [2023-07-04T00:16:49.578+0000] {dag.py:3490} INFO - Setting next_dagrun for example_external_task_marker_child to None, run_after=None
[2023-07-04T00:16:49.586+0000] {logging_mixin.py:149} INFO - [2023-07-04T00:16:49.586+0000] {dag.py:3490} INFO - Setting next_dagrun for example_external_task_marker_parent to None, run_after=None
[2023-07-04T00:16:49.621+0000] {processor.py:179} INFO - Processing /home/airflow/.local/lib/python3.7/site-packages/airflow/example_dags/example_external_task_marker_dag.py took 0.196 seconds
[2023-07-04T00:17:20.475+0000] {processor.py:157} INFO - Started process (PID=1200) to work on /home/airflow/.local/lib/python3.7/site-packages/airflow/example_dags/example_external_task_marker_dag.py
[2023-07-04T00:17:20.477+0000] {processor.py:826} INFO - Processing file /home/airflow/.local/lib/python3.7/site-packages/airflow/example_dags/example_external_task_marker_dag.py for tasks to queue
[2023-07-04T00:17:20.479+0000] {logging_mixin.py:149} INFO - [2023-07-04T00:17:20.479+0000] {dagbag.py:541} INFO - Filling up the DagBag from /home/airflow/.local/lib/python3.7/site-packages/airflow/example_dags/example_external_task_marker_dag.py
[2023-07-04T00:17:20.492+0000] {processor.py:836} INFO - DAG(s) dict_keys(['example_external_task_marker_parent', 'example_external_task_marker_child']) retrieved from /home/airflow/.local/lib/python3.7/site-packages/airflow/example_dags/example_external_task_marker_dag.py
[2023-07-04T00:17:20.549+0000] {logging_mixin.py:149} INFO - [2023-07-04T00:17:20.548+0000] {dag.py:2726} INFO - Sync 2 DAGs
[2023-07-04T00:17:20.605+0000] {logging_mixin.py:149} INFO - [2023-07-04T00:17:20.605+0000] {dag.py:3490} INFO - Setting next_dagrun for example_external_task_marker_child to None, run_after=None
[2023-07-04T00:17:20.613+0000] {logging_mixin.py:149} INFO - [2023-07-04T00:17:20.613+0000] {dag.py:3490} INFO - Setting next_dagrun for example_external_task_marker_parent to None, run_after=None
[2023-07-04T00:17:20.655+0000] {processor.py:179} INFO - Processing /home/airflow/.local/lib/python3.7/site-packages/airflow/example_dags/example_external_task_marker_dag.py took 0.186 seconds
[2023-07-04T00:17:50.843+0000] {processor.py:157} INFO - Started process (PID=1257) to work on /home/airflow/.local/lib/python3.7/site-packages/airflow/example_dags/example_external_task_marker_dag.py
[2023-07-04T00:17:50.845+0000] {processor.py:826} INFO - Processing file /home/airflow/.local/lib/python3.7/site-packages/airflow/example_dags/example_external_task_marker_dag.py for tasks to queue
[2023-07-04T00:17:50.847+0000] {logging_mixin.py:149} INFO - [2023-07-04T00:17:50.847+0000] {dagbag.py:541} INFO - Filling up the DagBag from /home/airflow/.local/lib/python3.7/site-packages/airflow/example_dags/example_external_task_marker_dag.py
[2023-07-04T00:17:50.856+0000] {processor.py:836} INFO - DAG(s) dict_keys(['example_external_task_marker_parent', 'example_external_task_marker_child']) retrieved from /home/airflow/.local/lib/python3.7/site-packages/airflow/example_dags/example_external_task_marker_dag.py
[2023-07-04T00:17:50.912+0000] {logging_mixin.py:149} INFO - [2023-07-04T00:17:50.912+0000] {dag.py:2726} INFO - Sync 2 DAGs
[2023-07-04T00:17:50.967+0000] {logging_mixin.py:149} INFO - [2023-07-04T00:17:50.967+0000] {dag.py:3490} INFO - Setting next_dagrun for example_external_task_marker_child to None, run_after=None
[2023-07-04T00:17:50.975+0000] {logging_mixin.py:149} INFO - [2023-07-04T00:17:50.974+0000] {dag.py:3490} INFO - Setting next_dagrun for example_external_task_marker_parent to None, run_after=None
[2023-07-04T00:17:51.013+0000] {processor.py:179} INFO - Processing /home/airflow/.local/lib/python3.7/site-packages/airflow/example_dags/example_external_task_marker_dag.py took 0.177 seconds
[2023-07-04T00:18:21.154+0000] {processor.py:157} INFO - Started process (PID=1314) to work on /home/airflow/.local/lib/python3.7/site-packages/airflow/example_dags/example_external_task_marker_dag.py
[2023-07-04T00:18:21.155+0000] {processor.py:826} INFO - Processing file /home/airflow/.local/lib/python3.7/site-packages/airflow/example_dags/example_external_task_marker_dag.py for tasks to queue
[2023-07-04T00:18:21.157+0000] {logging_mixin.py:149} INFO - [2023-07-04T00:18:21.157+0000] {dagbag.py:541} INFO - Filling up the DagBag from /home/airflow/.local/lib/python3.7/site-packages/airflow/example_dags/example_external_task_marker_dag.py
[2023-07-04T00:18:21.173+0000] {processor.py:836} INFO - DAG(s) dict_keys(['example_external_task_marker_child', 'example_external_task_marker_parent']) retrieved from /home/airflow/.local/lib/python3.7/site-packages/airflow/example_dags/example_external_task_marker_dag.py
[2023-07-04T00:18:21.251+0000] {logging_mixin.py:149} INFO - [2023-07-04T00:18:21.250+0000] {dag.py:2726} INFO - Sync 2 DAGs
[2023-07-04T00:18:21.299+0000] {logging_mixin.py:149} INFO - [2023-07-04T00:18:21.299+0000] {dag.py:3490} INFO - Setting next_dagrun for example_external_task_marker_child to None, run_after=None
[2023-07-04T00:18:21.307+0000] {logging_mixin.py:149} INFO - [2023-07-04T00:18:21.307+0000] {dag.py:3490} INFO - Setting next_dagrun for example_external_task_marker_parent to None, run_after=None
[2023-07-04T00:18:21.357+0000] {processor.py:179} INFO - Processing /home/airflow/.local/lib/python3.7/site-packages/airflow/example_dags/example_external_task_marker_dag.py took 0.208 seconds
[2023-07-04T00:18:51.864+0000] {processor.py:157} INFO - Started process (PID=1370) to work on /home/airflow/.local/lib/python3.7/site-packages/airflow/example_dags/example_external_task_marker_dag.py
[2023-07-04T00:18:51.866+0000] {processor.py:826} INFO - Processing file /home/airflow/.local/lib/python3.7/site-packages/airflow/example_dags/example_external_task_marker_dag.py for tasks to queue
[2023-07-04T00:18:51.868+0000] {logging_mixin.py:149} INFO - [2023-07-04T00:18:51.867+0000] {dagbag.py:541} INFO - Filling up the DagBag from /home/airflow/.local/lib/python3.7/site-packages/airflow/example_dags/example_external_task_marker_dag.py
[2023-07-04T00:18:51.878+0000] {processor.py:836} INFO - DAG(s) dict_keys(['example_external_task_marker_child', 'example_external_task_marker_parent']) retrieved from /home/airflow/.local/lib/python3.7/site-packages/airflow/example_dags/example_external_task_marker_dag.py
[2023-07-04T00:18:51.940+0000] {logging_mixin.py:149} INFO - [2023-07-04T00:18:51.940+0000] {dag.py:2726} INFO - Sync 2 DAGs
[2023-07-04T00:18:51.995+0000] {logging_mixin.py:149} INFO - [2023-07-04T00:18:51.994+0000] {dag.py:3490} INFO - Setting next_dagrun for example_external_task_marker_child to None, run_after=None
[2023-07-04T00:18:52.000+0000] {logging_mixin.py:149} INFO - [2023-07-04T00:18:51.999+0000] {dag.py:3490} INFO - Setting next_dagrun for example_external_task_marker_parent to None, run_after=None
[2023-07-04T00:18:52.041+0000] {processor.py:179} INFO - Processing /home/airflow/.local/lib/python3.7/site-packages/airflow/example_dags/example_external_task_marker_dag.py took 0.184 seconds
[2023-07-04T00:19:22.324+0000] {processor.py:157} INFO - Started process (PID=1428) to work on /home/airflow/.local/lib/python3.7/site-packages/airflow/example_dags/example_external_task_marker_dag.py
[2023-07-04T00:19:22.326+0000] {processor.py:826} INFO - Processing file /home/airflow/.local/lib/python3.7/site-packages/airflow/example_dags/example_external_task_marker_dag.py for tasks to queue
[2023-07-04T00:19:22.327+0000] {logging_mixin.py:149} INFO - [2023-07-04T00:19:22.326+0000] {dagbag.py:541} INFO - Filling up the DagBag from /home/airflow/.local/lib/python3.7/site-packages/airflow/example_dags/example_external_task_marker_dag.py
[2023-07-04T00:19:22.341+0000] {processor.py:836} INFO - DAG(s) dict_keys(['example_external_task_marker_child', 'example_external_task_marker_parent']) retrieved from /home/airflow/.local/lib/python3.7/site-packages/airflow/example_dags/example_external_task_marker_dag.py
[2023-07-04T00:19:22.400+0000] {logging_mixin.py:149} INFO - [2023-07-04T00:19:22.400+0000] {dag.py:2726} INFO - Sync 2 DAGs
[2023-07-04T00:19:22.477+0000] {logging_mixin.py:149} INFO - [2023-07-04T00:19:22.477+0000] {dag.py:3490} INFO - Setting next_dagrun for example_external_task_marker_child to None, run_after=None
[2023-07-04T00:19:22.491+0000] {logging_mixin.py:149} INFO - [2023-07-04T00:19:22.490+0000] {dag.py:3490} INFO - Setting next_dagrun for example_external_task_marker_parent to None, run_after=None
[2023-07-04T00:19:22.574+0000] {processor.py:179} INFO - Processing /home/airflow/.local/lib/python3.7/site-packages/airflow/example_dags/example_external_task_marker_dag.py took 0.256 seconds
[2023-07-04T00:19:53.025+0000] {processor.py:157} INFO - Started process (PID=1485) to work on /home/airflow/.local/lib/python3.7/site-packages/airflow/example_dags/example_external_task_marker_dag.py
[2023-07-04T00:19:53.027+0000] {processor.py:826} INFO - Processing file /home/airflow/.local/lib/python3.7/site-packages/airflow/example_dags/example_external_task_marker_dag.py for tasks to queue
[2023-07-04T00:19:53.028+0000] {logging_mixin.py:149} INFO - [2023-07-04T00:19:53.028+0000] {dagbag.py:541} INFO - Filling up the DagBag from /home/airflow/.local/lib/python3.7/site-packages/airflow/example_dags/example_external_task_marker_dag.py
[2023-07-04T00:19:53.041+0000] {processor.py:836} INFO - DAG(s) dict_keys(['example_external_task_marker_child', 'example_external_task_marker_parent']) retrieved from /home/airflow/.local/lib/python3.7/site-packages/airflow/example_dags/example_external_task_marker_dag.py
[2023-07-04T00:19:53.100+0000] {logging_mixin.py:149} INFO - [2023-07-04T00:19:53.099+0000] {dag.py:2726} INFO - Sync 2 DAGs
[2023-07-04T00:19:53.152+0000] {logging_mixin.py:149} INFO - [2023-07-04T00:19:53.152+0000] {dag.py:3490} INFO - Setting next_dagrun for example_external_task_marker_child to None, run_after=None
[2023-07-04T00:19:53.159+0000] {logging_mixin.py:149} INFO - [2023-07-04T00:19:53.159+0000] {dag.py:3490} INFO - Setting next_dagrun for example_external_task_marker_parent to None, run_after=None
[2023-07-04T00:19:53.193+0000] {processor.py:179} INFO - Processing /home/airflow/.local/lib/python3.7/site-packages/airflow/example_dags/example_external_task_marker_dag.py took 0.178 seconds
[2023-07-04T00:20:23.537+0000] {processor.py:157} INFO - Started process (PID=1542) to work on /home/airflow/.local/lib/python3.7/site-packages/airflow/example_dags/example_external_task_marker_dag.py
[2023-07-04T00:20:23.539+0000] {processor.py:826} INFO - Processing file /home/airflow/.local/lib/python3.7/site-packages/airflow/example_dags/example_external_task_marker_dag.py for tasks to queue
[2023-07-04T00:20:23.541+0000] {logging_mixin.py:149} INFO - [2023-07-04T00:20:23.541+0000] {dagbag.py:541} INFO - Filling up the DagBag from /home/airflow/.local/lib/python3.7/site-packages/airflow/example_dags/example_external_task_marker_dag.py
[2023-07-04T00:20:23.556+0000] {processor.py:836} INFO - DAG(s) dict_keys(['example_external_task_marker_child', 'example_external_task_marker_parent']) retrieved from /home/airflow/.local/lib/python3.7/site-packages/airflow/example_dags/example_external_task_marker_dag.py
[2023-07-04T00:20:23.625+0000] {logging_mixin.py:149} INFO - [2023-07-04T00:20:23.625+0000] {dag.py:2726} INFO - Sync 2 DAGs
[2023-07-04T00:20:23.674+0000] {logging_mixin.py:149} INFO - [2023-07-04T00:20:23.674+0000] {dag.py:3490} INFO - Setting next_dagrun for example_external_task_marker_child to None, run_after=None
[2023-07-04T00:20:23.679+0000] {logging_mixin.py:149} INFO - [2023-07-04T00:20:23.678+0000] {dag.py:3490} INFO - Setting next_dagrun for example_external_task_marker_parent to None, run_after=None
[2023-07-04T00:20:23.708+0000] {processor.py:179} INFO - Processing /home/airflow/.local/lib/python3.7/site-packages/airflow/example_dags/example_external_task_marker_dag.py took 0.181 seconds
[2023-07-04T00:20:54.984+0000] {processor.py:157} INFO - Started process (PID=1599) to work on /home/airflow/.local/lib/python3.7/site-packages/airflow/example_dags/example_external_task_marker_dag.py
[2023-07-04T00:20:54.991+0000] {processor.py:826} INFO - Processing file /home/airflow/.local/lib/python3.7/site-packages/airflow/example_dags/example_external_task_marker_dag.py for tasks to queue
[2023-07-04T00:20:54.994+0000] {logging_mixin.py:149} INFO - [2023-07-04T00:20:54.994+0000] {dagbag.py:541} INFO - Filling up the DagBag from /home/airflow/.local/lib/python3.7/site-packages/airflow/example_dags/example_external_task_marker_dag.py
[2023-07-04T00:20:55.014+0000] {processor.py:836} INFO - DAG(s) dict_keys(['example_external_task_marker_child', 'example_external_task_marker_parent']) retrieved from /home/airflow/.local/lib/python3.7/site-packages/airflow/example_dags/example_external_task_marker_dag.py
[2023-07-04T00:20:55.101+0000] {logging_mixin.py:149} INFO - [2023-07-04T00:20:55.091+0000] {dag.py:2726} INFO - Sync 2 DAGs
[2023-07-04T00:20:55.212+0000] {logging_mixin.py:149} INFO - [2023-07-04T00:20:55.212+0000] {dag.py:3490} INFO - Setting next_dagrun for example_external_task_marker_child to None, run_after=None
[2023-07-04T00:20:55.222+0000] {logging_mixin.py:149} INFO - [2023-07-04T00:20:55.221+0000] {dag.py:3490} INFO - Setting next_dagrun for example_external_task_marker_parent to None, run_after=None
[2023-07-04T00:20:55.304+0000] {processor.py:179} INFO - Processing /home/airflow/.local/lib/python3.7/site-packages/airflow/example_dags/example_external_task_marker_dag.py took 0.338 seconds
[2023-07-04T00:21:25.540+0000] {processor.py:157} INFO - Started process (PID=1655) to work on /home/airflow/.local/lib/python3.7/site-packages/airflow/example_dags/example_external_task_marker_dag.py
[2023-07-04T00:21:25.542+0000] {processor.py:826} INFO - Processing file /home/airflow/.local/lib/python3.7/site-packages/airflow/example_dags/example_external_task_marker_dag.py for tasks to queue
[2023-07-04T00:21:25.544+0000] {logging_mixin.py:149} INFO - [2023-07-04T00:21:25.543+0000] {dagbag.py:541} INFO - Filling up the DagBag from /home/airflow/.local/lib/python3.7/site-packages/airflow/example_dags/example_external_task_marker_dag.py
[2023-07-04T00:21:25.554+0000] {processor.py:836} INFO - DAG(s) dict_keys(['example_external_task_marker_child', 'example_external_task_marker_parent']) retrieved from /home/airflow/.local/lib/python3.7/site-packages/airflow/example_dags/example_external_task_marker_dag.py
[2023-07-04T00:21:25.608+0000] {logging_mixin.py:149} INFO - [2023-07-04T00:21:25.608+0000] {dag.py:2726} INFO - Sync 2 DAGs
[2023-07-04T00:21:25.687+0000] {logging_mixin.py:149} INFO - [2023-07-04T00:21:25.687+0000] {dag.py:3490} INFO - Setting next_dagrun for example_external_task_marker_child to None, run_after=None
[2023-07-04T00:21:25.699+0000] {logging_mixin.py:149} INFO - [2023-07-04T00:21:25.699+0000] {dag.py:3490} INFO - Setting next_dagrun for example_external_task_marker_parent to None, run_after=None
[2023-07-04T00:21:25.754+0000] {processor.py:179} INFO - Processing /home/airflow/.local/lib/python3.7/site-packages/airflow/example_dags/example_external_task_marker_dag.py took 0.220 seconds
[2023-07-04T00:21:56.013+0000] {processor.py:157} INFO - Started process (PID=1713) to work on /home/airflow/.local/lib/python3.7/site-packages/airflow/example_dags/example_external_task_marker_dag.py
[2023-07-04T00:21:56.016+0000] {processor.py:826} INFO - Processing file /home/airflow/.local/lib/python3.7/site-packages/airflow/example_dags/example_external_task_marker_dag.py for tasks to queue
[2023-07-04T00:21:56.018+0000] {logging_mixin.py:149} INFO - [2023-07-04T00:21:56.018+0000] {dagbag.py:541} INFO - Filling up the DagBag from /home/airflow/.local/lib/python3.7/site-packages/airflow/example_dags/example_external_task_marker_dag.py
[2023-07-04T00:21:56.032+0000] {processor.py:836} INFO - DAG(s) dict_keys(['example_external_task_marker_parent', 'example_external_task_marker_child']) retrieved from /home/airflow/.local/lib/python3.7/site-packages/airflow/example_dags/example_external_task_marker_dag.py
[2023-07-04T00:21:56.092+0000] {logging_mixin.py:149} INFO - [2023-07-04T00:21:56.092+0000] {dag.py:2726} INFO - Sync 2 DAGs
[2023-07-04T00:21:56.150+0000] {logging_mixin.py:149} INFO - [2023-07-04T00:21:56.149+0000] {dag.py:3490} INFO - Setting next_dagrun for example_external_task_marker_child to None, run_after=None
[2023-07-04T00:21:56.161+0000] {logging_mixin.py:149} INFO - [2023-07-04T00:21:56.161+0000] {dag.py:3490} INFO - Setting next_dagrun for example_external_task_marker_parent to None, run_after=None
[2023-07-04T00:21:56.195+0000] {processor.py:179} INFO - Processing /home/airflow/.local/lib/python3.7/site-packages/airflow/example_dags/example_external_task_marker_dag.py took 0.188 seconds
[2023-07-04T00:22:26.440+0000] {processor.py:157} INFO - Started process (PID=1770) to work on /home/airflow/.local/lib/python3.7/site-packages/airflow/example_dags/example_external_task_marker_dag.py
[2023-07-04T00:22:26.441+0000] {processor.py:826} INFO - Processing file /home/airflow/.local/lib/python3.7/site-packages/airflow/example_dags/example_external_task_marker_dag.py for tasks to queue
[2023-07-04T00:22:26.442+0000] {logging_mixin.py:149} INFO - [2023-07-04T00:22:26.442+0000] {dagbag.py:541} INFO - Filling up the DagBag from /home/airflow/.local/lib/python3.7/site-packages/airflow/example_dags/example_external_task_marker_dag.py
[2023-07-04T00:22:26.452+0000] {processor.py:836} INFO - DAG(s) dict_keys(['example_external_task_marker_child', 'example_external_task_marker_parent']) retrieved from /home/airflow/.local/lib/python3.7/site-packages/airflow/example_dags/example_external_task_marker_dag.py
[2023-07-04T00:22:26.515+0000] {logging_mixin.py:149} INFO - [2023-07-04T00:22:26.515+0000] {dag.py:2726} INFO - Sync 2 DAGs
[2023-07-04T00:22:26.574+0000] {logging_mixin.py:149} INFO - [2023-07-04T00:22:26.574+0000] {dag.py:3490} INFO - Setting next_dagrun for example_external_task_marker_child to None, run_after=None
[2023-07-04T00:22:26.583+0000] {logging_mixin.py:149} INFO - [2023-07-04T00:22:26.582+0000] {dag.py:3490} INFO - Setting next_dagrun for example_external_task_marker_parent to None, run_after=None
[2023-07-04T00:22:26.622+0000] {processor.py:179} INFO - Processing /home/airflow/.local/lib/python3.7/site-packages/airflow/example_dags/example_external_task_marker_dag.py took 0.190 seconds
[2023-07-04T00:22:57.015+0000] {processor.py:157} INFO - Started process (PID=1827) to work on /home/airflow/.local/lib/python3.7/site-packages/airflow/example_dags/example_external_task_marker_dag.py
[2023-07-04T00:22:57.017+0000] {processor.py:826} INFO - Processing file /home/airflow/.local/lib/python3.7/site-packages/airflow/example_dags/example_external_task_marker_dag.py for tasks to queue
[2023-07-04T00:22:57.019+0000] {logging_mixin.py:149} INFO - [2023-07-04T00:22:57.018+0000] {dagbag.py:541} INFO - Filling up the DagBag from /home/airflow/.local/lib/python3.7/site-packages/airflow/example_dags/example_external_task_marker_dag.py
[2023-07-04T00:22:57.031+0000] {processor.py:836} INFO - DAG(s) dict_keys(['example_external_task_marker_child', 'example_external_task_marker_parent']) retrieved from /home/airflow/.local/lib/python3.7/site-packages/airflow/example_dags/example_external_task_marker_dag.py
[2023-07-04T00:22:57.082+0000] {logging_mixin.py:149} INFO - [2023-07-04T00:22:57.082+0000] {dag.py:2726} INFO - Sync 2 DAGs
[2023-07-04T00:22:57.130+0000] {logging_mixin.py:149} INFO - [2023-07-04T00:22:57.130+0000] {dag.py:3490} INFO - Setting next_dagrun for example_external_task_marker_child to None, run_after=None
[2023-07-04T00:22:57.135+0000] {logging_mixin.py:149} INFO - [2023-07-04T00:22:57.135+0000] {dag.py:3490} INFO - Setting next_dagrun for example_external_task_marker_parent to None, run_after=None
[2023-07-04T00:22:57.167+0000] {processor.py:179} INFO - Processing /home/airflow/.local/lib/python3.7/site-packages/airflow/example_dags/example_external_task_marker_dag.py took 0.162 seconds
[2023-07-04T00:23:27.716+0000] {processor.py:157} INFO - Started process (PID=1884) to work on /home/airflow/.local/lib/python3.7/site-packages/airflow/example_dags/example_external_task_marker_dag.py
[2023-07-04T00:23:27.718+0000] {processor.py:826} INFO - Processing file /home/airflow/.local/lib/python3.7/site-packages/airflow/example_dags/example_external_task_marker_dag.py for tasks to queue
[2023-07-04T00:23:27.719+0000] {logging_mixin.py:149} INFO - [2023-07-04T00:23:27.719+0000] {dagbag.py:541} INFO - Filling up the DagBag from /home/airflow/.local/lib/python3.7/site-packages/airflow/example_dags/example_external_task_marker_dag.py
[2023-07-04T00:23:27.733+0000] {processor.py:836} INFO - DAG(s) dict_keys(['example_external_task_marker_parent', 'example_external_task_marker_child']) retrieved from /home/airflow/.local/lib/python3.7/site-packages/airflow/example_dags/example_external_task_marker_dag.py
[2023-07-04T00:23:27.799+0000] {logging_mixin.py:149} INFO - [2023-07-04T00:23:27.799+0000] {dag.py:2726} INFO - Sync 2 DAGs
[2023-07-04T00:23:27.866+0000] {logging_mixin.py:149} INFO - [2023-07-04T00:23:27.866+0000] {dag.py:3490} INFO - Setting next_dagrun for example_external_task_marker_child to None, run_after=None
[2023-07-04T00:23:27.874+0000] {logging_mixin.py:149} INFO - [2023-07-04T00:23:27.874+0000] {dag.py:3490} INFO - Setting next_dagrun for example_external_task_marker_parent to None, run_after=None
[2023-07-04T00:23:27.916+0000] {processor.py:179} INFO - Processing /home/airflow/.local/lib/python3.7/site-packages/airflow/example_dags/example_external_task_marker_dag.py took 0.207 seconds
[2023-07-04T00:23:58.041+0000] {processor.py:157} INFO - Started process (PID=1941) to work on /home/airflow/.local/lib/python3.7/site-packages/airflow/example_dags/example_external_task_marker_dag.py
[2023-07-04T00:23:58.043+0000] {processor.py:826} INFO - Processing file /home/airflow/.local/lib/python3.7/site-packages/airflow/example_dags/example_external_task_marker_dag.py for tasks to queue
[2023-07-04T00:23:58.045+0000] {logging_mixin.py:149} INFO - [2023-07-04T00:23:58.044+0000] {dagbag.py:541} INFO - Filling up the DagBag from /home/airflow/.local/lib/python3.7/site-packages/airflow/example_dags/example_external_task_marker_dag.py
[2023-07-04T00:23:58.062+0000] {processor.py:836} INFO - DAG(s) dict_keys(['example_external_task_marker_parent', 'example_external_task_marker_child']) retrieved from /home/airflow/.local/lib/python3.7/site-packages/airflow/example_dags/example_external_task_marker_dag.py
[2023-07-04T00:23:58.129+0000] {logging_mixin.py:149} INFO - [2023-07-04T00:23:58.129+0000] {dag.py:2726} INFO - Sync 2 DAGs
[2023-07-04T00:23:58.186+0000] {logging_mixin.py:149} INFO - [2023-07-04T00:23:58.186+0000] {dag.py:3490} INFO - Setting next_dagrun for example_external_task_marker_child to None, run_after=None
[2023-07-04T00:23:58.192+0000] {logging_mixin.py:149} INFO - [2023-07-04T00:23:58.192+0000] {dag.py:3490} INFO - Setting next_dagrun for example_external_task_marker_parent to None, run_after=None
[2023-07-04T00:23:58.224+0000] {processor.py:179} INFO - Processing /home/airflow/.local/lib/python3.7/site-packages/airflow/example_dags/example_external_task_marker_dag.py took 0.190 seconds
[2023-07-04T00:24:28.547+0000] {processor.py:157} INFO - Started process (PID=1998) to work on /home/airflow/.local/lib/python3.7/site-packages/airflow/example_dags/example_external_task_marker_dag.py
[2023-07-04T00:24:28.549+0000] {processor.py:826} INFO - Processing file /home/airflow/.local/lib/python3.7/site-packages/airflow/example_dags/example_external_task_marker_dag.py for tasks to queue
[2023-07-04T00:24:28.550+0000] {logging_mixin.py:149} INFO - [2023-07-04T00:24:28.550+0000] {dagbag.py:541} INFO - Filling up the DagBag from /home/airflow/.local/lib/python3.7/site-packages/airflow/example_dags/example_external_task_marker_dag.py
[2023-07-04T00:24:28.571+0000] {processor.py:836} INFO - DAG(s) dict_keys(['example_external_task_marker_child', 'example_external_task_marker_parent']) retrieved from /home/airflow/.local/lib/python3.7/site-packages/airflow/example_dags/example_external_task_marker_dag.py
[2023-07-04T00:24:28.649+0000] {logging_mixin.py:149} INFO - [2023-07-04T00:24:28.649+0000] {dag.py:2726} INFO - Sync 2 DAGs
[2023-07-04T00:24:28.696+0000] {logging_mixin.py:149} INFO - [2023-07-04T00:24:28.696+0000] {dag.py:3490} INFO - Setting next_dagrun for example_external_task_marker_child to None, run_after=None
[2023-07-04T00:24:28.703+0000] {logging_mixin.py:149} INFO - [2023-07-04T00:24:28.703+0000] {dag.py:3490} INFO - Setting next_dagrun for example_external_task_marker_parent to None, run_after=None
[2023-07-04T00:24:28.737+0000] {processor.py:179} INFO - Processing /home/airflow/.local/lib/python3.7/site-packages/airflow/example_dags/example_external_task_marker_dag.py took 0.200 seconds
[2023-07-04T00:24:59.342+0000] {processor.py:157} INFO - Started process (PID=2055) to work on /home/airflow/.local/lib/python3.7/site-packages/airflow/example_dags/example_external_task_marker_dag.py
[2023-07-04T00:24:59.344+0000] {processor.py:826} INFO - Processing file /home/airflow/.local/lib/python3.7/site-packages/airflow/example_dags/example_external_task_marker_dag.py for tasks to queue
[2023-07-04T00:24:59.345+0000] {logging_mixin.py:149} INFO - [2023-07-04T00:24:59.345+0000] {dagbag.py:541} INFO - Filling up the DagBag from /home/airflow/.local/lib/python3.7/site-packages/airflow/example_dags/example_external_task_marker_dag.py
[2023-07-04T00:24:59.360+0000] {processor.py:836} INFO - DAG(s) dict_keys(['example_external_task_marker_child', 'example_external_task_marker_parent']) retrieved from /home/airflow/.local/lib/python3.7/site-packages/airflow/example_dags/example_external_task_marker_dag.py
[2023-07-04T00:24:59.422+0000] {logging_mixin.py:149} INFO - [2023-07-04T00:24:59.422+0000] {dag.py:2726} INFO - Sync 2 DAGs
[2023-07-04T00:24:59.474+0000] {logging_mixin.py:149} INFO - [2023-07-04T00:24:59.473+0000] {dag.py:3490} INFO - Setting next_dagrun for example_external_task_marker_child to None, run_after=None
[2023-07-04T00:24:59.479+0000] {logging_mixin.py:149} INFO - [2023-07-04T00:24:59.479+0000] {dag.py:3490} INFO - Setting next_dagrun for example_external_task_marker_parent to None, run_after=None
[2023-07-04T00:24:59.514+0000] {processor.py:179} INFO - Processing /home/airflow/.local/lib/python3.7/site-packages/airflow/example_dags/example_external_task_marker_dag.py took 0.177 seconds
[2023-07-04T00:25:30.083+0000] {processor.py:157} INFO - Started process (PID=2112) to work on /home/airflow/.local/lib/python3.7/site-packages/airflow/example_dags/example_external_task_marker_dag.py
[2023-07-04T00:25:30.085+0000] {processor.py:826} INFO - Processing file /home/airflow/.local/lib/python3.7/site-packages/airflow/example_dags/example_external_task_marker_dag.py for tasks to queue
[2023-07-04T00:25:30.087+0000] {logging_mixin.py:149} INFO - [2023-07-04T00:25:30.087+0000] {dagbag.py:541} INFO - Filling up the DagBag from /home/airflow/.local/lib/python3.7/site-packages/airflow/example_dags/example_external_task_marker_dag.py
[2023-07-04T00:25:30.099+0000] {processor.py:836} INFO - DAG(s) dict_keys(['example_external_task_marker_child', 'example_external_task_marker_parent']) retrieved from /home/airflow/.local/lib/python3.7/site-packages/airflow/example_dags/example_external_task_marker_dag.py
[2023-07-04T00:25:30.167+0000] {logging_mixin.py:149} INFO - [2023-07-04T00:25:30.166+0000] {dag.py:2726} INFO - Sync 2 DAGs
[2023-07-04T00:25:30.224+0000] {logging_mixin.py:149} INFO - [2023-07-04T00:25:30.223+0000] {dag.py:3490} INFO - Setting next_dagrun for example_external_task_marker_child to None, run_after=None
[2023-07-04T00:25:30.230+0000] {logging_mixin.py:149} INFO - [2023-07-04T00:25:30.230+0000] {dag.py:3490} INFO - Setting next_dagrun for example_external_task_marker_parent to None, run_after=None
[2023-07-04T00:25:30.267+0000] {processor.py:179} INFO - Processing /home/airflow/.local/lib/python3.7/site-packages/airflow/example_dags/example_external_task_marker_dag.py took 0.192 seconds
[2023-07-04T00:26:01.250+0000] {processor.py:157} INFO - Started process (PID=2169) to work on /home/airflow/.local/lib/python3.7/site-packages/airflow/example_dags/example_external_task_marker_dag.py
[2023-07-04T00:26:01.251+0000] {processor.py:826} INFO - Processing file /home/airflow/.local/lib/python3.7/site-packages/airflow/example_dags/example_external_task_marker_dag.py for tasks to queue
[2023-07-04T00:26:01.253+0000] {logging_mixin.py:149} INFO - [2023-07-04T00:26:01.252+0000] {dagbag.py:541} INFO - Filling up the DagBag from /home/airflow/.local/lib/python3.7/site-packages/airflow/example_dags/example_external_task_marker_dag.py
[2023-07-04T00:26:01.266+0000] {processor.py:836} INFO - DAG(s) dict_keys(['example_external_task_marker_child', 'example_external_task_marker_parent']) retrieved from /home/airflow/.local/lib/python3.7/site-packages/airflow/example_dags/example_external_task_marker_dag.py
[2023-07-04T00:26:01.330+0000] {logging_mixin.py:149} INFO - [2023-07-04T00:26:01.329+0000] {dag.py:2726} INFO - Sync 2 DAGs
[2023-07-04T00:26:01.385+0000] {logging_mixin.py:149} INFO - [2023-07-04T00:26:01.385+0000] {dag.py:3490} INFO - Setting next_dagrun for example_external_task_marker_child to None, run_after=None
[2023-07-04T00:26:01.398+0000] {logging_mixin.py:149} INFO - [2023-07-04T00:26:01.398+0000] {dag.py:3490} INFO - Setting next_dagrun for example_external_task_marker_parent to None, run_after=None
[2023-07-04T00:26:01.444+0000] {processor.py:179} INFO - Processing /home/airflow/.local/lib/python3.7/site-packages/airflow/example_dags/example_external_task_marker_dag.py took 0.201 seconds
[2023-07-04T00:26:31.587+0000] {processor.py:157} INFO - Started process (PID=2226) to work on /home/airflow/.local/lib/python3.7/site-packages/airflow/example_dags/example_external_task_marker_dag.py
[2023-07-04T00:26:31.588+0000] {processor.py:826} INFO - Processing file /home/airflow/.local/lib/python3.7/site-packages/airflow/example_dags/example_external_task_marker_dag.py for tasks to queue
[2023-07-04T00:26:31.590+0000] {logging_mixin.py:149} INFO - [2023-07-04T00:26:31.589+0000] {dagbag.py:541} INFO - Filling up the DagBag from /home/airflow/.local/lib/python3.7/site-packages/airflow/example_dags/example_external_task_marker_dag.py
[2023-07-04T00:26:31.604+0000] {processor.py:836} INFO - DAG(s) dict_keys(['example_external_task_marker_parent', 'example_external_task_marker_child']) retrieved from /home/airflow/.local/lib/python3.7/site-packages/airflow/example_dags/example_external_task_marker_dag.py
[2023-07-04T00:26:31.670+0000] {logging_mixin.py:149} INFO - [2023-07-04T00:26:31.669+0000] {dag.py:2726} INFO - Sync 2 DAGs
[2023-07-04T00:26:31.721+0000] {logging_mixin.py:149} INFO - [2023-07-04T00:26:31.721+0000] {dag.py:3490} INFO - Setting next_dagrun for example_external_task_marker_child to None, run_after=None
[2023-07-04T00:26:31.728+0000] {logging_mixin.py:149} INFO - [2023-07-04T00:26:31.728+0000] {dag.py:3490} INFO - Setting next_dagrun for example_external_task_marker_parent to None, run_after=None
[2023-07-04T00:26:31.761+0000] {processor.py:179} INFO - Processing /home/airflow/.local/lib/python3.7/site-packages/airflow/example_dags/example_external_task_marker_dag.py took 0.182 seconds
[2023-07-04T00:27:02.020+0000] {processor.py:157} INFO - Started process (PID=2284) to work on /home/airflow/.local/lib/python3.7/site-packages/airflow/example_dags/example_external_task_marker_dag.py
[2023-07-04T00:27:02.021+0000] {processor.py:826} INFO - Processing file /home/airflow/.local/lib/python3.7/site-packages/airflow/example_dags/example_external_task_marker_dag.py for tasks to queue
[2023-07-04T00:27:02.023+0000] {logging_mixin.py:149} INFO - [2023-07-04T00:27:02.022+0000] {dagbag.py:541} INFO - Filling up the DagBag from /home/airflow/.local/lib/python3.7/site-packages/airflow/example_dags/example_external_task_marker_dag.py
[2023-07-04T00:27:02.040+0000] {processor.py:836} INFO - DAG(s) dict_keys(['example_external_task_marker_parent', 'example_external_task_marker_child']) retrieved from /home/airflow/.local/lib/python3.7/site-packages/airflow/example_dags/example_external_task_marker_dag.py
[2023-07-04T00:27:02.094+0000] {logging_mixin.py:149} INFO - [2023-07-04T00:27:02.093+0000] {dag.py:2726} INFO - Sync 2 DAGs
[2023-07-04T00:27:02.153+0000] {logging_mixin.py:149} INFO - [2023-07-04T00:27:02.153+0000] {dag.py:3490} INFO - Setting next_dagrun for example_external_task_marker_child to None, run_after=None
[2023-07-04T00:27:02.160+0000] {logging_mixin.py:149} INFO - [2023-07-04T00:27:02.159+0000] {dag.py:3490} INFO - Setting next_dagrun for example_external_task_marker_parent to None, run_after=None
[2023-07-04T00:27:02.197+0000] {processor.py:179} INFO - Processing /home/airflow/.local/lib/python3.7/site-packages/airflow/example_dags/example_external_task_marker_dag.py took 0.186 seconds
[2023-07-04T00:27:32.388+0000] {processor.py:157} INFO - Started process (PID=2341) to work on /home/airflow/.local/lib/python3.7/site-packages/airflow/example_dags/example_external_task_marker_dag.py
[2023-07-04T00:27:32.389+0000] {processor.py:826} INFO - Processing file /home/airflow/.local/lib/python3.7/site-packages/airflow/example_dags/example_external_task_marker_dag.py for tasks to queue
[2023-07-04T00:27:32.391+0000] {logging_mixin.py:149} INFO - [2023-07-04T00:27:32.390+0000] {dagbag.py:541} INFO - Filling up the DagBag from /home/airflow/.local/lib/python3.7/site-packages/airflow/example_dags/example_external_task_marker_dag.py
[2023-07-04T00:27:32.403+0000] {processor.py:836} INFO - DAG(s) dict_keys(['example_external_task_marker_child', 'example_external_task_marker_parent']) retrieved from /home/airflow/.local/lib/python3.7/site-packages/airflow/example_dags/example_external_task_marker_dag.py
[2023-07-04T00:27:32.457+0000] {logging_mixin.py:149} INFO - [2023-07-04T00:27:32.457+0000] {dag.py:2726} INFO - Sync 2 DAGs
[2023-07-04T00:27:32.512+0000] {logging_mixin.py:149} INFO - [2023-07-04T00:27:32.512+0000] {dag.py:3490} INFO - Setting next_dagrun for example_external_task_marker_child to None, run_after=None
[2023-07-04T00:27:32.521+0000] {logging_mixin.py:149} INFO - [2023-07-04T00:27:32.521+0000] {dag.py:3490} INFO - Setting next_dagrun for example_external_task_marker_parent to None, run_after=None
[2023-07-04T00:27:32.555+0000] {processor.py:179} INFO - Processing /home/airflow/.local/lib/python3.7/site-packages/airflow/example_dags/example_external_task_marker_dag.py took 0.174 seconds
[2023-07-04T00:28:03.276+0000] {processor.py:157} INFO - Started process (PID=2397) to work on /home/airflow/.local/lib/python3.7/site-packages/airflow/example_dags/example_external_task_marker_dag.py
[2023-07-04T00:28:03.279+0000] {processor.py:826} INFO - Processing file /home/airflow/.local/lib/python3.7/site-packages/airflow/example_dags/example_external_task_marker_dag.py for tasks to queue
[2023-07-04T00:28:03.282+0000] {logging_mixin.py:149} INFO - [2023-07-04T00:28:03.281+0000] {dagbag.py:541} INFO - Filling up the DagBag from /home/airflow/.local/lib/python3.7/site-packages/airflow/example_dags/example_external_task_marker_dag.py
[2023-07-04T00:28:03.301+0000] {processor.py:836} INFO - DAG(s) dict_keys(['example_external_task_marker_parent', 'example_external_task_marker_child']) retrieved from /home/airflow/.local/lib/python3.7/site-packages/airflow/example_dags/example_external_task_marker_dag.py
[2023-07-04T00:28:03.411+0000] {logging_mixin.py:149} INFO - [2023-07-04T00:28:03.410+0000] {dag.py:2726} INFO - Sync 2 DAGs
[2023-07-04T00:28:03.524+0000] {logging_mixin.py:149} INFO - [2023-07-04T00:28:03.524+0000] {dag.py:3490} INFO - Setting next_dagrun for example_external_task_marker_child to None, run_after=None
[2023-07-04T00:28:03.539+0000] {logging_mixin.py:149} INFO - [2023-07-04T00:28:03.538+0000] {dag.py:3490} INFO - Setting next_dagrun for example_external_task_marker_parent to None, run_after=None
[2023-07-04T00:28:03.603+0000] {processor.py:179} INFO - Processing /home/airflow/.local/lib/python3.7/site-packages/airflow/example_dags/example_external_task_marker_dag.py took 0.338 seconds
[2023-07-04T00:28:34.771+0000] {processor.py:157} INFO - Started process (PID=2454) to work on /home/airflow/.local/lib/python3.7/site-packages/airflow/example_dags/example_external_task_marker_dag.py
[2023-07-04T00:28:34.773+0000] {processor.py:826} INFO - Processing file /home/airflow/.local/lib/python3.7/site-packages/airflow/example_dags/example_external_task_marker_dag.py for tasks to queue
[2023-07-04T00:28:34.775+0000] {logging_mixin.py:149} INFO - [2023-07-04T00:28:34.775+0000] {dagbag.py:541} INFO - Filling up the DagBag from /home/airflow/.local/lib/python3.7/site-packages/airflow/example_dags/example_external_task_marker_dag.py
[2023-07-04T00:28:34.787+0000] {processor.py:836} INFO - DAG(s) dict_keys(['example_external_task_marker_child', 'example_external_task_marker_parent']) retrieved from /home/airflow/.local/lib/python3.7/site-packages/airflow/example_dags/example_external_task_marker_dag.py
[2023-07-04T00:28:34.841+0000] {logging_mixin.py:149} INFO - [2023-07-04T00:28:34.841+0000] {dag.py:2726} INFO - Sync 2 DAGs
[2023-07-04T00:28:34.900+0000] {logging_mixin.py:149} INFO - [2023-07-04T00:28:34.899+0000] {dag.py:3490} INFO - Setting next_dagrun for example_external_task_marker_child to None, run_after=None
[2023-07-04T00:28:34.906+0000] {logging_mixin.py:149} INFO - [2023-07-04T00:28:34.906+0000] {dag.py:3490} INFO - Setting next_dagrun for example_external_task_marker_parent to None, run_after=None
[2023-07-04T00:28:34.948+0000] {processor.py:179} INFO - Processing /home/airflow/.local/lib/python3.7/site-packages/airflow/example_dags/example_external_task_marker_dag.py took 0.184 seconds
[2023-07-04T00:29:05.362+0000] {processor.py:157} INFO - Started process (PID=2506) to work on /home/airflow/.local/lib/python3.7/site-packages/airflow/example_dags/example_external_task_marker_dag.py
[2023-07-04T00:29:05.363+0000] {processor.py:826} INFO - Processing file /home/airflow/.local/lib/python3.7/site-packages/airflow/example_dags/example_external_task_marker_dag.py for tasks to queue
[2023-07-04T00:29:05.364+0000] {logging_mixin.py:149} INFO - [2023-07-04T00:29:05.364+0000] {dagbag.py:541} INFO - Filling up the DagBag from /home/airflow/.local/lib/python3.7/site-packages/airflow/example_dags/example_external_task_marker_dag.py
[2023-07-04T00:29:05.374+0000] {processor.py:836} INFO - DAG(s) dict_keys(['example_external_task_marker_child', 'example_external_task_marker_parent']) retrieved from /home/airflow/.local/lib/python3.7/site-packages/airflow/example_dags/example_external_task_marker_dag.py
[2023-07-04T00:29:05.423+0000] {logging_mixin.py:149} INFO - [2023-07-04T00:29:05.423+0000] {dag.py:2726} INFO - Sync 2 DAGs
[2023-07-04T00:29:05.477+0000] {logging_mixin.py:149} INFO - [2023-07-04T00:29:05.477+0000] {dag.py:3490} INFO - Setting next_dagrun for example_external_task_marker_child to None, run_after=None
[2023-07-04T00:29:05.484+0000] {logging_mixin.py:149} INFO - [2023-07-04T00:29:05.484+0000] {dag.py:3490} INFO - Setting next_dagrun for example_external_task_marker_parent to None, run_after=None
[2023-07-04T00:29:05.546+0000] {processor.py:179} INFO - Processing /home/airflow/.local/lib/python3.7/site-packages/airflow/example_dags/example_external_task_marker_dag.py took 0.189 seconds
[2023-07-04T00:29:35.660+0000] {processor.py:157} INFO - Started process (PID=2563) to work on /home/airflow/.local/lib/python3.7/site-packages/airflow/example_dags/example_external_task_marker_dag.py
[2023-07-04T00:29:35.661+0000] {processor.py:826} INFO - Processing file /home/airflow/.local/lib/python3.7/site-packages/airflow/example_dags/example_external_task_marker_dag.py for tasks to queue
[2023-07-04T00:29:35.662+0000] {logging_mixin.py:149} INFO - [2023-07-04T00:29:35.662+0000] {dagbag.py:541} INFO - Filling up the DagBag from /home/airflow/.local/lib/python3.7/site-packages/airflow/example_dags/example_external_task_marker_dag.py
[2023-07-04T00:29:35.671+0000] {processor.py:836} INFO - DAG(s) dict_keys(['example_external_task_marker_parent', 'example_external_task_marker_child']) retrieved from /home/airflow/.local/lib/python3.7/site-packages/airflow/example_dags/example_external_task_marker_dag.py
[2023-07-04T00:29:35.716+0000] {logging_mixin.py:149} INFO - [2023-07-04T00:29:35.716+0000] {dag.py:2726} INFO - Sync 2 DAGs
[2023-07-04T00:29:35.755+0000] {logging_mixin.py:149} INFO - [2023-07-04T00:29:35.755+0000] {dag.py:3490} INFO - Setting next_dagrun for example_external_task_marker_child to None, run_after=None
[2023-07-04T00:29:35.760+0000] {logging_mixin.py:149} INFO - [2023-07-04T00:29:35.760+0000] {dag.py:3490} INFO - Setting next_dagrun for example_external_task_marker_parent to None, run_after=None
[2023-07-04T00:29:35.793+0000] {processor.py:179} INFO - Processing /home/airflow/.local/lib/python3.7/site-packages/airflow/example_dags/example_external_task_marker_dag.py took 0.139 seconds
[2023-07-04T00:30:06.387+0000] {processor.py:157} INFO - Started process (PID=2620) to work on /home/airflow/.local/lib/python3.7/site-packages/airflow/example_dags/example_external_task_marker_dag.py
[2023-07-04T00:30:06.388+0000] {processor.py:826} INFO - Processing file /home/airflow/.local/lib/python3.7/site-packages/airflow/example_dags/example_external_task_marker_dag.py for tasks to queue
[2023-07-04T00:30:06.390+0000] {logging_mixin.py:149} INFO - [2023-07-04T00:30:06.390+0000] {dagbag.py:541} INFO - Filling up the DagBag from /home/airflow/.local/lib/python3.7/site-packages/airflow/example_dags/example_external_task_marker_dag.py
[2023-07-04T00:30:06.400+0000] {processor.py:836} INFO - DAG(s) dict_keys(['example_external_task_marker_child', 'example_external_task_marker_parent']) retrieved from /home/airflow/.local/lib/python3.7/site-packages/airflow/example_dags/example_external_task_marker_dag.py
[2023-07-04T00:30:06.443+0000] {logging_mixin.py:149} INFO - [2023-07-04T00:30:06.443+0000] {dag.py:2726} INFO - Sync 2 DAGs
[2023-07-04T00:30:06.489+0000] {logging_mixin.py:149} INFO - [2023-07-04T00:30:06.488+0000] {dag.py:3490} INFO - Setting next_dagrun for example_external_task_marker_child to None, run_after=None
[2023-07-04T00:30:06.501+0000] {logging_mixin.py:149} INFO - [2023-07-04T00:30:06.501+0000] {dag.py:3490} INFO - Setting next_dagrun for example_external_task_marker_parent to None, run_after=None
[2023-07-04T00:30:06.558+0000] {processor.py:179} INFO - Processing /home/airflow/.local/lib/python3.7/site-packages/airflow/example_dags/example_external_task_marker_dag.py took 0.178 seconds
[2023-07-04T00:30:36.699+0000] {processor.py:157} INFO - Started process (PID=2677) to work on /home/airflow/.local/lib/python3.7/site-packages/airflow/example_dags/example_external_task_marker_dag.py
[2023-07-04T00:30:36.702+0000] {processor.py:826} INFO - Processing file /home/airflow/.local/lib/python3.7/site-packages/airflow/example_dags/example_external_task_marker_dag.py for tasks to queue
[2023-07-04T00:30:36.704+0000] {logging_mixin.py:149} INFO - [2023-07-04T00:30:36.704+0000] {dagbag.py:541} INFO - Filling up the DagBag from /home/airflow/.local/lib/python3.7/site-packages/airflow/example_dags/example_external_task_marker_dag.py
[2023-07-04T00:30:36.719+0000] {processor.py:836} INFO - DAG(s) dict_keys(['example_external_task_marker_parent', 'example_external_task_marker_child']) retrieved from /home/airflow/.local/lib/python3.7/site-packages/airflow/example_dags/example_external_task_marker_dag.py
[2023-07-04T00:30:36.771+0000] {logging_mixin.py:149} INFO - [2023-07-04T00:30:36.771+0000] {dag.py:2726} INFO - Sync 2 DAGs
[2023-07-04T00:30:36.824+0000] {logging_mixin.py:149} INFO - [2023-07-04T00:30:36.823+0000] {dag.py:3490} INFO - Setting next_dagrun for example_external_task_marker_child to None, run_after=None
[2023-07-04T00:30:36.829+0000] {logging_mixin.py:149} INFO - [2023-07-04T00:30:36.829+0000] {dag.py:3490} INFO - Setting next_dagrun for example_external_task_marker_parent to None, run_after=None
[2023-07-04T00:30:36.861+0000] {processor.py:179} INFO - Processing /home/airflow/.local/lib/python3.7/site-packages/airflow/example_dags/example_external_task_marker_dag.py took 0.174 seconds
[2023-07-04T00:31:07.158+0000] {processor.py:157} INFO - Started process (PID=2733) to work on /home/airflow/.local/lib/python3.7/site-packages/airflow/example_dags/example_external_task_marker_dag.py
[2023-07-04T00:31:07.159+0000] {processor.py:826} INFO - Processing file /home/airflow/.local/lib/python3.7/site-packages/airflow/example_dags/example_external_task_marker_dag.py for tasks to queue
[2023-07-04T00:31:07.160+0000] {logging_mixin.py:149} INFO - [2023-07-04T00:31:07.160+0000] {dagbag.py:541} INFO - Filling up the DagBag from /home/airflow/.local/lib/python3.7/site-packages/airflow/example_dags/example_external_task_marker_dag.py
[2023-07-04T00:31:07.169+0000] {processor.py:836} INFO - DAG(s) dict_keys(['example_external_task_marker_child', 'example_external_task_marker_parent']) retrieved from /home/airflow/.local/lib/python3.7/site-packages/airflow/example_dags/example_external_task_marker_dag.py
[2023-07-04T00:31:07.214+0000] {logging_mixin.py:149} INFO - [2023-07-04T00:31:07.214+0000] {dag.py:2726} INFO - Sync 2 DAGs
[2023-07-04T00:31:07.254+0000] {logging_mixin.py:149} INFO - [2023-07-04T00:31:07.254+0000] {dag.py:3490} INFO - Setting next_dagrun for example_external_task_marker_child to None, run_after=None
[2023-07-04T00:31:07.260+0000] {logging_mixin.py:149} INFO - [2023-07-04T00:31:07.260+0000] {dag.py:3490} INFO - Setting next_dagrun for example_external_task_marker_parent to None, run_after=None
[2023-07-04T00:31:07.287+0000] {processor.py:179} INFO - Processing /home/airflow/.local/lib/python3.7/site-packages/airflow/example_dags/example_external_task_marker_dag.py took 0.135 seconds
[2023-07-04T00:31:37.590+0000] {processor.py:157} INFO - Started process (PID=2790) to work on /home/airflow/.local/lib/python3.7/site-packages/airflow/example_dags/example_external_task_marker_dag.py
[2023-07-04T00:31:37.591+0000] {processor.py:826} INFO - Processing file /home/airflow/.local/lib/python3.7/site-packages/airflow/example_dags/example_external_task_marker_dag.py for tasks to queue
[2023-07-04T00:31:37.593+0000] {logging_mixin.py:149} INFO - [2023-07-04T00:31:37.593+0000] {dagbag.py:541} INFO - Filling up the DagBag from /home/airflow/.local/lib/python3.7/site-packages/airflow/example_dags/example_external_task_marker_dag.py
[2023-07-04T00:31:37.604+0000] {processor.py:836} INFO - DAG(s) dict_keys(['example_external_task_marker_parent', 'example_external_task_marker_child']) retrieved from /home/airflow/.local/lib/python3.7/site-packages/airflow/example_dags/example_external_task_marker_dag.py
[2023-07-04T00:31:37.666+0000] {logging_mixin.py:149} INFO - [2023-07-04T00:31:37.665+0000] {dag.py:2726} INFO - Sync 2 DAGs
[2023-07-04T00:31:37.732+0000] {logging_mixin.py:149} INFO - [2023-07-04T00:31:37.732+0000] {dag.py:3490} INFO - Setting next_dagrun for example_external_task_marker_child to None, run_after=None
[2023-07-04T00:31:37.745+0000] {logging_mixin.py:149} INFO - [2023-07-04T00:31:37.744+0000] {dag.py:3490} INFO - Setting next_dagrun for example_external_task_marker_parent to None, run_after=None
[2023-07-04T00:31:37.790+0000] {processor.py:179} INFO - Processing /home/airflow/.local/lib/python3.7/site-packages/airflow/example_dags/example_external_task_marker_dag.py took 0.207 seconds
[2023-07-04T00:32:08.614+0000] {processor.py:157} INFO - Started process (PID=2847) to work on /home/airflow/.local/lib/python3.7/site-packages/airflow/example_dags/example_external_task_marker_dag.py
[2023-07-04T00:32:08.615+0000] {processor.py:826} INFO - Processing file /home/airflow/.local/lib/python3.7/site-packages/airflow/example_dags/example_external_task_marker_dag.py for tasks to queue
[2023-07-04T00:32:08.616+0000] {logging_mixin.py:149} INFO - [2023-07-04T00:32:08.616+0000] {dagbag.py:541} INFO - Filling up the DagBag from /home/airflow/.local/lib/python3.7/site-packages/airflow/example_dags/example_external_task_marker_dag.py
[2023-07-04T00:32:08.625+0000] {processor.py:836} INFO - DAG(s) dict_keys(['example_external_task_marker_parent', 'example_external_task_marker_child']) retrieved from /home/airflow/.local/lib/python3.7/site-packages/airflow/example_dags/example_external_task_marker_dag.py
[2023-07-04T00:32:08.669+0000] {logging_mixin.py:149} INFO - [2023-07-04T00:32:08.669+0000] {dag.py:2726} INFO - Sync 2 DAGs
[2023-07-04T00:32:08.710+0000] {logging_mixin.py:149} INFO - [2023-07-04T00:32:08.710+0000] {dag.py:3490} INFO - Setting next_dagrun for example_external_task_marker_child to None, run_after=None
[2023-07-04T00:32:08.716+0000] {logging_mixin.py:149} INFO - [2023-07-04T00:32:08.716+0000] {dag.py:3490} INFO - Setting next_dagrun for example_external_task_marker_parent to None, run_after=None
[2023-07-04T00:32:08.742+0000] {processor.py:179} INFO - Processing /home/airflow/.local/lib/python3.7/site-packages/airflow/example_dags/example_external_task_marker_dag.py took 0.133 seconds
[2023-07-04T00:32:39.160+0000] {processor.py:157} INFO - Started process (PID=2904) to work on /home/airflow/.local/lib/python3.7/site-packages/airflow/example_dags/example_external_task_marker_dag.py
[2023-07-04T00:32:39.161+0000] {processor.py:826} INFO - Processing file /home/airflow/.local/lib/python3.7/site-packages/airflow/example_dags/example_external_task_marker_dag.py for tasks to queue
[2023-07-04T00:32:39.162+0000] {logging_mixin.py:149} INFO - [2023-07-04T00:32:39.162+0000] {dagbag.py:541} INFO - Filling up the DagBag from /home/airflow/.local/lib/python3.7/site-packages/airflow/example_dags/example_external_task_marker_dag.py
[2023-07-04T00:32:39.174+0000] {processor.py:836} INFO - DAG(s) dict_keys(['example_external_task_marker_child', 'example_external_task_marker_parent']) retrieved from /home/airflow/.local/lib/python3.7/site-packages/airflow/example_dags/example_external_task_marker_dag.py
[2023-07-04T00:32:39.234+0000] {logging_mixin.py:149} INFO - [2023-07-04T00:32:39.234+0000] {dag.py:2726} INFO - Sync 2 DAGs
[2023-07-04T00:32:39.287+0000] {logging_mixin.py:149} INFO - [2023-07-04T00:32:39.286+0000] {dag.py:3490} INFO - Setting next_dagrun for example_external_task_marker_child to None, run_after=None
[2023-07-04T00:32:39.294+0000] {logging_mixin.py:149} INFO - [2023-07-04T00:32:39.293+0000] {dag.py:3490} INFO - Setting next_dagrun for example_external_task_marker_parent to None, run_after=None
[2023-07-04T00:32:39.328+0000] {processor.py:179} INFO - Processing /home/airflow/.local/lib/python3.7/site-packages/airflow/example_dags/example_external_task_marker_dag.py took 0.174 seconds
[2023-07-04T00:33:09.739+0000] {processor.py:157} INFO - Started process (PID=2962) to work on /home/airflow/.local/lib/python3.7/site-packages/airflow/example_dags/example_external_task_marker_dag.py
[2023-07-04T00:33:09.741+0000] {processor.py:826} INFO - Processing file /home/airflow/.local/lib/python3.7/site-packages/airflow/example_dags/example_external_task_marker_dag.py for tasks to queue
[2023-07-04T00:33:09.743+0000] {logging_mixin.py:149} INFO - [2023-07-04T00:33:09.742+0000] {dagbag.py:541} INFO - Filling up the DagBag from /home/airflow/.local/lib/python3.7/site-packages/airflow/example_dags/example_external_task_marker_dag.py
[2023-07-04T00:33:09.754+0000] {processor.py:836} INFO - DAG(s) dict_keys(['example_external_task_marker_parent', 'example_external_task_marker_child']) retrieved from /home/airflow/.local/lib/python3.7/site-packages/airflow/example_dags/example_external_task_marker_dag.py
[2023-07-04T00:33:09.838+0000] {logging_mixin.py:149} INFO - [2023-07-04T00:33:09.837+0000] {dag.py:2726} INFO - Sync 2 DAGs
[2023-07-04T00:33:09.895+0000] {logging_mixin.py:149} INFO - [2023-07-04T00:33:09.895+0000] {dag.py:3490} INFO - Setting next_dagrun for example_external_task_marker_child to None, run_after=None
[2023-07-04T00:33:09.902+0000] {logging_mixin.py:149} INFO - [2023-07-04T00:33:09.901+0000] {dag.py:3490} INFO - Setting next_dagrun for example_external_task_marker_parent to None, run_after=None
[2023-07-04T00:33:09.940+0000] {processor.py:179} INFO - Processing /home/airflow/.local/lib/python3.7/site-packages/airflow/example_dags/example_external_task_marker_dag.py took 0.208 seconds
