[2023-07-04T00:07:09.695+0000] {processor.py:157} INFO - Started process (PID=70) to work on /home/airflow/.local/lib/python3.7/site-packages/airflow/example_dags/example_short_circuit_operator.py
[2023-07-04T00:07:09.697+0000] {processor.py:826} INFO - Processing file /home/airflow/.local/lib/python3.7/site-packages/airflow/example_dags/example_short_circuit_operator.py for tasks to queue
[2023-07-04T00:07:09.700+0000] {logging_mixin.py:149} INFO - [2023-07-04T00:07:09.700+0000] {dagbag.py:541} INFO - Filling up the DagBag from /home/airflow/.local/lib/python3.7/site-packages/airflow/example_dags/example_short_circuit_operator.py
[2023-07-04T00:07:09.727+0000] {processor.py:836} INFO - DAG(s) dict_keys(['example_short_circuit_operator']) retrieved from /home/airflow/.local/lib/python3.7/site-packages/airflow/example_dags/example_short_circuit_operator.py
[2023-07-04T00:07:09.810+0000] {logging_mixin.py:149} INFO - [2023-07-04T00:07:09.810+0000] {dag.py:2726} INFO - Sync 1 DAGs
[2023-07-04T00:07:09.890+0000] {logging_mixin.py:149} INFO - [2023-07-04T00:07:09.889+0000] {dag.py:3490} INFO - Setting next_dagrun for example_short_circuit_operator to 2023-07-03T00:07:09.889126+00:00, run_after=2023-07-04T00:07:09.889126+00:00
[2023-07-04T00:07:10.012+0000] {processor.py:179} INFO - Processing /home/airflow/.local/lib/python3.7/site-packages/airflow/example_dags/example_short_circuit_operator.py took 0.330 seconds
[2023-07-04T00:07:40.551+0000] {processor.py:157} INFO - Started process (PID=127) to work on /home/airflow/.local/lib/python3.7/site-packages/airflow/example_dags/example_short_circuit_operator.py
[2023-07-04T00:07:40.553+0000] {processor.py:826} INFO - Processing file /home/airflow/.local/lib/python3.7/site-packages/airflow/example_dags/example_short_circuit_operator.py for tasks to queue
[2023-07-04T00:07:40.554+0000] {logging_mixin.py:149} INFO - [2023-07-04T00:07:40.554+0000] {dagbag.py:541} INFO - Filling up the DagBag from /home/airflow/.local/lib/python3.7/site-packages/airflow/example_dags/example_short_circuit_operator.py
[2023-07-04T00:07:40.569+0000] {processor.py:836} INFO - DAG(s) dict_keys(['example_short_circuit_operator']) retrieved from /home/airflow/.local/lib/python3.7/site-packages/airflow/example_dags/example_short_circuit_operator.py
[2023-07-04T00:07:40.616+0000] {logging_mixin.py:149} INFO - [2023-07-04T00:07:40.615+0000] {dag.py:2726} INFO - Sync 1 DAGs
[2023-07-04T00:07:40.664+0000] {logging_mixin.py:149} INFO - [2023-07-04T00:07:40.664+0000] {dag.py:3490} INFO - Setting next_dagrun for example_short_circuit_operator to 2023-07-03T00:07:40.664396+00:00, run_after=2023-07-04T00:07:40.664396+00:00
[2023-07-04T00:07:40.701+0000] {processor.py:179} INFO - Processing /home/airflow/.local/lib/python3.7/site-packages/airflow/example_dags/example_short_circuit_operator.py took 0.156 seconds
[2023-07-04T00:08:11.046+0000] {processor.py:157} INFO - Started process (PID=184) to work on /home/airflow/.local/lib/python3.7/site-packages/airflow/example_dags/example_short_circuit_operator.py
[2023-07-04T00:08:11.049+0000] {processor.py:826} INFO - Processing file /home/airflow/.local/lib/python3.7/site-packages/airflow/example_dags/example_short_circuit_operator.py for tasks to queue
[2023-07-04T00:08:11.051+0000] {logging_mixin.py:149} INFO - [2023-07-04T00:08:11.050+0000] {dagbag.py:541} INFO - Filling up the DagBag from /home/airflow/.local/lib/python3.7/site-packages/airflow/example_dags/example_short_circuit_operator.py
[2023-07-04T00:08:11.070+0000] {processor.py:836} INFO - DAG(s) dict_keys(['example_short_circuit_operator']) retrieved from /home/airflow/.local/lib/python3.7/site-packages/airflow/example_dags/example_short_circuit_operator.py
[2023-07-04T00:08:11.132+0000] {logging_mixin.py:149} INFO - [2023-07-04T00:08:11.131+0000] {dag.py:2726} INFO - Sync 1 DAGs
[2023-07-04T00:08:11.191+0000] {logging_mixin.py:149} INFO - [2023-07-04T00:08:11.191+0000] {dag.py:3490} INFO - Setting next_dagrun for example_short_circuit_operator to 2023-07-03T00:08:11.191051+00:00, run_after=2023-07-04T00:08:11.191051+00:00
[2023-07-04T00:08:11.227+0000] {processor.py:179} INFO - Processing /home/airflow/.local/lib/python3.7/site-packages/airflow/example_dags/example_short_circuit_operator.py took 0.189 seconds
[2023-07-04T00:08:41.673+0000] {processor.py:157} INFO - Started process (PID=241) to work on /home/airflow/.local/lib/python3.7/site-packages/airflow/example_dags/example_short_circuit_operator.py
[2023-07-04T00:08:41.675+0000] {processor.py:826} INFO - Processing file /home/airflow/.local/lib/python3.7/site-packages/airflow/example_dags/example_short_circuit_operator.py for tasks to queue
[2023-07-04T00:08:41.676+0000] {logging_mixin.py:149} INFO - [2023-07-04T00:08:41.676+0000] {dagbag.py:541} INFO - Filling up the DagBag from /home/airflow/.local/lib/python3.7/site-packages/airflow/example_dags/example_short_circuit_operator.py
[2023-07-04T00:08:41.696+0000] {processor.py:836} INFO - DAG(s) dict_keys(['example_short_circuit_operator']) retrieved from /home/airflow/.local/lib/python3.7/site-packages/airflow/example_dags/example_short_circuit_operator.py
[2023-07-04T00:08:41.749+0000] {logging_mixin.py:149} INFO - [2023-07-04T00:08:41.749+0000] {dag.py:2726} INFO - Sync 1 DAGs
[2023-07-04T00:08:41.804+0000] {logging_mixin.py:149} INFO - [2023-07-04T00:08:41.804+0000] {dag.py:3490} INFO - Setting next_dagrun for example_short_circuit_operator to 2023-07-03T00:08:41.803787+00:00, run_after=2023-07-04T00:08:41.803787+00:00
[2023-07-04T00:08:41.839+0000] {processor.py:179} INFO - Processing /home/airflow/.local/lib/python3.7/site-packages/airflow/example_dags/example_short_circuit_operator.py took 0.173 seconds
[2023-07-04T00:09:12.341+0000] {processor.py:157} INFO - Started process (PID=298) to work on /home/airflow/.local/lib/python3.7/site-packages/airflow/example_dags/example_short_circuit_operator.py
[2023-07-04T00:09:12.342+0000] {processor.py:826} INFO - Processing file /home/airflow/.local/lib/python3.7/site-packages/airflow/example_dags/example_short_circuit_operator.py for tasks to queue
[2023-07-04T00:09:12.343+0000] {logging_mixin.py:149} INFO - [2023-07-04T00:09:12.343+0000] {dagbag.py:541} INFO - Filling up the DagBag from /home/airflow/.local/lib/python3.7/site-packages/airflow/example_dags/example_short_circuit_operator.py
[2023-07-04T00:09:12.361+0000] {processor.py:836} INFO - DAG(s) dict_keys(['example_short_circuit_operator']) retrieved from /home/airflow/.local/lib/python3.7/site-packages/airflow/example_dags/example_short_circuit_operator.py
[2023-07-04T00:09:12.411+0000] {logging_mixin.py:149} INFO - [2023-07-04T00:09:12.410+0000] {dag.py:2726} INFO - Sync 1 DAGs
[2023-07-04T00:09:12.462+0000] {logging_mixin.py:149} INFO - [2023-07-04T00:09:12.462+0000] {dag.py:3490} INFO - Setting next_dagrun for example_short_circuit_operator to 2023-07-03T00:09:12.461914+00:00, run_after=2023-07-04T00:09:12.461914+00:00
[2023-07-04T00:09:12.506+0000] {processor.py:179} INFO - Processing /home/airflow/.local/lib/python3.7/site-packages/airflow/example_dags/example_short_circuit_operator.py took 0.171 seconds
[2023-07-04T00:09:43.087+0000] {processor.py:157} INFO - Started process (PID=355) to work on /home/airflow/.local/lib/python3.7/site-packages/airflow/example_dags/example_short_circuit_operator.py
[2023-07-04T00:09:43.088+0000] {processor.py:826} INFO - Processing file /home/airflow/.local/lib/python3.7/site-packages/airflow/example_dags/example_short_circuit_operator.py for tasks to queue
[2023-07-04T00:09:43.089+0000] {logging_mixin.py:149} INFO - [2023-07-04T00:09:43.089+0000] {dagbag.py:541} INFO - Filling up the DagBag from /home/airflow/.local/lib/python3.7/site-packages/airflow/example_dags/example_short_circuit_operator.py
[2023-07-04T00:09:43.106+0000] {processor.py:836} INFO - DAG(s) dict_keys(['example_short_circuit_operator']) retrieved from /home/airflow/.local/lib/python3.7/site-packages/airflow/example_dags/example_short_circuit_operator.py
[2023-07-04T00:09:43.153+0000] {logging_mixin.py:149} INFO - [2023-07-04T00:09:43.153+0000] {dag.py:2726} INFO - Sync 1 DAGs
[2023-07-04T00:09:43.211+0000] {logging_mixin.py:149} INFO - [2023-07-04T00:09:43.211+0000] {dag.py:3490} INFO - Setting next_dagrun for example_short_circuit_operator to 2023-07-03T00:09:43.211344+00:00, run_after=2023-07-04T00:09:43.211344+00:00
[2023-07-04T00:09:43.251+0000] {processor.py:179} INFO - Processing /home/airflow/.local/lib/python3.7/site-packages/airflow/example_dags/example_short_circuit_operator.py took 0.171 seconds
[2023-07-04T00:10:13.560+0000] {processor.py:157} INFO - Started process (PID=411) to work on /home/airflow/.local/lib/python3.7/site-packages/airflow/example_dags/example_short_circuit_operator.py
[2023-07-04T00:10:13.563+0000] {processor.py:826} INFO - Processing file /home/airflow/.local/lib/python3.7/site-packages/airflow/example_dags/example_short_circuit_operator.py for tasks to queue
[2023-07-04T00:10:13.564+0000] {logging_mixin.py:149} INFO - [2023-07-04T00:10:13.564+0000] {dagbag.py:541} INFO - Filling up the DagBag from /home/airflow/.local/lib/python3.7/site-packages/airflow/example_dags/example_short_circuit_operator.py
[2023-07-04T00:10:13.584+0000] {processor.py:836} INFO - DAG(s) dict_keys(['example_short_circuit_operator']) retrieved from /home/airflow/.local/lib/python3.7/site-packages/airflow/example_dags/example_short_circuit_operator.py
[2023-07-04T00:10:13.641+0000] {logging_mixin.py:149} INFO - [2023-07-04T00:10:13.641+0000] {dag.py:2726} INFO - Sync 1 DAGs
[2023-07-04T00:10:13.720+0000] {logging_mixin.py:149} INFO - [2023-07-04T00:10:13.720+0000] {dag.py:3490} INFO - Setting next_dagrun for example_short_circuit_operator to 2023-07-03T00:10:13.719761+00:00, run_after=2023-07-04T00:10:13.719761+00:00
[2023-07-04T00:10:13.767+0000] {processor.py:179} INFO - Processing /home/airflow/.local/lib/python3.7/site-packages/airflow/example_dags/example_short_circuit_operator.py took 0.214 seconds
[2023-07-04T00:10:44.560+0000] {processor.py:157} INFO - Started process (PID=468) to work on /home/airflow/.local/lib/python3.7/site-packages/airflow/example_dags/example_short_circuit_operator.py
[2023-07-04T00:10:44.564+0000] {processor.py:826} INFO - Processing file /home/airflow/.local/lib/python3.7/site-packages/airflow/example_dags/example_short_circuit_operator.py for tasks to queue
[2023-07-04T00:10:44.566+0000] {logging_mixin.py:149} INFO - [2023-07-04T00:10:44.566+0000] {dagbag.py:541} INFO - Filling up the DagBag from /home/airflow/.local/lib/python3.7/site-packages/airflow/example_dags/example_short_circuit_operator.py
[2023-07-04T00:10:44.584+0000] {processor.py:836} INFO - DAG(s) dict_keys(['example_short_circuit_operator']) retrieved from /home/airflow/.local/lib/python3.7/site-packages/airflow/example_dags/example_short_circuit_operator.py
[2023-07-04T00:10:44.639+0000] {logging_mixin.py:149} INFO - [2023-07-04T00:10:44.639+0000] {dag.py:2726} INFO - Sync 1 DAGs
[2023-07-04T00:10:44.703+0000] {logging_mixin.py:149} INFO - [2023-07-04T00:10:44.703+0000] {dag.py:3490} INFO - Setting next_dagrun for example_short_circuit_operator to 2023-07-03T00:10:44.703042+00:00, run_after=2023-07-04T00:10:44.703042+00:00
[2023-07-04T00:10:44.746+0000] {processor.py:179} INFO - Processing /home/airflow/.local/lib/python3.7/site-packages/airflow/example_dags/example_short_circuit_operator.py took 0.196 seconds
[2023-07-04T00:11:14.859+0000] {processor.py:157} INFO - Started process (PID=525) to work on /home/airflow/.local/lib/python3.7/site-packages/airflow/example_dags/example_short_circuit_operator.py
[2023-07-04T00:11:14.861+0000] {processor.py:826} INFO - Processing file /home/airflow/.local/lib/python3.7/site-packages/airflow/example_dags/example_short_circuit_operator.py for tasks to queue
[2023-07-04T00:11:14.864+0000] {logging_mixin.py:149} INFO - [2023-07-04T00:11:14.863+0000] {dagbag.py:541} INFO - Filling up the DagBag from /home/airflow/.local/lib/python3.7/site-packages/airflow/example_dags/example_short_circuit_operator.py
[2023-07-04T00:11:14.891+0000] {processor.py:836} INFO - DAG(s) dict_keys(['example_short_circuit_operator']) retrieved from /home/airflow/.local/lib/python3.7/site-packages/airflow/example_dags/example_short_circuit_operator.py
[2023-07-04T00:11:14.969+0000] {logging_mixin.py:149} INFO - [2023-07-04T00:11:14.969+0000] {dag.py:2726} INFO - Sync 1 DAGs
[2023-07-04T00:11:15.071+0000] {logging_mixin.py:149} INFO - [2023-07-04T00:11:15.070+0000] {dag.py:3490} INFO - Setting next_dagrun for example_short_circuit_operator to 2023-07-03T00:11:15.070304+00:00, run_after=2023-07-04T00:11:15.070304+00:00
[2023-07-04T00:11:15.184+0000] {processor.py:179} INFO - Processing /home/airflow/.local/lib/python3.7/site-packages/airflow/example_dags/example_short_circuit_operator.py took 0.336 seconds
[2023-07-04T00:11:45.806+0000] {processor.py:157} INFO - Started process (PID=582) to work on /home/airflow/.local/lib/python3.7/site-packages/airflow/example_dags/example_short_circuit_operator.py
[2023-07-04T00:11:45.808+0000] {processor.py:826} INFO - Processing file /home/airflow/.local/lib/python3.7/site-packages/airflow/example_dags/example_short_circuit_operator.py for tasks to queue
[2023-07-04T00:11:45.810+0000] {logging_mixin.py:149} INFO - [2023-07-04T00:11:45.810+0000] {dagbag.py:541} INFO - Filling up the DagBag from /home/airflow/.local/lib/python3.7/site-packages/airflow/example_dags/example_short_circuit_operator.py
[2023-07-04T00:11:45.834+0000] {processor.py:836} INFO - DAG(s) dict_keys(['example_short_circuit_operator']) retrieved from /home/airflow/.local/lib/python3.7/site-packages/airflow/example_dags/example_short_circuit_operator.py
[2023-07-04T00:11:45.925+0000] {logging_mixin.py:149} INFO - [2023-07-04T00:11:45.925+0000] {dag.py:2726} INFO - Sync 1 DAGs
[2023-07-04T00:11:45.980+0000] {logging_mixin.py:149} INFO - [2023-07-04T00:11:45.979+0000] {dag.py:3490} INFO - Setting next_dagrun for example_short_circuit_operator to 2023-07-03T00:11:45.978719+00:00, run_after=2023-07-04T00:11:45.978719+00:00
[2023-07-04T00:11:46.038+0000] {processor.py:179} INFO - Processing /home/airflow/.local/lib/python3.7/site-packages/airflow/example_dags/example_short_circuit_operator.py took 0.240 seconds
[2023-07-04T00:12:16.994+0000] {processor.py:157} INFO - Started process (PID=639) to work on /home/airflow/.local/lib/python3.7/site-packages/airflow/example_dags/example_short_circuit_operator.py
[2023-07-04T00:12:16.996+0000] {processor.py:826} INFO - Processing file /home/airflow/.local/lib/python3.7/site-packages/airflow/example_dags/example_short_circuit_operator.py for tasks to queue
[2023-07-04T00:12:16.999+0000] {logging_mixin.py:149} INFO - [2023-07-04T00:12:16.999+0000] {dagbag.py:541} INFO - Filling up the DagBag from /home/airflow/.local/lib/python3.7/site-packages/airflow/example_dags/example_short_circuit_operator.py
[2023-07-04T00:12:17.025+0000] {processor.py:836} INFO - DAG(s) dict_keys(['example_short_circuit_operator']) retrieved from /home/airflow/.local/lib/python3.7/site-packages/airflow/example_dags/example_short_circuit_operator.py
[2023-07-04T00:12:17.103+0000] {logging_mixin.py:149} INFO - [2023-07-04T00:12:17.102+0000] {dag.py:2726} INFO - Sync 1 DAGs
[2023-07-04T00:12:17.217+0000] {logging_mixin.py:149} INFO - [2023-07-04T00:12:17.217+0000] {dag.py:3490} INFO - Setting next_dagrun for example_short_circuit_operator to 2023-07-03T00:12:17.217294+00:00, run_after=2023-07-04T00:12:17.217294+00:00
[2023-07-04T00:12:17.272+0000] {processor.py:179} INFO - Processing /home/airflow/.local/lib/python3.7/site-packages/airflow/example_dags/example_short_circuit_operator.py took 0.288 seconds
[2023-07-04T00:12:47.768+0000] {processor.py:157} INFO - Started process (PID=696) to work on /home/airflow/.local/lib/python3.7/site-packages/airflow/example_dags/example_short_circuit_operator.py
[2023-07-04T00:12:47.771+0000] {processor.py:826} INFO - Processing file /home/airflow/.local/lib/python3.7/site-packages/airflow/example_dags/example_short_circuit_operator.py for tasks to queue
[2023-07-04T00:12:47.774+0000] {logging_mixin.py:149} INFO - [2023-07-04T00:12:47.774+0000] {dagbag.py:541} INFO - Filling up the DagBag from /home/airflow/.local/lib/python3.7/site-packages/airflow/example_dags/example_short_circuit_operator.py
[2023-07-04T00:12:47.789+0000] {processor.py:836} INFO - DAG(s) dict_keys(['example_short_circuit_operator']) retrieved from /home/airflow/.local/lib/python3.7/site-packages/airflow/example_dags/example_short_circuit_operator.py
[2023-07-04T00:12:47.831+0000] {logging_mixin.py:149} INFO - [2023-07-04T00:12:47.830+0000] {dag.py:2726} INFO - Sync 1 DAGs
[2023-07-04T00:12:47.880+0000] {logging_mixin.py:149} INFO - [2023-07-04T00:12:47.879+0000] {dag.py:3490} INFO - Setting next_dagrun for example_short_circuit_operator to 2023-07-03T00:12:47.879309+00:00, run_after=2023-07-04T00:12:47.879309+00:00
[2023-07-04T00:12:47.911+0000] {processor.py:179} INFO - Processing /home/airflow/.local/lib/python3.7/site-packages/airflow/example_dags/example_short_circuit_operator.py took 0.152 seconds
[2023-07-04T00:13:18.001+0000] {processor.py:157} INFO - Started process (PID=753) to work on /home/airflow/.local/lib/python3.7/site-packages/airflow/example_dags/example_short_circuit_operator.py
[2023-07-04T00:13:18.003+0000] {processor.py:826} INFO - Processing file /home/airflow/.local/lib/python3.7/site-packages/airflow/example_dags/example_short_circuit_operator.py for tasks to queue
[2023-07-04T00:13:18.004+0000] {logging_mixin.py:149} INFO - [2023-07-04T00:13:18.004+0000] {dagbag.py:541} INFO - Filling up the DagBag from /home/airflow/.local/lib/python3.7/site-packages/airflow/example_dags/example_short_circuit_operator.py
[2023-07-04T00:13:18.028+0000] {processor.py:836} INFO - DAG(s) dict_keys(['example_short_circuit_operator']) retrieved from /home/airflow/.local/lib/python3.7/site-packages/airflow/example_dags/example_short_circuit_operator.py
[2023-07-04T00:13:18.097+0000] {logging_mixin.py:149} INFO - [2023-07-04T00:13:18.096+0000] {dag.py:2726} INFO - Sync 1 DAGs
[2023-07-04T00:13:18.150+0000] {logging_mixin.py:149} INFO - [2023-07-04T00:13:18.150+0000] {dag.py:3490} INFO - Setting next_dagrun for example_short_circuit_operator to 2023-07-03T00:13:18.149444+00:00, run_after=2023-07-04T00:13:18.149444+00:00
[2023-07-04T00:13:18.184+0000] {processor.py:179} INFO - Processing /home/airflow/.local/lib/python3.7/site-packages/airflow/example_dags/example_short_circuit_operator.py took 0.191 seconds
[2023-07-04T00:13:49.099+0000] {processor.py:157} INFO - Started process (PID=810) to work on /home/airflow/.local/lib/python3.7/site-packages/airflow/example_dags/example_short_circuit_operator.py
[2023-07-04T00:13:49.100+0000] {processor.py:826} INFO - Processing file /home/airflow/.local/lib/python3.7/site-packages/airflow/example_dags/example_short_circuit_operator.py for tasks to queue
[2023-07-04T00:13:49.102+0000] {logging_mixin.py:149} INFO - [2023-07-04T00:13:49.102+0000] {dagbag.py:541} INFO - Filling up the DagBag from /home/airflow/.local/lib/python3.7/site-packages/airflow/example_dags/example_short_circuit_operator.py
[2023-07-04T00:13:49.121+0000] {processor.py:836} INFO - DAG(s) dict_keys(['example_short_circuit_operator']) retrieved from /home/airflow/.local/lib/python3.7/site-packages/airflow/example_dags/example_short_circuit_operator.py
[2023-07-04T00:13:49.197+0000] {logging_mixin.py:149} INFO - [2023-07-04T00:13:49.197+0000] {dag.py:2726} INFO - Sync 1 DAGs
[2023-07-04T00:13:49.273+0000] {logging_mixin.py:149} INFO - [2023-07-04T00:13:49.272+0000] {dag.py:3490} INFO - Setting next_dagrun for example_short_circuit_operator to 2023-07-03T00:13:49.272372+00:00, run_after=2023-07-04T00:13:49.272372+00:00
[2023-07-04T00:13:49.317+0000] {processor.py:179} INFO - Processing /home/airflow/.local/lib/python3.7/site-packages/airflow/example_dags/example_short_circuit_operator.py took 0.228 seconds
[2023-07-04T00:14:19.626+0000] {processor.py:157} INFO - Started process (PID=867) to work on /home/airflow/.local/lib/python3.7/site-packages/airflow/example_dags/example_short_circuit_operator.py
[2023-07-04T00:14:19.627+0000] {processor.py:826} INFO - Processing file /home/airflow/.local/lib/python3.7/site-packages/airflow/example_dags/example_short_circuit_operator.py for tasks to queue
[2023-07-04T00:14:19.628+0000] {logging_mixin.py:149} INFO - [2023-07-04T00:14:19.628+0000] {dagbag.py:541} INFO - Filling up the DagBag from /home/airflow/.local/lib/python3.7/site-packages/airflow/example_dags/example_short_circuit_operator.py
[2023-07-04T00:14:19.647+0000] {processor.py:836} INFO - DAG(s) dict_keys(['example_short_circuit_operator']) retrieved from /home/airflow/.local/lib/python3.7/site-packages/airflow/example_dags/example_short_circuit_operator.py
[2023-07-04T00:14:19.704+0000] {logging_mixin.py:149} INFO - [2023-07-04T00:14:19.704+0000] {dag.py:2726} INFO - Sync 1 DAGs
[2023-07-04T00:14:19.759+0000] {logging_mixin.py:149} INFO - [2023-07-04T00:14:19.759+0000] {dag.py:3490} INFO - Setting next_dagrun for example_short_circuit_operator to 2023-07-03T00:14:19.759220+00:00, run_after=2023-07-04T00:14:19.759220+00:00
[2023-07-04T00:14:19.801+0000] {processor.py:179} INFO - Processing /home/airflow/.local/lib/python3.7/site-packages/airflow/example_dags/example_short_circuit_operator.py took 0.182 seconds
[2023-07-04T00:14:50.568+0000] {processor.py:157} INFO - Started process (PID=924) to work on /home/airflow/.local/lib/python3.7/site-packages/airflow/example_dags/example_short_circuit_operator.py
[2023-07-04T00:14:50.569+0000] {processor.py:826} INFO - Processing file /home/airflow/.local/lib/python3.7/site-packages/airflow/example_dags/example_short_circuit_operator.py for tasks to queue
[2023-07-04T00:14:50.570+0000] {logging_mixin.py:149} INFO - [2023-07-04T00:14:50.570+0000] {dagbag.py:541} INFO - Filling up the DagBag from /home/airflow/.local/lib/python3.7/site-packages/airflow/example_dags/example_short_circuit_operator.py
[2023-07-04T00:14:50.589+0000] {processor.py:836} INFO - DAG(s) dict_keys(['example_short_circuit_operator']) retrieved from /home/airflow/.local/lib/python3.7/site-packages/airflow/example_dags/example_short_circuit_operator.py
[2023-07-04T00:14:50.655+0000] {logging_mixin.py:149} INFO - [2023-07-04T00:14:50.654+0000] {dag.py:2726} INFO - Sync 1 DAGs
[2023-07-04T00:14:50.709+0000] {logging_mixin.py:149} INFO - [2023-07-04T00:14:50.709+0000] {dag.py:3490} INFO - Setting next_dagrun for example_short_circuit_operator to 2023-07-03T00:14:50.708802+00:00, run_after=2023-07-04T00:14:50.708802+00:00
[2023-07-04T00:14:50.753+0000] {processor.py:179} INFO - Processing /home/airflow/.local/lib/python3.7/site-packages/airflow/example_dags/example_short_circuit_operator.py took 0.191 seconds
[2023-07-04T00:15:21.317+0000] {processor.py:157} INFO - Started process (PID=981) to work on /home/airflow/.local/lib/python3.7/site-packages/airflow/example_dags/example_short_circuit_operator.py
[2023-07-04T00:15:21.319+0000] {processor.py:826} INFO - Processing file /home/airflow/.local/lib/python3.7/site-packages/airflow/example_dags/example_short_circuit_operator.py for tasks to queue
[2023-07-04T00:15:21.321+0000] {logging_mixin.py:149} INFO - [2023-07-04T00:15:21.320+0000] {dagbag.py:541} INFO - Filling up the DagBag from /home/airflow/.local/lib/python3.7/site-packages/airflow/example_dags/example_short_circuit_operator.py
[2023-07-04T00:15:21.341+0000] {processor.py:836} INFO - DAG(s) dict_keys(['example_short_circuit_operator']) retrieved from /home/airflow/.local/lib/python3.7/site-packages/airflow/example_dags/example_short_circuit_operator.py
[2023-07-04T00:15:21.411+0000] {logging_mixin.py:149} INFO - [2023-07-04T00:15:21.411+0000] {dag.py:2726} INFO - Sync 1 DAGs
[2023-07-04T00:15:21.472+0000] {logging_mixin.py:149} INFO - [2023-07-04T00:15:21.472+0000] {dag.py:3490} INFO - Setting next_dagrun for example_short_circuit_operator to 2023-07-03T00:15:21.471878+00:00, run_after=2023-07-04T00:15:21.471878+00:00
[2023-07-04T00:15:21.515+0000] {processor.py:179} INFO - Processing /home/airflow/.local/lib/python3.7/site-packages/airflow/example_dags/example_short_circuit_operator.py took 0.205 seconds
[2023-07-04T00:15:52.182+0000] {processor.py:157} INFO - Started process (PID=1039) to work on /home/airflow/.local/lib/python3.7/site-packages/airflow/example_dags/example_short_circuit_operator.py
[2023-07-04T00:15:52.183+0000] {processor.py:826} INFO - Processing file /home/airflow/.local/lib/python3.7/site-packages/airflow/example_dags/example_short_circuit_operator.py for tasks to queue
[2023-07-04T00:15:52.184+0000] {logging_mixin.py:149} INFO - [2023-07-04T00:15:52.184+0000] {dagbag.py:541} INFO - Filling up the DagBag from /home/airflow/.local/lib/python3.7/site-packages/airflow/example_dags/example_short_circuit_operator.py
[2023-07-04T00:15:52.200+0000] {processor.py:836} INFO - DAG(s) dict_keys(['example_short_circuit_operator']) retrieved from /home/airflow/.local/lib/python3.7/site-packages/airflow/example_dags/example_short_circuit_operator.py
[2023-07-04T00:15:52.254+0000] {logging_mixin.py:149} INFO - [2023-07-04T00:15:52.253+0000] {dag.py:2726} INFO - Sync 1 DAGs
[2023-07-04T00:15:52.316+0000] {logging_mixin.py:149} INFO - [2023-07-04T00:15:52.315+0000] {dag.py:3490} INFO - Setting next_dagrun for example_short_circuit_operator to 2023-07-03T00:15:52.315082+00:00, run_after=2023-07-04T00:15:52.315082+00:00
[2023-07-04T00:15:52.357+0000] {processor.py:179} INFO - Processing /home/airflow/.local/lib/python3.7/site-packages/airflow/example_dags/example_short_circuit_operator.py took 0.183 seconds
[2023-07-04T00:16:22.537+0000] {processor.py:157} INFO - Started process (PID=1096) to work on /home/airflow/.local/lib/python3.7/site-packages/airflow/example_dags/example_short_circuit_operator.py
[2023-07-04T00:16:22.538+0000] {processor.py:826} INFO - Processing file /home/airflow/.local/lib/python3.7/site-packages/airflow/example_dags/example_short_circuit_operator.py for tasks to queue
[2023-07-04T00:16:22.539+0000] {logging_mixin.py:149} INFO - [2023-07-04T00:16:22.539+0000] {dagbag.py:541} INFO - Filling up the DagBag from /home/airflow/.local/lib/python3.7/site-packages/airflow/example_dags/example_short_circuit_operator.py
[2023-07-04T00:16:22.555+0000] {processor.py:836} INFO - DAG(s) dict_keys(['example_short_circuit_operator']) retrieved from /home/airflow/.local/lib/python3.7/site-packages/airflow/example_dags/example_short_circuit_operator.py
[2023-07-04T00:16:22.607+0000] {logging_mixin.py:149} INFO - [2023-07-04T00:16:22.606+0000] {dag.py:2726} INFO - Sync 1 DAGs
[2023-07-04T00:16:22.658+0000] {logging_mixin.py:149} INFO - [2023-07-04T00:16:22.658+0000] {dag.py:3490} INFO - Setting next_dagrun for example_short_circuit_operator to 2023-07-03T00:16:22.657574+00:00, run_after=2023-07-04T00:16:22.657574+00:00
[2023-07-04T00:16:22.701+0000] {processor.py:179} INFO - Processing /home/airflow/.local/lib/python3.7/site-packages/airflow/example_dags/example_short_circuit_operator.py took 0.173 seconds
[2023-07-04T00:16:52.782+0000] {processor.py:157} INFO - Started process (PID=1152) to work on /home/airflow/.local/lib/python3.7/site-packages/airflow/example_dags/example_short_circuit_operator.py
[2023-07-04T00:16:52.784+0000] {processor.py:826} INFO - Processing file /home/airflow/.local/lib/python3.7/site-packages/airflow/example_dags/example_short_circuit_operator.py for tasks to queue
[2023-07-04T00:16:52.786+0000] {logging_mixin.py:149} INFO - [2023-07-04T00:16:52.785+0000] {dagbag.py:541} INFO - Filling up the DagBag from /home/airflow/.local/lib/python3.7/site-packages/airflow/example_dags/example_short_circuit_operator.py
[2023-07-04T00:16:52.809+0000] {processor.py:836} INFO - DAG(s) dict_keys(['example_short_circuit_operator']) retrieved from /home/airflow/.local/lib/python3.7/site-packages/airflow/example_dags/example_short_circuit_operator.py
[2023-07-04T00:16:52.875+0000] {logging_mixin.py:149} INFO - [2023-07-04T00:16:52.874+0000] {dag.py:2726} INFO - Sync 1 DAGs
[2023-07-04T00:16:52.935+0000] {logging_mixin.py:149} INFO - [2023-07-04T00:16:52.935+0000] {dag.py:3490} INFO - Setting next_dagrun for example_short_circuit_operator to 2023-07-03T00:16:52.934430+00:00, run_after=2023-07-04T00:16:52.934430+00:00
[2023-07-04T00:16:52.982+0000] {processor.py:179} INFO - Processing /home/airflow/.local/lib/python3.7/site-packages/airflow/example_dags/example_short_circuit_operator.py took 0.209 seconds
[2023-07-04T00:17:24.268+0000] {processor.py:157} INFO - Started process (PID=1210) to work on /home/airflow/.local/lib/python3.7/site-packages/airflow/example_dags/example_short_circuit_operator.py
[2023-07-04T00:17:24.271+0000] {processor.py:826} INFO - Processing file /home/airflow/.local/lib/python3.7/site-packages/airflow/example_dags/example_short_circuit_operator.py for tasks to queue
[2023-07-04T00:17:24.275+0000] {logging_mixin.py:149} INFO - [2023-07-04T00:17:24.274+0000] {dagbag.py:541} INFO - Filling up the DagBag from /home/airflow/.local/lib/python3.7/site-packages/airflow/example_dags/example_short_circuit_operator.py
[2023-07-04T00:17:24.295+0000] {processor.py:836} INFO - DAG(s) dict_keys(['example_short_circuit_operator']) retrieved from /home/airflow/.local/lib/python3.7/site-packages/airflow/example_dags/example_short_circuit_operator.py
[2023-07-04T00:17:24.381+0000] {logging_mixin.py:149} INFO - [2023-07-04T00:17:24.380+0000] {dag.py:2726} INFO - Sync 1 DAGs
[2023-07-04T00:17:24.467+0000] {logging_mixin.py:149} INFO - [2023-07-04T00:17:24.466+0000] {dag.py:3490} INFO - Setting next_dagrun for example_short_circuit_operator to 2023-07-03T00:17:24.465829+00:00, run_after=2023-07-04T00:17:24.465829+00:00
[2023-07-04T00:17:24.531+0000] {processor.py:179} INFO - Processing /home/airflow/.local/lib/python3.7/site-packages/airflow/example_dags/example_short_circuit_operator.py took 0.273 seconds
[2023-07-04T00:17:55.456+0000] {processor.py:157} INFO - Started process (PID=1267) to work on /home/airflow/.local/lib/python3.7/site-packages/airflow/example_dags/example_short_circuit_operator.py
[2023-07-04T00:17:55.458+0000] {processor.py:826} INFO - Processing file /home/airflow/.local/lib/python3.7/site-packages/airflow/example_dags/example_short_circuit_operator.py for tasks to queue
[2023-07-04T00:17:55.460+0000] {logging_mixin.py:149} INFO - [2023-07-04T00:17:55.460+0000] {dagbag.py:541} INFO - Filling up the DagBag from /home/airflow/.local/lib/python3.7/site-packages/airflow/example_dags/example_short_circuit_operator.py
[2023-07-04T00:17:55.491+0000] {processor.py:836} INFO - DAG(s) dict_keys(['example_short_circuit_operator']) retrieved from /home/airflow/.local/lib/python3.7/site-packages/airflow/example_dags/example_short_circuit_operator.py
[2023-07-04T00:17:55.572+0000] {logging_mixin.py:149} INFO - [2023-07-04T00:17:55.572+0000] {dag.py:2726} INFO - Sync 1 DAGs
[2023-07-04T00:17:55.639+0000] {logging_mixin.py:149} INFO - [2023-07-04T00:17:55.638+0000] {dag.py:3490} INFO - Setting next_dagrun for example_short_circuit_operator to 2023-07-03T00:17:55.637987+00:00, run_after=2023-07-04T00:17:55.637987+00:00
[2023-07-04T00:17:55.696+0000] {processor.py:179} INFO - Processing /home/airflow/.local/lib/python3.7/site-packages/airflow/example_dags/example_short_circuit_operator.py took 0.250 seconds
[2023-07-04T00:18:26.412+0000] {processor.py:157} INFO - Started process (PID=1324) to work on /home/airflow/.local/lib/python3.7/site-packages/airflow/example_dags/example_short_circuit_operator.py
[2023-07-04T00:18:26.414+0000] {processor.py:826} INFO - Processing file /home/airflow/.local/lib/python3.7/site-packages/airflow/example_dags/example_short_circuit_operator.py for tasks to queue
[2023-07-04T00:18:26.415+0000] {logging_mixin.py:149} INFO - [2023-07-04T00:18:26.415+0000] {dagbag.py:541} INFO - Filling up the DagBag from /home/airflow/.local/lib/python3.7/site-packages/airflow/example_dags/example_short_circuit_operator.py
[2023-07-04T00:18:26.429+0000] {processor.py:836} INFO - DAG(s) dict_keys(['example_short_circuit_operator']) retrieved from /home/airflow/.local/lib/python3.7/site-packages/airflow/example_dags/example_short_circuit_operator.py
[2023-07-04T00:18:26.481+0000] {logging_mixin.py:149} INFO - [2023-07-04T00:18:26.480+0000] {dag.py:2726} INFO - Sync 1 DAGs
[2023-07-04T00:18:26.545+0000] {logging_mixin.py:149} INFO - [2023-07-04T00:18:26.545+0000] {dag.py:3490} INFO - Setting next_dagrun for example_short_circuit_operator to 2023-07-03T00:18:26.544477+00:00, run_after=2023-07-04T00:18:26.544477+00:00
[2023-07-04T00:18:26.591+0000] {processor.py:179} INFO - Processing /home/airflow/.local/lib/python3.7/site-packages/airflow/example_dags/example_short_circuit_operator.py took 0.186 seconds
[2023-07-04T00:18:57.410+0000] {processor.py:157} INFO - Started process (PID=1380) to work on /home/airflow/.local/lib/python3.7/site-packages/airflow/example_dags/example_short_circuit_operator.py
[2023-07-04T00:18:57.412+0000] {processor.py:826} INFO - Processing file /home/airflow/.local/lib/python3.7/site-packages/airflow/example_dags/example_short_circuit_operator.py for tasks to queue
[2023-07-04T00:18:57.414+0000] {logging_mixin.py:149} INFO - [2023-07-04T00:18:57.413+0000] {dagbag.py:541} INFO - Filling up the DagBag from /home/airflow/.local/lib/python3.7/site-packages/airflow/example_dags/example_short_circuit_operator.py
[2023-07-04T00:18:57.435+0000] {processor.py:836} INFO - DAG(s) dict_keys(['example_short_circuit_operator']) retrieved from /home/airflow/.local/lib/python3.7/site-packages/airflow/example_dags/example_short_circuit_operator.py
[2023-07-04T00:18:57.517+0000] {logging_mixin.py:149} INFO - [2023-07-04T00:18:57.517+0000] {dag.py:2726} INFO - Sync 1 DAGs
[2023-07-04T00:18:57.586+0000] {logging_mixin.py:149} INFO - [2023-07-04T00:18:57.586+0000] {dag.py:3490} INFO - Setting next_dagrun for example_short_circuit_operator to 2023-07-03T00:18:57.585686+00:00, run_after=2023-07-04T00:18:57.585686+00:00
[2023-07-04T00:18:57.634+0000] {processor.py:179} INFO - Processing /home/airflow/.local/lib/python3.7/site-packages/airflow/example_dags/example_short_circuit_operator.py took 0.229 seconds
[2023-07-04T00:19:28.293+0000] {processor.py:157} INFO - Started process (PID=1438) to work on /home/airflow/.local/lib/python3.7/site-packages/airflow/example_dags/example_short_circuit_operator.py
[2023-07-04T00:19:28.295+0000] {processor.py:826} INFO - Processing file /home/airflow/.local/lib/python3.7/site-packages/airflow/example_dags/example_short_circuit_operator.py for tasks to queue
[2023-07-04T00:19:28.298+0000] {logging_mixin.py:149} INFO - [2023-07-04T00:19:28.298+0000] {dagbag.py:541} INFO - Filling up the DagBag from /home/airflow/.local/lib/python3.7/site-packages/airflow/example_dags/example_short_circuit_operator.py
[2023-07-04T00:19:28.317+0000] {processor.py:836} INFO - DAG(s) dict_keys(['example_short_circuit_operator']) retrieved from /home/airflow/.local/lib/python3.7/site-packages/airflow/example_dags/example_short_circuit_operator.py
[2023-07-04T00:19:28.380+0000] {logging_mixin.py:149} INFO - [2023-07-04T00:19:28.380+0000] {dag.py:2726} INFO - Sync 1 DAGs
[2023-07-04T00:19:28.437+0000] {logging_mixin.py:149} INFO - [2023-07-04T00:19:28.437+0000] {dag.py:3490} INFO - Setting next_dagrun for example_short_circuit_operator to 2023-07-03T00:19:28.436735+00:00, run_after=2023-07-04T00:19:28.436735+00:00
[2023-07-04T00:19:28.479+0000] {processor.py:179} INFO - Processing /home/airflow/.local/lib/python3.7/site-packages/airflow/example_dags/example_short_circuit_operator.py took 0.193 seconds
[2023-07-04T00:19:59.043+0000] {processor.py:157} INFO - Started process (PID=1495) to work on /home/airflow/.local/lib/python3.7/site-packages/airflow/example_dags/example_short_circuit_operator.py
[2023-07-04T00:19:59.045+0000] {processor.py:826} INFO - Processing file /home/airflow/.local/lib/python3.7/site-packages/airflow/example_dags/example_short_circuit_operator.py for tasks to queue
[2023-07-04T00:19:59.046+0000] {logging_mixin.py:149} INFO - [2023-07-04T00:19:59.046+0000] {dagbag.py:541} INFO - Filling up the DagBag from /home/airflow/.local/lib/python3.7/site-packages/airflow/example_dags/example_short_circuit_operator.py
[2023-07-04T00:19:59.063+0000] {processor.py:836} INFO - DAG(s) dict_keys(['example_short_circuit_operator']) retrieved from /home/airflow/.local/lib/python3.7/site-packages/airflow/example_dags/example_short_circuit_operator.py
[2023-07-04T00:19:59.115+0000] {logging_mixin.py:149} INFO - [2023-07-04T00:19:59.115+0000] {dag.py:2726} INFO - Sync 1 DAGs
[2023-07-04T00:19:59.169+0000] {logging_mixin.py:149} INFO - [2023-07-04T00:19:59.169+0000] {dag.py:3490} INFO - Setting next_dagrun for example_short_circuit_operator to 2023-07-03T00:19:59.169008+00:00, run_after=2023-07-04T00:19:59.169008+00:00
[2023-07-04T00:19:59.214+0000] {processor.py:179} INFO - Processing /home/airflow/.local/lib/python3.7/site-packages/airflow/example_dags/example_short_circuit_operator.py took 0.181 seconds
[2023-07-04T00:20:29.622+0000] {processor.py:157} INFO - Started process (PID=1552) to work on /home/airflow/.local/lib/python3.7/site-packages/airflow/example_dags/example_short_circuit_operator.py
[2023-07-04T00:20:29.623+0000] {processor.py:826} INFO - Processing file /home/airflow/.local/lib/python3.7/site-packages/airflow/example_dags/example_short_circuit_operator.py for tasks to queue
[2023-07-04T00:20:29.624+0000] {logging_mixin.py:149} INFO - [2023-07-04T00:20:29.624+0000] {dagbag.py:541} INFO - Filling up the DagBag from /home/airflow/.local/lib/python3.7/site-packages/airflow/example_dags/example_short_circuit_operator.py
[2023-07-04T00:20:29.640+0000] {processor.py:836} INFO - DAG(s) dict_keys(['example_short_circuit_operator']) retrieved from /home/airflow/.local/lib/python3.7/site-packages/airflow/example_dags/example_short_circuit_operator.py
[2023-07-04T00:20:29.688+0000] {logging_mixin.py:149} INFO - [2023-07-04T00:20:29.688+0000] {dag.py:2726} INFO - Sync 1 DAGs
[2023-07-04T00:20:29.746+0000] {logging_mixin.py:149} INFO - [2023-07-04T00:20:29.746+0000] {dag.py:3490} INFO - Setting next_dagrun for example_short_circuit_operator to 2023-07-03T00:20:29.745740+00:00, run_after=2023-07-04T00:20:29.745740+00:00
[2023-07-04T00:20:29.784+0000] {processor.py:179} INFO - Processing /home/airflow/.local/lib/python3.7/site-packages/airflow/example_dags/example_short_circuit_operator.py took 0.168 seconds
[2023-07-04T00:21:00.338+0000] {processor.py:157} INFO - Started process (PID=1609) to work on /home/airflow/.local/lib/python3.7/site-packages/airflow/example_dags/example_short_circuit_operator.py
[2023-07-04T00:21:00.341+0000] {processor.py:826} INFO - Processing file /home/airflow/.local/lib/python3.7/site-packages/airflow/example_dags/example_short_circuit_operator.py for tasks to queue
[2023-07-04T00:21:00.343+0000] {logging_mixin.py:149} INFO - [2023-07-04T00:21:00.342+0000] {dagbag.py:541} INFO - Filling up the DagBag from /home/airflow/.local/lib/python3.7/site-packages/airflow/example_dags/example_short_circuit_operator.py
[2023-07-04T00:21:00.365+0000] {processor.py:836} INFO - DAG(s) dict_keys(['example_short_circuit_operator']) retrieved from /home/airflow/.local/lib/python3.7/site-packages/airflow/example_dags/example_short_circuit_operator.py
[2023-07-04T00:21:00.427+0000] {logging_mixin.py:149} INFO - [2023-07-04T00:21:00.426+0000] {dag.py:2726} INFO - Sync 1 DAGs
[2023-07-04T00:21:00.480+0000] {logging_mixin.py:149} INFO - [2023-07-04T00:21:00.480+0000] {dag.py:3490} INFO - Setting next_dagrun for example_short_circuit_operator to 2023-07-03T00:21:00.480079+00:00, run_after=2023-07-04T00:21:00.480079+00:00
[2023-07-04T00:21:00.526+0000] {processor.py:179} INFO - Processing /home/airflow/.local/lib/python3.7/site-packages/airflow/example_dags/example_short_circuit_operator.py took 0.197 seconds
[2023-07-04T00:21:30.771+0000] {processor.py:157} INFO - Started process (PID=1664) to work on /home/airflow/.local/lib/python3.7/site-packages/airflow/example_dags/example_short_circuit_operator.py
[2023-07-04T00:21:30.772+0000] {processor.py:826} INFO - Processing file /home/airflow/.local/lib/python3.7/site-packages/airflow/example_dags/example_short_circuit_operator.py for tasks to queue
[2023-07-04T00:21:30.774+0000] {logging_mixin.py:149} INFO - [2023-07-04T00:21:30.773+0000] {dagbag.py:541} INFO - Filling up the DagBag from /home/airflow/.local/lib/python3.7/site-packages/airflow/example_dags/example_short_circuit_operator.py
[2023-07-04T00:21:30.790+0000] {processor.py:836} INFO - DAG(s) dict_keys(['example_short_circuit_operator']) retrieved from /home/airflow/.local/lib/python3.7/site-packages/airflow/example_dags/example_short_circuit_operator.py
[2023-07-04T00:21:30.839+0000] {logging_mixin.py:149} INFO - [2023-07-04T00:21:30.839+0000] {dag.py:2726} INFO - Sync 1 DAGs
[2023-07-04T00:21:30.897+0000] {logging_mixin.py:149} INFO - [2023-07-04T00:21:30.896+0000] {dag.py:3490} INFO - Setting next_dagrun for example_short_circuit_operator to 2023-07-03T00:21:30.896214+00:00, run_after=2023-07-04T00:21:30.896214+00:00
[2023-07-04T00:21:30.929+0000] {processor.py:179} INFO - Processing /home/airflow/.local/lib/python3.7/site-packages/airflow/example_dags/example_short_circuit_operator.py took 0.165 seconds
[2023-07-04T00:22:01.570+0000] {processor.py:157} INFO - Started process (PID=1721) to work on /home/airflow/.local/lib/python3.7/site-packages/airflow/example_dags/example_short_circuit_operator.py
[2023-07-04T00:22:01.573+0000] {processor.py:826} INFO - Processing file /home/airflow/.local/lib/python3.7/site-packages/airflow/example_dags/example_short_circuit_operator.py for tasks to queue
[2023-07-04T00:22:01.577+0000] {logging_mixin.py:149} INFO - [2023-07-04T00:22:01.577+0000] {dagbag.py:541} INFO - Filling up the DagBag from /home/airflow/.local/lib/python3.7/site-packages/airflow/example_dags/example_short_circuit_operator.py
[2023-07-04T00:22:01.603+0000] {processor.py:836} INFO - DAG(s) dict_keys(['example_short_circuit_operator']) retrieved from /home/airflow/.local/lib/python3.7/site-packages/airflow/example_dags/example_short_circuit_operator.py
[2023-07-04T00:22:01.677+0000] {logging_mixin.py:149} INFO - [2023-07-04T00:22:01.677+0000] {dag.py:2726} INFO - Sync 1 DAGs
[2023-07-04T00:22:01.754+0000] {logging_mixin.py:149} INFO - [2023-07-04T00:22:01.754+0000] {dag.py:3490} INFO - Setting next_dagrun for example_short_circuit_operator to 2023-07-03T00:22:01.754222+00:00, run_after=2023-07-04T00:22:01.754222+00:00
[2023-07-04T00:22:01.813+0000] {processor.py:179} INFO - Processing /home/airflow/.local/lib/python3.7/site-packages/airflow/example_dags/example_short_circuit_operator.py took 0.253 seconds
[2023-07-04T00:22:32.378+0000] {processor.py:157} INFO - Started process (PID=1778) to work on /home/airflow/.local/lib/python3.7/site-packages/airflow/example_dags/example_short_circuit_operator.py
[2023-07-04T00:22:32.380+0000] {processor.py:826} INFO - Processing file /home/airflow/.local/lib/python3.7/site-packages/airflow/example_dags/example_short_circuit_operator.py for tasks to queue
[2023-07-04T00:22:32.382+0000] {logging_mixin.py:149} INFO - [2023-07-04T00:22:32.382+0000] {dagbag.py:541} INFO - Filling up the DagBag from /home/airflow/.local/lib/python3.7/site-packages/airflow/example_dags/example_short_circuit_operator.py
[2023-07-04T00:22:32.403+0000] {processor.py:836} INFO - DAG(s) dict_keys(['example_short_circuit_operator']) retrieved from /home/airflow/.local/lib/python3.7/site-packages/airflow/example_dags/example_short_circuit_operator.py
[2023-07-04T00:22:32.465+0000] {logging_mixin.py:149} INFO - [2023-07-04T00:22:32.465+0000] {dag.py:2726} INFO - Sync 1 DAGs
[2023-07-04T00:22:32.538+0000] {logging_mixin.py:149} INFO - [2023-07-04T00:22:32.538+0000] {dag.py:3490} INFO - Setting next_dagrun for example_short_circuit_operator to 2023-07-03T00:22:32.538142+00:00, run_after=2023-07-04T00:22:32.538142+00:00
[2023-07-04T00:22:32.585+0000] {processor.py:179} INFO - Processing /home/airflow/.local/lib/python3.7/site-packages/airflow/example_dags/example_short_circuit_operator.py took 0.217 seconds
[2023-07-04T00:23:02.807+0000] {processor.py:157} INFO - Started process (PID=1835) to work on /home/airflow/.local/lib/python3.7/site-packages/airflow/example_dags/example_short_circuit_operator.py
[2023-07-04T00:23:02.809+0000] {processor.py:826} INFO - Processing file /home/airflow/.local/lib/python3.7/site-packages/airflow/example_dags/example_short_circuit_operator.py for tasks to queue
[2023-07-04T00:23:02.810+0000] {logging_mixin.py:149} INFO - [2023-07-04T00:23:02.810+0000] {dagbag.py:541} INFO - Filling up the DagBag from /home/airflow/.local/lib/python3.7/site-packages/airflow/example_dags/example_short_circuit_operator.py
[2023-07-04T00:23:02.835+0000] {processor.py:836} INFO - DAG(s) dict_keys(['example_short_circuit_operator']) retrieved from /home/airflow/.local/lib/python3.7/site-packages/airflow/example_dags/example_short_circuit_operator.py
[2023-07-04T00:23:02.898+0000] {logging_mixin.py:149} INFO - [2023-07-04T00:23:02.898+0000] {dag.py:2726} INFO - Sync 1 DAGs
[2023-07-04T00:23:02.952+0000] {logging_mixin.py:149} INFO - [2023-07-04T00:23:02.951+0000] {dag.py:3490} INFO - Setting next_dagrun for example_short_circuit_operator to 2023-07-03T00:23:02.951473+00:00, run_after=2023-07-04T00:23:02.951473+00:00
[2023-07-04T00:23:02.989+0000] {processor.py:179} INFO - Processing /home/airflow/.local/lib/python3.7/site-packages/airflow/example_dags/example_short_circuit_operator.py took 0.189 seconds
[2023-07-04T00:23:33.638+0000] {processor.py:157} INFO - Started process (PID=1892) to work on /home/airflow/.local/lib/python3.7/site-packages/airflow/example_dags/example_short_circuit_operator.py
[2023-07-04T00:23:33.639+0000] {processor.py:826} INFO - Processing file /home/airflow/.local/lib/python3.7/site-packages/airflow/example_dags/example_short_circuit_operator.py for tasks to queue
[2023-07-04T00:23:33.640+0000] {logging_mixin.py:149} INFO - [2023-07-04T00:23:33.640+0000] {dagbag.py:541} INFO - Filling up the DagBag from /home/airflow/.local/lib/python3.7/site-packages/airflow/example_dags/example_short_circuit_operator.py
[2023-07-04T00:23:33.665+0000] {processor.py:836} INFO - DAG(s) dict_keys(['example_short_circuit_operator']) retrieved from /home/airflow/.local/lib/python3.7/site-packages/airflow/example_dags/example_short_circuit_operator.py
[2023-07-04T00:23:33.724+0000] {logging_mixin.py:149} INFO - [2023-07-04T00:23:33.724+0000] {dag.py:2726} INFO - Sync 1 DAGs
[2023-07-04T00:23:33.788+0000] {logging_mixin.py:149} INFO - [2023-07-04T00:23:33.787+0000] {dag.py:3490} INFO - Setting next_dagrun for example_short_circuit_operator to 2023-07-03T00:23:33.787489+00:00, run_after=2023-07-04T00:23:33.787489+00:00
[2023-07-04T00:23:33.839+0000] {processor.py:179} INFO - Processing /home/airflow/.local/lib/python3.7/site-packages/airflow/example_dags/example_short_circuit_operator.py took 0.208 seconds
[2023-07-04T00:24:04.422+0000] {processor.py:157} INFO - Started process (PID=1949) to work on /home/airflow/.local/lib/python3.7/site-packages/airflow/example_dags/example_short_circuit_operator.py
[2023-07-04T00:24:04.424+0000] {processor.py:826} INFO - Processing file /home/airflow/.local/lib/python3.7/site-packages/airflow/example_dags/example_short_circuit_operator.py for tasks to queue
[2023-07-04T00:24:04.426+0000] {logging_mixin.py:149} INFO - [2023-07-04T00:24:04.426+0000] {dagbag.py:541} INFO - Filling up the DagBag from /home/airflow/.local/lib/python3.7/site-packages/airflow/example_dags/example_short_circuit_operator.py
[2023-07-04T00:24:04.457+0000] {processor.py:836} INFO - DAG(s) dict_keys(['example_short_circuit_operator']) retrieved from /home/airflow/.local/lib/python3.7/site-packages/airflow/example_dags/example_short_circuit_operator.py
[2023-07-04T00:24:04.624+0000] {logging_mixin.py:149} INFO - [2023-07-04T00:24:04.623+0000] {dag.py:2726} INFO - Sync 1 DAGs
[2023-07-04T00:24:04.729+0000] {logging_mixin.py:149} INFO - [2023-07-04T00:24:04.729+0000] {dag.py:3490} INFO - Setting next_dagrun for example_short_circuit_operator to 2023-07-03T00:24:04.728599+00:00, run_after=2023-07-04T00:24:04.728599+00:00
[2023-07-04T00:24:04.796+0000] {processor.py:179} INFO - Processing /home/airflow/.local/lib/python3.7/site-packages/airflow/example_dags/example_short_circuit_operator.py took 0.386 seconds
[2023-07-04T00:24:35.041+0000] {processor.py:157} INFO - Started process (PID=2006) to work on /home/airflow/.local/lib/python3.7/site-packages/airflow/example_dags/example_short_circuit_operator.py
[2023-07-04T00:24:35.042+0000] {processor.py:826} INFO - Processing file /home/airflow/.local/lib/python3.7/site-packages/airflow/example_dags/example_short_circuit_operator.py for tasks to queue
[2023-07-04T00:24:35.044+0000] {logging_mixin.py:149} INFO - [2023-07-04T00:24:35.044+0000] {dagbag.py:541} INFO - Filling up the DagBag from /home/airflow/.local/lib/python3.7/site-packages/airflow/example_dags/example_short_circuit_operator.py
[2023-07-04T00:24:35.064+0000] {processor.py:836} INFO - DAG(s) dict_keys(['example_short_circuit_operator']) retrieved from /home/airflow/.local/lib/python3.7/site-packages/airflow/example_dags/example_short_circuit_operator.py
[2023-07-04T00:24:35.112+0000] {logging_mixin.py:149} INFO - [2023-07-04T00:24:35.111+0000] {dag.py:2726} INFO - Sync 1 DAGs
[2023-07-04T00:24:35.162+0000] {logging_mixin.py:149} INFO - [2023-07-04T00:24:35.162+0000] {dag.py:3490} INFO - Setting next_dagrun for example_short_circuit_operator to 2023-07-03T00:24:35.161505+00:00, run_after=2023-07-04T00:24:35.161505+00:00
[2023-07-04T00:24:35.198+0000] {processor.py:179} INFO - Processing /home/airflow/.local/lib/python3.7/site-packages/airflow/example_dags/example_short_circuit_operator.py took 0.163 seconds
[2023-07-04T00:25:05.552+0000] {processor.py:157} INFO - Started process (PID=2063) to work on /home/airflow/.local/lib/python3.7/site-packages/airflow/example_dags/example_short_circuit_operator.py
[2023-07-04T00:25:05.554+0000] {processor.py:826} INFO - Processing file /home/airflow/.local/lib/python3.7/site-packages/airflow/example_dags/example_short_circuit_operator.py for tasks to queue
[2023-07-04T00:25:05.556+0000] {logging_mixin.py:149} INFO - [2023-07-04T00:25:05.555+0000] {dagbag.py:541} INFO - Filling up the DagBag from /home/airflow/.local/lib/python3.7/site-packages/airflow/example_dags/example_short_circuit_operator.py
[2023-07-04T00:25:05.572+0000] {processor.py:836} INFO - DAG(s) dict_keys(['example_short_circuit_operator']) retrieved from /home/airflow/.local/lib/python3.7/site-packages/airflow/example_dags/example_short_circuit_operator.py
[2023-07-04T00:25:05.636+0000] {logging_mixin.py:149} INFO - [2023-07-04T00:25:05.636+0000] {dag.py:2726} INFO - Sync 1 DAGs
[2023-07-04T00:25:05.690+0000] {logging_mixin.py:149} INFO - [2023-07-04T00:25:05.689+0000] {dag.py:3490} INFO - Setting next_dagrun for example_short_circuit_operator to 2023-07-03T00:25:05.689526+00:00, run_after=2023-07-04T00:25:05.689526+00:00
[2023-07-04T00:25:05.728+0000] {processor.py:179} INFO - Processing /home/airflow/.local/lib/python3.7/site-packages/airflow/example_dags/example_short_circuit_operator.py took 0.182 seconds
[2023-07-04T00:25:35.768+0000] {processor.py:157} INFO - Started process (PID=2120) to work on /home/airflow/.local/lib/python3.7/site-packages/airflow/example_dags/example_short_circuit_operator.py
[2023-07-04T00:25:35.770+0000] {processor.py:826} INFO - Processing file /home/airflow/.local/lib/python3.7/site-packages/airflow/example_dags/example_short_circuit_operator.py for tasks to queue
[2023-07-04T00:25:35.771+0000] {logging_mixin.py:149} INFO - [2023-07-04T00:25:35.771+0000] {dagbag.py:541} INFO - Filling up the DagBag from /home/airflow/.local/lib/python3.7/site-packages/airflow/example_dags/example_short_circuit_operator.py
[2023-07-04T00:25:35.791+0000] {processor.py:836} INFO - DAG(s) dict_keys(['example_short_circuit_operator']) retrieved from /home/airflow/.local/lib/python3.7/site-packages/airflow/example_dags/example_short_circuit_operator.py
[2023-07-04T00:25:35.832+0000] {logging_mixin.py:149} INFO - [2023-07-04T00:25:35.832+0000] {dag.py:2726} INFO - Sync 1 DAGs
[2023-07-04T00:25:35.885+0000] {logging_mixin.py:149} INFO - [2023-07-04T00:25:35.885+0000] {dag.py:3490} INFO - Setting next_dagrun for example_short_circuit_operator to 2023-07-03T00:25:35.884950+00:00, run_after=2023-07-04T00:25:35.884950+00:00
[2023-07-04T00:25:35.919+0000] {processor.py:179} INFO - Processing /home/airflow/.local/lib/python3.7/site-packages/airflow/example_dags/example_short_circuit_operator.py took 0.155 seconds
[2023-07-04T00:26:06.245+0000] {processor.py:157} INFO - Started process (PID=2177) to work on /home/airflow/.local/lib/python3.7/site-packages/airflow/example_dags/example_short_circuit_operator.py
[2023-07-04T00:26:06.247+0000] {processor.py:826} INFO - Processing file /home/airflow/.local/lib/python3.7/site-packages/airflow/example_dags/example_short_circuit_operator.py for tasks to queue
[2023-07-04T00:26:06.251+0000] {logging_mixin.py:149} INFO - [2023-07-04T00:26:06.250+0000] {dagbag.py:541} INFO - Filling up the DagBag from /home/airflow/.local/lib/python3.7/site-packages/airflow/example_dags/example_short_circuit_operator.py
[2023-07-04T00:26:06.271+0000] {processor.py:836} INFO - DAG(s) dict_keys(['example_short_circuit_operator']) retrieved from /home/airflow/.local/lib/python3.7/site-packages/airflow/example_dags/example_short_circuit_operator.py
[2023-07-04T00:26:06.343+0000] {logging_mixin.py:149} INFO - [2023-07-04T00:26:06.342+0000] {dag.py:2726} INFO - Sync 1 DAGs
[2023-07-04T00:26:06.441+0000] {logging_mixin.py:149} INFO - [2023-07-04T00:26:06.441+0000] {dag.py:3490} INFO - Setting next_dagrun for example_short_circuit_operator to 2023-07-03T00:26:06.441190+00:00, run_after=2023-07-04T00:26:06.441190+00:00
[2023-07-04T00:26:06.513+0000] {processor.py:179} INFO - Processing /home/airflow/.local/lib/python3.7/site-packages/airflow/example_dags/example_short_circuit_operator.py took 0.276 seconds
[2023-07-04T00:26:36.637+0000] {processor.py:157} INFO - Started process (PID=2234) to work on /home/airflow/.local/lib/python3.7/site-packages/airflow/example_dags/example_short_circuit_operator.py
[2023-07-04T00:26:36.639+0000] {processor.py:826} INFO - Processing file /home/airflow/.local/lib/python3.7/site-packages/airflow/example_dags/example_short_circuit_operator.py for tasks to queue
[2023-07-04T00:26:36.642+0000] {logging_mixin.py:149} INFO - [2023-07-04T00:26:36.641+0000] {dagbag.py:541} INFO - Filling up the DagBag from /home/airflow/.local/lib/python3.7/site-packages/airflow/example_dags/example_short_circuit_operator.py
[2023-07-04T00:26:36.673+0000] {processor.py:836} INFO - DAG(s) dict_keys(['example_short_circuit_operator']) retrieved from /home/airflow/.local/lib/python3.7/site-packages/airflow/example_dags/example_short_circuit_operator.py
[2023-07-04T00:26:36.737+0000] {logging_mixin.py:149} INFO - [2023-07-04T00:26:36.737+0000] {dag.py:2726} INFO - Sync 1 DAGs
[2023-07-04T00:26:36.803+0000] {logging_mixin.py:149} INFO - [2023-07-04T00:26:36.803+0000] {dag.py:3490} INFO - Setting next_dagrun for example_short_circuit_operator to 2023-07-03T00:26:36.802596+00:00, run_after=2023-07-04T00:26:36.802596+00:00
[2023-07-04T00:26:36.848+0000] {processor.py:179} INFO - Processing /home/airflow/.local/lib/python3.7/site-packages/airflow/example_dags/example_short_circuit_operator.py took 0.221 seconds
[2023-07-04T00:27:06.925+0000] {processor.py:157} INFO - Started process (PID=2291) to work on /home/airflow/.local/lib/python3.7/site-packages/airflow/example_dags/example_short_circuit_operator.py
[2023-07-04T00:27:06.927+0000] {processor.py:826} INFO - Processing file /home/airflow/.local/lib/python3.7/site-packages/airflow/example_dags/example_short_circuit_operator.py for tasks to queue
[2023-07-04T00:27:06.929+0000] {logging_mixin.py:149} INFO - [2023-07-04T00:27:06.929+0000] {dagbag.py:541} INFO - Filling up the DagBag from /home/airflow/.local/lib/python3.7/site-packages/airflow/example_dags/example_short_circuit_operator.py
[2023-07-04T00:27:06.948+0000] {processor.py:836} INFO - DAG(s) dict_keys(['example_short_circuit_operator']) retrieved from /home/airflow/.local/lib/python3.7/site-packages/airflow/example_dags/example_short_circuit_operator.py
[2023-07-04T00:27:07.018+0000] {logging_mixin.py:149} INFO - [2023-07-04T00:27:07.017+0000] {dag.py:2726} INFO - Sync 1 DAGs
[2023-07-04T00:27:07.084+0000] {logging_mixin.py:149} INFO - [2023-07-04T00:27:07.084+0000] {dag.py:3490} INFO - Setting next_dagrun for example_short_circuit_operator to 2023-07-03T00:27:07.083563+00:00, run_after=2023-07-04T00:27:07.083563+00:00
[2023-07-04T00:27:07.129+0000] {processor.py:179} INFO - Processing /home/airflow/.local/lib/python3.7/site-packages/airflow/example_dags/example_short_circuit_operator.py took 0.211 seconds
[2023-07-04T00:27:37.996+0000] {processor.py:157} INFO - Started process (PID=2348) to work on /home/airflow/.local/lib/python3.7/site-packages/airflow/example_dags/example_short_circuit_operator.py
[2023-07-04T00:27:37.998+0000] {processor.py:826} INFO - Processing file /home/airflow/.local/lib/python3.7/site-packages/airflow/example_dags/example_short_circuit_operator.py for tasks to queue
[2023-07-04T00:27:37.999+0000] {logging_mixin.py:149} INFO - [2023-07-04T00:27:37.999+0000] {dagbag.py:541} INFO - Filling up the DagBag from /home/airflow/.local/lib/python3.7/site-packages/airflow/example_dags/example_short_circuit_operator.py
[2023-07-04T00:27:38.017+0000] {processor.py:836} INFO - DAG(s) dict_keys(['example_short_circuit_operator']) retrieved from /home/airflow/.local/lib/python3.7/site-packages/airflow/example_dags/example_short_circuit_operator.py
[2023-07-04T00:27:38.083+0000] {logging_mixin.py:149} INFO - [2023-07-04T00:27:38.082+0000] {dag.py:2726} INFO - Sync 1 DAGs
[2023-07-04T00:27:38.152+0000] {logging_mixin.py:149} INFO - [2023-07-04T00:27:38.151+0000] {dag.py:3490} INFO - Setting next_dagrun for example_short_circuit_operator to 2023-07-03T00:27:38.151352+00:00, run_after=2023-07-04T00:27:38.151352+00:00
[2023-07-04T00:27:38.196+0000] {processor.py:179} INFO - Processing /home/airflow/.local/lib/python3.7/site-packages/airflow/example_dags/example_short_circuit_operator.py took 0.206 seconds
[2023-07-04T00:28:08.303+0000] {processor.py:157} INFO - Started process (PID=2404) to work on /home/airflow/.local/lib/python3.7/site-packages/airflow/example_dags/example_short_circuit_operator.py
[2023-07-04T00:28:08.305+0000] {processor.py:826} INFO - Processing file /home/airflow/.local/lib/python3.7/site-packages/airflow/example_dags/example_short_circuit_operator.py for tasks to queue
[2023-07-04T00:28:08.306+0000] {logging_mixin.py:149} INFO - [2023-07-04T00:28:08.306+0000] {dagbag.py:541} INFO - Filling up the DagBag from /home/airflow/.local/lib/python3.7/site-packages/airflow/example_dags/example_short_circuit_operator.py
[2023-07-04T00:28:08.326+0000] {processor.py:836} INFO - DAG(s) dict_keys(['example_short_circuit_operator']) retrieved from /home/airflow/.local/lib/python3.7/site-packages/airflow/example_dags/example_short_circuit_operator.py
[2023-07-04T00:28:08.384+0000] {logging_mixin.py:149} INFO - [2023-07-04T00:28:08.384+0000] {dag.py:2726} INFO - Sync 1 DAGs
[2023-07-04T00:28:08.439+0000] {logging_mixin.py:149} INFO - [2023-07-04T00:28:08.439+0000] {dag.py:3490} INFO - Setting next_dagrun for example_short_circuit_operator to 2023-07-03T00:28:08.438561+00:00, run_after=2023-07-04T00:28:08.438561+00:00
[2023-07-04T00:28:08.492+0000] {processor.py:179} INFO - Processing /home/airflow/.local/lib/python3.7/site-packages/airflow/example_dags/example_short_circuit_operator.py took 0.196 seconds
[2023-07-04T00:28:38.623+0000] {processor.py:157} INFO - Started process (PID=2461) to work on /home/airflow/.local/lib/python3.7/site-packages/airflow/example_dags/example_short_circuit_operator.py
[2023-07-04T00:28:38.625+0000] {processor.py:826} INFO - Processing file /home/airflow/.local/lib/python3.7/site-packages/airflow/example_dags/example_short_circuit_operator.py for tasks to queue
[2023-07-04T00:28:38.626+0000] {logging_mixin.py:149} INFO - [2023-07-04T00:28:38.626+0000] {dagbag.py:541} INFO - Filling up the DagBag from /home/airflow/.local/lib/python3.7/site-packages/airflow/example_dags/example_short_circuit_operator.py
[2023-07-04T00:28:38.637+0000] {processor.py:836} INFO - DAG(s) dict_keys(['example_short_circuit_operator']) retrieved from /home/airflow/.local/lib/python3.7/site-packages/airflow/example_dags/example_short_circuit_operator.py
[2023-07-04T00:28:38.672+0000] {logging_mixin.py:149} INFO - [2023-07-04T00:28:38.672+0000] {dag.py:2726} INFO - Sync 1 DAGs
[2023-07-04T00:28:38.707+0000] {logging_mixin.py:149} INFO - [2023-07-04T00:28:38.707+0000] {dag.py:3490} INFO - Setting next_dagrun for example_short_circuit_operator to 2023-07-03T00:28:38.707356+00:00, run_after=2023-07-04T00:28:38.707356+00:00
[2023-07-04T00:28:38.734+0000] {processor.py:179} INFO - Processing /home/airflow/.local/lib/python3.7/site-packages/airflow/example_dags/example_short_circuit_operator.py took 0.117 seconds
[2023-07-04T00:29:09.207+0000] {processor.py:157} INFO - Started process (PID=2518) to work on /home/airflow/.local/lib/python3.7/site-packages/airflow/example_dags/example_short_circuit_operator.py
[2023-07-04T00:29:09.209+0000] {processor.py:826} INFO - Processing file /home/airflow/.local/lib/python3.7/site-packages/airflow/example_dags/example_short_circuit_operator.py for tasks to queue
[2023-07-04T00:29:09.210+0000] {logging_mixin.py:149} INFO - [2023-07-04T00:29:09.210+0000] {dagbag.py:541} INFO - Filling up the DagBag from /home/airflow/.local/lib/python3.7/site-packages/airflow/example_dags/example_short_circuit_operator.py
[2023-07-04T00:29:09.224+0000] {processor.py:836} INFO - DAG(s) dict_keys(['example_short_circuit_operator']) retrieved from /home/airflow/.local/lib/python3.7/site-packages/airflow/example_dags/example_short_circuit_operator.py
[2023-07-04T00:29:09.269+0000] {logging_mixin.py:149} INFO - [2023-07-04T00:29:09.269+0000] {dag.py:2726} INFO - Sync 1 DAGs
[2023-07-04T00:29:09.315+0000] {logging_mixin.py:149} INFO - [2023-07-04T00:29:09.315+0000] {dag.py:3490} INFO - Setting next_dagrun for example_short_circuit_operator to 2023-07-03T00:29:09.314953+00:00, run_after=2023-07-04T00:29:09.314953+00:00
[2023-07-04T00:29:09.353+0000] {processor.py:179} INFO - Processing /home/airflow/.local/lib/python3.7/site-packages/airflow/example_dags/example_short_circuit_operator.py took 0.151 seconds
[2023-07-04T00:29:39.899+0000] {processor.py:157} INFO - Started process (PID=2575) to work on /home/airflow/.local/lib/python3.7/site-packages/airflow/example_dags/example_short_circuit_operator.py
[2023-07-04T00:29:39.900+0000] {processor.py:826} INFO - Processing file /home/airflow/.local/lib/python3.7/site-packages/airflow/example_dags/example_short_circuit_operator.py for tasks to queue
[2023-07-04T00:29:39.902+0000] {logging_mixin.py:149} INFO - [2023-07-04T00:29:39.902+0000] {dagbag.py:541} INFO - Filling up the DagBag from /home/airflow/.local/lib/python3.7/site-packages/airflow/example_dags/example_short_circuit_operator.py
[2023-07-04T00:29:39.923+0000] {processor.py:836} INFO - DAG(s) dict_keys(['example_short_circuit_operator']) retrieved from /home/airflow/.local/lib/python3.7/site-packages/airflow/example_dags/example_short_circuit_operator.py
[2023-07-04T00:29:39.967+0000] {logging_mixin.py:149} INFO - [2023-07-04T00:29:39.967+0000] {dag.py:2726} INFO - Sync 1 DAGs
[2023-07-04T00:29:40.010+0000] {logging_mixin.py:149} INFO - [2023-07-04T00:29:40.010+0000] {dag.py:3490} INFO - Setting next_dagrun for example_short_circuit_operator to 2023-07-03T00:29:40.009878+00:00, run_after=2023-07-04T00:29:40.009878+00:00
[2023-07-04T00:29:40.041+0000] {processor.py:179} INFO - Processing /home/airflow/.local/lib/python3.7/site-packages/airflow/example_dags/example_short_circuit_operator.py took 0.149 seconds
[2023-07-04T00:30:10.916+0000] {processor.py:157} INFO - Started process (PID=2632) to work on /home/airflow/.local/lib/python3.7/site-packages/airflow/example_dags/example_short_circuit_operator.py
[2023-07-04T00:30:10.917+0000] {processor.py:826} INFO - Processing file /home/airflow/.local/lib/python3.7/site-packages/airflow/example_dags/example_short_circuit_operator.py for tasks to queue
[2023-07-04T00:30:10.918+0000] {logging_mixin.py:149} INFO - [2023-07-04T00:30:10.917+0000] {dagbag.py:541} INFO - Filling up the DagBag from /home/airflow/.local/lib/python3.7/site-packages/airflow/example_dags/example_short_circuit_operator.py
[2023-07-04T00:30:10.929+0000] {processor.py:836} INFO - DAG(s) dict_keys(['example_short_circuit_operator']) retrieved from /home/airflow/.local/lib/python3.7/site-packages/airflow/example_dags/example_short_circuit_operator.py
[2023-07-04T00:30:10.964+0000] {logging_mixin.py:149} INFO - [2023-07-04T00:30:10.964+0000] {dag.py:2726} INFO - Sync 1 DAGs
[2023-07-04T00:30:11.004+0000] {logging_mixin.py:149} INFO - [2023-07-04T00:30:11.003+0000] {dag.py:3490} INFO - Setting next_dagrun for example_short_circuit_operator to 2023-07-03T00:30:11.003217+00:00, run_after=2023-07-04T00:30:11.003217+00:00
[2023-07-04T00:30:11.030+0000] {processor.py:179} INFO - Processing /home/airflow/.local/lib/python3.7/site-packages/airflow/example_dags/example_short_circuit_operator.py took 0.119 seconds
[2023-07-04T00:30:41.369+0000] {processor.py:157} INFO - Started process (PID=2689) to work on /home/airflow/.local/lib/python3.7/site-packages/airflow/example_dags/example_short_circuit_operator.py
[2023-07-04T00:30:41.371+0000] {processor.py:826} INFO - Processing file /home/airflow/.local/lib/python3.7/site-packages/airflow/example_dags/example_short_circuit_operator.py for tasks to queue
[2023-07-04T00:30:41.373+0000] {logging_mixin.py:149} INFO - [2023-07-04T00:30:41.373+0000] {dagbag.py:541} INFO - Filling up the DagBag from /home/airflow/.local/lib/python3.7/site-packages/airflow/example_dags/example_short_circuit_operator.py
[2023-07-04T00:30:41.386+0000] {processor.py:836} INFO - DAG(s) dict_keys(['example_short_circuit_operator']) retrieved from /home/airflow/.local/lib/python3.7/site-packages/airflow/example_dags/example_short_circuit_operator.py
[2023-07-04T00:30:41.445+0000] {logging_mixin.py:149} INFO - [2023-07-04T00:30:41.445+0000] {dag.py:2726} INFO - Sync 1 DAGs
[2023-07-04T00:30:41.490+0000] {logging_mixin.py:149} INFO - [2023-07-04T00:30:41.490+0000] {dag.py:3490} INFO - Setting next_dagrun for example_short_circuit_operator to 2023-07-03T00:30:41.489805+00:00, run_after=2023-07-04T00:30:41.489805+00:00
[2023-07-04T00:30:41.526+0000] {processor.py:179} INFO - Processing /home/airflow/.local/lib/python3.7/site-packages/airflow/example_dags/example_short_circuit_operator.py took 0.166 seconds
[2023-07-04T00:31:11.867+0000] {processor.py:157} INFO - Started process (PID=2745) to work on /home/airflow/.local/lib/python3.7/site-packages/airflow/example_dags/example_short_circuit_operator.py
[2023-07-04T00:31:11.868+0000] {processor.py:826} INFO - Processing file /home/airflow/.local/lib/python3.7/site-packages/airflow/example_dags/example_short_circuit_operator.py for tasks to queue
[2023-07-04T00:31:11.869+0000] {logging_mixin.py:149} INFO - [2023-07-04T00:31:11.868+0000] {dagbag.py:541} INFO - Filling up the DagBag from /home/airflow/.local/lib/python3.7/site-packages/airflow/example_dags/example_short_circuit_operator.py
[2023-07-04T00:31:11.880+0000] {processor.py:836} INFO - DAG(s) dict_keys(['example_short_circuit_operator']) retrieved from /home/airflow/.local/lib/python3.7/site-packages/airflow/example_dags/example_short_circuit_operator.py
[2023-07-04T00:31:11.912+0000] {logging_mixin.py:149} INFO - [2023-07-04T00:31:11.912+0000] {dag.py:2726} INFO - Sync 1 DAGs
[2023-07-04T00:31:11.945+0000] {logging_mixin.py:149} INFO - [2023-07-04T00:31:11.945+0000] {dag.py:3490} INFO - Setting next_dagrun for example_short_circuit_operator to 2023-07-03T00:31:11.944987+00:00, run_after=2023-07-04T00:31:11.944987+00:00
[2023-07-04T00:31:11.972+0000] {processor.py:179} INFO - Processing /home/airflow/.local/lib/python3.7/site-packages/airflow/example_dags/example_short_circuit_operator.py took 0.110 seconds
[2023-07-04T00:31:42.075+0000] {processor.py:157} INFO - Started process (PID=2797) to work on /home/airflow/.local/lib/python3.7/site-packages/airflow/example_dags/example_short_circuit_operator.py
[2023-07-04T00:31:42.076+0000] {processor.py:826} INFO - Processing file /home/airflow/.local/lib/python3.7/site-packages/airflow/example_dags/example_short_circuit_operator.py for tasks to queue
[2023-07-04T00:31:42.077+0000] {logging_mixin.py:149} INFO - [2023-07-04T00:31:42.077+0000] {dagbag.py:541} INFO - Filling up the DagBag from /home/airflow/.local/lib/python3.7/site-packages/airflow/example_dags/example_short_circuit_operator.py
[2023-07-04T00:31:42.091+0000] {processor.py:836} INFO - DAG(s) dict_keys(['example_short_circuit_operator']) retrieved from /home/airflow/.local/lib/python3.7/site-packages/airflow/example_dags/example_short_circuit_operator.py
[2023-07-04T00:31:42.163+0000] {logging_mixin.py:149} INFO - [2023-07-04T00:31:42.162+0000] {dag.py:2726} INFO - Sync 1 DAGs
[2023-07-04T00:31:42.227+0000] {logging_mixin.py:149} INFO - [2023-07-04T00:31:42.227+0000] {dag.py:3490} INFO - Setting next_dagrun for example_short_circuit_operator to 2023-07-03T00:31:42.226476+00:00, run_after=2023-07-04T00:31:42.226476+00:00
[2023-07-04T00:31:42.260+0000] {processor.py:179} INFO - Processing /home/airflow/.local/lib/python3.7/site-packages/airflow/example_dags/example_short_circuit_operator.py took 0.190 seconds
[2023-07-04T00:32:12.310+0000] {processor.py:157} INFO - Started process (PID=2854) to work on /home/airflow/.local/lib/python3.7/site-packages/airflow/example_dags/example_short_circuit_operator.py
[2023-07-04T00:32:12.312+0000] {processor.py:826} INFO - Processing file /home/airflow/.local/lib/python3.7/site-packages/airflow/example_dags/example_short_circuit_operator.py for tasks to queue
[2023-07-04T00:32:12.313+0000] {logging_mixin.py:149} INFO - [2023-07-04T00:32:12.312+0000] {dagbag.py:541} INFO - Filling up the DagBag from /home/airflow/.local/lib/python3.7/site-packages/airflow/example_dags/example_short_circuit_operator.py
[2023-07-04T00:32:12.325+0000] {processor.py:836} INFO - DAG(s) dict_keys(['example_short_circuit_operator']) retrieved from /home/airflow/.local/lib/python3.7/site-packages/airflow/example_dags/example_short_circuit_operator.py
[2023-07-04T00:32:12.363+0000] {logging_mixin.py:149} INFO - [2023-07-04T00:32:12.363+0000] {dag.py:2726} INFO - Sync 1 DAGs
[2023-07-04T00:32:12.394+0000] {logging_mixin.py:149} INFO - [2023-07-04T00:32:12.394+0000] {dag.py:3490} INFO - Setting next_dagrun for example_short_circuit_operator to 2023-07-03T00:32:12.394365+00:00, run_after=2023-07-04T00:32:12.394365+00:00
[2023-07-04T00:32:12.420+0000] {processor.py:179} INFO - Processing /home/airflow/.local/lib/python3.7/site-packages/airflow/example_dags/example_short_circuit_operator.py took 0.114 seconds
[2023-07-04T00:32:42.768+0000] {processor.py:157} INFO - Started process (PID=2911) to work on /home/airflow/.local/lib/python3.7/site-packages/airflow/example_dags/example_short_circuit_operator.py
[2023-07-04T00:32:42.774+0000] {processor.py:826} INFO - Processing file /home/airflow/.local/lib/python3.7/site-packages/airflow/example_dags/example_short_circuit_operator.py for tasks to queue
[2023-07-04T00:32:42.779+0000] {logging_mixin.py:149} INFO - [2023-07-04T00:32:42.778+0000] {dagbag.py:541} INFO - Filling up the DagBag from /home/airflow/.local/lib/python3.7/site-packages/airflow/example_dags/example_short_circuit_operator.py
[2023-07-04T00:32:42.806+0000] {processor.py:836} INFO - DAG(s) dict_keys(['example_short_circuit_operator']) retrieved from /home/airflow/.local/lib/python3.7/site-packages/airflow/example_dags/example_short_circuit_operator.py
[2023-07-04T00:32:42.917+0000] {logging_mixin.py:149} INFO - [2023-07-04T00:32:42.916+0000] {dag.py:2726} INFO - Sync 1 DAGs
[2023-07-04T00:32:43.009+0000] {logging_mixin.py:149} INFO - [2023-07-04T00:32:43.009+0000] {dag.py:3490} INFO - Setting next_dagrun for example_short_circuit_operator to 2023-07-03T00:32:43.008408+00:00, run_after=2023-07-04T00:32:43.008408+00:00
[2023-07-04T00:32:43.077+0000] {processor.py:179} INFO - Processing /home/airflow/.local/lib/python3.7/site-packages/airflow/example_dags/example_short_circuit_operator.py took 0.321 seconds
[2023-07-04T00:33:13.344+0000] {processor.py:157} INFO - Started process (PID=2969) to work on /home/airflow/.local/lib/python3.7/site-packages/airflow/example_dags/example_short_circuit_operator.py
[2023-07-04T00:33:13.346+0000] {processor.py:826} INFO - Processing file /home/airflow/.local/lib/python3.7/site-packages/airflow/example_dags/example_short_circuit_operator.py for tasks to queue
[2023-07-04T00:33:13.348+0000] {logging_mixin.py:149} INFO - [2023-07-04T00:33:13.348+0000] {dagbag.py:541} INFO - Filling up the DagBag from /home/airflow/.local/lib/python3.7/site-packages/airflow/example_dags/example_short_circuit_operator.py
[2023-07-04T00:33:13.367+0000] {processor.py:836} INFO - DAG(s) dict_keys(['example_short_circuit_operator']) retrieved from /home/airflow/.local/lib/python3.7/site-packages/airflow/example_dags/example_short_circuit_operator.py
[2023-07-04T00:33:13.415+0000] {logging_mixin.py:149} INFO - [2023-07-04T00:33:13.415+0000] {dag.py:2726} INFO - Sync 1 DAGs
[2023-07-04T00:33:13.448+0000] {logging_mixin.py:149} INFO - [2023-07-04T00:33:13.448+0000] {dag.py:3490} INFO - Setting next_dagrun for example_short_circuit_operator to 2023-07-03T00:33:13.448057+00:00, run_after=2023-07-04T00:33:13.448057+00:00
[2023-07-04T00:33:13.472+0000] {processor.py:179} INFO - Processing /home/airflow/.local/lib/python3.7/site-packages/airflow/example_dags/example_short_circuit_operator.py took 0.137 seconds
