[2023-07-04T00:07:02.655+0000] {processor.py:157} INFO - Started process (PID=43) to work on /home/airflow/.local/lib/python3.7/site-packages/airflow/example_dags/example_branch_operator_decorator.py
[2023-07-04T00:07:02.659+0000] {processor.py:826} INFO - Processing file /home/airflow/.local/lib/python3.7/site-packages/airflow/example_dags/example_branch_operator_decorator.py for tasks to queue
[2023-07-04T00:07:02.662+0000] {logging_mixin.py:149} INFO - [2023-07-04T00:07:02.661+0000] {dagbag.py:541} INFO - Filling up the DagBag from /home/airflow/.local/lib/python3.7/site-packages/airflow/example_dags/example_branch_operator_decorator.py
[2023-07-04T00:07:02.702+0000] {processor.py:836} INFO - DAG(s) dict_keys(['example_branch_python_operator_decorator']) retrieved from /home/airflow/.local/lib/python3.7/site-packages/airflow/example_dags/example_branch_operator_decorator.py
[2023-07-04T00:07:02.795+0000] {logging_mixin.py:149} INFO - [2023-07-04T00:07:02.795+0000] {dag.py:2726} INFO - Sync 1 DAGs
[2023-07-04T00:07:02.873+0000] {logging_mixin.py:149} INFO - [2023-07-04T00:07:02.872+0000] {dag.py:3490} INFO - Setting next_dagrun for example_branch_python_operator_decorator to 2023-07-03T00:00:00+00:00, run_after=2023-07-04T00:00:00+00:00
[2023-07-04T00:07:02.946+0000] {processor.py:179} INFO - Processing /home/airflow/.local/lib/python3.7/site-packages/airflow/example_dags/example_branch_operator_decorator.py took 0.302 seconds
[2023-07-04T00:07:33.072+0000] {processor.py:157} INFO - Started process (PID=99) to work on /home/airflow/.local/lib/python3.7/site-packages/airflow/example_dags/example_branch_operator_decorator.py
[2023-07-04T00:07:33.073+0000] {processor.py:826} INFO - Processing file /home/airflow/.local/lib/python3.7/site-packages/airflow/example_dags/example_branch_operator_decorator.py for tasks to queue
[2023-07-04T00:07:33.074+0000] {logging_mixin.py:149} INFO - [2023-07-04T00:07:33.074+0000] {dagbag.py:541} INFO - Filling up the DagBag from /home/airflow/.local/lib/python3.7/site-packages/airflow/example_dags/example_branch_operator_decorator.py
[2023-07-04T00:07:33.092+0000] {processor.py:836} INFO - DAG(s) dict_keys(['example_branch_python_operator_decorator']) retrieved from /home/airflow/.local/lib/python3.7/site-packages/airflow/example_dags/example_branch_operator_decorator.py
[2023-07-04T00:07:33.131+0000] {logging_mixin.py:149} INFO - [2023-07-04T00:07:33.131+0000] {dag.py:2726} INFO - Sync 1 DAGs
[2023-07-04T00:07:33.170+0000] {logging_mixin.py:149} INFO - [2023-07-04T00:07:33.170+0000] {dag.py:3490} INFO - Setting next_dagrun for example_branch_python_operator_decorator to 2023-07-03T00:00:00+00:00, run_after=2023-07-04T00:00:00+00:00
[2023-07-04T00:07:33.201+0000] {processor.py:179} INFO - Processing /home/airflow/.local/lib/python3.7/site-packages/airflow/example_dags/example_branch_operator_decorator.py took 0.135 seconds
[2023-07-04T00:08:04.105+0000] {processor.py:157} INFO - Started process (PID=156) to work on /home/airflow/.local/lib/python3.7/site-packages/airflow/example_dags/example_branch_operator_decorator.py
[2023-07-04T00:08:04.106+0000] {processor.py:826} INFO - Processing file /home/airflow/.local/lib/python3.7/site-packages/airflow/example_dags/example_branch_operator_decorator.py for tasks to queue
[2023-07-04T00:08:04.107+0000] {logging_mixin.py:149} INFO - [2023-07-04T00:08:04.107+0000] {dagbag.py:541} INFO - Filling up the DagBag from /home/airflow/.local/lib/python3.7/site-packages/airflow/example_dags/example_branch_operator_decorator.py
[2023-07-04T00:08:04.127+0000] {processor.py:836} INFO - DAG(s) dict_keys(['example_branch_python_operator_decorator']) retrieved from /home/airflow/.local/lib/python3.7/site-packages/airflow/example_dags/example_branch_operator_decorator.py
[2023-07-04T00:08:04.172+0000] {logging_mixin.py:149} INFO - [2023-07-04T00:08:04.172+0000] {dag.py:2726} INFO - Sync 1 DAGs
[2023-07-04T00:08:04.224+0000] {logging_mixin.py:149} INFO - [2023-07-04T00:08:04.223+0000] {dag.py:3490} INFO - Setting next_dagrun for example_branch_python_operator_decorator to 2023-07-03T00:00:00+00:00, run_after=2023-07-04T00:00:00+00:00
[2023-07-04T00:08:04.256+0000] {processor.py:179} INFO - Processing /home/airflow/.local/lib/python3.7/site-packages/airflow/example_dags/example_branch_operator_decorator.py took 0.161 seconds
[2023-07-04T00:08:34.486+0000] {processor.py:157} INFO - Started process (PID=213) to work on /home/airflow/.local/lib/python3.7/site-packages/airflow/example_dags/example_branch_operator_decorator.py
[2023-07-04T00:08:34.488+0000] {processor.py:826} INFO - Processing file /home/airflow/.local/lib/python3.7/site-packages/airflow/example_dags/example_branch_operator_decorator.py for tasks to queue
[2023-07-04T00:08:34.490+0000] {logging_mixin.py:149} INFO - [2023-07-04T00:08:34.489+0000] {dagbag.py:541} INFO - Filling up the DagBag from /home/airflow/.local/lib/python3.7/site-packages/airflow/example_dags/example_branch_operator_decorator.py
[2023-07-04T00:08:34.507+0000] {processor.py:836} INFO - DAG(s) dict_keys(['example_branch_python_operator_decorator']) retrieved from /home/airflow/.local/lib/python3.7/site-packages/airflow/example_dags/example_branch_operator_decorator.py
[2023-07-04T00:08:34.560+0000] {logging_mixin.py:149} INFO - [2023-07-04T00:08:34.560+0000] {dag.py:2726} INFO - Sync 1 DAGs
[2023-07-04T00:08:34.609+0000] {logging_mixin.py:149} INFO - [2023-07-04T00:08:34.609+0000] {dag.py:3490} INFO - Setting next_dagrun for example_branch_python_operator_decorator to 2023-07-03T00:00:00+00:00, run_after=2023-07-04T00:00:00+00:00
[2023-07-04T00:08:34.649+0000] {processor.py:179} INFO - Processing /home/airflow/.local/lib/python3.7/site-packages/airflow/example_dags/example_branch_operator_decorator.py took 0.172 seconds
[2023-07-04T00:09:05.356+0000] {processor.py:157} INFO - Started process (PID=270) to work on /home/airflow/.local/lib/python3.7/site-packages/airflow/example_dags/example_branch_operator_decorator.py
[2023-07-04T00:09:05.357+0000] {processor.py:826} INFO - Processing file /home/airflow/.local/lib/python3.7/site-packages/airflow/example_dags/example_branch_operator_decorator.py for tasks to queue
[2023-07-04T00:09:05.358+0000] {logging_mixin.py:149} INFO - [2023-07-04T00:09:05.358+0000] {dagbag.py:541} INFO - Filling up the DagBag from /home/airflow/.local/lib/python3.7/site-packages/airflow/example_dags/example_branch_operator_decorator.py
[2023-07-04T00:09:05.374+0000] {processor.py:836} INFO - DAG(s) dict_keys(['example_branch_python_operator_decorator']) retrieved from /home/airflow/.local/lib/python3.7/site-packages/airflow/example_dags/example_branch_operator_decorator.py
[2023-07-04T00:09:05.427+0000] {logging_mixin.py:149} INFO - [2023-07-04T00:09:05.426+0000] {dag.py:2726} INFO - Sync 1 DAGs
[2023-07-04T00:09:05.482+0000] {logging_mixin.py:149} INFO - [2023-07-04T00:09:05.481+0000] {dag.py:3490} INFO - Setting next_dagrun for example_branch_python_operator_decorator to 2023-07-03T00:00:00+00:00, run_after=2023-07-04T00:00:00+00:00
[2023-07-04T00:09:05.518+0000] {processor.py:179} INFO - Processing /home/airflow/.local/lib/python3.7/site-packages/airflow/example_dags/example_branch_operator_decorator.py took 0.168 seconds
[2023-07-04T00:09:35.771+0000] {processor.py:157} INFO - Started process (PID=327) to work on /home/airflow/.local/lib/python3.7/site-packages/airflow/example_dags/example_branch_operator_decorator.py
[2023-07-04T00:09:35.773+0000] {processor.py:826} INFO - Processing file /home/airflow/.local/lib/python3.7/site-packages/airflow/example_dags/example_branch_operator_decorator.py for tasks to queue
[2023-07-04T00:09:35.773+0000] {logging_mixin.py:149} INFO - [2023-07-04T00:09:35.773+0000] {dagbag.py:541} INFO - Filling up the DagBag from /home/airflow/.local/lib/python3.7/site-packages/airflow/example_dags/example_branch_operator_decorator.py
[2023-07-04T00:09:35.791+0000] {processor.py:836} INFO - DAG(s) dict_keys(['example_branch_python_operator_decorator']) retrieved from /home/airflow/.local/lib/python3.7/site-packages/airflow/example_dags/example_branch_operator_decorator.py
[2023-07-04T00:09:35.856+0000] {logging_mixin.py:149} INFO - [2023-07-04T00:09:35.856+0000] {dag.py:2726} INFO - Sync 1 DAGs
[2023-07-04T00:09:35.921+0000] {logging_mixin.py:149} INFO - [2023-07-04T00:09:35.921+0000] {dag.py:3490} INFO - Setting next_dagrun for example_branch_python_operator_decorator to 2023-07-03T00:00:00+00:00, run_after=2023-07-04T00:00:00+00:00
[2023-07-04T00:09:35.989+0000] {processor.py:179} INFO - Processing /home/airflow/.local/lib/python3.7/site-packages/airflow/example_dags/example_branch_operator_decorator.py took 0.226 seconds
[2023-07-04T00:10:06.384+0000] {processor.py:157} INFO - Started process (PID=384) to work on /home/airflow/.local/lib/python3.7/site-packages/airflow/example_dags/example_branch_operator_decorator.py
[2023-07-04T00:10:06.386+0000] {processor.py:826} INFO - Processing file /home/airflow/.local/lib/python3.7/site-packages/airflow/example_dags/example_branch_operator_decorator.py for tasks to queue
[2023-07-04T00:10:06.387+0000] {logging_mixin.py:149} INFO - [2023-07-04T00:10:06.387+0000] {dagbag.py:541} INFO - Filling up the DagBag from /home/airflow/.local/lib/python3.7/site-packages/airflow/example_dags/example_branch_operator_decorator.py
[2023-07-04T00:10:06.406+0000] {processor.py:836} INFO - DAG(s) dict_keys(['example_branch_python_operator_decorator']) retrieved from /home/airflow/.local/lib/python3.7/site-packages/airflow/example_dags/example_branch_operator_decorator.py
[2023-07-04T00:10:06.483+0000] {logging_mixin.py:149} INFO - [2023-07-04T00:10:06.483+0000] {dag.py:2726} INFO - Sync 1 DAGs
[2023-07-04T00:10:06.584+0000] {logging_mixin.py:149} INFO - [2023-07-04T00:10:06.584+0000] {dag.py:3490} INFO - Setting next_dagrun for example_branch_python_operator_decorator to 2023-07-03T00:00:00+00:00, run_after=2023-07-04T00:00:00+00:00
[2023-07-04T00:10:06.632+0000] {processor.py:179} INFO - Processing /home/airflow/.local/lib/python3.7/site-packages/airflow/example_dags/example_branch_operator_decorator.py took 0.254 seconds
[2023-07-04T00:10:36.930+0000] {processor.py:157} INFO - Started process (PID=440) to work on /home/airflow/.local/lib/python3.7/site-packages/airflow/example_dags/example_branch_operator_decorator.py
[2023-07-04T00:10:36.932+0000] {processor.py:826} INFO - Processing file /home/airflow/.local/lib/python3.7/site-packages/airflow/example_dags/example_branch_operator_decorator.py for tasks to queue
[2023-07-04T00:10:36.933+0000] {logging_mixin.py:149} INFO - [2023-07-04T00:10:36.933+0000] {dagbag.py:541} INFO - Filling up the DagBag from /home/airflow/.local/lib/python3.7/site-packages/airflow/example_dags/example_branch_operator_decorator.py
[2023-07-04T00:10:36.953+0000] {processor.py:836} INFO - DAG(s) dict_keys(['example_branch_python_operator_decorator']) retrieved from /home/airflow/.local/lib/python3.7/site-packages/airflow/example_dags/example_branch_operator_decorator.py
[2023-07-04T00:10:37.007+0000] {logging_mixin.py:149} INFO - [2023-07-04T00:10:37.006+0000] {dag.py:2726} INFO - Sync 1 DAGs
[2023-07-04T00:10:37.067+0000] {logging_mixin.py:149} INFO - [2023-07-04T00:10:37.066+0000] {dag.py:3490} INFO - Setting next_dagrun for example_branch_python_operator_decorator to 2023-07-03T00:00:00+00:00, run_after=2023-07-04T00:00:00+00:00
[2023-07-04T00:10:37.107+0000] {processor.py:179} INFO - Processing /home/airflow/.local/lib/python3.7/site-packages/airflow/example_dags/example_branch_operator_decorator.py took 0.186 seconds
[2023-07-04T00:11:07.527+0000] {processor.py:157} INFO - Started process (PID=497) to work on /home/airflow/.local/lib/python3.7/site-packages/airflow/example_dags/example_branch_operator_decorator.py
[2023-07-04T00:11:07.529+0000] {processor.py:826} INFO - Processing file /home/airflow/.local/lib/python3.7/site-packages/airflow/example_dags/example_branch_operator_decorator.py for tasks to queue
[2023-07-04T00:11:07.531+0000] {logging_mixin.py:149} INFO - [2023-07-04T00:11:07.531+0000] {dagbag.py:541} INFO - Filling up the DagBag from /home/airflow/.local/lib/python3.7/site-packages/airflow/example_dags/example_branch_operator_decorator.py
[2023-07-04T00:11:07.556+0000] {processor.py:836} INFO - DAG(s) dict_keys(['example_branch_python_operator_decorator']) retrieved from /home/airflow/.local/lib/python3.7/site-packages/airflow/example_dags/example_branch_operator_decorator.py
[2023-07-04T00:11:07.612+0000] {logging_mixin.py:149} INFO - [2023-07-04T00:11:07.612+0000] {dag.py:2726} INFO - Sync 1 DAGs
[2023-07-04T00:11:07.675+0000] {logging_mixin.py:149} INFO - [2023-07-04T00:11:07.675+0000] {dag.py:3490} INFO - Setting next_dagrun for example_branch_python_operator_decorator to 2023-07-03T00:00:00+00:00, run_after=2023-07-04T00:00:00+00:00
[2023-07-04T00:11:07.716+0000] {processor.py:179} INFO - Processing /home/airflow/.local/lib/python3.7/site-packages/airflow/example_dags/example_branch_operator_decorator.py took 0.196 seconds
[2023-07-04T00:11:38.495+0000] {processor.py:157} INFO - Started process (PID=554) to work on /home/airflow/.local/lib/python3.7/site-packages/airflow/example_dags/example_branch_operator_decorator.py
[2023-07-04T00:11:38.497+0000] {processor.py:826} INFO - Processing file /home/airflow/.local/lib/python3.7/site-packages/airflow/example_dags/example_branch_operator_decorator.py for tasks to queue
[2023-07-04T00:11:38.499+0000] {logging_mixin.py:149} INFO - [2023-07-04T00:11:38.498+0000] {dagbag.py:541} INFO - Filling up the DagBag from /home/airflow/.local/lib/python3.7/site-packages/airflow/example_dags/example_branch_operator_decorator.py
[2023-07-04T00:11:38.523+0000] {processor.py:836} INFO - DAG(s) dict_keys(['example_branch_python_operator_decorator']) retrieved from /home/airflow/.local/lib/python3.7/site-packages/airflow/example_dags/example_branch_operator_decorator.py
[2023-07-04T00:11:38.579+0000] {logging_mixin.py:149} INFO - [2023-07-04T00:11:38.578+0000] {dag.py:2726} INFO - Sync 1 DAGs
[2023-07-04T00:11:38.639+0000] {logging_mixin.py:149} INFO - [2023-07-04T00:11:38.639+0000] {dag.py:3490} INFO - Setting next_dagrun for example_branch_python_operator_decorator to 2023-07-03T00:00:00+00:00, run_after=2023-07-04T00:00:00+00:00
[2023-07-04T00:11:38.687+0000] {processor.py:179} INFO - Processing /home/airflow/.local/lib/python3.7/site-packages/airflow/example_dags/example_branch_operator_decorator.py took 0.199 seconds
[2023-07-04T00:12:09.041+0000] {processor.py:157} INFO - Started process (PID=611) to work on /home/airflow/.local/lib/python3.7/site-packages/airflow/example_dags/example_branch_operator_decorator.py
[2023-07-04T00:12:09.042+0000] {processor.py:826} INFO - Processing file /home/airflow/.local/lib/python3.7/site-packages/airflow/example_dags/example_branch_operator_decorator.py for tasks to queue
[2023-07-04T00:12:09.043+0000] {logging_mixin.py:149} INFO - [2023-07-04T00:12:09.043+0000] {dagbag.py:541} INFO - Filling up the DagBag from /home/airflow/.local/lib/python3.7/site-packages/airflow/example_dags/example_branch_operator_decorator.py
[2023-07-04T00:12:09.060+0000] {processor.py:836} INFO - DAG(s) dict_keys(['example_branch_python_operator_decorator']) retrieved from /home/airflow/.local/lib/python3.7/site-packages/airflow/example_dags/example_branch_operator_decorator.py
[2023-07-04T00:12:09.110+0000] {logging_mixin.py:149} INFO - [2023-07-04T00:12:09.110+0000] {dag.py:2726} INFO - Sync 1 DAGs
[2023-07-04T00:12:09.161+0000] {logging_mixin.py:149} INFO - [2023-07-04T00:12:09.161+0000] {dag.py:3490} INFO - Setting next_dagrun for example_branch_python_operator_decorator to 2023-07-03T00:00:00+00:00, run_after=2023-07-04T00:00:00+00:00
[2023-07-04T00:12:09.198+0000] {processor.py:179} INFO - Processing /home/airflow/.local/lib/python3.7/site-packages/airflow/example_dags/example_branch_operator_decorator.py took 0.164 seconds
[2023-07-04T00:12:40.895+0000] {processor.py:157} INFO - Started process (PID=675) to work on /home/airflow/.local/lib/python3.7/site-packages/airflow/example_dags/example_branch_operator_decorator.py
[2023-07-04T00:12:40.896+0000] {processor.py:826} INFO - Processing file /home/airflow/.local/lib/python3.7/site-packages/airflow/example_dags/example_branch_operator_decorator.py for tasks to queue
[2023-07-04T00:12:40.898+0000] {logging_mixin.py:149} INFO - [2023-07-04T00:12:40.898+0000] {dagbag.py:541} INFO - Filling up the DagBag from /home/airflow/.local/lib/python3.7/site-packages/airflow/example_dags/example_branch_operator_decorator.py
[2023-07-04T00:12:40.928+0000] {processor.py:836} INFO - DAG(s) dict_keys(['example_branch_python_operator_decorator']) retrieved from /home/airflow/.local/lib/python3.7/site-packages/airflow/example_dags/example_branch_operator_decorator.py
[2023-07-04T00:12:41.008+0000] {logging_mixin.py:149} INFO - [2023-07-04T00:12:41.008+0000] {dag.py:2726} INFO - Sync 1 DAGs
[2023-07-04T00:12:41.066+0000] {logging_mixin.py:149} INFO - [2023-07-04T00:12:41.065+0000] {dag.py:3490} INFO - Setting next_dagrun for example_branch_python_operator_decorator to 2023-07-03T00:00:00+00:00, run_after=2023-07-04T00:00:00+00:00
[2023-07-04T00:12:41.099+0000] {processor.py:179} INFO - Processing /home/airflow/.local/lib/python3.7/site-packages/airflow/example_dags/example_branch_operator_decorator.py took 0.210 seconds
[2023-07-04T00:13:11.179+0000] {processor.py:157} INFO - Started process (PID=732) to work on /home/airflow/.local/lib/python3.7/site-packages/airflow/example_dags/example_branch_operator_decorator.py
[2023-07-04T00:13:11.181+0000] {processor.py:826} INFO - Processing file /home/airflow/.local/lib/python3.7/site-packages/airflow/example_dags/example_branch_operator_decorator.py for tasks to queue
[2023-07-04T00:13:11.183+0000] {logging_mixin.py:149} INFO - [2023-07-04T00:13:11.183+0000] {dagbag.py:541} INFO - Filling up the DagBag from /home/airflow/.local/lib/python3.7/site-packages/airflow/example_dags/example_branch_operator_decorator.py
[2023-07-04T00:13:11.217+0000] {processor.py:836} INFO - DAG(s) dict_keys(['example_branch_python_operator_decorator']) retrieved from /home/airflow/.local/lib/python3.7/site-packages/airflow/example_dags/example_branch_operator_decorator.py
[2023-07-04T00:13:11.329+0000] {logging_mixin.py:149} INFO - [2023-07-04T00:13:11.329+0000] {dag.py:2726} INFO - Sync 1 DAGs
[2023-07-04T00:13:11.450+0000] {logging_mixin.py:149} INFO - [2023-07-04T00:13:11.450+0000] {dag.py:3490} INFO - Setting next_dagrun for example_branch_python_operator_decorator to 2023-07-03T00:00:00+00:00, run_after=2023-07-04T00:00:00+00:00
[2023-07-04T00:13:11.566+0000] {processor.py:179} INFO - Processing /home/airflow/.local/lib/python3.7/site-packages/airflow/example_dags/example_branch_operator_decorator.py took 0.399 seconds
[2023-07-04T00:13:42.378+0000] {processor.py:157} INFO - Started process (PID=789) to work on /home/airflow/.local/lib/python3.7/site-packages/airflow/example_dags/example_branch_operator_decorator.py
[2023-07-04T00:13:42.380+0000] {processor.py:826} INFO - Processing file /home/airflow/.local/lib/python3.7/site-packages/airflow/example_dags/example_branch_operator_decorator.py for tasks to queue
[2023-07-04T00:13:42.381+0000] {logging_mixin.py:149} INFO - [2023-07-04T00:13:42.381+0000] {dagbag.py:541} INFO - Filling up the DagBag from /home/airflow/.local/lib/python3.7/site-packages/airflow/example_dags/example_branch_operator_decorator.py
[2023-07-04T00:13:42.404+0000] {processor.py:836} INFO - DAG(s) dict_keys(['example_branch_python_operator_decorator']) retrieved from /home/airflow/.local/lib/python3.7/site-packages/airflow/example_dags/example_branch_operator_decorator.py
[2023-07-04T00:13:42.461+0000] {logging_mixin.py:149} INFO - [2023-07-04T00:13:42.461+0000] {dag.py:2726} INFO - Sync 1 DAGs
[2023-07-04T00:13:42.513+0000] {logging_mixin.py:149} INFO - [2023-07-04T00:13:42.513+0000] {dag.py:3490} INFO - Setting next_dagrun for example_branch_python_operator_decorator to 2023-07-03T00:00:00+00:00, run_after=2023-07-04T00:00:00+00:00
[2023-07-04T00:13:42.560+0000] {processor.py:179} INFO - Processing /home/airflow/.local/lib/python3.7/site-packages/airflow/example_dags/example_branch_operator_decorator.py took 0.188 seconds
[2023-07-04T00:14:12.855+0000] {processor.py:157} INFO - Started process (PID=846) to work on /home/airflow/.local/lib/python3.7/site-packages/airflow/example_dags/example_branch_operator_decorator.py
[2023-07-04T00:14:12.856+0000] {processor.py:826} INFO - Processing file /home/airflow/.local/lib/python3.7/site-packages/airflow/example_dags/example_branch_operator_decorator.py for tasks to queue
[2023-07-04T00:14:12.858+0000] {logging_mixin.py:149} INFO - [2023-07-04T00:14:12.857+0000] {dagbag.py:541} INFO - Filling up the DagBag from /home/airflow/.local/lib/python3.7/site-packages/airflow/example_dags/example_branch_operator_decorator.py
[2023-07-04T00:14:12.877+0000] {processor.py:836} INFO - DAG(s) dict_keys(['example_branch_python_operator_decorator']) retrieved from /home/airflow/.local/lib/python3.7/site-packages/airflow/example_dags/example_branch_operator_decorator.py
[2023-07-04T00:14:12.933+0000] {logging_mixin.py:149} INFO - [2023-07-04T00:14:12.933+0000] {dag.py:2726} INFO - Sync 1 DAGs
[2023-07-04T00:14:12.990+0000] {logging_mixin.py:149} INFO - [2023-07-04T00:14:12.990+0000] {dag.py:3490} INFO - Setting next_dagrun for example_branch_python_operator_decorator to 2023-07-03T00:00:00+00:00, run_after=2023-07-04T00:00:00+00:00
[2023-07-04T00:14:13.031+0000] {processor.py:179} INFO - Processing /home/airflow/.local/lib/python3.7/site-packages/airflow/example_dags/example_branch_operator_decorator.py took 0.184 seconds
[2023-07-04T00:14:43.735+0000] {processor.py:157} INFO - Started process (PID=903) to work on /home/airflow/.local/lib/python3.7/site-packages/airflow/example_dags/example_branch_operator_decorator.py
[2023-07-04T00:14:43.737+0000] {processor.py:826} INFO - Processing file /home/airflow/.local/lib/python3.7/site-packages/airflow/example_dags/example_branch_operator_decorator.py for tasks to queue
[2023-07-04T00:14:43.738+0000] {logging_mixin.py:149} INFO - [2023-07-04T00:14:43.737+0000] {dagbag.py:541} INFO - Filling up the DagBag from /home/airflow/.local/lib/python3.7/site-packages/airflow/example_dags/example_branch_operator_decorator.py
[2023-07-04T00:14:43.753+0000] {processor.py:836} INFO - DAG(s) dict_keys(['example_branch_python_operator_decorator']) retrieved from /home/airflow/.local/lib/python3.7/site-packages/airflow/example_dags/example_branch_operator_decorator.py
[2023-07-04T00:14:43.804+0000] {logging_mixin.py:149} INFO - [2023-07-04T00:14:43.804+0000] {dag.py:2726} INFO - Sync 1 DAGs
[2023-07-04T00:14:43.865+0000] {logging_mixin.py:149} INFO - [2023-07-04T00:14:43.864+0000] {dag.py:3490} INFO - Setting next_dagrun for example_branch_python_operator_decorator to 2023-07-03T00:00:00+00:00, run_after=2023-07-04T00:00:00+00:00
[2023-07-04T00:14:43.922+0000] {processor.py:179} INFO - Processing /home/airflow/.local/lib/python3.7/site-packages/airflow/example_dags/example_branch_operator_decorator.py took 0.193 seconds
[2023-07-04T00:15:14.422+0000] {processor.py:157} INFO - Started process (PID=960) to work on /home/airflow/.local/lib/python3.7/site-packages/airflow/example_dags/example_branch_operator_decorator.py
[2023-07-04T00:15:14.424+0000] {processor.py:826} INFO - Processing file /home/airflow/.local/lib/python3.7/site-packages/airflow/example_dags/example_branch_operator_decorator.py for tasks to queue
[2023-07-04T00:15:14.426+0000] {logging_mixin.py:149} INFO - [2023-07-04T00:15:14.426+0000] {dagbag.py:541} INFO - Filling up the DagBag from /home/airflow/.local/lib/python3.7/site-packages/airflow/example_dags/example_branch_operator_decorator.py
[2023-07-04T00:15:14.448+0000] {processor.py:836} INFO - DAG(s) dict_keys(['example_branch_python_operator_decorator']) retrieved from /home/airflow/.local/lib/python3.7/site-packages/airflow/example_dags/example_branch_operator_decorator.py
[2023-07-04T00:15:14.499+0000] {logging_mixin.py:149} INFO - [2023-07-04T00:15:14.498+0000] {dag.py:2726} INFO - Sync 1 DAGs
[2023-07-04T00:15:14.562+0000] {logging_mixin.py:149} INFO - [2023-07-04T00:15:14.562+0000] {dag.py:3490} INFO - Setting next_dagrun for example_branch_python_operator_decorator to 2023-07-03T00:00:00+00:00, run_after=2023-07-04T00:00:00+00:00
[2023-07-04T00:15:14.602+0000] {processor.py:179} INFO - Processing /home/airflow/.local/lib/python3.7/site-packages/airflow/example_dags/example_branch_operator_decorator.py took 0.186 seconds
[2023-07-04T00:15:45.121+0000] {processor.py:157} INFO - Started process (PID=1018) to work on /home/airflow/.local/lib/python3.7/site-packages/airflow/example_dags/example_branch_operator_decorator.py
[2023-07-04T00:15:45.125+0000] {processor.py:826} INFO - Processing file /home/airflow/.local/lib/python3.7/site-packages/airflow/example_dags/example_branch_operator_decorator.py for tasks to queue
[2023-07-04T00:15:45.129+0000] {logging_mixin.py:149} INFO - [2023-07-04T00:15:45.128+0000] {dagbag.py:541} INFO - Filling up the DagBag from /home/airflow/.local/lib/python3.7/site-packages/airflow/example_dags/example_branch_operator_decorator.py
[2023-07-04T00:15:45.160+0000] {processor.py:836} INFO - DAG(s) dict_keys(['example_branch_python_operator_decorator']) retrieved from /home/airflow/.local/lib/python3.7/site-packages/airflow/example_dags/example_branch_operator_decorator.py
[2023-07-04T00:15:45.227+0000] {logging_mixin.py:149} INFO - [2023-07-04T00:15:45.226+0000] {dag.py:2726} INFO - Sync 1 DAGs
[2023-07-04T00:15:45.300+0000] {logging_mixin.py:149} INFO - [2023-07-04T00:15:45.299+0000] {dag.py:3490} INFO - Setting next_dagrun for example_branch_python_operator_decorator to 2023-07-03T00:00:00+00:00, run_after=2023-07-04T00:00:00+00:00
[2023-07-04T00:15:45.379+0000] {processor.py:179} INFO - Processing /home/airflow/.local/lib/python3.7/site-packages/airflow/example_dags/example_branch_operator_decorator.py took 0.273 seconds
[2023-07-04T00:16:15.589+0000] {processor.py:157} INFO - Started process (PID=1075) to work on /home/airflow/.local/lib/python3.7/site-packages/airflow/example_dags/example_branch_operator_decorator.py
[2023-07-04T00:16:15.591+0000] {processor.py:826} INFO - Processing file /home/airflow/.local/lib/python3.7/site-packages/airflow/example_dags/example_branch_operator_decorator.py for tasks to queue
[2023-07-04T00:16:15.593+0000] {logging_mixin.py:149} INFO - [2023-07-04T00:16:15.593+0000] {dagbag.py:541} INFO - Filling up the DagBag from /home/airflow/.local/lib/python3.7/site-packages/airflow/example_dags/example_branch_operator_decorator.py
[2023-07-04T00:16:15.633+0000] {processor.py:836} INFO - DAG(s) dict_keys(['example_branch_python_operator_decorator']) retrieved from /home/airflow/.local/lib/python3.7/site-packages/airflow/example_dags/example_branch_operator_decorator.py
[2023-07-04T00:16:15.727+0000] {logging_mixin.py:149} INFO - [2023-07-04T00:16:15.726+0000] {dag.py:2726} INFO - Sync 1 DAGs
[2023-07-04T00:16:15.831+0000] {logging_mixin.py:149} INFO - [2023-07-04T00:16:15.831+0000] {dag.py:3490} INFO - Setting next_dagrun for example_branch_python_operator_decorator to 2023-07-03T00:00:00+00:00, run_after=2023-07-04T00:00:00+00:00
[2023-07-04T00:16:15.866+0000] {processor.py:179} INFO - Processing /home/airflow/.local/lib/python3.7/site-packages/airflow/example_dags/example_branch_operator_decorator.py took 0.287 seconds
[2023-07-04T00:16:46.475+0000] {processor.py:157} INFO - Started process (PID=1132) to work on /home/airflow/.local/lib/python3.7/site-packages/airflow/example_dags/example_branch_operator_decorator.py
[2023-07-04T00:16:46.477+0000] {processor.py:826} INFO - Processing file /home/airflow/.local/lib/python3.7/site-packages/airflow/example_dags/example_branch_operator_decorator.py for tasks to queue
[2023-07-04T00:16:46.479+0000] {logging_mixin.py:149} INFO - [2023-07-04T00:16:46.479+0000] {dagbag.py:541} INFO - Filling up the DagBag from /home/airflow/.local/lib/python3.7/site-packages/airflow/example_dags/example_branch_operator_decorator.py
[2023-07-04T00:16:46.511+0000] {processor.py:836} INFO - DAG(s) dict_keys(['example_branch_python_operator_decorator']) retrieved from /home/airflow/.local/lib/python3.7/site-packages/airflow/example_dags/example_branch_operator_decorator.py
[2023-07-04T00:16:46.580+0000] {logging_mixin.py:149} INFO - [2023-07-04T00:16:46.580+0000] {dag.py:2726} INFO - Sync 1 DAGs
[2023-07-04T00:16:46.655+0000] {logging_mixin.py:149} INFO - [2023-07-04T00:16:46.655+0000] {dag.py:3490} INFO - Setting next_dagrun for example_branch_python_operator_decorator to 2023-07-03T00:00:00+00:00, run_after=2023-07-04T00:00:00+00:00
[2023-07-04T00:16:46.700+0000] {processor.py:179} INFO - Processing /home/airflow/.local/lib/python3.7/site-packages/airflow/example_dags/example_branch_operator_decorator.py took 0.235 seconds
[2023-07-04T00:17:17.306+0000] {processor.py:157} INFO - Started process (PID=1189) to work on /home/airflow/.local/lib/python3.7/site-packages/airflow/example_dags/example_branch_operator_decorator.py
[2023-07-04T00:17:17.307+0000] {processor.py:826} INFO - Processing file /home/airflow/.local/lib/python3.7/site-packages/airflow/example_dags/example_branch_operator_decorator.py for tasks to queue
[2023-07-04T00:17:17.309+0000] {logging_mixin.py:149} INFO - [2023-07-04T00:17:17.308+0000] {dagbag.py:541} INFO - Filling up the DagBag from /home/airflow/.local/lib/python3.7/site-packages/airflow/example_dags/example_branch_operator_decorator.py
[2023-07-04T00:17:17.331+0000] {processor.py:836} INFO - DAG(s) dict_keys(['example_branch_python_operator_decorator']) retrieved from /home/airflow/.local/lib/python3.7/site-packages/airflow/example_dags/example_branch_operator_decorator.py
[2023-07-04T00:17:17.385+0000] {logging_mixin.py:149} INFO - [2023-07-04T00:17:17.384+0000] {dag.py:2726} INFO - Sync 1 DAGs
[2023-07-04T00:17:17.442+0000] {logging_mixin.py:149} INFO - [2023-07-04T00:17:17.442+0000] {dag.py:3490} INFO - Setting next_dagrun for example_branch_python_operator_decorator to 2023-07-03T00:00:00+00:00, run_after=2023-07-04T00:00:00+00:00
[2023-07-04T00:17:17.481+0000] {processor.py:179} INFO - Processing /home/airflow/.local/lib/python3.7/site-packages/airflow/example_dags/example_branch_operator_decorator.py took 0.181 seconds
[2023-07-04T00:17:47.581+0000] {processor.py:157} INFO - Started process (PID=1246) to work on /home/airflow/.local/lib/python3.7/site-packages/airflow/example_dags/example_branch_operator_decorator.py
[2023-07-04T00:17:47.584+0000] {processor.py:826} INFO - Processing file /home/airflow/.local/lib/python3.7/site-packages/airflow/example_dags/example_branch_operator_decorator.py for tasks to queue
[2023-07-04T00:17:47.586+0000] {logging_mixin.py:149} INFO - [2023-07-04T00:17:47.586+0000] {dagbag.py:541} INFO - Filling up the DagBag from /home/airflow/.local/lib/python3.7/site-packages/airflow/example_dags/example_branch_operator_decorator.py
[2023-07-04T00:17:47.609+0000] {processor.py:836} INFO - DAG(s) dict_keys(['example_branch_python_operator_decorator']) retrieved from /home/airflow/.local/lib/python3.7/site-packages/airflow/example_dags/example_branch_operator_decorator.py
[2023-07-04T00:17:47.687+0000] {logging_mixin.py:149} INFO - [2023-07-04T00:17:47.686+0000] {dag.py:2726} INFO - Sync 1 DAGs
[2023-07-04T00:17:47.777+0000] {logging_mixin.py:149} INFO - [2023-07-04T00:17:47.777+0000] {dag.py:3490} INFO - Setting next_dagrun for example_branch_python_operator_decorator to 2023-07-03T00:00:00+00:00, run_after=2023-07-04T00:00:00+00:00
[2023-07-04T00:17:47.822+0000] {processor.py:179} INFO - Processing /home/airflow/.local/lib/python3.7/site-packages/airflow/example_dags/example_branch_operator_decorator.py took 0.249 seconds
[2023-07-04T00:18:17.963+0000] {processor.py:157} INFO - Started process (PID=1303) to work on /home/airflow/.local/lib/python3.7/site-packages/airflow/example_dags/example_branch_operator_decorator.py
[2023-07-04T00:18:17.965+0000] {processor.py:826} INFO - Processing file /home/airflow/.local/lib/python3.7/site-packages/airflow/example_dags/example_branch_operator_decorator.py for tasks to queue
[2023-07-04T00:18:17.967+0000] {logging_mixin.py:149} INFO - [2023-07-04T00:18:17.967+0000] {dagbag.py:541} INFO - Filling up the DagBag from /home/airflow/.local/lib/python3.7/site-packages/airflow/example_dags/example_branch_operator_decorator.py
[2023-07-04T00:18:17.990+0000] {processor.py:836} INFO - DAG(s) dict_keys(['example_branch_python_operator_decorator']) retrieved from /home/airflow/.local/lib/python3.7/site-packages/airflow/example_dags/example_branch_operator_decorator.py
[2023-07-04T00:18:18.058+0000] {logging_mixin.py:149} INFO - [2023-07-04T00:18:18.058+0000] {dag.py:2726} INFO - Sync 1 DAGs
[2023-07-04T00:18:18.123+0000] {logging_mixin.py:149} INFO - [2023-07-04T00:18:18.123+0000] {dag.py:3490} INFO - Setting next_dagrun for example_branch_python_operator_decorator to 2023-07-03T00:00:00+00:00, run_after=2023-07-04T00:00:00+00:00
[2023-07-04T00:18:18.161+0000] {processor.py:179} INFO - Processing /home/airflow/.local/lib/python3.7/site-packages/airflow/example_dags/example_branch_operator_decorator.py took 0.207 seconds
[2023-07-04T00:18:48.484+0000] {processor.py:157} INFO - Started process (PID=1359) to work on /home/airflow/.local/lib/python3.7/site-packages/airflow/example_dags/example_branch_operator_decorator.py
[2023-07-04T00:18:48.487+0000] {processor.py:826} INFO - Processing file /home/airflow/.local/lib/python3.7/site-packages/airflow/example_dags/example_branch_operator_decorator.py for tasks to queue
[2023-07-04T00:18:48.489+0000] {logging_mixin.py:149} INFO - [2023-07-04T00:18:48.489+0000] {dagbag.py:541} INFO - Filling up the DagBag from /home/airflow/.local/lib/python3.7/site-packages/airflow/example_dags/example_branch_operator_decorator.py
[2023-07-04T00:18:48.521+0000] {processor.py:836} INFO - DAG(s) dict_keys(['example_branch_python_operator_decorator']) retrieved from /home/airflow/.local/lib/python3.7/site-packages/airflow/example_dags/example_branch_operator_decorator.py
[2023-07-04T00:18:48.607+0000] {logging_mixin.py:149} INFO - [2023-07-04T00:18:48.607+0000] {dag.py:2726} INFO - Sync 1 DAGs
[2023-07-04T00:18:48.677+0000] {logging_mixin.py:149} INFO - [2023-07-04T00:18:48.677+0000] {dag.py:3490} INFO - Setting next_dagrun for example_branch_python_operator_decorator to 2023-07-03T00:00:00+00:00, run_after=2023-07-04T00:00:00+00:00
[2023-07-04T00:18:48.741+0000] {processor.py:179} INFO - Processing /home/airflow/.local/lib/python3.7/site-packages/airflow/example_dags/example_branch_operator_decorator.py took 0.267 seconds
[2023-07-04T00:19:19.058+0000] {processor.py:157} INFO - Started process (PID=1417) to work on /home/airflow/.local/lib/python3.7/site-packages/airflow/example_dags/example_branch_operator_decorator.py
[2023-07-04T00:19:19.060+0000] {processor.py:826} INFO - Processing file /home/airflow/.local/lib/python3.7/site-packages/airflow/example_dags/example_branch_operator_decorator.py for tasks to queue
[2023-07-04T00:19:19.061+0000] {logging_mixin.py:149} INFO - [2023-07-04T00:19:19.061+0000] {dagbag.py:541} INFO - Filling up the DagBag from /home/airflow/.local/lib/python3.7/site-packages/airflow/example_dags/example_branch_operator_decorator.py
[2023-07-04T00:19:19.085+0000] {processor.py:836} INFO - DAG(s) dict_keys(['example_branch_python_operator_decorator']) retrieved from /home/airflow/.local/lib/python3.7/site-packages/airflow/example_dags/example_branch_operator_decorator.py
[2023-07-04T00:19:19.149+0000] {logging_mixin.py:149} INFO - [2023-07-04T00:19:19.149+0000] {dag.py:2726} INFO - Sync 1 DAGs
[2023-07-04T00:19:19.202+0000] {logging_mixin.py:149} INFO - [2023-07-04T00:19:19.202+0000] {dag.py:3490} INFO - Setting next_dagrun for example_branch_python_operator_decorator to 2023-07-03T00:00:00+00:00, run_after=2023-07-04T00:00:00+00:00
[2023-07-04T00:19:19.251+0000] {processor.py:179} INFO - Processing /home/airflow/.local/lib/python3.7/site-packages/airflow/example_dags/example_branch_operator_decorator.py took 0.200 seconds
[2023-07-04T00:19:49.817+0000] {processor.py:157} INFO - Started process (PID=1474) to work on /home/airflow/.local/lib/python3.7/site-packages/airflow/example_dags/example_branch_operator_decorator.py
[2023-07-04T00:19:49.818+0000] {processor.py:826} INFO - Processing file /home/airflow/.local/lib/python3.7/site-packages/airflow/example_dags/example_branch_operator_decorator.py for tasks to queue
[2023-07-04T00:19:49.820+0000] {logging_mixin.py:149} INFO - [2023-07-04T00:19:49.819+0000] {dagbag.py:541} INFO - Filling up the DagBag from /home/airflow/.local/lib/python3.7/site-packages/airflow/example_dags/example_branch_operator_decorator.py
[2023-07-04T00:19:49.843+0000] {processor.py:836} INFO - DAG(s) dict_keys(['example_branch_python_operator_decorator']) retrieved from /home/airflow/.local/lib/python3.7/site-packages/airflow/example_dags/example_branch_operator_decorator.py
[2023-07-04T00:19:49.914+0000] {logging_mixin.py:149} INFO - [2023-07-04T00:19:49.914+0000] {dag.py:2726} INFO - Sync 1 DAGs
[2023-07-04T00:19:49.995+0000] {logging_mixin.py:149} INFO - [2023-07-04T00:19:49.995+0000] {dag.py:3490} INFO - Setting next_dagrun for example_branch_python_operator_decorator to 2023-07-03T00:00:00+00:00, run_after=2023-07-04T00:00:00+00:00
[2023-07-04T00:19:50.034+0000] {processor.py:179} INFO - Processing /home/airflow/.local/lib/python3.7/site-packages/airflow/example_dags/example_branch_operator_decorator.py took 0.225 seconds
[2023-07-04T00:20:20.191+0000] {processor.py:157} INFO - Started process (PID=1531) to work on /home/airflow/.local/lib/python3.7/site-packages/airflow/example_dags/example_branch_operator_decorator.py
[2023-07-04T00:20:20.193+0000] {processor.py:826} INFO - Processing file /home/airflow/.local/lib/python3.7/site-packages/airflow/example_dags/example_branch_operator_decorator.py for tasks to queue
[2023-07-04T00:20:20.194+0000] {logging_mixin.py:149} INFO - [2023-07-04T00:20:20.194+0000] {dagbag.py:541} INFO - Filling up the DagBag from /home/airflow/.local/lib/python3.7/site-packages/airflow/example_dags/example_branch_operator_decorator.py
[2023-07-04T00:20:20.218+0000] {processor.py:836} INFO - DAG(s) dict_keys(['example_branch_python_operator_decorator']) retrieved from /home/airflow/.local/lib/python3.7/site-packages/airflow/example_dags/example_branch_operator_decorator.py
[2023-07-04T00:20:20.281+0000] {logging_mixin.py:149} INFO - [2023-07-04T00:20:20.281+0000] {dag.py:2726} INFO - Sync 1 DAGs
[2023-07-04T00:20:20.357+0000] {logging_mixin.py:149} INFO - [2023-07-04T00:20:20.357+0000] {dag.py:3490} INFO - Setting next_dagrun for example_branch_python_operator_decorator to 2023-07-03T00:00:00+00:00, run_after=2023-07-04T00:00:00+00:00
[2023-07-04T00:20:20.412+0000] {processor.py:179} INFO - Processing /home/airflow/.local/lib/python3.7/site-packages/airflow/example_dags/example_branch_operator_decorator.py took 0.229 seconds
[2023-07-04T00:20:51.198+0000] {processor.py:157} INFO - Started process (PID=1588) to work on /home/airflow/.local/lib/python3.7/site-packages/airflow/example_dags/example_branch_operator_decorator.py
[2023-07-04T00:20:51.200+0000] {processor.py:826} INFO - Processing file /home/airflow/.local/lib/python3.7/site-packages/airflow/example_dags/example_branch_operator_decorator.py for tasks to queue
[2023-07-04T00:20:51.201+0000] {logging_mixin.py:149} INFO - [2023-07-04T00:20:51.200+0000] {dagbag.py:541} INFO - Filling up the DagBag from /home/airflow/.local/lib/python3.7/site-packages/airflow/example_dags/example_branch_operator_decorator.py
[2023-07-04T00:20:51.226+0000] {processor.py:836} INFO - DAG(s) dict_keys(['example_branch_python_operator_decorator']) retrieved from /home/airflow/.local/lib/python3.7/site-packages/airflow/example_dags/example_branch_operator_decorator.py
[2023-07-04T00:20:51.302+0000] {logging_mixin.py:149} INFO - [2023-07-04T00:20:51.302+0000] {dag.py:2726} INFO - Sync 1 DAGs
[2023-07-04T00:20:51.360+0000] {logging_mixin.py:149} INFO - [2023-07-04T00:20:51.360+0000] {dag.py:3490} INFO - Setting next_dagrun for example_branch_python_operator_decorator to 2023-07-03T00:00:00+00:00, run_after=2023-07-04T00:00:00+00:00
[2023-07-04T00:20:51.411+0000] {processor.py:179} INFO - Processing /home/airflow/.local/lib/python3.7/site-packages/airflow/example_dags/example_branch_operator_decorator.py took 0.221 seconds
[2023-07-04T00:21:21.531+0000] {processor.py:157} INFO - Started process (PID=1644) to work on /home/airflow/.local/lib/python3.7/site-packages/airflow/example_dags/example_branch_operator_decorator.py
[2023-07-04T00:21:21.533+0000] {processor.py:826} INFO - Processing file /home/airflow/.local/lib/python3.7/site-packages/airflow/example_dags/example_branch_operator_decorator.py for tasks to queue
[2023-07-04T00:21:21.535+0000] {logging_mixin.py:149} INFO - [2023-07-04T00:21:21.534+0000] {dagbag.py:541} INFO - Filling up the DagBag from /home/airflow/.local/lib/python3.7/site-packages/airflow/example_dags/example_branch_operator_decorator.py
[2023-07-04T00:21:21.554+0000] {processor.py:836} INFO - DAG(s) dict_keys(['example_branch_python_operator_decorator']) retrieved from /home/airflow/.local/lib/python3.7/site-packages/airflow/example_dags/example_branch_operator_decorator.py
[2023-07-04T00:21:21.608+0000] {logging_mixin.py:149} INFO - [2023-07-04T00:21:21.607+0000] {dag.py:2726} INFO - Sync 1 DAGs
[2023-07-04T00:21:21.658+0000] {logging_mixin.py:149} INFO - [2023-07-04T00:21:21.658+0000] {dag.py:3490} INFO - Setting next_dagrun for example_branch_python_operator_decorator to 2023-07-03T00:00:00+00:00, run_after=2023-07-04T00:00:00+00:00
[2023-07-04T00:21:21.692+0000] {processor.py:179} INFO - Processing /home/airflow/.local/lib/python3.7/site-packages/airflow/example_dags/example_branch_operator_decorator.py took 0.166 seconds
[2023-07-04T00:21:51.804+0000] {processor.py:157} INFO - Started process (PID=1701) to work on /home/airflow/.local/lib/python3.7/site-packages/airflow/example_dags/example_branch_operator_decorator.py
[2023-07-04T00:21:51.805+0000] {processor.py:826} INFO - Processing file /home/airflow/.local/lib/python3.7/site-packages/airflow/example_dags/example_branch_operator_decorator.py for tasks to queue
[2023-07-04T00:21:51.806+0000] {logging_mixin.py:149} INFO - [2023-07-04T00:21:51.806+0000] {dagbag.py:541} INFO - Filling up the DagBag from /home/airflow/.local/lib/python3.7/site-packages/airflow/example_dags/example_branch_operator_decorator.py
[2023-07-04T00:21:51.824+0000] {processor.py:836} INFO - DAG(s) dict_keys(['example_branch_python_operator_decorator']) retrieved from /home/airflow/.local/lib/python3.7/site-packages/airflow/example_dags/example_branch_operator_decorator.py
[2023-07-04T00:21:51.878+0000] {logging_mixin.py:149} INFO - [2023-07-04T00:21:51.878+0000] {dag.py:2726} INFO - Sync 1 DAGs
[2023-07-04T00:21:51.931+0000] {logging_mixin.py:149} INFO - [2023-07-04T00:21:51.931+0000] {dag.py:3490} INFO - Setting next_dagrun for example_branch_python_operator_decorator to 2023-07-03T00:00:00+00:00, run_after=2023-07-04T00:00:00+00:00
[2023-07-04T00:21:51.977+0000] {processor.py:179} INFO - Processing /home/airflow/.local/lib/python3.7/site-packages/airflow/example_dags/example_branch_operator_decorator.py took 0.180 seconds
[2023-07-04T00:22:22.170+0000] {processor.py:157} INFO - Started process (PID=1758) to work on /home/airflow/.local/lib/python3.7/site-packages/airflow/example_dags/example_branch_operator_decorator.py
[2023-07-04T00:22:22.173+0000] {processor.py:826} INFO - Processing file /home/airflow/.local/lib/python3.7/site-packages/airflow/example_dags/example_branch_operator_decorator.py for tasks to queue
[2023-07-04T00:22:22.175+0000] {logging_mixin.py:149} INFO - [2023-07-04T00:22:22.174+0000] {dagbag.py:541} INFO - Filling up the DagBag from /home/airflow/.local/lib/python3.7/site-packages/airflow/example_dags/example_branch_operator_decorator.py
[2023-07-04T00:22:22.198+0000] {processor.py:836} INFO - DAG(s) dict_keys(['example_branch_python_operator_decorator']) retrieved from /home/airflow/.local/lib/python3.7/site-packages/airflow/example_dags/example_branch_operator_decorator.py
[2023-07-04T00:22:22.253+0000] {logging_mixin.py:149} INFO - [2023-07-04T00:22:22.253+0000] {dag.py:2726} INFO - Sync 1 DAGs
[2023-07-04T00:22:22.327+0000] {logging_mixin.py:149} INFO - [2023-07-04T00:22:22.327+0000] {dag.py:3490} INFO - Setting next_dagrun for example_branch_python_operator_decorator to 2023-07-03T00:00:00+00:00, run_after=2023-07-04T00:00:00+00:00
[2023-07-04T00:22:22.362+0000] {processor.py:179} INFO - Processing /home/airflow/.local/lib/python3.7/site-packages/airflow/example_dags/example_branch_operator_decorator.py took 0.199 seconds
[2023-07-04T00:22:52.988+0000] {processor.py:157} INFO - Started process (PID=1815) to work on /home/airflow/.local/lib/python3.7/site-packages/airflow/example_dags/example_branch_operator_decorator.py
[2023-07-04T00:22:52.990+0000] {processor.py:826} INFO - Processing file /home/airflow/.local/lib/python3.7/site-packages/airflow/example_dags/example_branch_operator_decorator.py for tasks to queue
[2023-07-04T00:22:52.993+0000] {logging_mixin.py:149} INFO - [2023-07-04T00:22:52.992+0000] {dagbag.py:541} INFO - Filling up the DagBag from /home/airflow/.local/lib/python3.7/site-packages/airflow/example_dags/example_branch_operator_decorator.py
[2023-07-04T00:22:53.018+0000] {processor.py:836} INFO - DAG(s) dict_keys(['example_branch_python_operator_decorator']) retrieved from /home/airflow/.local/lib/python3.7/site-packages/airflow/example_dags/example_branch_operator_decorator.py
[2023-07-04T00:22:53.078+0000] {logging_mixin.py:149} INFO - [2023-07-04T00:22:53.078+0000] {dag.py:2726} INFO - Sync 1 DAGs
[2023-07-04T00:22:53.142+0000] {logging_mixin.py:149} INFO - [2023-07-04T00:22:53.142+0000] {dag.py:3490} INFO - Setting next_dagrun for example_branch_python_operator_decorator to 2023-07-03T00:00:00+00:00, run_after=2023-07-04T00:00:00+00:00
[2023-07-04T00:22:53.186+0000] {processor.py:179} INFO - Processing /home/airflow/.local/lib/python3.7/site-packages/airflow/example_dags/example_branch_operator_decorator.py took 0.205 seconds
[2023-07-04T00:23:23.430+0000] {processor.py:157} INFO - Started process (PID=1872) to work on /home/airflow/.local/lib/python3.7/site-packages/airflow/example_dags/example_branch_operator_decorator.py
[2023-07-04T00:23:23.432+0000] {processor.py:826} INFO - Processing file /home/airflow/.local/lib/python3.7/site-packages/airflow/example_dags/example_branch_operator_decorator.py for tasks to queue
[2023-07-04T00:23:23.434+0000] {logging_mixin.py:149} INFO - [2023-07-04T00:23:23.433+0000] {dagbag.py:541} INFO - Filling up the DagBag from /home/airflow/.local/lib/python3.7/site-packages/airflow/example_dags/example_branch_operator_decorator.py
[2023-07-04T00:23:23.456+0000] {processor.py:836} INFO - DAG(s) dict_keys(['example_branch_python_operator_decorator']) retrieved from /home/airflow/.local/lib/python3.7/site-packages/airflow/example_dags/example_branch_operator_decorator.py
[2023-07-04T00:23:23.509+0000] {logging_mixin.py:149} INFO - [2023-07-04T00:23:23.509+0000] {dag.py:2726} INFO - Sync 1 DAGs
[2023-07-04T00:23:23.573+0000] {logging_mixin.py:149} INFO - [2023-07-04T00:23:23.572+0000] {dag.py:3490} INFO - Setting next_dagrun for example_branch_python_operator_decorator to 2023-07-03T00:00:00+00:00, run_after=2023-07-04T00:00:00+00:00
[2023-07-04T00:23:23.617+0000] {processor.py:179} INFO - Processing /home/airflow/.local/lib/python3.7/site-packages/airflow/example_dags/example_branch_operator_decorator.py took 0.196 seconds
[2023-07-04T00:23:53.823+0000] {processor.py:157} INFO - Started process (PID=1929) to work on /home/airflow/.local/lib/python3.7/site-packages/airflow/example_dags/example_branch_operator_decorator.py
[2023-07-04T00:23:53.825+0000] {processor.py:826} INFO - Processing file /home/airflow/.local/lib/python3.7/site-packages/airflow/example_dags/example_branch_operator_decorator.py for tasks to queue
[2023-07-04T00:23:53.826+0000] {logging_mixin.py:149} INFO - [2023-07-04T00:23:53.826+0000] {dagbag.py:541} INFO - Filling up the DagBag from /home/airflow/.local/lib/python3.7/site-packages/airflow/example_dags/example_branch_operator_decorator.py
[2023-07-04T00:23:53.843+0000] {processor.py:836} INFO - DAG(s) dict_keys(['example_branch_python_operator_decorator']) retrieved from /home/airflow/.local/lib/python3.7/site-packages/airflow/example_dags/example_branch_operator_decorator.py
[2023-07-04T00:23:53.906+0000] {logging_mixin.py:149} INFO - [2023-07-04T00:23:53.906+0000] {dag.py:2726} INFO - Sync 1 DAGs
[2023-07-04T00:23:53.995+0000] {logging_mixin.py:149} INFO - [2023-07-04T00:23:53.995+0000] {dag.py:3490} INFO - Setting next_dagrun for example_branch_python_operator_decorator to 2023-07-03T00:00:00+00:00, run_after=2023-07-04T00:00:00+00:00
[2023-07-04T00:23:54.030+0000] {processor.py:179} INFO - Processing /home/airflow/.local/lib/python3.7/site-packages/airflow/example_dags/example_branch_operator_decorator.py took 0.214 seconds
[2023-07-04T00:24:24.590+0000] {processor.py:157} INFO - Started process (PID=1986) to work on /home/airflow/.local/lib/python3.7/site-packages/airflow/example_dags/example_branch_operator_decorator.py
[2023-07-04T00:24:24.591+0000] {processor.py:826} INFO - Processing file /home/airflow/.local/lib/python3.7/site-packages/airflow/example_dags/example_branch_operator_decorator.py for tasks to queue
[2023-07-04T00:24:24.593+0000] {logging_mixin.py:149} INFO - [2023-07-04T00:24:24.593+0000] {dagbag.py:541} INFO - Filling up the DagBag from /home/airflow/.local/lib/python3.7/site-packages/airflow/example_dags/example_branch_operator_decorator.py
[2023-07-04T00:24:24.613+0000] {processor.py:836} INFO - DAG(s) dict_keys(['example_branch_python_operator_decorator']) retrieved from /home/airflow/.local/lib/python3.7/site-packages/airflow/example_dags/example_branch_operator_decorator.py
[2023-07-04T00:24:24.673+0000] {logging_mixin.py:149} INFO - [2023-07-04T00:24:24.673+0000] {dag.py:2726} INFO - Sync 1 DAGs
[2023-07-04T00:24:24.735+0000] {logging_mixin.py:149} INFO - [2023-07-04T00:24:24.735+0000] {dag.py:3490} INFO - Setting next_dagrun for example_branch_python_operator_decorator to 2023-07-03T00:00:00+00:00, run_after=2023-07-04T00:00:00+00:00
[2023-07-04T00:24:24.786+0000] {processor.py:179} INFO - Processing /home/airflow/.local/lib/python3.7/site-packages/airflow/example_dags/example_branch_operator_decorator.py took 0.205 seconds
[2023-07-04T00:24:55.195+0000] {processor.py:157} INFO - Started process (PID=2043) to work on /home/airflow/.local/lib/python3.7/site-packages/airflow/example_dags/example_branch_operator_decorator.py
[2023-07-04T00:24:55.197+0000] {processor.py:826} INFO - Processing file /home/airflow/.local/lib/python3.7/site-packages/airflow/example_dags/example_branch_operator_decorator.py for tasks to queue
[2023-07-04T00:24:55.200+0000] {logging_mixin.py:149} INFO - [2023-07-04T00:24:55.200+0000] {dagbag.py:541} INFO - Filling up the DagBag from /home/airflow/.local/lib/python3.7/site-packages/airflow/example_dags/example_branch_operator_decorator.py
[2023-07-04T00:24:55.222+0000] {processor.py:836} INFO - DAG(s) dict_keys(['example_branch_python_operator_decorator']) retrieved from /home/airflow/.local/lib/python3.7/site-packages/airflow/example_dags/example_branch_operator_decorator.py
[2023-07-04T00:24:55.283+0000] {logging_mixin.py:149} INFO - [2023-07-04T00:24:55.283+0000] {dag.py:2726} INFO - Sync 1 DAGs
[2023-07-04T00:24:55.338+0000] {logging_mixin.py:149} INFO - [2023-07-04T00:24:55.337+0000] {dag.py:3490} INFO - Setting next_dagrun for example_branch_python_operator_decorator to 2023-07-03T00:00:00+00:00, run_after=2023-07-04T00:00:00+00:00
[2023-07-04T00:24:55.377+0000] {processor.py:179} INFO - Processing /home/airflow/.local/lib/python3.7/site-packages/airflow/example_dags/example_branch_operator_decorator.py took 0.195 seconds
[2023-07-04T00:25:25.974+0000] {processor.py:157} INFO - Started process (PID=2101) to work on /home/airflow/.local/lib/python3.7/site-packages/airflow/example_dags/example_branch_operator_decorator.py
[2023-07-04T00:25:25.975+0000] {processor.py:826} INFO - Processing file /home/airflow/.local/lib/python3.7/site-packages/airflow/example_dags/example_branch_operator_decorator.py for tasks to queue
[2023-07-04T00:25:25.977+0000] {logging_mixin.py:149} INFO - [2023-07-04T00:25:25.977+0000] {dagbag.py:541} INFO - Filling up the DagBag from /home/airflow/.local/lib/python3.7/site-packages/airflow/example_dags/example_branch_operator_decorator.py
[2023-07-04T00:25:25.996+0000] {processor.py:836} INFO - DAG(s) dict_keys(['example_branch_python_operator_decorator']) retrieved from /home/airflow/.local/lib/python3.7/site-packages/airflow/example_dags/example_branch_operator_decorator.py
[2023-07-04T00:25:26.078+0000] {logging_mixin.py:149} INFO - [2023-07-04T00:25:26.078+0000] {dag.py:2726} INFO - Sync 1 DAGs
[2023-07-04T00:25:26.151+0000] {logging_mixin.py:149} INFO - [2023-07-04T00:25:26.151+0000] {dag.py:3490} INFO - Setting next_dagrun for example_branch_python_operator_decorator to 2023-07-03T00:00:00+00:00, run_after=2023-07-04T00:00:00+00:00
[2023-07-04T00:25:26.207+0000] {processor.py:179} INFO - Processing /home/airflow/.local/lib/python3.7/site-packages/airflow/example_dags/example_branch_operator_decorator.py took 0.242 seconds
[2023-07-04T00:25:56.701+0000] {processor.py:157} INFO - Started process (PID=2158) to work on /home/airflow/.local/lib/python3.7/site-packages/airflow/example_dags/example_branch_operator_decorator.py
[2023-07-04T00:25:56.703+0000] {processor.py:826} INFO - Processing file /home/airflow/.local/lib/python3.7/site-packages/airflow/example_dags/example_branch_operator_decorator.py for tasks to queue
[2023-07-04T00:25:56.705+0000] {logging_mixin.py:149} INFO - [2023-07-04T00:25:56.704+0000] {dagbag.py:541} INFO - Filling up the DagBag from /home/airflow/.local/lib/python3.7/site-packages/airflow/example_dags/example_branch_operator_decorator.py
[2023-07-04T00:25:56.740+0000] {processor.py:836} INFO - DAG(s) dict_keys(['example_branch_python_operator_decorator']) retrieved from /home/airflow/.local/lib/python3.7/site-packages/airflow/example_dags/example_branch_operator_decorator.py
[2023-07-04T00:25:56.801+0000] {logging_mixin.py:149} INFO - [2023-07-04T00:25:56.801+0000] {dag.py:2726} INFO - Sync 1 DAGs
[2023-07-04T00:25:56.869+0000] {logging_mixin.py:149} INFO - [2023-07-04T00:25:56.868+0000] {dag.py:3490} INFO - Setting next_dagrun for example_branch_python_operator_decorator to 2023-07-03T00:00:00+00:00, run_after=2023-07-04T00:00:00+00:00
[2023-07-04T00:25:56.923+0000] {processor.py:179} INFO - Processing /home/airflow/.local/lib/python3.7/site-packages/airflow/example_dags/example_branch_operator_decorator.py took 0.230 seconds
[2023-07-04T00:26:27.181+0000] {processor.py:157} INFO - Started process (PID=2210) to work on /home/airflow/.local/lib/python3.7/site-packages/airflow/example_dags/example_branch_operator_decorator.py
[2023-07-04T00:26:27.182+0000] {processor.py:826} INFO - Processing file /home/airflow/.local/lib/python3.7/site-packages/airflow/example_dags/example_branch_operator_decorator.py for tasks to queue
[2023-07-04T00:26:27.183+0000] {logging_mixin.py:149} INFO - [2023-07-04T00:26:27.183+0000] {dagbag.py:541} INFO - Filling up the DagBag from /home/airflow/.local/lib/python3.7/site-packages/airflow/example_dags/example_branch_operator_decorator.py
[2023-07-04T00:26:27.203+0000] {processor.py:836} INFO - DAG(s) dict_keys(['example_branch_python_operator_decorator']) retrieved from /home/airflow/.local/lib/python3.7/site-packages/airflow/example_dags/example_branch_operator_decorator.py
[2023-07-04T00:26:27.266+0000] {logging_mixin.py:149} INFO - [2023-07-04T00:26:27.265+0000] {dag.py:2726} INFO - Sync 1 DAGs
[2023-07-04T00:26:27.325+0000] {logging_mixin.py:149} INFO - [2023-07-04T00:26:27.324+0000] {dag.py:3490} INFO - Setting next_dagrun for example_branch_python_operator_decorator to 2023-07-03T00:00:00+00:00, run_after=2023-07-04T00:00:00+00:00
[2023-07-04T00:26:27.360+0000] {processor.py:179} INFO - Processing /home/airflow/.local/lib/python3.7/site-packages/airflow/example_dags/example_branch_operator_decorator.py took 0.185 seconds
[2023-07-04T00:26:57.802+0000] {processor.py:157} INFO - Started process (PID=2267) to work on /home/airflow/.local/lib/python3.7/site-packages/airflow/example_dags/example_branch_operator_decorator.py
[2023-07-04T00:26:57.803+0000] {processor.py:826} INFO - Processing file /home/airflow/.local/lib/python3.7/site-packages/airflow/example_dags/example_branch_operator_decorator.py for tasks to queue
[2023-07-04T00:26:57.804+0000] {logging_mixin.py:149} INFO - [2023-07-04T00:26:57.804+0000] {dagbag.py:541} INFO - Filling up the DagBag from /home/airflow/.local/lib/python3.7/site-packages/airflow/example_dags/example_branch_operator_decorator.py
[2023-07-04T00:26:57.823+0000] {processor.py:836} INFO - DAG(s) dict_keys(['example_branch_python_operator_decorator']) retrieved from /home/airflow/.local/lib/python3.7/site-packages/airflow/example_dags/example_branch_operator_decorator.py
[2023-07-04T00:26:57.879+0000] {logging_mixin.py:149} INFO - [2023-07-04T00:26:57.879+0000] {dag.py:2726} INFO - Sync 1 DAGs
[2023-07-04T00:26:57.938+0000] {logging_mixin.py:149} INFO - [2023-07-04T00:26:57.937+0000] {dag.py:3490} INFO - Setting next_dagrun for example_branch_python_operator_decorator to 2023-07-03T00:00:00+00:00, run_after=2023-07-04T00:00:00+00:00
[2023-07-04T00:26:57.978+0000] {processor.py:179} INFO - Processing /home/airflow/.local/lib/python3.7/site-packages/airflow/example_dags/example_branch_operator_decorator.py took 0.184 seconds
[2023-07-04T00:27:28.095+0000] {processor.py:157} INFO - Started process (PID=2324) to work on /home/airflow/.local/lib/python3.7/site-packages/airflow/example_dags/example_branch_operator_decorator.py
[2023-07-04T00:27:28.097+0000] {processor.py:826} INFO - Processing file /home/airflow/.local/lib/python3.7/site-packages/airflow/example_dags/example_branch_operator_decorator.py for tasks to queue
[2023-07-04T00:27:28.099+0000] {logging_mixin.py:149} INFO - [2023-07-04T00:27:28.098+0000] {dagbag.py:541} INFO - Filling up the DagBag from /home/airflow/.local/lib/python3.7/site-packages/airflow/example_dags/example_branch_operator_decorator.py
[2023-07-04T00:27:28.123+0000] {processor.py:836} INFO - DAG(s) dict_keys(['example_branch_python_operator_decorator']) retrieved from /home/airflow/.local/lib/python3.7/site-packages/airflow/example_dags/example_branch_operator_decorator.py
[2023-07-04T00:27:28.186+0000] {logging_mixin.py:149} INFO - [2023-07-04T00:27:28.186+0000] {dag.py:2726} INFO - Sync 1 DAGs
[2023-07-04T00:27:28.254+0000] {logging_mixin.py:149} INFO - [2023-07-04T00:27:28.254+0000] {dag.py:3490} INFO - Setting next_dagrun for example_branch_python_operator_decorator to 2023-07-03T00:00:00+00:00, run_after=2023-07-04T00:00:00+00:00
[2023-07-04T00:27:28.305+0000] {processor.py:179} INFO - Processing /home/airflow/.local/lib/python3.7/site-packages/airflow/example_dags/example_branch_operator_decorator.py took 0.218 seconds
[2023-07-04T00:27:58.590+0000] {processor.py:157} INFO - Started process (PID=2381) to work on /home/airflow/.local/lib/python3.7/site-packages/airflow/example_dags/example_branch_operator_decorator.py
[2023-07-04T00:27:58.592+0000] {processor.py:826} INFO - Processing file /home/airflow/.local/lib/python3.7/site-packages/airflow/example_dags/example_branch_operator_decorator.py for tasks to queue
[2023-07-04T00:27:58.592+0000] {logging_mixin.py:149} INFO - [2023-07-04T00:27:58.592+0000] {dagbag.py:541} INFO - Filling up the DagBag from /home/airflow/.local/lib/python3.7/site-packages/airflow/example_dags/example_branch_operator_decorator.py
[2023-07-04T00:27:58.608+0000] {processor.py:836} INFO - DAG(s) dict_keys(['example_branch_python_operator_decorator']) retrieved from /home/airflow/.local/lib/python3.7/site-packages/airflow/example_dags/example_branch_operator_decorator.py
[2023-07-04T00:27:58.649+0000] {logging_mixin.py:149} INFO - [2023-07-04T00:27:58.649+0000] {dag.py:2726} INFO - Sync 1 DAGs
[2023-07-04T00:27:58.692+0000] {logging_mixin.py:149} INFO - [2023-07-04T00:27:58.692+0000] {dag.py:3490} INFO - Setting next_dagrun for example_branch_python_operator_decorator to 2023-07-03T00:00:00+00:00, run_after=2023-07-04T00:00:00+00:00
[2023-07-04T00:27:58.723+0000] {processor.py:179} INFO - Processing /home/airflow/.local/lib/python3.7/site-packages/airflow/example_dags/example_branch_operator_decorator.py took 0.139 seconds
[2023-07-04T00:28:28.850+0000] {processor.py:157} INFO - Started process (PID=2438) to work on /home/airflow/.local/lib/python3.7/site-packages/airflow/example_dags/example_branch_operator_decorator.py
[2023-07-04T00:28:28.851+0000] {processor.py:826} INFO - Processing file /home/airflow/.local/lib/python3.7/site-packages/airflow/example_dags/example_branch_operator_decorator.py for tasks to queue
[2023-07-04T00:28:28.852+0000] {logging_mixin.py:149} INFO - [2023-07-04T00:28:28.852+0000] {dagbag.py:541} INFO - Filling up the DagBag from /home/airflow/.local/lib/python3.7/site-packages/airflow/example_dags/example_branch_operator_decorator.py
[2023-07-04T00:28:28.868+0000] {processor.py:836} INFO - DAG(s) dict_keys(['example_branch_python_operator_decorator']) retrieved from /home/airflow/.local/lib/python3.7/site-packages/airflow/example_dags/example_branch_operator_decorator.py
[2023-07-04T00:28:28.910+0000] {logging_mixin.py:149} INFO - [2023-07-04T00:28:28.910+0000] {dag.py:2726} INFO - Sync 1 DAGs
[2023-07-04T00:28:28.952+0000] {logging_mixin.py:149} INFO - [2023-07-04T00:28:28.952+0000] {dag.py:3490} INFO - Setting next_dagrun for example_branch_python_operator_decorator to 2023-07-03T00:00:00+00:00, run_after=2023-07-04T00:00:00+00:00
[2023-07-04T00:28:28.982+0000] {processor.py:179} INFO - Processing /home/airflow/.local/lib/python3.7/site-packages/airflow/example_dags/example_branch_operator_decorator.py took 0.137 seconds
[2023-07-04T00:28:59.421+0000] {processor.py:157} INFO - Started process (PID=2495) to work on /home/airflow/.local/lib/python3.7/site-packages/airflow/example_dags/example_branch_operator_decorator.py
[2023-07-04T00:28:59.426+0000] {processor.py:826} INFO - Processing file /home/airflow/.local/lib/python3.7/site-packages/airflow/example_dags/example_branch_operator_decorator.py for tasks to queue
[2023-07-04T00:28:59.429+0000] {logging_mixin.py:149} INFO - [2023-07-04T00:28:59.428+0000] {dagbag.py:541} INFO - Filling up the DagBag from /home/airflow/.local/lib/python3.7/site-packages/airflow/example_dags/example_branch_operator_decorator.py
[2023-07-04T00:28:59.469+0000] {processor.py:836} INFO - DAG(s) dict_keys(['example_branch_python_operator_decorator']) retrieved from /home/airflow/.local/lib/python3.7/site-packages/airflow/example_dags/example_branch_operator_decorator.py
[2023-07-04T00:28:59.559+0000] {logging_mixin.py:149} INFO - [2023-07-04T00:28:59.558+0000] {dag.py:2726} INFO - Sync 1 DAGs
[2023-07-04T00:28:59.713+0000] {logging_mixin.py:149} INFO - [2023-07-04T00:28:59.713+0000] {dag.py:3490} INFO - Setting next_dagrun for example_branch_python_operator_decorator to 2023-07-03T00:00:00+00:00, run_after=2023-07-04T00:00:00+00:00
[2023-07-04T00:28:59.771+0000] {processor.py:179} INFO - Processing /home/airflow/.local/lib/python3.7/site-packages/airflow/example_dags/example_branch_operator_decorator.py took 0.368 seconds
[2023-07-04T00:29:29.819+0000] {processor.py:157} INFO - Started process (PID=2552) to work on /home/airflow/.local/lib/python3.7/site-packages/airflow/example_dags/example_branch_operator_decorator.py
[2023-07-04T00:29:29.820+0000] {processor.py:826} INFO - Processing file /home/airflow/.local/lib/python3.7/site-packages/airflow/example_dags/example_branch_operator_decorator.py for tasks to queue
[2023-07-04T00:29:29.821+0000] {logging_mixin.py:149} INFO - [2023-07-04T00:29:29.821+0000] {dagbag.py:541} INFO - Filling up the DagBag from /home/airflow/.local/lib/python3.7/site-packages/airflow/example_dags/example_branch_operator_decorator.py
[2023-07-04T00:29:29.836+0000] {processor.py:836} INFO - DAG(s) dict_keys(['example_branch_python_operator_decorator']) retrieved from /home/airflow/.local/lib/python3.7/site-packages/airflow/example_dags/example_branch_operator_decorator.py
[2023-07-04T00:29:29.878+0000] {logging_mixin.py:149} INFO - [2023-07-04T00:29:29.878+0000] {dag.py:2726} INFO - Sync 1 DAGs
[2023-07-04T00:29:29.920+0000] {logging_mixin.py:149} INFO - [2023-07-04T00:29:29.920+0000] {dag.py:3490} INFO - Setting next_dagrun for example_branch_python_operator_decorator to 2023-07-03T00:00:00+00:00, run_after=2023-07-04T00:00:00+00:00
[2023-07-04T00:29:29.953+0000] {processor.py:179} INFO - Processing /home/airflow/.local/lib/python3.7/site-packages/airflow/example_dags/example_branch_operator_decorator.py took 0.140 seconds
[2023-07-04T00:30:00.602+0000] {processor.py:157} INFO - Started process (PID=2609) to work on /home/airflow/.local/lib/python3.7/site-packages/airflow/example_dags/example_branch_operator_decorator.py
[2023-07-04T00:30:00.603+0000] {processor.py:826} INFO - Processing file /home/airflow/.local/lib/python3.7/site-packages/airflow/example_dags/example_branch_operator_decorator.py for tasks to queue
[2023-07-04T00:30:00.604+0000] {logging_mixin.py:149} INFO - [2023-07-04T00:30:00.604+0000] {dagbag.py:541} INFO - Filling up the DagBag from /home/airflow/.local/lib/python3.7/site-packages/airflow/example_dags/example_branch_operator_decorator.py
[2023-07-04T00:30:00.619+0000] {processor.py:836} INFO - DAG(s) dict_keys(['example_branch_python_operator_decorator']) retrieved from /home/airflow/.local/lib/python3.7/site-packages/airflow/example_dags/example_branch_operator_decorator.py
[2023-07-04T00:30:00.669+0000] {logging_mixin.py:149} INFO - [2023-07-04T00:30:00.669+0000] {dag.py:2726} INFO - Sync 1 DAGs
[2023-07-04T00:30:00.717+0000] {logging_mixin.py:149} INFO - [2023-07-04T00:30:00.716+0000] {dag.py:3490} INFO - Setting next_dagrun for example_branch_python_operator_decorator to 2023-07-03T00:00:00+00:00, run_after=2023-07-04T00:00:00+00:00
[2023-07-04T00:30:00.753+0000] {processor.py:179} INFO - Processing /home/airflow/.local/lib/python3.7/site-packages/airflow/example_dags/example_branch_operator_decorator.py took 0.157 seconds
[2023-07-04T00:30:31.155+0000] {processor.py:157} INFO - Started process (PID=2666) to work on /home/airflow/.local/lib/python3.7/site-packages/airflow/example_dags/example_branch_operator_decorator.py
[2023-07-04T00:30:31.156+0000] {processor.py:826} INFO - Processing file /home/airflow/.local/lib/python3.7/site-packages/airflow/example_dags/example_branch_operator_decorator.py for tasks to queue
[2023-07-04T00:30:31.158+0000] {logging_mixin.py:149} INFO - [2023-07-04T00:30:31.157+0000] {dagbag.py:541} INFO - Filling up the DagBag from /home/airflow/.local/lib/python3.7/site-packages/airflow/example_dags/example_branch_operator_decorator.py
[2023-07-04T00:30:31.179+0000] {processor.py:836} INFO - DAG(s) dict_keys(['example_branch_python_operator_decorator']) retrieved from /home/airflow/.local/lib/python3.7/site-packages/airflow/example_dags/example_branch_operator_decorator.py
[2023-07-04T00:30:31.225+0000] {logging_mixin.py:149} INFO - [2023-07-04T00:30:31.225+0000] {dag.py:2726} INFO - Sync 1 DAGs
[2023-07-04T00:30:31.275+0000] {logging_mixin.py:149} INFO - [2023-07-04T00:30:31.275+0000] {dag.py:3490} INFO - Setting next_dagrun for example_branch_python_operator_decorator to 2023-07-03T00:00:00+00:00, run_after=2023-07-04T00:00:00+00:00
[2023-07-04T00:30:31.312+0000] {processor.py:179} INFO - Processing /home/airflow/.local/lib/python3.7/site-packages/airflow/example_dags/example_branch_operator_decorator.py took 0.164 seconds
[2023-07-04T00:31:01.398+0000] {processor.py:157} INFO - Started process (PID=2722) to work on /home/airflow/.local/lib/python3.7/site-packages/airflow/example_dags/example_branch_operator_decorator.py
[2023-07-04T00:31:01.400+0000] {processor.py:826} INFO - Processing file /home/airflow/.local/lib/python3.7/site-packages/airflow/example_dags/example_branch_operator_decorator.py for tasks to queue
[2023-07-04T00:31:01.401+0000] {logging_mixin.py:149} INFO - [2023-07-04T00:31:01.401+0000] {dagbag.py:541} INFO - Filling up the DagBag from /home/airflow/.local/lib/python3.7/site-packages/airflow/example_dags/example_branch_operator_decorator.py
[2023-07-04T00:31:01.420+0000] {processor.py:836} INFO - DAG(s) dict_keys(['example_branch_python_operator_decorator']) retrieved from /home/airflow/.local/lib/python3.7/site-packages/airflow/example_dags/example_branch_operator_decorator.py
[2023-07-04T00:31:01.489+0000] {logging_mixin.py:149} INFO - [2023-07-04T00:31:01.489+0000] {dag.py:2726} INFO - Sync 1 DAGs
[2023-07-04T00:31:01.562+0000] {logging_mixin.py:149} INFO - [2023-07-04T00:31:01.561+0000] {dag.py:3490} INFO - Setting next_dagrun for example_branch_python_operator_decorator to 2023-07-03T00:00:00+00:00, run_after=2023-07-04T00:00:00+00:00
[2023-07-04T00:31:01.613+0000] {processor.py:179} INFO - Processing /home/airflow/.local/lib/python3.7/site-packages/airflow/example_dags/example_branch_operator_decorator.py took 0.222 seconds
[2023-07-04T00:31:32.610+0000] {processor.py:157} INFO - Started process (PID=2779) to work on /home/airflow/.local/lib/python3.7/site-packages/airflow/example_dags/example_branch_operator_decorator.py
[2023-07-04T00:31:32.612+0000] {processor.py:826} INFO - Processing file /home/airflow/.local/lib/python3.7/site-packages/airflow/example_dags/example_branch_operator_decorator.py for tasks to queue
[2023-07-04T00:31:32.613+0000] {logging_mixin.py:149} INFO - [2023-07-04T00:31:32.613+0000] {dagbag.py:541} INFO - Filling up the DagBag from /home/airflow/.local/lib/python3.7/site-packages/airflow/example_dags/example_branch_operator_decorator.py
[2023-07-04T00:31:32.635+0000] {processor.py:836} INFO - DAG(s) dict_keys(['example_branch_python_operator_decorator']) retrieved from /home/airflow/.local/lib/python3.7/site-packages/airflow/example_dags/example_branch_operator_decorator.py
[2023-07-04T00:31:32.684+0000] {logging_mixin.py:149} INFO - [2023-07-04T00:31:32.684+0000] {dag.py:2726} INFO - Sync 1 DAGs
[2023-07-04T00:31:32.727+0000] {logging_mixin.py:149} INFO - [2023-07-04T00:31:32.727+0000] {dag.py:3490} INFO - Setting next_dagrun for example_branch_python_operator_decorator to 2023-07-03T00:00:00+00:00, run_after=2023-07-04T00:00:00+00:00
[2023-07-04T00:31:32.758+0000] {processor.py:179} INFO - Processing /home/airflow/.local/lib/python3.7/site-packages/airflow/example_dags/example_branch_operator_decorator.py took 0.154 seconds
[2023-07-04T00:32:03.120+0000] {processor.py:157} INFO - Started process (PID=2836) to work on /home/airflow/.local/lib/python3.7/site-packages/airflow/example_dags/example_branch_operator_decorator.py
[2023-07-04T00:32:03.122+0000] {processor.py:826} INFO - Processing file /home/airflow/.local/lib/python3.7/site-packages/airflow/example_dags/example_branch_operator_decorator.py for tasks to queue
[2023-07-04T00:32:03.123+0000] {logging_mixin.py:149} INFO - [2023-07-04T00:32:03.123+0000] {dagbag.py:541} INFO - Filling up the DagBag from /home/airflow/.local/lib/python3.7/site-packages/airflow/example_dags/example_branch_operator_decorator.py
[2023-07-04T00:32:03.141+0000] {processor.py:836} INFO - DAG(s) dict_keys(['example_branch_python_operator_decorator']) retrieved from /home/airflow/.local/lib/python3.7/site-packages/airflow/example_dags/example_branch_operator_decorator.py
[2023-07-04T00:32:03.190+0000] {logging_mixin.py:149} INFO - [2023-07-04T00:32:03.190+0000] {dag.py:2726} INFO - Sync 1 DAGs
[2023-07-04T00:32:03.232+0000] {logging_mixin.py:149} INFO - [2023-07-04T00:32:03.232+0000] {dag.py:3490} INFO - Setting next_dagrun for example_branch_python_operator_decorator to 2023-07-03T00:00:00+00:00, run_after=2023-07-04T00:00:00+00:00
[2023-07-04T00:32:03.262+0000] {processor.py:179} INFO - Processing /home/airflow/.local/lib/python3.7/site-packages/airflow/example_dags/example_branch_operator_decorator.py took 0.148 seconds
[2023-07-04T00:32:33.335+0000] {processor.py:157} INFO - Started process (PID=2893) to work on /home/airflow/.local/lib/python3.7/site-packages/airflow/example_dags/example_branch_operator_decorator.py
[2023-07-04T00:32:33.337+0000] {processor.py:826} INFO - Processing file /home/airflow/.local/lib/python3.7/site-packages/airflow/example_dags/example_branch_operator_decorator.py for tasks to queue
[2023-07-04T00:32:33.338+0000] {logging_mixin.py:149} INFO - [2023-07-04T00:32:33.338+0000] {dagbag.py:541} INFO - Filling up the DagBag from /home/airflow/.local/lib/python3.7/site-packages/airflow/example_dags/example_branch_operator_decorator.py
[2023-07-04T00:32:33.354+0000] {processor.py:836} INFO - DAG(s) dict_keys(['example_branch_python_operator_decorator']) retrieved from /home/airflow/.local/lib/python3.7/site-packages/airflow/example_dags/example_branch_operator_decorator.py
[2023-07-04T00:32:33.398+0000] {logging_mixin.py:149} INFO - [2023-07-04T00:32:33.398+0000] {dag.py:2726} INFO - Sync 1 DAGs
[2023-07-04T00:32:33.442+0000] {logging_mixin.py:149} INFO - [2023-07-04T00:32:33.442+0000] {dag.py:3490} INFO - Setting next_dagrun for example_branch_python_operator_decorator to 2023-07-03T00:00:00+00:00, run_after=2023-07-04T00:00:00+00:00
[2023-07-04T00:32:33.479+0000] {processor.py:179} INFO - Processing /home/airflow/.local/lib/python3.7/site-packages/airflow/example_dags/example_branch_operator_decorator.py took 0.149 seconds
[2023-07-04T00:33:03.823+0000] {processor.py:157} INFO - Started process (PID=2951) to work on /home/airflow/.local/lib/python3.7/site-packages/airflow/example_dags/example_branch_operator_decorator.py
[2023-07-04T00:33:03.826+0000] {processor.py:826} INFO - Processing file /home/airflow/.local/lib/python3.7/site-packages/airflow/example_dags/example_branch_operator_decorator.py for tasks to queue
[2023-07-04T00:33:03.828+0000] {logging_mixin.py:149} INFO - [2023-07-04T00:33:03.827+0000] {dagbag.py:541} INFO - Filling up the DagBag from /home/airflow/.local/lib/python3.7/site-packages/airflow/example_dags/example_branch_operator_decorator.py
[2023-07-04T00:33:03.850+0000] {processor.py:836} INFO - DAG(s) dict_keys(['example_branch_python_operator_decorator']) retrieved from /home/airflow/.local/lib/python3.7/site-packages/airflow/example_dags/example_branch_operator_decorator.py
[2023-07-04T00:33:03.914+0000] {logging_mixin.py:149} INFO - [2023-07-04T00:33:03.913+0000] {dag.py:2726} INFO - Sync 1 DAGs
[2023-07-04T00:33:03.981+0000] {logging_mixin.py:149} INFO - [2023-07-04T00:33:03.980+0000] {dag.py:3490} INFO - Setting next_dagrun for example_branch_python_operator_decorator to 2023-07-03T00:00:00+00:00, run_after=2023-07-04T00:00:00+00:00
[2023-07-04T00:33:04.020+0000] {processor.py:179} INFO - Processing /home/airflow/.local/lib/python3.7/site-packages/airflow/example_dags/example_branch_operator_decorator.py took 0.202 seconds
