[2023-07-04T00:07:09.730+0000] {processor.py:157} INFO - Started process (PID=71) to work on /home/airflow/.local/lib/python3.7/site-packages/airflow/example_dags/example_branch_day_of_week_operator.py
[2023-07-04T00:07:09.740+0000] {processor.py:826} INFO - Processing file /home/airflow/.local/lib/python3.7/site-packages/airflow/example_dags/example_branch_day_of_week_operator.py for tasks to queue
[2023-07-04T00:07:09.743+0000] {logging_mixin.py:149} INFO - [2023-07-04T00:07:09.743+0000] {dagbag.py:541} INFO - Filling up the DagBag from /home/airflow/.local/lib/python3.7/site-packages/airflow/example_dags/example_branch_day_of_week_operator.py
[2023-07-04T00:07:09.813+0000] {processor.py:836} INFO - DAG(s) dict_keys(['example_weekday_branch_operator']) retrieved from /home/airflow/.local/lib/python3.7/site-packages/airflow/example_dags/example_branch_day_of_week_operator.py
[2023-07-04T00:07:09.898+0000] {logging_mixin.py:149} INFO - [2023-07-04T00:07:09.898+0000] {dag.py:2726} INFO - Sync 1 DAGs
[2023-07-04T00:07:09.980+0000] {logging_mixin.py:149} INFO - [2023-07-04T00:07:09.980+0000] {dag.py:3490} INFO - Setting next_dagrun for example_weekday_branch_operator to 2023-07-03T00:00:00+00:00, run_after=2023-07-04T00:00:00+00:00
[2023-07-04T00:07:10.078+0000] {processor.py:179} INFO - Processing /home/airflow/.local/lib/python3.7/site-packages/airflow/example_dags/example_branch_day_of_week_operator.py took 0.356 seconds
[2023-07-04T00:07:40.682+0000] {processor.py:157} INFO - Started process (PID=128) to work on /home/airflow/.local/lib/python3.7/site-packages/airflow/example_dags/example_branch_day_of_week_operator.py
[2023-07-04T00:07:40.683+0000] {processor.py:826} INFO - Processing file /home/airflow/.local/lib/python3.7/site-packages/airflow/example_dags/example_branch_day_of_week_operator.py for tasks to queue
[2023-07-04T00:07:40.685+0000] {logging_mixin.py:149} INFO - [2023-07-04T00:07:40.684+0000] {dagbag.py:541} INFO - Filling up the DagBag from /home/airflow/.local/lib/python3.7/site-packages/airflow/example_dags/example_branch_day_of_week_operator.py
[2023-07-04T00:07:40.700+0000] {processor.py:836} INFO - DAG(s) dict_keys(['example_weekday_branch_operator']) retrieved from /home/airflow/.local/lib/python3.7/site-packages/airflow/example_dags/example_branch_day_of_week_operator.py
[2023-07-04T00:07:40.749+0000] {logging_mixin.py:149} INFO - [2023-07-04T00:07:40.749+0000] {dag.py:2726} INFO - Sync 1 DAGs
[2023-07-04T00:07:40.798+0000] {logging_mixin.py:149} INFO - [2023-07-04T00:07:40.798+0000] {dag.py:3490} INFO - Setting next_dagrun for example_weekday_branch_operator to 2023-07-03T00:00:00+00:00, run_after=2023-07-04T00:00:00+00:00
[2023-07-04T00:07:40.832+0000] {processor.py:179} INFO - Processing /home/airflow/.local/lib/python3.7/site-packages/airflow/example_dags/example_branch_day_of_week_operator.py took 0.157 seconds
[2023-07-04T00:08:11.215+0000] {processor.py:157} INFO - Started process (PID=185) to work on /home/airflow/.local/lib/python3.7/site-packages/airflow/example_dags/example_branch_day_of_week_operator.py
[2023-07-04T00:08:11.216+0000] {processor.py:826} INFO - Processing file /home/airflow/.local/lib/python3.7/site-packages/airflow/example_dags/example_branch_day_of_week_operator.py for tasks to queue
[2023-07-04T00:08:11.218+0000] {logging_mixin.py:149} INFO - [2023-07-04T00:08:11.218+0000] {dagbag.py:541} INFO - Filling up the DagBag from /home/airflow/.local/lib/python3.7/site-packages/airflow/example_dags/example_branch_day_of_week_operator.py
[2023-07-04T00:08:11.232+0000] {processor.py:836} INFO - DAG(s) dict_keys(['example_weekday_branch_operator']) retrieved from /home/airflow/.local/lib/python3.7/site-packages/airflow/example_dags/example_branch_day_of_week_operator.py
[2023-07-04T00:08:11.284+0000] {logging_mixin.py:149} INFO - [2023-07-04T00:08:11.283+0000] {dag.py:2726} INFO - Sync 1 DAGs
[2023-07-04T00:08:11.331+0000] {logging_mixin.py:149} INFO - [2023-07-04T00:08:11.331+0000] {dag.py:3490} INFO - Setting next_dagrun for example_weekday_branch_operator to 2023-07-03T00:00:00+00:00, run_after=2023-07-04T00:00:00+00:00
[2023-07-04T00:08:11.364+0000] {processor.py:179} INFO - Processing /home/airflow/.local/lib/python3.7/site-packages/airflow/example_dags/example_branch_day_of_week_operator.py took 0.156 seconds
[2023-07-04T00:08:41.815+0000] {processor.py:157} INFO - Started process (PID=242) to work on /home/airflow/.local/lib/python3.7/site-packages/airflow/example_dags/example_branch_day_of_week_operator.py
[2023-07-04T00:08:41.817+0000] {processor.py:826} INFO - Processing file /home/airflow/.local/lib/python3.7/site-packages/airflow/example_dags/example_branch_day_of_week_operator.py for tasks to queue
[2023-07-04T00:08:41.818+0000] {logging_mixin.py:149} INFO - [2023-07-04T00:08:41.818+0000] {dagbag.py:541} INFO - Filling up the DagBag from /home/airflow/.local/lib/python3.7/site-packages/airflow/example_dags/example_branch_day_of_week_operator.py
[2023-07-04T00:08:41.831+0000] {processor.py:836} INFO - DAG(s) dict_keys(['example_weekday_branch_operator']) retrieved from /home/airflow/.local/lib/python3.7/site-packages/airflow/example_dags/example_branch_day_of_week_operator.py
[2023-07-04T00:08:41.883+0000] {logging_mixin.py:149} INFO - [2023-07-04T00:08:41.883+0000] {dag.py:2726} INFO - Sync 1 DAGs
[2023-07-04T00:08:41.935+0000] {logging_mixin.py:149} INFO - [2023-07-04T00:08:41.934+0000] {dag.py:3490} INFO - Setting next_dagrun for example_weekday_branch_operator to 2023-07-03T00:00:00+00:00, run_after=2023-07-04T00:00:00+00:00
[2023-07-04T00:08:41.971+0000] {processor.py:179} INFO - Processing /home/airflow/.local/lib/python3.7/site-packages/airflow/example_dags/example_branch_day_of_week_operator.py took 0.164 seconds
[2023-07-04T00:09:12.501+0000] {processor.py:157} INFO - Started process (PID=299) to work on /home/airflow/.local/lib/python3.7/site-packages/airflow/example_dags/example_branch_day_of_week_operator.py
[2023-07-04T00:09:12.503+0000] {processor.py:826} INFO - Processing file /home/airflow/.local/lib/python3.7/site-packages/airflow/example_dags/example_branch_day_of_week_operator.py for tasks to queue
[2023-07-04T00:09:12.504+0000] {logging_mixin.py:149} INFO - [2023-07-04T00:09:12.504+0000] {dagbag.py:541} INFO - Filling up the DagBag from /home/airflow/.local/lib/python3.7/site-packages/airflow/example_dags/example_branch_day_of_week_operator.py
[2023-07-04T00:09:12.519+0000] {processor.py:836} INFO - DAG(s) dict_keys(['example_weekday_branch_operator']) retrieved from /home/airflow/.local/lib/python3.7/site-packages/airflow/example_dags/example_branch_day_of_week_operator.py
[2023-07-04T00:09:12.570+0000] {logging_mixin.py:149} INFO - [2023-07-04T00:09:12.570+0000] {dag.py:2726} INFO - Sync 1 DAGs
[2023-07-04T00:09:12.637+0000] {logging_mixin.py:149} INFO - [2023-07-04T00:09:12.637+0000] {dag.py:3490} INFO - Setting next_dagrun for example_weekday_branch_operator to 2023-07-03T00:00:00+00:00, run_after=2023-07-04T00:00:00+00:00
[2023-07-04T00:09:12.677+0000] {processor.py:179} INFO - Processing /home/airflow/.local/lib/python3.7/site-packages/airflow/example_dags/example_branch_day_of_week_operator.py took 0.184 seconds
[2023-07-04T00:09:43.215+0000] {processor.py:157} INFO - Started process (PID=356) to work on /home/airflow/.local/lib/python3.7/site-packages/airflow/example_dags/example_branch_day_of_week_operator.py
[2023-07-04T00:09:43.218+0000] {processor.py:826} INFO - Processing file /home/airflow/.local/lib/python3.7/site-packages/airflow/example_dags/example_branch_day_of_week_operator.py for tasks to queue
[2023-07-04T00:09:43.219+0000] {logging_mixin.py:149} INFO - [2023-07-04T00:09:43.219+0000] {dagbag.py:541} INFO - Filling up the DagBag from /home/airflow/.local/lib/python3.7/site-packages/airflow/example_dags/example_branch_day_of_week_operator.py
[2023-07-04T00:09:43.235+0000] {processor.py:836} INFO - DAG(s) dict_keys(['example_weekday_branch_operator']) retrieved from /home/airflow/.local/lib/python3.7/site-packages/airflow/example_dags/example_branch_day_of_week_operator.py
[2023-07-04T00:09:43.291+0000] {logging_mixin.py:149} INFO - [2023-07-04T00:09:43.291+0000] {dag.py:2726} INFO - Sync 1 DAGs
[2023-07-04T00:09:43.348+0000] {logging_mixin.py:149} INFO - [2023-07-04T00:09:43.348+0000] {dag.py:3490} INFO - Setting next_dagrun for example_weekday_branch_operator to 2023-07-03T00:00:00+00:00, run_after=2023-07-04T00:00:00+00:00
[2023-07-04T00:09:43.380+0000] {processor.py:179} INFO - Processing /home/airflow/.local/lib/python3.7/site-packages/airflow/example_dags/example_branch_day_of_week_operator.py took 0.171 seconds
[2023-07-04T00:10:13.752+0000] {processor.py:157} INFO - Started process (PID=412) to work on /home/airflow/.local/lib/python3.7/site-packages/airflow/example_dags/example_branch_day_of_week_operator.py
[2023-07-04T00:10:13.754+0000] {processor.py:826} INFO - Processing file /home/airflow/.local/lib/python3.7/site-packages/airflow/example_dags/example_branch_day_of_week_operator.py for tasks to queue
[2023-07-04T00:10:13.756+0000] {logging_mixin.py:149} INFO - [2023-07-04T00:10:13.756+0000] {dagbag.py:541} INFO - Filling up the DagBag from /home/airflow/.local/lib/python3.7/site-packages/airflow/example_dags/example_branch_day_of_week_operator.py
[2023-07-04T00:10:13.775+0000] {processor.py:836} INFO - DAG(s) dict_keys(['example_weekday_branch_operator']) retrieved from /home/airflow/.local/lib/python3.7/site-packages/airflow/example_dags/example_branch_day_of_week_operator.py
[2023-07-04T00:10:13.839+0000] {logging_mixin.py:149} INFO - [2023-07-04T00:10:13.838+0000] {dag.py:2726} INFO - Sync 1 DAGs
[2023-07-04T00:10:13.933+0000] {logging_mixin.py:149} INFO - [2023-07-04T00:10:13.933+0000] {dag.py:3490} INFO - Setting next_dagrun for example_weekday_branch_operator to 2023-07-03T00:00:00+00:00, run_after=2023-07-04T00:00:00+00:00
[2023-07-04T00:10:13.994+0000] {processor.py:179} INFO - Processing /home/airflow/.local/lib/python3.7/site-packages/airflow/example_dags/example_branch_day_of_week_operator.py took 0.250 seconds
[2023-07-04T00:10:44.720+0000] {processor.py:157} INFO - Started process (PID=469) to work on /home/airflow/.local/lib/python3.7/site-packages/airflow/example_dags/example_branch_day_of_week_operator.py
[2023-07-04T00:10:44.722+0000] {processor.py:826} INFO - Processing file /home/airflow/.local/lib/python3.7/site-packages/airflow/example_dags/example_branch_day_of_week_operator.py for tasks to queue
[2023-07-04T00:10:44.724+0000] {logging_mixin.py:149} INFO - [2023-07-04T00:10:44.724+0000] {dagbag.py:541} INFO - Filling up the DagBag from /home/airflow/.local/lib/python3.7/site-packages/airflow/example_dags/example_branch_day_of_week_operator.py
[2023-07-04T00:10:44.744+0000] {processor.py:836} INFO - DAG(s) dict_keys(['example_weekday_branch_operator']) retrieved from /home/airflow/.local/lib/python3.7/site-packages/airflow/example_dags/example_branch_day_of_week_operator.py
[2023-07-04T00:10:44.794+0000] {logging_mixin.py:149} INFO - [2023-07-04T00:10:44.793+0000] {dag.py:2726} INFO - Sync 1 DAGs
[2023-07-04T00:10:44.851+0000] {logging_mixin.py:149} INFO - [2023-07-04T00:10:44.850+0000] {dag.py:3490} INFO - Setting next_dagrun for example_weekday_branch_operator to 2023-07-03T00:00:00+00:00, run_after=2023-07-04T00:00:00+00:00
[2023-07-04T00:10:44.891+0000] {processor.py:179} INFO - Processing /home/airflow/.local/lib/python3.7/site-packages/airflow/example_dags/example_branch_day_of_week_operator.py took 0.178 seconds
[2023-07-04T00:11:15.240+0000] {processor.py:157} INFO - Started process (PID=526) to work on /home/airflow/.local/lib/python3.7/site-packages/airflow/example_dags/example_branch_day_of_week_operator.py
[2023-07-04T00:11:15.242+0000] {processor.py:826} INFO - Processing file /home/airflow/.local/lib/python3.7/site-packages/airflow/example_dags/example_branch_day_of_week_operator.py for tasks to queue
[2023-07-04T00:11:15.245+0000] {logging_mixin.py:149} INFO - [2023-07-04T00:11:15.244+0000] {dagbag.py:541} INFO - Filling up the DagBag from /home/airflow/.local/lib/python3.7/site-packages/airflow/example_dags/example_branch_day_of_week_operator.py
[2023-07-04T00:11:15.270+0000] {processor.py:836} INFO - DAG(s) dict_keys(['example_weekday_branch_operator']) retrieved from /home/airflow/.local/lib/python3.7/site-packages/airflow/example_dags/example_branch_day_of_week_operator.py
[2023-07-04T00:11:15.363+0000] {logging_mixin.py:149} INFO - [2023-07-04T00:11:15.362+0000] {dag.py:2726} INFO - Sync 1 DAGs
[2023-07-04T00:11:15.477+0000] {logging_mixin.py:149} INFO - [2023-07-04T00:11:15.477+0000] {dag.py:3490} INFO - Setting next_dagrun for example_weekday_branch_operator to 2023-07-03T00:00:00+00:00, run_after=2023-07-04T00:00:00+00:00
[2023-07-04T00:11:15.564+0000] {processor.py:179} INFO - Processing /home/airflow/.local/lib/python3.7/site-packages/airflow/example_dags/example_branch_day_of_week_operator.py took 0.333 seconds
[2023-07-04T00:11:46.097+0000] {processor.py:157} INFO - Started process (PID=583) to work on /home/airflow/.local/lib/python3.7/site-packages/airflow/example_dags/example_branch_day_of_week_operator.py
[2023-07-04T00:11:46.100+0000] {processor.py:826} INFO - Processing file /home/airflow/.local/lib/python3.7/site-packages/airflow/example_dags/example_branch_day_of_week_operator.py for tasks to queue
[2023-07-04T00:11:46.102+0000] {logging_mixin.py:149} INFO - [2023-07-04T00:11:46.101+0000] {dagbag.py:541} INFO - Filling up the DagBag from /home/airflow/.local/lib/python3.7/site-packages/airflow/example_dags/example_branch_day_of_week_operator.py
[2023-07-04T00:11:46.126+0000] {processor.py:836} INFO - DAG(s) dict_keys(['example_weekday_branch_operator']) retrieved from /home/airflow/.local/lib/python3.7/site-packages/airflow/example_dags/example_branch_day_of_week_operator.py
[2023-07-04T00:11:46.202+0000] {logging_mixin.py:149} INFO - [2023-07-04T00:11:46.201+0000] {dag.py:2726} INFO - Sync 1 DAGs
[2023-07-04T00:11:46.283+0000] {logging_mixin.py:149} INFO - [2023-07-04T00:11:46.283+0000] {dag.py:3490} INFO - Setting next_dagrun for example_weekday_branch_operator to 2023-07-03T00:00:00+00:00, run_after=2023-07-04T00:00:00+00:00
[2023-07-04T00:11:46.322+0000] {processor.py:179} INFO - Processing /home/airflow/.local/lib/python3.7/site-packages/airflow/example_dags/example_branch_day_of_week_operator.py took 0.233 seconds
[2023-07-04T00:12:17.353+0000] {processor.py:157} INFO - Started process (PID=640) to work on /home/airflow/.local/lib/python3.7/site-packages/airflow/example_dags/example_branch_day_of_week_operator.py
[2023-07-04T00:12:17.356+0000] {processor.py:826} INFO - Processing file /home/airflow/.local/lib/python3.7/site-packages/airflow/example_dags/example_branch_day_of_week_operator.py for tasks to queue
[2023-07-04T00:12:17.358+0000] {logging_mixin.py:149} INFO - [2023-07-04T00:12:17.358+0000] {dagbag.py:541} INFO - Filling up the DagBag from /home/airflow/.local/lib/python3.7/site-packages/airflow/example_dags/example_branch_day_of_week_operator.py
[2023-07-04T00:12:17.384+0000] {processor.py:836} INFO - DAG(s) dict_keys(['example_weekday_branch_operator']) retrieved from /home/airflow/.local/lib/python3.7/site-packages/airflow/example_dags/example_branch_day_of_week_operator.py
[2023-07-04T00:12:17.453+0000] {logging_mixin.py:149} INFO - [2023-07-04T00:12:17.453+0000] {dag.py:2726} INFO - Sync 1 DAGs
[2023-07-04T00:12:17.591+0000] {logging_mixin.py:149} INFO - [2023-07-04T00:12:17.590+0000] {dag.py:3490} INFO - Setting next_dagrun for example_weekday_branch_operator to 2023-07-03T00:00:00+00:00, run_after=2023-07-04T00:00:00+00:00
[2023-07-04T00:12:17.667+0000] {processor.py:179} INFO - Processing /home/airflow/.local/lib/python3.7/site-packages/airflow/example_dags/example_branch_day_of_week_operator.py took 0.325 seconds
[2023-07-04T00:12:47.952+0000] {processor.py:157} INFO - Started process (PID=697) to work on /home/airflow/.local/lib/python3.7/site-packages/airflow/example_dags/example_branch_day_of_week_operator.py
[2023-07-04T00:12:47.954+0000] {processor.py:826} INFO - Processing file /home/airflow/.local/lib/python3.7/site-packages/airflow/example_dags/example_branch_day_of_week_operator.py for tasks to queue
[2023-07-04T00:12:47.955+0000] {logging_mixin.py:149} INFO - [2023-07-04T00:12:47.954+0000] {dagbag.py:541} INFO - Filling up the DagBag from /home/airflow/.local/lib/python3.7/site-packages/airflow/example_dags/example_branch_day_of_week_operator.py
[2023-07-04T00:12:47.971+0000] {processor.py:836} INFO - DAG(s) dict_keys(['example_weekday_branch_operator']) retrieved from /home/airflow/.local/lib/python3.7/site-packages/airflow/example_dags/example_branch_day_of_week_operator.py
[2023-07-04T00:12:48.039+0000] {logging_mixin.py:149} INFO - [2023-07-04T00:12:48.039+0000] {dag.py:2726} INFO - Sync 1 DAGs
[2023-07-04T00:12:48.096+0000] {logging_mixin.py:149} INFO - [2023-07-04T00:12:48.096+0000] {dag.py:3490} INFO - Setting next_dagrun for example_weekday_branch_operator to 2023-07-03T00:00:00+00:00, run_after=2023-07-04T00:00:00+00:00
[2023-07-04T00:12:48.151+0000] {processor.py:179} INFO - Processing /home/airflow/.local/lib/python3.7/site-packages/airflow/example_dags/example_branch_day_of_week_operator.py took 0.209 seconds
[2023-07-04T00:13:18.216+0000] {processor.py:157} INFO - Started process (PID=754) to work on /home/airflow/.local/lib/python3.7/site-packages/airflow/example_dags/example_branch_day_of_week_operator.py
[2023-07-04T00:13:18.218+0000] {processor.py:826} INFO - Processing file /home/airflow/.local/lib/python3.7/site-packages/airflow/example_dags/example_branch_day_of_week_operator.py for tasks to queue
[2023-07-04T00:13:18.219+0000] {logging_mixin.py:149} INFO - [2023-07-04T00:13:18.219+0000] {dagbag.py:541} INFO - Filling up the DagBag from /home/airflow/.local/lib/python3.7/site-packages/airflow/example_dags/example_branch_day_of_week_operator.py
[2023-07-04T00:13:18.235+0000] {processor.py:836} INFO - DAG(s) dict_keys(['example_weekday_branch_operator']) retrieved from /home/airflow/.local/lib/python3.7/site-packages/airflow/example_dags/example_branch_day_of_week_operator.py
[2023-07-04T00:13:18.284+0000] {logging_mixin.py:149} INFO - [2023-07-04T00:13:18.284+0000] {dag.py:2726} INFO - Sync 1 DAGs
[2023-07-04T00:13:18.339+0000] {logging_mixin.py:149} INFO - [2023-07-04T00:13:18.339+0000] {dag.py:3490} INFO - Setting next_dagrun for example_weekday_branch_operator to 2023-07-03T00:00:00+00:00, run_after=2023-07-04T00:00:00+00:00
[2023-07-04T00:13:18.380+0000] {processor.py:179} INFO - Processing /home/airflow/.local/lib/python3.7/site-packages/airflow/example_dags/example_branch_day_of_week_operator.py took 0.173 seconds
[2023-07-04T00:13:49.153+0000] {processor.py:157} INFO - Started process (PID=811) to work on /home/airflow/.local/lib/python3.7/site-packages/airflow/example_dags/example_branch_day_of_week_operator.py
[2023-07-04T00:13:49.155+0000] {processor.py:826} INFO - Processing file /home/airflow/.local/lib/python3.7/site-packages/airflow/example_dags/example_branch_day_of_week_operator.py for tasks to queue
[2023-07-04T00:13:49.157+0000] {logging_mixin.py:149} INFO - [2023-07-04T00:13:49.157+0000] {dagbag.py:541} INFO - Filling up the DagBag from /home/airflow/.local/lib/python3.7/site-packages/airflow/example_dags/example_branch_day_of_week_operator.py
[2023-07-04T00:13:49.183+0000] {processor.py:836} INFO - DAG(s) dict_keys(['example_weekday_branch_operator']) retrieved from /home/airflow/.local/lib/python3.7/site-packages/airflow/example_dags/example_branch_day_of_week_operator.py
[2023-07-04T00:13:49.253+0000] {logging_mixin.py:149} INFO - [2023-07-04T00:13:49.253+0000] {dag.py:2726} INFO - Sync 1 DAGs
[2023-07-04T00:13:49.319+0000] {logging_mixin.py:149} INFO - [2023-07-04T00:13:49.319+0000] {dag.py:3490} INFO - Setting next_dagrun for example_weekday_branch_operator to 2023-07-03T00:00:00+00:00, run_after=2023-07-04T00:00:00+00:00
[2023-07-04T00:13:49.370+0000] {processor.py:179} INFO - Processing /home/airflow/.local/lib/python3.7/site-packages/airflow/example_dags/example_branch_day_of_week_operator.py took 0.225 seconds
[2023-07-04T00:14:19.752+0000] {processor.py:157} INFO - Started process (PID=868) to work on /home/airflow/.local/lib/python3.7/site-packages/airflow/example_dags/example_branch_day_of_week_operator.py
[2023-07-04T00:14:19.754+0000] {processor.py:826} INFO - Processing file /home/airflow/.local/lib/python3.7/site-packages/airflow/example_dags/example_branch_day_of_week_operator.py for tasks to queue
[2023-07-04T00:14:19.757+0000] {logging_mixin.py:149} INFO - [2023-07-04T00:14:19.756+0000] {dagbag.py:541} INFO - Filling up the DagBag from /home/airflow/.local/lib/python3.7/site-packages/airflow/example_dags/example_branch_day_of_week_operator.py
[2023-07-04T00:14:19.771+0000] {processor.py:836} INFO - DAG(s) dict_keys(['example_weekday_branch_operator']) retrieved from /home/airflow/.local/lib/python3.7/site-packages/airflow/example_dags/example_branch_day_of_week_operator.py
[2023-07-04T00:14:19.823+0000] {logging_mixin.py:149} INFO - [2023-07-04T00:14:19.823+0000] {dag.py:2726} INFO - Sync 1 DAGs
[2023-07-04T00:14:19.875+0000] {logging_mixin.py:149} INFO - [2023-07-04T00:14:19.875+0000] {dag.py:3490} INFO - Setting next_dagrun for example_weekday_branch_operator to 2023-07-03T00:00:00+00:00, run_after=2023-07-04T00:00:00+00:00
[2023-07-04T00:14:19.917+0000] {processor.py:179} INFO - Processing /home/airflow/.local/lib/python3.7/site-packages/airflow/example_dags/example_branch_day_of_week_operator.py took 0.173 seconds
[2023-07-04T00:14:50.791+0000] {processor.py:157} INFO - Started process (PID=925) to work on /home/airflow/.local/lib/python3.7/site-packages/airflow/example_dags/example_branch_day_of_week_operator.py
[2023-07-04T00:14:50.793+0000] {processor.py:826} INFO - Processing file /home/airflow/.local/lib/python3.7/site-packages/airflow/example_dags/example_branch_day_of_week_operator.py for tasks to queue
[2023-07-04T00:14:50.794+0000] {logging_mixin.py:149} INFO - [2023-07-04T00:14:50.794+0000] {dagbag.py:541} INFO - Filling up the DagBag from /home/airflow/.local/lib/python3.7/site-packages/airflow/example_dags/example_branch_day_of_week_operator.py
[2023-07-04T00:14:50.815+0000] {processor.py:836} INFO - DAG(s) dict_keys(['example_weekday_branch_operator']) retrieved from /home/airflow/.local/lib/python3.7/site-packages/airflow/example_dags/example_branch_day_of_week_operator.py
[2023-07-04T00:14:50.886+0000] {logging_mixin.py:149} INFO - [2023-07-04T00:14:50.885+0000] {dag.py:2726} INFO - Sync 1 DAGs
[2023-07-04T00:14:50.992+0000] {logging_mixin.py:149} INFO - [2023-07-04T00:14:50.992+0000] {dag.py:3490} INFO - Setting next_dagrun for example_weekday_branch_operator to 2023-07-03T00:00:00+00:00, run_after=2023-07-04T00:00:00+00:00
[2023-07-04T00:14:51.049+0000] {processor.py:179} INFO - Processing /home/airflow/.local/lib/python3.7/site-packages/airflow/example_dags/example_branch_day_of_week_operator.py took 0.263 seconds
[2023-07-04T00:15:21.364+0000] {processor.py:157} INFO - Started process (PID=982) to work on /home/airflow/.local/lib/python3.7/site-packages/airflow/example_dags/example_branch_day_of_week_operator.py
[2023-07-04T00:15:21.366+0000] {processor.py:826} INFO - Processing file /home/airflow/.local/lib/python3.7/site-packages/airflow/example_dags/example_branch_day_of_week_operator.py for tasks to queue
[2023-07-04T00:15:21.368+0000] {logging_mixin.py:149} INFO - [2023-07-04T00:15:21.368+0000] {dagbag.py:541} INFO - Filling up the DagBag from /home/airflow/.local/lib/python3.7/site-packages/airflow/example_dags/example_branch_day_of_week_operator.py
[2023-07-04T00:15:21.386+0000] {processor.py:836} INFO - DAG(s) dict_keys(['example_weekday_branch_operator']) retrieved from /home/airflow/.local/lib/python3.7/site-packages/airflow/example_dags/example_branch_day_of_week_operator.py
[2023-07-04T00:15:21.445+0000] {logging_mixin.py:149} INFO - [2023-07-04T00:15:21.445+0000] {dag.py:2726} INFO - Sync 1 DAGs
[2023-07-04T00:15:21.512+0000] {logging_mixin.py:149} INFO - [2023-07-04T00:15:21.512+0000] {dag.py:3490} INFO - Setting next_dagrun for example_weekday_branch_operator to 2023-07-03T00:00:00+00:00, run_after=2023-07-04T00:00:00+00:00
[2023-07-04T00:15:21.565+0000] {processor.py:179} INFO - Processing /home/airflow/.local/lib/python3.7/site-packages/airflow/example_dags/example_branch_day_of_week_operator.py took 0.215 seconds
[2023-07-04T00:15:52.391+0000] {processor.py:157} INFO - Started process (PID=1040) to work on /home/airflow/.local/lib/python3.7/site-packages/airflow/example_dags/example_branch_day_of_week_operator.py
[2023-07-04T00:15:52.393+0000] {processor.py:826} INFO - Processing file /home/airflow/.local/lib/python3.7/site-packages/airflow/example_dags/example_branch_day_of_week_operator.py for tasks to queue
[2023-07-04T00:15:52.394+0000] {logging_mixin.py:149} INFO - [2023-07-04T00:15:52.394+0000] {dagbag.py:541} INFO - Filling up the DagBag from /home/airflow/.local/lib/python3.7/site-packages/airflow/example_dags/example_branch_day_of_week_operator.py
[2023-07-04T00:15:52.406+0000] {processor.py:836} INFO - DAG(s) dict_keys(['example_weekday_branch_operator']) retrieved from /home/airflow/.local/lib/python3.7/site-packages/airflow/example_dags/example_branch_day_of_week_operator.py
[2023-07-04T00:15:52.455+0000] {logging_mixin.py:149} INFO - [2023-07-04T00:15:52.455+0000] {dag.py:2726} INFO - Sync 1 DAGs
[2023-07-04T00:15:52.505+0000] {logging_mixin.py:149} INFO - [2023-07-04T00:15:52.504+0000] {dag.py:3490} INFO - Setting next_dagrun for example_weekday_branch_operator to 2023-07-03T00:00:00+00:00, run_after=2023-07-04T00:00:00+00:00
[2023-07-04T00:15:52.538+0000] {processor.py:179} INFO - Processing /home/airflow/.local/lib/python3.7/site-packages/airflow/example_dags/example_branch_day_of_week_operator.py took 0.153 seconds
[2023-07-04T00:16:22.747+0000] {processor.py:157} INFO - Started process (PID=1097) to work on /home/airflow/.local/lib/python3.7/site-packages/airflow/example_dags/example_branch_day_of_week_operator.py
[2023-07-04T00:16:22.749+0000] {processor.py:826} INFO - Processing file /home/airflow/.local/lib/python3.7/site-packages/airflow/example_dags/example_branch_day_of_week_operator.py for tasks to queue
[2023-07-04T00:16:22.750+0000] {logging_mixin.py:149} INFO - [2023-07-04T00:16:22.750+0000] {dagbag.py:541} INFO - Filling up the DagBag from /home/airflow/.local/lib/python3.7/site-packages/airflow/example_dags/example_branch_day_of_week_operator.py
[2023-07-04T00:16:22.766+0000] {processor.py:836} INFO - DAG(s) dict_keys(['example_weekday_branch_operator']) retrieved from /home/airflow/.local/lib/python3.7/site-packages/airflow/example_dags/example_branch_day_of_week_operator.py
[2023-07-04T00:16:22.822+0000] {logging_mixin.py:149} INFO - [2023-07-04T00:16:22.821+0000] {dag.py:2726} INFO - Sync 1 DAGs
[2023-07-04T00:16:22.890+0000] {logging_mixin.py:149} INFO - [2023-07-04T00:16:22.890+0000] {dag.py:3490} INFO - Setting next_dagrun for example_weekday_branch_operator to 2023-07-03T00:00:00+00:00, run_after=2023-07-04T00:00:00+00:00
[2023-07-04T00:16:22.932+0000] {processor.py:179} INFO - Processing /home/airflow/.local/lib/python3.7/site-packages/airflow/example_dags/example_branch_day_of_week_operator.py took 0.193 seconds
[2023-07-04T00:16:53.058+0000] {processor.py:157} INFO - Started process (PID=1154) to work on /home/airflow/.local/lib/python3.7/site-packages/airflow/example_dags/example_branch_day_of_week_operator.py
[2023-07-04T00:16:53.060+0000] {processor.py:826} INFO - Processing file /home/airflow/.local/lib/python3.7/site-packages/airflow/example_dags/example_branch_day_of_week_operator.py for tasks to queue
[2023-07-04T00:16:53.062+0000] {logging_mixin.py:149} INFO - [2023-07-04T00:16:53.062+0000] {dagbag.py:541} INFO - Filling up the DagBag from /home/airflow/.local/lib/python3.7/site-packages/airflow/example_dags/example_branch_day_of_week_operator.py
[2023-07-04T00:16:53.081+0000] {processor.py:836} INFO - DAG(s) dict_keys(['example_weekday_branch_operator']) retrieved from /home/airflow/.local/lib/python3.7/site-packages/airflow/example_dags/example_branch_day_of_week_operator.py
[2023-07-04T00:16:53.134+0000] {logging_mixin.py:149} INFO - [2023-07-04T00:16:53.134+0000] {dag.py:2726} INFO - Sync 1 DAGs
[2023-07-04T00:16:53.203+0000] {logging_mixin.py:149} INFO - [2023-07-04T00:16:53.203+0000] {dag.py:3490} INFO - Setting next_dagrun for example_weekday_branch_operator to 2023-07-03T00:00:00+00:00, run_after=2023-07-04T00:00:00+00:00
[2023-07-04T00:16:53.245+0000] {processor.py:179} INFO - Processing /home/airflow/.local/lib/python3.7/site-packages/airflow/example_dags/example_branch_day_of_week_operator.py took 0.195 seconds
[2023-07-04T00:17:24.419+0000] {processor.py:157} INFO - Started process (PID=1211) to work on /home/airflow/.local/lib/python3.7/site-packages/airflow/example_dags/example_branch_day_of_week_operator.py
[2023-07-04T00:17:24.421+0000] {processor.py:826} INFO - Processing file /home/airflow/.local/lib/python3.7/site-packages/airflow/example_dags/example_branch_day_of_week_operator.py for tasks to queue
[2023-07-04T00:17:24.423+0000] {logging_mixin.py:149} INFO - [2023-07-04T00:17:24.423+0000] {dagbag.py:541} INFO - Filling up the DagBag from /home/airflow/.local/lib/python3.7/site-packages/airflow/example_dags/example_branch_day_of_week_operator.py
[2023-07-04T00:17:24.446+0000] {processor.py:836} INFO - DAG(s) dict_keys(['example_weekday_branch_operator']) retrieved from /home/airflow/.local/lib/python3.7/site-packages/airflow/example_dags/example_branch_day_of_week_operator.py
[2023-07-04T00:17:24.525+0000] {logging_mixin.py:149} INFO - [2023-07-04T00:17:24.525+0000] {dag.py:2726} INFO - Sync 1 DAGs
[2023-07-04T00:17:24.623+0000] {logging_mixin.py:149} INFO - [2023-07-04T00:17:24.622+0000] {dag.py:3490} INFO - Setting next_dagrun for example_weekday_branch_operator to 2023-07-03T00:00:00+00:00, run_after=2023-07-04T00:00:00+00:00
[2023-07-04T00:17:24.724+0000] {processor.py:179} INFO - Processing /home/airflow/.local/lib/python3.7/site-packages/airflow/example_dags/example_branch_day_of_week_operator.py took 0.317 seconds
[2023-07-04T00:17:55.734+0000] {processor.py:157} INFO - Started process (PID=1268) to work on /home/airflow/.local/lib/python3.7/site-packages/airflow/example_dags/example_branch_day_of_week_operator.py
[2023-07-04T00:17:55.735+0000] {processor.py:826} INFO - Processing file /home/airflow/.local/lib/python3.7/site-packages/airflow/example_dags/example_branch_day_of_week_operator.py for tasks to queue
[2023-07-04T00:17:55.736+0000] {logging_mixin.py:149} INFO - [2023-07-04T00:17:55.736+0000] {dagbag.py:541} INFO - Filling up the DagBag from /home/airflow/.local/lib/python3.7/site-packages/airflow/example_dags/example_branch_day_of_week_operator.py
[2023-07-04T00:17:55.747+0000] {processor.py:836} INFO - DAG(s) dict_keys(['example_weekday_branch_operator']) retrieved from /home/airflow/.local/lib/python3.7/site-packages/airflow/example_dags/example_branch_day_of_week_operator.py
[2023-07-04T00:17:55.788+0000] {logging_mixin.py:149} INFO - [2023-07-04T00:17:55.788+0000] {dag.py:2726} INFO - Sync 1 DAGs
[2023-07-04T00:17:55.831+0000] {logging_mixin.py:149} INFO - [2023-07-04T00:17:55.831+0000] {dag.py:3490} INFO - Setting next_dagrun for example_weekday_branch_operator to 2023-07-03T00:00:00+00:00, run_after=2023-07-04T00:00:00+00:00
[2023-07-04T00:17:55.884+0000] {processor.py:179} INFO - Processing /home/airflow/.local/lib/python3.7/site-packages/airflow/example_dags/example_branch_day_of_week_operator.py took 0.159 seconds
[2023-07-04T00:18:26.624+0000] {processor.py:157} INFO - Started process (PID=1325) to work on /home/airflow/.local/lib/python3.7/site-packages/airflow/example_dags/example_branch_day_of_week_operator.py
[2023-07-04T00:18:26.625+0000] {processor.py:826} INFO - Processing file /home/airflow/.local/lib/python3.7/site-packages/airflow/example_dags/example_branch_day_of_week_operator.py for tasks to queue
[2023-07-04T00:18:26.626+0000] {logging_mixin.py:149} INFO - [2023-07-04T00:18:26.626+0000] {dagbag.py:541} INFO - Filling up the DagBag from /home/airflow/.local/lib/python3.7/site-packages/airflow/example_dags/example_branch_day_of_week_operator.py
[2023-07-04T00:18:26.639+0000] {processor.py:836} INFO - DAG(s) dict_keys(['example_weekday_branch_operator']) retrieved from /home/airflow/.local/lib/python3.7/site-packages/airflow/example_dags/example_branch_day_of_week_operator.py
[2023-07-04T00:18:26.676+0000] {logging_mixin.py:149} INFO - [2023-07-04T00:18:26.675+0000] {dag.py:2726} INFO - Sync 1 DAGs
[2023-07-04T00:18:26.720+0000] {logging_mixin.py:149} INFO - [2023-07-04T00:18:26.720+0000] {dag.py:3490} INFO - Setting next_dagrun for example_weekday_branch_operator to 2023-07-03T00:00:00+00:00, run_after=2023-07-04T00:00:00+00:00
[2023-07-04T00:18:26.746+0000] {processor.py:179} INFO - Processing /home/airflow/.local/lib/python3.7/site-packages/airflow/example_dags/example_branch_day_of_week_operator.py took 0.127 seconds
[2023-07-04T00:18:57.572+0000] {processor.py:157} INFO - Started process (PID=1381) to work on /home/airflow/.local/lib/python3.7/site-packages/airflow/example_dags/example_branch_day_of_week_operator.py
[2023-07-04T00:18:57.574+0000] {processor.py:826} INFO - Processing file /home/airflow/.local/lib/python3.7/site-packages/airflow/example_dags/example_branch_day_of_week_operator.py for tasks to queue
[2023-07-04T00:18:57.577+0000] {logging_mixin.py:149} INFO - [2023-07-04T00:18:57.577+0000] {dagbag.py:541} INFO - Filling up the DagBag from /home/airflow/.local/lib/python3.7/site-packages/airflow/example_dags/example_branch_day_of_week_operator.py
[2023-07-04T00:18:57.591+0000] {processor.py:836} INFO - DAG(s) dict_keys(['example_weekday_branch_operator']) retrieved from /home/airflow/.local/lib/python3.7/site-packages/airflow/example_dags/example_branch_day_of_week_operator.py
[2023-07-04T00:18:57.655+0000] {logging_mixin.py:149} INFO - [2023-07-04T00:18:57.654+0000] {dag.py:2726} INFO - Sync 1 DAGs
[2023-07-04T00:18:57.726+0000] {logging_mixin.py:149} INFO - [2023-07-04T00:18:57.726+0000] {dag.py:3490} INFO - Setting next_dagrun for example_weekday_branch_operator to 2023-07-03T00:00:00+00:00, run_after=2023-07-04T00:00:00+00:00
[2023-07-04T00:18:57.788+0000] {processor.py:179} INFO - Processing /home/airflow/.local/lib/python3.7/site-packages/airflow/example_dags/example_branch_day_of_week_operator.py took 0.225 seconds
[2023-07-04T00:19:28.430+0000] {processor.py:157} INFO - Started process (PID=1439) to work on /home/airflow/.local/lib/python3.7/site-packages/airflow/example_dags/example_branch_day_of_week_operator.py
[2023-07-04T00:19:28.433+0000] {processor.py:826} INFO - Processing file /home/airflow/.local/lib/python3.7/site-packages/airflow/example_dags/example_branch_day_of_week_operator.py for tasks to queue
[2023-07-04T00:19:28.436+0000] {logging_mixin.py:149} INFO - [2023-07-04T00:19:28.436+0000] {dagbag.py:541} INFO - Filling up the DagBag from /home/airflow/.local/lib/python3.7/site-packages/airflow/example_dags/example_branch_day_of_week_operator.py
[2023-07-04T00:19:28.452+0000] {processor.py:836} INFO - DAG(s) dict_keys(['example_weekday_branch_operator']) retrieved from /home/airflow/.local/lib/python3.7/site-packages/airflow/example_dags/example_branch_day_of_week_operator.py
[2023-07-04T00:19:28.513+0000] {logging_mixin.py:149} INFO - [2023-07-04T00:19:28.513+0000] {dag.py:2726} INFO - Sync 1 DAGs
[2023-07-04T00:19:28.586+0000] {logging_mixin.py:149} INFO - [2023-07-04T00:19:28.586+0000] {dag.py:3490} INFO - Setting next_dagrun for example_weekday_branch_operator to 2023-07-03T00:00:00+00:00, run_after=2023-07-04T00:00:00+00:00
[2023-07-04T00:19:28.624+0000] {processor.py:179} INFO - Processing /home/airflow/.local/lib/python3.7/site-packages/airflow/example_dags/example_branch_day_of_week_operator.py took 0.201 seconds
[2023-07-04T00:19:59.226+0000] {processor.py:157} INFO - Started process (PID=1496) to work on /home/airflow/.local/lib/python3.7/site-packages/airflow/example_dags/example_branch_day_of_week_operator.py
[2023-07-04T00:19:59.227+0000] {processor.py:826} INFO - Processing file /home/airflow/.local/lib/python3.7/site-packages/airflow/example_dags/example_branch_day_of_week_operator.py for tasks to queue
[2023-07-04T00:19:59.229+0000] {logging_mixin.py:149} INFO - [2023-07-04T00:19:59.228+0000] {dagbag.py:541} INFO - Filling up the DagBag from /home/airflow/.local/lib/python3.7/site-packages/airflow/example_dags/example_branch_day_of_week_operator.py
[2023-07-04T00:19:59.245+0000] {processor.py:836} INFO - DAG(s) dict_keys(['example_weekday_branch_operator']) retrieved from /home/airflow/.local/lib/python3.7/site-packages/airflow/example_dags/example_branch_day_of_week_operator.py
[2023-07-04T00:19:59.327+0000] {logging_mixin.py:149} INFO - [2023-07-04T00:19:59.327+0000] {dag.py:2726} INFO - Sync 1 DAGs
[2023-07-04T00:19:59.381+0000] {logging_mixin.py:149} INFO - [2023-07-04T00:19:59.381+0000] {dag.py:3490} INFO - Setting next_dagrun for example_weekday_branch_operator to 2023-07-03T00:00:00+00:00, run_after=2023-07-04T00:00:00+00:00
[2023-07-04T00:19:59.431+0000] {processor.py:179} INFO - Processing /home/airflow/.local/lib/python3.7/site-packages/airflow/example_dags/example_branch_day_of_week_operator.py took 0.214 seconds
[2023-07-04T00:20:29.830+0000] {processor.py:157} INFO - Started process (PID=1553) to work on /home/airflow/.local/lib/python3.7/site-packages/airflow/example_dags/example_branch_day_of_week_operator.py
[2023-07-04T00:20:29.832+0000] {processor.py:826} INFO - Processing file /home/airflow/.local/lib/python3.7/site-packages/airflow/example_dags/example_branch_day_of_week_operator.py for tasks to queue
[2023-07-04T00:20:29.833+0000] {logging_mixin.py:149} INFO - [2023-07-04T00:20:29.833+0000] {dagbag.py:541} INFO - Filling up the DagBag from /home/airflow/.local/lib/python3.7/site-packages/airflow/example_dags/example_branch_day_of_week_operator.py
[2023-07-04T00:20:29.848+0000] {processor.py:836} INFO - DAG(s) dict_keys(['example_weekday_branch_operator']) retrieved from /home/airflow/.local/lib/python3.7/site-packages/airflow/example_dags/example_branch_day_of_week_operator.py
[2023-07-04T00:20:29.893+0000] {logging_mixin.py:149} INFO - [2023-07-04T00:20:29.893+0000] {dag.py:2726} INFO - Sync 1 DAGs
[2023-07-04T00:20:29.948+0000] {logging_mixin.py:149} INFO - [2023-07-04T00:20:29.948+0000] {dag.py:3490} INFO - Setting next_dagrun for example_weekday_branch_operator to 2023-07-03T00:00:00+00:00, run_after=2023-07-04T00:00:00+00:00
[2023-07-04T00:20:29.986+0000] {processor.py:179} INFO - Processing /home/airflow/.local/lib/python3.7/site-packages/airflow/example_dags/example_branch_day_of_week_operator.py took 0.161 seconds
[2023-07-04T00:21:00.571+0000] {processor.py:157} INFO - Started process (PID=1610) to work on /home/airflow/.local/lib/python3.7/site-packages/airflow/example_dags/example_branch_day_of_week_operator.py
[2023-07-04T00:21:00.574+0000] {processor.py:826} INFO - Processing file /home/airflow/.local/lib/python3.7/site-packages/airflow/example_dags/example_branch_day_of_week_operator.py for tasks to queue
[2023-07-04T00:21:00.576+0000] {logging_mixin.py:149} INFO - [2023-07-04T00:21:00.575+0000] {dagbag.py:541} INFO - Filling up the DagBag from /home/airflow/.local/lib/python3.7/site-packages/airflow/example_dags/example_branch_day_of_week_operator.py
[2023-07-04T00:21:00.593+0000] {processor.py:836} INFO - DAG(s) dict_keys(['example_weekday_branch_operator']) retrieved from /home/airflow/.local/lib/python3.7/site-packages/airflow/example_dags/example_branch_day_of_week_operator.py
[2023-07-04T00:21:00.645+0000] {logging_mixin.py:149} INFO - [2023-07-04T00:21:00.644+0000] {dag.py:2726} INFO - Sync 1 DAGs
[2023-07-04T00:21:00.697+0000] {logging_mixin.py:149} INFO - [2023-07-04T00:21:00.696+0000] {dag.py:3490} INFO - Setting next_dagrun for example_weekday_branch_operator to 2023-07-03T00:00:00+00:00, run_after=2023-07-04T00:00:00+00:00
[2023-07-04T00:21:00.747+0000] {processor.py:179} INFO - Processing /home/airflow/.local/lib/python3.7/site-packages/airflow/example_dags/example_branch_day_of_week_operator.py took 0.184 seconds
[2023-07-04T00:21:30.896+0000] {processor.py:157} INFO - Started process (PID=1665) to work on /home/airflow/.local/lib/python3.7/site-packages/airflow/example_dags/example_branch_day_of_week_operator.py
[2023-07-04T00:21:30.898+0000] {processor.py:826} INFO - Processing file /home/airflow/.local/lib/python3.7/site-packages/airflow/example_dags/example_branch_day_of_week_operator.py for tasks to queue
[2023-07-04T00:21:30.899+0000] {logging_mixin.py:149} INFO - [2023-07-04T00:21:30.898+0000] {dagbag.py:541} INFO - Filling up the DagBag from /home/airflow/.local/lib/python3.7/site-packages/airflow/example_dags/example_branch_day_of_week_operator.py
[2023-07-04T00:21:30.911+0000] {processor.py:836} INFO - DAG(s) dict_keys(['example_weekday_branch_operator']) retrieved from /home/airflow/.local/lib/python3.7/site-packages/airflow/example_dags/example_branch_day_of_week_operator.py
[2023-07-04T00:21:30.961+0000] {logging_mixin.py:149} INFO - [2023-07-04T00:21:30.961+0000] {dag.py:2726} INFO - Sync 1 DAGs
[2023-07-04T00:21:31.010+0000] {logging_mixin.py:149} INFO - [2023-07-04T00:21:31.010+0000] {dag.py:3490} INFO - Setting next_dagrun for example_weekday_branch_operator to 2023-07-03T00:00:00+00:00, run_after=2023-07-04T00:00:00+00:00
[2023-07-04T00:21:31.039+0000] {processor.py:179} INFO - Processing /home/airflow/.local/lib/python3.7/site-packages/airflow/example_dags/example_branch_day_of_week_operator.py took 0.151 seconds
[2023-07-04T00:22:01.867+0000] {processor.py:157} INFO - Started process (PID=1722) to work on /home/airflow/.local/lib/python3.7/site-packages/airflow/example_dags/example_branch_day_of_week_operator.py
[2023-07-04T00:22:01.869+0000] {processor.py:826} INFO - Processing file /home/airflow/.local/lib/python3.7/site-packages/airflow/example_dags/example_branch_day_of_week_operator.py for tasks to queue
[2023-07-04T00:22:01.871+0000] {logging_mixin.py:149} INFO - [2023-07-04T00:22:01.871+0000] {dagbag.py:541} INFO - Filling up the DagBag from /home/airflow/.local/lib/python3.7/site-packages/airflow/example_dags/example_branch_day_of_week_operator.py
[2023-07-04T00:22:01.894+0000] {processor.py:836} INFO - DAG(s) dict_keys(['example_weekday_branch_operator']) retrieved from /home/airflow/.local/lib/python3.7/site-packages/airflow/example_dags/example_branch_day_of_week_operator.py
[2023-07-04T00:22:01.956+0000] {logging_mixin.py:149} INFO - [2023-07-04T00:22:01.956+0000] {dag.py:2726} INFO - Sync 1 DAGs
[2023-07-04T00:22:02.027+0000] {logging_mixin.py:149} INFO - [2023-07-04T00:22:02.027+0000] {dag.py:3490} INFO - Setting next_dagrun for example_weekday_branch_operator to 2023-07-03T00:00:00+00:00, run_after=2023-07-04T00:00:00+00:00
[2023-07-04T00:22:02.091+0000] {processor.py:179} INFO - Processing /home/airflow/.local/lib/python3.7/site-packages/airflow/example_dags/example_branch_day_of_week_operator.py took 0.233 seconds
[2023-07-04T00:22:32.556+0000] {processor.py:157} INFO - Started process (PID=1779) to work on /home/airflow/.local/lib/python3.7/site-packages/airflow/example_dags/example_branch_day_of_week_operator.py
[2023-07-04T00:22:32.557+0000] {processor.py:826} INFO - Processing file /home/airflow/.local/lib/python3.7/site-packages/airflow/example_dags/example_branch_day_of_week_operator.py for tasks to queue
[2023-07-04T00:22:32.559+0000] {logging_mixin.py:149} INFO - [2023-07-04T00:22:32.558+0000] {dagbag.py:541} INFO - Filling up the DagBag from /home/airflow/.local/lib/python3.7/site-packages/airflow/example_dags/example_branch_day_of_week_operator.py
[2023-07-04T00:22:32.577+0000] {processor.py:836} INFO - DAG(s) dict_keys(['example_weekday_branch_operator']) retrieved from /home/airflow/.local/lib/python3.7/site-packages/airflow/example_dags/example_branch_day_of_week_operator.py
[2023-07-04T00:22:32.643+0000] {logging_mixin.py:149} INFO - [2023-07-04T00:22:32.642+0000] {dag.py:2726} INFO - Sync 1 DAGs
[2023-07-04T00:22:32.719+0000] {logging_mixin.py:149} INFO - [2023-07-04T00:22:32.719+0000] {dag.py:3490} INFO - Setting next_dagrun for example_weekday_branch_operator to 2023-07-03T00:00:00+00:00, run_after=2023-07-04T00:00:00+00:00
[2023-07-04T00:22:32.779+0000] {processor.py:179} INFO - Processing /home/airflow/.local/lib/python3.7/site-packages/airflow/example_dags/example_branch_day_of_week_operator.py took 0.229 seconds
[2023-07-04T00:23:02.967+0000] {processor.py:157} INFO - Started process (PID=1836) to work on /home/airflow/.local/lib/python3.7/site-packages/airflow/example_dags/example_branch_day_of_week_operator.py
[2023-07-04T00:23:02.969+0000] {processor.py:826} INFO - Processing file /home/airflow/.local/lib/python3.7/site-packages/airflow/example_dags/example_branch_day_of_week_operator.py for tasks to queue
[2023-07-04T00:23:02.970+0000] {logging_mixin.py:149} INFO - [2023-07-04T00:23:02.970+0000] {dagbag.py:541} INFO - Filling up the DagBag from /home/airflow/.local/lib/python3.7/site-packages/airflow/example_dags/example_branch_day_of_week_operator.py
[2023-07-04T00:23:02.988+0000] {processor.py:836} INFO - DAG(s) dict_keys(['example_weekday_branch_operator']) retrieved from /home/airflow/.local/lib/python3.7/site-packages/airflow/example_dags/example_branch_day_of_week_operator.py
[2023-07-04T00:23:03.040+0000] {logging_mixin.py:149} INFO - [2023-07-04T00:23:03.039+0000] {dag.py:2726} INFO - Sync 1 DAGs
[2023-07-04T00:23:03.094+0000] {logging_mixin.py:149} INFO - [2023-07-04T00:23:03.094+0000] {dag.py:3490} INFO - Setting next_dagrun for example_weekday_branch_operator to 2023-07-03T00:00:00+00:00, run_after=2023-07-04T00:00:00+00:00
[2023-07-04T00:23:03.129+0000] {processor.py:179} INFO - Processing /home/airflow/.local/lib/python3.7/site-packages/airflow/example_dags/example_branch_day_of_week_operator.py took 0.169 seconds
[2023-07-04T00:23:33.784+0000] {processor.py:157} INFO - Started process (PID=1893) to work on /home/airflow/.local/lib/python3.7/site-packages/airflow/example_dags/example_branch_day_of_week_operator.py
[2023-07-04T00:23:33.785+0000] {processor.py:826} INFO - Processing file /home/airflow/.local/lib/python3.7/site-packages/airflow/example_dags/example_branch_day_of_week_operator.py for tasks to queue
[2023-07-04T00:23:33.787+0000] {logging_mixin.py:149} INFO - [2023-07-04T00:23:33.787+0000] {dagbag.py:541} INFO - Filling up the DagBag from /home/airflow/.local/lib/python3.7/site-packages/airflow/example_dags/example_branch_day_of_week_operator.py
[2023-07-04T00:23:33.808+0000] {processor.py:836} INFO - DAG(s) dict_keys(['example_weekday_branch_operator']) retrieved from /home/airflow/.local/lib/python3.7/site-packages/airflow/example_dags/example_branch_day_of_week_operator.py
[2023-07-04T00:23:33.873+0000] {logging_mixin.py:149} INFO - [2023-07-04T00:23:33.873+0000] {dag.py:2726} INFO - Sync 1 DAGs
[2023-07-04T00:23:33.966+0000] {logging_mixin.py:149} INFO - [2023-07-04T00:23:33.966+0000] {dag.py:3490} INFO - Setting next_dagrun for example_weekday_branch_operator to 2023-07-03T00:00:00+00:00, run_after=2023-07-04T00:00:00+00:00
[2023-07-04T00:23:34.037+0000] {processor.py:179} INFO - Processing /home/airflow/.local/lib/python3.7/site-packages/airflow/example_dags/example_branch_day_of_week_operator.py took 0.263 seconds
[2023-07-04T00:24:04.723+0000] {processor.py:157} INFO - Started process (PID=1950) to work on /home/airflow/.local/lib/python3.7/site-packages/airflow/example_dags/example_branch_day_of_week_operator.py
[2023-07-04T00:24:04.727+0000] {processor.py:826} INFO - Processing file /home/airflow/.local/lib/python3.7/site-packages/airflow/example_dags/example_branch_day_of_week_operator.py for tasks to queue
[2023-07-04T00:24:04.730+0000] {logging_mixin.py:149} INFO - [2023-07-04T00:24:04.729+0000] {dagbag.py:541} INFO - Filling up the DagBag from /home/airflow/.local/lib/python3.7/site-packages/airflow/example_dags/example_branch_day_of_week_operator.py
[2023-07-04T00:24:04.755+0000] {processor.py:836} INFO - DAG(s) dict_keys(['example_weekday_branch_operator']) retrieved from /home/airflow/.local/lib/python3.7/site-packages/airflow/example_dags/example_branch_day_of_week_operator.py
[2023-07-04T00:24:04.832+0000] {logging_mixin.py:149} INFO - [2023-07-04T00:24:04.832+0000] {dag.py:2726} INFO - Sync 1 DAGs
[2023-07-04T00:24:04.926+0000] {logging_mixin.py:149} INFO - [2023-07-04T00:24:04.925+0000] {dag.py:3490} INFO - Setting next_dagrun for example_weekday_branch_operator to 2023-07-03T00:00:00+00:00, run_after=2023-07-04T00:00:00+00:00
[2023-07-04T00:24:04.980+0000] {processor.py:179} INFO - Processing /home/airflow/.local/lib/python3.7/site-packages/airflow/example_dags/example_branch_day_of_week_operator.py took 0.265 seconds
[2023-07-04T00:24:35.216+0000] {processor.py:157} INFO - Started process (PID=2007) to work on /home/airflow/.local/lib/python3.7/site-packages/airflow/example_dags/example_branch_day_of_week_operator.py
[2023-07-04T00:24:35.217+0000] {processor.py:826} INFO - Processing file /home/airflow/.local/lib/python3.7/site-packages/airflow/example_dags/example_branch_day_of_week_operator.py for tasks to queue
[2023-07-04T00:24:35.218+0000] {logging_mixin.py:149} INFO - [2023-07-04T00:24:35.218+0000] {dagbag.py:541} INFO - Filling up the DagBag from /home/airflow/.local/lib/python3.7/site-packages/airflow/example_dags/example_branch_day_of_week_operator.py
[2023-07-04T00:24:35.232+0000] {processor.py:836} INFO - DAG(s) dict_keys(['example_weekday_branch_operator']) retrieved from /home/airflow/.local/lib/python3.7/site-packages/airflow/example_dags/example_branch_day_of_week_operator.py
[2023-07-04T00:24:35.276+0000] {logging_mixin.py:149} INFO - [2023-07-04T00:24:35.276+0000] {dag.py:2726} INFO - Sync 1 DAGs
[2023-07-04T00:24:35.328+0000] {logging_mixin.py:149} INFO - [2023-07-04T00:24:35.328+0000] {dag.py:3490} INFO - Setting next_dagrun for example_weekday_branch_operator to 2023-07-03T00:00:00+00:00, run_after=2023-07-04T00:00:00+00:00
[2023-07-04T00:24:35.367+0000] {processor.py:179} INFO - Processing /home/airflow/.local/lib/python3.7/site-packages/airflow/example_dags/example_branch_day_of_week_operator.py took 0.157 seconds
[2023-07-04T00:25:05.769+0000] {processor.py:157} INFO - Started process (PID=2064) to work on /home/airflow/.local/lib/python3.7/site-packages/airflow/example_dags/example_branch_day_of_week_operator.py
[2023-07-04T00:25:05.771+0000] {processor.py:826} INFO - Processing file /home/airflow/.local/lib/python3.7/site-packages/airflow/example_dags/example_branch_day_of_week_operator.py for tasks to queue
[2023-07-04T00:25:05.772+0000] {logging_mixin.py:149} INFO - [2023-07-04T00:25:05.772+0000] {dagbag.py:541} INFO - Filling up the DagBag from /home/airflow/.local/lib/python3.7/site-packages/airflow/example_dags/example_branch_day_of_week_operator.py
[2023-07-04T00:25:05.785+0000] {processor.py:836} INFO - DAG(s) dict_keys(['example_weekday_branch_operator']) retrieved from /home/airflow/.local/lib/python3.7/site-packages/airflow/example_dags/example_branch_day_of_week_operator.py
[2023-07-04T00:25:05.828+0000] {logging_mixin.py:149} INFO - [2023-07-04T00:25:05.828+0000] {dag.py:2726} INFO - Sync 1 DAGs
[2023-07-04T00:25:05.899+0000] {logging_mixin.py:149} INFO - [2023-07-04T00:25:05.898+0000] {dag.py:3490} INFO - Setting next_dagrun for example_weekday_branch_operator to 2023-07-03T00:00:00+00:00, run_after=2023-07-04T00:00:00+00:00
[2023-07-04T00:25:05.943+0000] {processor.py:179} INFO - Processing /home/airflow/.local/lib/python3.7/site-packages/airflow/example_dags/example_branch_day_of_week_operator.py took 0.181 seconds
[2023-07-04T00:25:36.371+0000] {processor.py:157} INFO - Started process (PID=2122) to work on /home/airflow/.local/lib/python3.7/site-packages/airflow/example_dags/example_branch_day_of_week_operator.py
[2023-07-04T00:25:36.373+0000] {processor.py:826} INFO - Processing file /home/airflow/.local/lib/python3.7/site-packages/airflow/example_dags/example_branch_day_of_week_operator.py for tasks to queue
[2023-07-04T00:25:36.374+0000] {logging_mixin.py:149} INFO - [2023-07-04T00:25:36.373+0000] {dagbag.py:541} INFO - Filling up the DagBag from /home/airflow/.local/lib/python3.7/site-packages/airflow/example_dags/example_branch_day_of_week_operator.py
[2023-07-04T00:25:36.392+0000] {processor.py:836} INFO - DAG(s) dict_keys(['example_weekday_branch_operator']) retrieved from /home/airflow/.local/lib/python3.7/site-packages/airflow/example_dags/example_branch_day_of_week_operator.py
[2023-07-04T00:25:36.449+0000] {logging_mixin.py:149} INFO - [2023-07-04T00:25:36.449+0000] {dag.py:2726} INFO - Sync 1 DAGs
[2023-07-04T00:25:36.529+0000] {logging_mixin.py:149} INFO - [2023-07-04T00:25:36.528+0000] {dag.py:3490} INFO - Setting next_dagrun for example_weekday_branch_operator to 2023-07-03T00:00:00+00:00, run_after=2023-07-04T00:00:00+00:00
[2023-07-04T00:25:36.587+0000] {processor.py:179} INFO - Processing /home/airflow/.local/lib/python3.7/site-packages/airflow/example_dags/example_branch_day_of_week_operator.py took 0.222 seconds
[2023-07-04T00:26:06.946+0000] {processor.py:157} INFO - Started process (PID=2179) to work on /home/airflow/.local/lib/python3.7/site-packages/airflow/example_dags/example_branch_day_of_week_operator.py
[2023-07-04T00:26:06.949+0000] {processor.py:826} INFO - Processing file /home/airflow/.local/lib/python3.7/site-packages/airflow/example_dags/example_branch_day_of_week_operator.py for tasks to queue
[2023-07-04T00:26:06.951+0000] {logging_mixin.py:149} INFO - [2023-07-04T00:26:06.951+0000] {dagbag.py:541} INFO - Filling up the DagBag from /home/airflow/.local/lib/python3.7/site-packages/airflow/example_dags/example_branch_day_of_week_operator.py
[2023-07-04T00:26:06.973+0000] {processor.py:836} INFO - DAG(s) dict_keys(['example_weekday_branch_operator']) retrieved from /home/airflow/.local/lib/python3.7/site-packages/airflow/example_dags/example_branch_day_of_week_operator.py
[2023-07-04T00:26:07.034+0000] {logging_mixin.py:149} INFO - [2023-07-04T00:26:07.034+0000] {dag.py:2726} INFO - Sync 1 DAGs
[2023-07-04T00:26:07.096+0000] {logging_mixin.py:149} INFO - [2023-07-04T00:26:07.096+0000] {dag.py:3490} INFO - Setting next_dagrun for example_weekday_branch_operator to 2023-07-03T00:00:00+00:00, run_after=2023-07-04T00:00:00+00:00
[2023-07-04T00:26:07.141+0000] {processor.py:179} INFO - Processing /home/airflow/.local/lib/python3.7/site-packages/airflow/example_dags/example_branch_day_of_week_operator.py took 0.201 seconds
[2023-07-04T00:26:37.881+0000] {processor.py:157} INFO - Started process (PID=2236) to work on /home/airflow/.local/lib/python3.7/site-packages/airflow/example_dags/example_branch_day_of_week_operator.py
[2023-07-04T00:26:37.882+0000] {processor.py:826} INFO - Processing file /home/airflow/.local/lib/python3.7/site-packages/airflow/example_dags/example_branch_day_of_week_operator.py for tasks to queue
[2023-07-04T00:26:37.884+0000] {logging_mixin.py:149} INFO - [2023-07-04T00:26:37.883+0000] {dagbag.py:541} INFO - Filling up the DagBag from /home/airflow/.local/lib/python3.7/site-packages/airflow/example_dags/example_branch_day_of_week_operator.py
[2023-07-04T00:26:37.897+0000] {processor.py:836} INFO - DAG(s) dict_keys(['example_weekday_branch_operator']) retrieved from /home/airflow/.local/lib/python3.7/site-packages/airflow/example_dags/example_branch_day_of_week_operator.py
[2023-07-04T00:26:37.948+0000] {logging_mixin.py:149} INFO - [2023-07-04T00:26:37.948+0000] {dag.py:2726} INFO - Sync 1 DAGs
[2023-07-04T00:26:38.005+0000] {logging_mixin.py:149} INFO - [2023-07-04T00:26:38.005+0000] {dag.py:3490} INFO - Setting next_dagrun for example_weekday_branch_operator to 2023-07-03T00:00:00+00:00, run_after=2023-07-04T00:00:00+00:00
[2023-07-04T00:26:38.044+0000] {processor.py:179} INFO - Processing /home/airflow/.local/lib/python3.7/site-packages/airflow/example_dags/example_branch_day_of_week_operator.py took 0.171 seconds
[2023-07-04T00:27:08.193+0000] {processor.py:157} INFO - Started process (PID=2292) to work on /home/airflow/.local/lib/python3.7/site-packages/airflow/example_dags/example_branch_day_of_week_operator.py
[2023-07-04T00:27:08.196+0000] {processor.py:826} INFO - Processing file /home/airflow/.local/lib/python3.7/site-packages/airflow/example_dags/example_branch_day_of_week_operator.py for tasks to queue
[2023-07-04T00:27:08.198+0000] {logging_mixin.py:149} INFO - [2023-07-04T00:27:08.197+0000] {dagbag.py:541} INFO - Filling up the DagBag from /home/airflow/.local/lib/python3.7/site-packages/airflow/example_dags/example_branch_day_of_week_operator.py
[2023-07-04T00:27:08.217+0000] {processor.py:836} INFO - DAG(s) dict_keys(['example_weekday_branch_operator']) retrieved from /home/airflow/.local/lib/python3.7/site-packages/airflow/example_dags/example_branch_day_of_week_operator.py
[2023-07-04T00:27:08.275+0000] {logging_mixin.py:149} INFO - [2023-07-04T00:27:08.275+0000] {dag.py:2726} INFO - Sync 1 DAGs
[2023-07-04T00:27:08.357+0000] {logging_mixin.py:149} INFO - [2023-07-04T00:27:08.357+0000] {dag.py:3490} INFO - Setting next_dagrun for example_weekday_branch_operator to 2023-07-03T00:00:00+00:00, run_after=2023-07-04T00:00:00+00:00
[2023-07-04T00:27:08.407+0000] {processor.py:179} INFO - Processing /home/airflow/.local/lib/python3.7/site-packages/airflow/example_dags/example_branch_day_of_week_operator.py took 0.222 seconds
[2023-07-04T00:27:39.249+0000] {processor.py:157} INFO - Started process (PID=2350) to work on /home/airflow/.local/lib/python3.7/site-packages/airflow/example_dags/example_branch_day_of_week_operator.py
[2023-07-04T00:27:39.252+0000] {processor.py:826} INFO - Processing file /home/airflow/.local/lib/python3.7/site-packages/airflow/example_dags/example_branch_day_of_week_operator.py for tasks to queue
[2023-07-04T00:27:39.253+0000] {logging_mixin.py:149} INFO - [2023-07-04T00:27:39.253+0000] {dagbag.py:541} INFO - Filling up the DagBag from /home/airflow/.local/lib/python3.7/site-packages/airflow/example_dags/example_branch_day_of_week_operator.py
[2023-07-04T00:27:39.274+0000] {processor.py:836} INFO - DAG(s) dict_keys(['example_weekday_branch_operator']) retrieved from /home/airflow/.local/lib/python3.7/site-packages/airflow/example_dags/example_branch_day_of_week_operator.py
[2023-07-04T00:27:39.322+0000] {logging_mixin.py:149} INFO - [2023-07-04T00:27:39.321+0000] {dag.py:2726} INFO - Sync 1 DAGs
[2023-07-04T00:27:39.374+0000] {logging_mixin.py:149} INFO - [2023-07-04T00:27:39.374+0000] {dag.py:3490} INFO - Setting next_dagrun for example_weekday_branch_operator to 2023-07-03T00:00:00+00:00, run_after=2023-07-04T00:00:00+00:00
[2023-07-04T00:27:39.414+0000] {processor.py:179} INFO - Processing /home/airflow/.local/lib/python3.7/site-packages/airflow/example_dags/example_branch_day_of_week_operator.py took 0.173 seconds
[2023-07-04T00:28:09.559+0000] {processor.py:157} INFO - Started process (PID=2406) to work on /home/airflow/.local/lib/python3.7/site-packages/airflow/example_dags/example_branch_day_of_week_operator.py
[2023-07-04T00:28:09.561+0000] {processor.py:826} INFO - Processing file /home/airflow/.local/lib/python3.7/site-packages/airflow/example_dags/example_branch_day_of_week_operator.py for tasks to queue
[2023-07-04T00:28:09.562+0000] {logging_mixin.py:149} INFO - [2023-07-04T00:28:09.562+0000] {dagbag.py:541} INFO - Filling up the DagBag from /home/airflow/.local/lib/python3.7/site-packages/airflow/example_dags/example_branch_day_of_week_operator.py
[2023-07-04T00:28:09.585+0000] {processor.py:836} INFO - DAG(s) dict_keys(['example_weekday_branch_operator']) retrieved from /home/airflow/.local/lib/python3.7/site-packages/airflow/example_dags/example_branch_day_of_week_operator.py
[2023-07-04T00:28:09.650+0000] {logging_mixin.py:149} INFO - [2023-07-04T00:28:09.650+0000] {dag.py:2726} INFO - Sync 1 DAGs
[2023-07-04T00:28:09.749+0000] {logging_mixin.py:149} INFO - [2023-07-04T00:28:09.749+0000] {dag.py:3490} INFO - Setting next_dagrun for example_weekday_branch_operator to 2023-07-03T00:00:00+00:00, run_after=2023-07-04T00:00:00+00:00
[2023-07-04T00:28:09.809+0000] {processor.py:179} INFO - Processing /home/airflow/.local/lib/python3.7/site-packages/airflow/example_dags/example_branch_day_of_week_operator.py took 0.258 seconds
[2023-07-04T00:28:39.890+0000] {processor.py:157} INFO - Started process (PID=2463) to work on /home/airflow/.local/lib/python3.7/site-packages/airflow/example_dags/example_branch_day_of_week_operator.py
[2023-07-04T00:28:39.891+0000] {processor.py:826} INFO - Processing file /home/airflow/.local/lib/python3.7/site-packages/airflow/example_dags/example_branch_day_of_week_operator.py for tasks to queue
[2023-07-04T00:28:39.892+0000] {logging_mixin.py:149} INFO - [2023-07-04T00:28:39.891+0000] {dagbag.py:541} INFO - Filling up the DagBag from /home/airflow/.local/lib/python3.7/site-packages/airflow/example_dags/example_branch_day_of_week_operator.py
[2023-07-04T00:28:39.903+0000] {processor.py:836} INFO - DAG(s) dict_keys(['example_weekday_branch_operator']) retrieved from /home/airflow/.local/lib/python3.7/site-packages/airflow/example_dags/example_branch_day_of_week_operator.py
[2023-07-04T00:28:39.936+0000] {logging_mixin.py:149} INFO - [2023-07-04T00:28:39.936+0000] {dag.py:2726} INFO - Sync 1 DAGs
[2023-07-04T00:28:39.975+0000] {logging_mixin.py:149} INFO - [2023-07-04T00:28:39.975+0000] {dag.py:3490} INFO - Setting next_dagrun for example_weekday_branch_operator to 2023-07-03T00:00:00+00:00, run_after=2023-07-04T00:00:00+00:00
[2023-07-04T00:28:40.007+0000] {processor.py:179} INFO - Processing /home/airflow/.local/lib/python3.7/site-packages/airflow/example_dags/example_branch_day_of_week_operator.py took 0.122 seconds
[2023-07-04T00:29:10.372+0000] {processor.py:157} INFO - Started process (PID=2520) to work on /home/airflow/.local/lib/python3.7/site-packages/airflow/example_dags/example_branch_day_of_week_operator.py
[2023-07-04T00:29:10.373+0000] {processor.py:826} INFO - Processing file /home/airflow/.local/lib/python3.7/site-packages/airflow/example_dags/example_branch_day_of_week_operator.py for tasks to queue
[2023-07-04T00:29:10.375+0000] {logging_mixin.py:149} INFO - [2023-07-04T00:29:10.374+0000] {dagbag.py:541} INFO - Filling up the DagBag from /home/airflow/.local/lib/python3.7/site-packages/airflow/example_dags/example_branch_day_of_week_operator.py
[2023-07-04T00:29:10.394+0000] {processor.py:836} INFO - DAG(s) dict_keys(['example_weekday_branch_operator']) retrieved from /home/airflow/.local/lib/python3.7/site-packages/airflow/example_dags/example_branch_day_of_week_operator.py
[2023-07-04T00:29:10.441+0000] {logging_mixin.py:149} INFO - [2023-07-04T00:29:10.440+0000] {dag.py:2726} INFO - Sync 1 DAGs
[2023-07-04T00:29:10.492+0000] {logging_mixin.py:149} INFO - [2023-07-04T00:29:10.491+0000] {dag.py:3490} INFO - Setting next_dagrun for example_weekday_branch_operator to 2023-07-03T00:00:00+00:00, run_after=2023-07-04T00:00:00+00:00
[2023-07-04T00:29:10.524+0000] {processor.py:179} INFO - Processing /home/airflow/.local/lib/python3.7/site-packages/airflow/example_dags/example_branch_day_of_week_operator.py took 0.158 seconds
[2023-07-04T00:29:41.011+0000] {processor.py:157} INFO - Started process (PID=2577) to work on /home/airflow/.local/lib/python3.7/site-packages/airflow/example_dags/example_branch_day_of_week_operator.py
[2023-07-04T00:29:41.012+0000] {processor.py:826} INFO - Processing file /home/airflow/.local/lib/python3.7/site-packages/airflow/example_dags/example_branch_day_of_week_operator.py for tasks to queue
[2023-07-04T00:29:41.014+0000] {logging_mixin.py:149} INFO - [2023-07-04T00:29:41.014+0000] {dagbag.py:541} INFO - Filling up the DagBag from /home/airflow/.local/lib/python3.7/site-packages/airflow/example_dags/example_branch_day_of_week_operator.py
[2023-07-04T00:29:41.028+0000] {processor.py:836} INFO - DAG(s) dict_keys(['example_weekday_branch_operator']) retrieved from /home/airflow/.local/lib/python3.7/site-packages/airflow/example_dags/example_branch_day_of_week_operator.py
[2023-07-04T00:29:41.084+0000] {logging_mixin.py:149} INFO - [2023-07-04T00:29:41.083+0000] {dag.py:2726} INFO - Sync 1 DAGs
[2023-07-04T00:29:41.137+0000] {logging_mixin.py:149} INFO - [2023-07-04T00:29:41.137+0000] {dag.py:3490} INFO - Setting next_dagrun for example_weekday_branch_operator to 2023-07-03T00:00:00+00:00, run_after=2023-07-04T00:00:00+00:00
[2023-07-04T00:29:41.175+0000] {processor.py:179} INFO - Processing /home/airflow/.local/lib/python3.7/site-packages/airflow/example_dags/example_branch_day_of_week_operator.py took 0.170 seconds
[2023-07-04T00:30:12.046+0000] {processor.py:157} INFO - Started process (PID=2634) to work on /home/airflow/.local/lib/python3.7/site-packages/airflow/example_dags/example_branch_day_of_week_operator.py
[2023-07-04T00:30:12.048+0000] {processor.py:826} INFO - Processing file /home/airflow/.local/lib/python3.7/site-packages/airflow/example_dags/example_branch_day_of_week_operator.py for tasks to queue
[2023-07-04T00:30:12.049+0000] {logging_mixin.py:149} INFO - [2023-07-04T00:30:12.049+0000] {dagbag.py:541} INFO - Filling up the DagBag from /home/airflow/.local/lib/python3.7/site-packages/airflow/example_dags/example_branch_day_of_week_operator.py
[2023-07-04T00:30:12.065+0000] {processor.py:836} INFO - DAG(s) dict_keys(['example_weekday_branch_operator']) retrieved from /home/airflow/.local/lib/python3.7/site-packages/airflow/example_dags/example_branch_day_of_week_operator.py
[2023-07-04T00:30:12.111+0000] {logging_mixin.py:149} INFO - [2023-07-04T00:30:12.111+0000] {dag.py:2726} INFO - Sync 1 DAGs
[2023-07-04T00:30:12.180+0000] {logging_mixin.py:149} INFO - [2023-07-04T00:30:12.180+0000] {dag.py:3490} INFO - Setting next_dagrun for example_weekday_branch_operator to 2023-07-03T00:00:00+00:00, run_after=2023-07-04T00:00:00+00:00
[2023-07-04T00:30:12.221+0000] {processor.py:179} INFO - Processing /home/airflow/.local/lib/python3.7/site-packages/airflow/example_dags/example_branch_day_of_week_operator.py took 0.181 seconds
[2023-07-04T00:30:42.478+0000] {processor.py:157} INFO - Started process (PID=2691) to work on /home/airflow/.local/lib/python3.7/site-packages/airflow/example_dags/example_branch_day_of_week_operator.py
[2023-07-04T00:30:42.479+0000] {processor.py:826} INFO - Processing file /home/airflow/.local/lib/python3.7/site-packages/airflow/example_dags/example_branch_day_of_week_operator.py for tasks to queue
[2023-07-04T00:30:42.480+0000] {logging_mixin.py:149} INFO - [2023-07-04T00:30:42.480+0000] {dagbag.py:541} INFO - Filling up the DagBag from /home/airflow/.local/lib/python3.7/site-packages/airflow/example_dags/example_branch_day_of_week_operator.py
[2023-07-04T00:30:42.492+0000] {processor.py:836} INFO - DAG(s) dict_keys(['example_weekday_branch_operator']) retrieved from /home/airflow/.local/lib/python3.7/site-packages/airflow/example_dags/example_branch_day_of_week_operator.py
[2023-07-04T00:30:42.534+0000] {logging_mixin.py:149} INFO - [2023-07-04T00:30:42.534+0000] {dag.py:2726} INFO - Sync 1 DAGs
[2023-07-04T00:30:42.583+0000] {logging_mixin.py:149} INFO - [2023-07-04T00:30:42.582+0000] {dag.py:3490} INFO - Setting next_dagrun for example_weekday_branch_operator to 2023-07-03T00:00:00+00:00, run_after=2023-07-04T00:00:00+00:00
[2023-07-04T00:30:42.623+0000] {processor.py:179} INFO - Processing /home/airflow/.local/lib/python3.7/site-packages/airflow/example_dags/example_branch_day_of_week_operator.py took 0.151 seconds
[2023-07-04T00:31:12.890+0000] {processor.py:157} INFO - Started process (PID=2747) to work on /home/airflow/.local/lib/python3.7/site-packages/airflow/example_dags/example_branch_day_of_week_operator.py
[2023-07-04T00:31:12.891+0000] {processor.py:826} INFO - Processing file /home/airflow/.local/lib/python3.7/site-packages/airflow/example_dags/example_branch_day_of_week_operator.py for tasks to queue
[2023-07-04T00:31:12.892+0000] {logging_mixin.py:149} INFO - [2023-07-04T00:31:12.892+0000] {dagbag.py:541} INFO - Filling up the DagBag from /home/airflow/.local/lib/python3.7/site-packages/airflow/example_dags/example_branch_day_of_week_operator.py
[2023-07-04T00:31:12.906+0000] {processor.py:836} INFO - DAG(s) dict_keys(['example_weekday_branch_operator']) retrieved from /home/airflow/.local/lib/python3.7/site-packages/airflow/example_dags/example_branch_day_of_week_operator.py
[2023-07-04T00:31:12.945+0000] {logging_mixin.py:149} INFO - [2023-07-04T00:31:12.945+0000] {dag.py:2726} INFO - Sync 1 DAGs
[2023-07-04T00:31:12.996+0000] {logging_mixin.py:149} INFO - [2023-07-04T00:31:12.996+0000] {dag.py:3490} INFO - Setting next_dagrun for example_weekday_branch_operator to 2023-07-03T00:00:00+00:00, run_after=2023-07-04T00:00:00+00:00
[2023-07-04T00:31:13.029+0000] {processor.py:179} INFO - Processing /home/airflow/.local/lib/python3.7/site-packages/airflow/example_dags/example_branch_day_of_week_operator.py took 0.144 seconds
[2023-07-04T00:31:43.310+0000] {processor.py:157} INFO - Started process (PID=2804) to work on /home/airflow/.local/lib/python3.7/site-packages/airflow/example_dags/example_branch_day_of_week_operator.py
[2023-07-04T00:31:43.312+0000] {processor.py:826} INFO - Processing file /home/airflow/.local/lib/python3.7/site-packages/airflow/example_dags/example_branch_day_of_week_operator.py for tasks to queue
[2023-07-04T00:31:43.314+0000] {logging_mixin.py:149} INFO - [2023-07-04T00:31:43.314+0000] {dagbag.py:541} INFO - Filling up the DagBag from /home/airflow/.local/lib/python3.7/site-packages/airflow/example_dags/example_branch_day_of_week_operator.py
[2023-07-04T00:31:43.332+0000] {processor.py:836} INFO - DAG(s) dict_keys(['example_weekday_branch_operator']) retrieved from /home/airflow/.local/lib/python3.7/site-packages/airflow/example_dags/example_branch_day_of_week_operator.py
[2023-07-04T00:31:43.379+0000] {logging_mixin.py:149} INFO - [2023-07-04T00:31:43.379+0000] {dag.py:2726} INFO - Sync 1 DAGs
[2023-07-04T00:31:43.432+0000] {logging_mixin.py:149} INFO - [2023-07-04T00:31:43.432+0000] {dag.py:3490} INFO - Setting next_dagrun for example_weekday_branch_operator to 2023-07-03T00:00:00+00:00, run_after=2023-07-04T00:00:00+00:00
[2023-07-04T00:31:43.470+0000] {processor.py:179} INFO - Processing /home/airflow/.local/lib/python3.7/site-packages/airflow/example_dags/example_branch_day_of_week_operator.py took 0.169 seconds
[2023-07-04T00:32:13.973+0000] {processor.py:157} INFO - Started process (PID=2861) to work on /home/airflow/.local/lib/python3.7/site-packages/airflow/example_dags/example_branch_day_of_week_operator.py
[2023-07-04T00:32:13.975+0000] {processor.py:826} INFO - Processing file /home/airflow/.local/lib/python3.7/site-packages/airflow/example_dags/example_branch_day_of_week_operator.py for tasks to queue
[2023-07-04T00:32:13.978+0000] {logging_mixin.py:149} INFO - [2023-07-04T00:32:13.978+0000] {dagbag.py:541} INFO - Filling up the DagBag from /home/airflow/.local/lib/python3.7/site-packages/airflow/example_dags/example_branch_day_of_week_operator.py
[2023-07-04T00:32:14.000+0000] {processor.py:836} INFO - DAG(s) dict_keys(['example_weekday_branch_operator']) retrieved from /home/airflow/.local/lib/python3.7/site-packages/airflow/example_dags/example_branch_day_of_week_operator.py
[2023-07-04T00:32:14.040+0000] {logging_mixin.py:149} INFO - [2023-07-04T00:32:14.040+0000] {dag.py:2726} INFO - Sync 1 DAGs
[2023-07-04T00:32:14.089+0000] {logging_mixin.py:149} INFO - [2023-07-04T00:32:14.089+0000] {dag.py:3490} INFO - Setting next_dagrun for example_weekday_branch_operator to 2023-07-03T00:00:00+00:00, run_after=2023-07-04T00:00:00+00:00
[2023-07-04T00:32:14.120+0000] {processor.py:179} INFO - Processing /home/airflow/.local/lib/python3.7/site-packages/airflow/example_dags/example_branch_day_of_week_operator.py took 0.156 seconds
[2023-07-04T00:32:45.821+0000] {processor.py:157} INFO - Started process (PID=2926) to work on /home/airflow/.local/lib/python3.7/site-packages/airflow/example_dags/example_branch_day_of_week_operator.py
[2023-07-04T00:32:45.824+0000] {processor.py:826} INFO - Processing file /home/airflow/.local/lib/python3.7/site-packages/airflow/example_dags/example_branch_day_of_week_operator.py for tasks to queue
[2023-07-04T00:32:45.826+0000] {logging_mixin.py:149} INFO - [2023-07-04T00:32:45.825+0000] {dagbag.py:541} INFO - Filling up the DagBag from /home/airflow/.local/lib/python3.7/site-packages/airflow/example_dags/example_branch_day_of_week_operator.py
[2023-07-04T00:32:45.853+0000] {processor.py:836} INFO - DAG(s) dict_keys(['example_weekday_branch_operator']) retrieved from /home/airflow/.local/lib/python3.7/site-packages/airflow/example_dags/example_branch_day_of_week_operator.py
[2023-07-04T00:32:45.966+0000] {logging_mixin.py:149} INFO - [2023-07-04T00:32:45.965+0000] {dag.py:2726} INFO - Sync 1 DAGs
[2023-07-04T00:32:46.115+0000] {logging_mixin.py:149} INFO - [2023-07-04T00:32:46.114+0000] {dag.py:3490} INFO - Setting next_dagrun for example_weekday_branch_operator to 2023-07-03T00:00:00+00:00, run_after=2023-07-04T00:00:00+00:00
[2023-07-04T00:32:46.238+0000] {processor.py:179} INFO - Processing /home/airflow/.local/lib/python3.7/site-packages/airflow/example_dags/example_branch_day_of_week_operator.py took 0.429 seconds
[2023-07-04T00:33:16.448+0000] {processor.py:157} INFO - Started process (PID=2978) to work on /home/airflow/.local/lib/python3.7/site-packages/airflow/example_dags/example_branch_day_of_week_operator.py
[2023-07-04T00:33:16.450+0000] {processor.py:826} INFO - Processing file /home/airflow/.local/lib/python3.7/site-packages/airflow/example_dags/example_branch_day_of_week_operator.py for tasks to queue
[2023-07-04T00:33:16.451+0000] {logging_mixin.py:149} INFO - [2023-07-04T00:33:16.451+0000] {dagbag.py:541} INFO - Filling up the DagBag from /home/airflow/.local/lib/python3.7/site-packages/airflow/example_dags/example_branch_day_of_week_operator.py
[2023-07-04T00:33:16.466+0000] {processor.py:836} INFO - DAG(s) dict_keys(['example_weekday_branch_operator']) retrieved from /home/airflow/.local/lib/python3.7/site-packages/airflow/example_dags/example_branch_day_of_week_operator.py
[2023-07-04T00:33:16.506+0000] {logging_mixin.py:149} INFO - [2023-07-04T00:33:16.506+0000] {dag.py:2726} INFO - Sync 1 DAGs
[2023-07-04T00:33:16.555+0000] {logging_mixin.py:149} INFO - [2023-07-04T00:33:16.555+0000] {dag.py:3490} INFO - Setting next_dagrun for example_weekday_branch_operator to 2023-07-03T00:00:00+00:00, run_after=2023-07-04T00:00:00+00:00
[2023-07-04T00:33:16.591+0000] {processor.py:179} INFO - Processing /home/airflow/.local/lib/python3.7/site-packages/airflow/example_dags/example_branch_day_of_week_operator.py took 0.150 seconds
