[2023-07-04T00:07:00.984+0000] {processor.py:157} INFO - Started process (PID=37) to work on /home/airflow/.local/lib/python3.7/site-packages/airflow/example_dags/example_kubernetes_executor.py
[2023-07-04T00:07:00.986+0000] {processor.py:826} INFO - Processing file /home/airflow/.local/lib/python3.7/site-packages/airflow/example_dags/example_kubernetes_executor.py for tasks to queue
[2023-07-04T00:07:00.988+0000] {logging_mixin.py:149} INFO - [2023-07-04T00:07:00.988+0000] {dagbag.py:541} INFO - Filling up the DagBag from /home/airflow/.local/lib/python3.7/site-packages/airflow/example_dags/example_kubernetes_executor.py
[2023-07-04T00:07:04.048+0000] {processor.py:836} INFO - DAG(s) dict_keys(['example_kubernetes_executor']) retrieved from /home/airflow/.local/lib/python3.7/site-packages/airflow/example_dags/example_kubernetes_executor.py
[2023-07-04T00:07:04.207+0000] {logging_mixin.py:149} INFO - [2023-07-04T00:07:04.207+0000] {dag.py:2726} INFO - Sync 1 DAGs
[2023-07-04T00:07:04.275+0000] {logging_mixin.py:149} INFO - [2023-07-04T00:07:04.275+0000] {dag.py:3490} INFO - Setting next_dagrun for example_kubernetes_executor to None, run_after=None
[2023-07-04T00:07:04.359+0000] {processor.py:179} INFO - Processing /home/airflow/.local/lib/python3.7/site-packages/airflow/example_dags/example_kubernetes_executor.py took 3.384 seconds
[2023-07-04T00:07:35.265+0000] {processor.py:157} INFO - Started process (PID=102) to work on /home/airflow/.local/lib/python3.7/site-packages/airflow/example_dags/example_kubernetes_executor.py
[2023-07-04T00:07:35.267+0000] {processor.py:826} INFO - Processing file /home/airflow/.local/lib/python3.7/site-packages/airflow/example_dags/example_kubernetes_executor.py for tasks to queue
[2023-07-04T00:07:35.269+0000] {logging_mixin.py:149} INFO - [2023-07-04T00:07:35.269+0000] {dagbag.py:541} INFO - Filling up the DagBag from /home/airflow/.local/lib/python3.7/site-packages/airflow/example_dags/example_kubernetes_executor.py
[2023-07-04T00:07:35.700+0000] {processor.py:836} INFO - DAG(s) dict_keys(['example_kubernetes_executor']) retrieved from /home/airflow/.local/lib/python3.7/site-packages/airflow/example_dags/example_kubernetes_executor.py
[2023-07-04T00:07:35.753+0000] {logging_mixin.py:149} INFO - [2023-07-04T00:07:35.753+0000] {dag.py:2726} INFO - Sync 1 DAGs
[2023-07-04T00:07:35.791+0000] {logging_mixin.py:149} INFO - [2023-07-04T00:07:35.790+0000] {dag.py:3490} INFO - Setting next_dagrun for example_kubernetes_executor to None, run_after=None
[2023-07-04T00:07:35.820+0000] {processor.py:179} INFO - Processing /home/airflow/.local/lib/python3.7/site-packages/airflow/example_dags/example_kubernetes_executor.py took 0.562 seconds
[2023-07-04T00:08:06.075+0000] {processor.py:157} INFO - Started process (PID=161) to work on /home/airflow/.local/lib/python3.7/site-packages/airflow/example_dags/example_kubernetes_executor.py
[2023-07-04T00:08:06.077+0000] {processor.py:826} INFO - Processing file /home/airflow/.local/lib/python3.7/site-packages/airflow/example_dags/example_kubernetes_executor.py for tasks to queue
[2023-07-04T00:08:06.078+0000] {logging_mixin.py:149} INFO - [2023-07-04T00:08:06.078+0000] {dagbag.py:541} INFO - Filling up the DagBag from /home/airflow/.local/lib/python3.7/site-packages/airflow/example_dags/example_kubernetes_executor.py
[2023-07-04T00:08:06.396+0000] {processor.py:836} INFO - DAG(s) dict_keys(['example_kubernetes_executor']) retrieved from /home/airflow/.local/lib/python3.7/site-packages/airflow/example_dags/example_kubernetes_executor.py
[2023-07-04T00:08:06.479+0000] {logging_mixin.py:149} INFO - [2023-07-04T00:08:06.479+0000] {dag.py:2726} INFO - Sync 1 DAGs
[2023-07-04T00:08:06.532+0000] {logging_mixin.py:149} INFO - [2023-07-04T00:08:06.531+0000] {dag.py:3490} INFO - Setting next_dagrun for example_kubernetes_executor to None, run_after=None
[2023-07-04T00:08:06.588+0000] {processor.py:179} INFO - Processing /home/airflow/.local/lib/python3.7/site-packages/airflow/example_dags/example_kubernetes_executor.py took 0.524 seconds
[2023-07-04T00:08:36.870+0000] {processor.py:157} INFO - Started process (PID=217) to work on /home/airflow/.local/lib/python3.7/site-packages/airflow/example_dags/example_kubernetes_executor.py
[2023-07-04T00:08:36.873+0000] {processor.py:826} INFO - Processing file /home/airflow/.local/lib/python3.7/site-packages/airflow/example_dags/example_kubernetes_executor.py for tasks to queue
[2023-07-04T00:08:36.874+0000] {logging_mixin.py:149} INFO - [2023-07-04T00:08:36.874+0000] {dagbag.py:541} INFO - Filling up the DagBag from /home/airflow/.local/lib/python3.7/site-packages/airflow/example_dags/example_kubernetes_executor.py
[2023-07-04T00:08:37.249+0000] {processor.py:836} INFO - DAG(s) dict_keys(['example_kubernetes_executor']) retrieved from /home/airflow/.local/lib/python3.7/site-packages/airflow/example_dags/example_kubernetes_executor.py
[2023-07-04T00:08:37.334+0000] {logging_mixin.py:149} INFO - [2023-07-04T00:08:37.334+0000] {dag.py:2726} INFO - Sync 1 DAGs
[2023-07-04T00:08:37.403+0000] {logging_mixin.py:149} INFO - [2023-07-04T00:08:37.403+0000] {dag.py:3490} INFO - Setting next_dagrun for example_kubernetes_executor to None, run_after=None
[2023-07-04T00:08:37.446+0000] {processor.py:179} INFO - Processing /home/airflow/.local/lib/python3.7/site-packages/airflow/example_dags/example_kubernetes_executor.py took 0.585 seconds
[2023-07-04T00:09:07.592+0000] {processor.py:157} INFO - Started process (PID=274) to work on /home/airflow/.local/lib/python3.7/site-packages/airflow/example_dags/example_kubernetes_executor.py
[2023-07-04T00:09:07.593+0000] {processor.py:826} INFO - Processing file /home/airflow/.local/lib/python3.7/site-packages/airflow/example_dags/example_kubernetes_executor.py for tasks to queue
[2023-07-04T00:09:07.595+0000] {logging_mixin.py:149} INFO - [2023-07-04T00:09:07.594+0000] {dagbag.py:541} INFO - Filling up the DagBag from /home/airflow/.local/lib/python3.7/site-packages/airflow/example_dags/example_kubernetes_executor.py
[2023-07-04T00:09:07.969+0000] {processor.py:836} INFO - DAG(s) dict_keys(['example_kubernetes_executor']) retrieved from /home/airflow/.local/lib/python3.7/site-packages/airflow/example_dags/example_kubernetes_executor.py
[2023-07-04T00:09:08.034+0000] {logging_mixin.py:149} INFO - [2023-07-04T00:09:08.034+0000] {dag.py:2726} INFO - Sync 1 DAGs
[2023-07-04T00:09:08.085+0000] {logging_mixin.py:149} INFO - [2023-07-04T00:09:08.085+0000] {dag.py:3490} INFO - Setting next_dagrun for example_kubernetes_executor to None, run_after=None
[2023-07-04T00:09:08.126+0000] {processor.py:179} INFO - Processing /home/airflow/.local/lib/python3.7/site-packages/airflow/example_dags/example_kubernetes_executor.py took 0.544 seconds
[2023-07-04T00:09:38.233+0000] {processor.py:157} INFO - Started process (PID=333) to work on /home/airflow/.local/lib/python3.7/site-packages/airflow/example_dags/example_kubernetes_executor.py
[2023-07-04T00:09:38.235+0000] {processor.py:826} INFO - Processing file /home/airflow/.local/lib/python3.7/site-packages/airflow/example_dags/example_kubernetes_executor.py for tasks to queue
[2023-07-04T00:09:38.236+0000] {logging_mixin.py:149} INFO - [2023-07-04T00:09:38.236+0000] {dagbag.py:541} INFO - Filling up the DagBag from /home/airflow/.local/lib/python3.7/site-packages/airflow/example_dags/example_kubernetes_executor.py
[2023-07-04T00:09:38.543+0000] {processor.py:836} INFO - DAG(s) dict_keys(['example_kubernetes_executor']) retrieved from /home/airflow/.local/lib/python3.7/site-packages/airflow/example_dags/example_kubernetes_executor.py
[2023-07-04T00:09:38.601+0000] {logging_mixin.py:149} INFO - [2023-07-04T00:09:38.601+0000] {dag.py:2726} INFO - Sync 1 DAGs
[2023-07-04T00:09:38.641+0000] {logging_mixin.py:149} INFO - [2023-07-04T00:09:38.640+0000] {dag.py:3490} INFO - Setting next_dagrun for example_kubernetes_executor to None, run_after=None
[2023-07-04T00:09:38.669+0000] {processor.py:179} INFO - Processing /home/airflow/.local/lib/python3.7/site-packages/airflow/example_dags/example_kubernetes_executor.py took 0.441 seconds
[2023-07-04T00:10:08.891+0000] {processor.py:157} INFO - Started process (PID=390) to work on /home/airflow/.local/lib/python3.7/site-packages/airflow/example_dags/example_kubernetes_executor.py
[2023-07-04T00:10:08.893+0000] {processor.py:826} INFO - Processing file /home/airflow/.local/lib/python3.7/site-packages/airflow/example_dags/example_kubernetes_executor.py for tasks to queue
[2023-07-04T00:10:08.893+0000] {logging_mixin.py:149} INFO - [2023-07-04T00:10:08.893+0000] {dagbag.py:541} INFO - Filling up the DagBag from /home/airflow/.local/lib/python3.7/site-packages/airflow/example_dags/example_kubernetes_executor.py
[2023-07-04T00:10:09.310+0000] {processor.py:836} INFO - DAG(s) dict_keys(['example_kubernetes_executor']) retrieved from /home/airflow/.local/lib/python3.7/site-packages/airflow/example_dags/example_kubernetes_executor.py
[2023-07-04T00:10:09.398+0000] {logging_mixin.py:149} INFO - [2023-07-04T00:10:09.398+0000] {dag.py:2726} INFO - Sync 1 DAGs
[2023-07-04T00:10:09.449+0000] {logging_mixin.py:149} INFO - [2023-07-04T00:10:09.448+0000] {dag.py:3490} INFO - Setting next_dagrun for example_kubernetes_executor to None, run_after=None
[2023-07-04T00:10:09.483+0000] {processor.py:179} INFO - Processing /home/airflow/.local/lib/python3.7/site-packages/airflow/example_dags/example_kubernetes_executor.py took 0.596 seconds
[2023-07-04T00:10:40.459+0000] {processor.py:157} INFO - Started process (PID=453) to work on /home/airflow/.local/lib/python3.7/site-packages/airflow/example_dags/example_kubernetes_executor.py
[2023-07-04T00:10:40.462+0000] {processor.py:826} INFO - Processing file /home/airflow/.local/lib/python3.7/site-packages/airflow/example_dags/example_kubernetes_executor.py for tasks to queue
[2023-07-04T00:10:40.464+0000] {logging_mixin.py:149} INFO - [2023-07-04T00:10:40.463+0000] {dagbag.py:541} INFO - Filling up the DagBag from /home/airflow/.local/lib/python3.7/site-packages/airflow/example_dags/example_kubernetes_executor.py
[2023-07-04T00:10:40.940+0000] {processor.py:836} INFO - DAG(s) dict_keys(['example_kubernetes_executor']) retrieved from /home/airflow/.local/lib/python3.7/site-packages/airflow/example_dags/example_kubernetes_executor.py
[2023-07-04T00:10:41.031+0000] {logging_mixin.py:149} INFO - [2023-07-04T00:10:41.031+0000] {dag.py:2726} INFO - Sync 1 DAGs
[2023-07-04T00:10:41.097+0000] {logging_mixin.py:149} INFO - [2023-07-04T00:10:41.097+0000] {dag.py:3490} INFO - Setting next_dagrun for example_kubernetes_executor to None, run_after=None
[2023-07-04T00:10:41.137+0000] {processor.py:179} INFO - Processing /home/airflow/.local/lib/python3.7/site-packages/airflow/example_dags/example_kubernetes_executor.py took 0.689 seconds
[2023-07-04T00:11:11.401+0000] {processor.py:157} INFO - Started process (PID=510) to work on /home/airflow/.local/lib/python3.7/site-packages/airflow/example_dags/example_kubernetes_executor.py
[2023-07-04T00:11:11.403+0000] {processor.py:826} INFO - Processing file /home/airflow/.local/lib/python3.7/site-packages/airflow/example_dags/example_kubernetes_executor.py for tasks to queue
[2023-07-04T00:11:11.404+0000] {logging_mixin.py:149} INFO - [2023-07-04T00:11:11.404+0000] {dagbag.py:541} INFO - Filling up the DagBag from /home/airflow/.local/lib/python3.7/site-packages/airflow/example_dags/example_kubernetes_executor.py
[2023-07-04T00:11:12.028+0000] {processor.py:836} INFO - DAG(s) dict_keys(['example_kubernetes_executor']) retrieved from /home/airflow/.local/lib/python3.7/site-packages/airflow/example_dags/example_kubernetes_executor.py
[2023-07-04T00:11:12.160+0000] {logging_mixin.py:149} INFO - [2023-07-04T00:11:12.159+0000] {dag.py:2726} INFO - Sync 1 DAGs
[2023-07-04T00:11:12.243+0000] {logging_mixin.py:149} INFO - [2023-07-04T00:11:12.243+0000] {dag.py:3490} INFO - Setting next_dagrun for example_kubernetes_executor to None, run_after=None
[2023-07-04T00:11:12.300+0000] {processor.py:179} INFO - Processing /home/airflow/.local/lib/python3.7/site-packages/airflow/example_dags/example_kubernetes_executor.py took 0.907 seconds
[2023-07-04T00:11:42.546+0000] {processor.py:157} INFO - Started process (PID=568) to work on /home/airflow/.local/lib/python3.7/site-packages/airflow/example_dags/example_kubernetes_executor.py
[2023-07-04T00:11:42.549+0000] {processor.py:826} INFO - Processing file /home/airflow/.local/lib/python3.7/site-packages/airflow/example_dags/example_kubernetes_executor.py for tasks to queue
[2023-07-04T00:11:42.551+0000] {logging_mixin.py:149} INFO - [2023-07-04T00:11:42.551+0000] {dagbag.py:541} INFO - Filling up the DagBag from /home/airflow/.local/lib/python3.7/site-packages/airflow/example_dags/example_kubernetes_executor.py
[2023-07-04T00:11:43.100+0000] {processor.py:836} INFO - DAG(s) dict_keys(['example_kubernetes_executor']) retrieved from /home/airflow/.local/lib/python3.7/site-packages/airflow/example_dags/example_kubernetes_executor.py
[2023-07-04T00:11:43.203+0000] {logging_mixin.py:149} INFO - [2023-07-04T00:11:43.203+0000] {dag.py:2726} INFO - Sync 1 DAGs
[2023-07-04T00:11:43.304+0000] {logging_mixin.py:149} INFO - [2023-07-04T00:11:43.304+0000] {dag.py:3490} INFO - Setting next_dagrun for example_kubernetes_executor to None, run_after=None
[2023-07-04T00:11:43.356+0000] {processor.py:179} INFO - Processing /home/airflow/.local/lib/python3.7/site-packages/airflow/example_dags/example_kubernetes_executor.py took 0.821 seconds
[2023-07-04T00:12:13.457+0000] {processor.py:157} INFO - Started process (PID=624) to work on /home/airflow/.local/lib/python3.7/site-packages/airflow/example_dags/example_kubernetes_executor.py
[2023-07-04T00:12:13.458+0000] {processor.py:826} INFO - Processing file /home/airflow/.local/lib/python3.7/site-packages/airflow/example_dags/example_kubernetes_executor.py for tasks to queue
[2023-07-04T00:12:13.459+0000] {logging_mixin.py:149} INFO - [2023-07-04T00:12:13.459+0000] {dagbag.py:541} INFO - Filling up the DagBag from /home/airflow/.local/lib/python3.7/site-packages/airflow/example_dags/example_kubernetes_executor.py
[2023-07-04T00:12:13.987+0000] {processor.py:836} INFO - DAG(s) dict_keys(['example_kubernetes_executor']) retrieved from /home/airflow/.local/lib/python3.7/site-packages/airflow/example_dags/example_kubernetes_executor.py
[2023-07-04T00:12:14.077+0000] {logging_mixin.py:149} INFO - [2023-07-04T00:12:14.077+0000] {dag.py:2726} INFO - Sync 1 DAGs
[2023-07-04T00:12:14.155+0000] {logging_mixin.py:149} INFO - [2023-07-04T00:12:14.154+0000] {dag.py:3490} INFO - Setting next_dagrun for example_kubernetes_executor to None, run_after=None
[2023-07-04T00:12:14.202+0000] {processor.py:179} INFO - Processing /home/airflow/.local/lib/python3.7/site-packages/airflow/example_dags/example_kubernetes_executor.py took 0.753 seconds
[2023-07-04T00:12:44.296+0000] {processor.py:157} INFO - Started process (PID=682) to work on /home/airflow/.local/lib/python3.7/site-packages/airflow/example_dags/example_kubernetes_executor.py
[2023-07-04T00:12:44.298+0000] {processor.py:826} INFO - Processing file /home/airflow/.local/lib/python3.7/site-packages/airflow/example_dags/example_kubernetes_executor.py for tasks to queue
[2023-07-04T00:12:44.299+0000] {logging_mixin.py:149} INFO - [2023-07-04T00:12:44.299+0000] {dagbag.py:541} INFO - Filling up the DagBag from /home/airflow/.local/lib/python3.7/site-packages/airflow/example_dags/example_kubernetes_executor.py
[2023-07-04T00:12:44.779+0000] {processor.py:836} INFO - DAG(s) dict_keys(['example_kubernetes_executor']) retrieved from /home/airflow/.local/lib/python3.7/site-packages/airflow/example_dags/example_kubernetes_executor.py
[2023-07-04T00:12:44.871+0000] {logging_mixin.py:149} INFO - [2023-07-04T00:12:44.871+0000] {dag.py:2726} INFO - Sync 1 DAGs
[2023-07-04T00:12:44.944+0000] {logging_mixin.py:149} INFO - [2023-07-04T00:12:44.944+0000] {dag.py:3490} INFO - Setting next_dagrun for example_kubernetes_executor to None, run_after=None
[2023-07-04T00:12:44.986+0000] {processor.py:179} INFO - Processing /home/airflow/.local/lib/python3.7/site-packages/airflow/example_dags/example_kubernetes_executor.py took 0.701 seconds
[2023-07-04T00:13:15.165+0000] {processor.py:157} INFO - Started process (PID=742) to work on /home/airflow/.local/lib/python3.7/site-packages/airflow/example_dags/example_kubernetes_executor.py
[2023-07-04T00:13:15.167+0000] {processor.py:826} INFO - Processing file /home/airflow/.local/lib/python3.7/site-packages/airflow/example_dags/example_kubernetes_executor.py for tasks to queue
[2023-07-04T00:13:15.168+0000] {logging_mixin.py:149} INFO - [2023-07-04T00:13:15.168+0000] {dagbag.py:541} INFO - Filling up the DagBag from /home/airflow/.local/lib/python3.7/site-packages/airflow/example_dags/example_kubernetes_executor.py
[2023-07-04T00:13:15.647+0000] {processor.py:836} INFO - DAG(s) dict_keys(['example_kubernetes_executor']) retrieved from /home/airflow/.local/lib/python3.7/site-packages/airflow/example_dags/example_kubernetes_executor.py
[2023-07-04T00:13:15.718+0000] {logging_mixin.py:149} INFO - [2023-07-04T00:13:15.718+0000] {dag.py:2726} INFO - Sync 1 DAGs
[2023-07-04T00:13:15.778+0000] {logging_mixin.py:149} INFO - [2023-07-04T00:13:15.778+0000] {dag.py:3490} INFO - Setting next_dagrun for example_kubernetes_executor to None, run_after=None
[2023-07-04T00:13:15.818+0000] {processor.py:179} INFO - Processing /home/airflow/.local/lib/python3.7/site-packages/airflow/example_dags/example_kubernetes_executor.py took 0.660 seconds
[2023-07-04T00:13:45.938+0000] {processor.py:157} INFO - Started process (PID=802) to work on /home/airflow/.local/lib/python3.7/site-packages/airflow/example_dags/example_kubernetes_executor.py
[2023-07-04T00:13:45.940+0000] {processor.py:826} INFO - Processing file /home/airflow/.local/lib/python3.7/site-packages/airflow/example_dags/example_kubernetes_executor.py for tasks to queue
[2023-07-04T00:13:45.941+0000] {logging_mixin.py:149} INFO - [2023-07-04T00:13:45.941+0000] {dagbag.py:541} INFO - Filling up the DagBag from /home/airflow/.local/lib/python3.7/site-packages/airflow/example_dags/example_kubernetes_executor.py
[2023-07-04T00:13:46.369+0000] {processor.py:836} INFO - DAG(s) dict_keys(['example_kubernetes_executor']) retrieved from /home/airflow/.local/lib/python3.7/site-packages/airflow/example_dags/example_kubernetes_executor.py
[2023-07-04T00:13:46.435+0000] {logging_mixin.py:149} INFO - [2023-07-04T00:13:46.435+0000] {dag.py:2726} INFO - Sync 1 DAGs
[2023-07-04T00:13:46.504+0000] {logging_mixin.py:149} INFO - [2023-07-04T00:13:46.504+0000] {dag.py:3490} INFO - Setting next_dagrun for example_kubernetes_executor to None, run_after=None
[2023-07-04T00:13:46.542+0000] {processor.py:179} INFO - Processing /home/airflow/.local/lib/python3.7/site-packages/airflow/example_dags/example_kubernetes_executor.py took 0.610 seconds
[2023-07-04T00:14:16.692+0000] {processor.py:157} INFO - Started process (PID=859) to work on /home/airflow/.local/lib/python3.7/site-packages/airflow/example_dags/example_kubernetes_executor.py
[2023-07-04T00:14:16.695+0000] {processor.py:826} INFO - Processing file /home/airflow/.local/lib/python3.7/site-packages/airflow/example_dags/example_kubernetes_executor.py for tasks to queue
[2023-07-04T00:14:16.697+0000] {logging_mixin.py:149} INFO - [2023-07-04T00:14:16.697+0000] {dagbag.py:541} INFO - Filling up the DagBag from /home/airflow/.local/lib/python3.7/site-packages/airflow/example_dags/example_kubernetes_executor.py
[2023-07-04T00:14:17.197+0000] {processor.py:836} INFO - DAG(s) dict_keys(['example_kubernetes_executor']) retrieved from /home/airflow/.local/lib/python3.7/site-packages/airflow/example_dags/example_kubernetes_executor.py
[2023-07-04T00:14:17.285+0000] {logging_mixin.py:149} INFO - [2023-07-04T00:14:17.284+0000] {dag.py:2726} INFO - Sync 1 DAGs
[2023-07-04T00:14:17.336+0000] {logging_mixin.py:149} INFO - [2023-07-04T00:14:17.335+0000] {dag.py:3490} INFO - Setting next_dagrun for example_kubernetes_executor to None, run_after=None
[2023-07-04T00:14:17.374+0000] {processor.py:179} INFO - Processing /home/airflow/.local/lib/python3.7/site-packages/airflow/example_dags/example_kubernetes_executor.py took 0.696 seconds
[2023-07-04T00:14:47.948+0000] {processor.py:157} INFO - Started process (PID=916) to work on /home/airflow/.local/lib/python3.7/site-packages/airflow/example_dags/example_kubernetes_executor.py
[2023-07-04T00:14:47.950+0000] {processor.py:826} INFO - Processing file /home/airflow/.local/lib/python3.7/site-packages/airflow/example_dags/example_kubernetes_executor.py for tasks to queue
[2023-07-04T00:14:47.953+0000] {logging_mixin.py:149} INFO - [2023-07-04T00:14:47.952+0000] {dagbag.py:541} INFO - Filling up the DagBag from /home/airflow/.local/lib/python3.7/site-packages/airflow/example_dags/example_kubernetes_executor.py
[2023-07-04T00:14:48.344+0000] {processor.py:836} INFO - DAG(s) dict_keys(['example_kubernetes_executor']) retrieved from /home/airflow/.local/lib/python3.7/site-packages/airflow/example_dags/example_kubernetes_executor.py
[2023-07-04T00:14:48.408+0000] {logging_mixin.py:149} INFO - [2023-07-04T00:14:48.408+0000] {dag.py:2726} INFO - Sync 1 DAGs
[2023-07-04T00:14:48.456+0000] {logging_mixin.py:149} INFO - [2023-07-04T00:14:48.456+0000] {dag.py:3490} INFO - Setting next_dagrun for example_kubernetes_executor to None, run_after=None
[2023-07-04T00:14:48.486+0000] {processor.py:179} INFO - Processing /home/airflow/.local/lib/python3.7/site-packages/airflow/example_dags/example_kubernetes_executor.py took 0.547 seconds
[2023-07-04T00:15:18.989+0000] {processor.py:157} INFO - Started process (PID=973) to work on /home/airflow/.local/lib/python3.7/site-packages/airflow/example_dags/example_kubernetes_executor.py
[2023-07-04T00:15:18.991+0000] {processor.py:826} INFO - Processing file /home/airflow/.local/lib/python3.7/site-packages/airflow/example_dags/example_kubernetes_executor.py for tasks to queue
[2023-07-04T00:15:18.992+0000] {logging_mixin.py:149} INFO - [2023-07-04T00:15:18.992+0000] {dagbag.py:541} INFO - Filling up the DagBag from /home/airflow/.local/lib/python3.7/site-packages/airflow/example_dags/example_kubernetes_executor.py
[2023-07-04T00:15:19.441+0000] {processor.py:836} INFO - DAG(s) dict_keys(['example_kubernetes_executor']) retrieved from /home/airflow/.local/lib/python3.7/site-packages/airflow/example_dags/example_kubernetes_executor.py
[2023-07-04T00:15:19.505+0000] {logging_mixin.py:149} INFO - [2023-07-04T00:15:19.505+0000] {dag.py:2726} INFO - Sync 1 DAGs
[2023-07-04T00:15:19.548+0000] {logging_mixin.py:149} INFO - [2023-07-04T00:15:19.548+0000] {dag.py:3490} INFO - Setting next_dagrun for example_kubernetes_executor to None, run_after=None
[2023-07-04T00:15:19.581+0000] {processor.py:179} INFO - Processing /home/airflow/.local/lib/python3.7/site-packages/airflow/example_dags/example_kubernetes_executor.py took 0.599 seconds
[2023-07-04T00:15:49.738+0000] {processor.py:157} INFO - Started process (PID=1031) to work on /home/airflow/.local/lib/python3.7/site-packages/airflow/example_dags/example_kubernetes_executor.py
[2023-07-04T00:15:49.741+0000] {processor.py:826} INFO - Processing file /home/airflow/.local/lib/python3.7/site-packages/airflow/example_dags/example_kubernetes_executor.py for tasks to queue
[2023-07-04T00:15:49.743+0000] {logging_mixin.py:149} INFO - [2023-07-04T00:15:49.743+0000] {dagbag.py:541} INFO - Filling up the DagBag from /home/airflow/.local/lib/python3.7/site-packages/airflow/example_dags/example_kubernetes_executor.py
[2023-07-04T00:15:50.273+0000] {processor.py:836} INFO - DAG(s) dict_keys(['example_kubernetes_executor']) retrieved from /home/airflow/.local/lib/python3.7/site-packages/airflow/example_dags/example_kubernetes_executor.py
[2023-07-04T00:15:50.344+0000] {logging_mixin.py:149} INFO - [2023-07-04T00:15:50.344+0000] {dag.py:2726} INFO - Sync 1 DAGs
[2023-07-04T00:15:50.388+0000] {logging_mixin.py:149} INFO - [2023-07-04T00:15:50.388+0000] {dag.py:3490} INFO - Setting next_dagrun for example_kubernetes_executor to None, run_after=None
[2023-07-04T00:15:50.427+0000] {processor.py:179} INFO - Processing /home/airflow/.local/lib/python3.7/site-packages/airflow/example_dags/example_kubernetes_executor.py took 0.698 seconds
[2023-07-04T00:16:20.658+0000] {processor.py:157} INFO - Started process (PID=1090) to work on /home/airflow/.local/lib/python3.7/site-packages/airflow/example_dags/example_kubernetes_executor.py
[2023-07-04T00:16:20.660+0000] {processor.py:826} INFO - Processing file /home/airflow/.local/lib/python3.7/site-packages/airflow/example_dags/example_kubernetes_executor.py for tasks to queue
[2023-07-04T00:16:20.662+0000] {logging_mixin.py:149} INFO - [2023-07-04T00:16:20.662+0000] {dagbag.py:541} INFO - Filling up the DagBag from /home/airflow/.local/lib/python3.7/site-packages/airflow/example_dags/example_kubernetes_executor.py
[2023-07-04T00:16:21.008+0000] {processor.py:836} INFO - DAG(s) dict_keys(['example_kubernetes_executor']) retrieved from /home/airflow/.local/lib/python3.7/site-packages/airflow/example_dags/example_kubernetes_executor.py
[2023-07-04T00:16:21.093+0000] {logging_mixin.py:149} INFO - [2023-07-04T00:16:21.093+0000] {dag.py:2726} INFO - Sync 1 DAGs
[2023-07-04T00:16:21.141+0000] {logging_mixin.py:149} INFO - [2023-07-04T00:16:21.141+0000] {dag.py:3490} INFO - Setting next_dagrun for example_kubernetes_executor to None, run_after=None
[2023-07-04T00:16:21.179+0000] {processor.py:179} INFO - Processing /home/airflow/.local/lib/python3.7/site-packages/airflow/example_dags/example_kubernetes_executor.py took 0.526 seconds
[2023-07-04T00:16:51.895+0000] {processor.py:157} INFO - Started process (PID=1147) to work on /home/airflow/.local/lib/python3.7/site-packages/airflow/example_dags/example_kubernetes_executor.py
[2023-07-04T00:16:51.897+0000] {processor.py:826} INFO - Processing file /home/airflow/.local/lib/python3.7/site-packages/airflow/example_dags/example_kubernetes_executor.py for tasks to queue
[2023-07-04T00:16:51.899+0000] {logging_mixin.py:149} INFO - [2023-07-04T00:16:51.898+0000] {dagbag.py:541} INFO - Filling up the DagBag from /home/airflow/.local/lib/python3.7/site-packages/airflow/example_dags/example_kubernetes_executor.py
[2023-07-04T00:16:52.360+0000] {processor.py:836} INFO - DAG(s) dict_keys(['example_kubernetes_executor']) retrieved from /home/airflow/.local/lib/python3.7/site-packages/airflow/example_dags/example_kubernetes_executor.py
[2023-07-04T00:16:52.431+0000] {logging_mixin.py:149} INFO - [2023-07-04T00:16:52.431+0000] {dag.py:2726} INFO - Sync 1 DAGs
[2023-07-04T00:16:52.484+0000] {logging_mixin.py:149} INFO - [2023-07-04T00:16:52.483+0000] {dag.py:3490} INFO - Setting next_dagrun for example_kubernetes_executor to None, run_after=None
[2023-07-04T00:16:52.520+0000] {processor.py:179} INFO - Processing /home/airflow/.local/lib/python3.7/site-packages/airflow/example_dags/example_kubernetes_executor.py took 0.631 seconds
[2023-07-04T00:17:22.770+0000] {processor.py:157} INFO - Started process (PID=1204) to work on /home/airflow/.local/lib/python3.7/site-packages/airflow/example_dags/example_kubernetes_executor.py
[2023-07-04T00:17:22.771+0000] {processor.py:826} INFO - Processing file /home/airflow/.local/lib/python3.7/site-packages/airflow/example_dags/example_kubernetes_executor.py for tasks to queue
[2023-07-04T00:17:22.773+0000] {logging_mixin.py:149} INFO - [2023-07-04T00:17:22.772+0000] {dagbag.py:541} INFO - Filling up the DagBag from /home/airflow/.local/lib/python3.7/site-packages/airflow/example_dags/example_kubernetes_executor.py
[2023-07-04T00:17:23.295+0000] {processor.py:836} INFO - DAG(s) dict_keys(['example_kubernetes_executor']) retrieved from /home/airflow/.local/lib/python3.7/site-packages/airflow/example_dags/example_kubernetes_executor.py
[2023-07-04T00:17:23.411+0000] {logging_mixin.py:149} INFO - [2023-07-04T00:17:23.410+0000] {dag.py:2726} INFO - Sync 1 DAGs
[2023-07-04T00:17:23.488+0000] {logging_mixin.py:149} INFO - [2023-07-04T00:17:23.488+0000] {dag.py:3490} INFO - Setting next_dagrun for example_kubernetes_executor to None, run_after=None
[2023-07-04T00:17:23.543+0000] {processor.py:179} INFO - Processing /home/airflow/.local/lib/python3.7/site-packages/airflow/example_dags/example_kubernetes_executor.py took 0.779 seconds
[2023-07-04T00:17:54.273+0000] {processor.py:157} INFO - Started process (PID=1262) to work on /home/airflow/.local/lib/python3.7/site-packages/airflow/example_dags/example_kubernetes_executor.py
[2023-07-04T00:17:54.275+0000] {processor.py:826} INFO - Processing file /home/airflow/.local/lib/python3.7/site-packages/airflow/example_dags/example_kubernetes_executor.py for tasks to queue
[2023-07-04T00:17:54.276+0000] {logging_mixin.py:149} INFO - [2023-07-04T00:17:54.276+0000] {dagbag.py:541} INFO - Filling up the DagBag from /home/airflow/.local/lib/python3.7/site-packages/airflow/example_dags/example_kubernetes_executor.py
[2023-07-04T00:17:54.940+0000] {processor.py:836} INFO - DAG(s) dict_keys(['example_kubernetes_executor']) retrieved from /home/airflow/.local/lib/python3.7/site-packages/airflow/example_dags/example_kubernetes_executor.py
[2023-07-04T00:17:55.057+0000] {logging_mixin.py:149} INFO - [2023-07-04T00:17:55.056+0000] {dag.py:2726} INFO - Sync 1 DAGs
[2023-07-04T00:17:55.119+0000] {logging_mixin.py:149} INFO - [2023-07-04T00:17:55.119+0000] {dag.py:3490} INFO - Setting next_dagrun for example_kubernetes_executor to None, run_after=None
[2023-07-04T00:17:55.161+0000] {processor.py:179} INFO - Processing /home/airflow/.local/lib/python3.7/site-packages/airflow/example_dags/example_kubernetes_executor.py took 0.897 seconds
[2023-07-04T00:18:25.648+0000] {processor.py:157} INFO - Started process (PID=1319) to work on /home/airflow/.local/lib/python3.7/site-packages/airflow/example_dags/example_kubernetes_executor.py
[2023-07-04T00:18:25.650+0000] {processor.py:826} INFO - Processing file /home/airflow/.local/lib/python3.7/site-packages/airflow/example_dags/example_kubernetes_executor.py for tasks to queue
[2023-07-04T00:18:25.652+0000] {logging_mixin.py:149} INFO - [2023-07-04T00:18:25.651+0000] {dagbag.py:541} INFO - Filling up the DagBag from /home/airflow/.local/lib/python3.7/site-packages/airflow/example_dags/example_kubernetes_executor.py
[2023-07-04T00:18:26.008+0000] {processor.py:836} INFO - DAG(s) dict_keys(['example_kubernetes_executor']) retrieved from /home/airflow/.local/lib/python3.7/site-packages/airflow/example_dags/example_kubernetes_executor.py
[2023-07-04T00:18:26.074+0000] {logging_mixin.py:149} INFO - [2023-07-04T00:18:26.074+0000] {dag.py:2726} INFO - Sync 1 DAGs
[2023-07-04T00:18:26.121+0000] {logging_mixin.py:149} INFO - [2023-07-04T00:18:26.121+0000] {dag.py:3490} INFO - Setting next_dagrun for example_kubernetes_executor to None, run_after=None
[2023-07-04T00:18:26.155+0000] {processor.py:179} INFO - Processing /home/airflow/.local/lib/python3.7/site-packages/airflow/example_dags/example_kubernetes_executor.py took 0.512 seconds
[2023-07-04T00:18:56.276+0000] {processor.py:157} INFO - Started process (PID=1375) to work on /home/airflow/.local/lib/python3.7/site-packages/airflow/example_dags/example_kubernetes_executor.py
[2023-07-04T00:18:56.278+0000] {processor.py:826} INFO - Processing file /home/airflow/.local/lib/python3.7/site-packages/airflow/example_dags/example_kubernetes_executor.py for tasks to queue
[2023-07-04T00:18:56.279+0000] {logging_mixin.py:149} INFO - [2023-07-04T00:18:56.279+0000] {dagbag.py:541} INFO - Filling up the DagBag from /home/airflow/.local/lib/python3.7/site-packages/airflow/example_dags/example_kubernetes_executor.py
[2023-07-04T00:18:56.860+0000] {processor.py:836} INFO - DAG(s) dict_keys(['example_kubernetes_executor']) retrieved from /home/airflow/.local/lib/python3.7/site-packages/airflow/example_dags/example_kubernetes_executor.py
[2023-07-04T00:18:56.980+0000] {logging_mixin.py:149} INFO - [2023-07-04T00:18:56.980+0000] {dag.py:2726} INFO - Sync 1 DAGs
[2023-07-04T00:18:57.059+0000] {logging_mixin.py:149} INFO - [2023-07-04T00:18:57.059+0000] {dag.py:3490} INFO - Setting next_dagrun for example_kubernetes_executor to None, run_after=None
[2023-07-04T00:18:57.099+0000] {processor.py:179} INFO - Processing /home/airflow/.local/lib/python3.7/site-packages/airflow/example_dags/example_kubernetes_executor.py took 0.832 seconds
[2023-07-04T00:19:27.307+0000] {processor.py:157} INFO - Started process (PID=1433) to work on /home/airflow/.local/lib/python3.7/site-packages/airflow/example_dags/example_kubernetes_executor.py
[2023-07-04T00:19:27.311+0000] {processor.py:826} INFO - Processing file /home/airflow/.local/lib/python3.7/site-packages/airflow/example_dags/example_kubernetes_executor.py for tasks to queue
[2023-07-04T00:19:27.315+0000] {logging_mixin.py:149} INFO - [2023-07-04T00:19:27.314+0000] {dagbag.py:541} INFO - Filling up the DagBag from /home/airflow/.local/lib/python3.7/site-packages/airflow/example_dags/example_kubernetes_executor.py
[2023-07-04T00:19:27.783+0000] {processor.py:836} INFO - DAG(s) dict_keys(['example_kubernetes_executor']) retrieved from /home/airflow/.local/lib/python3.7/site-packages/airflow/example_dags/example_kubernetes_executor.py
[2023-07-04T00:19:27.874+0000] {logging_mixin.py:149} INFO - [2023-07-04T00:19:27.873+0000] {dag.py:2726} INFO - Sync 1 DAGs
[2023-07-04T00:19:27.936+0000] {logging_mixin.py:149} INFO - [2023-07-04T00:19:27.935+0000] {dag.py:3490} INFO - Setting next_dagrun for example_kubernetes_executor to None, run_after=None
[2023-07-04T00:19:27.988+0000] {processor.py:179} INFO - Processing /home/airflow/.local/lib/python3.7/site-packages/airflow/example_dags/example_kubernetes_executor.py took 0.691 seconds
[2023-07-04T00:19:58.323+0000] {processor.py:157} INFO - Started process (PID=1491) to work on /home/airflow/.local/lib/python3.7/site-packages/airflow/example_dags/example_kubernetes_executor.py
[2023-07-04T00:19:58.325+0000] {processor.py:826} INFO - Processing file /home/airflow/.local/lib/python3.7/site-packages/airflow/example_dags/example_kubernetes_executor.py for tasks to queue
[2023-07-04T00:19:58.328+0000] {logging_mixin.py:149} INFO - [2023-07-04T00:19:58.328+0000] {dagbag.py:541} INFO - Filling up the DagBag from /home/airflow/.local/lib/python3.7/site-packages/airflow/example_dags/example_kubernetes_executor.py
[2023-07-04T00:19:58.820+0000] {processor.py:836} INFO - DAG(s) dict_keys(['example_kubernetes_executor']) retrieved from /home/airflow/.local/lib/python3.7/site-packages/airflow/example_dags/example_kubernetes_executor.py
[2023-07-04T00:19:58.895+0000] {logging_mixin.py:149} INFO - [2023-07-04T00:19:58.895+0000] {dag.py:2726} INFO - Sync 1 DAGs
[2023-07-04T00:19:58.948+0000] {logging_mixin.py:149} INFO - [2023-07-04T00:19:58.948+0000] {dag.py:3490} INFO - Setting next_dagrun for example_kubernetes_executor to None, run_after=None
[2023-07-04T00:19:58.989+0000] {processor.py:179} INFO - Processing /home/airflow/.local/lib/python3.7/site-packages/airflow/example_dags/example_kubernetes_executor.py took 0.674 seconds
[2023-07-04T00:20:29.288+0000] {processor.py:157} INFO - Started process (PID=1550) to work on /home/airflow/.local/lib/python3.7/site-packages/airflow/example_dags/example_kubernetes_executor.py
[2023-07-04T00:20:29.289+0000] {processor.py:826} INFO - Processing file /home/airflow/.local/lib/python3.7/site-packages/airflow/example_dags/example_kubernetes_executor.py for tasks to queue
[2023-07-04T00:20:29.291+0000] {logging_mixin.py:149} INFO - [2023-07-04T00:20:29.290+0000] {dagbag.py:541} INFO - Filling up the DagBag from /home/airflow/.local/lib/python3.7/site-packages/airflow/example_dags/example_kubernetes_executor.py
[2023-07-04T00:20:29.641+0000] {processor.py:836} INFO - DAG(s) dict_keys(['example_kubernetes_executor']) retrieved from /home/airflow/.local/lib/python3.7/site-packages/airflow/example_dags/example_kubernetes_executor.py
[2023-07-04T00:20:29.706+0000] {logging_mixin.py:149} INFO - [2023-07-04T00:20:29.705+0000] {dag.py:2726} INFO - Sync 1 DAGs
[2023-07-04T00:20:29.759+0000] {logging_mixin.py:149} INFO - [2023-07-04T00:20:29.758+0000] {dag.py:3490} INFO - Setting next_dagrun for example_kubernetes_executor to None, run_after=None
[2023-07-04T00:20:29.795+0000] {processor.py:179} INFO - Processing /home/airflow/.local/lib/python3.7/site-packages/airflow/example_dags/example_kubernetes_executor.py took 0.515 seconds
[2023-07-04T00:21:00.291+0000] {processor.py:157} INFO - Started process (PID=1608) to work on /home/airflow/.local/lib/python3.7/site-packages/airflow/example_dags/example_kubernetes_executor.py
[2023-07-04T00:21:00.292+0000] {processor.py:826} INFO - Processing file /home/airflow/.local/lib/python3.7/site-packages/airflow/example_dags/example_kubernetes_executor.py for tasks to queue
[2023-07-04T00:21:00.295+0000] {logging_mixin.py:149} INFO - [2023-07-04T00:21:00.294+0000] {dagbag.py:541} INFO - Filling up the DagBag from /home/airflow/.local/lib/python3.7/site-packages/airflow/example_dags/example_kubernetes_executor.py
[2023-07-04T00:21:00.742+0000] {processor.py:836} INFO - DAG(s) dict_keys(['example_kubernetes_executor']) retrieved from /home/airflow/.local/lib/python3.7/site-packages/airflow/example_dags/example_kubernetes_executor.py
[2023-07-04T00:21:00.847+0000] {logging_mixin.py:149} INFO - [2023-07-04T00:21:00.847+0000] {dag.py:2726} INFO - Sync 1 DAGs
[2023-07-04T00:21:00.916+0000] {logging_mixin.py:149} INFO - [2023-07-04T00:21:00.915+0000] {dag.py:3490} INFO - Setting next_dagrun for example_kubernetes_executor to None, run_after=None
[2023-07-04T00:21:00.967+0000] {processor.py:179} INFO - Processing /home/airflow/.local/lib/python3.7/site-packages/airflow/example_dags/example_kubernetes_executor.py took 0.683 seconds
[2023-07-04T00:21:31.075+0000] {processor.py:157} INFO - Started process (PID=1666) to work on /home/airflow/.local/lib/python3.7/site-packages/airflow/example_dags/example_kubernetes_executor.py
[2023-07-04T00:21:31.077+0000] {processor.py:826} INFO - Processing file /home/airflow/.local/lib/python3.7/site-packages/airflow/example_dags/example_kubernetes_executor.py for tasks to queue
[2023-07-04T00:21:31.078+0000] {logging_mixin.py:149} INFO - [2023-07-04T00:21:31.078+0000] {dagbag.py:541} INFO - Filling up the DagBag from /home/airflow/.local/lib/python3.7/site-packages/airflow/example_dags/example_kubernetes_executor.py
[2023-07-04T00:21:31.596+0000] {processor.py:836} INFO - DAG(s) dict_keys(['example_kubernetes_executor']) retrieved from /home/airflow/.local/lib/python3.7/site-packages/airflow/example_dags/example_kubernetes_executor.py
[2023-07-04T00:21:31.657+0000] {logging_mixin.py:149} INFO - [2023-07-04T00:21:31.657+0000] {dag.py:2726} INFO - Sync 1 DAGs
[2023-07-04T00:21:31.695+0000] {logging_mixin.py:149} INFO - [2023-07-04T00:21:31.694+0000] {dag.py:3490} INFO - Setting next_dagrun for example_kubernetes_executor to None, run_after=None
[2023-07-04T00:21:31.720+0000] {processor.py:179} INFO - Processing /home/airflow/.local/lib/python3.7/site-packages/airflow/example_dags/example_kubernetes_executor.py took 0.651 seconds
[2023-07-04T00:22:02.166+0000] {processor.py:157} INFO - Started process (PID=1723) to work on /home/airflow/.local/lib/python3.7/site-packages/airflow/example_dags/example_kubernetes_executor.py
[2023-07-04T00:22:02.168+0000] {processor.py:826} INFO - Processing file /home/airflow/.local/lib/python3.7/site-packages/airflow/example_dags/example_kubernetes_executor.py for tasks to queue
[2023-07-04T00:22:02.170+0000] {logging_mixin.py:149} INFO - [2023-07-04T00:22:02.170+0000] {dagbag.py:541} INFO - Filling up the DagBag from /home/airflow/.local/lib/python3.7/site-packages/airflow/example_dags/example_kubernetes_executor.py
[2023-07-04T00:22:02.792+0000] {processor.py:836} INFO - DAG(s) dict_keys(['example_kubernetes_executor']) retrieved from /home/airflow/.local/lib/python3.7/site-packages/airflow/example_dags/example_kubernetes_executor.py
[2023-07-04T00:22:02.922+0000] {logging_mixin.py:149} INFO - [2023-07-04T00:22:02.922+0000] {dag.py:2726} INFO - Sync 1 DAGs
[2023-07-04T00:22:03.038+0000] {logging_mixin.py:149} INFO - [2023-07-04T00:22:03.037+0000] {dag.py:3490} INFO - Setting next_dagrun for example_kubernetes_executor to None, run_after=None
[2023-07-04T00:22:03.092+0000] {processor.py:179} INFO - Processing /home/airflow/.local/lib/python3.7/site-packages/airflow/example_dags/example_kubernetes_executor.py took 0.937 seconds
[2023-07-04T00:22:33.311+0000] {processor.py:157} INFO - Started process (PID=1783) to work on /home/airflow/.local/lib/python3.7/site-packages/airflow/example_dags/example_kubernetes_executor.py
[2023-07-04T00:22:33.312+0000] {processor.py:826} INFO - Processing file /home/airflow/.local/lib/python3.7/site-packages/airflow/example_dags/example_kubernetes_executor.py for tasks to queue
[2023-07-04T00:22:33.313+0000] {logging_mixin.py:149} INFO - [2023-07-04T00:22:33.313+0000] {dagbag.py:541} INFO - Filling up the DagBag from /home/airflow/.local/lib/python3.7/site-packages/airflow/example_dags/example_kubernetes_executor.py
[2023-07-04T00:22:33.668+0000] {processor.py:836} INFO - DAG(s) dict_keys(['example_kubernetes_executor']) retrieved from /home/airflow/.local/lib/python3.7/site-packages/airflow/example_dags/example_kubernetes_executor.py
[2023-07-04T00:22:33.766+0000] {logging_mixin.py:149} INFO - [2023-07-04T00:22:33.766+0000] {dag.py:2726} INFO - Sync 1 DAGs
[2023-07-04T00:22:33.809+0000] {logging_mixin.py:149} INFO - [2023-07-04T00:22:33.808+0000] {dag.py:3490} INFO - Setting next_dagrun for example_kubernetes_executor to None, run_after=None
[2023-07-04T00:22:33.841+0000] {processor.py:179} INFO - Processing /home/airflow/.local/lib/python3.7/site-packages/airflow/example_dags/example_kubernetes_executor.py took 0.536 seconds
[2023-07-04T00:23:04.368+0000] {processor.py:157} INFO - Started process (PID=1840) to work on /home/airflow/.local/lib/python3.7/site-packages/airflow/example_dags/example_kubernetes_executor.py
[2023-07-04T00:23:04.370+0000] {processor.py:826} INFO - Processing file /home/airflow/.local/lib/python3.7/site-packages/airflow/example_dags/example_kubernetes_executor.py for tasks to queue
[2023-07-04T00:23:04.371+0000] {logging_mixin.py:149} INFO - [2023-07-04T00:23:04.371+0000] {dagbag.py:541} INFO - Filling up the DagBag from /home/airflow/.local/lib/python3.7/site-packages/airflow/example_dags/example_kubernetes_executor.py
[2023-07-04T00:23:04.797+0000] {processor.py:836} INFO - DAG(s) dict_keys(['example_kubernetes_executor']) retrieved from /home/airflow/.local/lib/python3.7/site-packages/airflow/example_dags/example_kubernetes_executor.py
[2023-07-04T00:23:04.880+0000] {logging_mixin.py:149} INFO - [2023-07-04T00:23:04.880+0000] {dag.py:2726} INFO - Sync 1 DAGs
[2023-07-04T00:23:04.949+0000] {logging_mixin.py:149} INFO - [2023-07-04T00:23:04.949+0000] {dag.py:3490} INFO - Setting next_dagrun for example_kubernetes_executor to None, run_after=None
[2023-07-04T00:23:05.005+0000] {processor.py:179} INFO - Processing /home/airflow/.local/lib/python3.7/site-packages/airflow/example_dags/example_kubernetes_executor.py took 0.643 seconds
[2023-07-04T00:23:35.392+0000] {processor.py:157} INFO - Started process (PID=1897) to work on /home/airflow/.local/lib/python3.7/site-packages/airflow/example_dags/example_kubernetes_executor.py
[2023-07-04T00:23:35.394+0000] {processor.py:826} INFO - Processing file /home/airflow/.local/lib/python3.7/site-packages/airflow/example_dags/example_kubernetes_executor.py for tasks to queue
[2023-07-04T00:23:35.398+0000] {logging_mixin.py:149} INFO - [2023-07-04T00:23:35.398+0000] {dagbag.py:541} INFO - Filling up the DagBag from /home/airflow/.local/lib/python3.7/site-packages/airflow/example_dags/example_kubernetes_executor.py
[2023-07-04T00:23:35.847+0000] {processor.py:836} INFO - DAG(s) dict_keys(['example_kubernetes_executor']) retrieved from /home/airflow/.local/lib/python3.7/site-packages/airflow/example_dags/example_kubernetes_executor.py
[2023-07-04T00:23:35.927+0000] {logging_mixin.py:149} INFO - [2023-07-04T00:23:35.927+0000] {dag.py:2726} INFO - Sync 1 DAGs
[2023-07-04T00:23:35.996+0000] {logging_mixin.py:149} INFO - [2023-07-04T00:23:35.995+0000] {dag.py:3490} INFO - Setting next_dagrun for example_kubernetes_executor to None, run_after=None
[2023-07-04T00:23:36.040+0000] {processor.py:179} INFO - Processing /home/airflow/.local/lib/python3.7/site-packages/airflow/example_dags/example_kubernetes_executor.py took 0.654 seconds
[2023-07-04T00:24:06.495+0000] {processor.py:157} INFO - Started process (PID=1954) to work on /home/airflow/.local/lib/python3.7/site-packages/airflow/example_dags/example_kubernetes_executor.py
[2023-07-04T00:24:06.497+0000] {processor.py:826} INFO - Processing file /home/airflow/.local/lib/python3.7/site-packages/airflow/example_dags/example_kubernetes_executor.py for tasks to queue
[2023-07-04T00:24:06.499+0000] {logging_mixin.py:149} INFO - [2023-07-04T00:24:06.499+0000] {dagbag.py:541} INFO - Filling up the DagBag from /home/airflow/.local/lib/python3.7/site-packages/airflow/example_dags/example_kubernetes_executor.py
[2023-07-04T00:24:07.004+0000] {processor.py:836} INFO - DAG(s) dict_keys(['example_kubernetes_executor']) retrieved from /home/airflow/.local/lib/python3.7/site-packages/airflow/example_dags/example_kubernetes_executor.py
[2023-07-04T00:24:07.105+0000] {logging_mixin.py:149} INFO - [2023-07-04T00:24:07.104+0000] {dag.py:2726} INFO - Sync 1 DAGs
[2023-07-04T00:24:07.183+0000] {logging_mixin.py:149} INFO - [2023-07-04T00:24:07.183+0000] {dag.py:3490} INFO - Setting next_dagrun for example_kubernetes_executor to None, run_after=None
[2023-07-04T00:24:07.225+0000] {processor.py:179} INFO - Processing /home/airflow/.local/lib/python3.7/site-packages/airflow/example_dags/example_kubernetes_executor.py took 0.738 seconds
[2023-07-04T00:24:37.428+0000] {processor.py:157} INFO - Started process (PID=2013) to work on /home/airflow/.local/lib/python3.7/site-packages/airflow/example_dags/example_kubernetes_executor.py
[2023-07-04T00:24:37.429+0000] {processor.py:826} INFO - Processing file /home/airflow/.local/lib/python3.7/site-packages/airflow/example_dags/example_kubernetes_executor.py for tasks to queue
[2023-07-04T00:24:37.431+0000] {logging_mixin.py:149} INFO - [2023-07-04T00:24:37.431+0000] {dagbag.py:541} INFO - Filling up the DagBag from /home/airflow/.local/lib/python3.7/site-packages/airflow/example_dags/example_kubernetes_executor.py
[2023-07-04T00:24:37.948+0000] {processor.py:836} INFO - DAG(s) dict_keys(['example_kubernetes_executor']) retrieved from /home/airflow/.local/lib/python3.7/site-packages/airflow/example_dags/example_kubernetes_executor.py
[2023-07-04T00:24:38.042+0000] {logging_mixin.py:149} INFO - [2023-07-04T00:24:38.042+0000] {dag.py:2726} INFO - Sync 1 DAGs
[2023-07-04T00:24:38.105+0000] {logging_mixin.py:149} INFO - [2023-07-04T00:24:38.105+0000] {dag.py:3490} INFO - Setting next_dagrun for example_kubernetes_executor to None, run_after=None
[2023-07-04T00:24:38.151+0000] {processor.py:179} INFO - Processing /home/airflow/.local/lib/python3.7/site-packages/airflow/example_dags/example_kubernetes_executor.py took 0.733 seconds
[2023-07-04T00:25:08.975+0000] {processor.py:157} INFO - Started process (PID=2072) to work on /home/airflow/.local/lib/python3.7/site-packages/airflow/example_dags/example_kubernetes_executor.py
[2023-07-04T00:25:08.978+0000] {processor.py:826} INFO - Processing file /home/airflow/.local/lib/python3.7/site-packages/airflow/example_dags/example_kubernetes_executor.py for tasks to queue
[2023-07-04T00:25:08.979+0000] {logging_mixin.py:149} INFO - [2023-07-04T00:25:08.978+0000] {dagbag.py:541} INFO - Filling up the DagBag from /home/airflow/.local/lib/python3.7/site-packages/airflow/example_dags/example_kubernetes_executor.py
[2023-07-04T00:25:09.460+0000] {processor.py:836} INFO - DAG(s) dict_keys(['example_kubernetes_executor']) retrieved from /home/airflow/.local/lib/python3.7/site-packages/airflow/example_dags/example_kubernetes_executor.py
[2023-07-04T00:25:09.528+0000] {logging_mixin.py:149} INFO - [2023-07-04T00:25:09.528+0000] {dag.py:2726} INFO - Sync 1 DAGs
[2023-07-04T00:25:09.576+0000] {logging_mixin.py:149} INFO - [2023-07-04T00:25:09.576+0000] {dag.py:3490} INFO - Setting next_dagrun for example_kubernetes_executor to None, run_after=None
[2023-07-04T00:25:09.609+0000] {processor.py:179} INFO - Processing /home/airflow/.local/lib/python3.7/site-packages/airflow/example_dags/example_kubernetes_executor.py took 0.643 seconds
[2023-07-04T00:25:40.584+0000] {processor.py:157} INFO - Started process (PID=2134) to work on /home/airflow/.local/lib/python3.7/site-packages/airflow/example_dags/example_kubernetes_executor.py
[2023-07-04T00:25:40.586+0000] {processor.py:826} INFO - Processing file /home/airflow/.local/lib/python3.7/site-packages/airflow/example_dags/example_kubernetes_executor.py for tasks to queue
[2023-07-04T00:25:40.587+0000] {logging_mixin.py:149} INFO - [2023-07-04T00:25:40.587+0000] {dagbag.py:541} INFO - Filling up the DagBag from /home/airflow/.local/lib/python3.7/site-packages/airflow/example_dags/example_kubernetes_executor.py
[2023-07-04T00:25:40.959+0000] {processor.py:836} INFO - DAG(s) dict_keys(['example_kubernetes_executor']) retrieved from /home/airflow/.local/lib/python3.7/site-packages/airflow/example_dags/example_kubernetes_executor.py
[2023-07-04T00:25:41.019+0000] {logging_mixin.py:149} INFO - [2023-07-04T00:25:41.019+0000] {dag.py:2726} INFO - Sync 1 DAGs
[2023-07-04T00:25:41.068+0000] {logging_mixin.py:149} INFO - [2023-07-04T00:25:41.068+0000] {dag.py:3490} INFO - Setting next_dagrun for example_kubernetes_executor to None, run_after=None
[2023-07-04T00:25:41.101+0000] {processor.py:179} INFO - Processing /home/airflow/.local/lib/python3.7/site-packages/airflow/example_dags/example_kubernetes_executor.py took 0.521 seconds
[2023-07-04T00:26:12.037+0000] {processor.py:157} INFO - Started process (PID=2191) to work on /home/airflow/.local/lib/python3.7/site-packages/airflow/example_dags/example_kubernetes_executor.py
[2023-07-04T00:26:12.039+0000] {processor.py:826} INFO - Processing file /home/airflow/.local/lib/python3.7/site-packages/airflow/example_dags/example_kubernetes_executor.py for tasks to queue
[2023-07-04T00:26:12.040+0000] {logging_mixin.py:149} INFO - [2023-07-04T00:26:12.040+0000] {dagbag.py:541} INFO - Filling up the DagBag from /home/airflow/.local/lib/python3.7/site-packages/airflow/example_dags/example_kubernetes_executor.py
[2023-07-04T00:26:12.387+0000] {processor.py:836} INFO - DAG(s) dict_keys(['example_kubernetes_executor']) retrieved from /home/airflow/.local/lib/python3.7/site-packages/airflow/example_dags/example_kubernetes_executor.py
[2023-07-04T00:26:12.445+0000] {logging_mixin.py:149} INFO - [2023-07-04T00:26:12.445+0000] {dag.py:2726} INFO - Sync 1 DAGs
[2023-07-04T00:26:12.640+0000] {logging_mixin.py:149} INFO - [2023-07-04T00:26:12.640+0000] {dag.py:3490} INFO - Setting next_dagrun for example_kubernetes_executor to None, run_after=None
[2023-07-04T00:26:12.671+0000] {processor.py:179} INFO - Processing /home/airflow/.local/lib/python3.7/site-packages/airflow/example_dags/example_kubernetes_executor.py took 0.643 seconds
[2023-07-04T00:26:43.335+0000] {processor.py:157} INFO - Started process (PID=2255) to work on /home/airflow/.local/lib/python3.7/site-packages/airflow/example_dags/example_kubernetes_executor.py
[2023-07-04T00:26:43.336+0000] {processor.py:826} INFO - Processing file /home/airflow/.local/lib/python3.7/site-packages/airflow/example_dags/example_kubernetes_executor.py for tasks to queue
[2023-07-04T00:26:43.337+0000] {logging_mixin.py:149} INFO - [2023-07-04T00:26:43.337+0000] {dagbag.py:541} INFO - Filling up the DagBag from /home/airflow/.local/lib/python3.7/site-packages/airflow/example_dags/example_kubernetes_executor.py
[2023-07-04T00:26:43.683+0000] {processor.py:836} INFO - DAG(s) dict_keys(['example_kubernetes_executor']) retrieved from /home/airflow/.local/lib/python3.7/site-packages/airflow/example_dags/example_kubernetes_executor.py
[2023-07-04T00:26:43.762+0000] {logging_mixin.py:149} INFO - [2023-07-04T00:26:43.761+0000] {dag.py:2726} INFO - Sync 1 DAGs
[2023-07-04T00:26:43.816+0000] {logging_mixin.py:149} INFO - [2023-07-04T00:26:43.815+0000] {dag.py:3490} INFO - Setting next_dagrun for example_kubernetes_executor to None, run_after=None
[2023-07-04T00:26:43.862+0000] {processor.py:179} INFO - Processing /home/airflow/.local/lib/python3.7/site-packages/airflow/example_dags/example_kubernetes_executor.py took 0.533 seconds
[2023-07-04T00:27:14.809+0000] {processor.py:157} INFO - Started process (PID=2312) to work on /home/airflow/.local/lib/python3.7/site-packages/airflow/example_dags/example_kubernetes_executor.py
[2023-07-04T00:27:14.811+0000] {processor.py:826} INFO - Processing file /home/airflow/.local/lib/python3.7/site-packages/airflow/example_dags/example_kubernetes_executor.py for tasks to queue
[2023-07-04T00:27:14.812+0000] {logging_mixin.py:149} INFO - [2023-07-04T00:27:14.812+0000] {dagbag.py:541} INFO - Filling up the DagBag from /home/airflow/.local/lib/python3.7/site-packages/airflow/example_dags/example_kubernetes_executor.py
[2023-07-04T00:27:15.141+0000] {processor.py:836} INFO - DAG(s) dict_keys(['example_kubernetes_executor']) retrieved from /home/airflow/.local/lib/python3.7/site-packages/airflow/example_dags/example_kubernetes_executor.py
[2023-07-04T00:27:15.201+0000] {logging_mixin.py:149} INFO - [2023-07-04T00:27:15.200+0000] {dag.py:2726} INFO - Sync 1 DAGs
[2023-07-04T00:27:15.242+0000] {logging_mixin.py:149} INFO - [2023-07-04T00:27:15.241+0000] {dag.py:3490} INFO - Setting next_dagrun for example_kubernetes_executor to None, run_after=None
[2023-07-04T00:27:15.273+0000] {processor.py:179} INFO - Processing /home/airflow/.local/lib/python3.7/site-packages/airflow/example_dags/example_kubernetes_executor.py took 0.470 seconds
[2023-07-04T00:27:45.839+0000] {processor.py:157} INFO - Started process (PID=2369) to work on /home/airflow/.local/lib/python3.7/site-packages/airflow/example_dags/example_kubernetes_executor.py
[2023-07-04T00:27:45.841+0000] {processor.py:826} INFO - Processing file /home/airflow/.local/lib/python3.7/site-packages/airflow/example_dags/example_kubernetes_executor.py for tasks to queue
[2023-07-04T00:27:45.842+0000] {logging_mixin.py:149} INFO - [2023-07-04T00:27:45.842+0000] {dagbag.py:541} INFO - Filling up the DagBag from /home/airflow/.local/lib/python3.7/site-packages/airflow/example_dags/example_kubernetes_executor.py
[2023-07-04T00:27:46.209+0000] {processor.py:836} INFO - DAG(s) dict_keys(['example_kubernetes_executor']) retrieved from /home/airflow/.local/lib/python3.7/site-packages/airflow/example_dags/example_kubernetes_executor.py
[2023-07-04T00:27:46.277+0000] {logging_mixin.py:149} INFO - [2023-07-04T00:27:46.276+0000] {dag.py:2726} INFO - Sync 1 DAGs
[2023-07-04T00:27:46.327+0000] {logging_mixin.py:149} INFO - [2023-07-04T00:27:46.326+0000] {dag.py:3490} INFO - Setting next_dagrun for example_kubernetes_executor to None, run_after=None
[2023-07-04T00:27:46.512+0000] {processor.py:179} INFO - Processing /home/airflow/.local/lib/python3.7/site-packages/airflow/example_dags/example_kubernetes_executor.py took 0.679 seconds
[2023-07-04T00:28:17.404+0000] {processor.py:157} INFO - Started process (PID=2426) to work on /home/airflow/.local/lib/python3.7/site-packages/airflow/example_dags/example_kubernetes_executor.py
[2023-07-04T00:28:17.406+0000] {processor.py:826} INFO - Processing file /home/airflow/.local/lib/python3.7/site-packages/airflow/example_dags/example_kubernetes_executor.py for tasks to queue
[2023-07-04T00:28:17.408+0000] {logging_mixin.py:149} INFO - [2023-07-04T00:28:17.407+0000] {dagbag.py:541} INFO - Filling up the DagBag from /home/airflow/.local/lib/python3.7/site-packages/airflow/example_dags/example_kubernetes_executor.py
[2023-07-04T00:28:17.775+0000] {processor.py:836} INFO - DAG(s) dict_keys(['example_kubernetes_executor']) retrieved from /home/airflow/.local/lib/python3.7/site-packages/airflow/example_dags/example_kubernetes_executor.py
[2023-07-04T00:28:17.835+0000] {logging_mixin.py:149} INFO - [2023-07-04T00:28:17.835+0000] {dag.py:2726} INFO - Sync 1 DAGs
[2023-07-04T00:28:17.879+0000] {logging_mixin.py:149} INFO - [2023-07-04T00:28:17.879+0000] {dag.py:3490} INFO - Setting next_dagrun for example_kubernetes_executor to None, run_after=None
[2023-07-04T00:28:17.906+0000] {processor.py:179} INFO - Processing /home/airflow/.local/lib/python3.7/site-packages/airflow/example_dags/example_kubernetes_executor.py took 0.507 seconds
[2023-07-04T00:28:47.951+0000] {processor.py:157} INFO - Started process (PID=2483) to work on /home/airflow/.local/lib/python3.7/site-packages/airflow/example_dags/example_kubernetes_executor.py
[2023-07-04T00:28:47.953+0000] {processor.py:826} INFO - Processing file /home/airflow/.local/lib/python3.7/site-packages/airflow/example_dags/example_kubernetes_executor.py for tasks to queue
[2023-07-04T00:28:47.954+0000] {logging_mixin.py:149} INFO - [2023-07-04T00:28:47.954+0000] {dagbag.py:541} INFO - Filling up the DagBag from /home/airflow/.local/lib/python3.7/site-packages/airflow/example_dags/example_kubernetes_executor.py
[2023-07-04T00:28:48.371+0000] {processor.py:836} INFO - DAG(s) dict_keys(['example_kubernetes_executor']) retrieved from /home/airflow/.local/lib/python3.7/site-packages/airflow/example_dags/example_kubernetes_executor.py
[2023-07-04T00:28:48.565+0000] {logging_mixin.py:149} INFO - [2023-07-04T00:28:48.565+0000] {dag.py:2726} INFO - Sync 1 DAGs
[2023-07-04T00:28:48.608+0000] {logging_mixin.py:149} INFO - [2023-07-04T00:28:48.608+0000] {dag.py:3490} INFO - Setting next_dagrun for example_kubernetes_executor to None, run_after=None
[2023-07-04T00:28:48.635+0000] {processor.py:179} INFO - Processing /home/airflow/.local/lib/python3.7/site-packages/airflow/example_dags/example_kubernetes_executor.py took 0.689 seconds
[2023-07-04T00:29:19.217+0000] {processor.py:157} INFO - Started process (PID=2540) to work on /home/airflow/.local/lib/python3.7/site-packages/airflow/example_dags/example_kubernetes_executor.py
[2023-07-04T00:29:19.220+0000] {processor.py:826} INFO - Processing file /home/airflow/.local/lib/python3.7/site-packages/airflow/example_dags/example_kubernetes_executor.py for tasks to queue
[2023-07-04T00:29:19.222+0000] {logging_mixin.py:149} INFO - [2023-07-04T00:29:19.222+0000] {dagbag.py:541} INFO - Filling up the DagBag from /home/airflow/.local/lib/python3.7/site-packages/airflow/example_dags/example_kubernetes_executor.py
[2023-07-04T00:29:19.715+0000] {processor.py:836} INFO - DAG(s) dict_keys(['example_kubernetes_executor']) retrieved from /home/airflow/.local/lib/python3.7/site-packages/airflow/example_dags/example_kubernetes_executor.py
[2023-07-04T00:29:19.801+0000] {logging_mixin.py:149} INFO - [2023-07-04T00:29:19.801+0000] {dag.py:2726} INFO - Sync 1 DAGs
[2023-07-04T00:29:19.988+0000] {logging_mixin.py:149} INFO - [2023-07-04T00:29:19.988+0000] {dag.py:3490} INFO - Setting next_dagrun for example_kubernetes_executor to None, run_after=None
[2023-07-04T00:29:20.014+0000] {processor.py:179} INFO - Processing /home/airflow/.local/lib/python3.7/site-packages/airflow/example_dags/example_kubernetes_executor.py took 0.805 seconds
[2023-07-04T00:29:50.522+0000] {processor.py:157} INFO - Started process (PID=2597) to work on /home/airflow/.local/lib/python3.7/site-packages/airflow/example_dags/example_kubernetes_executor.py
[2023-07-04T00:29:50.524+0000] {processor.py:826} INFO - Processing file /home/airflow/.local/lib/python3.7/site-packages/airflow/example_dags/example_kubernetes_executor.py for tasks to queue
[2023-07-04T00:29:50.527+0000] {logging_mixin.py:149} INFO - [2023-07-04T00:29:50.526+0000] {dagbag.py:541} INFO - Filling up the DagBag from /home/airflow/.local/lib/python3.7/site-packages/airflow/example_dags/example_kubernetes_executor.py
[2023-07-04T00:29:50.992+0000] {processor.py:836} INFO - DAG(s) dict_keys(['example_kubernetes_executor']) retrieved from /home/airflow/.local/lib/python3.7/site-packages/airflow/example_dags/example_kubernetes_executor.py
[2023-07-04T00:29:51.087+0000] {logging_mixin.py:149} INFO - [2023-07-04T00:29:51.087+0000] {dag.py:2726} INFO - Sync 1 DAGs
[2023-07-04T00:29:51.177+0000] {logging_mixin.py:149} INFO - [2023-07-04T00:29:51.176+0000] {dag.py:3490} INFO - Setting next_dagrun for example_kubernetes_executor to None, run_after=None
[2023-07-04T00:29:51.226+0000] {processor.py:179} INFO - Processing /home/airflow/.local/lib/python3.7/site-packages/airflow/example_dags/example_kubernetes_executor.py took 0.711 seconds
[2023-07-04T00:30:21.652+0000] {processor.py:157} INFO - Started process (PID=2654) to work on /home/airflow/.local/lib/python3.7/site-packages/airflow/example_dags/example_kubernetes_executor.py
[2023-07-04T00:30:21.654+0000] {processor.py:826} INFO - Processing file /home/airflow/.local/lib/python3.7/site-packages/airflow/example_dags/example_kubernetes_executor.py for tasks to queue
[2023-07-04T00:30:21.655+0000] {logging_mixin.py:149} INFO - [2023-07-04T00:30:21.655+0000] {dagbag.py:541} INFO - Filling up the DagBag from /home/airflow/.local/lib/python3.7/site-packages/airflow/example_dags/example_kubernetes_executor.py
[2023-07-04T00:30:21.907+0000] {processor.py:836} INFO - DAG(s) dict_keys(['example_kubernetes_executor']) retrieved from /home/airflow/.local/lib/python3.7/site-packages/airflow/example_dags/example_kubernetes_executor.py
[2023-07-04T00:30:22.073+0000] {logging_mixin.py:149} INFO - [2023-07-04T00:30:22.073+0000] {dag.py:2726} INFO - Sync 1 DAGs
[2023-07-04T00:30:22.101+0000] {logging_mixin.py:149} INFO - [2023-07-04T00:30:22.101+0000] {dag.py:3490} INFO - Setting next_dagrun for example_kubernetes_executor to None, run_after=None
[2023-07-04T00:30:22.125+0000] {processor.py:179} INFO - Processing /home/airflow/.local/lib/python3.7/site-packages/airflow/example_dags/example_kubernetes_executor.py took 0.478 seconds
[2023-07-04T00:30:52.256+0000] {processor.py:157} INFO - Started process (PID=2710) to work on /home/airflow/.local/lib/python3.7/site-packages/airflow/example_dags/example_kubernetes_executor.py
[2023-07-04T00:30:52.258+0000] {processor.py:826} INFO - Processing file /home/airflow/.local/lib/python3.7/site-packages/airflow/example_dags/example_kubernetes_executor.py for tasks to queue
[2023-07-04T00:30:52.259+0000] {logging_mixin.py:149} INFO - [2023-07-04T00:30:52.258+0000] {dagbag.py:541} INFO - Filling up the DagBag from /home/airflow/.local/lib/python3.7/site-packages/airflow/example_dags/example_kubernetes_executor.py
[2023-07-04T00:30:52.740+0000] {processor.py:836} INFO - DAG(s) dict_keys(['example_kubernetes_executor']) retrieved from /home/airflow/.local/lib/python3.7/site-packages/airflow/example_dags/example_kubernetes_executor.py
[2023-07-04T00:30:52.851+0000] {logging_mixin.py:149} INFO - [2023-07-04T00:30:52.851+0000] {dag.py:2726} INFO - Sync 1 DAGs
[2023-07-04T00:30:53.071+0000] {logging_mixin.py:149} INFO - [2023-07-04T00:30:53.071+0000] {dag.py:3490} INFO - Setting next_dagrun for example_kubernetes_executor to None, run_after=None
[2023-07-04T00:30:53.095+0000] {processor.py:179} INFO - Processing /home/airflow/.local/lib/python3.7/site-packages/airflow/example_dags/example_kubernetes_executor.py took 0.844 seconds
[2023-07-04T00:31:23.553+0000] {processor.py:157} INFO - Started process (PID=2767) to work on /home/airflow/.local/lib/python3.7/site-packages/airflow/example_dags/example_kubernetes_executor.py
[2023-07-04T00:31:23.555+0000] {processor.py:826} INFO - Processing file /home/airflow/.local/lib/python3.7/site-packages/airflow/example_dags/example_kubernetes_executor.py for tasks to queue
[2023-07-04T00:31:23.556+0000] {logging_mixin.py:149} INFO - [2023-07-04T00:31:23.555+0000] {dagbag.py:541} INFO - Filling up the DagBag from /home/airflow/.local/lib/python3.7/site-packages/airflow/example_dags/example_kubernetes_executor.py
[2023-07-04T00:31:23.966+0000] {processor.py:836} INFO - DAG(s) dict_keys(['example_kubernetes_executor']) retrieved from /home/airflow/.local/lib/python3.7/site-packages/airflow/example_dags/example_kubernetes_executor.py
[2023-07-04T00:31:24.180+0000] {logging_mixin.py:149} INFO - [2023-07-04T00:31:24.179+0000] {dag.py:2726} INFO - Sync 1 DAGs
[2023-07-04T00:31:24.217+0000] {logging_mixin.py:149} INFO - [2023-07-04T00:31:24.217+0000] {dag.py:3490} INFO - Setting next_dagrun for example_kubernetes_executor to None, run_after=None
[2023-07-04T00:31:24.247+0000] {processor.py:179} INFO - Processing /home/airflow/.local/lib/python3.7/site-packages/airflow/example_dags/example_kubernetes_executor.py took 0.701 seconds
[2023-07-04T00:31:54.792+0000] {processor.py:157} INFO - Started process (PID=2824) to work on /home/airflow/.local/lib/python3.7/site-packages/airflow/example_dags/example_kubernetes_executor.py
[2023-07-04T00:31:54.793+0000] {processor.py:826} INFO - Processing file /home/airflow/.local/lib/python3.7/site-packages/airflow/example_dags/example_kubernetes_executor.py for tasks to queue
[2023-07-04T00:31:54.794+0000] {logging_mixin.py:149} INFO - [2023-07-04T00:31:54.794+0000] {dagbag.py:541} INFO - Filling up the DagBag from /home/airflow/.local/lib/python3.7/site-packages/airflow/example_dags/example_kubernetes_executor.py
[2023-07-04T00:31:55.048+0000] {processor.py:836} INFO - DAG(s) dict_keys(['example_kubernetes_executor']) retrieved from /home/airflow/.local/lib/python3.7/site-packages/airflow/example_dags/example_kubernetes_executor.py
[2023-07-04T00:31:55.211+0000] {logging_mixin.py:149} INFO - [2023-07-04T00:31:55.211+0000] {dag.py:2726} INFO - Sync 1 DAGs
[2023-07-04T00:31:55.238+0000] {logging_mixin.py:149} INFO - [2023-07-04T00:31:55.238+0000] {dag.py:3490} INFO - Setting next_dagrun for example_kubernetes_executor to None, run_after=None
[2023-07-04T00:31:55.260+0000] {processor.py:179} INFO - Processing /home/airflow/.local/lib/python3.7/site-packages/airflow/example_dags/example_kubernetes_executor.py took 0.472 seconds
[2023-07-04T00:32:25.293+0000] {processor.py:157} INFO - Started process (PID=2881) to work on /home/airflow/.local/lib/python3.7/site-packages/airflow/example_dags/example_kubernetes_executor.py
[2023-07-04T00:32:25.294+0000] {processor.py:826} INFO - Processing file /home/airflow/.local/lib/python3.7/site-packages/airflow/example_dags/example_kubernetes_executor.py for tasks to queue
[2023-07-04T00:32:25.295+0000] {logging_mixin.py:149} INFO - [2023-07-04T00:32:25.295+0000] {dagbag.py:541} INFO - Filling up the DagBag from /home/airflow/.local/lib/python3.7/site-packages/airflow/example_dags/example_kubernetes_executor.py
[2023-07-04T00:32:25.605+0000] {processor.py:836} INFO - DAG(s) dict_keys(['example_kubernetes_executor']) retrieved from /home/airflow/.local/lib/python3.7/site-packages/airflow/example_dags/example_kubernetes_executor.py
[2023-07-04T00:32:25.702+0000] {logging_mixin.py:149} INFO - [2023-07-04T00:32:25.701+0000] {dag.py:2726} INFO - Sync 1 DAGs
[2023-07-04T00:32:25.974+0000] {logging_mixin.py:149} INFO - [2023-07-04T00:32:25.974+0000] {dag.py:3490} INFO - Setting next_dagrun for example_kubernetes_executor to None, run_after=None
[2023-07-04T00:32:26.026+0000] {processor.py:179} INFO - Processing /home/airflow/.local/lib/python3.7/site-packages/airflow/example_dags/example_kubernetes_executor.py took 0.738 seconds
[2023-07-04T00:32:56.236+0000] {processor.py:157} INFO - Started process (PID=2939) to work on /home/airflow/.local/lib/python3.7/site-packages/airflow/example_dags/example_kubernetes_executor.py
[2023-07-04T00:32:56.240+0000] {processor.py:826} INFO - Processing file /home/airflow/.local/lib/python3.7/site-packages/airflow/example_dags/example_kubernetes_executor.py for tasks to queue
[2023-07-04T00:32:56.250+0000] {logging_mixin.py:149} INFO - [2023-07-04T00:32:56.250+0000] {dagbag.py:541} INFO - Filling up the DagBag from /home/airflow/.local/lib/python3.7/site-packages/airflow/example_dags/example_kubernetes_executor.py
[2023-07-04T00:32:57.098+0000] {processor.py:836} INFO - DAG(s) dict_keys(['example_kubernetes_executor']) retrieved from /home/airflow/.local/lib/python3.7/site-packages/airflow/example_dags/example_kubernetes_executor.py
[2023-07-04T00:32:57.426+0000] {logging_mixin.py:149} INFO - [2023-07-04T00:32:57.425+0000] {dag.py:2726} INFO - Sync 1 DAGs
[2023-07-04T00:32:57.487+0000] {logging_mixin.py:149} INFO - [2023-07-04T00:32:57.486+0000] {dag.py:3490} INFO - Setting next_dagrun for example_kubernetes_executor to None, run_after=None
[2023-07-04T00:32:57.551+0000] {processor.py:179} INFO - Processing /home/airflow/.local/lib/python3.7/site-packages/airflow/example_dags/example_kubernetes_executor.py took 1.325 seconds
