[2023-07-04T00:07:12.277+0000] {processor.py:157} INFO - Started process (PID=80) to work on /home/airflow/.local/lib/python3.7/site-packages/airflow/example_dags/example_complex.py
[2023-07-04T00:07:12.281+0000] {processor.py:826} INFO - Processing file /home/airflow/.local/lib/python3.7/site-packages/airflow/example_dags/example_complex.py for tasks to queue
[2023-07-04T00:07:12.292+0000] {logging_mixin.py:149} INFO - [2023-07-04T00:07:12.286+0000] {dagbag.py:541} INFO - Filling up the DagBag from /home/airflow/.local/lib/python3.7/site-packages/airflow/example_dags/example_complex.py
[2023-07-04T00:07:12.341+0000] {processor.py:836} INFO - DAG(s) dict_keys(['example_complex']) retrieved from /home/airflow/.local/lib/python3.7/site-packages/airflow/example_dags/example_complex.py
[2023-07-04T00:07:12.446+0000] {logging_mixin.py:149} INFO - [2023-07-04T00:07:12.445+0000] {dag.py:2726} INFO - Sync 1 DAGs
[2023-07-04T00:07:12.559+0000] {logging_mixin.py:149} INFO - [2023-07-04T00:07:12.559+0000] {dag.py:3490} INFO - Setting next_dagrun for example_complex to None, run_after=None
[2023-07-04T00:07:12.642+0000] {processor.py:179} INFO - Processing /home/airflow/.local/lib/python3.7/site-packages/airflow/example_dags/example_complex.py took 0.373 seconds
[2023-07-04T00:07:42.748+0000] {processor.py:157} INFO - Started process (PID=137) to work on /home/airflow/.local/lib/python3.7/site-packages/airflow/example_dags/example_complex.py
[2023-07-04T00:07:42.751+0000] {processor.py:826} INFO - Processing file /home/airflow/.local/lib/python3.7/site-packages/airflow/example_dags/example_complex.py for tasks to queue
[2023-07-04T00:07:42.752+0000] {logging_mixin.py:149} INFO - [2023-07-04T00:07:42.752+0000] {dagbag.py:541} INFO - Filling up the DagBag from /home/airflow/.local/lib/python3.7/site-packages/airflow/example_dags/example_complex.py
[2023-07-04T00:07:42.771+0000] {processor.py:836} INFO - DAG(s) dict_keys(['example_complex']) retrieved from /home/airflow/.local/lib/python3.7/site-packages/airflow/example_dags/example_complex.py
[2023-07-04T00:07:42.836+0000] {logging_mixin.py:149} INFO - [2023-07-04T00:07:42.836+0000] {dag.py:2726} INFO - Sync 1 DAGs
[2023-07-04T00:07:42.888+0000] {logging_mixin.py:149} INFO - [2023-07-04T00:07:42.888+0000] {dag.py:3490} INFO - Setting next_dagrun for example_complex to None, run_after=None
[2023-07-04T00:07:42.922+0000] {processor.py:179} INFO - Processing /home/airflow/.local/lib/python3.7/site-packages/airflow/example_dags/example_complex.py took 0.181 seconds
[2023-07-04T00:08:13.332+0000] {processor.py:157} INFO - Started process (PID=194) to work on /home/airflow/.local/lib/python3.7/site-packages/airflow/example_dags/example_complex.py
[2023-07-04T00:08:13.334+0000] {processor.py:826} INFO - Processing file /home/airflow/.local/lib/python3.7/site-packages/airflow/example_dags/example_complex.py for tasks to queue
[2023-07-04T00:08:13.336+0000] {logging_mixin.py:149} INFO - [2023-07-04T00:08:13.336+0000] {dagbag.py:541} INFO - Filling up the DagBag from /home/airflow/.local/lib/python3.7/site-packages/airflow/example_dags/example_complex.py
[2023-07-04T00:08:13.361+0000] {processor.py:836} INFO - DAG(s) dict_keys(['example_complex']) retrieved from /home/airflow/.local/lib/python3.7/site-packages/airflow/example_dags/example_complex.py
[2023-07-04T00:08:13.424+0000] {logging_mixin.py:149} INFO - [2023-07-04T00:08:13.424+0000] {dag.py:2726} INFO - Sync 1 DAGs
[2023-07-04T00:08:13.477+0000] {logging_mixin.py:149} INFO - [2023-07-04T00:08:13.477+0000] {dag.py:3490} INFO - Setting next_dagrun for example_complex to None, run_after=None
[2023-07-04T00:08:13.513+0000] {processor.py:179} INFO - Processing /home/airflow/.local/lib/python3.7/site-packages/airflow/example_dags/example_complex.py took 0.187 seconds
[2023-07-04T00:08:44.014+0000] {processor.py:157} INFO - Started process (PID=251) to work on /home/airflow/.local/lib/python3.7/site-packages/airflow/example_dags/example_complex.py
[2023-07-04T00:08:44.015+0000] {processor.py:826} INFO - Processing file /home/airflow/.local/lib/python3.7/site-packages/airflow/example_dags/example_complex.py for tasks to queue
[2023-07-04T00:08:44.017+0000] {logging_mixin.py:149} INFO - [2023-07-04T00:08:44.016+0000] {dagbag.py:541} INFO - Filling up the DagBag from /home/airflow/.local/lib/python3.7/site-packages/airflow/example_dags/example_complex.py
[2023-07-04T00:08:44.037+0000] {processor.py:836} INFO - DAG(s) dict_keys(['example_complex']) retrieved from /home/airflow/.local/lib/python3.7/site-packages/airflow/example_dags/example_complex.py
[2023-07-04T00:08:44.106+0000] {logging_mixin.py:149} INFO - [2023-07-04T00:08:44.105+0000] {dag.py:2726} INFO - Sync 1 DAGs
[2023-07-04T00:08:44.185+0000] {logging_mixin.py:149} INFO - [2023-07-04T00:08:44.185+0000] {dag.py:3490} INFO - Setting next_dagrun for example_complex to None, run_after=None
[2023-07-04T00:08:44.230+0000] {processor.py:179} INFO - Processing /home/airflow/.local/lib/python3.7/site-packages/airflow/example_dags/example_complex.py took 0.225 seconds
[2023-07-04T00:09:14.587+0000] {processor.py:157} INFO - Started process (PID=308) to work on /home/airflow/.local/lib/python3.7/site-packages/airflow/example_dags/example_complex.py
[2023-07-04T00:09:14.589+0000] {processor.py:826} INFO - Processing file /home/airflow/.local/lib/python3.7/site-packages/airflow/example_dags/example_complex.py for tasks to queue
[2023-07-04T00:09:14.591+0000] {logging_mixin.py:149} INFO - [2023-07-04T00:09:14.590+0000] {dagbag.py:541} INFO - Filling up the DagBag from /home/airflow/.local/lib/python3.7/site-packages/airflow/example_dags/example_complex.py
[2023-07-04T00:09:14.620+0000] {processor.py:836} INFO - DAG(s) dict_keys(['example_complex']) retrieved from /home/airflow/.local/lib/python3.7/site-packages/airflow/example_dags/example_complex.py
[2023-07-04T00:09:14.695+0000] {logging_mixin.py:149} INFO - [2023-07-04T00:09:14.695+0000] {dag.py:2726} INFO - Sync 1 DAGs
[2023-07-04T00:09:14.750+0000] {logging_mixin.py:149} INFO - [2023-07-04T00:09:14.750+0000] {dag.py:3490} INFO - Setting next_dagrun for example_complex to None, run_after=None
[2023-07-04T00:09:14.794+0000] {processor.py:179} INFO - Processing /home/airflow/.local/lib/python3.7/site-packages/airflow/example_dags/example_complex.py took 0.213 seconds
[2023-07-04T00:09:45.284+0000] {processor.py:157} INFO - Started process (PID=365) to work on /home/airflow/.local/lib/python3.7/site-packages/airflow/example_dags/example_complex.py
[2023-07-04T00:09:45.285+0000] {processor.py:826} INFO - Processing file /home/airflow/.local/lib/python3.7/site-packages/airflow/example_dags/example_complex.py for tasks to queue
[2023-07-04T00:09:45.287+0000] {logging_mixin.py:149} INFO - [2023-07-04T00:09:45.287+0000] {dagbag.py:541} INFO - Filling up the DagBag from /home/airflow/.local/lib/python3.7/site-packages/airflow/example_dags/example_complex.py
[2023-07-04T00:09:45.310+0000] {processor.py:836} INFO - DAG(s) dict_keys(['example_complex']) retrieved from /home/airflow/.local/lib/python3.7/site-packages/airflow/example_dags/example_complex.py
[2023-07-04T00:09:45.374+0000] {logging_mixin.py:149} INFO - [2023-07-04T00:09:45.374+0000] {dag.py:2726} INFO - Sync 1 DAGs
[2023-07-04T00:09:45.428+0000] {logging_mixin.py:149} INFO - [2023-07-04T00:09:45.428+0000] {dag.py:3490} INFO - Setting next_dagrun for example_complex to None, run_after=None
[2023-07-04T00:09:45.463+0000] {processor.py:179} INFO - Processing /home/airflow/.local/lib/python3.7/site-packages/airflow/example_dags/example_complex.py took 0.186 seconds
[2023-07-04T00:10:16.341+0000] {processor.py:157} INFO - Started process (PID=421) to work on /home/airflow/.local/lib/python3.7/site-packages/airflow/example_dags/example_complex.py
[2023-07-04T00:10:16.345+0000] {processor.py:826} INFO - Processing file /home/airflow/.local/lib/python3.7/site-packages/airflow/example_dags/example_complex.py for tasks to queue
[2023-07-04T00:10:16.348+0000] {logging_mixin.py:149} INFO - [2023-07-04T00:10:16.347+0000] {dagbag.py:541} INFO - Filling up the DagBag from /home/airflow/.local/lib/python3.7/site-packages/airflow/example_dags/example_complex.py
[2023-07-04T00:10:16.391+0000] {processor.py:836} INFO - DAG(s) dict_keys(['example_complex']) retrieved from /home/airflow/.local/lib/python3.7/site-packages/airflow/example_dags/example_complex.py
[2023-07-04T00:10:16.482+0000] {logging_mixin.py:149} INFO - [2023-07-04T00:10:16.481+0000] {dag.py:2726} INFO - Sync 1 DAGs
[2023-07-04T00:10:16.571+0000] {logging_mixin.py:149} INFO - [2023-07-04T00:10:16.571+0000] {dag.py:3490} INFO - Setting next_dagrun for example_complex to None, run_after=None
[2023-07-04T00:10:16.648+0000] {processor.py:179} INFO - Processing /home/airflow/.local/lib/python3.7/site-packages/airflow/example_dags/example_complex.py took 0.316 seconds
[2023-07-04T00:10:47.188+0000] {processor.py:157} INFO - Started process (PID=478) to work on /home/airflow/.local/lib/python3.7/site-packages/airflow/example_dags/example_complex.py
[2023-07-04T00:10:47.189+0000] {processor.py:826} INFO - Processing file /home/airflow/.local/lib/python3.7/site-packages/airflow/example_dags/example_complex.py for tasks to queue
[2023-07-04T00:10:47.190+0000] {logging_mixin.py:149} INFO - [2023-07-04T00:10:47.190+0000] {dagbag.py:541} INFO - Filling up the DagBag from /home/airflow/.local/lib/python3.7/site-packages/airflow/example_dags/example_complex.py
[2023-07-04T00:10:47.216+0000] {processor.py:836} INFO - DAG(s) dict_keys(['example_complex']) retrieved from /home/airflow/.local/lib/python3.7/site-packages/airflow/example_dags/example_complex.py
[2023-07-04T00:10:47.289+0000] {logging_mixin.py:149} INFO - [2023-07-04T00:10:47.289+0000] {dag.py:2726} INFO - Sync 1 DAGs
[2023-07-04T00:10:47.353+0000] {logging_mixin.py:149} INFO - [2023-07-04T00:10:47.353+0000] {dag.py:3490} INFO - Setting next_dagrun for example_complex to None, run_after=None
[2023-07-04T00:10:47.393+0000] {processor.py:179} INFO - Processing /home/airflow/.local/lib/python3.7/site-packages/airflow/example_dags/example_complex.py took 0.212 seconds
[2023-07-04T00:11:18.250+0000] {processor.py:157} INFO - Started process (PID=535) to work on /home/airflow/.local/lib/python3.7/site-packages/airflow/example_dags/example_complex.py
[2023-07-04T00:11:18.251+0000] {processor.py:826} INFO - Processing file /home/airflow/.local/lib/python3.7/site-packages/airflow/example_dags/example_complex.py for tasks to queue
[2023-07-04T00:11:18.253+0000] {logging_mixin.py:149} INFO - [2023-07-04T00:11:18.253+0000] {dagbag.py:541} INFO - Filling up the DagBag from /home/airflow/.local/lib/python3.7/site-packages/airflow/example_dags/example_complex.py
[2023-07-04T00:11:18.274+0000] {processor.py:836} INFO - DAG(s) dict_keys(['example_complex']) retrieved from /home/airflow/.local/lib/python3.7/site-packages/airflow/example_dags/example_complex.py
[2023-07-04T00:11:18.321+0000] {logging_mixin.py:149} INFO - [2023-07-04T00:11:18.321+0000] {dag.py:2726} INFO - Sync 1 DAGs
[2023-07-04T00:11:18.356+0000] {logging_mixin.py:149} INFO - [2023-07-04T00:11:18.356+0000] {dag.py:3490} INFO - Setting next_dagrun for example_complex to None, run_after=None
[2023-07-04T00:11:18.404+0000] {processor.py:179} INFO - Processing /home/airflow/.local/lib/python3.7/site-packages/airflow/example_dags/example_complex.py took 0.161 seconds
[2023-07-04T00:11:49.404+0000] {processor.py:157} INFO - Started process (PID=592) to work on /home/airflow/.local/lib/python3.7/site-packages/airflow/example_dags/example_complex.py
[2023-07-04T00:11:49.407+0000] {processor.py:826} INFO - Processing file /home/airflow/.local/lib/python3.7/site-packages/airflow/example_dags/example_complex.py for tasks to queue
[2023-07-04T00:11:49.409+0000] {logging_mixin.py:149} INFO - [2023-07-04T00:11:49.408+0000] {dagbag.py:541} INFO - Filling up the DagBag from /home/airflow/.local/lib/python3.7/site-packages/airflow/example_dags/example_complex.py
[2023-07-04T00:11:49.444+0000] {processor.py:836} INFO - DAG(s) dict_keys(['example_complex']) retrieved from /home/airflow/.local/lib/python3.7/site-packages/airflow/example_dags/example_complex.py
[2023-07-04T00:11:49.557+0000] {logging_mixin.py:149} INFO - [2023-07-04T00:11:49.556+0000] {dag.py:2726} INFO - Sync 1 DAGs
[2023-07-04T00:11:49.623+0000] {logging_mixin.py:149} INFO - [2023-07-04T00:11:49.623+0000] {dag.py:3490} INFO - Setting next_dagrun for example_complex to None, run_after=None
[2023-07-04T00:11:49.665+0000] {processor.py:179} INFO - Processing /home/airflow/.local/lib/python3.7/site-packages/airflow/example_dags/example_complex.py took 0.272 seconds
[2023-07-04T00:12:20.064+0000] {processor.py:157} INFO - Started process (PID=649) to work on /home/airflow/.local/lib/python3.7/site-packages/airflow/example_dags/example_complex.py
[2023-07-04T00:12:20.066+0000] {processor.py:826} INFO - Processing file /home/airflow/.local/lib/python3.7/site-packages/airflow/example_dags/example_complex.py for tasks to queue
[2023-07-04T00:12:20.068+0000] {logging_mixin.py:149} INFO - [2023-07-04T00:12:20.068+0000] {dagbag.py:541} INFO - Filling up the DagBag from /home/airflow/.local/lib/python3.7/site-packages/airflow/example_dags/example_complex.py
[2023-07-04T00:12:20.110+0000] {processor.py:836} INFO - DAG(s) dict_keys(['example_complex']) retrieved from /home/airflow/.local/lib/python3.7/site-packages/airflow/example_dags/example_complex.py
[2023-07-04T00:12:20.214+0000] {logging_mixin.py:149} INFO - [2023-07-04T00:12:20.214+0000] {dag.py:2726} INFO - Sync 1 DAGs
[2023-07-04T00:12:20.294+0000] {logging_mixin.py:149} INFO - [2023-07-04T00:12:20.294+0000] {dag.py:3490} INFO - Setting next_dagrun for example_complex to None, run_after=None
[2023-07-04T00:12:20.391+0000] {processor.py:179} INFO - Processing /home/airflow/.local/lib/python3.7/site-packages/airflow/example_dags/example_complex.py took 0.341 seconds
[2023-07-04T00:12:50.569+0000] {processor.py:157} INFO - Started process (PID=706) to work on /home/airflow/.local/lib/python3.7/site-packages/airflow/example_dags/example_complex.py
[2023-07-04T00:12:50.573+0000] {processor.py:826} INFO - Processing file /home/airflow/.local/lib/python3.7/site-packages/airflow/example_dags/example_complex.py for tasks to queue
[2023-07-04T00:12:50.577+0000] {logging_mixin.py:149} INFO - [2023-07-04T00:12:50.577+0000] {dagbag.py:541} INFO - Filling up the DagBag from /home/airflow/.local/lib/python3.7/site-packages/airflow/example_dags/example_complex.py
[2023-07-04T00:12:50.646+0000] {processor.py:836} INFO - DAG(s) dict_keys(['example_complex']) retrieved from /home/airflow/.local/lib/python3.7/site-packages/airflow/example_dags/example_complex.py
[2023-07-04T00:12:50.834+0000] {logging_mixin.py:149} INFO - [2023-07-04T00:12:50.833+0000] {dag.py:2726} INFO - Sync 1 DAGs
[2023-07-04T00:12:50.982+0000] {logging_mixin.py:149} INFO - [2023-07-04T00:12:50.981+0000] {dag.py:3490} INFO - Setting next_dagrun for example_complex to None, run_after=None
[2023-07-04T00:12:51.132+0000] {processor.py:179} INFO - Processing /home/airflow/.local/lib/python3.7/site-packages/airflow/example_dags/example_complex.py took 0.577 seconds
[2023-07-04T00:13:21.874+0000] {processor.py:157} INFO - Started process (PID=763) to work on /home/airflow/.local/lib/python3.7/site-packages/airflow/example_dags/example_complex.py
[2023-07-04T00:13:21.876+0000] {processor.py:826} INFO - Processing file /home/airflow/.local/lib/python3.7/site-packages/airflow/example_dags/example_complex.py for tasks to queue
[2023-07-04T00:13:21.878+0000] {logging_mixin.py:149} INFO - [2023-07-04T00:13:21.877+0000] {dagbag.py:541} INFO - Filling up the DagBag from /home/airflow/.local/lib/python3.7/site-packages/airflow/example_dags/example_complex.py
[2023-07-04T00:13:21.902+0000] {processor.py:836} INFO - DAG(s) dict_keys(['example_complex']) retrieved from /home/airflow/.local/lib/python3.7/site-packages/airflow/example_dags/example_complex.py
[2023-07-04T00:13:21.973+0000] {logging_mixin.py:149} INFO - [2023-07-04T00:13:21.973+0000] {dag.py:2726} INFO - Sync 1 DAGs
[2023-07-04T00:13:22.060+0000] {logging_mixin.py:149} INFO - [2023-07-04T00:13:22.060+0000] {dag.py:3490} INFO - Setting next_dagrun for example_complex to None, run_after=None
[2023-07-04T00:13:22.101+0000] {processor.py:179} INFO - Processing /home/airflow/.local/lib/python3.7/site-packages/airflow/example_dags/example_complex.py took 0.233 seconds
[2023-07-04T00:13:52.219+0000] {processor.py:157} INFO - Started process (PID=819) to work on /home/airflow/.local/lib/python3.7/site-packages/airflow/example_dags/example_complex.py
[2023-07-04T00:13:52.221+0000] {processor.py:826} INFO - Processing file /home/airflow/.local/lib/python3.7/site-packages/airflow/example_dags/example_complex.py for tasks to queue
[2023-07-04T00:13:52.223+0000] {logging_mixin.py:149} INFO - [2023-07-04T00:13:52.222+0000] {dagbag.py:541} INFO - Filling up the DagBag from /home/airflow/.local/lib/python3.7/site-packages/airflow/example_dags/example_complex.py
[2023-07-04T00:13:52.247+0000] {processor.py:836} INFO - DAG(s) dict_keys(['example_complex']) retrieved from /home/airflow/.local/lib/python3.7/site-packages/airflow/example_dags/example_complex.py
[2023-07-04T00:13:52.322+0000] {logging_mixin.py:149} INFO - [2023-07-04T00:13:52.322+0000] {dag.py:2726} INFO - Sync 1 DAGs
[2023-07-04T00:13:52.405+0000] {logging_mixin.py:149} INFO - [2023-07-04T00:13:52.404+0000] {dag.py:3490} INFO - Setting next_dagrun for example_complex to None, run_after=None
[2023-07-04T00:13:52.448+0000] {processor.py:179} INFO - Processing /home/airflow/.local/lib/python3.7/site-packages/airflow/example_dags/example_complex.py took 0.234 seconds
[2023-07-04T00:14:22.536+0000] {processor.py:157} INFO - Started process (PID=876) to work on /home/airflow/.local/lib/python3.7/site-packages/airflow/example_dags/example_complex.py
[2023-07-04T00:14:22.537+0000] {processor.py:826} INFO - Processing file /home/airflow/.local/lib/python3.7/site-packages/airflow/example_dags/example_complex.py for tasks to queue
[2023-07-04T00:14:22.538+0000] {logging_mixin.py:149} INFO - [2023-07-04T00:14:22.538+0000] {dagbag.py:541} INFO - Filling up the DagBag from /home/airflow/.local/lib/python3.7/site-packages/airflow/example_dags/example_complex.py
[2023-07-04T00:14:22.555+0000] {processor.py:836} INFO - DAG(s) dict_keys(['example_complex']) retrieved from /home/airflow/.local/lib/python3.7/site-packages/airflow/example_dags/example_complex.py
[2023-07-04T00:14:22.609+0000] {logging_mixin.py:149} INFO - [2023-07-04T00:14:22.609+0000] {dag.py:2726} INFO - Sync 1 DAGs
[2023-07-04T00:14:22.673+0000] {logging_mixin.py:149} INFO - [2023-07-04T00:14:22.673+0000] {dag.py:3490} INFO - Setting next_dagrun for example_complex to None, run_after=None
[2023-07-04T00:14:22.718+0000] {processor.py:179} INFO - Processing /home/airflow/.local/lib/python3.7/site-packages/airflow/example_dags/example_complex.py took 0.187 seconds
[2023-07-04T00:14:53.074+0000] {processor.py:157} INFO - Started process (PID=933) to work on /home/airflow/.local/lib/python3.7/site-packages/airflow/example_dags/example_complex.py
[2023-07-04T00:14:53.075+0000] {processor.py:826} INFO - Processing file /home/airflow/.local/lib/python3.7/site-packages/airflow/example_dags/example_complex.py for tasks to queue
[2023-07-04T00:14:53.078+0000] {logging_mixin.py:149} INFO - [2023-07-04T00:14:53.078+0000] {dagbag.py:541} INFO - Filling up the DagBag from /home/airflow/.local/lib/python3.7/site-packages/airflow/example_dags/example_complex.py
[2023-07-04T00:14:53.109+0000] {processor.py:836} INFO - DAG(s) dict_keys(['example_complex']) retrieved from /home/airflow/.local/lib/python3.7/site-packages/airflow/example_dags/example_complex.py
[2023-07-04T00:14:53.226+0000] {logging_mixin.py:149} INFO - [2023-07-04T00:14:53.226+0000] {dag.py:2726} INFO - Sync 1 DAGs
[2023-07-04T00:14:53.298+0000] {logging_mixin.py:149} INFO - [2023-07-04T00:14:53.297+0000] {dag.py:3490} INFO - Setting next_dagrun for example_complex to None, run_after=None
[2023-07-04T00:14:53.348+0000] {processor.py:179} INFO - Processing /home/airflow/.local/lib/python3.7/site-packages/airflow/example_dags/example_complex.py took 0.282 seconds
[2023-07-04T00:15:23.493+0000] {processor.py:157} INFO - Started process (PID=990) to work on /home/airflow/.local/lib/python3.7/site-packages/airflow/example_dags/example_complex.py
[2023-07-04T00:15:23.495+0000] {processor.py:826} INFO - Processing file /home/airflow/.local/lib/python3.7/site-packages/airflow/example_dags/example_complex.py for tasks to queue
[2023-07-04T00:15:23.498+0000] {logging_mixin.py:149} INFO - [2023-07-04T00:15:23.498+0000] {dagbag.py:541} INFO - Filling up the DagBag from /home/airflow/.local/lib/python3.7/site-packages/airflow/example_dags/example_complex.py
[2023-07-04T00:15:23.536+0000] {processor.py:836} INFO - DAG(s) dict_keys(['example_complex']) retrieved from /home/airflow/.local/lib/python3.7/site-packages/airflow/example_dags/example_complex.py
[2023-07-04T00:15:23.636+0000] {logging_mixin.py:149} INFO - [2023-07-04T00:15:23.636+0000] {dag.py:2726} INFO - Sync 1 DAGs
[2023-07-04T00:15:23.725+0000] {logging_mixin.py:149} INFO - [2023-07-04T00:15:23.725+0000] {dag.py:3490} INFO - Setting next_dagrun for example_complex to None, run_after=None
[2023-07-04T00:15:23.773+0000] {processor.py:179} INFO - Processing /home/airflow/.local/lib/python3.7/site-packages/airflow/example_dags/example_complex.py took 0.293 seconds
[2023-07-04T00:15:54.703+0000] {processor.py:157} INFO - Started process (PID=1050) to work on /home/airflow/.local/lib/python3.7/site-packages/airflow/example_dags/example_complex.py
[2023-07-04T00:15:54.705+0000] {processor.py:826} INFO - Processing file /home/airflow/.local/lib/python3.7/site-packages/airflow/example_dags/example_complex.py for tasks to queue
[2023-07-04T00:15:54.706+0000] {logging_mixin.py:149} INFO - [2023-07-04T00:15:54.706+0000] {dagbag.py:541} INFO - Filling up the DagBag from /home/airflow/.local/lib/python3.7/site-packages/airflow/example_dags/example_complex.py
[2023-07-04T00:15:54.726+0000] {processor.py:836} INFO - DAG(s) dict_keys(['example_complex']) retrieved from /home/airflow/.local/lib/python3.7/site-packages/airflow/example_dags/example_complex.py
[2023-07-04T00:15:54.824+0000] {logging_mixin.py:149} INFO - [2023-07-04T00:15:54.824+0000] {dag.py:2726} INFO - Sync 1 DAGs
[2023-07-04T00:15:54.864+0000] {logging_mixin.py:149} INFO - [2023-07-04T00:15:54.864+0000] {dag.py:3490} INFO - Setting next_dagrun for example_complex to None, run_after=None
[2023-07-04T00:15:54.902+0000] {processor.py:179} INFO - Processing /home/airflow/.local/lib/python3.7/site-packages/airflow/example_dags/example_complex.py took 0.206 seconds
[2023-07-04T00:16:25.600+0000] {processor.py:157} INFO - Started process (PID=1107) to work on /home/airflow/.local/lib/python3.7/site-packages/airflow/example_dags/example_complex.py
[2023-07-04T00:16:25.601+0000] {processor.py:826} INFO - Processing file /home/airflow/.local/lib/python3.7/site-packages/airflow/example_dags/example_complex.py for tasks to queue
[2023-07-04T00:16:25.602+0000] {logging_mixin.py:149} INFO - [2023-07-04T00:16:25.602+0000] {dagbag.py:541} INFO - Filling up the DagBag from /home/airflow/.local/lib/python3.7/site-packages/airflow/example_dags/example_complex.py
[2023-07-04T00:16:25.628+0000] {processor.py:836} INFO - DAG(s) dict_keys(['example_complex']) retrieved from /home/airflow/.local/lib/python3.7/site-packages/airflow/example_dags/example_complex.py
[2023-07-04T00:16:25.747+0000] {logging_mixin.py:149} INFO - [2023-07-04T00:16:25.747+0000] {dag.py:2726} INFO - Sync 1 DAGs
[2023-07-04T00:16:25.796+0000] {logging_mixin.py:149} INFO - [2023-07-04T00:16:25.796+0000] {dag.py:3490} INFO - Setting next_dagrun for example_complex to None, run_after=None
[2023-07-04T00:16:25.835+0000] {processor.py:179} INFO - Processing /home/airflow/.local/lib/python3.7/site-packages/airflow/example_dags/example_complex.py took 0.243 seconds
[2023-07-04T00:16:56.158+0000] {processor.py:157} INFO - Started process (PID=1164) to work on /home/airflow/.local/lib/python3.7/site-packages/airflow/example_dags/example_complex.py
[2023-07-04T00:16:56.159+0000] {processor.py:826} INFO - Processing file /home/airflow/.local/lib/python3.7/site-packages/airflow/example_dags/example_complex.py for tasks to queue
[2023-07-04T00:16:56.160+0000] {logging_mixin.py:149} INFO - [2023-07-04T00:16:56.160+0000] {dagbag.py:541} INFO - Filling up the DagBag from /home/airflow/.local/lib/python3.7/site-packages/airflow/example_dags/example_complex.py
[2023-07-04T00:16:56.181+0000] {processor.py:836} INFO - DAG(s) dict_keys(['example_complex']) retrieved from /home/airflow/.local/lib/python3.7/site-packages/airflow/example_dags/example_complex.py
[2023-07-04T00:16:56.240+0000] {logging_mixin.py:149} INFO - [2023-07-04T00:16:56.240+0000] {dag.py:2726} INFO - Sync 1 DAGs
[2023-07-04T00:16:56.277+0000] {logging_mixin.py:149} INFO - [2023-07-04T00:16:56.277+0000] {dag.py:3490} INFO - Setting next_dagrun for example_complex to None, run_after=None
[2023-07-04T00:16:56.304+0000] {processor.py:179} INFO - Processing /home/airflow/.local/lib/python3.7/site-packages/airflow/example_dags/example_complex.py took 0.152 seconds
[2023-07-04T00:17:27.006+0000] {processor.py:157} INFO - Started process (PID=1221) to work on /home/airflow/.local/lib/python3.7/site-packages/airflow/example_dags/example_complex.py
[2023-07-04T00:17:27.008+0000] {processor.py:826} INFO - Processing file /home/airflow/.local/lib/python3.7/site-packages/airflow/example_dags/example_complex.py for tasks to queue
[2023-07-04T00:17:27.010+0000] {logging_mixin.py:149} INFO - [2023-07-04T00:17:27.010+0000] {dagbag.py:541} INFO - Filling up the DagBag from /home/airflow/.local/lib/python3.7/site-packages/airflow/example_dags/example_complex.py
[2023-07-04T00:17:27.038+0000] {processor.py:836} INFO - DAG(s) dict_keys(['example_complex']) retrieved from /home/airflow/.local/lib/python3.7/site-packages/airflow/example_dags/example_complex.py
[2023-07-04T00:17:27.134+0000] {logging_mixin.py:149} INFO - [2023-07-04T00:17:27.134+0000] {dag.py:2726} INFO - Sync 1 DAGs
[2023-07-04T00:17:27.191+0000] {logging_mixin.py:149} INFO - [2023-07-04T00:17:27.190+0000] {dag.py:3490} INFO - Setting next_dagrun for example_complex to None, run_after=None
[2023-07-04T00:17:27.234+0000] {processor.py:179} INFO - Processing /home/airflow/.local/lib/python3.7/site-packages/airflow/example_dags/example_complex.py took 0.235 seconds
[2023-07-04T00:17:57.958+0000] {processor.py:157} INFO - Started process (PID=1278) to work on /home/airflow/.local/lib/python3.7/site-packages/airflow/example_dags/example_complex.py
[2023-07-04T00:17:57.961+0000] {processor.py:826} INFO - Processing file /home/airflow/.local/lib/python3.7/site-packages/airflow/example_dags/example_complex.py for tasks to queue
[2023-07-04T00:17:57.964+0000] {logging_mixin.py:149} INFO - [2023-07-04T00:17:57.963+0000] {dagbag.py:541} INFO - Filling up the DagBag from /home/airflow/.local/lib/python3.7/site-packages/airflow/example_dags/example_complex.py
[2023-07-04T00:17:58.003+0000] {processor.py:836} INFO - DAG(s) dict_keys(['example_complex']) retrieved from /home/airflow/.local/lib/python3.7/site-packages/airflow/example_dags/example_complex.py
[2023-07-04T00:17:58.077+0000] {logging_mixin.py:149} INFO - [2023-07-04T00:17:58.076+0000] {dag.py:2726} INFO - Sync 1 DAGs
[2023-07-04T00:17:58.119+0000] {logging_mixin.py:149} INFO - [2023-07-04T00:17:58.119+0000] {dag.py:3490} INFO - Setting next_dagrun for example_complex to None, run_after=None
[2023-07-04T00:17:58.151+0000] {processor.py:179} INFO - Processing /home/airflow/.local/lib/python3.7/site-packages/airflow/example_dags/example_complex.py took 0.200 seconds
[2023-07-04T00:18:28.566+0000] {processor.py:157} INFO - Started process (PID=1335) to work on /home/airflow/.local/lib/python3.7/site-packages/airflow/example_dags/example_complex.py
[2023-07-04T00:18:28.567+0000] {processor.py:826} INFO - Processing file /home/airflow/.local/lib/python3.7/site-packages/airflow/example_dags/example_complex.py for tasks to queue
[2023-07-04T00:18:28.568+0000] {logging_mixin.py:149} INFO - [2023-07-04T00:18:28.568+0000] {dagbag.py:541} INFO - Filling up the DagBag from /home/airflow/.local/lib/python3.7/site-packages/airflow/example_dags/example_complex.py
[2023-07-04T00:18:28.592+0000] {processor.py:836} INFO - DAG(s) dict_keys(['example_complex']) retrieved from /home/airflow/.local/lib/python3.7/site-packages/airflow/example_dags/example_complex.py
[2023-07-04T00:18:28.644+0000] {logging_mixin.py:149} INFO - [2023-07-04T00:18:28.644+0000] {dag.py:2726} INFO - Sync 1 DAGs
[2023-07-04T00:18:28.682+0000] {logging_mixin.py:149} INFO - [2023-07-04T00:18:28.682+0000] {dag.py:3490} INFO - Setting next_dagrun for example_complex to None, run_after=None
[2023-07-04T00:18:28.709+0000] {processor.py:179} INFO - Processing /home/airflow/.local/lib/python3.7/site-packages/airflow/example_dags/example_complex.py took 0.150 seconds
[2023-07-04T00:18:58.805+0000] {processor.py:157} INFO - Started process (PID=1392) to work on /home/airflow/.local/lib/python3.7/site-packages/airflow/example_dags/example_complex.py
[2023-07-04T00:18:58.807+0000] {processor.py:826} INFO - Processing file /home/airflow/.local/lib/python3.7/site-packages/airflow/example_dags/example_complex.py for tasks to queue
[2023-07-04T00:18:58.808+0000] {logging_mixin.py:149} INFO - [2023-07-04T00:18:58.807+0000] {dagbag.py:541} INFO - Filling up the DagBag from /home/airflow/.local/lib/python3.7/site-packages/airflow/example_dags/example_complex.py
[2023-07-04T00:18:58.828+0000] {processor.py:836} INFO - DAG(s) dict_keys(['example_complex']) retrieved from /home/airflow/.local/lib/python3.7/site-packages/airflow/example_dags/example_complex.py
[2023-07-04T00:18:58.891+0000] {logging_mixin.py:149} INFO - [2023-07-04T00:18:58.891+0000] {dag.py:2726} INFO - Sync 1 DAGs
[2023-07-04T00:18:58.939+0000] {logging_mixin.py:149} INFO - [2023-07-04T00:18:58.939+0000] {dag.py:3490} INFO - Setting next_dagrun for example_complex to None, run_after=None
[2023-07-04T00:18:58.971+0000] {processor.py:179} INFO - Processing /home/airflow/.local/lib/python3.7/site-packages/airflow/example_dags/example_complex.py took 0.172 seconds
[2023-07-04T00:19:29.466+0000] {processor.py:157} INFO - Started process (PID=1448) to work on /home/airflow/.local/lib/python3.7/site-packages/airflow/example_dags/example_complex.py
[2023-07-04T00:19:29.467+0000] {processor.py:826} INFO - Processing file /home/airflow/.local/lib/python3.7/site-packages/airflow/example_dags/example_complex.py for tasks to queue
[2023-07-04T00:19:29.469+0000] {logging_mixin.py:149} INFO - [2023-07-04T00:19:29.468+0000] {dagbag.py:541} INFO - Filling up the DagBag from /home/airflow/.local/lib/python3.7/site-packages/airflow/example_dags/example_complex.py
[2023-07-04T00:19:29.490+0000] {processor.py:836} INFO - DAG(s) dict_keys(['example_complex']) retrieved from /home/airflow/.local/lib/python3.7/site-packages/airflow/example_dags/example_complex.py
[2023-07-04T00:19:29.612+0000] {logging_mixin.py:149} INFO - [2023-07-04T00:19:29.612+0000] {dag.py:2726} INFO - Sync 1 DAGs
[2023-07-04T00:19:29.721+0000] {logging_mixin.py:149} INFO - [2023-07-04T00:19:29.720+0000] {dag.py:3490} INFO - Setting next_dagrun for example_complex to None, run_after=None
[2023-07-04T00:19:29.781+0000] {processor.py:179} INFO - Processing /home/airflow/.local/lib/python3.7/site-packages/airflow/example_dags/example_complex.py took 0.324 seconds
[2023-07-04T00:20:00.182+0000] {processor.py:157} INFO - Started process (PID=1505) to work on /home/airflow/.local/lib/python3.7/site-packages/airflow/example_dags/example_complex.py
[2023-07-04T00:20:00.184+0000] {processor.py:826} INFO - Processing file /home/airflow/.local/lib/python3.7/site-packages/airflow/example_dags/example_complex.py for tasks to queue
[2023-07-04T00:20:00.186+0000] {logging_mixin.py:149} INFO - [2023-07-04T00:20:00.185+0000] {dagbag.py:541} INFO - Filling up the DagBag from /home/airflow/.local/lib/python3.7/site-packages/airflow/example_dags/example_complex.py
[2023-07-04T00:20:00.212+0000] {processor.py:836} INFO - DAG(s) dict_keys(['example_complex']) retrieved from /home/airflow/.local/lib/python3.7/site-packages/airflow/example_dags/example_complex.py
[2023-07-04T00:20:00.292+0000] {logging_mixin.py:149} INFO - [2023-07-04T00:20:00.292+0000] {dag.py:2726} INFO - Sync 1 DAGs
[2023-07-04T00:20:00.368+0000] {logging_mixin.py:149} INFO - [2023-07-04T00:20:00.368+0000] {dag.py:3490} INFO - Setting next_dagrun for example_complex to None, run_after=None
[2023-07-04T00:20:00.414+0000] {processor.py:179} INFO - Processing /home/airflow/.local/lib/python3.7/site-packages/airflow/example_dags/example_complex.py took 0.238 seconds
[2023-07-04T00:20:30.678+0000] {processor.py:157} INFO - Started process (PID=1562) to work on /home/airflow/.local/lib/python3.7/site-packages/airflow/example_dags/example_complex.py
[2023-07-04T00:20:30.680+0000] {processor.py:826} INFO - Processing file /home/airflow/.local/lib/python3.7/site-packages/airflow/example_dags/example_complex.py for tasks to queue
[2023-07-04T00:20:30.681+0000] {logging_mixin.py:149} INFO - [2023-07-04T00:20:30.681+0000] {dagbag.py:541} INFO - Filling up the DagBag from /home/airflow/.local/lib/python3.7/site-packages/airflow/example_dags/example_complex.py
[2023-07-04T00:20:30.700+0000] {processor.py:836} INFO - DAG(s) dict_keys(['example_complex']) retrieved from /home/airflow/.local/lib/python3.7/site-packages/airflow/example_dags/example_complex.py
[2023-07-04T00:20:30.762+0000] {logging_mixin.py:149} INFO - [2023-07-04T00:20:30.761+0000] {dag.py:2726} INFO - Sync 1 DAGs
[2023-07-04T00:20:30.818+0000] {logging_mixin.py:149} INFO - [2023-07-04T00:20:30.817+0000] {dag.py:3490} INFO - Setting next_dagrun for example_complex to None, run_after=None
[2023-07-04T00:20:30.868+0000] {processor.py:179} INFO - Processing /home/airflow/.local/lib/python3.7/site-packages/airflow/example_dags/example_complex.py took 0.196 seconds
[2023-07-04T00:21:01.835+0000] {processor.py:157} INFO - Started process (PID=1618) to work on /home/airflow/.local/lib/python3.7/site-packages/airflow/example_dags/example_complex.py
[2023-07-04T00:21:01.837+0000] {processor.py:826} INFO - Processing file /home/airflow/.local/lib/python3.7/site-packages/airflow/example_dags/example_complex.py for tasks to queue
[2023-07-04T00:21:01.839+0000] {logging_mixin.py:149} INFO - [2023-07-04T00:21:01.838+0000] {dagbag.py:541} INFO - Filling up the DagBag from /home/airflow/.local/lib/python3.7/site-packages/airflow/example_dags/example_complex.py
[2023-07-04T00:21:01.876+0000] {processor.py:836} INFO - DAG(s) dict_keys(['example_complex']) retrieved from /home/airflow/.local/lib/python3.7/site-packages/airflow/example_dags/example_complex.py
[2023-07-04T00:21:01.986+0000] {logging_mixin.py:149} INFO - [2023-07-04T00:21:01.985+0000] {dag.py:2726} INFO - Sync 1 DAGs
[2023-07-04T00:21:02.080+0000] {logging_mixin.py:149} INFO - [2023-07-04T00:21:02.080+0000] {dag.py:3490} INFO - Setting next_dagrun for example_complex to None, run_after=None
[2023-07-04T00:21:02.142+0000] {processor.py:179} INFO - Processing /home/airflow/.local/lib/python3.7/site-packages/airflow/example_dags/example_complex.py took 0.319 seconds
[2023-07-04T00:21:32.480+0000] {processor.py:157} INFO - Started process (PID=1676) to work on /home/airflow/.local/lib/python3.7/site-packages/airflow/example_dags/example_complex.py
[2023-07-04T00:21:32.482+0000] {processor.py:826} INFO - Processing file /home/airflow/.local/lib/python3.7/site-packages/airflow/example_dags/example_complex.py for tasks to queue
[2023-07-04T00:21:32.483+0000] {logging_mixin.py:149} INFO - [2023-07-04T00:21:32.483+0000] {dagbag.py:541} INFO - Filling up the DagBag from /home/airflow/.local/lib/python3.7/site-packages/airflow/example_dags/example_complex.py
[2023-07-04T00:21:32.527+0000] {processor.py:836} INFO - DAG(s) dict_keys(['example_complex']) retrieved from /home/airflow/.local/lib/python3.7/site-packages/airflow/example_dags/example_complex.py
[2023-07-04T00:21:32.617+0000] {logging_mixin.py:149} INFO - [2023-07-04T00:21:32.617+0000] {dag.py:2726} INFO - Sync 1 DAGs
[2023-07-04T00:21:32.667+0000] {logging_mixin.py:149} INFO - [2023-07-04T00:21:32.666+0000] {dag.py:3490} INFO - Setting next_dagrun for example_complex to None, run_after=None
[2023-07-04T00:21:32.696+0000] {processor.py:179} INFO - Processing /home/airflow/.local/lib/python3.7/site-packages/airflow/example_dags/example_complex.py took 0.223 seconds
[2023-07-04T00:22:03.663+0000] {processor.py:157} INFO - Started process (PID=1731) to work on /home/airflow/.local/lib/python3.7/site-packages/airflow/example_dags/example_complex.py
[2023-07-04T00:22:03.666+0000] {processor.py:826} INFO - Processing file /home/airflow/.local/lib/python3.7/site-packages/airflow/example_dags/example_complex.py for tasks to queue
[2023-07-04T00:22:03.668+0000] {logging_mixin.py:149} INFO - [2023-07-04T00:22:03.668+0000] {dagbag.py:541} INFO - Filling up the DagBag from /home/airflow/.local/lib/python3.7/site-packages/airflow/example_dags/example_complex.py
[2023-07-04T00:22:03.699+0000] {processor.py:836} INFO - DAG(s) dict_keys(['example_complex']) retrieved from /home/airflow/.local/lib/python3.7/site-packages/airflow/example_dags/example_complex.py
[2023-07-04T00:22:03.787+0000] {logging_mixin.py:149} INFO - [2023-07-04T00:22:03.786+0000] {dag.py:2726} INFO - Sync 1 DAGs
[2023-07-04T00:22:03.848+0000] {logging_mixin.py:149} INFO - [2023-07-04T00:22:03.847+0000] {dag.py:3490} INFO - Setting next_dagrun for example_complex to None, run_after=None
[2023-07-04T00:22:03.908+0000] {processor.py:179} INFO - Processing /home/airflow/.local/lib/python3.7/site-packages/airflow/example_dags/example_complex.py took 0.256 seconds
[2023-07-04T00:22:34.345+0000] {processor.py:157} INFO - Started process (PID=1788) to work on /home/airflow/.local/lib/python3.7/site-packages/airflow/example_dags/example_complex.py
[2023-07-04T00:22:34.347+0000] {processor.py:826} INFO - Processing file /home/airflow/.local/lib/python3.7/site-packages/airflow/example_dags/example_complex.py for tasks to queue
[2023-07-04T00:22:34.348+0000] {logging_mixin.py:149} INFO - [2023-07-04T00:22:34.348+0000] {dagbag.py:541} INFO - Filling up the DagBag from /home/airflow/.local/lib/python3.7/site-packages/airflow/example_dags/example_complex.py
[2023-07-04T00:22:34.376+0000] {processor.py:836} INFO - DAG(s) dict_keys(['example_complex']) retrieved from /home/airflow/.local/lib/python3.7/site-packages/airflow/example_dags/example_complex.py
[2023-07-04T00:22:34.462+0000] {logging_mixin.py:149} INFO - [2023-07-04T00:22:34.462+0000] {dag.py:2726} INFO - Sync 1 DAGs
[2023-07-04T00:22:34.530+0000] {logging_mixin.py:149} INFO - [2023-07-04T00:22:34.530+0000] {dag.py:3490} INFO - Setting next_dagrun for example_complex to None, run_after=None
[2023-07-04T00:22:34.576+0000] {processor.py:179} INFO - Processing /home/airflow/.local/lib/python3.7/site-packages/airflow/example_dags/example_complex.py took 0.239 seconds
[2023-07-04T00:23:05.284+0000] {processor.py:157} INFO - Started process (PID=1845) to work on /home/airflow/.local/lib/python3.7/site-packages/airflow/example_dags/example_complex.py
[2023-07-04T00:23:05.286+0000] {processor.py:826} INFO - Processing file /home/airflow/.local/lib/python3.7/site-packages/airflow/example_dags/example_complex.py for tasks to queue
[2023-07-04T00:23:05.288+0000] {logging_mixin.py:149} INFO - [2023-07-04T00:23:05.287+0000] {dagbag.py:541} INFO - Filling up the DagBag from /home/airflow/.local/lib/python3.7/site-packages/airflow/example_dags/example_complex.py
[2023-07-04T00:23:05.326+0000] {processor.py:836} INFO - DAG(s) dict_keys(['example_complex']) retrieved from /home/airflow/.local/lib/python3.7/site-packages/airflow/example_dags/example_complex.py
[2023-07-04T00:23:05.422+0000] {logging_mixin.py:149} INFO - [2023-07-04T00:23:05.422+0000] {dag.py:2726} INFO - Sync 1 DAGs
[2023-07-04T00:23:05.498+0000] {logging_mixin.py:149} INFO - [2023-07-04T00:23:05.498+0000] {dag.py:3490} INFO - Setting next_dagrun for example_complex to None, run_after=None
[2023-07-04T00:23:05.548+0000] {processor.py:179} INFO - Processing /home/airflow/.local/lib/python3.7/site-packages/airflow/example_dags/example_complex.py took 0.274 seconds
[2023-07-04T00:23:36.214+0000] {processor.py:157} INFO - Started process (PID=1903) to work on /home/airflow/.local/lib/python3.7/site-packages/airflow/example_dags/example_complex.py
[2023-07-04T00:23:36.217+0000] {processor.py:826} INFO - Processing file /home/airflow/.local/lib/python3.7/site-packages/airflow/example_dags/example_complex.py for tasks to queue
[2023-07-04T00:23:36.219+0000] {logging_mixin.py:149} INFO - [2023-07-04T00:23:36.219+0000] {dagbag.py:541} INFO - Filling up the DagBag from /home/airflow/.local/lib/python3.7/site-packages/airflow/example_dags/example_complex.py
[2023-07-04T00:23:36.245+0000] {processor.py:836} INFO - DAG(s) dict_keys(['example_complex']) retrieved from /home/airflow/.local/lib/python3.7/site-packages/airflow/example_dags/example_complex.py
[2023-07-04T00:23:36.316+0000] {logging_mixin.py:149} INFO - [2023-07-04T00:23:36.316+0000] {dag.py:2726} INFO - Sync 1 DAGs
[2023-07-04T00:23:36.375+0000] {logging_mixin.py:149} INFO - [2023-07-04T00:23:36.375+0000] {dag.py:3490} INFO - Setting next_dagrun for example_complex to None, run_after=None
[2023-07-04T00:23:36.421+0000] {processor.py:179} INFO - Processing /home/airflow/.local/lib/python3.7/site-packages/airflow/example_dags/example_complex.py took 0.217 seconds
[2023-07-04T00:24:07.297+0000] {processor.py:157} INFO - Started process (PID=1959) to work on /home/airflow/.local/lib/python3.7/site-packages/airflow/example_dags/example_complex.py
[2023-07-04T00:24:07.299+0000] {processor.py:826} INFO - Processing file /home/airflow/.local/lib/python3.7/site-packages/airflow/example_dags/example_complex.py for tasks to queue
[2023-07-04T00:24:07.301+0000] {logging_mixin.py:149} INFO - [2023-07-04T00:24:07.301+0000] {dagbag.py:541} INFO - Filling up the DagBag from /home/airflow/.local/lib/python3.7/site-packages/airflow/example_dags/example_complex.py
[2023-07-04T00:24:07.322+0000] {processor.py:836} INFO - DAG(s) dict_keys(['example_complex']) retrieved from /home/airflow/.local/lib/python3.7/site-packages/airflow/example_dags/example_complex.py
[2023-07-04T00:24:07.419+0000] {logging_mixin.py:149} INFO - [2023-07-04T00:24:07.419+0000] {dag.py:2726} INFO - Sync 1 DAGs
[2023-07-04T00:24:07.482+0000] {logging_mixin.py:149} INFO - [2023-07-04T00:24:07.481+0000] {dag.py:3490} INFO - Setting next_dagrun for example_complex to None, run_after=None
[2023-07-04T00:24:07.527+0000] {processor.py:179} INFO - Processing /home/airflow/.local/lib/python3.7/site-packages/airflow/example_dags/example_complex.py took 0.237 seconds
[2023-07-04T00:24:37.935+0000] {processor.py:157} INFO - Started process (PID=2016) to work on /home/airflow/.local/lib/python3.7/site-packages/airflow/example_dags/example_complex.py
[2023-07-04T00:24:37.937+0000] {processor.py:826} INFO - Processing file /home/airflow/.local/lib/python3.7/site-packages/airflow/example_dags/example_complex.py for tasks to queue
[2023-07-04T00:24:37.939+0000] {logging_mixin.py:149} INFO - [2023-07-04T00:24:37.939+0000] {dagbag.py:541} INFO - Filling up the DagBag from /home/airflow/.local/lib/python3.7/site-packages/airflow/example_dags/example_complex.py
[2023-07-04T00:24:37.976+0000] {processor.py:836} INFO - DAG(s) dict_keys(['example_complex']) retrieved from /home/airflow/.local/lib/python3.7/site-packages/airflow/example_dags/example_complex.py
[2023-07-04T00:24:38.065+0000] {logging_mixin.py:149} INFO - [2023-07-04T00:24:38.065+0000] {dag.py:2726} INFO - Sync 1 DAGs
[2023-07-04T00:24:38.132+0000] {logging_mixin.py:149} INFO - [2023-07-04T00:24:38.132+0000] {dag.py:3490} INFO - Setting next_dagrun for example_complex to None, run_after=None
[2023-07-04T00:24:38.175+0000] {processor.py:179} INFO - Processing /home/airflow/.local/lib/python3.7/site-packages/airflow/example_dags/example_complex.py took 0.248 seconds
[2023-07-04T00:25:08.988+0000] {processor.py:157} INFO - Started process (PID=2073) to work on /home/airflow/.local/lib/python3.7/site-packages/airflow/example_dags/example_complex.py
[2023-07-04T00:25:08.989+0000] {processor.py:826} INFO - Processing file /home/airflow/.local/lib/python3.7/site-packages/airflow/example_dags/example_complex.py for tasks to queue
[2023-07-04T00:25:08.990+0000] {logging_mixin.py:149} INFO - [2023-07-04T00:25:08.990+0000] {dagbag.py:541} INFO - Filling up the DagBag from /home/airflow/.local/lib/python3.7/site-packages/airflow/example_dags/example_complex.py
[2023-07-04T00:25:09.018+0000] {processor.py:836} INFO - DAG(s) dict_keys(['example_complex']) retrieved from /home/airflow/.local/lib/python3.7/site-packages/airflow/example_dags/example_complex.py
[2023-07-04T00:25:09.090+0000] {logging_mixin.py:149} INFO - [2023-07-04T00:25:09.090+0000] {dag.py:2726} INFO - Sync 1 DAGs
[2023-07-04T00:25:09.150+0000] {logging_mixin.py:149} INFO - [2023-07-04T00:25:09.149+0000] {dag.py:3490} INFO - Setting next_dagrun for example_complex to None, run_after=None
[2023-07-04T00:25:09.191+0000] {processor.py:179} INFO - Processing /home/airflow/.local/lib/python3.7/site-packages/airflow/example_dags/example_complex.py took 0.210 seconds
[2023-07-04T00:25:39.293+0000] {processor.py:157} INFO - Started process (PID=2130) to work on /home/airflow/.local/lib/python3.7/site-packages/airflow/example_dags/example_complex.py
[2023-07-04T00:25:39.294+0000] {processor.py:826} INFO - Processing file /home/airflow/.local/lib/python3.7/site-packages/airflow/example_dags/example_complex.py for tasks to queue
[2023-07-04T00:25:39.295+0000] {logging_mixin.py:149} INFO - [2023-07-04T00:25:39.295+0000] {dagbag.py:541} INFO - Filling up the DagBag from /home/airflow/.local/lib/python3.7/site-packages/airflow/example_dags/example_complex.py
[2023-07-04T00:25:39.313+0000] {processor.py:836} INFO - DAG(s) dict_keys(['example_complex']) retrieved from /home/airflow/.local/lib/python3.7/site-packages/airflow/example_dags/example_complex.py
[2023-07-04T00:25:39.367+0000] {logging_mixin.py:149} INFO - [2023-07-04T00:25:39.367+0000] {dag.py:2726} INFO - Sync 1 DAGs
[2023-07-04T00:25:39.414+0000] {logging_mixin.py:149} INFO - [2023-07-04T00:25:39.414+0000] {dag.py:3490} INFO - Setting next_dagrun for example_complex to None, run_after=None
[2023-07-04T00:25:39.452+0000] {processor.py:179} INFO - Processing /home/airflow/.local/lib/python3.7/site-packages/airflow/example_dags/example_complex.py took 0.167 seconds
[2023-07-04T00:26:09.770+0000] {processor.py:157} INFO - Started process (PID=2187) to work on /home/airflow/.local/lib/python3.7/site-packages/airflow/example_dags/example_complex.py
[2023-07-04T00:26:09.773+0000] {processor.py:826} INFO - Processing file /home/airflow/.local/lib/python3.7/site-packages/airflow/example_dags/example_complex.py for tasks to queue
[2023-07-04T00:26:09.774+0000] {logging_mixin.py:149} INFO - [2023-07-04T00:26:09.774+0000] {dagbag.py:541} INFO - Filling up the DagBag from /home/airflow/.local/lib/python3.7/site-packages/airflow/example_dags/example_complex.py
[2023-07-04T00:26:09.805+0000] {processor.py:836} INFO - DAG(s) dict_keys(['example_complex']) retrieved from /home/airflow/.local/lib/python3.7/site-packages/airflow/example_dags/example_complex.py
[2023-07-04T00:26:09.886+0000] {logging_mixin.py:149} INFO - [2023-07-04T00:26:09.885+0000] {dag.py:2726} INFO - Sync 1 DAGs
[2023-07-04T00:26:09.949+0000] {logging_mixin.py:149} INFO - [2023-07-04T00:26:09.948+0000] {dag.py:3490} INFO - Setting next_dagrun for example_complex to None, run_after=None
[2023-07-04T00:26:09.992+0000] {processor.py:179} INFO - Processing /home/airflow/.local/lib/python3.7/site-packages/airflow/example_dags/example_complex.py took 0.230 seconds
[2023-07-04T00:26:40.081+0000] {processor.py:157} INFO - Started process (PID=2244) to work on /home/airflow/.local/lib/python3.7/site-packages/airflow/example_dags/example_complex.py
[2023-07-04T00:26:40.083+0000] {processor.py:826} INFO - Processing file /home/airflow/.local/lib/python3.7/site-packages/airflow/example_dags/example_complex.py for tasks to queue
[2023-07-04T00:26:40.084+0000] {logging_mixin.py:149} INFO - [2023-07-04T00:26:40.084+0000] {dagbag.py:541} INFO - Filling up the DagBag from /home/airflow/.local/lib/python3.7/site-packages/airflow/example_dags/example_complex.py
[2023-07-04T00:26:40.106+0000] {processor.py:836} INFO - DAG(s) dict_keys(['example_complex']) retrieved from /home/airflow/.local/lib/python3.7/site-packages/airflow/example_dags/example_complex.py
[2023-07-04T00:26:40.179+0000] {logging_mixin.py:149} INFO - [2023-07-04T00:26:40.179+0000] {dag.py:2726} INFO - Sync 1 DAGs
[2023-07-04T00:26:40.248+0000] {logging_mixin.py:149} INFO - [2023-07-04T00:26:40.247+0000] {dag.py:3490} INFO - Setting next_dagrun for example_complex to None, run_after=None
[2023-07-04T00:26:40.286+0000] {processor.py:179} INFO - Processing /home/airflow/.local/lib/python3.7/site-packages/airflow/example_dags/example_complex.py took 0.211 seconds
[2023-07-04T00:27:10.524+0000] {processor.py:157} INFO - Started process (PID=2301) to work on /home/airflow/.local/lib/python3.7/site-packages/airflow/example_dags/example_complex.py
[2023-07-04T00:27:10.527+0000] {processor.py:826} INFO - Processing file /home/airflow/.local/lib/python3.7/site-packages/airflow/example_dags/example_complex.py for tasks to queue
[2023-07-04T00:27:10.528+0000] {logging_mixin.py:149} INFO - [2023-07-04T00:27:10.528+0000] {dagbag.py:541} INFO - Filling up the DagBag from /home/airflow/.local/lib/python3.7/site-packages/airflow/example_dags/example_complex.py
[2023-07-04T00:27:10.552+0000] {processor.py:836} INFO - DAG(s) dict_keys(['example_complex']) retrieved from /home/airflow/.local/lib/python3.7/site-packages/airflow/example_dags/example_complex.py
[2023-07-04T00:27:10.628+0000] {logging_mixin.py:149} INFO - [2023-07-04T00:27:10.628+0000] {dag.py:2726} INFO - Sync 1 DAGs
[2023-07-04T00:27:10.706+0000] {logging_mixin.py:149} INFO - [2023-07-04T00:27:10.706+0000] {dag.py:3490} INFO - Setting next_dagrun for example_complex to None, run_after=None
[2023-07-04T00:27:10.759+0000] {processor.py:179} INFO - Processing /home/airflow/.local/lib/python3.7/site-packages/airflow/example_dags/example_complex.py took 0.243 seconds
[2023-07-04T00:27:41.713+0000] {processor.py:157} INFO - Started process (PID=2360) to work on /home/airflow/.local/lib/python3.7/site-packages/airflow/example_dags/example_complex.py
[2023-07-04T00:27:41.715+0000] {processor.py:826} INFO - Processing file /home/airflow/.local/lib/python3.7/site-packages/airflow/example_dags/example_complex.py for tasks to queue
[2023-07-04T00:27:41.717+0000] {logging_mixin.py:149} INFO - [2023-07-04T00:27:41.716+0000] {dagbag.py:541} INFO - Filling up the DagBag from /home/airflow/.local/lib/python3.7/site-packages/airflow/example_dags/example_complex.py
[2023-07-04T00:27:41.745+0000] {processor.py:836} INFO - DAG(s) dict_keys(['example_complex']) retrieved from /home/airflow/.local/lib/python3.7/site-packages/airflow/example_dags/example_complex.py
[2023-07-04T00:27:41.818+0000] {logging_mixin.py:149} INFO - [2023-07-04T00:27:41.818+0000] {dag.py:2726} INFO - Sync 1 DAGs
[2023-07-04T00:27:41.877+0000] {logging_mixin.py:149} INFO - [2023-07-04T00:27:41.877+0000] {dag.py:3490} INFO - Setting next_dagrun for example_complex to None, run_after=None
[2023-07-04T00:27:41.917+0000] {processor.py:179} INFO - Processing /home/airflow/.local/lib/python3.7/site-packages/airflow/example_dags/example_complex.py took 0.211 seconds
[2023-07-04T00:28:12.257+0000] {processor.py:157} INFO - Started process (PID=2417) to work on /home/airflow/.local/lib/python3.7/site-packages/airflow/example_dags/example_complex.py
[2023-07-04T00:28:12.259+0000] {processor.py:826} INFO - Processing file /home/airflow/.local/lib/python3.7/site-packages/airflow/example_dags/example_complex.py for tasks to queue
[2023-07-04T00:28:12.261+0000] {logging_mixin.py:149} INFO - [2023-07-04T00:28:12.260+0000] {dagbag.py:541} INFO - Filling up the DagBag from /home/airflow/.local/lib/python3.7/site-packages/airflow/example_dags/example_complex.py
[2023-07-04T00:28:12.298+0000] {processor.py:836} INFO - DAG(s) dict_keys(['example_complex']) retrieved from /home/airflow/.local/lib/python3.7/site-packages/airflow/example_dags/example_complex.py
[2023-07-04T00:28:12.376+0000] {logging_mixin.py:149} INFO - [2023-07-04T00:28:12.376+0000] {dag.py:2726} INFO - Sync 1 DAGs
[2023-07-04T00:28:12.425+0000] {logging_mixin.py:149} INFO - [2023-07-04T00:28:12.425+0000] {dag.py:3490} INFO - Setting next_dagrun for example_complex to None, run_after=None
[2023-07-04T00:28:12.462+0000] {processor.py:179} INFO - Processing /home/airflow/.local/lib/python3.7/site-packages/airflow/example_dags/example_complex.py took 0.215 seconds
[2023-07-04T00:28:42.831+0000] {processor.py:157} INFO - Started process (PID=2474) to work on /home/airflow/.local/lib/python3.7/site-packages/airflow/example_dags/example_complex.py
[2023-07-04T00:28:42.833+0000] {processor.py:826} INFO - Processing file /home/airflow/.local/lib/python3.7/site-packages/airflow/example_dags/example_complex.py for tasks to queue
[2023-07-04T00:28:42.834+0000] {logging_mixin.py:149} INFO - [2023-07-04T00:28:42.833+0000] {dagbag.py:541} INFO - Filling up the DagBag from /home/airflow/.local/lib/python3.7/site-packages/airflow/example_dags/example_complex.py
[2023-07-04T00:28:42.853+0000] {processor.py:836} INFO - DAG(s) dict_keys(['example_complex']) retrieved from /home/airflow/.local/lib/python3.7/site-packages/airflow/example_dags/example_complex.py
[2023-07-04T00:28:42.914+0000] {logging_mixin.py:149} INFO - [2023-07-04T00:28:42.914+0000] {dag.py:2726} INFO - Sync 1 DAGs
[2023-07-04T00:28:42.955+0000] {logging_mixin.py:149} INFO - [2023-07-04T00:28:42.955+0000] {dag.py:3490} INFO - Setting next_dagrun for example_complex to None, run_after=None
[2023-07-04T00:28:42.980+0000] {processor.py:179} INFO - Processing /home/airflow/.local/lib/python3.7/site-packages/airflow/example_dags/example_complex.py took 0.154 seconds
[2023-07-04T00:29:13.027+0000] {processor.py:157} INFO - Started process (PID=2531) to work on /home/airflow/.local/lib/python3.7/site-packages/airflow/example_dags/example_complex.py
[2023-07-04T00:29:13.029+0000] {processor.py:826} INFO - Processing file /home/airflow/.local/lib/python3.7/site-packages/airflow/example_dags/example_complex.py for tasks to queue
[2023-07-04T00:29:13.030+0000] {logging_mixin.py:149} INFO - [2023-07-04T00:29:13.030+0000] {dagbag.py:541} INFO - Filling up the DagBag from /home/airflow/.local/lib/python3.7/site-packages/airflow/example_dags/example_complex.py
[2023-07-04T00:29:13.060+0000] {processor.py:836} INFO - DAG(s) dict_keys(['example_complex']) retrieved from /home/airflow/.local/lib/python3.7/site-packages/airflow/example_dags/example_complex.py
[2023-07-04T00:29:13.139+0000] {logging_mixin.py:149} INFO - [2023-07-04T00:29:13.139+0000] {dag.py:2726} INFO - Sync 1 DAGs
[2023-07-04T00:29:13.211+0000] {logging_mixin.py:149} INFO - [2023-07-04T00:29:13.211+0000] {dag.py:3490} INFO - Setting next_dagrun for example_complex to None, run_after=None
[2023-07-04T00:29:13.264+0000] {processor.py:179} INFO - Processing /home/airflow/.local/lib/python3.7/site-packages/airflow/example_dags/example_complex.py took 0.244 seconds
[2023-07-04T00:29:43.327+0000] {processor.py:157} INFO - Started process (PID=2588) to work on /home/airflow/.local/lib/python3.7/site-packages/airflow/example_dags/example_complex.py
[2023-07-04T00:29:43.329+0000] {processor.py:826} INFO - Processing file /home/airflow/.local/lib/python3.7/site-packages/airflow/example_dags/example_complex.py for tasks to queue
[2023-07-04T00:29:43.330+0000] {logging_mixin.py:149} INFO - [2023-07-04T00:29:43.330+0000] {dagbag.py:541} INFO - Filling up the DagBag from /home/airflow/.local/lib/python3.7/site-packages/airflow/example_dags/example_complex.py
[2023-07-04T00:29:43.372+0000] {processor.py:836} INFO - DAG(s) dict_keys(['example_complex']) retrieved from /home/airflow/.local/lib/python3.7/site-packages/airflow/example_dags/example_complex.py
[2023-07-04T00:29:43.453+0000] {logging_mixin.py:149} INFO - [2023-07-04T00:29:43.453+0000] {dag.py:2726} INFO - Sync 1 DAGs
[2023-07-04T00:29:43.489+0000] {logging_mixin.py:149} INFO - [2023-07-04T00:29:43.489+0000] {dag.py:3490} INFO - Setting next_dagrun for example_complex to None, run_after=None
[2023-07-04T00:29:43.526+0000] {processor.py:179} INFO - Processing /home/airflow/.local/lib/python3.7/site-packages/airflow/example_dags/example_complex.py took 0.208 seconds
[2023-07-04T00:30:14.343+0000] {processor.py:157} INFO - Started process (PID=2651) to work on /home/airflow/.local/lib/python3.7/site-packages/airflow/example_dags/example_complex.py
[2023-07-04T00:30:14.345+0000] {processor.py:826} INFO - Processing file /home/airflow/.local/lib/python3.7/site-packages/airflow/example_dags/example_complex.py for tasks to queue
[2023-07-04T00:30:14.347+0000] {logging_mixin.py:149} INFO - [2023-07-04T00:30:14.347+0000] {dagbag.py:541} INFO - Filling up the DagBag from /home/airflow/.local/lib/python3.7/site-packages/airflow/example_dags/example_complex.py
[2023-07-04T00:30:14.373+0000] {processor.py:836} INFO - DAG(s) dict_keys(['example_complex']) retrieved from /home/airflow/.local/lib/python3.7/site-packages/airflow/example_dags/example_complex.py
[2023-07-04T00:30:14.443+0000] {logging_mixin.py:149} INFO - [2023-07-04T00:30:14.443+0000] {dag.py:2726} INFO - Sync 1 DAGs
[2023-07-04T00:30:14.500+0000] {logging_mixin.py:149} INFO - [2023-07-04T00:30:14.500+0000] {dag.py:3490} INFO - Setting next_dagrun for example_complex to None, run_after=None
[2023-07-04T00:30:14.549+0000] {processor.py:179} INFO - Processing /home/airflow/.local/lib/python3.7/site-packages/airflow/example_dags/example_complex.py took 0.216 seconds
[2023-07-04T00:30:44.982+0000] {processor.py:157} INFO - Started process (PID=2707) to work on /home/airflow/.local/lib/python3.7/site-packages/airflow/example_dags/example_complex.py
[2023-07-04T00:30:44.983+0000] {processor.py:826} INFO - Processing file /home/airflow/.local/lib/python3.7/site-packages/airflow/example_dags/example_complex.py for tasks to queue
[2023-07-04T00:30:44.985+0000] {logging_mixin.py:149} INFO - [2023-07-04T00:30:44.984+0000] {dagbag.py:541} INFO - Filling up the DagBag from /home/airflow/.local/lib/python3.7/site-packages/airflow/example_dags/example_complex.py
[2023-07-04T00:30:45.010+0000] {processor.py:836} INFO - DAG(s) dict_keys(['example_complex']) retrieved from /home/airflow/.local/lib/python3.7/site-packages/airflow/example_dags/example_complex.py
[2023-07-04T00:30:45.085+0000] {logging_mixin.py:149} INFO - [2023-07-04T00:30:45.084+0000] {dag.py:2726} INFO - Sync 1 DAGs
[2023-07-04T00:30:45.137+0000] {logging_mixin.py:149} INFO - [2023-07-04T00:30:45.137+0000] {dag.py:3490} INFO - Setting next_dagrun for example_complex to None, run_after=None
[2023-07-04T00:30:45.174+0000] {processor.py:179} INFO - Processing /home/airflow/.local/lib/python3.7/site-packages/airflow/example_dags/example_complex.py took 0.199 seconds
[2023-07-04T00:31:16.253+0000] {processor.py:157} INFO - Started process (PID=2764) to work on /home/airflow/.local/lib/python3.7/site-packages/airflow/example_dags/example_complex.py
[2023-07-04T00:31:16.255+0000] {processor.py:826} INFO - Processing file /home/airflow/.local/lib/python3.7/site-packages/airflow/example_dags/example_complex.py for tasks to queue
[2023-07-04T00:31:16.256+0000] {logging_mixin.py:149} INFO - [2023-07-04T00:31:16.256+0000] {dagbag.py:541} INFO - Filling up the DagBag from /home/airflow/.local/lib/python3.7/site-packages/airflow/example_dags/example_complex.py
[2023-07-04T00:31:16.281+0000] {processor.py:836} INFO - DAG(s) dict_keys(['example_complex']) retrieved from /home/airflow/.local/lib/python3.7/site-packages/airflow/example_dags/example_complex.py
[2023-07-04T00:31:16.363+0000] {logging_mixin.py:149} INFO - [2023-07-04T00:31:16.363+0000] {dag.py:2726} INFO - Sync 1 DAGs
[2023-07-04T00:31:16.455+0000] {logging_mixin.py:149} INFO - [2023-07-04T00:31:16.454+0000] {dag.py:3490} INFO - Setting next_dagrun for example_complex to None, run_after=None
[2023-07-04T00:31:16.541+0000] {processor.py:179} INFO - Processing /home/airflow/.local/lib/python3.7/site-packages/airflow/example_dags/example_complex.py took 0.296 seconds
[2023-07-04T00:31:46.618+0000] {processor.py:157} INFO - Started process (PID=2822) to work on /home/airflow/.local/lib/python3.7/site-packages/airflow/example_dags/example_complex.py
[2023-07-04T00:31:46.619+0000] {processor.py:826} INFO - Processing file /home/airflow/.local/lib/python3.7/site-packages/airflow/example_dags/example_complex.py for tasks to queue
[2023-07-04T00:31:46.620+0000] {logging_mixin.py:149} INFO - [2023-07-04T00:31:46.620+0000] {dagbag.py:541} INFO - Filling up the DagBag from /home/airflow/.local/lib/python3.7/site-packages/airflow/example_dags/example_complex.py
[2023-07-04T00:31:46.648+0000] {processor.py:836} INFO - DAG(s) dict_keys(['example_complex']) retrieved from /home/airflow/.local/lib/python3.7/site-packages/airflow/example_dags/example_complex.py
[2023-07-04T00:31:46.708+0000] {logging_mixin.py:149} INFO - [2023-07-04T00:31:46.708+0000] {dag.py:2726} INFO - Sync 1 DAGs
[2023-07-04T00:31:46.746+0000] {logging_mixin.py:149} INFO - [2023-07-04T00:31:46.746+0000] {dag.py:3490} INFO - Setting next_dagrun for example_complex to None, run_after=None
[2023-07-04T00:31:46.775+0000] {processor.py:179} INFO - Processing /home/airflow/.local/lib/python3.7/site-packages/airflow/example_dags/example_complex.py took 0.163 seconds
[2023-07-04T00:32:17.091+0000] {processor.py:157} INFO - Started process (PID=2879) to work on /home/airflow/.local/lib/python3.7/site-packages/airflow/example_dags/example_complex.py
[2023-07-04T00:32:17.092+0000] {processor.py:826} INFO - Processing file /home/airflow/.local/lib/python3.7/site-packages/airflow/example_dags/example_complex.py for tasks to queue
[2023-07-04T00:32:17.094+0000] {logging_mixin.py:149} INFO - [2023-07-04T00:32:17.093+0000] {dagbag.py:541} INFO - Filling up the DagBag from /home/airflow/.local/lib/python3.7/site-packages/airflow/example_dags/example_complex.py
[2023-07-04T00:32:17.111+0000] {processor.py:836} INFO - DAG(s) dict_keys(['example_complex']) retrieved from /home/airflow/.local/lib/python3.7/site-packages/airflow/example_dags/example_complex.py
[2023-07-04T00:32:17.169+0000] {logging_mixin.py:149} INFO - [2023-07-04T00:32:17.169+0000] {dag.py:2726} INFO - Sync 1 DAGs
[2023-07-04T00:32:17.203+0000] {logging_mixin.py:149} INFO - [2023-07-04T00:32:17.203+0000] {dag.py:3490} INFO - Setting next_dagrun for example_complex to None, run_after=None
[2023-07-04T00:32:17.227+0000] {processor.py:179} INFO - Processing /home/airflow/.local/lib/python3.7/site-packages/airflow/example_dags/example_complex.py took 0.141 seconds
[2023-07-04T00:32:50.346+0000] {processor.py:157} INFO - Started process (PID=2935) to work on /home/airflow/.local/lib/python3.7/site-packages/airflow/example_dags/example_complex.py
[2023-07-04T00:32:50.355+0000] {processor.py:826} INFO - Processing file /home/airflow/.local/lib/python3.7/site-packages/airflow/example_dags/example_complex.py for tasks to queue
[2023-07-04T00:32:50.359+0000] {logging_mixin.py:149} INFO - [2023-07-04T00:32:50.359+0000] {dagbag.py:541} INFO - Filling up the DagBag from /home/airflow/.local/lib/python3.7/site-packages/airflow/example_dags/example_complex.py
[2023-07-04T00:32:50.432+0000] {processor.py:836} INFO - DAG(s) dict_keys(['example_complex']) retrieved from /home/airflow/.local/lib/python3.7/site-packages/airflow/example_dags/example_complex.py
[2023-07-04T00:32:50.614+0000] {logging_mixin.py:149} INFO - [2023-07-04T00:32:50.613+0000] {dag.py:2726} INFO - Sync 1 DAGs
[2023-07-04T00:32:50.762+0000] {logging_mixin.py:149} INFO - [2023-07-04T00:32:50.761+0000] {dag.py:3490} INFO - Setting next_dagrun for example_complex to None, run_after=None
[2023-07-04T00:32:50.912+0000] {processor.py:179} INFO - Processing /home/airflow/.local/lib/python3.7/site-packages/airflow/example_dags/example_complex.py took 0.579 seconds
[2023-07-04T00:33:21.231+0000] {processor.py:157} INFO - Started process (PID=2994) to work on /home/airflow/.local/lib/python3.7/site-packages/airflow/example_dags/example_complex.py
[2023-07-04T00:33:21.232+0000] {processor.py:826} INFO - Processing file /home/airflow/.local/lib/python3.7/site-packages/airflow/example_dags/example_complex.py for tasks to queue
[2023-07-04T00:33:21.233+0000] {logging_mixin.py:149} INFO - [2023-07-04T00:33:21.233+0000] {dagbag.py:541} INFO - Filling up the DagBag from /home/airflow/.local/lib/python3.7/site-packages/airflow/example_dags/example_complex.py
[2023-07-04T00:33:21.259+0000] {processor.py:836} INFO - DAG(s) dict_keys(['example_complex']) retrieved from /home/airflow/.local/lib/python3.7/site-packages/airflow/example_dags/example_complex.py
[2023-07-04T00:33:21.338+0000] {logging_mixin.py:149} INFO - [2023-07-04T00:33:21.337+0000] {dag.py:2726} INFO - Sync 1 DAGs
[2023-07-04T00:33:21.383+0000] {logging_mixin.py:149} INFO - [2023-07-04T00:33:21.383+0000] {dag.py:3490} INFO - Setting next_dagrun for example_complex to None, run_after=None
[2023-07-04T00:33:21.414+0000] {processor.py:179} INFO - Processing /home/airflow/.local/lib/python3.7/site-packages/airflow/example_dags/example_complex.py took 0.191 seconds
[2023-07-04T00:33:51.551+0000] {processor.py:157} INFO - Started process (PID=3051) to work on /home/airflow/.local/lib/python3.7/site-packages/airflow/example_dags/example_complex.py
[2023-07-04T00:33:51.552+0000] {processor.py:826} INFO - Processing file /home/airflow/.local/lib/python3.7/site-packages/airflow/example_dags/example_complex.py for tasks to queue
[2023-07-04T00:33:51.554+0000] {logging_mixin.py:149} INFO - [2023-07-04T00:33:51.553+0000] {dagbag.py:541} INFO - Filling up the DagBag from /home/airflow/.local/lib/python3.7/site-packages/airflow/example_dags/example_complex.py
[2023-07-04T00:33:51.572+0000] {processor.py:836} INFO - DAG(s) dict_keys(['example_complex']) retrieved from /home/airflow/.local/lib/python3.7/site-packages/airflow/example_dags/example_complex.py
[2023-07-04T00:33:51.621+0000] {logging_mixin.py:149} INFO - [2023-07-04T00:33:51.620+0000] {dag.py:2726} INFO - Sync 1 DAGs
[2023-07-04T00:33:51.654+0000] {logging_mixin.py:149} INFO - [2023-07-04T00:33:51.654+0000] {dag.py:3490} INFO - Setting next_dagrun for example_complex to None, run_after=None
[2023-07-04T00:33:51.680+0000] {processor.py:179} INFO - Processing /home/airflow/.local/lib/python3.7/site-packages/airflow/example_dags/example_complex.py took 0.133 seconds
[2023-07-04T00:34:21.894+0000] {processor.py:157} INFO - Started process (PID=3109) to work on /home/airflow/.local/lib/python3.7/site-packages/airflow/example_dags/example_complex.py
[2023-07-04T00:34:21.896+0000] {processor.py:826} INFO - Processing file /home/airflow/.local/lib/python3.7/site-packages/airflow/example_dags/example_complex.py for tasks to queue
[2023-07-04T00:34:21.897+0000] {logging_mixin.py:149} INFO - [2023-07-04T00:34:21.896+0000] {dagbag.py:541} INFO - Filling up the DagBag from /home/airflow/.local/lib/python3.7/site-packages/airflow/example_dags/example_complex.py
[2023-07-04T00:34:21.915+0000] {processor.py:836} INFO - DAG(s) dict_keys(['example_complex']) retrieved from /home/airflow/.local/lib/python3.7/site-packages/airflow/example_dags/example_complex.py
[2023-07-04T00:34:21.956+0000] {logging_mixin.py:149} INFO - [2023-07-04T00:34:21.956+0000] {dag.py:2726} INFO - Sync 1 DAGs
[2023-07-04T00:34:21.994+0000] {logging_mixin.py:149} INFO - [2023-07-04T00:34:21.994+0000] {dag.py:3490} INFO - Setting next_dagrun for example_complex to None, run_after=None
[2023-07-04T00:34:22.017+0000] {processor.py:179} INFO - Processing /home/airflow/.local/lib/python3.7/site-packages/airflow/example_dags/example_complex.py took 0.129 seconds
[2023-07-04T00:34:52.363+0000] {processor.py:157} INFO - Started process (PID=3163) to work on /home/airflow/.local/lib/python3.7/site-packages/airflow/example_dags/example_complex.py
[2023-07-04T00:34:52.364+0000] {processor.py:826} INFO - Processing file /home/airflow/.local/lib/python3.7/site-packages/airflow/example_dags/example_complex.py for tasks to queue
[2023-07-04T00:34:52.366+0000] {logging_mixin.py:149} INFO - [2023-07-04T00:34:52.366+0000] {dagbag.py:541} INFO - Filling up the DagBag from /home/airflow/.local/lib/python3.7/site-packages/airflow/example_dags/example_complex.py
[2023-07-04T00:34:52.389+0000] {processor.py:836} INFO - DAG(s) dict_keys(['example_complex']) retrieved from /home/airflow/.local/lib/python3.7/site-packages/airflow/example_dags/example_complex.py
[2023-07-04T00:34:52.453+0000] {logging_mixin.py:149} INFO - [2023-07-04T00:34:52.452+0000] {dag.py:2726} INFO - Sync 1 DAGs
[2023-07-04T00:34:52.502+0000] {logging_mixin.py:149} INFO - [2023-07-04T00:34:52.502+0000] {dag.py:3490} INFO - Setting next_dagrun for example_complex to None, run_after=None
[2023-07-04T00:34:52.538+0000] {processor.py:179} INFO - Processing /home/airflow/.local/lib/python3.7/site-packages/airflow/example_dags/example_complex.py took 0.183 seconds
[2023-07-04T00:35:22.948+0000] {processor.py:157} INFO - Started process (PID=3220) to work on /home/airflow/.local/lib/python3.7/site-packages/airflow/example_dags/example_complex.py
[2023-07-04T00:35:22.950+0000] {processor.py:826} INFO - Processing file /home/airflow/.local/lib/python3.7/site-packages/airflow/example_dags/example_complex.py for tasks to queue
[2023-07-04T00:35:22.951+0000] {logging_mixin.py:149} INFO - [2023-07-04T00:35:22.951+0000] {dagbag.py:541} INFO - Filling up the DagBag from /home/airflow/.local/lib/python3.7/site-packages/airflow/example_dags/example_complex.py
[2023-07-04T00:35:22.984+0000] {processor.py:836} INFO - DAG(s) dict_keys(['example_complex']) retrieved from /home/airflow/.local/lib/python3.7/site-packages/airflow/example_dags/example_complex.py
[2023-07-04T00:35:23.058+0000] {logging_mixin.py:149} INFO - [2023-07-04T00:35:23.057+0000] {dag.py:2726} INFO - Sync 1 DAGs
[2023-07-04T00:35:23.123+0000] {logging_mixin.py:149} INFO - [2023-07-04T00:35:23.122+0000] {dag.py:3490} INFO - Setting next_dagrun for example_complex to None, run_after=None
[2023-07-04T00:35:23.166+0000] {processor.py:179} INFO - Processing /home/airflow/.local/lib/python3.7/site-packages/airflow/example_dags/example_complex.py took 0.225 seconds
