[2023-07-04T00:07:07.914+0000] {processor.py:157} INFO - Started process (PID=60) to work on /home/airflow/.local/lib/python3.7/site-packages/airflow/example_dags/example_skip_dag.py
[2023-07-04T00:07:07.921+0000] {processor.py:826} INFO - Processing file /home/airflow/.local/lib/python3.7/site-packages/airflow/example_dags/example_skip_dag.py for tasks to queue
[2023-07-04T00:07:07.925+0000] {logging_mixin.py:149} INFO - [2023-07-04T00:07:07.924+0000] {dagbag.py:541} INFO - Filling up the DagBag from /home/airflow/.local/lib/python3.7/site-packages/airflow/example_dags/example_skip_dag.py
[2023-07-04T00:07:07.986+0000] {processor.py:836} INFO - DAG(s) dict_keys(['example_skip_dag']) retrieved from /home/airflow/.local/lib/python3.7/site-packages/airflow/example_dags/example_skip_dag.py
[2023-07-04T00:07:08.149+0000] {logging_mixin.py:149} INFO - [2023-07-04T00:07:08.149+0000] {dag.py:2726} INFO - Sync 1 DAGs
[2023-07-04T00:07:08.440+0000] {logging_mixin.py:149} INFO - [2023-07-04T00:07:08.439+0000] {dag.py:3490} INFO - Setting next_dagrun for example_skip_dag to 2023-07-03T00:07:08.438970+00:00, run_after=2023-07-04T00:07:08.438970+00:00
[2023-07-04T00:07:08.576+0000] {processor.py:179} INFO - Processing /home/airflow/.local/lib/python3.7/site-packages/airflow/example_dags/example_skip_dag.py took 0.673 seconds
[2023-07-04T00:07:38.791+0000] {processor.py:157} INFO - Started process (PID=121) to work on /home/airflow/.local/lib/python3.7/site-packages/airflow/example_dags/example_skip_dag.py
[2023-07-04T00:07:38.794+0000] {processor.py:826} INFO - Processing file /home/airflow/.local/lib/python3.7/site-packages/airflow/example_dags/example_skip_dag.py for tasks to queue
[2023-07-04T00:07:38.797+0000] {logging_mixin.py:149} INFO - [2023-07-04T00:07:38.796+0000] {dagbag.py:541} INFO - Filling up the DagBag from /home/airflow/.local/lib/python3.7/site-packages/airflow/example_dags/example_skip_dag.py
[2023-07-04T00:07:38.819+0000] {processor.py:836} INFO - DAG(s) dict_keys(['example_skip_dag']) retrieved from /home/airflow/.local/lib/python3.7/site-packages/airflow/example_dags/example_skip_dag.py
[2023-07-04T00:07:38.878+0000] {logging_mixin.py:149} INFO - [2023-07-04T00:07:38.878+0000] {dag.py:2726} INFO - Sync 1 DAGs
[2023-07-04T00:07:38.941+0000] {logging_mixin.py:149} INFO - [2023-07-04T00:07:38.941+0000] {dag.py:3490} INFO - Setting next_dagrun for example_skip_dag to 2023-07-03T00:07:38.940839+00:00, run_after=2023-07-04T00:07:38.940839+00:00
[2023-07-04T00:07:38.996+0000] {processor.py:179} INFO - Processing /home/airflow/.local/lib/python3.7/site-packages/airflow/example_dags/example_skip_dag.py took 0.216 seconds
[2023-07-04T00:08:09.441+0000] {processor.py:157} INFO - Started process (PID=179) to work on /home/airflow/.local/lib/python3.7/site-packages/airflow/example_dags/example_skip_dag.py
[2023-07-04T00:08:09.442+0000] {processor.py:826} INFO - Processing file /home/airflow/.local/lib/python3.7/site-packages/airflow/example_dags/example_skip_dag.py for tasks to queue
[2023-07-04T00:08:09.443+0000] {logging_mixin.py:149} INFO - [2023-07-04T00:08:09.443+0000] {dagbag.py:541} INFO - Filling up the DagBag from /home/airflow/.local/lib/python3.7/site-packages/airflow/example_dags/example_skip_dag.py
[2023-07-04T00:08:09.457+0000] {processor.py:836} INFO - DAG(s) dict_keys(['example_skip_dag']) retrieved from /home/airflow/.local/lib/python3.7/site-packages/airflow/example_dags/example_skip_dag.py
[2023-07-04T00:08:09.501+0000] {logging_mixin.py:149} INFO - [2023-07-04T00:08:09.500+0000] {dag.py:2726} INFO - Sync 1 DAGs
[2023-07-04T00:08:09.549+0000] {logging_mixin.py:149} INFO - [2023-07-04T00:08:09.548+0000] {dag.py:3490} INFO - Setting next_dagrun for example_skip_dag to 2023-07-03T00:08:09.548329+00:00, run_after=2023-07-04T00:08:09.548329+00:00
[2023-07-04T00:08:09.583+0000] {processor.py:179} INFO - Processing /home/airflow/.local/lib/python3.7/site-packages/airflow/example_dags/example_skip_dag.py took 0.148 seconds
[2023-07-04T00:08:40.084+0000] {processor.py:157} INFO - Started process (PID=236) to work on /home/airflow/.local/lib/python3.7/site-packages/airflow/example_dags/example_skip_dag.py
[2023-07-04T00:08:40.085+0000] {processor.py:826} INFO - Processing file /home/airflow/.local/lib/python3.7/site-packages/airflow/example_dags/example_skip_dag.py for tasks to queue
[2023-07-04T00:08:40.086+0000] {logging_mixin.py:149} INFO - [2023-07-04T00:08:40.086+0000] {dagbag.py:541} INFO - Filling up the DagBag from /home/airflow/.local/lib/python3.7/site-packages/airflow/example_dags/example_skip_dag.py
[2023-07-04T00:08:40.098+0000] {processor.py:836} INFO - DAG(s) dict_keys(['example_skip_dag']) retrieved from /home/airflow/.local/lib/python3.7/site-packages/airflow/example_dags/example_skip_dag.py
[2023-07-04T00:08:40.146+0000] {logging_mixin.py:149} INFO - [2023-07-04T00:08:40.146+0000] {dag.py:2726} INFO - Sync 1 DAGs
[2023-07-04T00:08:40.192+0000] {logging_mixin.py:149} INFO - [2023-07-04T00:08:40.192+0000] {dag.py:3490} INFO - Setting next_dagrun for example_skip_dag to 2023-07-03T00:08:40.192266+00:00, run_after=2023-07-04T00:08:40.192266+00:00
[2023-07-04T00:08:40.226+0000] {processor.py:179} INFO - Processing /home/airflow/.local/lib/python3.7/site-packages/airflow/example_dags/example_skip_dag.py took 0.150 seconds
[2023-07-04T00:09:10.644+0000] {processor.py:157} INFO - Started process (PID=293) to work on /home/airflow/.local/lib/python3.7/site-packages/airflow/example_dags/example_skip_dag.py
[2023-07-04T00:09:10.645+0000] {processor.py:826} INFO - Processing file /home/airflow/.local/lib/python3.7/site-packages/airflow/example_dags/example_skip_dag.py for tasks to queue
[2023-07-04T00:09:10.646+0000] {logging_mixin.py:149} INFO - [2023-07-04T00:09:10.646+0000] {dagbag.py:541} INFO - Filling up the DagBag from /home/airflow/.local/lib/python3.7/site-packages/airflow/example_dags/example_skip_dag.py
[2023-07-04T00:09:10.662+0000] {processor.py:836} INFO - DAG(s) dict_keys(['example_skip_dag']) retrieved from /home/airflow/.local/lib/python3.7/site-packages/airflow/example_dags/example_skip_dag.py
[2023-07-04T00:09:10.713+0000] {logging_mixin.py:149} INFO - [2023-07-04T00:09:10.713+0000] {dag.py:2726} INFO - Sync 1 DAGs
[2023-07-04T00:09:10.762+0000] {logging_mixin.py:149} INFO - [2023-07-04T00:09:10.761+0000] {dag.py:3490} INFO - Setting next_dagrun for example_skip_dag to 2023-07-03T00:09:10.761465+00:00, run_after=2023-07-04T00:09:10.761465+00:00
[2023-07-04T00:09:10.793+0000] {processor.py:179} INFO - Processing /home/airflow/.local/lib/python3.7/site-packages/airflow/example_dags/example_skip_dag.py took 0.157 seconds
[2023-07-04T00:09:41.311+0000] {processor.py:157} INFO - Started process (PID=350) to work on /home/airflow/.local/lib/python3.7/site-packages/airflow/example_dags/example_skip_dag.py
[2023-07-04T00:09:41.312+0000] {processor.py:826} INFO - Processing file /home/airflow/.local/lib/python3.7/site-packages/airflow/example_dags/example_skip_dag.py for tasks to queue
[2023-07-04T00:09:41.314+0000] {logging_mixin.py:149} INFO - [2023-07-04T00:09:41.314+0000] {dagbag.py:541} INFO - Filling up the DagBag from /home/airflow/.local/lib/python3.7/site-packages/airflow/example_dags/example_skip_dag.py
[2023-07-04T00:09:41.329+0000] {processor.py:836} INFO - DAG(s) dict_keys(['example_skip_dag']) retrieved from /home/airflow/.local/lib/python3.7/site-packages/airflow/example_dags/example_skip_dag.py
[2023-07-04T00:09:41.377+0000] {logging_mixin.py:149} INFO - [2023-07-04T00:09:41.377+0000] {dag.py:2726} INFO - Sync 1 DAGs
[2023-07-04T00:09:41.426+0000] {logging_mixin.py:149} INFO - [2023-07-04T00:09:41.426+0000] {dag.py:3490} INFO - Setting next_dagrun for example_skip_dag to 2023-07-03T00:09:41.426383+00:00, run_after=2023-07-04T00:09:41.426383+00:00
[2023-07-04T00:09:41.463+0000] {processor.py:179} INFO - Processing /home/airflow/.local/lib/python3.7/site-packages/airflow/example_dags/example_skip_dag.py took 0.161 seconds
[2023-07-04T00:10:11.554+0000] {processor.py:157} INFO - Started process (PID=405) to work on /home/airflow/.local/lib/python3.7/site-packages/airflow/example_dags/example_skip_dag.py
[2023-07-04T00:10:11.555+0000] {processor.py:826} INFO - Processing file /home/airflow/.local/lib/python3.7/site-packages/airflow/example_dags/example_skip_dag.py for tasks to queue
[2023-07-04T00:10:11.556+0000] {logging_mixin.py:149} INFO - [2023-07-04T00:10:11.556+0000] {dagbag.py:541} INFO - Filling up the DagBag from /home/airflow/.local/lib/python3.7/site-packages/airflow/example_dags/example_skip_dag.py
[2023-07-04T00:10:11.571+0000] {processor.py:836} INFO - DAG(s) dict_keys(['example_skip_dag']) retrieved from /home/airflow/.local/lib/python3.7/site-packages/airflow/example_dags/example_skip_dag.py
[2023-07-04T00:10:11.612+0000] {logging_mixin.py:149} INFO - [2023-07-04T00:10:11.612+0000] {dag.py:2726} INFO - Sync 1 DAGs
[2023-07-04T00:10:11.665+0000] {logging_mixin.py:149} INFO - [2023-07-04T00:10:11.665+0000] {dag.py:3490} INFO - Setting next_dagrun for example_skip_dag to 2023-07-03T00:10:11.664767+00:00, run_after=2023-07-04T00:10:11.664767+00:00
[2023-07-04T00:10:11.701+0000] {processor.py:179} INFO - Processing /home/airflow/.local/lib/python3.7/site-packages/airflow/example_dags/example_skip_dag.py took 0.156 seconds
[2023-07-04T00:10:41.782+0000] {processor.py:157} INFO - Started process (PID=462) to work on /home/airflow/.local/lib/python3.7/site-packages/airflow/example_dags/example_skip_dag.py
[2023-07-04T00:10:41.784+0000] {processor.py:826} INFO - Processing file /home/airflow/.local/lib/python3.7/site-packages/airflow/example_dags/example_skip_dag.py for tasks to queue
[2023-07-04T00:10:41.785+0000] {logging_mixin.py:149} INFO - [2023-07-04T00:10:41.785+0000] {dagbag.py:541} INFO - Filling up the DagBag from /home/airflow/.local/lib/python3.7/site-packages/airflow/example_dags/example_skip_dag.py
[2023-07-04T00:10:41.804+0000] {processor.py:836} INFO - DAG(s) dict_keys(['example_skip_dag']) retrieved from /home/airflow/.local/lib/python3.7/site-packages/airflow/example_dags/example_skip_dag.py
[2023-07-04T00:10:41.869+0000] {logging_mixin.py:149} INFO - [2023-07-04T00:10:41.869+0000] {dag.py:2726} INFO - Sync 1 DAGs
[2023-07-04T00:10:41.939+0000] {logging_mixin.py:149} INFO - [2023-07-04T00:10:41.939+0000] {dag.py:3490} INFO - Setting next_dagrun for example_skip_dag to 2023-07-03T00:10:41.938612+00:00, run_after=2023-07-04T00:10:41.938612+00:00
[2023-07-04T00:10:41.990+0000] {processor.py:179} INFO - Processing /home/airflow/.local/lib/python3.7/site-packages/airflow/example_dags/example_skip_dag.py took 0.217 seconds
[2023-07-04T00:11:12.852+0000] {processor.py:157} INFO - Started process (PID=519) to work on /home/airflow/.local/lib/python3.7/site-packages/airflow/example_dags/example_skip_dag.py
[2023-07-04T00:11:12.854+0000] {processor.py:826} INFO - Processing file /home/airflow/.local/lib/python3.7/site-packages/airflow/example_dags/example_skip_dag.py for tasks to queue
[2023-07-04T00:11:12.855+0000] {logging_mixin.py:149} INFO - [2023-07-04T00:11:12.855+0000] {dagbag.py:541} INFO - Filling up the DagBag from /home/airflow/.local/lib/python3.7/site-packages/airflow/example_dags/example_skip_dag.py
[2023-07-04T00:11:12.869+0000] {processor.py:836} INFO - DAG(s) dict_keys(['example_skip_dag']) retrieved from /home/airflow/.local/lib/python3.7/site-packages/airflow/example_dags/example_skip_dag.py
[2023-07-04T00:11:12.916+0000] {logging_mixin.py:149} INFO - [2023-07-04T00:11:12.916+0000] {dag.py:2726} INFO - Sync 1 DAGs
[2023-07-04T00:11:12.985+0000] {logging_mixin.py:149} INFO - [2023-07-04T00:11:12.984+0000] {dag.py:3490} INFO - Setting next_dagrun for example_skip_dag to 2023-07-03T00:11:12.983870+00:00, run_after=2023-07-04T00:11:12.983870+00:00
[2023-07-04T00:11:13.034+0000] {processor.py:179} INFO - Processing /home/airflow/.local/lib/python3.7/site-packages/airflow/example_dags/example_skip_dag.py took 0.192 seconds
[2023-07-04T00:11:43.721+0000] {processor.py:157} INFO - Started process (PID=576) to work on /home/airflow/.local/lib/python3.7/site-packages/airflow/example_dags/example_skip_dag.py
[2023-07-04T00:11:43.724+0000] {processor.py:826} INFO - Processing file /home/airflow/.local/lib/python3.7/site-packages/airflow/example_dags/example_skip_dag.py for tasks to queue
[2023-07-04T00:11:43.726+0000] {logging_mixin.py:149} INFO - [2023-07-04T00:11:43.726+0000] {dagbag.py:541} INFO - Filling up the DagBag from /home/airflow/.local/lib/python3.7/site-packages/airflow/example_dags/example_skip_dag.py
[2023-07-04T00:11:43.757+0000] {processor.py:836} INFO - DAG(s) dict_keys(['example_skip_dag']) retrieved from /home/airflow/.local/lib/python3.7/site-packages/airflow/example_dags/example_skip_dag.py
[2023-07-04T00:11:43.841+0000] {logging_mixin.py:149} INFO - [2023-07-04T00:11:43.841+0000] {dag.py:2726} INFO - Sync 1 DAGs
[2023-07-04T00:11:43.956+0000] {logging_mixin.py:149} INFO - [2023-07-04T00:11:43.955+0000] {dag.py:3490} INFO - Setting next_dagrun for example_skip_dag to 2023-07-03T00:11:43.955044+00:00, run_after=2023-07-04T00:11:43.955044+00:00
[2023-07-04T00:11:44.016+0000] {processor.py:179} INFO - Processing /home/airflow/.local/lib/python3.7/site-packages/airflow/example_dags/example_skip_dag.py took 0.302 seconds
[2023-07-04T00:12:14.681+0000] {processor.py:157} INFO - Started process (PID=633) to work on /home/airflow/.local/lib/python3.7/site-packages/airflow/example_dags/example_skip_dag.py
[2023-07-04T00:12:14.683+0000] {processor.py:826} INFO - Processing file /home/airflow/.local/lib/python3.7/site-packages/airflow/example_dags/example_skip_dag.py for tasks to queue
[2023-07-04T00:12:14.686+0000] {logging_mixin.py:149} INFO - [2023-07-04T00:12:14.686+0000] {dagbag.py:541} INFO - Filling up the DagBag from /home/airflow/.local/lib/python3.7/site-packages/airflow/example_dags/example_skip_dag.py
[2023-07-04T00:12:14.702+0000] {processor.py:836} INFO - DAG(s) dict_keys(['example_skip_dag']) retrieved from /home/airflow/.local/lib/python3.7/site-packages/airflow/example_dags/example_skip_dag.py
[2023-07-04T00:12:14.761+0000] {logging_mixin.py:149} INFO - [2023-07-04T00:12:14.761+0000] {dag.py:2726} INFO - Sync 1 DAGs
[2023-07-04T00:12:14.811+0000] {logging_mixin.py:149} INFO - [2023-07-04T00:12:14.810+0000] {dag.py:3490} INFO - Setting next_dagrun for example_skip_dag to 2023-07-03T00:12:14.810544+00:00, run_after=2023-07-04T00:12:14.810544+00:00
[2023-07-04T00:12:14.850+0000] {processor.py:179} INFO - Processing /home/airflow/.local/lib/python3.7/site-packages/airflow/example_dags/example_skip_dag.py took 0.178 seconds
[2023-07-04T00:12:45.340+0000] {processor.py:157} INFO - Started process (PID=690) to work on /home/airflow/.local/lib/python3.7/site-packages/airflow/example_dags/example_skip_dag.py
[2023-07-04T00:12:45.342+0000] {processor.py:826} INFO - Processing file /home/airflow/.local/lib/python3.7/site-packages/airflow/example_dags/example_skip_dag.py for tasks to queue
[2023-07-04T00:12:45.343+0000] {logging_mixin.py:149} INFO - [2023-07-04T00:12:45.343+0000] {dagbag.py:541} INFO - Filling up the DagBag from /home/airflow/.local/lib/python3.7/site-packages/airflow/example_dags/example_skip_dag.py
[2023-07-04T00:12:45.358+0000] {processor.py:836} INFO - DAG(s) dict_keys(['example_skip_dag']) retrieved from /home/airflow/.local/lib/python3.7/site-packages/airflow/example_dags/example_skip_dag.py
[2023-07-04T00:12:45.434+0000] {logging_mixin.py:149} INFO - [2023-07-04T00:12:45.434+0000] {dag.py:2726} INFO - Sync 1 DAGs
[2023-07-04T00:12:45.498+0000] {logging_mixin.py:149} INFO - [2023-07-04T00:12:45.498+0000] {dag.py:3490} INFO - Setting next_dagrun for example_skip_dag to 2023-07-03T00:12:45.497837+00:00, run_after=2023-07-04T00:12:45.497837+00:00
[2023-07-04T00:12:45.539+0000] {processor.py:179} INFO - Processing /home/airflow/.local/lib/python3.7/site-packages/airflow/example_dags/example_skip_dag.py took 0.205 seconds
[2023-07-04T00:13:15.861+0000] {processor.py:157} INFO - Started process (PID=747) to work on /home/airflow/.local/lib/python3.7/site-packages/airflow/example_dags/example_skip_dag.py
[2023-07-04T00:13:15.863+0000] {processor.py:826} INFO - Processing file /home/airflow/.local/lib/python3.7/site-packages/airflow/example_dags/example_skip_dag.py for tasks to queue
[2023-07-04T00:13:15.864+0000] {logging_mixin.py:149} INFO - [2023-07-04T00:13:15.864+0000] {dagbag.py:541} INFO - Filling up the DagBag from /home/airflow/.local/lib/python3.7/site-packages/airflow/example_dags/example_skip_dag.py
[2023-07-04T00:13:15.888+0000] {processor.py:836} INFO - DAG(s) dict_keys(['example_skip_dag']) retrieved from /home/airflow/.local/lib/python3.7/site-packages/airflow/example_dags/example_skip_dag.py
[2023-07-04T00:13:15.960+0000] {logging_mixin.py:149} INFO - [2023-07-04T00:13:15.960+0000] {dag.py:2726} INFO - Sync 1 DAGs
[2023-07-04T00:13:16.025+0000] {logging_mixin.py:149} INFO - [2023-07-04T00:13:16.025+0000] {dag.py:3490} INFO - Setting next_dagrun for example_skip_dag to 2023-07-03T00:13:16.024538+00:00, run_after=2023-07-04T00:13:16.024538+00:00
[2023-07-04T00:13:16.067+0000] {processor.py:179} INFO - Processing /home/airflow/.local/lib/python3.7/site-packages/airflow/example_dags/example_skip_dag.py took 0.213 seconds
[2023-07-04T00:13:46.617+0000] {processor.py:157} INFO - Started process (PID=804) to work on /home/airflow/.local/lib/python3.7/site-packages/airflow/example_dags/example_skip_dag.py
[2023-07-04T00:13:46.620+0000] {processor.py:826} INFO - Processing file /home/airflow/.local/lib/python3.7/site-packages/airflow/example_dags/example_skip_dag.py for tasks to queue
[2023-07-04T00:13:46.623+0000] {logging_mixin.py:149} INFO - [2023-07-04T00:13:46.623+0000] {dagbag.py:541} INFO - Filling up the DagBag from /home/airflow/.local/lib/python3.7/site-packages/airflow/example_dags/example_skip_dag.py
[2023-07-04T00:13:46.653+0000] {processor.py:836} INFO - DAG(s) dict_keys(['example_skip_dag']) retrieved from /home/airflow/.local/lib/python3.7/site-packages/airflow/example_dags/example_skip_dag.py
[2023-07-04T00:13:46.753+0000] {logging_mixin.py:149} INFO - [2023-07-04T00:13:46.752+0000] {dag.py:2726} INFO - Sync 1 DAGs
[2023-07-04T00:13:46.812+0000] {logging_mixin.py:149} INFO - [2023-07-04T00:13:46.812+0000] {dag.py:3490} INFO - Setting next_dagrun for example_skip_dag to 2023-07-03T00:13:46.812085+00:00, run_after=2023-07-04T00:13:46.812085+00:00
[2023-07-04T00:13:46.857+0000] {processor.py:179} INFO - Processing /home/airflow/.local/lib/python3.7/site-packages/airflow/example_dags/example_skip_dag.py took 0.251 seconds
[2023-07-04T00:14:17.432+0000] {processor.py:157} INFO - Started process (PID=861) to work on /home/airflow/.local/lib/python3.7/site-packages/airflow/example_dags/example_skip_dag.py
[2023-07-04T00:14:17.435+0000] {processor.py:826} INFO - Processing file /home/airflow/.local/lib/python3.7/site-packages/airflow/example_dags/example_skip_dag.py for tasks to queue
[2023-07-04T00:14:17.437+0000] {logging_mixin.py:149} INFO - [2023-07-04T00:14:17.437+0000] {dagbag.py:541} INFO - Filling up the DagBag from /home/airflow/.local/lib/python3.7/site-packages/airflow/example_dags/example_skip_dag.py
[2023-07-04T00:14:17.456+0000] {processor.py:836} INFO - DAG(s) dict_keys(['example_skip_dag']) retrieved from /home/airflow/.local/lib/python3.7/site-packages/airflow/example_dags/example_skip_dag.py
[2023-07-04T00:14:17.512+0000] {logging_mixin.py:149} INFO - [2023-07-04T00:14:17.511+0000] {dag.py:2726} INFO - Sync 1 DAGs
[2023-07-04T00:14:17.585+0000] {logging_mixin.py:149} INFO - [2023-07-04T00:14:17.585+0000] {dag.py:3490} INFO - Setting next_dagrun for example_skip_dag to 2023-07-03T00:14:17.584250+00:00, run_after=2023-07-04T00:14:17.584250+00:00
[2023-07-04T00:14:17.640+0000] {processor.py:179} INFO - Processing /home/airflow/.local/lib/python3.7/site-packages/airflow/example_dags/example_skip_dag.py took 0.214 seconds
[2023-07-04T00:14:48.165+0000] {processor.py:157} INFO - Started process (PID=918) to work on /home/airflow/.local/lib/python3.7/site-packages/airflow/example_dags/example_skip_dag.py
[2023-07-04T00:14:48.167+0000] {processor.py:826} INFO - Processing file /home/airflow/.local/lib/python3.7/site-packages/airflow/example_dags/example_skip_dag.py for tasks to queue
[2023-07-04T00:14:48.168+0000] {logging_mixin.py:149} INFO - [2023-07-04T00:14:48.168+0000] {dagbag.py:541} INFO - Filling up the DagBag from /home/airflow/.local/lib/python3.7/site-packages/airflow/example_dags/example_skip_dag.py
[2023-07-04T00:14:48.180+0000] {processor.py:836} INFO - DAG(s) dict_keys(['example_skip_dag']) retrieved from /home/airflow/.local/lib/python3.7/site-packages/airflow/example_dags/example_skip_dag.py
[2023-07-04T00:14:48.231+0000] {logging_mixin.py:149} INFO - [2023-07-04T00:14:48.231+0000] {dag.py:2726} INFO - Sync 1 DAGs
[2023-07-04T00:14:48.285+0000] {logging_mixin.py:149} INFO - [2023-07-04T00:14:48.285+0000] {dag.py:3490} INFO - Setting next_dagrun for example_skip_dag to 2023-07-03T00:14:48.285049+00:00, run_after=2023-07-04T00:14:48.285049+00:00
[2023-07-04T00:14:48.327+0000] {processor.py:179} INFO - Processing /home/airflow/.local/lib/python3.7/site-packages/airflow/example_dags/example_skip_dag.py took 0.167 seconds
[2023-07-04T00:15:19.245+0000] {processor.py:157} INFO - Started process (PID=975) to work on /home/airflow/.local/lib/python3.7/site-packages/airflow/example_dags/example_skip_dag.py
[2023-07-04T00:15:19.246+0000] {processor.py:826} INFO - Processing file /home/airflow/.local/lib/python3.7/site-packages/airflow/example_dags/example_skip_dag.py for tasks to queue
[2023-07-04T00:15:19.248+0000] {logging_mixin.py:149} INFO - [2023-07-04T00:15:19.247+0000] {dagbag.py:541} INFO - Filling up the DagBag from /home/airflow/.local/lib/python3.7/site-packages/airflow/example_dags/example_skip_dag.py
[2023-07-04T00:15:19.263+0000] {processor.py:836} INFO - DAG(s) dict_keys(['example_skip_dag']) retrieved from /home/airflow/.local/lib/python3.7/site-packages/airflow/example_dags/example_skip_dag.py
[2023-07-04T00:15:19.314+0000] {logging_mixin.py:149} INFO - [2023-07-04T00:15:19.314+0000] {dag.py:2726} INFO - Sync 1 DAGs
[2023-07-04T00:15:19.369+0000] {logging_mixin.py:149} INFO - [2023-07-04T00:15:19.369+0000] {dag.py:3490} INFO - Setting next_dagrun for example_skip_dag to 2023-07-03T00:15:19.368602+00:00, run_after=2023-07-04T00:15:19.368602+00:00
[2023-07-04T00:15:19.412+0000] {processor.py:179} INFO - Processing /home/airflow/.local/lib/python3.7/site-packages/airflow/example_dags/example_skip_dag.py took 0.173 seconds
[2023-07-04T00:15:50.022+0000] {processor.py:157} INFO - Started process (PID=1033) to work on /home/airflow/.local/lib/python3.7/site-packages/airflow/example_dags/example_skip_dag.py
[2023-07-04T00:15:50.027+0000] {processor.py:826} INFO - Processing file /home/airflow/.local/lib/python3.7/site-packages/airflow/example_dags/example_skip_dag.py for tasks to queue
[2023-07-04T00:15:50.029+0000] {logging_mixin.py:149} INFO - [2023-07-04T00:15:50.029+0000] {dagbag.py:541} INFO - Filling up the DagBag from /home/airflow/.local/lib/python3.7/site-packages/airflow/example_dags/example_skip_dag.py
[2023-07-04T00:15:50.050+0000] {processor.py:836} INFO - DAG(s) dict_keys(['example_skip_dag']) retrieved from /home/airflow/.local/lib/python3.7/site-packages/airflow/example_dags/example_skip_dag.py
[2023-07-04T00:15:50.119+0000] {logging_mixin.py:149} INFO - [2023-07-04T00:15:50.119+0000] {dag.py:2726} INFO - Sync 1 DAGs
[2023-07-04T00:15:50.180+0000] {logging_mixin.py:149} INFO - [2023-07-04T00:15:50.180+0000] {dag.py:3490} INFO - Setting next_dagrun for example_skip_dag to 2023-07-03T00:15:50.179894+00:00, run_after=2023-07-04T00:15:50.179894+00:00
[2023-07-04T00:15:50.221+0000] {processor.py:179} INFO - Processing /home/airflow/.local/lib/python3.7/site-packages/airflow/example_dags/example_skip_dag.py took 0.208 seconds
[2023-07-04T00:16:20.392+0000] {processor.py:157} INFO - Started process (PID=1089) to work on /home/airflow/.local/lib/python3.7/site-packages/airflow/example_dags/example_skip_dag.py
[2023-07-04T00:16:20.394+0000] {processor.py:826} INFO - Processing file /home/airflow/.local/lib/python3.7/site-packages/airflow/example_dags/example_skip_dag.py for tasks to queue
[2023-07-04T00:16:20.397+0000] {logging_mixin.py:149} INFO - [2023-07-04T00:16:20.397+0000] {dagbag.py:541} INFO - Filling up the DagBag from /home/airflow/.local/lib/python3.7/site-packages/airflow/example_dags/example_skip_dag.py
[2023-07-04T00:16:20.417+0000] {processor.py:836} INFO - DAG(s) dict_keys(['example_skip_dag']) retrieved from /home/airflow/.local/lib/python3.7/site-packages/airflow/example_dags/example_skip_dag.py
[2023-07-04T00:16:20.476+0000] {logging_mixin.py:149} INFO - [2023-07-04T00:16:20.476+0000] {dag.py:2726} INFO - Sync 1 DAGs
[2023-07-04T00:16:20.554+0000] {logging_mixin.py:149} INFO - [2023-07-04T00:16:20.554+0000] {dag.py:3490} INFO - Setting next_dagrun for example_skip_dag to 2023-07-03T00:16:20.553608+00:00, run_after=2023-07-04T00:16:20.553608+00:00
[2023-07-04T00:16:20.615+0000] {processor.py:179} INFO - Processing /home/airflow/.local/lib/python3.7/site-packages/airflow/example_dags/example_skip_dag.py took 0.229 seconds
[2023-07-04T00:16:50.676+0000] {processor.py:157} INFO - Started process (PID=1146) to work on /home/airflow/.local/lib/python3.7/site-packages/airflow/example_dags/example_skip_dag.py
[2023-07-04T00:16:50.677+0000] {processor.py:826} INFO - Processing file /home/airflow/.local/lib/python3.7/site-packages/airflow/example_dags/example_skip_dag.py for tasks to queue
[2023-07-04T00:16:50.679+0000] {logging_mixin.py:149} INFO - [2023-07-04T00:16:50.679+0000] {dagbag.py:541} INFO - Filling up the DagBag from /home/airflow/.local/lib/python3.7/site-packages/airflow/example_dags/example_skip_dag.py
[2023-07-04T00:16:50.702+0000] {processor.py:836} INFO - DAG(s) dict_keys(['example_skip_dag']) retrieved from /home/airflow/.local/lib/python3.7/site-packages/airflow/example_dags/example_skip_dag.py
[2023-07-04T00:16:50.756+0000] {logging_mixin.py:149} INFO - [2023-07-04T00:16:50.756+0000] {dag.py:2726} INFO - Sync 1 DAGs
[2023-07-04T00:16:50.813+0000] {logging_mixin.py:149} INFO - [2023-07-04T00:16:50.813+0000] {dag.py:3490} INFO - Setting next_dagrun for example_skip_dag to 2023-07-03T00:16:50.812512+00:00, run_after=2023-07-04T00:16:50.812512+00:00
[2023-07-04T00:16:50.856+0000] {processor.py:179} INFO - Processing /home/airflow/.local/lib/python3.7/site-packages/airflow/example_dags/example_skip_dag.py took 0.188 seconds
[2023-07-04T00:17:21.708+0000] {processor.py:157} INFO - Started process (PID=1203) to work on /home/airflow/.local/lib/python3.7/site-packages/airflow/example_dags/example_skip_dag.py
[2023-07-04T00:17:21.710+0000] {processor.py:826} INFO - Processing file /home/airflow/.local/lib/python3.7/site-packages/airflow/example_dags/example_skip_dag.py for tasks to queue
[2023-07-04T00:17:21.711+0000] {logging_mixin.py:149} INFO - [2023-07-04T00:17:21.711+0000] {dagbag.py:541} INFO - Filling up the DagBag from /home/airflow/.local/lib/python3.7/site-packages/airflow/example_dags/example_skip_dag.py
[2023-07-04T00:17:21.726+0000] {processor.py:836} INFO - DAG(s) dict_keys(['example_skip_dag']) retrieved from /home/airflow/.local/lib/python3.7/site-packages/airflow/example_dags/example_skip_dag.py
[2023-07-04T00:17:21.775+0000] {logging_mixin.py:149} INFO - [2023-07-04T00:17:21.775+0000] {dag.py:2726} INFO - Sync 1 DAGs
[2023-07-04T00:17:21.829+0000] {logging_mixin.py:149} INFO - [2023-07-04T00:17:21.829+0000] {dag.py:3490} INFO - Setting next_dagrun for example_skip_dag to 2023-07-03T00:17:21.829188+00:00, run_after=2023-07-04T00:17:21.829188+00:00
[2023-07-04T00:17:21.872+0000] {processor.py:179} INFO - Processing /home/airflow/.local/lib/python3.7/site-packages/airflow/example_dags/example_skip_dag.py took 0.170 seconds
[2023-07-04T00:17:52.057+0000] {processor.py:157} INFO - Started process (PID=1260) to work on /home/airflow/.local/lib/python3.7/site-packages/airflow/example_dags/example_skip_dag.py
[2023-07-04T00:17:52.059+0000] {processor.py:826} INFO - Processing file /home/airflow/.local/lib/python3.7/site-packages/airflow/example_dags/example_skip_dag.py for tasks to queue
[2023-07-04T00:17:52.061+0000] {logging_mixin.py:149} INFO - [2023-07-04T00:17:52.061+0000] {dagbag.py:541} INFO - Filling up the DagBag from /home/airflow/.local/lib/python3.7/site-packages/airflow/example_dags/example_skip_dag.py
[2023-07-04T00:17:52.078+0000] {processor.py:836} INFO - DAG(s) dict_keys(['example_skip_dag']) retrieved from /home/airflow/.local/lib/python3.7/site-packages/airflow/example_dags/example_skip_dag.py
[2023-07-04T00:17:52.123+0000] {logging_mixin.py:149} INFO - [2023-07-04T00:17:52.123+0000] {dag.py:2726} INFO - Sync 1 DAGs
[2023-07-04T00:17:52.176+0000] {logging_mixin.py:149} INFO - [2023-07-04T00:17:52.176+0000] {dag.py:3490} INFO - Setting next_dagrun for example_skip_dag to 2023-07-03T00:17:52.175835+00:00, run_after=2023-07-04T00:17:52.175835+00:00
[2023-07-04T00:17:52.210+0000] {processor.py:179} INFO - Processing /home/airflow/.local/lib/python3.7/site-packages/airflow/example_dags/example_skip_dag.py took 0.159 seconds
[2023-07-04T00:18:22.417+0000] {processor.py:157} INFO - Started process (PID=1317) to work on /home/airflow/.local/lib/python3.7/site-packages/airflow/example_dags/example_skip_dag.py
[2023-07-04T00:18:22.419+0000] {processor.py:826} INFO - Processing file /home/airflow/.local/lib/python3.7/site-packages/airflow/example_dags/example_skip_dag.py for tasks to queue
[2023-07-04T00:18:22.420+0000] {logging_mixin.py:149} INFO - [2023-07-04T00:18:22.420+0000] {dagbag.py:541} INFO - Filling up the DagBag from /home/airflow/.local/lib/python3.7/site-packages/airflow/example_dags/example_skip_dag.py
[2023-07-04T00:18:22.439+0000] {processor.py:836} INFO - DAG(s) dict_keys(['example_skip_dag']) retrieved from /home/airflow/.local/lib/python3.7/site-packages/airflow/example_dags/example_skip_dag.py
[2023-07-04T00:18:22.490+0000] {logging_mixin.py:149} INFO - [2023-07-04T00:18:22.490+0000] {dag.py:2726} INFO - Sync 1 DAGs
[2023-07-04T00:18:22.550+0000] {logging_mixin.py:149} INFO - [2023-07-04T00:18:22.550+0000] {dag.py:3490} INFO - Setting next_dagrun for example_skip_dag to 2023-07-03T00:18:22.550089+00:00, run_after=2023-07-04T00:18:22.550089+00:00
[2023-07-04T00:18:22.590+0000] {processor.py:179} INFO - Processing /home/airflow/.local/lib/python3.7/site-packages/airflow/example_dags/example_skip_dag.py took 0.179 seconds
[2023-07-04T00:18:52.999+0000] {processor.py:157} INFO - Started process (PID=1373) to work on /home/airflow/.local/lib/python3.7/site-packages/airflow/example_dags/example_skip_dag.py
[2023-07-04T00:18:53.001+0000] {processor.py:826} INFO - Processing file /home/airflow/.local/lib/python3.7/site-packages/airflow/example_dags/example_skip_dag.py for tasks to queue
[2023-07-04T00:18:53.003+0000] {logging_mixin.py:149} INFO - [2023-07-04T00:18:53.002+0000] {dagbag.py:541} INFO - Filling up the DagBag from /home/airflow/.local/lib/python3.7/site-packages/airflow/example_dags/example_skip_dag.py
[2023-07-04T00:18:53.020+0000] {processor.py:836} INFO - DAG(s) dict_keys(['example_skip_dag']) retrieved from /home/airflow/.local/lib/python3.7/site-packages/airflow/example_dags/example_skip_dag.py
[2023-07-04T00:18:53.068+0000] {logging_mixin.py:149} INFO - [2023-07-04T00:18:53.067+0000] {dag.py:2726} INFO - Sync 1 DAGs
[2023-07-04T00:18:53.150+0000] {logging_mixin.py:149} INFO - [2023-07-04T00:18:53.149+0000] {dag.py:3490} INFO - Setting next_dagrun for example_skip_dag to 2023-07-03T00:18:53.148675+00:00, run_after=2023-07-04T00:18:53.148675+00:00
[2023-07-04T00:18:53.197+0000] {processor.py:179} INFO - Processing /home/airflow/.local/lib/python3.7/site-packages/airflow/example_dags/example_skip_dag.py took 0.203 seconds
[2023-07-04T00:19:23.716+0000] {processor.py:157} INFO - Started process (PID=1431) to work on /home/airflow/.local/lib/python3.7/site-packages/airflow/example_dags/example_skip_dag.py
[2023-07-04T00:19:23.719+0000] {processor.py:826} INFO - Processing file /home/airflow/.local/lib/python3.7/site-packages/airflow/example_dags/example_skip_dag.py for tasks to queue
[2023-07-04T00:19:23.722+0000] {logging_mixin.py:149} INFO - [2023-07-04T00:19:23.721+0000] {dagbag.py:541} INFO - Filling up the DagBag from /home/airflow/.local/lib/python3.7/site-packages/airflow/example_dags/example_skip_dag.py
[2023-07-04T00:19:23.760+0000] {processor.py:836} INFO - DAG(s) dict_keys(['example_skip_dag']) retrieved from /home/airflow/.local/lib/python3.7/site-packages/airflow/example_dags/example_skip_dag.py
[2023-07-04T00:19:23.898+0000] {logging_mixin.py:149} INFO - [2023-07-04T00:19:23.897+0000] {dag.py:2726} INFO - Sync 1 DAGs
[2023-07-04T00:19:24.080+0000] {logging_mixin.py:149} INFO - [2023-07-04T00:19:24.077+0000] {dag.py:3490} INFO - Setting next_dagrun for example_skip_dag to 2023-07-03T00:19:24.076490+00:00, run_after=2023-07-04T00:19:24.076490+00:00
[2023-07-04T00:19:24.204+0000] {processor.py:179} INFO - Processing /home/airflow/.local/lib/python3.7/site-packages/airflow/example_dags/example_skip_dag.py took 0.501 seconds
[2023-07-04T00:19:54.441+0000] {processor.py:157} INFO - Started process (PID=1488) to work on /home/airflow/.local/lib/python3.7/site-packages/airflow/example_dags/example_skip_dag.py
[2023-07-04T00:19:54.443+0000] {processor.py:826} INFO - Processing file /home/airflow/.local/lib/python3.7/site-packages/airflow/example_dags/example_skip_dag.py for tasks to queue
[2023-07-04T00:19:54.444+0000] {logging_mixin.py:149} INFO - [2023-07-04T00:19:54.443+0000] {dagbag.py:541} INFO - Filling up the DagBag from /home/airflow/.local/lib/python3.7/site-packages/airflow/example_dags/example_skip_dag.py
[2023-07-04T00:19:54.460+0000] {processor.py:836} INFO - DAG(s) dict_keys(['example_skip_dag']) retrieved from /home/airflow/.local/lib/python3.7/site-packages/airflow/example_dags/example_skip_dag.py
[2023-07-04T00:19:54.509+0000] {logging_mixin.py:149} INFO - [2023-07-04T00:19:54.509+0000] {dag.py:2726} INFO - Sync 1 DAGs
[2023-07-04T00:19:54.551+0000] {logging_mixin.py:149} INFO - [2023-07-04T00:19:54.551+0000] {dag.py:3490} INFO - Setting next_dagrun for example_skip_dag to 2023-07-03T00:19:54.550951+00:00, run_after=2023-07-04T00:19:54.550951+00:00
[2023-07-04T00:19:54.583+0000] {processor.py:179} INFO - Processing /home/airflow/.local/lib/python3.7/site-packages/airflow/example_dags/example_skip_dag.py took 0.149 seconds
[2023-07-04T00:20:24.683+0000] {processor.py:157} INFO - Started process (PID=1545) to work on /home/airflow/.local/lib/python3.7/site-packages/airflow/example_dags/example_skip_dag.py
[2023-07-04T00:20:24.685+0000] {processor.py:826} INFO - Processing file /home/airflow/.local/lib/python3.7/site-packages/airflow/example_dags/example_skip_dag.py for tasks to queue
[2023-07-04T00:20:24.687+0000] {logging_mixin.py:149} INFO - [2023-07-04T00:20:24.687+0000] {dagbag.py:541} INFO - Filling up the DagBag from /home/airflow/.local/lib/python3.7/site-packages/airflow/example_dags/example_skip_dag.py
[2023-07-04T00:20:24.706+0000] {processor.py:836} INFO - DAG(s) dict_keys(['example_skip_dag']) retrieved from /home/airflow/.local/lib/python3.7/site-packages/airflow/example_dags/example_skip_dag.py
[2023-07-04T00:20:24.756+0000] {logging_mixin.py:149} INFO - [2023-07-04T00:20:24.755+0000] {dag.py:2726} INFO - Sync 1 DAGs
[2023-07-04T00:20:24.808+0000] {logging_mixin.py:149} INFO - [2023-07-04T00:20:24.808+0000] {dag.py:3490} INFO - Setting next_dagrun for example_skip_dag to 2023-07-03T00:20:24.807468+00:00, run_after=2023-07-04T00:20:24.807468+00:00
[2023-07-04T00:20:24.848+0000] {processor.py:179} INFO - Processing /home/airflow/.local/lib/python3.7/site-packages/airflow/example_dags/example_skip_dag.py took 0.173 seconds
[2023-07-04T00:20:55.378+0000] {processor.py:157} INFO - Started process (PID=1602) to work on /home/airflow/.local/lib/python3.7/site-packages/airflow/example_dags/example_skip_dag.py
[2023-07-04T00:20:55.380+0000] {processor.py:826} INFO - Processing file /home/airflow/.local/lib/python3.7/site-packages/airflow/example_dags/example_skip_dag.py for tasks to queue
[2023-07-04T00:20:55.382+0000] {logging_mixin.py:149} INFO - [2023-07-04T00:20:55.382+0000] {dagbag.py:541} INFO - Filling up the DagBag from /home/airflow/.local/lib/python3.7/site-packages/airflow/example_dags/example_skip_dag.py
[2023-07-04T00:20:55.405+0000] {processor.py:836} INFO - DAG(s) dict_keys(['example_skip_dag']) retrieved from /home/airflow/.local/lib/python3.7/site-packages/airflow/example_dags/example_skip_dag.py
[2023-07-04T00:20:55.496+0000] {logging_mixin.py:149} INFO - [2023-07-04T00:20:55.496+0000] {dag.py:2726} INFO - Sync 1 DAGs
[2023-07-04T00:20:55.581+0000] {logging_mixin.py:149} INFO - [2023-07-04T00:20:55.580+0000] {dag.py:3490} INFO - Setting next_dagrun for example_skip_dag to 2023-07-03T00:20:55.580000+00:00, run_after=2023-07-04T00:20:55.580000+00:00
[2023-07-04T00:20:55.637+0000] {processor.py:179} INFO - Processing /home/airflow/.local/lib/python3.7/site-packages/airflow/example_dags/example_skip_dag.py took 0.270 seconds
[2023-07-04T00:21:25.810+0000] {processor.py:157} INFO - Started process (PID=1658) to work on /home/airflow/.local/lib/python3.7/site-packages/airflow/example_dags/example_skip_dag.py
[2023-07-04T00:21:25.813+0000] {processor.py:826} INFO - Processing file /home/airflow/.local/lib/python3.7/site-packages/airflow/example_dags/example_skip_dag.py for tasks to queue
[2023-07-04T00:21:25.815+0000] {logging_mixin.py:149} INFO - [2023-07-04T00:21:25.815+0000] {dagbag.py:541} INFO - Filling up the DagBag from /home/airflow/.local/lib/python3.7/site-packages/airflow/example_dags/example_skip_dag.py
[2023-07-04T00:21:25.830+0000] {processor.py:836} INFO - DAG(s) dict_keys(['example_skip_dag']) retrieved from /home/airflow/.local/lib/python3.7/site-packages/airflow/example_dags/example_skip_dag.py
[2023-07-04T00:21:25.879+0000] {logging_mixin.py:149} INFO - [2023-07-04T00:21:25.879+0000] {dag.py:2726} INFO - Sync 1 DAGs
[2023-07-04T00:21:25.932+0000] {logging_mixin.py:149} INFO - [2023-07-04T00:21:25.932+0000] {dag.py:3490} INFO - Setting next_dagrun for example_skip_dag to 2023-07-03T00:21:25.932343+00:00, run_after=2023-07-04T00:21:25.932343+00:00
[2023-07-04T00:21:25.972+0000] {processor.py:179} INFO - Processing /home/airflow/.local/lib/python3.7/site-packages/airflow/example_dags/example_skip_dag.py took 0.170 seconds
[2023-07-04T00:21:56.243+0000] {processor.py:157} INFO - Started process (PID=1715) to work on /home/airflow/.local/lib/python3.7/site-packages/airflow/example_dags/example_skip_dag.py
[2023-07-04T00:21:56.245+0000] {processor.py:826} INFO - Processing file /home/airflow/.local/lib/python3.7/site-packages/airflow/example_dags/example_skip_dag.py for tasks to queue
[2023-07-04T00:21:56.247+0000] {logging_mixin.py:149} INFO - [2023-07-04T00:21:56.247+0000] {dagbag.py:541} INFO - Filling up the DagBag from /home/airflow/.local/lib/python3.7/site-packages/airflow/example_dags/example_skip_dag.py
[2023-07-04T00:21:56.267+0000] {processor.py:836} INFO - DAG(s) dict_keys(['example_skip_dag']) retrieved from /home/airflow/.local/lib/python3.7/site-packages/airflow/example_dags/example_skip_dag.py
[2023-07-04T00:21:56.328+0000] {logging_mixin.py:149} INFO - [2023-07-04T00:21:56.327+0000] {dag.py:2726} INFO - Sync 1 DAGs
[2023-07-04T00:21:56.384+0000] {logging_mixin.py:149} INFO - [2023-07-04T00:21:56.384+0000] {dag.py:3490} INFO - Setting next_dagrun for example_skip_dag to 2023-07-03T00:21:56.383791+00:00, run_after=2023-07-04T00:21:56.383791+00:00
[2023-07-04T00:21:56.423+0000] {processor.py:179} INFO - Processing /home/airflow/.local/lib/python3.7/site-packages/airflow/example_dags/example_skip_dag.py took 0.190 seconds
[2023-07-04T00:22:26.669+0000] {processor.py:157} INFO - Started process (PID=1772) to work on /home/airflow/.local/lib/python3.7/site-packages/airflow/example_dags/example_skip_dag.py
[2023-07-04T00:22:26.671+0000] {processor.py:826} INFO - Processing file /home/airflow/.local/lib/python3.7/site-packages/airflow/example_dags/example_skip_dag.py for tasks to queue
[2023-07-04T00:22:26.672+0000] {logging_mixin.py:149} INFO - [2023-07-04T00:22:26.672+0000] {dagbag.py:541} INFO - Filling up the DagBag from /home/airflow/.local/lib/python3.7/site-packages/airflow/example_dags/example_skip_dag.py
[2023-07-04T00:22:26.689+0000] {processor.py:836} INFO - DAG(s) dict_keys(['example_skip_dag']) retrieved from /home/airflow/.local/lib/python3.7/site-packages/airflow/example_dags/example_skip_dag.py
[2023-07-04T00:22:26.737+0000] {logging_mixin.py:149} INFO - [2023-07-04T00:22:26.737+0000] {dag.py:2726} INFO - Sync 1 DAGs
[2023-07-04T00:22:26.784+0000] {logging_mixin.py:149} INFO - [2023-07-04T00:22:26.784+0000] {dag.py:3490} INFO - Setting next_dagrun for example_skip_dag to 2023-07-03T00:22:26.784393+00:00, run_after=2023-07-04T00:22:26.784393+00:00
[2023-07-04T00:22:26.816+0000] {processor.py:179} INFO - Processing /home/airflow/.local/lib/python3.7/site-packages/airflow/example_dags/example_skip_dag.py took 0.157 seconds
[2023-07-04T00:22:57.206+0000] {processor.py:157} INFO - Started process (PID=1829) to work on /home/airflow/.local/lib/python3.7/site-packages/airflow/example_dags/example_skip_dag.py
[2023-07-04T00:22:57.207+0000] {processor.py:826} INFO - Processing file /home/airflow/.local/lib/python3.7/site-packages/airflow/example_dags/example_skip_dag.py for tasks to queue
[2023-07-04T00:22:57.209+0000] {logging_mixin.py:149} INFO - [2023-07-04T00:22:57.209+0000] {dagbag.py:541} INFO - Filling up the DagBag from /home/airflow/.local/lib/python3.7/site-packages/airflow/example_dags/example_skip_dag.py
[2023-07-04T00:22:57.227+0000] {processor.py:836} INFO - DAG(s) dict_keys(['example_skip_dag']) retrieved from /home/airflow/.local/lib/python3.7/site-packages/airflow/example_dags/example_skip_dag.py
[2023-07-04T00:22:57.270+0000] {logging_mixin.py:149} INFO - [2023-07-04T00:22:57.270+0000] {dag.py:2726} INFO - Sync 1 DAGs
[2023-07-04T00:22:57.319+0000] {logging_mixin.py:149} INFO - [2023-07-04T00:22:57.318+0000] {dag.py:3490} INFO - Setting next_dagrun for example_skip_dag to 2023-07-03T00:22:57.318521+00:00, run_after=2023-07-04T00:22:57.318521+00:00
[2023-07-04T00:22:57.349+0000] {processor.py:179} INFO - Processing /home/airflow/.local/lib/python3.7/site-packages/airflow/example_dags/example_skip_dag.py took 0.150 seconds
[2023-07-04T00:23:27.961+0000] {processor.py:157} INFO - Started process (PID=1886) to work on /home/airflow/.local/lib/python3.7/site-packages/airflow/example_dags/example_skip_dag.py
[2023-07-04T00:23:27.963+0000] {processor.py:826} INFO - Processing file /home/airflow/.local/lib/python3.7/site-packages/airflow/example_dags/example_skip_dag.py for tasks to queue
[2023-07-04T00:23:27.966+0000] {logging_mixin.py:149} INFO - [2023-07-04T00:23:27.965+0000] {dagbag.py:541} INFO - Filling up the DagBag from /home/airflow/.local/lib/python3.7/site-packages/airflow/example_dags/example_skip_dag.py
[2023-07-04T00:23:27.985+0000] {processor.py:836} INFO - DAG(s) dict_keys(['example_skip_dag']) retrieved from /home/airflow/.local/lib/python3.7/site-packages/airflow/example_dags/example_skip_dag.py
[2023-07-04T00:23:28.042+0000] {logging_mixin.py:149} INFO - [2023-07-04T00:23:28.042+0000] {dag.py:2726} INFO - Sync 1 DAGs
[2023-07-04T00:23:28.096+0000] {logging_mixin.py:149} INFO - [2023-07-04T00:23:28.096+0000] {dag.py:3490} INFO - Setting next_dagrun for example_skip_dag to 2023-07-03T00:23:28.094982+00:00, run_after=2023-07-04T00:23:28.094982+00:00
[2023-07-04T00:23:28.133+0000] {processor.py:179} INFO - Processing /home/airflow/.local/lib/python3.7/site-packages/airflow/example_dags/example_skip_dag.py took 0.177 seconds
[2023-07-04T00:23:58.259+0000] {processor.py:157} INFO - Started process (PID=1943) to work on /home/airflow/.local/lib/python3.7/site-packages/airflow/example_dags/example_skip_dag.py
[2023-07-04T00:23:58.260+0000] {processor.py:826} INFO - Processing file /home/airflow/.local/lib/python3.7/site-packages/airflow/example_dags/example_skip_dag.py for tasks to queue
[2023-07-04T00:23:58.261+0000] {logging_mixin.py:149} INFO - [2023-07-04T00:23:58.261+0000] {dagbag.py:541} INFO - Filling up the DagBag from /home/airflow/.local/lib/python3.7/site-packages/airflow/example_dags/example_skip_dag.py
[2023-07-04T00:23:58.272+0000] {processor.py:836} INFO - DAG(s) dict_keys(['example_skip_dag']) retrieved from /home/airflow/.local/lib/python3.7/site-packages/airflow/example_dags/example_skip_dag.py
[2023-07-04T00:23:58.318+0000] {logging_mixin.py:149} INFO - [2023-07-04T00:23:58.318+0000] {dag.py:2726} INFO - Sync 1 DAGs
[2023-07-04T00:23:58.360+0000] {logging_mixin.py:149} INFO - [2023-07-04T00:23:58.359+0000] {dag.py:3490} INFO - Setting next_dagrun for example_skip_dag to 2023-07-03T00:23:58.359540+00:00, run_after=2023-07-04T00:23:58.359540+00:00
[2023-07-04T00:23:58.390+0000] {processor.py:179} INFO - Processing /home/airflow/.local/lib/python3.7/site-packages/airflow/example_dags/example_skip_dag.py took 0.137 seconds
[2023-07-04T00:24:28.812+0000] {processor.py:157} INFO - Started process (PID=2000) to work on /home/airflow/.local/lib/python3.7/site-packages/airflow/example_dags/example_skip_dag.py
[2023-07-04T00:24:28.815+0000] {processor.py:826} INFO - Processing file /home/airflow/.local/lib/python3.7/site-packages/airflow/example_dags/example_skip_dag.py for tasks to queue
[2023-07-04T00:24:28.817+0000] {logging_mixin.py:149} INFO - [2023-07-04T00:24:28.817+0000] {dagbag.py:541} INFO - Filling up the DagBag from /home/airflow/.local/lib/python3.7/site-packages/airflow/example_dags/example_skip_dag.py
[2023-07-04T00:24:28.843+0000] {processor.py:836} INFO - DAG(s) dict_keys(['example_skip_dag']) retrieved from /home/airflow/.local/lib/python3.7/site-packages/airflow/example_dags/example_skip_dag.py
[2023-07-04T00:24:28.917+0000] {logging_mixin.py:149} INFO - [2023-07-04T00:24:28.917+0000] {dag.py:2726} INFO - Sync 1 DAGs
[2023-07-04T00:24:29.009+0000] {logging_mixin.py:149} INFO - [2023-07-04T00:24:29.009+0000] {dag.py:3490} INFO - Setting next_dagrun for example_skip_dag to 2023-07-03T00:24:29.008238+00:00, run_after=2023-07-04T00:24:29.008238+00:00
[2023-07-04T00:24:29.067+0000] {processor.py:179} INFO - Processing /home/airflow/.local/lib/python3.7/site-packages/airflow/example_dags/example_skip_dag.py took 0.266 seconds
[2023-07-04T00:24:59.556+0000] {processor.py:157} INFO - Started process (PID=2057) to work on /home/airflow/.local/lib/python3.7/site-packages/airflow/example_dags/example_skip_dag.py
[2023-07-04T00:24:59.558+0000] {processor.py:826} INFO - Processing file /home/airflow/.local/lib/python3.7/site-packages/airflow/example_dags/example_skip_dag.py for tasks to queue
[2023-07-04T00:24:59.560+0000] {logging_mixin.py:149} INFO - [2023-07-04T00:24:59.559+0000] {dagbag.py:541} INFO - Filling up the DagBag from /home/airflow/.local/lib/python3.7/site-packages/airflow/example_dags/example_skip_dag.py
[2023-07-04T00:24:59.576+0000] {processor.py:836} INFO - DAG(s) dict_keys(['example_skip_dag']) retrieved from /home/airflow/.local/lib/python3.7/site-packages/airflow/example_dags/example_skip_dag.py
[2023-07-04T00:24:59.616+0000] {logging_mixin.py:149} INFO - [2023-07-04T00:24:59.616+0000] {dag.py:2726} INFO - Sync 1 DAGs
[2023-07-04T00:24:59.671+0000] {logging_mixin.py:149} INFO - [2023-07-04T00:24:59.671+0000] {dag.py:3490} INFO - Setting next_dagrun for example_skip_dag to 2023-07-03T00:24:59.671080+00:00, run_after=2023-07-04T00:24:59.671080+00:00
[2023-07-04T00:24:59.704+0000] {processor.py:179} INFO - Processing /home/airflow/.local/lib/python3.7/site-packages/airflow/example_dags/example_skip_dag.py took 0.157 seconds
[2023-07-04T00:25:30.367+0000] {processor.py:157} INFO - Started process (PID=2115) to work on /home/airflow/.local/lib/python3.7/site-packages/airflow/example_dags/example_skip_dag.py
[2023-07-04T00:25:30.369+0000] {processor.py:826} INFO - Processing file /home/airflow/.local/lib/python3.7/site-packages/airflow/example_dags/example_skip_dag.py for tasks to queue
[2023-07-04T00:25:30.370+0000] {logging_mixin.py:149} INFO - [2023-07-04T00:25:30.370+0000] {dagbag.py:541} INFO - Filling up the DagBag from /home/airflow/.local/lib/python3.7/site-packages/airflow/example_dags/example_skip_dag.py
[2023-07-04T00:25:30.389+0000] {processor.py:836} INFO - DAG(s) dict_keys(['example_skip_dag']) retrieved from /home/airflow/.local/lib/python3.7/site-packages/airflow/example_dags/example_skip_dag.py
[2023-07-04T00:25:30.448+0000] {logging_mixin.py:149} INFO - [2023-07-04T00:25:30.448+0000] {dag.py:2726} INFO - Sync 1 DAGs
[2023-07-04T00:25:30.502+0000] {logging_mixin.py:149} INFO - [2023-07-04T00:25:30.501+0000] {dag.py:3490} INFO - Setting next_dagrun for example_skip_dag to 2023-07-03T00:25:30.501264+00:00, run_after=2023-07-04T00:25:30.501264+00:00
[2023-07-04T00:25:30.537+0000] {processor.py:179} INFO - Processing /home/airflow/.local/lib/python3.7/site-packages/airflow/example_dags/example_skip_dag.py took 0.178 seconds
[2023-07-04T00:26:01.580+0000] {processor.py:157} INFO - Started process (PID=2172) to work on /home/airflow/.local/lib/python3.7/site-packages/airflow/example_dags/example_skip_dag.py
[2023-07-04T00:26:01.581+0000] {processor.py:826} INFO - Processing file /home/airflow/.local/lib/python3.7/site-packages/airflow/example_dags/example_skip_dag.py for tasks to queue
[2023-07-04T00:26:01.583+0000] {logging_mixin.py:149} INFO - [2023-07-04T00:26:01.582+0000] {dagbag.py:541} INFO - Filling up the DagBag from /home/airflow/.local/lib/python3.7/site-packages/airflow/example_dags/example_skip_dag.py
[2023-07-04T00:26:01.606+0000] {processor.py:836} INFO - DAG(s) dict_keys(['example_skip_dag']) retrieved from /home/airflow/.local/lib/python3.7/site-packages/airflow/example_dags/example_skip_dag.py
[2023-07-04T00:26:01.673+0000] {logging_mixin.py:149} INFO - [2023-07-04T00:26:01.673+0000] {dag.py:2726} INFO - Sync 1 DAGs
[2023-07-04T00:26:01.751+0000] {logging_mixin.py:149} INFO - [2023-07-04T00:26:01.751+0000] {dag.py:3490} INFO - Setting next_dagrun for example_skip_dag to 2023-07-03T00:26:01.750344+00:00, run_after=2023-07-04T00:26:01.750344+00:00
[2023-07-04T00:26:01.804+0000] {processor.py:179} INFO - Processing /home/airflow/.local/lib/python3.7/site-packages/airflow/example_dags/example_skip_dag.py took 0.231 seconds
[2023-07-04T00:26:31.959+0000] {processor.py:157} INFO - Started process (PID=2229) to work on /home/airflow/.local/lib/python3.7/site-packages/airflow/example_dags/example_skip_dag.py
[2023-07-04T00:26:31.961+0000] {processor.py:826} INFO - Processing file /home/airflow/.local/lib/python3.7/site-packages/airflow/example_dags/example_skip_dag.py for tasks to queue
[2023-07-04T00:26:31.963+0000] {logging_mixin.py:149} INFO - [2023-07-04T00:26:31.963+0000] {dagbag.py:541} INFO - Filling up the DagBag from /home/airflow/.local/lib/python3.7/site-packages/airflow/example_dags/example_skip_dag.py
[2023-07-04T00:26:31.979+0000] {processor.py:836} INFO - DAG(s) dict_keys(['example_skip_dag']) retrieved from /home/airflow/.local/lib/python3.7/site-packages/airflow/example_dags/example_skip_dag.py
[2023-07-04T00:26:32.031+0000] {logging_mixin.py:149} INFO - [2023-07-04T00:26:32.031+0000] {dag.py:2726} INFO - Sync 1 DAGs
[2023-07-04T00:26:32.082+0000] {logging_mixin.py:149} INFO - [2023-07-04T00:26:32.081+0000] {dag.py:3490} INFO - Setting next_dagrun for example_skip_dag to 2023-07-03T00:26:32.081590+00:00, run_after=2023-07-04T00:26:32.081590+00:00
[2023-07-04T00:26:32.114+0000] {processor.py:179} INFO - Processing /home/airflow/.local/lib/python3.7/site-packages/airflow/example_dags/example_skip_dag.py took 0.161 seconds
[2023-07-04T00:27:02.238+0000] {processor.py:157} INFO - Started process (PID=2286) to work on /home/airflow/.local/lib/python3.7/site-packages/airflow/example_dags/example_skip_dag.py
[2023-07-04T00:27:02.240+0000] {processor.py:826} INFO - Processing file /home/airflow/.local/lib/python3.7/site-packages/airflow/example_dags/example_skip_dag.py for tasks to queue
[2023-07-04T00:27:02.242+0000] {logging_mixin.py:149} INFO - [2023-07-04T00:27:02.241+0000] {dagbag.py:541} INFO - Filling up the DagBag from /home/airflow/.local/lib/python3.7/site-packages/airflow/example_dags/example_skip_dag.py
[2023-07-04T00:27:02.260+0000] {processor.py:836} INFO - DAG(s) dict_keys(['example_skip_dag']) retrieved from /home/airflow/.local/lib/python3.7/site-packages/airflow/example_dags/example_skip_dag.py
[2023-07-04T00:27:02.319+0000] {logging_mixin.py:149} INFO - [2023-07-04T00:27:02.319+0000] {dag.py:2726} INFO - Sync 1 DAGs
[2023-07-04T00:27:02.372+0000] {logging_mixin.py:149} INFO - [2023-07-04T00:27:02.372+0000] {dag.py:3490} INFO - Setting next_dagrun for example_skip_dag to 2023-07-03T00:27:02.372116+00:00, run_after=2023-07-04T00:27:02.372116+00:00
[2023-07-04T00:27:02.415+0000] {processor.py:179} INFO - Processing /home/airflow/.local/lib/python3.7/site-packages/airflow/example_dags/example_skip_dag.py took 0.183 seconds
[2023-07-04T00:27:32.597+0000] {processor.py:157} INFO - Started process (PID=2343) to work on /home/airflow/.local/lib/python3.7/site-packages/airflow/example_dags/example_skip_dag.py
[2023-07-04T00:27:32.598+0000] {processor.py:826} INFO - Processing file /home/airflow/.local/lib/python3.7/site-packages/airflow/example_dags/example_skip_dag.py for tasks to queue
[2023-07-04T00:27:32.599+0000] {logging_mixin.py:149} INFO - [2023-07-04T00:27:32.599+0000] {dagbag.py:541} INFO - Filling up the DagBag from /home/airflow/.local/lib/python3.7/site-packages/airflow/example_dags/example_skip_dag.py
[2023-07-04T00:27:32.614+0000] {processor.py:836} INFO - DAG(s) dict_keys(['example_skip_dag']) retrieved from /home/airflow/.local/lib/python3.7/site-packages/airflow/example_dags/example_skip_dag.py
[2023-07-04T00:27:32.655+0000] {logging_mixin.py:149} INFO - [2023-07-04T00:27:32.654+0000] {dag.py:2726} INFO - Sync 1 DAGs
[2023-07-04T00:27:32.697+0000] {logging_mixin.py:149} INFO - [2023-07-04T00:27:32.697+0000] {dag.py:3490} INFO - Setting next_dagrun for example_skip_dag to 2023-07-03T00:27:32.697137+00:00, run_after=2023-07-04T00:27:32.697137+00:00
[2023-07-04T00:27:32.728+0000] {processor.py:179} INFO - Processing /home/airflow/.local/lib/python3.7/site-packages/airflow/example_dags/example_skip_dag.py took 0.137 seconds
[2023-07-04T00:28:03.677+0000] {processor.py:157} INFO - Started process (PID=2400) to work on /home/airflow/.local/lib/python3.7/site-packages/airflow/example_dags/example_skip_dag.py
[2023-07-04T00:28:03.680+0000] {processor.py:826} INFO - Processing file /home/airflow/.local/lib/python3.7/site-packages/airflow/example_dags/example_skip_dag.py for tasks to queue
[2023-07-04T00:28:03.682+0000] {logging_mixin.py:149} INFO - [2023-07-04T00:28:03.681+0000] {dagbag.py:541} INFO - Filling up the DagBag from /home/airflow/.local/lib/python3.7/site-packages/airflow/example_dags/example_skip_dag.py
[2023-07-04T00:28:03.707+0000] {processor.py:836} INFO - DAG(s) dict_keys(['example_skip_dag']) retrieved from /home/airflow/.local/lib/python3.7/site-packages/airflow/example_dags/example_skip_dag.py
[2023-07-04T00:28:03.781+0000] {logging_mixin.py:149} INFO - [2023-07-04T00:28:03.781+0000] {dag.py:2726} INFO - Sync 1 DAGs
[2023-07-04T00:28:03.859+0000] {logging_mixin.py:149} INFO - [2023-07-04T00:28:03.859+0000] {dag.py:3490} INFO - Setting next_dagrun for example_skip_dag to 2023-07-03T00:28:03.858468+00:00, run_after=2023-07-04T00:28:03.858468+00:00
[2023-07-04T00:28:03.917+0000] {processor.py:179} INFO - Processing /home/airflow/.local/lib/python3.7/site-packages/airflow/example_dags/example_skip_dag.py took 0.251 seconds
[2023-07-04T00:28:35.007+0000] {processor.py:157} INFO - Started process (PID=2457) to work on /home/airflow/.local/lib/python3.7/site-packages/airflow/example_dags/example_skip_dag.py
[2023-07-04T00:28:35.010+0000] {processor.py:826} INFO - Processing file /home/airflow/.local/lib/python3.7/site-packages/airflow/example_dags/example_skip_dag.py for tasks to queue
[2023-07-04T00:28:35.013+0000] {logging_mixin.py:149} INFO - [2023-07-04T00:28:35.012+0000] {dagbag.py:541} INFO - Filling up the DagBag from /home/airflow/.local/lib/python3.7/site-packages/airflow/example_dags/example_skip_dag.py
[2023-07-04T00:28:35.035+0000] {processor.py:836} INFO - DAG(s) dict_keys(['example_skip_dag']) retrieved from /home/airflow/.local/lib/python3.7/site-packages/airflow/example_dags/example_skip_dag.py
[2023-07-04T00:28:35.106+0000] {logging_mixin.py:149} INFO - [2023-07-04T00:28:35.106+0000] {dag.py:2726} INFO - Sync 1 DAGs
[2023-07-04T00:28:35.188+0000] {logging_mixin.py:149} INFO - [2023-07-04T00:28:35.187+0000] {dag.py:3490} INFO - Setting next_dagrun for example_skip_dag to 2023-07-03T00:28:35.187157+00:00, run_after=2023-07-04T00:28:35.187157+00:00
[2023-07-04T00:28:35.236+0000] {processor.py:179} INFO - Processing /home/airflow/.local/lib/python3.7/site-packages/airflow/example_dags/example_skip_dag.py took 0.237 seconds
[2023-07-04T00:29:05.687+0000] {processor.py:157} INFO - Started process (PID=2509) to work on /home/airflow/.local/lib/python3.7/site-packages/airflow/example_dags/example_skip_dag.py
[2023-07-04T00:29:05.690+0000] {processor.py:826} INFO - Processing file /home/airflow/.local/lib/python3.7/site-packages/airflow/example_dags/example_skip_dag.py for tasks to queue
[2023-07-04T00:29:05.692+0000] {logging_mixin.py:149} INFO - [2023-07-04T00:29:05.691+0000] {dagbag.py:541} INFO - Filling up the DagBag from /home/airflow/.local/lib/python3.7/site-packages/airflow/example_dags/example_skip_dag.py
[2023-07-04T00:29:05.715+0000] {processor.py:836} INFO - DAG(s) dict_keys(['example_skip_dag']) retrieved from /home/airflow/.local/lib/python3.7/site-packages/airflow/example_dags/example_skip_dag.py
[2023-07-04T00:29:05.776+0000] {logging_mixin.py:149} INFO - [2023-07-04T00:29:05.776+0000] {dag.py:2726} INFO - Sync 1 DAGs
[2023-07-04T00:29:05.853+0000] {logging_mixin.py:149} INFO - [2023-07-04T00:29:05.853+0000] {dag.py:3490} INFO - Setting next_dagrun for example_skip_dag to 2023-07-03T00:29:05.852818+00:00, run_after=2023-07-04T00:29:05.852818+00:00
[2023-07-04T00:29:05.902+0000] {processor.py:179} INFO - Processing /home/airflow/.local/lib/python3.7/site-packages/airflow/example_dags/example_skip_dag.py took 0.226 seconds
[2023-07-04T00:29:36.833+0000] {processor.py:157} INFO - Started process (PID=2566) to work on /home/airflow/.local/lib/python3.7/site-packages/airflow/example_dags/example_skip_dag.py
[2023-07-04T00:29:36.835+0000] {processor.py:826} INFO - Processing file /home/airflow/.local/lib/python3.7/site-packages/airflow/example_dags/example_skip_dag.py for tasks to queue
[2023-07-04T00:29:36.836+0000] {logging_mixin.py:149} INFO - [2023-07-04T00:29:36.836+0000] {dagbag.py:541} INFO - Filling up the DagBag from /home/airflow/.local/lib/python3.7/site-packages/airflow/example_dags/example_skip_dag.py
[2023-07-04T00:29:36.847+0000] {processor.py:836} INFO - DAG(s) dict_keys(['example_skip_dag']) retrieved from /home/airflow/.local/lib/python3.7/site-packages/airflow/example_dags/example_skip_dag.py
[2023-07-04T00:29:36.887+0000] {logging_mixin.py:149} INFO - [2023-07-04T00:29:36.886+0000] {dag.py:2726} INFO - Sync 1 DAGs
[2023-07-04T00:29:36.929+0000] {logging_mixin.py:149} INFO - [2023-07-04T00:29:36.929+0000] {dag.py:3490} INFO - Setting next_dagrun for example_skip_dag to 2023-07-03T00:29:36.929158+00:00, run_after=2023-07-04T00:29:36.929158+00:00
[2023-07-04T00:29:36.958+0000] {processor.py:179} INFO - Processing /home/airflow/.local/lib/python3.7/site-packages/airflow/example_dags/example_skip_dag.py took 0.130 seconds
[2023-07-04T00:30:07.612+0000] {processor.py:157} INFO - Started process (PID=2623) to work on /home/airflow/.local/lib/python3.7/site-packages/airflow/example_dags/example_skip_dag.py
[2023-07-04T00:30:07.613+0000] {processor.py:826} INFO - Processing file /home/airflow/.local/lib/python3.7/site-packages/airflow/example_dags/example_skip_dag.py for tasks to queue
[2023-07-04T00:30:07.615+0000] {logging_mixin.py:149} INFO - [2023-07-04T00:30:07.615+0000] {dagbag.py:541} INFO - Filling up the DagBag from /home/airflow/.local/lib/python3.7/site-packages/airflow/example_dags/example_skip_dag.py
[2023-07-04T00:30:07.633+0000] {processor.py:836} INFO - DAG(s) dict_keys(['example_skip_dag']) retrieved from /home/airflow/.local/lib/python3.7/site-packages/airflow/example_dags/example_skip_dag.py
[2023-07-04T00:30:07.692+0000] {logging_mixin.py:149} INFO - [2023-07-04T00:30:07.692+0000] {dag.py:2726} INFO - Sync 1 DAGs
[2023-07-04T00:30:07.752+0000] {logging_mixin.py:149} INFO - [2023-07-04T00:30:07.752+0000] {dag.py:3490} INFO - Setting next_dagrun for example_skip_dag to 2023-07-03T00:30:07.751308+00:00, run_after=2023-07-04T00:30:07.751308+00:00
[2023-07-04T00:30:07.794+0000] {processor.py:179} INFO - Processing /home/airflow/.local/lib/python3.7/site-packages/airflow/example_dags/example_skip_dag.py took 0.189 seconds
[2023-07-04T00:30:37.921+0000] {processor.py:157} INFO - Started process (PID=2680) to work on /home/airflow/.local/lib/python3.7/site-packages/airflow/example_dags/example_skip_dag.py
[2023-07-04T00:30:37.923+0000] {processor.py:826} INFO - Processing file /home/airflow/.local/lib/python3.7/site-packages/airflow/example_dags/example_skip_dag.py for tasks to queue
[2023-07-04T00:30:37.924+0000] {logging_mixin.py:149} INFO - [2023-07-04T00:30:37.924+0000] {dagbag.py:541} INFO - Filling up the DagBag from /home/airflow/.local/lib/python3.7/site-packages/airflow/example_dags/example_skip_dag.py
[2023-07-04T00:30:37.938+0000] {processor.py:836} INFO - DAG(s) dict_keys(['example_skip_dag']) retrieved from /home/airflow/.local/lib/python3.7/site-packages/airflow/example_dags/example_skip_dag.py
[2023-07-04T00:30:37.992+0000] {logging_mixin.py:149} INFO - [2023-07-04T00:30:37.992+0000] {dag.py:2726} INFO - Sync 1 DAGs
[2023-07-04T00:30:38.045+0000] {logging_mixin.py:149} INFO - [2023-07-04T00:30:38.045+0000] {dag.py:3490} INFO - Setting next_dagrun for example_skip_dag to 2023-07-03T00:30:38.044564+00:00, run_after=2023-07-04T00:30:38.044564+00:00
[2023-07-04T00:30:38.091+0000] {processor.py:179} INFO - Processing /home/airflow/.local/lib/python3.7/site-packages/airflow/example_dags/example_skip_dag.py took 0.177 seconds
[2023-07-04T00:31:08.329+0000] {processor.py:157} INFO - Started process (PID=2736) to work on /home/airflow/.local/lib/python3.7/site-packages/airflow/example_dags/example_skip_dag.py
[2023-07-04T00:31:08.331+0000] {processor.py:826} INFO - Processing file /home/airflow/.local/lib/python3.7/site-packages/airflow/example_dags/example_skip_dag.py for tasks to queue
[2023-07-04T00:31:08.332+0000] {logging_mixin.py:149} INFO - [2023-07-04T00:31:08.332+0000] {dagbag.py:541} INFO - Filling up the DagBag from /home/airflow/.local/lib/python3.7/site-packages/airflow/example_dags/example_skip_dag.py
[2023-07-04T00:31:08.347+0000] {processor.py:836} INFO - DAG(s) dict_keys(['example_skip_dag']) retrieved from /home/airflow/.local/lib/python3.7/site-packages/airflow/example_dags/example_skip_dag.py
[2023-07-04T00:31:08.388+0000] {logging_mixin.py:149} INFO - [2023-07-04T00:31:08.387+0000] {dag.py:2726} INFO - Sync 1 DAGs
[2023-07-04T00:31:08.437+0000] {logging_mixin.py:149} INFO - [2023-07-04T00:31:08.437+0000] {dag.py:3490} INFO - Setting next_dagrun for example_skip_dag to 2023-07-03T00:31:08.436742+00:00, run_after=2023-07-04T00:31:08.436742+00:00
[2023-07-04T00:31:08.474+0000] {processor.py:179} INFO - Processing /home/airflow/.local/lib/python3.7/site-packages/airflow/example_dags/example_skip_dag.py took 0.152 seconds
[2023-07-04T00:31:38.884+0000] {processor.py:157} INFO - Started process (PID=2793) to work on /home/airflow/.local/lib/python3.7/site-packages/airflow/example_dags/example_skip_dag.py
[2023-07-04T00:31:38.886+0000] {processor.py:826} INFO - Processing file /home/airflow/.local/lib/python3.7/site-packages/airflow/example_dags/example_skip_dag.py for tasks to queue
[2023-07-04T00:31:38.887+0000] {logging_mixin.py:149} INFO - [2023-07-04T00:31:38.887+0000] {dagbag.py:541} INFO - Filling up the DagBag from /home/airflow/.local/lib/python3.7/site-packages/airflow/example_dags/example_skip_dag.py
[2023-07-04T00:31:38.902+0000] {processor.py:836} INFO - DAG(s) dict_keys(['example_skip_dag']) retrieved from /home/airflow/.local/lib/python3.7/site-packages/airflow/example_dags/example_skip_dag.py
[2023-07-04T00:31:38.947+0000] {logging_mixin.py:149} INFO - [2023-07-04T00:31:38.947+0000] {dag.py:2726} INFO - Sync 1 DAGs
[2023-07-04T00:31:39.001+0000] {logging_mixin.py:149} INFO - [2023-07-04T00:31:39.001+0000] {dag.py:3490} INFO - Setting next_dagrun for example_skip_dag to 2023-07-03T00:31:39.001279+00:00, run_after=2023-07-04T00:31:39.001279+00:00
[2023-07-04T00:31:39.047+0000] {processor.py:179} INFO - Processing /home/airflow/.local/lib/python3.7/site-packages/airflow/example_dags/example_skip_dag.py took 0.171 seconds
[2023-07-04T00:32:09.786+0000] {processor.py:157} INFO - Started process (PID=2850) to work on /home/airflow/.local/lib/python3.7/site-packages/airflow/example_dags/example_skip_dag.py
[2023-07-04T00:32:09.788+0000] {processor.py:826} INFO - Processing file /home/airflow/.local/lib/python3.7/site-packages/airflow/example_dags/example_skip_dag.py for tasks to queue
[2023-07-04T00:32:09.789+0000] {logging_mixin.py:149} INFO - [2023-07-04T00:32:09.789+0000] {dagbag.py:541} INFO - Filling up the DagBag from /home/airflow/.local/lib/python3.7/site-packages/airflow/example_dags/example_skip_dag.py
[2023-07-04T00:32:09.803+0000] {processor.py:836} INFO - DAG(s) dict_keys(['example_skip_dag']) retrieved from /home/airflow/.local/lib/python3.7/site-packages/airflow/example_dags/example_skip_dag.py
[2023-07-04T00:32:09.846+0000] {logging_mixin.py:149} INFO - [2023-07-04T00:32:09.846+0000] {dag.py:2726} INFO - Sync 1 DAGs
[2023-07-04T00:32:09.900+0000] {logging_mixin.py:149} INFO - [2023-07-04T00:32:09.900+0000] {dag.py:3490} INFO - Setting next_dagrun for example_skip_dag to 2023-07-03T00:32:09.899780+00:00, run_after=2023-07-04T00:32:09.899780+00:00
[2023-07-04T00:32:09.940+0000] {processor.py:179} INFO - Processing /home/airflow/.local/lib/python3.7/site-packages/airflow/example_dags/example_skip_dag.py took 0.160 seconds
[2023-07-04T00:32:40.437+0000] {processor.py:157} INFO - Started process (PID=2907) to work on /home/airflow/.local/lib/python3.7/site-packages/airflow/example_dags/example_skip_dag.py
[2023-07-04T00:32:40.440+0000] {processor.py:826} INFO - Processing file /home/airflow/.local/lib/python3.7/site-packages/airflow/example_dags/example_skip_dag.py for tasks to queue
[2023-07-04T00:32:40.442+0000] {logging_mixin.py:149} INFO - [2023-07-04T00:32:40.442+0000] {dagbag.py:541} INFO - Filling up the DagBag from /home/airflow/.local/lib/python3.7/site-packages/airflow/example_dags/example_skip_dag.py
[2023-07-04T00:32:40.471+0000] {processor.py:836} INFO - DAG(s) dict_keys(['example_skip_dag']) retrieved from /home/airflow/.local/lib/python3.7/site-packages/airflow/example_dags/example_skip_dag.py
[2023-07-04T00:32:40.682+0000] {logging_mixin.py:149} INFO - [2023-07-04T00:32:40.681+0000] {dag.py:2726} INFO - Sync 1 DAGs
[2023-07-04T00:32:40.864+0000] {logging_mixin.py:149} INFO - [2023-07-04T00:32:40.861+0000] {dag.py:3490} INFO - Setting next_dagrun for example_skip_dag to 2023-07-03T00:32:40.860322+00:00, run_after=2023-07-04T00:32:40.860322+00:00
[2023-07-04T00:32:40.983+0000] {processor.py:179} INFO - Processing /home/airflow/.local/lib/python3.7/site-packages/airflow/example_dags/example_skip_dag.py took 0.556 seconds
[2023-07-04T00:33:12.003+0000] {processor.py:157} INFO - Started process (PID=2965) to work on /home/airflow/.local/lib/python3.7/site-packages/airflow/example_dags/example_skip_dag.py
[2023-07-04T00:33:12.005+0000] {processor.py:826} INFO - Processing file /home/airflow/.local/lib/python3.7/site-packages/airflow/example_dags/example_skip_dag.py for tasks to queue
[2023-07-04T00:33:12.007+0000] {logging_mixin.py:149} INFO - [2023-07-04T00:33:12.007+0000] {dagbag.py:541} INFO - Filling up the DagBag from /home/airflow/.local/lib/python3.7/site-packages/airflow/example_dags/example_skip_dag.py
[2023-07-04T00:33:12.024+0000] {processor.py:836} INFO - DAG(s) dict_keys(['example_skip_dag']) retrieved from /home/airflow/.local/lib/python3.7/site-packages/airflow/example_dags/example_skip_dag.py
[2023-07-04T00:33:12.060+0000] {logging_mixin.py:149} INFO - [2023-07-04T00:33:12.060+0000] {dag.py:2726} INFO - Sync 1 DAGs
[2023-07-04T00:33:12.108+0000] {logging_mixin.py:149} INFO - [2023-07-04T00:33:12.108+0000] {dag.py:3490} INFO - Setting next_dagrun for example_skip_dag to 2023-07-03T00:33:12.107664+00:00, run_after=2023-07-04T00:33:12.107664+00:00
[2023-07-04T00:33:12.139+0000] {processor.py:179} INFO - Processing /home/airflow/.local/lib/python3.7/site-packages/airflow/example_dags/example_skip_dag.py took 0.144 seconds
