[2023-07-04T00:07:02.261+0000] {processor.py:157} INFO - Started process (PID=42) to work on /home/airflow/.local/lib/python3.7/site-packages/airflow/example_dags/example_sensor_decorator.py
[2023-07-04T00:07:02.264+0000] {processor.py:826} INFO - Processing file /home/airflow/.local/lib/python3.7/site-packages/airflow/example_dags/example_sensor_decorator.py for tasks to queue
[2023-07-04T00:07:02.266+0000] {logging_mixin.py:149} INFO - [2023-07-04T00:07:02.265+0000] {dagbag.py:541} INFO - Filling up the DagBag from /home/airflow/.local/lib/python3.7/site-packages/airflow/example_dags/example_sensor_decorator.py
[2023-07-04T00:07:02.291+0000] {processor.py:836} INFO - DAG(s) dict_keys(['example_sensor_decorator']) retrieved from /home/airflow/.local/lib/python3.7/site-packages/airflow/example_dags/example_sensor_decorator.py
[2023-07-04T00:07:02.428+0000] {logging_mixin.py:149} INFO - [2023-07-04T00:07:02.427+0000] {dag.py:2726} INFO - Sync 1 DAGs
[2023-07-04T00:07:02.535+0000] {logging_mixin.py:149} INFO - [2023-07-04T00:07:02.535+0000] {dag.py:3490} INFO - Setting next_dagrun for example_sensor_decorator to None, run_after=None
[2023-07-04T00:07:02.591+0000] {processor.py:179} INFO - Processing /home/airflow/.local/lib/python3.7/site-packages/airflow/example_dags/example_sensor_decorator.py took 0.340 seconds
[2023-07-04T00:07:32.926+0000] {processor.py:157} INFO - Started process (PID=98) to work on /home/airflow/.local/lib/python3.7/site-packages/airflow/example_dags/example_sensor_decorator.py
[2023-07-04T00:07:32.927+0000] {processor.py:826} INFO - Processing file /home/airflow/.local/lib/python3.7/site-packages/airflow/example_dags/example_sensor_decorator.py for tasks to queue
[2023-07-04T00:07:32.928+0000] {logging_mixin.py:149} INFO - [2023-07-04T00:07:32.928+0000] {dagbag.py:541} INFO - Filling up the DagBag from /home/airflow/.local/lib/python3.7/site-packages/airflow/example_dags/example_sensor_decorator.py
[2023-07-04T00:07:32.941+0000] {processor.py:836} INFO - DAG(s) dict_keys(['example_sensor_decorator']) retrieved from /home/airflow/.local/lib/python3.7/site-packages/airflow/example_dags/example_sensor_decorator.py
[2023-07-04T00:07:32.979+0000] {logging_mixin.py:149} INFO - [2023-07-04T00:07:32.979+0000] {dag.py:2726} INFO - Sync 1 DAGs
[2023-07-04T00:07:33.015+0000] {logging_mixin.py:149} INFO - [2023-07-04T00:07:33.015+0000] {dag.py:3490} INFO - Setting next_dagrun for example_sensor_decorator to None, run_after=None
[2023-07-04T00:07:33.042+0000] {processor.py:179} INFO - Processing /home/airflow/.local/lib/python3.7/site-packages/airflow/example_dags/example_sensor_decorator.py took 0.123 seconds
[2023-07-04T00:08:03.882+0000] {processor.py:157} INFO - Started process (PID=155) to work on /home/airflow/.local/lib/python3.7/site-packages/airflow/example_dags/example_sensor_decorator.py
[2023-07-04T00:08:03.886+0000] {processor.py:826} INFO - Processing file /home/airflow/.local/lib/python3.7/site-packages/airflow/example_dags/example_sensor_decorator.py for tasks to queue
[2023-07-04T00:08:03.890+0000] {logging_mixin.py:149} INFO - [2023-07-04T00:08:03.890+0000] {dagbag.py:541} INFO - Filling up the DagBag from /home/airflow/.local/lib/python3.7/site-packages/airflow/example_dags/example_sensor_decorator.py
[2023-07-04T00:08:03.918+0000] {processor.py:836} INFO - DAG(s) dict_keys(['example_sensor_decorator']) retrieved from /home/airflow/.local/lib/python3.7/site-packages/airflow/example_dags/example_sensor_decorator.py
[2023-07-04T00:08:03.994+0000] {logging_mixin.py:149} INFO - [2023-07-04T00:08:03.993+0000] {dag.py:2726} INFO - Sync 1 DAGs
[2023-07-04T00:08:04.035+0000] {logging_mixin.py:149} INFO - [2023-07-04T00:08:04.034+0000] {dag.py:3490} INFO - Setting next_dagrun for example_sensor_decorator to None, run_after=None
[2023-07-04T00:08:04.067+0000] {processor.py:179} INFO - Processing /home/airflow/.local/lib/python3.7/site-packages/airflow/example_dags/example_sensor_decorator.py took 0.198 seconds
[2023-07-04T00:08:34.333+0000] {processor.py:157} INFO - Started process (PID=212) to work on /home/airflow/.local/lib/python3.7/site-packages/airflow/example_dags/example_sensor_decorator.py
[2023-07-04T00:08:34.335+0000] {processor.py:826} INFO - Processing file /home/airflow/.local/lib/python3.7/site-packages/airflow/example_dags/example_sensor_decorator.py for tasks to queue
[2023-07-04T00:08:34.336+0000] {logging_mixin.py:149} INFO - [2023-07-04T00:08:34.336+0000] {dagbag.py:541} INFO - Filling up the DagBag from /home/airflow/.local/lib/python3.7/site-packages/airflow/example_dags/example_sensor_decorator.py
[2023-07-04T00:08:34.343+0000] {processor.py:836} INFO - DAG(s) dict_keys(['example_sensor_decorator']) retrieved from /home/airflow/.local/lib/python3.7/site-packages/airflow/example_dags/example_sensor_decorator.py
[2023-07-04T00:08:34.383+0000] {logging_mixin.py:149} INFO - [2023-07-04T00:08:34.383+0000] {dag.py:2726} INFO - Sync 1 DAGs
[2023-07-04T00:08:34.421+0000] {logging_mixin.py:149} INFO - [2023-07-04T00:08:34.421+0000] {dag.py:3490} INFO - Setting next_dagrun for example_sensor_decorator to None, run_after=None
[2023-07-04T00:08:34.450+0000] {processor.py:179} INFO - Processing /home/airflow/.local/lib/python3.7/site-packages/airflow/example_dags/example_sensor_decorator.py took 0.122 seconds
[2023-07-04T00:09:05.204+0000] {processor.py:157} INFO - Started process (PID=269) to work on /home/airflow/.local/lib/python3.7/site-packages/airflow/example_dags/example_sensor_decorator.py
[2023-07-04T00:09:05.205+0000] {processor.py:826} INFO - Processing file /home/airflow/.local/lib/python3.7/site-packages/airflow/example_dags/example_sensor_decorator.py for tasks to queue
[2023-07-04T00:09:05.207+0000] {logging_mixin.py:149} INFO - [2023-07-04T00:09:05.206+0000] {dagbag.py:541} INFO - Filling up the DagBag from /home/airflow/.local/lib/python3.7/site-packages/airflow/example_dags/example_sensor_decorator.py
[2023-07-04T00:09:05.216+0000] {processor.py:836} INFO - DAG(s) dict_keys(['example_sensor_decorator']) retrieved from /home/airflow/.local/lib/python3.7/site-packages/airflow/example_dags/example_sensor_decorator.py
[2023-07-04T00:09:05.254+0000] {logging_mixin.py:149} INFO - [2023-07-04T00:09:05.254+0000] {dag.py:2726} INFO - Sync 1 DAGs
[2023-07-04T00:09:05.297+0000] {logging_mixin.py:149} INFO - [2023-07-04T00:09:05.297+0000] {dag.py:3490} INFO - Setting next_dagrun for example_sensor_decorator to None, run_after=None
[2023-07-04T00:09:05.328+0000] {processor.py:179} INFO - Processing /home/airflow/.local/lib/python3.7/site-packages/airflow/example_dags/example_sensor_decorator.py took 0.128 seconds
[2023-07-04T00:09:35.609+0000] {processor.py:157} INFO - Started process (PID=326) to work on /home/airflow/.local/lib/python3.7/site-packages/airflow/example_dags/example_sensor_decorator.py
[2023-07-04T00:09:35.610+0000] {processor.py:826} INFO - Processing file /home/airflow/.local/lib/python3.7/site-packages/airflow/example_dags/example_sensor_decorator.py for tasks to queue
[2023-07-04T00:09:35.610+0000] {logging_mixin.py:149} INFO - [2023-07-04T00:09:35.610+0000] {dagbag.py:541} INFO - Filling up the DagBag from /home/airflow/.local/lib/python3.7/site-packages/airflow/example_dags/example_sensor_decorator.py
[2023-07-04T00:09:35.619+0000] {processor.py:836} INFO - DAG(s) dict_keys(['example_sensor_decorator']) retrieved from /home/airflow/.local/lib/python3.7/site-packages/airflow/example_dags/example_sensor_decorator.py
[2023-07-04T00:09:35.659+0000] {logging_mixin.py:149} INFO - [2023-07-04T00:09:35.658+0000] {dag.py:2726} INFO - Sync 1 DAGs
[2023-07-04T00:09:35.701+0000] {logging_mixin.py:149} INFO - [2023-07-04T00:09:35.701+0000] {dag.py:3490} INFO - Setting next_dagrun for example_sensor_decorator to None, run_after=None
[2023-07-04T00:09:35.739+0000] {processor.py:179} INFO - Processing /home/airflow/.local/lib/python3.7/site-packages/airflow/example_dags/example_sensor_decorator.py took 0.135 seconds
[2023-07-04T00:10:06.219+0000] {processor.py:157} INFO - Started process (PID=383) to work on /home/airflow/.local/lib/python3.7/site-packages/airflow/example_dags/example_sensor_decorator.py
[2023-07-04T00:10:06.220+0000] {processor.py:826} INFO - Processing file /home/airflow/.local/lib/python3.7/site-packages/airflow/example_dags/example_sensor_decorator.py for tasks to queue
[2023-07-04T00:10:06.221+0000] {logging_mixin.py:149} INFO - [2023-07-04T00:10:06.221+0000] {dagbag.py:541} INFO - Filling up the DagBag from /home/airflow/.local/lib/python3.7/site-packages/airflow/example_dags/example_sensor_decorator.py
[2023-07-04T00:10:06.235+0000] {processor.py:836} INFO - DAG(s) dict_keys(['example_sensor_decorator']) retrieved from /home/airflow/.local/lib/python3.7/site-packages/airflow/example_dags/example_sensor_decorator.py
[2023-07-04T00:10:06.280+0000] {logging_mixin.py:149} INFO - [2023-07-04T00:10:06.280+0000] {dag.py:2726} INFO - Sync 1 DAGs
[2023-07-04T00:10:06.319+0000] {logging_mixin.py:149} INFO - [2023-07-04T00:10:06.319+0000] {dag.py:3490} INFO - Setting next_dagrun for example_sensor_decorator to None, run_after=None
[2023-07-04T00:10:06.350+0000] {processor.py:179} INFO - Processing /home/airflow/.local/lib/python3.7/site-packages/airflow/example_dags/example_sensor_decorator.py took 0.136 seconds
[2023-07-04T00:10:36.704+0000] {processor.py:157} INFO - Started process (PID=439) to work on /home/airflow/.local/lib/python3.7/site-packages/airflow/example_dags/example_sensor_decorator.py
[2023-07-04T00:10:36.706+0000] {processor.py:826} INFO - Processing file /home/airflow/.local/lib/python3.7/site-packages/airflow/example_dags/example_sensor_decorator.py for tasks to queue
[2023-07-04T00:10:36.708+0000] {logging_mixin.py:149} INFO - [2023-07-04T00:10:36.707+0000] {dagbag.py:541} INFO - Filling up the DagBag from /home/airflow/.local/lib/python3.7/site-packages/airflow/example_dags/example_sensor_decorator.py
[2023-07-04T00:10:36.721+0000] {processor.py:836} INFO - DAG(s) dict_keys(['example_sensor_decorator']) retrieved from /home/airflow/.local/lib/python3.7/site-packages/airflow/example_dags/example_sensor_decorator.py
[2023-07-04T00:10:36.764+0000] {logging_mixin.py:149} INFO - [2023-07-04T00:10:36.764+0000] {dag.py:2726} INFO - Sync 1 DAGs
[2023-07-04T00:10:36.822+0000] {logging_mixin.py:149} INFO - [2023-07-04T00:10:36.822+0000] {dag.py:3490} INFO - Setting next_dagrun for example_sensor_decorator to None, run_after=None
[2023-07-04T00:10:36.884+0000] {processor.py:179} INFO - Processing /home/airflow/.local/lib/python3.7/site-packages/airflow/example_dags/example_sensor_decorator.py took 0.186 seconds
[2023-07-04T00:11:07.476+0000] {processor.py:157} INFO - Started process (PID=496) to work on /home/airflow/.local/lib/python3.7/site-packages/airflow/example_dags/example_sensor_decorator.py
[2023-07-04T00:11:07.478+0000] {processor.py:826} INFO - Processing file /home/airflow/.local/lib/python3.7/site-packages/airflow/example_dags/example_sensor_decorator.py for tasks to queue
[2023-07-04T00:11:07.479+0000] {logging_mixin.py:149} INFO - [2023-07-04T00:11:07.479+0000] {dagbag.py:541} INFO - Filling up the DagBag from /home/airflow/.local/lib/python3.7/site-packages/airflow/example_dags/example_sensor_decorator.py
[2023-07-04T00:11:07.494+0000] {processor.py:836} INFO - DAG(s) dict_keys(['example_sensor_decorator']) retrieved from /home/airflow/.local/lib/python3.7/site-packages/airflow/example_dags/example_sensor_decorator.py
[2023-07-04T00:11:07.545+0000] {logging_mixin.py:149} INFO - [2023-07-04T00:11:07.545+0000] {dag.py:2726} INFO - Sync 1 DAGs
[2023-07-04T00:11:07.610+0000] {logging_mixin.py:149} INFO - [2023-07-04T00:11:07.610+0000] {dag.py:3490} INFO - Setting next_dagrun for example_sensor_decorator to None, run_after=None
[2023-07-04T00:11:07.652+0000] {processor.py:179} INFO - Processing /home/airflow/.local/lib/python3.7/site-packages/airflow/example_dags/example_sensor_decorator.py took 0.182 seconds
[2023-07-04T00:11:38.451+0000] {processor.py:157} INFO - Started process (PID=553) to work on /home/airflow/.local/lib/python3.7/site-packages/airflow/example_dags/example_sensor_decorator.py
[2023-07-04T00:11:38.453+0000] {processor.py:826} INFO - Processing file /home/airflow/.local/lib/python3.7/site-packages/airflow/example_dags/example_sensor_decorator.py for tasks to queue
[2023-07-04T00:11:38.455+0000] {logging_mixin.py:149} INFO - [2023-07-04T00:11:38.455+0000] {dagbag.py:541} INFO - Filling up the DagBag from /home/airflow/.local/lib/python3.7/site-packages/airflow/example_dags/example_sensor_decorator.py
[2023-07-04T00:11:38.469+0000] {processor.py:836} INFO - DAG(s) dict_keys(['example_sensor_decorator']) retrieved from /home/airflow/.local/lib/python3.7/site-packages/airflow/example_dags/example_sensor_decorator.py
[2023-07-04T00:11:38.522+0000] {logging_mixin.py:149} INFO - [2023-07-04T00:11:38.522+0000] {dag.py:2726} INFO - Sync 1 DAGs
[2023-07-04T00:11:38.580+0000] {logging_mixin.py:149} INFO - [2023-07-04T00:11:38.579+0000] {dag.py:3490} INFO - Setting next_dagrun for example_sensor_decorator to None, run_after=None
[2023-07-04T00:11:38.617+0000] {processor.py:179} INFO - Processing /home/airflow/.local/lib/python3.7/site-packages/airflow/example_dags/example_sensor_decorator.py took 0.172 seconds
[2023-07-04T00:12:08.872+0000] {processor.py:157} INFO - Started process (PID=610) to work on /home/airflow/.local/lib/python3.7/site-packages/airflow/example_dags/example_sensor_decorator.py
[2023-07-04T00:12:08.873+0000] {processor.py:826} INFO - Processing file /home/airflow/.local/lib/python3.7/site-packages/airflow/example_dags/example_sensor_decorator.py for tasks to queue
[2023-07-04T00:12:08.874+0000] {logging_mixin.py:149} INFO - [2023-07-04T00:12:08.874+0000] {dagbag.py:541} INFO - Filling up the DagBag from /home/airflow/.local/lib/python3.7/site-packages/airflow/example_dags/example_sensor_decorator.py
[2023-07-04T00:12:08.884+0000] {processor.py:836} INFO - DAG(s) dict_keys(['example_sensor_decorator']) retrieved from /home/airflow/.local/lib/python3.7/site-packages/airflow/example_dags/example_sensor_decorator.py
[2023-07-04T00:12:08.932+0000] {logging_mixin.py:149} INFO - [2023-07-04T00:12:08.932+0000] {dag.py:2726} INFO - Sync 1 DAGs
[2023-07-04T00:12:08.975+0000] {logging_mixin.py:149} INFO - [2023-07-04T00:12:08.975+0000] {dag.py:3490} INFO - Setting next_dagrun for example_sensor_decorator to None, run_after=None
[2023-07-04T00:12:09.007+0000] {processor.py:179} INFO - Processing /home/airflow/.local/lib/python3.7/site-packages/airflow/example_dags/example_sensor_decorator.py took 0.139 seconds
[2023-07-04T00:12:40.504+0000] {processor.py:157} INFO - Started process (PID=674) to work on /home/airflow/.local/lib/python3.7/site-packages/airflow/example_dags/example_sensor_decorator.py
[2023-07-04T00:12:40.515+0000] {processor.py:826} INFO - Processing file /home/airflow/.local/lib/python3.7/site-packages/airflow/example_dags/example_sensor_decorator.py for tasks to queue
[2023-07-04T00:12:40.521+0000] {logging_mixin.py:149} INFO - [2023-07-04T00:12:40.521+0000] {dagbag.py:541} INFO - Filling up the DagBag from /home/airflow/.local/lib/python3.7/site-packages/airflow/example_dags/example_sensor_decorator.py
[2023-07-04T00:12:40.546+0000] {processor.py:836} INFO - DAG(s) dict_keys(['example_sensor_decorator']) retrieved from /home/airflow/.local/lib/python3.7/site-packages/airflow/example_dags/example_sensor_decorator.py
[2023-07-04T00:12:40.663+0000] {logging_mixin.py:149} INFO - [2023-07-04T00:12:40.662+0000] {dag.py:2726} INFO - Sync 1 DAGs
[2023-07-04T00:12:40.791+0000] {logging_mixin.py:149} INFO - [2023-07-04T00:12:40.790+0000] {dag.py:3490} INFO - Setting next_dagrun for example_sensor_decorator to None, run_after=None
[2023-07-04T00:12:40.874+0000] {processor.py:179} INFO - Processing /home/airflow/.local/lib/python3.7/site-packages/airflow/example_dags/example_sensor_decorator.py took 0.389 seconds
[2023-07-04T00:13:11.088+0000] {processor.py:157} INFO - Started process (PID=731) to work on /home/airflow/.local/lib/python3.7/site-packages/airflow/example_dags/example_sensor_decorator.py
[2023-07-04T00:13:11.090+0000] {processor.py:826} INFO - Processing file /home/airflow/.local/lib/python3.7/site-packages/airflow/example_dags/example_sensor_decorator.py for tasks to queue
[2023-07-04T00:13:11.092+0000] {logging_mixin.py:149} INFO - [2023-07-04T00:13:11.092+0000] {dagbag.py:541} INFO - Filling up the DagBag from /home/airflow/.local/lib/python3.7/site-packages/airflow/example_dags/example_sensor_decorator.py
[2023-07-04T00:13:11.110+0000] {processor.py:836} INFO - DAG(s) dict_keys(['example_sensor_decorator']) retrieved from /home/airflow/.local/lib/python3.7/site-packages/airflow/example_dags/example_sensor_decorator.py
[2023-07-04T00:13:11.172+0000] {logging_mixin.py:149} INFO - [2023-07-04T00:13:11.171+0000] {dag.py:2726} INFO - Sync 1 DAGs
[2023-07-04T00:13:11.240+0000] {logging_mixin.py:149} INFO - [2023-07-04T00:13:11.239+0000] {dag.py:3490} INFO - Setting next_dagrun for example_sensor_decorator to None, run_after=None
[2023-07-04T00:13:11.315+0000] {processor.py:179} INFO - Processing /home/airflow/.local/lib/python3.7/site-packages/airflow/example_dags/example_sensor_decorator.py took 0.237 seconds
[2023-07-04T00:13:41.366+0000] {processor.py:157} INFO - Started process (PID=788) to work on /home/airflow/.local/lib/python3.7/site-packages/airflow/example_dags/example_sensor_decorator.py
[2023-07-04T00:13:41.367+0000] {processor.py:826} INFO - Processing file /home/airflow/.local/lib/python3.7/site-packages/airflow/example_dags/example_sensor_decorator.py for tasks to queue
[2023-07-04T00:13:41.368+0000] {logging_mixin.py:149} INFO - [2023-07-04T00:13:41.368+0000] {dagbag.py:541} INFO - Filling up the DagBag from /home/airflow/.local/lib/python3.7/site-packages/airflow/example_dags/example_sensor_decorator.py
[2023-07-04T00:13:41.376+0000] {processor.py:836} INFO - DAG(s) dict_keys(['example_sensor_decorator']) retrieved from /home/airflow/.local/lib/python3.7/site-packages/airflow/example_dags/example_sensor_decorator.py
[2023-07-04T00:13:41.413+0000] {logging_mixin.py:149} INFO - [2023-07-04T00:13:41.412+0000] {dag.py:2726} INFO - Sync 1 DAGs
[2023-07-04T00:13:41.453+0000] {logging_mixin.py:149} INFO - [2023-07-04T00:13:41.453+0000] {dag.py:3490} INFO - Setting next_dagrun for example_sensor_decorator to None, run_after=None
[2023-07-04T00:13:41.483+0000] {processor.py:179} INFO - Processing /home/airflow/.local/lib/python3.7/site-packages/airflow/example_dags/example_sensor_decorator.py took 0.123 seconds
[2023-07-04T00:14:11.830+0000] {processor.py:157} INFO - Started process (PID=845) to work on /home/airflow/.local/lib/python3.7/site-packages/airflow/example_dags/example_sensor_decorator.py
[2023-07-04T00:14:11.831+0000] {processor.py:826} INFO - Processing file /home/airflow/.local/lib/python3.7/site-packages/airflow/example_dags/example_sensor_decorator.py for tasks to queue
[2023-07-04T00:14:11.833+0000] {logging_mixin.py:149} INFO - [2023-07-04T00:14:11.833+0000] {dagbag.py:541} INFO - Filling up the DagBag from /home/airflow/.local/lib/python3.7/site-packages/airflow/example_dags/example_sensor_decorator.py
[2023-07-04T00:14:11.848+0000] {processor.py:836} INFO - DAG(s) dict_keys(['example_sensor_decorator']) retrieved from /home/airflow/.local/lib/python3.7/site-packages/airflow/example_dags/example_sensor_decorator.py
[2023-07-04T00:14:11.907+0000] {logging_mixin.py:149} INFO - [2023-07-04T00:14:11.907+0000] {dag.py:2726} INFO - Sync 1 DAGs
[2023-07-04T00:14:11.993+0000] {logging_mixin.py:149} INFO - [2023-07-04T00:14:11.993+0000] {dag.py:3490} INFO - Setting next_dagrun for example_sensor_decorator to None, run_after=None
[2023-07-04T00:14:12.062+0000] {processor.py:179} INFO - Processing /home/airflow/.local/lib/python3.7/site-packages/airflow/example_dags/example_sensor_decorator.py took 0.240 seconds
[2023-07-04T00:14:42.705+0000] {processor.py:157} INFO - Started process (PID=902) to work on /home/airflow/.local/lib/python3.7/site-packages/airflow/example_dags/example_sensor_decorator.py
[2023-07-04T00:14:42.707+0000] {processor.py:826} INFO - Processing file /home/airflow/.local/lib/python3.7/site-packages/airflow/example_dags/example_sensor_decorator.py for tasks to queue
[2023-07-04T00:14:42.708+0000] {logging_mixin.py:149} INFO - [2023-07-04T00:14:42.708+0000] {dagbag.py:541} INFO - Filling up the DagBag from /home/airflow/.local/lib/python3.7/site-packages/airflow/example_dags/example_sensor_decorator.py
[2023-07-04T00:14:42.716+0000] {processor.py:836} INFO - DAG(s) dict_keys(['example_sensor_decorator']) retrieved from /home/airflow/.local/lib/python3.7/site-packages/airflow/example_dags/example_sensor_decorator.py
[2023-07-04T00:14:42.751+0000] {logging_mixin.py:149} INFO - [2023-07-04T00:14:42.751+0000] {dag.py:2726} INFO - Sync 1 DAGs
[2023-07-04T00:14:42.786+0000] {logging_mixin.py:149} INFO - [2023-07-04T00:14:42.786+0000] {dag.py:3490} INFO - Setting next_dagrun for example_sensor_decorator to None, run_after=None
[2023-07-04T00:14:42.811+0000] {processor.py:179} INFO - Processing /home/airflow/.local/lib/python3.7/site-packages/airflow/example_dags/example_sensor_decorator.py took 0.112 seconds
[2023-07-04T00:15:13.393+0000] {processor.py:157} INFO - Started process (PID=959) to work on /home/airflow/.local/lib/python3.7/site-packages/airflow/example_dags/example_sensor_decorator.py
[2023-07-04T00:15:13.394+0000] {processor.py:826} INFO - Processing file /home/airflow/.local/lib/python3.7/site-packages/airflow/example_dags/example_sensor_decorator.py for tasks to queue
[2023-07-04T00:15:13.396+0000] {logging_mixin.py:149} INFO - [2023-07-04T00:15:13.395+0000] {dagbag.py:541} INFO - Filling up the DagBag from /home/airflow/.local/lib/python3.7/site-packages/airflow/example_dags/example_sensor_decorator.py
[2023-07-04T00:15:13.404+0000] {processor.py:836} INFO - DAG(s) dict_keys(['example_sensor_decorator']) retrieved from /home/airflow/.local/lib/python3.7/site-packages/airflow/example_dags/example_sensor_decorator.py
[2023-07-04T00:15:13.455+0000] {logging_mixin.py:149} INFO - [2023-07-04T00:15:13.455+0000] {dag.py:2726} INFO - Sync 1 DAGs
[2023-07-04T00:15:13.499+0000] {logging_mixin.py:149} INFO - [2023-07-04T00:15:13.499+0000] {dag.py:3490} INFO - Setting next_dagrun for example_sensor_decorator to None, run_after=None
[2023-07-04T00:15:13.533+0000] {processor.py:179} INFO - Processing /home/airflow/.local/lib/python3.7/site-packages/airflow/example_dags/example_sensor_decorator.py took 0.148 seconds
[2023-07-04T00:15:44.062+0000] {processor.py:157} INFO - Started process (PID=1017) to work on /home/airflow/.local/lib/python3.7/site-packages/airflow/example_dags/example_sensor_decorator.py
[2023-07-04T00:15:44.065+0000] {processor.py:826} INFO - Processing file /home/airflow/.local/lib/python3.7/site-packages/airflow/example_dags/example_sensor_decorator.py for tasks to queue
[2023-07-04T00:15:44.067+0000] {logging_mixin.py:149} INFO - [2023-07-04T00:15:44.066+0000] {dagbag.py:541} INFO - Filling up the DagBag from /home/airflow/.local/lib/python3.7/site-packages/airflow/example_dags/example_sensor_decorator.py
[2023-07-04T00:15:44.083+0000] {processor.py:836} INFO - DAG(s) dict_keys(['example_sensor_decorator']) retrieved from /home/airflow/.local/lib/python3.7/site-packages/airflow/example_dags/example_sensor_decorator.py
[2023-07-04T00:15:44.136+0000] {logging_mixin.py:149} INFO - [2023-07-04T00:15:44.135+0000] {dag.py:2726} INFO - Sync 1 DAGs
[2023-07-04T00:15:44.190+0000] {logging_mixin.py:149} INFO - [2023-07-04T00:15:44.190+0000] {dag.py:3490} INFO - Setting next_dagrun for example_sensor_decorator to None, run_after=None
[2023-07-04T00:15:44.240+0000] {processor.py:179} INFO - Processing /home/airflow/.local/lib/python3.7/site-packages/airflow/example_dags/example_sensor_decorator.py took 0.188 seconds
[2023-07-04T00:16:14.563+0000] {processor.py:157} INFO - Started process (PID=1074) to work on /home/airflow/.local/lib/python3.7/site-packages/airflow/example_dags/example_sensor_decorator.py
[2023-07-04T00:16:14.564+0000] {processor.py:826} INFO - Processing file /home/airflow/.local/lib/python3.7/site-packages/airflow/example_dags/example_sensor_decorator.py for tasks to queue
[2023-07-04T00:16:14.565+0000] {logging_mixin.py:149} INFO - [2023-07-04T00:16:14.565+0000] {dagbag.py:541} INFO - Filling up the DagBag from /home/airflow/.local/lib/python3.7/site-packages/airflow/example_dags/example_sensor_decorator.py
[2023-07-04T00:16:14.580+0000] {processor.py:836} INFO - DAG(s) dict_keys(['example_sensor_decorator']) retrieved from /home/airflow/.local/lib/python3.7/site-packages/airflow/example_dags/example_sensor_decorator.py
[2023-07-04T00:16:14.630+0000] {logging_mixin.py:149} INFO - [2023-07-04T00:16:14.629+0000] {dag.py:2726} INFO - Sync 1 DAGs
[2023-07-04T00:16:14.675+0000] {logging_mixin.py:149} INFO - [2023-07-04T00:16:14.675+0000] {dag.py:3490} INFO - Setting next_dagrun for example_sensor_decorator to None, run_after=None
[2023-07-04T00:16:14.706+0000] {processor.py:179} INFO - Processing /home/airflow/.local/lib/python3.7/site-packages/airflow/example_dags/example_sensor_decorator.py took 0.150 seconds
[2023-07-04T00:16:45.287+0000] {processor.py:157} INFO - Started process (PID=1131) to work on /home/airflow/.local/lib/python3.7/site-packages/airflow/example_dags/example_sensor_decorator.py
[2023-07-04T00:16:45.289+0000] {processor.py:826} INFO - Processing file /home/airflow/.local/lib/python3.7/site-packages/airflow/example_dags/example_sensor_decorator.py for tasks to queue
[2023-07-04T00:16:45.290+0000] {logging_mixin.py:149} INFO - [2023-07-04T00:16:45.290+0000] {dagbag.py:541} INFO - Filling up the DagBag from /home/airflow/.local/lib/python3.7/site-packages/airflow/example_dags/example_sensor_decorator.py
[2023-07-04T00:16:45.305+0000] {processor.py:836} INFO - DAG(s) dict_keys(['example_sensor_decorator']) retrieved from /home/airflow/.local/lib/python3.7/site-packages/airflow/example_dags/example_sensor_decorator.py
[2023-07-04T00:16:45.353+0000] {logging_mixin.py:149} INFO - [2023-07-04T00:16:45.353+0000] {dag.py:2726} INFO - Sync 1 DAGs
[2023-07-04T00:16:45.402+0000] {logging_mixin.py:149} INFO - [2023-07-04T00:16:45.402+0000] {dag.py:3490} INFO - Setting next_dagrun for example_sensor_decorator to None, run_after=None
[2023-07-04T00:16:45.456+0000] {processor.py:179} INFO - Processing /home/airflow/.local/lib/python3.7/site-packages/airflow/example_dags/example_sensor_decorator.py took 0.179 seconds
[2023-07-04T00:17:16.113+0000] {processor.py:157} INFO - Started process (PID=1188) to work on /home/airflow/.local/lib/python3.7/site-packages/airflow/example_dags/example_sensor_decorator.py
[2023-07-04T00:17:16.116+0000] {processor.py:826} INFO - Processing file /home/airflow/.local/lib/python3.7/site-packages/airflow/example_dags/example_sensor_decorator.py for tasks to queue
[2023-07-04T00:17:16.119+0000] {logging_mixin.py:149} INFO - [2023-07-04T00:17:16.119+0000] {dagbag.py:541} INFO - Filling up the DagBag from /home/airflow/.local/lib/python3.7/site-packages/airflow/example_dags/example_sensor_decorator.py
[2023-07-04T00:17:16.132+0000] {processor.py:836} INFO - DAG(s) dict_keys(['example_sensor_decorator']) retrieved from /home/airflow/.local/lib/python3.7/site-packages/airflow/example_dags/example_sensor_decorator.py
[2023-07-04T00:17:16.185+0000] {logging_mixin.py:149} INFO - [2023-07-04T00:17:16.185+0000] {dag.py:2726} INFO - Sync 1 DAGs
[2023-07-04T00:17:16.249+0000] {logging_mixin.py:149} INFO - [2023-07-04T00:17:16.249+0000] {dag.py:3490} INFO - Setting next_dagrun for example_sensor_decorator to None, run_after=None
[2023-07-04T00:17:16.286+0000] {processor.py:179} INFO - Processing /home/airflow/.local/lib/python3.7/site-packages/airflow/example_dags/example_sensor_decorator.py took 0.180 seconds
[2023-07-04T00:17:46.566+0000] {processor.py:157} INFO - Started process (PID=1245) to work on /home/airflow/.local/lib/python3.7/site-packages/airflow/example_dags/example_sensor_decorator.py
[2023-07-04T00:17:46.568+0000] {processor.py:826} INFO - Processing file /home/airflow/.local/lib/python3.7/site-packages/airflow/example_dags/example_sensor_decorator.py for tasks to queue
[2023-07-04T00:17:46.569+0000] {logging_mixin.py:149} INFO - [2023-07-04T00:17:46.569+0000] {dagbag.py:541} INFO - Filling up the DagBag from /home/airflow/.local/lib/python3.7/site-packages/airflow/example_dags/example_sensor_decorator.py
[2023-07-04T00:17:46.583+0000] {processor.py:836} INFO - DAG(s) dict_keys(['example_sensor_decorator']) retrieved from /home/airflow/.local/lib/python3.7/site-packages/airflow/example_dags/example_sensor_decorator.py
[2023-07-04T00:17:46.638+0000] {logging_mixin.py:149} INFO - [2023-07-04T00:17:46.638+0000] {dag.py:2726} INFO - Sync 1 DAGs
[2023-07-04T00:17:46.687+0000] {logging_mixin.py:149} INFO - [2023-07-04T00:17:46.687+0000] {dag.py:3490} INFO - Setting next_dagrun for example_sensor_decorator to None, run_after=None
[2023-07-04T00:17:46.722+0000] {processor.py:179} INFO - Processing /home/airflow/.local/lib/python3.7/site-packages/airflow/example_dags/example_sensor_decorator.py took 0.163 seconds
[2023-07-04T00:18:16.805+0000] {processor.py:157} INFO - Started process (PID=1302) to work on /home/airflow/.local/lib/python3.7/site-packages/airflow/example_dags/example_sensor_decorator.py
[2023-07-04T00:18:16.806+0000] {processor.py:826} INFO - Processing file /home/airflow/.local/lib/python3.7/site-packages/airflow/example_dags/example_sensor_decorator.py for tasks to queue
[2023-07-04T00:18:16.808+0000] {logging_mixin.py:149} INFO - [2023-07-04T00:18:16.807+0000] {dagbag.py:541} INFO - Filling up the DagBag from /home/airflow/.local/lib/python3.7/site-packages/airflow/example_dags/example_sensor_decorator.py
[2023-07-04T00:18:16.819+0000] {processor.py:836} INFO - DAG(s) dict_keys(['example_sensor_decorator']) retrieved from /home/airflow/.local/lib/python3.7/site-packages/airflow/example_dags/example_sensor_decorator.py
[2023-07-04T00:18:16.861+0000] {logging_mixin.py:149} INFO - [2023-07-04T00:18:16.861+0000] {dag.py:2726} INFO - Sync 1 DAGs
[2023-07-04T00:18:16.906+0000] {logging_mixin.py:149} INFO - [2023-07-04T00:18:16.906+0000] {dag.py:3490} INFO - Setting next_dagrun for example_sensor_decorator to None, run_after=None
[2023-07-04T00:18:16.939+0000] {processor.py:179} INFO - Processing /home/airflow/.local/lib/python3.7/site-packages/airflow/example_dags/example_sensor_decorator.py took 0.141 seconds
[2023-07-04T00:18:47.471+0000] {processor.py:157} INFO - Started process (PID=1358) to work on /home/airflow/.local/lib/python3.7/site-packages/airflow/example_dags/example_sensor_decorator.py
[2023-07-04T00:18:47.473+0000] {processor.py:826} INFO - Processing file /home/airflow/.local/lib/python3.7/site-packages/airflow/example_dags/example_sensor_decorator.py for tasks to queue
[2023-07-04T00:18:47.475+0000] {logging_mixin.py:149} INFO - [2023-07-04T00:18:47.475+0000] {dagbag.py:541} INFO - Filling up the DagBag from /home/airflow/.local/lib/python3.7/site-packages/airflow/example_dags/example_sensor_decorator.py
[2023-07-04T00:18:47.488+0000] {processor.py:836} INFO - DAG(s) dict_keys(['example_sensor_decorator']) retrieved from /home/airflow/.local/lib/python3.7/site-packages/airflow/example_dags/example_sensor_decorator.py
[2023-07-04T00:18:47.544+0000] {logging_mixin.py:149} INFO - [2023-07-04T00:18:47.544+0000] {dag.py:2726} INFO - Sync 1 DAGs
[2023-07-04T00:18:47.595+0000] {logging_mixin.py:149} INFO - [2023-07-04T00:18:47.595+0000] {dag.py:3490} INFO - Setting next_dagrun for example_sensor_decorator to None, run_after=None
[2023-07-04T00:18:47.630+0000] {processor.py:179} INFO - Processing /home/airflow/.local/lib/python3.7/site-packages/airflow/example_dags/example_sensor_decorator.py took 0.168 seconds
[2023-07-04T00:19:17.872+0000] {processor.py:157} INFO - Started process (PID=1416) to work on /home/airflow/.local/lib/python3.7/site-packages/airflow/example_dags/example_sensor_decorator.py
[2023-07-04T00:19:17.874+0000] {processor.py:826} INFO - Processing file /home/airflow/.local/lib/python3.7/site-packages/airflow/example_dags/example_sensor_decorator.py for tasks to queue
[2023-07-04T00:19:17.875+0000] {logging_mixin.py:149} INFO - [2023-07-04T00:19:17.875+0000] {dagbag.py:541} INFO - Filling up the DagBag from /home/airflow/.local/lib/python3.7/site-packages/airflow/example_dags/example_sensor_decorator.py
[2023-07-04T00:19:17.892+0000] {processor.py:836} INFO - DAG(s) dict_keys(['example_sensor_decorator']) retrieved from /home/airflow/.local/lib/python3.7/site-packages/airflow/example_dags/example_sensor_decorator.py
[2023-07-04T00:19:17.948+0000] {logging_mixin.py:149} INFO - [2023-07-04T00:19:17.948+0000] {dag.py:2726} INFO - Sync 1 DAGs
[2023-07-04T00:19:18.000+0000] {logging_mixin.py:149} INFO - [2023-07-04T00:19:18.000+0000] {dag.py:3490} INFO - Setting next_dagrun for example_sensor_decorator to None, run_after=None
[2023-07-04T00:19:18.041+0000] {processor.py:179} INFO - Processing /home/airflow/.local/lib/python3.7/site-packages/airflow/example_dags/example_sensor_decorator.py took 0.176 seconds
[2023-07-04T00:19:48.563+0000] {processor.py:157} INFO - Started process (PID=1473) to work on /home/airflow/.local/lib/python3.7/site-packages/airflow/example_dags/example_sensor_decorator.py
[2023-07-04T00:19:48.581+0000] {processor.py:826} INFO - Processing file /home/airflow/.local/lib/python3.7/site-packages/airflow/example_dags/example_sensor_decorator.py for tasks to queue
[2023-07-04T00:19:48.586+0000] {logging_mixin.py:149} INFO - [2023-07-04T00:19:48.585+0000] {dagbag.py:541} INFO - Filling up the DagBag from /home/airflow/.local/lib/python3.7/site-packages/airflow/example_dags/example_sensor_decorator.py
[2023-07-04T00:19:48.601+0000] {processor.py:836} INFO - DAG(s) dict_keys(['example_sensor_decorator']) retrieved from /home/airflow/.local/lib/python3.7/site-packages/airflow/example_dags/example_sensor_decorator.py
[2023-07-04T00:19:48.680+0000] {logging_mixin.py:149} INFO - [2023-07-04T00:19:48.679+0000] {dag.py:2726} INFO - Sync 1 DAGs
[2023-07-04T00:19:48.740+0000] {logging_mixin.py:149} INFO - [2023-07-04T00:19:48.740+0000] {dag.py:3490} INFO - Setting next_dagrun for example_sensor_decorator to None, run_after=None
[2023-07-04T00:19:48.798+0000] {processor.py:179} INFO - Processing /home/airflow/.local/lib/python3.7/site-packages/airflow/example_dags/example_sensor_decorator.py took 0.247 seconds
[2023-07-04T00:20:18.914+0000] {processor.py:157} INFO - Started process (PID=1530) to work on /home/airflow/.local/lib/python3.7/site-packages/airflow/example_dags/example_sensor_decorator.py
[2023-07-04T00:20:18.916+0000] {processor.py:826} INFO - Processing file /home/airflow/.local/lib/python3.7/site-packages/airflow/example_dags/example_sensor_decorator.py for tasks to queue
[2023-07-04T00:20:18.919+0000] {logging_mixin.py:149} INFO - [2023-07-04T00:20:18.918+0000] {dagbag.py:541} INFO - Filling up the DagBag from /home/airflow/.local/lib/python3.7/site-packages/airflow/example_dags/example_sensor_decorator.py
[2023-07-04T00:20:18.938+0000] {processor.py:836} INFO - DAG(s) dict_keys(['example_sensor_decorator']) retrieved from /home/airflow/.local/lib/python3.7/site-packages/airflow/example_dags/example_sensor_decorator.py
[2023-07-04T00:20:19.012+0000] {logging_mixin.py:149} INFO - [2023-07-04T00:20:19.012+0000] {dag.py:2726} INFO - Sync 1 DAGs
[2023-07-04T00:20:19.091+0000] {logging_mixin.py:149} INFO - [2023-07-04T00:20:19.091+0000] {dag.py:3490} INFO - Setting next_dagrun for example_sensor_decorator to None, run_after=None
[2023-07-04T00:20:19.141+0000] {processor.py:179} INFO - Processing /home/airflow/.local/lib/python3.7/site-packages/airflow/example_dags/example_sensor_decorator.py took 0.235 seconds
[2023-07-04T00:20:50.052+0000] {processor.py:157} INFO - Started process (PID=1587) to work on /home/airflow/.local/lib/python3.7/site-packages/airflow/example_dags/example_sensor_decorator.py
[2023-07-04T00:20:50.054+0000] {processor.py:826} INFO - Processing file /home/airflow/.local/lib/python3.7/site-packages/airflow/example_dags/example_sensor_decorator.py for tasks to queue
[2023-07-04T00:20:50.055+0000] {logging_mixin.py:149} INFO - [2023-07-04T00:20:50.055+0000] {dagbag.py:541} INFO - Filling up the DagBag from /home/airflow/.local/lib/python3.7/site-packages/airflow/example_dags/example_sensor_decorator.py
[2023-07-04T00:20:50.072+0000] {processor.py:836} INFO - DAG(s) dict_keys(['example_sensor_decorator']) retrieved from /home/airflow/.local/lib/python3.7/site-packages/airflow/example_dags/example_sensor_decorator.py
[2023-07-04T00:20:50.115+0000] {logging_mixin.py:149} INFO - [2023-07-04T00:20:50.115+0000] {dag.py:2726} INFO - Sync 1 DAGs
[2023-07-04T00:20:50.177+0000] {logging_mixin.py:149} INFO - [2023-07-04T00:20:50.177+0000] {dag.py:3490} INFO - Setting next_dagrun for example_sensor_decorator to None, run_after=None
[2023-07-04T00:20:50.208+0000] {processor.py:179} INFO - Processing /home/airflow/.local/lib/python3.7/site-packages/airflow/example_dags/example_sensor_decorator.py took 0.163 seconds
[2023-07-04T00:21:20.335+0000] {processor.py:157} INFO - Started process (PID=1643) to work on /home/airflow/.local/lib/python3.7/site-packages/airflow/example_dags/example_sensor_decorator.py
[2023-07-04T00:21:20.336+0000] {processor.py:826} INFO - Processing file /home/airflow/.local/lib/python3.7/site-packages/airflow/example_dags/example_sensor_decorator.py for tasks to queue
[2023-07-04T00:21:20.337+0000] {logging_mixin.py:149} INFO - [2023-07-04T00:21:20.337+0000] {dagbag.py:541} INFO - Filling up the DagBag from /home/airflow/.local/lib/python3.7/site-packages/airflow/example_dags/example_sensor_decorator.py
[2023-07-04T00:21:20.351+0000] {processor.py:836} INFO - DAG(s) dict_keys(['example_sensor_decorator']) retrieved from /home/airflow/.local/lib/python3.7/site-packages/airflow/example_dags/example_sensor_decorator.py
[2023-07-04T00:21:20.405+0000] {logging_mixin.py:149} INFO - [2023-07-04T00:21:20.405+0000] {dag.py:2726} INFO - Sync 1 DAGs
[2023-07-04T00:21:20.455+0000] {logging_mixin.py:149} INFO - [2023-07-04T00:21:20.454+0000] {dag.py:3490} INFO - Setting next_dagrun for example_sensor_decorator to None, run_after=None
[2023-07-04T00:21:20.499+0000] {processor.py:179} INFO - Processing /home/airflow/.local/lib/python3.7/site-packages/airflow/example_dags/example_sensor_decorator.py took 0.170 seconds
[2023-07-04T00:21:50.629+0000] {processor.py:157} INFO - Started process (PID=1700) to work on /home/airflow/.local/lib/python3.7/site-packages/airflow/example_dags/example_sensor_decorator.py
[2023-07-04T00:21:50.632+0000] {processor.py:826} INFO - Processing file /home/airflow/.local/lib/python3.7/site-packages/airflow/example_dags/example_sensor_decorator.py for tasks to queue
[2023-07-04T00:21:50.633+0000] {logging_mixin.py:149} INFO - [2023-07-04T00:21:50.633+0000] {dagbag.py:541} INFO - Filling up the DagBag from /home/airflow/.local/lib/python3.7/site-packages/airflow/example_dags/example_sensor_decorator.py
[2023-07-04T00:21:50.646+0000] {processor.py:836} INFO - DAG(s) dict_keys(['example_sensor_decorator']) retrieved from /home/airflow/.local/lib/python3.7/site-packages/airflow/example_dags/example_sensor_decorator.py
[2023-07-04T00:21:50.700+0000] {logging_mixin.py:149} INFO - [2023-07-04T00:21:50.700+0000] {dag.py:2726} INFO - Sync 1 DAGs
[2023-07-04T00:21:50.759+0000] {logging_mixin.py:149} INFO - [2023-07-04T00:21:50.759+0000] {dag.py:3490} INFO - Setting next_dagrun for example_sensor_decorator to None, run_after=None
[2023-07-04T00:21:50.793+0000] {processor.py:179} INFO - Processing /home/airflow/.local/lib/python3.7/site-packages/airflow/example_dags/example_sensor_decorator.py took 0.171 seconds
[2023-07-04T00:22:21.017+0000] {processor.py:157} INFO - Started process (PID=1757) to work on /home/airflow/.local/lib/python3.7/site-packages/airflow/example_dags/example_sensor_decorator.py
[2023-07-04T00:22:21.020+0000] {processor.py:826} INFO - Processing file /home/airflow/.local/lib/python3.7/site-packages/airflow/example_dags/example_sensor_decorator.py for tasks to queue
[2023-07-04T00:22:21.022+0000] {logging_mixin.py:149} INFO - [2023-07-04T00:22:21.022+0000] {dagbag.py:541} INFO - Filling up the DagBag from /home/airflow/.local/lib/python3.7/site-packages/airflow/example_dags/example_sensor_decorator.py
[2023-07-04T00:22:21.032+0000] {processor.py:836} INFO - DAG(s) dict_keys(['example_sensor_decorator']) retrieved from /home/airflow/.local/lib/python3.7/site-packages/airflow/example_dags/example_sensor_decorator.py
[2023-07-04T00:22:21.082+0000] {logging_mixin.py:149} INFO - [2023-07-04T00:22:21.081+0000] {dag.py:2726} INFO - Sync 1 DAGs
[2023-07-04T00:22:21.128+0000] {logging_mixin.py:149} INFO - [2023-07-04T00:22:21.128+0000] {dag.py:3490} INFO - Setting next_dagrun for example_sensor_decorator to None, run_after=None
[2023-07-04T00:22:21.163+0000] {processor.py:179} INFO - Processing /home/airflow/.local/lib/python3.7/site-packages/airflow/example_dags/example_sensor_decorator.py took 0.157 seconds
[2023-07-04T00:22:51.771+0000] {processor.py:157} INFO - Started process (PID=1814) to work on /home/airflow/.local/lib/python3.7/site-packages/airflow/example_dags/example_sensor_decorator.py
[2023-07-04T00:22:51.773+0000] {processor.py:826} INFO - Processing file /home/airflow/.local/lib/python3.7/site-packages/airflow/example_dags/example_sensor_decorator.py for tasks to queue
[2023-07-04T00:22:51.775+0000] {logging_mixin.py:149} INFO - [2023-07-04T00:22:51.774+0000] {dagbag.py:541} INFO - Filling up the DagBag from /home/airflow/.local/lib/python3.7/site-packages/airflow/example_dags/example_sensor_decorator.py
[2023-07-04T00:22:51.790+0000] {processor.py:836} INFO - DAG(s) dict_keys(['example_sensor_decorator']) retrieved from /home/airflow/.local/lib/python3.7/site-packages/airflow/example_dags/example_sensor_decorator.py
[2023-07-04T00:22:51.859+0000] {logging_mixin.py:149} INFO - [2023-07-04T00:22:51.859+0000] {dag.py:2726} INFO - Sync 1 DAGs
[2023-07-04T00:22:51.935+0000] {logging_mixin.py:149} INFO - [2023-07-04T00:22:51.935+0000] {dag.py:3490} INFO - Setting next_dagrun for example_sensor_decorator to None, run_after=None
[2023-07-04T00:22:51.995+0000] {processor.py:179} INFO - Processing /home/airflow/.local/lib/python3.7/site-packages/airflow/example_dags/example_sensor_decorator.py took 0.236 seconds
[2023-07-04T00:23:22.410+0000] {processor.py:157} INFO - Started process (PID=1871) to work on /home/airflow/.local/lib/python3.7/site-packages/airflow/example_dags/example_sensor_decorator.py
[2023-07-04T00:23:22.411+0000] {processor.py:826} INFO - Processing file /home/airflow/.local/lib/python3.7/site-packages/airflow/example_dags/example_sensor_decorator.py for tasks to queue
[2023-07-04T00:23:22.412+0000] {logging_mixin.py:149} INFO - [2023-07-04T00:23:22.412+0000] {dagbag.py:541} INFO - Filling up the DagBag from /home/airflow/.local/lib/python3.7/site-packages/airflow/example_dags/example_sensor_decorator.py
[2023-07-04T00:23:22.422+0000] {processor.py:836} INFO - DAG(s) dict_keys(['example_sensor_decorator']) retrieved from /home/airflow/.local/lib/python3.7/site-packages/airflow/example_dags/example_sensor_decorator.py
[2023-07-04T00:23:22.471+0000] {logging_mixin.py:149} INFO - [2023-07-04T00:23:22.471+0000] {dag.py:2726} INFO - Sync 1 DAGs
[2023-07-04T00:23:22.521+0000] {logging_mixin.py:149} INFO - [2023-07-04T00:23:22.520+0000] {dag.py:3490} INFO - Setting next_dagrun for example_sensor_decorator to None, run_after=None
[2023-07-04T00:23:22.558+0000] {processor.py:179} INFO - Processing /home/airflow/.local/lib/python3.7/site-packages/airflow/example_dags/example_sensor_decorator.py took 0.152 seconds
[2023-07-04T00:23:52.810+0000] {processor.py:157} INFO - Started process (PID=1928) to work on /home/airflow/.local/lib/python3.7/site-packages/airflow/example_dags/example_sensor_decorator.py
[2023-07-04T00:23:52.811+0000] {processor.py:826} INFO - Processing file /home/airflow/.local/lib/python3.7/site-packages/airflow/example_dags/example_sensor_decorator.py for tasks to queue
[2023-07-04T00:23:52.813+0000] {logging_mixin.py:149} INFO - [2023-07-04T00:23:52.813+0000] {dagbag.py:541} INFO - Filling up the DagBag from /home/airflow/.local/lib/python3.7/site-packages/airflow/example_dags/example_sensor_decorator.py
[2023-07-04T00:23:52.822+0000] {processor.py:836} INFO - DAG(s) dict_keys(['example_sensor_decorator']) retrieved from /home/airflow/.local/lib/python3.7/site-packages/airflow/example_dags/example_sensor_decorator.py
[2023-07-04T00:23:52.858+0000] {logging_mixin.py:149} INFO - [2023-07-04T00:23:52.858+0000] {dag.py:2726} INFO - Sync 1 DAGs
[2023-07-04T00:23:52.899+0000] {logging_mixin.py:149} INFO - [2023-07-04T00:23:52.899+0000] {dag.py:3490} INFO - Setting next_dagrun for example_sensor_decorator to None, run_after=None
[2023-07-04T00:23:52.929+0000] {processor.py:179} INFO - Processing /home/airflow/.local/lib/python3.7/site-packages/airflow/example_dags/example_sensor_decorator.py took 0.125 seconds
[2023-07-04T00:24:23.351+0000] {processor.py:157} INFO - Started process (PID=1985) to work on /home/airflow/.local/lib/python3.7/site-packages/airflow/example_dags/example_sensor_decorator.py
[2023-07-04T00:24:23.353+0000] {processor.py:826} INFO - Processing file /home/airflow/.local/lib/python3.7/site-packages/airflow/example_dags/example_sensor_decorator.py for tasks to queue
[2023-07-04T00:24:23.355+0000] {logging_mixin.py:149} INFO - [2023-07-04T00:24:23.355+0000] {dagbag.py:541} INFO - Filling up the DagBag from /home/airflow/.local/lib/python3.7/site-packages/airflow/example_dags/example_sensor_decorator.py
[2023-07-04T00:24:23.375+0000] {processor.py:836} INFO - DAG(s) dict_keys(['example_sensor_decorator']) retrieved from /home/airflow/.local/lib/python3.7/site-packages/airflow/example_dags/example_sensor_decorator.py
[2023-07-04T00:24:23.445+0000] {logging_mixin.py:149} INFO - [2023-07-04T00:24:23.445+0000] {dag.py:2726} INFO - Sync 1 DAGs
[2023-07-04T00:24:23.524+0000] {logging_mixin.py:149} INFO - [2023-07-04T00:24:23.524+0000] {dag.py:3490} INFO - Setting next_dagrun for example_sensor_decorator to None, run_after=None
[2023-07-04T00:24:23.570+0000] {processor.py:179} INFO - Processing /home/airflow/.local/lib/python3.7/site-packages/airflow/example_dags/example_sensor_decorator.py took 0.227 seconds
[2023-07-04T00:24:53.940+0000] {processor.py:157} INFO - Started process (PID=2042) to work on /home/airflow/.local/lib/python3.7/site-packages/airflow/example_dags/example_sensor_decorator.py
[2023-07-04T00:24:53.943+0000] {processor.py:826} INFO - Processing file /home/airflow/.local/lib/python3.7/site-packages/airflow/example_dags/example_sensor_decorator.py for tasks to queue
[2023-07-04T00:24:53.945+0000] {logging_mixin.py:149} INFO - [2023-07-04T00:24:53.945+0000] {dagbag.py:541} INFO - Filling up the DagBag from /home/airflow/.local/lib/python3.7/site-packages/airflow/example_dags/example_sensor_decorator.py
[2023-07-04T00:24:53.975+0000] {processor.py:836} INFO - DAG(s) dict_keys(['example_sensor_decorator']) retrieved from /home/airflow/.local/lib/python3.7/site-packages/airflow/example_dags/example_sensor_decorator.py
[2023-07-04T00:24:54.065+0000] {logging_mixin.py:149} INFO - [2023-07-04T00:24:54.065+0000] {dag.py:2726} INFO - Sync 1 DAGs
[2023-07-04T00:24:54.122+0000] {logging_mixin.py:149} INFO - [2023-07-04T00:24:54.121+0000] {dag.py:3490} INFO - Setting next_dagrun for example_sensor_decorator to None, run_after=None
[2023-07-04T00:24:54.163+0000] {processor.py:179} INFO - Processing /home/airflow/.local/lib/python3.7/site-packages/airflow/example_dags/example_sensor_decorator.py took 0.242 seconds
[2023-07-04T00:25:24.721+0000] {processor.py:157} INFO - Started process (PID=2100) to work on /home/airflow/.local/lib/python3.7/site-packages/airflow/example_dags/example_sensor_decorator.py
[2023-07-04T00:25:24.724+0000] {processor.py:826} INFO - Processing file /home/airflow/.local/lib/python3.7/site-packages/airflow/example_dags/example_sensor_decorator.py for tasks to queue
[2023-07-04T00:25:24.725+0000] {logging_mixin.py:149} INFO - [2023-07-04T00:25:24.725+0000] {dagbag.py:541} INFO - Filling up the DagBag from /home/airflow/.local/lib/python3.7/site-packages/airflow/example_dags/example_sensor_decorator.py
[2023-07-04T00:25:24.745+0000] {processor.py:836} INFO - DAG(s) dict_keys(['example_sensor_decorator']) retrieved from /home/airflow/.local/lib/python3.7/site-packages/airflow/example_dags/example_sensor_decorator.py
[2023-07-04T00:25:24.808+0000] {logging_mixin.py:149} INFO - [2023-07-04T00:25:24.808+0000] {dag.py:2726} INFO - Sync 1 DAGs
[2023-07-04T00:25:24.877+0000] {logging_mixin.py:149} INFO - [2023-07-04T00:25:24.877+0000] {dag.py:3490} INFO - Setting next_dagrun for example_sensor_decorator to None, run_after=None
[2023-07-04T00:25:24.922+0000] {processor.py:179} INFO - Processing /home/airflow/.local/lib/python3.7/site-packages/airflow/example_dags/example_sensor_decorator.py took 0.211 seconds
[2023-07-04T00:25:55.784+0000] {processor.py:157} INFO - Started process (PID=2152) to work on /home/airflow/.local/lib/python3.7/site-packages/airflow/example_dags/example_sensor_decorator.py
[2023-07-04T00:25:55.786+0000] {processor.py:826} INFO - Processing file /home/airflow/.local/lib/python3.7/site-packages/airflow/example_dags/example_sensor_decorator.py for tasks to queue
[2023-07-04T00:25:55.788+0000] {logging_mixin.py:149} INFO - [2023-07-04T00:25:55.788+0000] {dagbag.py:541} INFO - Filling up the DagBag from /home/airflow/.local/lib/python3.7/site-packages/airflow/example_dags/example_sensor_decorator.py
[2023-07-04T00:25:55.800+0000] {processor.py:836} INFO - DAG(s) dict_keys(['example_sensor_decorator']) retrieved from /home/airflow/.local/lib/python3.7/site-packages/airflow/example_dags/example_sensor_decorator.py
[2023-07-04T00:25:55.870+0000] {logging_mixin.py:149} INFO - [2023-07-04T00:25:55.869+0000] {dag.py:2726} INFO - Sync 1 DAGs
[2023-07-04T00:25:55.962+0000] {logging_mixin.py:149} INFO - [2023-07-04T00:25:55.962+0000] {dag.py:3490} INFO - Setting next_dagrun for example_sensor_decorator to None, run_after=None
[2023-07-04T00:25:56.005+0000] {processor.py:179} INFO - Processing /home/airflow/.local/lib/python3.7/site-packages/airflow/example_dags/example_sensor_decorator.py took 0.229 seconds
[2023-07-04T00:26:26.170+0000] {processor.py:157} INFO - Started process (PID=2209) to work on /home/airflow/.local/lib/python3.7/site-packages/airflow/example_dags/example_sensor_decorator.py
[2023-07-04T00:26:26.171+0000] {processor.py:826} INFO - Processing file /home/airflow/.local/lib/python3.7/site-packages/airflow/example_dags/example_sensor_decorator.py for tasks to queue
[2023-07-04T00:26:26.172+0000] {logging_mixin.py:149} INFO - [2023-07-04T00:26:26.172+0000] {dagbag.py:541} INFO - Filling up the DagBag from /home/airflow/.local/lib/python3.7/site-packages/airflow/example_dags/example_sensor_decorator.py
[2023-07-04T00:26:26.182+0000] {processor.py:836} INFO - DAG(s) dict_keys(['example_sensor_decorator']) retrieved from /home/airflow/.local/lib/python3.7/site-packages/airflow/example_dags/example_sensor_decorator.py
[2023-07-04T00:26:26.222+0000] {logging_mixin.py:149} INFO - [2023-07-04T00:26:26.222+0000] {dag.py:2726} INFO - Sync 1 DAGs
[2023-07-04T00:26:26.264+0000] {logging_mixin.py:149} INFO - [2023-07-04T00:26:26.264+0000] {dag.py:3490} INFO - Setting next_dagrun for example_sensor_decorator to None, run_after=None
[2023-07-04T00:26:26.301+0000] {processor.py:179} INFO - Processing /home/airflow/.local/lib/python3.7/site-packages/airflow/example_dags/example_sensor_decorator.py took 0.136 seconds
[2023-07-04T00:26:56.608+0000] {processor.py:157} INFO - Started process (PID=2266) to work on /home/airflow/.local/lib/python3.7/site-packages/airflow/example_dags/example_sensor_decorator.py
[2023-07-04T00:26:56.611+0000] {processor.py:826} INFO - Processing file /home/airflow/.local/lib/python3.7/site-packages/airflow/example_dags/example_sensor_decorator.py for tasks to queue
[2023-07-04T00:26:56.614+0000] {logging_mixin.py:149} INFO - [2023-07-04T00:26:56.613+0000] {dagbag.py:541} INFO - Filling up the DagBag from /home/airflow/.local/lib/python3.7/site-packages/airflow/example_dags/example_sensor_decorator.py
[2023-07-04T00:26:56.635+0000] {processor.py:836} INFO - DAG(s) dict_keys(['example_sensor_decorator']) retrieved from /home/airflow/.local/lib/python3.7/site-packages/airflow/example_dags/example_sensor_decorator.py
[2023-07-04T00:26:56.722+0000] {logging_mixin.py:149} INFO - [2023-07-04T00:26:56.721+0000] {dag.py:2726} INFO - Sync 1 DAGs
[2023-07-04T00:26:56.817+0000] {logging_mixin.py:149} INFO - [2023-07-04T00:26:56.817+0000] {dag.py:3490} INFO - Setting next_dagrun for example_sensor_decorator to None, run_after=None
[2023-07-04T00:26:56.870+0000] {processor.py:179} INFO - Processing /home/airflow/.local/lib/python3.7/site-packages/airflow/example_dags/example_sensor_decorator.py took 0.274 seconds
[2023-07-04T00:27:26.908+0000] {processor.py:157} INFO - Started process (PID=2323) to work on /home/airflow/.local/lib/python3.7/site-packages/airflow/example_dags/example_sensor_decorator.py
[2023-07-04T00:27:26.910+0000] {processor.py:826} INFO - Processing file /home/airflow/.local/lib/python3.7/site-packages/airflow/example_dags/example_sensor_decorator.py for tasks to queue
[2023-07-04T00:27:26.911+0000] {logging_mixin.py:149} INFO - [2023-07-04T00:27:26.910+0000] {dagbag.py:541} INFO - Filling up the DagBag from /home/airflow/.local/lib/python3.7/site-packages/airflow/example_dags/example_sensor_decorator.py
[2023-07-04T00:27:26.920+0000] {processor.py:836} INFO - DAG(s) dict_keys(['example_sensor_decorator']) retrieved from /home/airflow/.local/lib/python3.7/site-packages/airflow/example_dags/example_sensor_decorator.py
[2023-07-04T00:27:26.960+0000] {logging_mixin.py:149} INFO - [2023-07-04T00:27:26.959+0000] {dag.py:2726} INFO - Sync 1 DAGs
[2023-07-04T00:27:27.016+0000] {logging_mixin.py:149} INFO - [2023-07-04T00:27:27.016+0000] {dag.py:3490} INFO - Setting next_dagrun for example_sensor_decorator to None, run_after=None
[2023-07-04T00:27:27.055+0000] {processor.py:179} INFO - Processing /home/airflow/.local/lib/python3.7/site-packages/airflow/example_dags/example_sensor_decorator.py took 0.152 seconds
[2023-07-04T00:27:57.160+0000] {processor.py:157} INFO - Started process (PID=2380) to work on /home/airflow/.local/lib/python3.7/site-packages/airflow/example_dags/example_sensor_decorator.py
[2023-07-04T00:27:57.167+0000] {processor.py:826} INFO - Processing file /home/airflow/.local/lib/python3.7/site-packages/airflow/example_dags/example_sensor_decorator.py for tasks to queue
[2023-07-04T00:27:57.170+0000] {logging_mixin.py:149} INFO - [2023-07-04T00:27:57.169+0000] {dagbag.py:541} INFO - Filling up the DagBag from /home/airflow/.local/lib/python3.7/site-packages/airflow/example_dags/example_sensor_decorator.py
[2023-07-04T00:27:57.191+0000] {processor.py:836} INFO - DAG(s) dict_keys(['example_sensor_decorator']) retrieved from /home/airflow/.local/lib/python3.7/site-packages/airflow/example_dags/example_sensor_decorator.py
[2023-07-04T00:27:57.352+0000] {logging_mixin.py:149} INFO - [2023-07-04T00:27:57.352+0000] {dag.py:2726} INFO - Sync 1 DAGs
[2023-07-04T00:27:57.444+0000] {logging_mixin.py:149} INFO - [2023-07-04T00:27:57.444+0000] {dag.py:3490} INFO - Setting next_dagrun for example_sensor_decorator to None, run_after=None
[2023-07-04T00:27:57.549+0000] {processor.py:179} INFO - Processing /home/airflow/.local/lib/python3.7/site-packages/airflow/example_dags/example_sensor_decorator.py took 0.403 seconds
[2023-07-04T00:28:27.745+0000] {processor.py:157} INFO - Started process (PID=2437) to work on /home/airflow/.local/lib/python3.7/site-packages/airflow/example_dags/example_sensor_decorator.py
[2023-07-04T00:28:27.748+0000] {processor.py:826} INFO - Processing file /home/airflow/.local/lib/python3.7/site-packages/airflow/example_dags/example_sensor_decorator.py for tasks to queue
[2023-07-04T00:28:27.750+0000] {logging_mixin.py:149} INFO - [2023-07-04T00:28:27.749+0000] {dagbag.py:541} INFO - Filling up the DagBag from /home/airflow/.local/lib/python3.7/site-packages/airflow/example_dags/example_sensor_decorator.py
[2023-07-04T00:28:27.761+0000] {processor.py:836} INFO - DAG(s) dict_keys(['example_sensor_decorator']) retrieved from /home/airflow/.local/lib/python3.7/site-packages/airflow/example_dags/example_sensor_decorator.py
[2023-07-04T00:28:27.795+0000] {logging_mixin.py:149} INFO - [2023-07-04T00:28:27.795+0000] {dag.py:2726} INFO - Sync 1 DAGs
[2023-07-04T00:28:27.835+0000] {logging_mixin.py:149} INFO - [2023-07-04T00:28:27.835+0000] {dag.py:3490} INFO - Setting next_dagrun for example_sensor_decorator to None, run_after=None
[2023-07-04T00:28:27.860+0000] {processor.py:179} INFO - Processing /home/airflow/.local/lib/python3.7/site-packages/airflow/example_dags/example_sensor_decorator.py took 0.122 seconds
[2023-07-04T00:28:58.236+0000] {processor.py:157} INFO - Started process (PID=2494) to work on /home/airflow/.local/lib/python3.7/site-packages/airflow/example_dags/example_sensor_decorator.py
[2023-07-04T00:28:58.237+0000] {processor.py:826} INFO - Processing file /home/airflow/.local/lib/python3.7/site-packages/airflow/example_dags/example_sensor_decorator.py for tasks to queue
[2023-07-04T00:28:58.239+0000] {logging_mixin.py:149} INFO - [2023-07-04T00:28:58.238+0000] {dagbag.py:541} INFO - Filling up the DagBag from /home/airflow/.local/lib/python3.7/site-packages/airflow/example_dags/example_sensor_decorator.py
[2023-07-04T00:28:58.250+0000] {processor.py:836} INFO - DAG(s) dict_keys(['example_sensor_decorator']) retrieved from /home/airflow/.local/lib/python3.7/site-packages/airflow/example_dags/example_sensor_decorator.py
[2023-07-04T00:28:58.303+0000] {logging_mixin.py:149} INFO - [2023-07-04T00:28:58.303+0000] {dag.py:2726} INFO - Sync 1 DAGs
[2023-07-04T00:28:58.351+0000] {logging_mixin.py:149} INFO - [2023-07-04T00:28:58.351+0000] {dag.py:3490} INFO - Setting next_dagrun for example_sensor_decorator to None, run_after=None
[2023-07-04T00:28:58.383+0000] {processor.py:179} INFO - Processing /home/airflow/.local/lib/python3.7/site-packages/airflow/example_dags/example_sensor_decorator.py took 0.153 seconds
[2023-07-04T00:29:28.681+0000] {processor.py:157} INFO - Started process (PID=2551) to work on /home/airflow/.local/lib/python3.7/site-packages/airflow/example_dags/example_sensor_decorator.py
[2023-07-04T00:29:28.682+0000] {processor.py:826} INFO - Processing file /home/airflow/.local/lib/python3.7/site-packages/airflow/example_dags/example_sensor_decorator.py for tasks to queue
[2023-07-04T00:29:28.684+0000] {logging_mixin.py:149} INFO - [2023-07-04T00:29:28.683+0000] {dagbag.py:541} INFO - Filling up the DagBag from /home/airflow/.local/lib/python3.7/site-packages/airflow/example_dags/example_sensor_decorator.py
[2023-07-04T00:29:28.698+0000] {processor.py:836} INFO - DAG(s) dict_keys(['example_sensor_decorator']) retrieved from /home/airflow/.local/lib/python3.7/site-packages/airflow/example_dags/example_sensor_decorator.py
[2023-07-04T00:29:28.729+0000] {logging_mixin.py:149} INFO - [2023-07-04T00:29:28.729+0000] {dag.py:2726} INFO - Sync 1 DAGs
[2023-07-04T00:29:28.762+0000] {logging_mixin.py:149} INFO - [2023-07-04T00:29:28.762+0000] {dag.py:3490} INFO - Setting next_dagrun for example_sensor_decorator to None, run_after=None
[2023-07-04T00:29:28.787+0000] {processor.py:179} INFO - Processing /home/airflow/.local/lib/python3.7/site-packages/airflow/example_dags/example_sensor_decorator.py took 0.111 seconds
[2023-07-04T00:29:59.591+0000] {processor.py:157} INFO - Started process (PID=2608) to work on /home/airflow/.local/lib/python3.7/site-packages/airflow/example_dags/example_sensor_decorator.py
[2023-07-04T00:29:59.593+0000] {processor.py:826} INFO - Processing file /home/airflow/.local/lib/python3.7/site-packages/airflow/example_dags/example_sensor_decorator.py for tasks to queue
[2023-07-04T00:29:59.596+0000] {logging_mixin.py:149} INFO - [2023-07-04T00:29:59.595+0000] {dagbag.py:541} INFO - Filling up the DagBag from /home/airflow/.local/lib/python3.7/site-packages/airflow/example_dags/example_sensor_decorator.py
[2023-07-04T00:29:59.612+0000] {processor.py:836} INFO - DAG(s) dict_keys(['example_sensor_decorator']) retrieved from /home/airflow/.local/lib/python3.7/site-packages/airflow/example_dags/example_sensor_decorator.py
[2023-07-04T00:29:59.667+0000] {logging_mixin.py:149} INFO - [2023-07-04T00:29:59.666+0000] {dag.py:2726} INFO - Sync 1 DAGs
[2023-07-04T00:29:59.707+0000] {logging_mixin.py:149} INFO - [2023-07-04T00:29:59.707+0000] {dag.py:3490} INFO - Setting next_dagrun for example_sensor_decorator to None, run_after=None
[2023-07-04T00:29:59.737+0000] {processor.py:179} INFO - Processing /home/airflow/.local/lib/python3.7/site-packages/airflow/example_dags/example_sensor_decorator.py took 0.152 seconds
[2023-07-04T00:30:30.018+0000] {processor.py:157} INFO - Started process (PID=2665) to work on /home/airflow/.local/lib/python3.7/site-packages/airflow/example_dags/example_sensor_decorator.py
[2023-07-04T00:30:30.019+0000] {processor.py:826} INFO - Processing file /home/airflow/.local/lib/python3.7/site-packages/airflow/example_dags/example_sensor_decorator.py for tasks to queue
[2023-07-04T00:30:30.020+0000] {logging_mixin.py:149} INFO - [2023-07-04T00:30:30.020+0000] {dagbag.py:541} INFO - Filling up the DagBag from /home/airflow/.local/lib/python3.7/site-packages/airflow/example_dags/example_sensor_decorator.py
[2023-07-04T00:30:30.030+0000] {processor.py:836} INFO - DAG(s) dict_keys(['example_sensor_decorator']) retrieved from /home/airflow/.local/lib/python3.7/site-packages/airflow/example_dags/example_sensor_decorator.py
[2023-07-04T00:30:30.070+0000] {logging_mixin.py:149} INFO - [2023-07-04T00:30:30.070+0000] {dag.py:2726} INFO - Sync 1 DAGs
[2023-07-04T00:30:30.114+0000] {logging_mixin.py:149} INFO - [2023-07-04T00:30:30.114+0000] {dag.py:3490} INFO - Setting next_dagrun for example_sensor_decorator to None, run_after=None
[2023-07-04T00:30:30.144+0000] {processor.py:179} INFO - Processing /home/airflow/.local/lib/python3.7/site-packages/airflow/example_dags/example_sensor_decorator.py took 0.132 seconds
[2023-07-04T00:31:00.219+0000] {processor.py:157} INFO - Started process (PID=2721) to work on /home/airflow/.local/lib/python3.7/site-packages/airflow/example_dags/example_sensor_decorator.py
[2023-07-04T00:31:00.220+0000] {processor.py:826} INFO - Processing file /home/airflow/.local/lib/python3.7/site-packages/airflow/example_dags/example_sensor_decorator.py for tasks to queue
[2023-07-04T00:31:00.221+0000] {logging_mixin.py:149} INFO - [2023-07-04T00:31:00.221+0000] {dagbag.py:541} INFO - Filling up the DagBag from /home/airflow/.local/lib/python3.7/site-packages/airflow/example_dags/example_sensor_decorator.py
[2023-07-04T00:31:00.231+0000] {processor.py:836} INFO - DAG(s) dict_keys(['example_sensor_decorator']) retrieved from /home/airflow/.local/lib/python3.7/site-packages/airflow/example_dags/example_sensor_decorator.py
[2023-07-04T00:31:00.278+0000] {logging_mixin.py:149} INFO - [2023-07-04T00:31:00.278+0000] {dag.py:2726} INFO - Sync 1 DAGs
[2023-07-04T00:31:00.326+0000] {logging_mixin.py:149} INFO - [2023-07-04T00:31:00.325+0000] {dag.py:3490} INFO - Setting next_dagrun for example_sensor_decorator to None, run_after=None
[2023-07-04T00:31:00.360+0000] {processor.py:179} INFO - Processing /home/airflow/.local/lib/python3.7/site-packages/airflow/example_dags/example_sensor_decorator.py took 0.148 seconds
[2023-07-04T00:31:30.448+0000] {processor.py:157} INFO - Started process (PID=2778) to work on /home/airflow/.local/lib/python3.7/site-packages/airflow/example_dags/example_sensor_decorator.py
[2023-07-04T00:31:30.449+0000] {processor.py:826} INFO - Processing file /home/airflow/.local/lib/python3.7/site-packages/airflow/example_dags/example_sensor_decorator.py for tasks to queue
[2023-07-04T00:31:30.450+0000] {logging_mixin.py:149} INFO - [2023-07-04T00:31:30.450+0000] {dagbag.py:541} INFO - Filling up the DagBag from /home/airflow/.local/lib/python3.7/site-packages/airflow/example_dags/example_sensor_decorator.py
[2023-07-04T00:31:30.465+0000] {processor.py:836} INFO - DAG(s) dict_keys(['example_sensor_decorator']) retrieved from /home/airflow/.local/lib/python3.7/site-packages/airflow/example_dags/example_sensor_decorator.py
[2023-07-04T00:31:30.512+0000] {logging_mixin.py:149} INFO - [2023-07-04T00:31:30.512+0000] {dag.py:2726} INFO - Sync 1 DAGs
[2023-07-04T00:31:30.561+0000] {logging_mixin.py:149} INFO - [2023-07-04T00:31:30.560+0000] {dag.py:3490} INFO - Setting next_dagrun for example_sensor_decorator to None, run_after=None
[2023-07-04T00:31:30.594+0000] {processor.py:179} INFO - Processing /home/airflow/.local/lib/python3.7/site-packages/airflow/example_dags/example_sensor_decorator.py took 0.154 seconds
[2023-07-04T00:32:00.901+0000] {processor.py:157} INFO - Started process (PID=2835) to work on /home/airflow/.local/lib/python3.7/site-packages/airflow/example_dags/example_sensor_decorator.py
[2023-07-04T00:32:00.903+0000] {processor.py:826} INFO - Processing file /home/airflow/.local/lib/python3.7/site-packages/airflow/example_dags/example_sensor_decorator.py for tasks to queue
[2023-07-04T00:32:00.906+0000] {logging_mixin.py:149} INFO - [2023-07-04T00:32:00.906+0000] {dagbag.py:541} INFO - Filling up the DagBag from /home/airflow/.local/lib/python3.7/site-packages/airflow/example_dags/example_sensor_decorator.py
[2023-07-04T00:32:00.919+0000] {processor.py:836} INFO - DAG(s) dict_keys(['example_sensor_decorator']) retrieved from /home/airflow/.local/lib/python3.7/site-packages/airflow/example_dags/example_sensor_decorator.py
[2023-07-04T00:32:00.968+0000] {logging_mixin.py:149} INFO - [2023-07-04T00:32:00.968+0000] {dag.py:2726} INFO - Sync 1 DAGs
[2023-07-04T00:32:01.024+0000] {logging_mixin.py:149} INFO - [2023-07-04T00:32:01.024+0000] {dag.py:3490} INFO - Setting next_dagrun for example_sensor_decorator to None, run_after=None
[2023-07-04T00:32:01.068+0000] {processor.py:179} INFO - Processing /home/airflow/.local/lib/python3.7/site-packages/airflow/example_dags/example_sensor_decorator.py took 0.177 seconds
[2023-07-04T00:32:31.320+0000] {processor.py:157} INFO - Started process (PID=2892) to work on /home/airflow/.local/lib/python3.7/site-packages/airflow/example_dags/example_sensor_decorator.py
[2023-07-04T00:32:31.321+0000] {processor.py:826} INFO - Processing file /home/airflow/.local/lib/python3.7/site-packages/airflow/example_dags/example_sensor_decorator.py for tasks to queue
[2023-07-04T00:32:31.322+0000] {logging_mixin.py:149} INFO - [2023-07-04T00:32:31.322+0000] {dagbag.py:541} INFO - Filling up the DagBag from /home/airflow/.local/lib/python3.7/site-packages/airflow/example_dags/example_sensor_decorator.py
[2023-07-04T00:32:31.330+0000] {processor.py:836} INFO - DAG(s) dict_keys(['example_sensor_decorator']) retrieved from /home/airflow/.local/lib/python3.7/site-packages/airflow/example_dags/example_sensor_decorator.py
[2023-07-04T00:32:31.361+0000] {logging_mixin.py:149} INFO - [2023-07-04T00:32:31.361+0000] {dag.py:2726} INFO - Sync 1 DAGs
[2023-07-04T00:32:31.393+0000] {logging_mixin.py:149} INFO - [2023-07-04T00:32:31.393+0000] {dag.py:3490} INFO - Setting next_dagrun for example_sensor_decorator to None, run_after=None
[2023-07-04T00:32:31.419+0000] {processor.py:179} INFO - Processing /home/airflow/.local/lib/python3.7/site-packages/airflow/example_dags/example_sensor_decorator.py took 0.105 seconds
[2023-07-04T00:33:01.671+0000] {processor.py:157} INFO - Started process (PID=2950) to work on /home/airflow/.local/lib/python3.7/site-packages/airflow/example_dags/example_sensor_decorator.py
[2023-07-04T00:33:01.674+0000] {processor.py:826} INFO - Processing file /home/airflow/.local/lib/python3.7/site-packages/airflow/example_dags/example_sensor_decorator.py for tasks to queue
[2023-07-04T00:33:01.675+0000] {logging_mixin.py:149} INFO - [2023-07-04T00:33:01.675+0000] {dagbag.py:541} INFO - Filling up the DagBag from /home/airflow/.local/lib/python3.7/site-packages/airflow/example_dags/example_sensor_decorator.py
[2023-07-04T00:33:01.688+0000] {processor.py:836} INFO - DAG(s) dict_keys(['example_sensor_decorator']) retrieved from /home/airflow/.local/lib/python3.7/site-packages/airflow/example_dags/example_sensor_decorator.py
[2023-07-04T00:33:01.743+0000] {logging_mixin.py:149} INFO - [2023-07-04T00:33:01.743+0000] {dag.py:2726} INFO - Sync 1 DAGs
[2023-07-04T00:33:01.789+0000] {logging_mixin.py:149} INFO - [2023-07-04T00:33:01.789+0000] {dag.py:3490} INFO - Setting next_dagrun for example_sensor_decorator to None, run_after=None
[2023-07-04T00:33:01.814+0000] {processor.py:179} INFO - Processing /home/airflow/.local/lib/python3.7/site-packages/airflow/example_dags/example_sensor_decorator.py took 0.150 seconds
