[2023-07-04T00:07:10.115+0000] {processor.py:157} INFO - Started process (PID=72) to work on /home/airflow/.local/lib/python3.7/site-packages/airflow/example_dags/example_local_kubernetes_executor.py
[2023-07-04T00:07:10.127+0000] {processor.py:826} INFO - Processing file /home/airflow/.local/lib/python3.7/site-packages/airflow/example_dags/example_local_kubernetes_executor.py for tasks to queue
[2023-07-04T00:07:10.131+0000] {logging_mixin.py:149} INFO - [2023-07-04T00:07:10.130+0000] {dagbag.py:541} INFO - Filling up the DagBag from /home/airflow/.local/lib/python3.7/site-packages/airflow/example_dags/example_local_kubernetes_executor.py
[2023-07-04T00:07:11.467+0000] {processor.py:836} INFO - DAG(s) dict_keys(['example_local_kubernetes_executor']) retrieved from /home/airflow/.local/lib/python3.7/site-packages/airflow/example_dags/example_local_kubernetes_executor.py
[2023-07-04T00:07:11.597+0000] {logging_mixin.py:149} INFO - [2023-07-04T00:07:11.596+0000] {dag.py:2726} INFO - Sync 1 DAGs
[2023-07-04T00:07:11.736+0000] {logging_mixin.py:149} INFO - [2023-07-04T00:07:11.736+0000] {dag.py:3490} INFO - Setting next_dagrun for example_local_kubernetes_executor to None, run_after=None
[2023-07-04T00:07:11.831+0000] {processor.py:179} INFO - Processing /home/airflow/.local/lib/python3.7/site-packages/airflow/example_dags/example_local_kubernetes_executor.py took 1.728 seconds
[2023-07-04T00:07:41.910+0000] {processor.py:157} INFO - Started process (PID=131) to work on /home/airflow/.local/lib/python3.7/site-packages/airflow/example_dags/example_local_kubernetes_executor.py
[2023-07-04T00:07:41.911+0000] {processor.py:826} INFO - Processing file /home/airflow/.local/lib/python3.7/site-packages/airflow/example_dags/example_local_kubernetes_executor.py for tasks to queue
[2023-07-04T00:07:41.913+0000] {logging_mixin.py:149} INFO - [2023-07-04T00:07:41.912+0000] {dagbag.py:541} INFO - Filling up the DagBag from /home/airflow/.local/lib/python3.7/site-packages/airflow/example_dags/example_local_kubernetes_executor.py
[2023-07-04T00:07:42.334+0000] {processor.py:836} INFO - DAG(s) dict_keys(['example_local_kubernetes_executor']) retrieved from /home/airflow/.local/lib/python3.7/site-packages/airflow/example_dags/example_local_kubernetes_executor.py
[2023-07-04T00:07:42.402+0000] {logging_mixin.py:149} INFO - [2023-07-04T00:07:42.401+0000] {dag.py:2726} INFO - Sync 1 DAGs
[2023-07-04T00:07:42.466+0000] {logging_mixin.py:149} INFO - [2023-07-04T00:07:42.466+0000] {dag.py:3490} INFO - Setting next_dagrun for example_local_kubernetes_executor to None, run_after=None
[2023-07-04T00:07:42.516+0000] {processor.py:179} INFO - Processing /home/airflow/.local/lib/python3.7/site-packages/airflow/example_dags/example_local_kubernetes_executor.py took 0.612 seconds
[2023-07-04T00:08:12.655+0000] {processor.py:157} INFO - Started process (PID=190) to work on /home/airflow/.local/lib/python3.7/site-packages/airflow/example_dags/example_local_kubernetes_executor.py
[2023-07-04T00:08:12.656+0000] {processor.py:826} INFO - Processing file /home/airflow/.local/lib/python3.7/site-packages/airflow/example_dags/example_local_kubernetes_executor.py for tasks to queue
[2023-07-04T00:08:12.657+0000] {logging_mixin.py:149} INFO - [2023-07-04T00:08:12.657+0000] {dagbag.py:541} INFO - Filling up the DagBag from /home/airflow/.local/lib/python3.7/site-packages/airflow/example_dags/example_local_kubernetes_executor.py
[2023-07-04T00:08:12.962+0000] {processor.py:836} INFO - DAG(s) dict_keys(['example_local_kubernetes_executor']) retrieved from /home/airflow/.local/lib/python3.7/site-packages/airflow/example_dags/example_local_kubernetes_executor.py
[2023-07-04T00:08:13.017+0000] {logging_mixin.py:149} INFO - [2023-07-04T00:08:13.017+0000] {dag.py:2726} INFO - Sync 1 DAGs
[2023-07-04T00:08:13.053+0000] {logging_mixin.py:149} INFO - [2023-07-04T00:08:13.053+0000] {dag.py:3490} INFO - Setting next_dagrun for example_local_kubernetes_executor to None, run_after=None
[2023-07-04T00:08:13.082+0000] {processor.py:179} INFO - Processing /home/airflow/.local/lib/python3.7/site-packages/airflow/example_dags/example_local_kubernetes_executor.py took 0.435 seconds
[2023-07-04T00:08:43.257+0000] {processor.py:157} INFO - Started process (PID=247) to work on /home/airflow/.local/lib/python3.7/site-packages/airflow/example_dags/example_local_kubernetes_executor.py
[2023-07-04T00:08:43.259+0000] {processor.py:826} INFO - Processing file /home/airflow/.local/lib/python3.7/site-packages/airflow/example_dags/example_local_kubernetes_executor.py for tasks to queue
[2023-07-04T00:08:43.259+0000] {logging_mixin.py:149} INFO - [2023-07-04T00:08:43.259+0000] {dagbag.py:541} INFO - Filling up the DagBag from /home/airflow/.local/lib/python3.7/site-packages/airflow/example_dags/example_local_kubernetes_executor.py
[2023-07-04T00:08:43.568+0000] {processor.py:836} INFO - DAG(s) dict_keys(['example_local_kubernetes_executor']) retrieved from /home/airflow/.local/lib/python3.7/site-packages/airflow/example_dags/example_local_kubernetes_executor.py
[2023-07-04T00:08:43.616+0000] {logging_mixin.py:149} INFO - [2023-07-04T00:08:43.616+0000] {dag.py:2726} INFO - Sync 1 DAGs
[2023-07-04T00:08:43.650+0000] {logging_mixin.py:149} INFO - [2023-07-04T00:08:43.650+0000] {dag.py:3490} INFO - Setting next_dagrun for example_local_kubernetes_executor to None, run_after=None
[2023-07-04T00:08:43.679+0000] {processor.py:179} INFO - Processing /home/airflow/.local/lib/python3.7/site-packages/airflow/example_dags/example_local_kubernetes_executor.py took 0.427 seconds
[2023-07-04T00:09:13.753+0000] {processor.py:157} INFO - Started process (PID=302) to work on /home/airflow/.local/lib/python3.7/site-packages/airflow/example_dags/example_local_kubernetes_executor.py
[2023-07-04T00:09:13.754+0000] {processor.py:826} INFO - Processing file /home/airflow/.local/lib/python3.7/site-packages/airflow/example_dags/example_local_kubernetes_executor.py for tasks to queue
[2023-07-04T00:09:13.757+0000] {logging_mixin.py:149} INFO - [2023-07-04T00:09:13.756+0000] {dagbag.py:541} INFO - Filling up the DagBag from /home/airflow/.local/lib/python3.7/site-packages/airflow/example_dags/example_local_kubernetes_executor.py
[2023-07-04T00:09:14.209+0000] {processor.py:836} INFO - DAG(s) dict_keys(['example_local_kubernetes_executor']) retrieved from /home/airflow/.local/lib/python3.7/site-packages/airflow/example_dags/example_local_kubernetes_executor.py
[2023-07-04T00:09:14.279+0000] {logging_mixin.py:149} INFO - [2023-07-04T00:09:14.279+0000] {dag.py:2726} INFO - Sync 1 DAGs
[2023-07-04T00:09:14.321+0000] {logging_mixin.py:149} INFO - [2023-07-04T00:09:14.321+0000] {dag.py:3490} INFO - Setting next_dagrun for example_local_kubernetes_executor to None, run_after=None
[2023-07-04T00:09:14.360+0000] {processor.py:179} INFO - Processing /home/airflow/.local/lib/python3.7/site-packages/airflow/example_dags/example_local_kubernetes_executor.py took 0.613 seconds
[2023-07-04T00:09:44.480+0000] {processor.py:157} INFO - Started process (PID=359) to work on /home/airflow/.local/lib/python3.7/site-packages/airflow/example_dags/example_local_kubernetes_executor.py
[2023-07-04T00:09:44.481+0000] {processor.py:826} INFO - Processing file /home/airflow/.local/lib/python3.7/site-packages/airflow/example_dags/example_local_kubernetes_executor.py for tasks to queue
[2023-07-04T00:09:44.483+0000] {logging_mixin.py:149} INFO - [2023-07-04T00:09:44.483+0000] {dagbag.py:541} INFO - Filling up the DagBag from /home/airflow/.local/lib/python3.7/site-packages/airflow/example_dags/example_local_kubernetes_executor.py
[2023-07-04T00:09:44.895+0000] {processor.py:836} INFO - DAG(s) dict_keys(['example_local_kubernetes_executor']) retrieved from /home/airflow/.local/lib/python3.7/site-packages/airflow/example_dags/example_local_kubernetes_executor.py
[2023-07-04T00:09:44.959+0000] {logging_mixin.py:149} INFO - [2023-07-04T00:09:44.959+0000] {dag.py:2726} INFO - Sync 1 DAGs
[2023-07-04T00:09:45.009+0000] {logging_mixin.py:149} INFO - [2023-07-04T00:09:45.009+0000] {dag.py:3490} INFO - Setting next_dagrun for example_local_kubernetes_executor to None, run_after=None
[2023-07-04T00:09:45.050+0000] {processor.py:179} INFO - Processing /home/airflow/.local/lib/python3.7/site-packages/airflow/example_dags/example_local_kubernetes_executor.py took 0.576 seconds
[2023-07-04T00:10:15.116+0000] {processor.py:157} INFO - Started process (PID=415) to work on /home/airflow/.local/lib/python3.7/site-packages/airflow/example_dags/example_local_kubernetes_executor.py
[2023-07-04T00:10:15.118+0000] {processor.py:826} INFO - Processing file /home/airflow/.local/lib/python3.7/site-packages/airflow/example_dags/example_local_kubernetes_executor.py for tasks to queue
[2023-07-04T00:10:15.119+0000] {logging_mixin.py:149} INFO - [2023-07-04T00:10:15.119+0000] {dagbag.py:541} INFO - Filling up the DagBag from /home/airflow/.local/lib/python3.7/site-packages/airflow/example_dags/example_local_kubernetes_executor.py
[2023-07-04T00:10:15.771+0000] {processor.py:836} INFO - DAG(s) dict_keys(['example_local_kubernetes_executor']) retrieved from /home/airflow/.local/lib/python3.7/site-packages/airflow/example_dags/example_local_kubernetes_executor.py
[2023-07-04T00:10:15.863+0000] {logging_mixin.py:149} INFO - [2023-07-04T00:10:15.862+0000] {dag.py:2726} INFO - Sync 1 DAGs
[2023-07-04T00:10:15.948+0000] {logging_mixin.py:149} INFO - [2023-07-04T00:10:15.948+0000] {dag.py:3490} INFO - Setting next_dagrun for example_local_kubernetes_executor to None, run_after=None
[2023-07-04T00:10:16.018+0000] {processor.py:179} INFO - Processing /home/airflow/.local/lib/python3.7/site-packages/airflow/example_dags/example_local_kubernetes_executor.py took 0.910 seconds
[2023-07-04T00:10:46.202+0000] {processor.py:157} INFO - Started process (PID=474) to work on /home/airflow/.local/lib/python3.7/site-packages/airflow/example_dags/example_local_kubernetes_executor.py
[2023-07-04T00:10:46.203+0000] {processor.py:826} INFO - Processing file /home/airflow/.local/lib/python3.7/site-packages/airflow/example_dags/example_local_kubernetes_executor.py for tasks to queue
[2023-07-04T00:10:46.204+0000] {logging_mixin.py:149} INFO - [2023-07-04T00:10:46.203+0000] {dagbag.py:541} INFO - Filling up the DagBag from /home/airflow/.local/lib/python3.7/site-packages/airflow/example_dags/example_local_kubernetes_executor.py
[2023-07-04T00:10:46.584+0000] {processor.py:836} INFO - DAG(s) dict_keys(['example_local_kubernetes_executor']) retrieved from /home/airflow/.local/lib/python3.7/site-packages/airflow/example_dags/example_local_kubernetes_executor.py
[2023-07-04T00:10:46.641+0000] {logging_mixin.py:149} INFO - [2023-07-04T00:10:46.640+0000] {dag.py:2726} INFO - Sync 1 DAGs
[2023-07-04T00:10:46.683+0000] {logging_mixin.py:149} INFO - [2023-07-04T00:10:46.683+0000] {dag.py:3490} INFO - Setting next_dagrun for example_local_kubernetes_executor to None, run_after=None
[2023-07-04T00:10:46.713+0000] {processor.py:179} INFO - Processing /home/airflow/.local/lib/python3.7/site-packages/airflow/example_dags/example_local_kubernetes_executor.py took 0.517 seconds
[2023-07-04T00:11:17.153+0000] {processor.py:157} INFO - Started process (PID=531) to work on /home/airflow/.local/lib/python3.7/site-packages/airflow/example_dags/example_local_kubernetes_executor.py
[2023-07-04T00:11:17.155+0000] {processor.py:826} INFO - Processing file /home/airflow/.local/lib/python3.7/site-packages/airflow/example_dags/example_local_kubernetes_executor.py for tasks to queue
[2023-07-04T00:11:17.157+0000] {logging_mixin.py:149} INFO - [2023-07-04T00:11:17.156+0000] {dagbag.py:541} INFO - Filling up the DagBag from /home/airflow/.local/lib/python3.7/site-packages/airflow/example_dags/example_local_kubernetes_executor.py
[2023-07-04T00:11:17.597+0000] {processor.py:836} INFO - DAG(s) dict_keys(['example_local_kubernetes_executor']) retrieved from /home/airflow/.local/lib/python3.7/site-packages/airflow/example_dags/example_local_kubernetes_executor.py
[2023-07-04T00:11:17.644+0000] {logging_mixin.py:149} INFO - [2023-07-04T00:11:17.644+0000] {dag.py:2726} INFO - Sync 1 DAGs
[2023-07-04T00:11:17.696+0000] {logging_mixin.py:149} INFO - [2023-07-04T00:11:17.696+0000] {dag.py:3490} INFO - Setting next_dagrun for example_local_kubernetes_executor to None, run_after=None
[2023-07-04T00:11:17.733+0000] {processor.py:179} INFO - Processing /home/airflow/.local/lib/python3.7/site-packages/airflow/example_dags/example_local_kubernetes_executor.py took 0.591 seconds
[2023-07-04T00:11:48.650+0000] {processor.py:157} INFO - Started process (PID=588) to work on /home/airflow/.local/lib/python3.7/site-packages/airflow/example_dags/example_local_kubernetes_executor.py
[2023-07-04T00:11:48.651+0000] {processor.py:826} INFO - Processing file /home/airflow/.local/lib/python3.7/site-packages/airflow/example_dags/example_local_kubernetes_executor.py for tasks to queue
[2023-07-04T00:11:48.652+0000] {logging_mixin.py:149} INFO - [2023-07-04T00:11:48.652+0000] {dagbag.py:541} INFO - Filling up the DagBag from /home/airflow/.local/lib/python3.7/site-packages/airflow/example_dags/example_local_kubernetes_executor.py
[2023-07-04T00:11:49.158+0000] {processor.py:836} INFO - DAG(s) dict_keys(['example_local_kubernetes_executor']) retrieved from /home/airflow/.local/lib/python3.7/site-packages/airflow/example_dags/example_local_kubernetes_executor.py
[2023-07-04T00:11:49.230+0000] {logging_mixin.py:149} INFO - [2023-07-04T00:11:49.230+0000] {dag.py:2726} INFO - Sync 1 DAGs
[2023-07-04T00:11:49.303+0000] {logging_mixin.py:149} INFO - [2023-07-04T00:11:49.302+0000] {dag.py:3490} INFO - Setting next_dagrun for example_local_kubernetes_executor to None, run_after=None
[2023-07-04T00:11:49.343+0000] {processor.py:179} INFO - Processing /home/airflow/.local/lib/python3.7/site-packages/airflow/example_dags/example_local_kubernetes_executor.py took 0.700 seconds
[2023-07-04T00:12:19.429+0000] {processor.py:157} INFO - Started process (PID=646) to work on /home/airflow/.local/lib/python3.7/site-packages/airflow/example_dags/example_local_kubernetes_executor.py
[2023-07-04T00:12:19.431+0000] {processor.py:826} INFO - Processing file /home/airflow/.local/lib/python3.7/site-packages/airflow/example_dags/example_local_kubernetes_executor.py for tasks to queue
[2023-07-04T00:12:19.434+0000] {logging_mixin.py:149} INFO - [2023-07-04T00:12:19.433+0000] {dagbag.py:541} INFO - Filling up the DagBag from /home/airflow/.local/lib/python3.7/site-packages/airflow/example_dags/example_local_kubernetes_executor.py
[2023-07-04T00:12:20.008+0000] {processor.py:836} INFO - DAG(s) dict_keys(['example_local_kubernetes_executor']) retrieved from /home/airflow/.local/lib/python3.7/site-packages/airflow/example_dags/example_local_kubernetes_executor.py
[2023-07-04T00:12:20.128+0000] {logging_mixin.py:149} INFO - [2023-07-04T00:12:20.128+0000] {dag.py:2726} INFO - Sync 1 DAGs
[2023-07-04T00:12:20.180+0000] {logging_mixin.py:149} INFO - [2023-07-04T00:12:20.180+0000] {dag.py:3490} INFO - Setting next_dagrun for example_local_kubernetes_executor to None, run_after=None
[2023-07-04T00:12:20.222+0000] {processor.py:179} INFO - Processing /home/airflow/.local/lib/python3.7/site-packages/airflow/example_dags/example_local_kubernetes_executor.py took 0.806 seconds
[2023-07-04T00:12:50.545+0000] {processor.py:157} INFO - Started process (PID=705) to work on /home/airflow/.local/lib/python3.7/site-packages/airflow/example_dags/example_local_kubernetes_executor.py
[2023-07-04T00:12:50.547+0000] {processor.py:826} INFO - Processing file /home/airflow/.local/lib/python3.7/site-packages/airflow/example_dags/example_local_kubernetes_executor.py for tasks to queue
[2023-07-04T00:12:50.549+0000] {logging_mixin.py:149} INFO - [2023-07-04T00:12:50.549+0000] {dagbag.py:541} INFO - Filling up the DagBag from /home/airflow/.local/lib/python3.7/site-packages/airflow/example_dags/example_local_kubernetes_executor.py
[2023-07-04T00:12:51.538+0000] {processor.py:836} INFO - DAG(s) dict_keys(['example_local_kubernetes_executor']) retrieved from /home/airflow/.local/lib/python3.7/site-packages/airflow/example_dags/example_local_kubernetes_executor.py
[2023-07-04T00:12:51.674+0000] {logging_mixin.py:149} INFO - [2023-07-04T00:12:51.674+0000] {dag.py:2726} INFO - Sync 1 DAGs
[2023-07-04T00:12:51.761+0000] {logging_mixin.py:149} INFO - [2023-07-04T00:12:51.761+0000] {dag.py:3490} INFO - Setting next_dagrun for example_local_kubernetes_executor to None, run_after=None
[2023-07-04T00:12:51.797+0000] {processor.py:179} INFO - Processing /home/airflow/.local/lib/python3.7/site-packages/airflow/example_dags/example_local_kubernetes_executor.py took 1.265 seconds
[2023-07-04T00:13:21.862+0000] {processor.py:157} INFO - Started process (PID=762) to work on /home/airflow/.local/lib/python3.7/site-packages/airflow/example_dags/example_local_kubernetes_executor.py
[2023-07-04T00:13:21.864+0000] {processor.py:826} INFO - Processing file /home/airflow/.local/lib/python3.7/site-packages/airflow/example_dags/example_local_kubernetes_executor.py for tasks to queue
[2023-07-04T00:13:21.866+0000] {logging_mixin.py:149} INFO - [2023-07-04T00:13:21.865+0000] {dagbag.py:541} INFO - Filling up the DagBag from /home/airflow/.local/lib/python3.7/site-packages/airflow/example_dags/example_local_kubernetes_executor.py
[2023-07-04T00:13:22.320+0000] {processor.py:836} INFO - DAG(s) dict_keys(['example_local_kubernetes_executor']) retrieved from /home/airflow/.local/lib/python3.7/site-packages/airflow/example_dags/example_local_kubernetes_executor.py
[2023-07-04T00:13:22.388+0000] {logging_mixin.py:149} INFO - [2023-07-04T00:13:22.387+0000] {dag.py:2726} INFO - Sync 1 DAGs
[2023-07-04T00:13:22.430+0000] {logging_mixin.py:149} INFO - [2023-07-04T00:13:22.430+0000] {dag.py:3490} INFO - Setting next_dagrun for example_local_kubernetes_executor to None, run_after=None
[2023-07-04T00:13:22.469+0000] {processor.py:179} INFO - Processing /home/airflow/.local/lib/python3.7/site-packages/airflow/example_dags/example_local_kubernetes_executor.py took 0.615 seconds
[2023-07-04T00:13:53.488+0000] {processor.py:157} INFO - Started process (PID=823) to work on /home/airflow/.local/lib/python3.7/site-packages/airflow/example_dags/example_local_kubernetes_executor.py
[2023-07-04T00:13:53.490+0000] {processor.py:826} INFO - Processing file /home/airflow/.local/lib/python3.7/site-packages/airflow/example_dags/example_local_kubernetes_executor.py for tasks to queue
[2023-07-04T00:13:53.492+0000] {logging_mixin.py:149} INFO - [2023-07-04T00:13:53.492+0000] {dagbag.py:541} INFO - Filling up the DagBag from /home/airflow/.local/lib/python3.7/site-packages/airflow/example_dags/example_local_kubernetes_executor.py
[2023-07-04T00:13:54.110+0000] {processor.py:836} INFO - DAG(s) dict_keys(['example_local_kubernetes_executor']) retrieved from /home/airflow/.local/lib/python3.7/site-packages/airflow/example_dags/example_local_kubernetes_executor.py
[2023-07-04T00:13:54.181+0000] {logging_mixin.py:149} INFO - [2023-07-04T00:13:54.180+0000] {dag.py:2726} INFO - Sync 1 DAGs
[2023-07-04T00:13:54.220+0000] {logging_mixin.py:149} INFO - [2023-07-04T00:13:54.220+0000] {dag.py:3490} INFO - Setting next_dagrun for example_local_kubernetes_executor to None, run_after=None
[2023-07-04T00:13:54.248+0000] {processor.py:179} INFO - Processing /home/airflow/.local/lib/python3.7/site-packages/airflow/example_dags/example_local_kubernetes_executor.py took 0.770 seconds
[2023-07-04T00:14:24.752+0000] {processor.py:157} INFO - Started process (PID=880) to work on /home/airflow/.local/lib/python3.7/site-packages/airflow/example_dags/example_local_kubernetes_executor.py
[2023-07-04T00:14:24.753+0000] {processor.py:826} INFO - Processing file /home/airflow/.local/lib/python3.7/site-packages/airflow/example_dags/example_local_kubernetes_executor.py for tasks to queue
[2023-07-04T00:14:24.755+0000] {logging_mixin.py:149} INFO - [2023-07-04T00:14:24.755+0000] {dagbag.py:541} INFO - Filling up the DagBag from /home/airflow/.local/lib/python3.7/site-packages/airflow/example_dags/example_local_kubernetes_executor.py
[2023-07-04T00:14:25.253+0000] {processor.py:836} INFO - DAG(s) dict_keys(['example_local_kubernetes_executor']) retrieved from /home/airflow/.local/lib/python3.7/site-packages/airflow/example_dags/example_local_kubernetes_executor.py
[2023-07-04T00:14:25.331+0000] {logging_mixin.py:149} INFO - [2023-07-04T00:14:25.330+0000] {dag.py:2726} INFO - Sync 1 DAGs
[2023-07-04T00:14:25.376+0000] {logging_mixin.py:149} INFO - [2023-07-04T00:14:25.376+0000] {dag.py:3490} INFO - Setting next_dagrun for example_local_kubernetes_executor to None, run_after=None
[2023-07-04T00:14:25.406+0000] {processor.py:179} INFO - Processing /home/airflow/.local/lib/python3.7/site-packages/airflow/example_dags/example_local_kubernetes_executor.py took 0.660 seconds
[2023-07-04T00:14:56.394+0000] {processor.py:157} INFO - Started process (PID=937) to work on /home/airflow/.local/lib/python3.7/site-packages/airflow/example_dags/example_local_kubernetes_executor.py
[2023-07-04T00:14:56.396+0000] {processor.py:826} INFO - Processing file /home/airflow/.local/lib/python3.7/site-packages/airflow/example_dags/example_local_kubernetes_executor.py for tasks to queue
[2023-07-04T00:14:56.397+0000] {logging_mixin.py:149} INFO - [2023-07-04T00:14:56.397+0000] {dagbag.py:541} INFO - Filling up the DagBag from /home/airflow/.local/lib/python3.7/site-packages/airflow/example_dags/example_local_kubernetes_executor.py
[2023-07-04T00:14:56.782+0000] {processor.py:836} INFO - DAG(s) dict_keys(['example_local_kubernetes_executor']) retrieved from /home/airflow/.local/lib/python3.7/site-packages/airflow/example_dags/example_local_kubernetes_executor.py
[2023-07-04T00:14:56.833+0000] {logging_mixin.py:149} INFO - [2023-07-04T00:14:56.832+0000] {dag.py:2726} INFO - Sync 1 DAGs
[2023-07-04T00:14:56.888+0000] {logging_mixin.py:149} INFO - [2023-07-04T00:14:56.887+0000] {dag.py:3490} INFO - Setting next_dagrun for example_local_kubernetes_executor to None, run_after=None
[2023-07-04T00:14:56.919+0000] {processor.py:179} INFO - Processing /home/airflow/.local/lib/python3.7/site-packages/airflow/example_dags/example_local_kubernetes_executor.py took 0.532 seconds
[2023-07-04T00:15:27.815+0000] {processor.py:157} INFO - Started process (PID=994) to work on /home/airflow/.local/lib/python3.7/site-packages/airflow/example_dags/example_local_kubernetes_executor.py
[2023-07-04T00:15:27.816+0000] {processor.py:826} INFO - Processing file /home/airflow/.local/lib/python3.7/site-packages/airflow/example_dags/example_local_kubernetes_executor.py for tasks to queue
[2023-07-04T00:15:27.818+0000] {logging_mixin.py:149} INFO - [2023-07-04T00:15:27.817+0000] {dagbag.py:541} INFO - Filling up the DagBag from /home/airflow/.local/lib/python3.7/site-packages/airflow/example_dags/example_local_kubernetes_executor.py
[2023-07-04T00:15:28.149+0000] {processor.py:836} INFO - DAG(s) dict_keys(['example_local_kubernetes_executor']) retrieved from /home/airflow/.local/lib/python3.7/site-packages/airflow/example_dags/example_local_kubernetes_executor.py
[2023-07-04T00:15:28.206+0000] {logging_mixin.py:149} INFO - [2023-07-04T00:15:28.205+0000] {dag.py:2726} INFO - Sync 1 DAGs
[2023-07-04T00:15:28.262+0000] {logging_mixin.py:149} INFO - [2023-07-04T00:15:28.261+0000] {dag.py:3490} INFO - Setting next_dagrun for example_local_kubernetes_executor to None, run_after=None
[2023-07-04T00:15:28.298+0000] {processor.py:179} INFO - Processing /home/airflow/.local/lib/python3.7/site-packages/airflow/example_dags/example_local_kubernetes_executor.py took 0.491 seconds
[2023-07-04T00:15:58.813+0000] {processor.py:157} INFO - Started process (PID=1052) to work on /home/airflow/.local/lib/python3.7/site-packages/airflow/example_dags/example_local_kubernetes_executor.py
[2023-07-04T00:15:58.815+0000] {processor.py:826} INFO - Processing file /home/airflow/.local/lib/python3.7/site-packages/airflow/example_dags/example_local_kubernetes_executor.py for tasks to queue
[2023-07-04T00:15:58.816+0000] {logging_mixin.py:149} INFO - [2023-07-04T00:15:58.816+0000] {dagbag.py:541} INFO - Filling up the DagBag from /home/airflow/.local/lib/python3.7/site-packages/airflow/example_dags/example_local_kubernetes_executor.py
[2023-07-04T00:15:59.233+0000] {processor.py:836} INFO - DAG(s) dict_keys(['example_local_kubernetes_executor']) retrieved from /home/airflow/.local/lib/python3.7/site-packages/airflow/example_dags/example_local_kubernetes_executor.py
[2023-07-04T00:15:59.301+0000] {logging_mixin.py:149} INFO - [2023-07-04T00:15:59.301+0000] {dag.py:2726} INFO - Sync 1 DAGs
[2023-07-04T00:15:59.357+0000] {logging_mixin.py:149} INFO - [2023-07-04T00:15:59.357+0000] {dag.py:3490} INFO - Setting next_dagrun for example_local_kubernetes_executor to None, run_after=None
[2023-07-04T00:15:59.390+0000] {processor.py:179} INFO - Processing /home/airflow/.local/lib/python3.7/site-packages/airflow/example_dags/example_local_kubernetes_executor.py took 0.583 seconds
[2023-07-04T00:16:29.721+0000] {processor.py:157} INFO - Started process (PID=1109) to work on /home/airflow/.local/lib/python3.7/site-packages/airflow/example_dags/example_local_kubernetes_executor.py
[2023-07-04T00:16:29.722+0000] {processor.py:826} INFO - Processing file /home/airflow/.local/lib/python3.7/site-packages/airflow/example_dags/example_local_kubernetes_executor.py for tasks to queue
[2023-07-04T00:16:29.723+0000] {logging_mixin.py:149} INFO - [2023-07-04T00:16:29.723+0000] {dagbag.py:541} INFO - Filling up the DagBag from /home/airflow/.local/lib/python3.7/site-packages/airflow/example_dags/example_local_kubernetes_executor.py
[2023-07-04T00:16:30.059+0000] {processor.py:836} INFO - DAG(s) dict_keys(['example_local_kubernetes_executor']) retrieved from /home/airflow/.local/lib/python3.7/site-packages/airflow/example_dags/example_local_kubernetes_executor.py
[2023-07-04T00:16:30.118+0000] {logging_mixin.py:149} INFO - [2023-07-04T00:16:30.117+0000] {dag.py:2726} INFO - Sync 1 DAGs
[2023-07-04T00:16:30.164+0000] {logging_mixin.py:149} INFO - [2023-07-04T00:16:30.163+0000] {dag.py:3490} INFO - Setting next_dagrun for example_local_kubernetes_executor to None, run_after=None
[2023-07-04T00:16:30.197+0000] {processor.py:179} INFO - Processing /home/airflow/.local/lib/python3.7/site-packages/airflow/example_dags/example_local_kubernetes_executor.py took 0.483 seconds
[2023-07-04T00:17:00.256+0000] {processor.py:157} INFO - Started process (PID=1166) to work on /home/airflow/.local/lib/python3.7/site-packages/airflow/example_dags/example_local_kubernetes_executor.py
[2023-07-04T00:17:00.259+0000] {processor.py:826} INFO - Processing file /home/airflow/.local/lib/python3.7/site-packages/airflow/example_dags/example_local_kubernetes_executor.py for tasks to queue
[2023-07-04T00:17:00.261+0000] {logging_mixin.py:149} INFO - [2023-07-04T00:17:00.260+0000] {dagbag.py:541} INFO - Filling up the DagBag from /home/airflow/.local/lib/python3.7/site-packages/airflow/example_dags/example_local_kubernetes_executor.py
[2023-07-04T00:17:00.574+0000] {processor.py:836} INFO - DAG(s) dict_keys(['example_local_kubernetes_executor']) retrieved from /home/airflow/.local/lib/python3.7/site-packages/airflow/example_dags/example_local_kubernetes_executor.py
[2023-07-04T00:17:00.645+0000] {logging_mixin.py:149} INFO - [2023-07-04T00:17:00.645+0000] {dag.py:2726} INFO - Sync 1 DAGs
[2023-07-04T00:17:00.701+0000] {logging_mixin.py:149} INFO - [2023-07-04T00:17:00.701+0000] {dag.py:3490} INFO - Setting next_dagrun for example_local_kubernetes_executor to None, run_after=None
[2023-07-04T00:17:00.733+0000] {processor.py:179} INFO - Processing /home/airflow/.local/lib/python3.7/site-packages/airflow/example_dags/example_local_kubernetes_executor.py took 0.487 seconds
[2023-07-04T00:17:31.131+0000] {processor.py:157} INFO - Started process (PID=1223) to work on /home/airflow/.local/lib/python3.7/site-packages/airflow/example_dags/example_local_kubernetes_executor.py
[2023-07-04T00:17:31.133+0000] {processor.py:826} INFO - Processing file /home/airflow/.local/lib/python3.7/site-packages/airflow/example_dags/example_local_kubernetes_executor.py for tasks to queue
[2023-07-04T00:17:31.134+0000] {logging_mixin.py:149} INFO - [2023-07-04T00:17:31.134+0000] {dagbag.py:541} INFO - Filling up the DagBag from /home/airflow/.local/lib/python3.7/site-packages/airflow/example_dags/example_local_kubernetes_executor.py
[2023-07-04T00:17:31.622+0000] {processor.py:836} INFO - DAG(s) dict_keys(['example_local_kubernetes_executor']) retrieved from /home/airflow/.local/lib/python3.7/site-packages/airflow/example_dags/example_local_kubernetes_executor.py
[2023-07-04T00:17:31.772+0000] {logging_mixin.py:149} INFO - [2023-07-04T00:17:31.772+0000] {dag.py:2726} INFO - Sync 1 DAGs
[2023-07-04T00:17:31.853+0000] {logging_mixin.py:149} INFO - [2023-07-04T00:17:31.853+0000] {dag.py:3490} INFO - Setting next_dagrun for example_local_kubernetes_executor to None, run_after=None
[2023-07-04T00:17:31.920+0000] {processor.py:179} INFO - Processing /home/airflow/.local/lib/python3.7/site-packages/airflow/example_dags/example_local_kubernetes_executor.py took 0.796 seconds
[2023-07-04T00:18:02.090+0000] {processor.py:157} INFO - Started process (PID=1280) to work on /home/airflow/.local/lib/python3.7/site-packages/airflow/example_dags/example_local_kubernetes_executor.py
[2023-07-04T00:18:02.092+0000] {processor.py:826} INFO - Processing file /home/airflow/.local/lib/python3.7/site-packages/airflow/example_dags/example_local_kubernetes_executor.py for tasks to queue
[2023-07-04T00:18:02.093+0000] {logging_mixin.py:149} INFO - [2023-07-04T00:18:02.093+0000] {dagbag.py:541} INFO - Filling up the DagBag from /home/airflow/.local/lib/python3.7/site-packages/airflow/example_dags/example_local_kubernetes_executor.py
[2023-07-04T00:18:02.522+0000] {processor.py:836} INFO - DAG(s) dict_keys(['example_local_kubernetes_executor']) retrieved from /home/airflow/.local/lib/python3.7/site-packages/airflow/example_dags/example_local_kubernetes_executor.py
[2023-07-04T00:18:02.602+0000] {logging_mixin.py:149} INFO - [2023-07-04T00:18:02.602+0000] {dag.py:2726} INFO - Sync 1 DAGs
[2023-07-04T00:18:02.668+0000] {logging_mixin.py:149} INFO - [2023-07-04T00:18:02.668+0000] {dag.py:3490} INFO - Setting next_dagrun for example_local_kubernetes_executor to None, run_after=None
[2023-07-04T00:18:02.717+0000] {processor.py:179} INFO - Processing /home/airflow/.local/lib/python3.7/site-packages/airflow/example_dags/example_local_kubernetes_executor.py took 0.634 seconds
[2023-07-04T00:18:32.756+0000] {processor.py:157} INFO - Started process (PID=1337) to work on /home/airflow/.local/lib/python3.7/site-packages/airflow/example_dags/example_local_kubernetes_executor.py
[2023-07-04T00:18:32.757+0000] {processor.py:826} INFO - Processing file /home/airflow/.local/lib/python3.7/site-packages/airflow/example_dags/example_local_kubernetes_executor.py for tasks to queue
[2023-07-04T00:18:32.758+0000] {logging_mixin.py:149} INFO - [2023-07-04T00:18:32.758+0000] {dagbag.py:541} INFO - Filling up the DagBag from /home/airflow/.local/lib/python3.7/site-packages/airflow/example_dags/example_local_kubernetes_executor.py
[2023-07-04T00:18:33.196+0000] {processor.py:836} INFO - DAG(s) dict_keys(['example_local_kubernetes_executor']) retrieved from /home/airflow/.local/lib/python3.7/site-packages/airflow/example_dags/example_local_kubernetes_executor.py
[2023-07-04T00:18:33.261+0000] {logging_mixin.py:149} INFO - [2023-07-04T00:18:33.260+0000] {dag.py:2726} INFO - Sync 1 DAGs
[2023-07-04T00:18:33.313+0000] {logging_mixin.py:149} INFO - [2023-07-04T00:18:33.312+0000] {dag.py:3490} INFO - Setting next_dagrun for example_local_kubernetes_executor to None, run_after=None
[2023-07-04T00:18:33.349+0000] {processor.py:179} INFO - Processing /home/airflow/.local/lib/python3.7/site-packages/airflow/example_dags/example_local_kubernetes_executor.py took 0.597 seconds
[2023-07-04T00:19:03.854+0000] {processor.py:157} INFO - Started process (PID=1393) to work on /home/airflow/.local/lib/python3.7/site-packages/airflow/example_dags/example_local_kubernetes_executor.py
[2023-07-04T00:19:03.856+0000] {processor.py:826} INFO - Processing file /home/airflow/.local/lib/python3.7/site-packages/airflow/example_dags/example_local_kubernetes_executor.py for tasks to queue
[2023-07-04T00:19:03.858+0000] {logging_mixin.py:149} INFO - [2023-07-04T00:19:03.857+0000] {dagbag.py:541} INFO - Filling up the DagBag from /home/airflow/.local/lib/python3.7/site-packages/airflow/example_dags/example_local_kubernetes_executor.py
[2023-07-04T00:19:04.385+0000] {processor.py:836} INFO - DAG(s) dict_keys(['example_local_kubernetes_executor']) retrieved from /home/airflow/.local/lib/python3.7/site-packages/airflow/example_dags/example_local_kubernetes_executor.py
[2023-07-04T00:19:04.468+0000] {logging_mixin.py:149} INFO - [2023-07-04T00:19:04.467+0000] {dag.py:2726} INFO - Sync 1 DAGs
[2023-07-04T00:19:04.539+0000] {logging_mixin.py:149} INFO - [2023-07-04T00:19:04.538+0000] {dag.py:3490} INFO - Setting next_dagrun for example_local_kubernetes_executor to None, run_after=None
[2023-07-04T00:19:04.587+0000] {processor.py:179} INFO - Processing /home/airflow/.local/lib/python3.7/site-packages/airflow/example_dags/example_local_kubernetes_executor.py took 0.743 seconds
[2023-07-04T00:19:34.857+0000] {processor.py:157} INFO - Started process (PID=1451) to work on /home/airflow/.local/lib/python3.7/site-packages/airflow/example_dags/example_local_kubernetes_executor.py
[2023-07-04T00:19:34.858+0000] {processor.py:826} INFO - Processing file /home/airflow/.local/lib/python3.7/site-packages/airflow/example_dags/example_local_kubernetes_executor.py for tasks to queue
[2023-07-04T00:19:34.860+0000] {logging_mixin.py:149} INFO - [2023-07-04T00:19:34.859+0000] {dagbag.py:541} INFO - Filling up the DagBag from /home/airflow/.local/lib/python3.7/site-packages/airflow/example_dags/example_local_kubernetes_executor.py
[2023-07-04T00:19:35.223+0000] {processor.py:836} INFO - DAG(s) dict_keys(['example_local_kubernetes_executor']) retrieved from /home/airflow/.local/lib/python3.7/site-packages/airflow/example_dags/example_local_kubernetes_executor.py
[2023-07-04T00:19:35.297+0000] {logging_mixin.py:149} INFO - [2023-07-04T00:19:35.297+0000] {dag.py:2726} INFO - Sync 1 DAGs
[2023-07-04T00:19:35.341+0000] {logging_mixin.py:149} INFO - [2023-07-04T00:19:35.341+0000] {dag.py:3490} INFO - Setting next_dagrun for example_local_kubernetes_executor to None, run_after=None
[2023-07-04T00:19:35.371+0000] {processor.py:179} INFO - Processing /home/airflow/.local/lib/python3.7/site-packages/airflow/example_dags/example_local_kubernetes_executor.py took 0.520 seconds
[2023-07-04T00:20:05.479+0000] {processor.py:157} INFO - Started process (PID=1508) to work on /home/airflow/.local/lib/python3.7/site-packages/airflow/example_dags/example_local_kubernetes_executor.py
[2023-07-04T00:20:05.481+0000] {processor.py:826} INFO - Processing file /home/airflow/.local/lib/python3.7/site-packages/airflow/example_dags/example_local_kubernetes_executor.py for tasks to queue
[2023-07-04T00:20:05.482+0000] {logging_mixin.py:149} INFO - [2023-07-04T00:20:05.482+0000] {dagbag.py:541} INFO - Filling up the DagBag from /home/airflow/.local/lib/python3.7/site-packages/airflow/example_dags/example_local_kubernetes_executor.py
[2023-07-04T00:20:05.830+0000] {processor.py:836} INFO - DAG(s) dict_keys(['example_local_kubernetes_executor']) retrieved from /home/airflow/.local/lib/python3.7/site-packages/airflow/example_dags/example_local_kubernetes_executor.py
[2023-07-04T00:20:05.883+0000] {logging_mixin.py:149} INFO - [2023-07-04T00:20:05.883+0000] {dag.py:2726} INFO - Sync 1 DAGs
[2023-07-04T00:20:05.927+0000] {logging_mixin.py:149} INFO - [2023-07-04T00:20:05.926+0000] {dag.py:3490} INFO - Setting next_dagrun for example_local_kubernetes_executor to None, run_after=None
[2023-07-04T00:20:05.984+0000] {processor.py:179} INFO - Processing /home/airflow/.local/lib/python3.7/site-packages/airflow/example_dags/example_local_kubernetes_executor.py took 0.509 seconds
[2023-07-04T00:20:36.043+0000] {processor.py:157} INFO - Started process (PID=1565) to work on /home/airflow/.local/lib/python3.7/site-packages/airflow/example_dags/example_local_kubernetes_executor.py
[2023-07-04T00:20:36.044+0000] {processor.py:826} INFO - Processing file /home/airflow/.local/lib/python3.7/site-packages/airflow/example_dags/example_local_kubernetes_executor.py for tasks to queue
[2023-07-04T00:20:36.045+0000] {logging_mixin.py:149} INFO - [2023-07-04T00:20:36.045+0000] {dagbag.py:541} INFO - Filling up the DagBag from /home/airflow/.local/lib/python3.7/site-packages/airflow/example_dags/example_local_kubernetes_executor.py
[2023-07-04T00:20:36.330+0000] {processor.py:836} INFO - DAG(s) dict_keys(['example_local_kubernetes_executor']) retrieved from /home/airflow/.local/lib/python3.7/site-packages/airflow/example_dags/example_local_kubernetes_executor.py
[2023-07-04T00:20:36.385+0000] {logging_mixin.py:149} INFO - [2023-07-04T00:20:36.385+0000] {dag.py:2726} INFO - Sync 1 DAGs
[2023-07-04T00:20:36.424+0000] {logging_mixin.py:149} INFO - [2023-07-04T00:20:36.424+0000] {dag.py:3490} INFO - Setting next_dagrun for example_local_kubernetes_executor to None, run_after=None
[2023-07-04T00:20:36.451+0000] {processor.py:179} INFO - Processing /home/airflow/.local/lib/python3.7/site-packages/airflow/example_dags/example_local_kubernetes_executor.py took 0.412 seconds
[2023-07-04T00:21:07.214+0000] {processor.py:157} INFO - Started process (PID=1622) to work on /home/airflow/.local/lib/python3.7/site-packages/airflow/example_dags/example_local_kubernetes_executor.py
[2023-07-04T00:21:07.216+0000] {processor.py:826} INFO - Processing file /home/airflow/.local/lib/python3.7/site-packages/airflow/example_dags/example_local_kubernetes_executor.py for tasks to queue
[2023-07-04T00:21:07.218+0000] {logging_mixin.py:149} INFO - [2023-07-04T00:21:07.218+0000] {dagbag.py:541} INFO - Filling up the DagBag from /home/airflow/.local/lib/python3.7/site-packages/airflow/example_dags/example_local_kubernetes_executor.py
[2023-07-04T00:21:07.519+0000] {processor.py:836} INFO - DAG(s) dict_keys(['example_local_kubernetes_executor']) retrieved from /home/airflow/.local/lib/python3.7/site-packages/airflow/example_dags/example_local_kubernetes_executor.py
[2023-07-04T00:21:07.574+0000] {logging_mixin.py:149} INFO - [2023-07-04T00:21:07.574+0000] {dag.py:2726} INFO - Sync 1 DAGs
[2023-07-04T00:21:07.612+0000] {logging_mixin.py:149} INFO - [2023-07-04T00:21:07.612+0000] {dag.py:3490} INFO - Setting next_dagrun for example_local_kubernetes_executor to None, run_after=None
[2023-07-04T00:21:07.646+0000] {processor.py:179} INFO - Processing /home/airflow/.local/lib/python3.7/site-packages/airflow/example_dags/example_local_kubernetes_executor.py took 0.436 seconds
[2023-07-04T00:21:37.755+0000] {processor.py:157} INFO - Started process (PID=1678) to work on /home/airflow/.local/lib/python3.7/site-packages/airflow/example_dags/example_local_kubernetes_executor.py
[2023-07-04T00:21:37.757+0000] {processor.py:826} INFO - Processing file /home/airflow/.local/lib/python3.7/site-packages/airflow/example_dags/example_local_kubernetes_executor.py for tasks to queue
[2023-07-04T00:21:37.758+0000] {logging_mixin.py:149} INFO - [2023-07-04T00:21:37.757+0000] {dagbag.py:541} INFO - Filling up the DagBag from /home/airflow/.local/lib/python3.7/site-packages/airflow/example_dags/example_local_kubernetes_executor.py
[2023-07-04T00:21:38.059+0000] {processor.py:836} INFO - DAG(s) dict_keys(['example_local_kubernetes_executor']) retrieved from /home/airflow/.local/lib/python3.7/site-packages/airflow/example_dags/example_local_kubernetes_executor.py
[2023-07-04T00:21:38.116+0000] {logging_mixin.py:149} INFO - [2023-07-04T00:21:38.116+0000] {dag.py:2726} INFO - Sync 1 DAGs
[2023-07-04T00:21:38.155+0000] {logging_mixin.py:149} INFO - [2023-07-04T00:21:38.155+0000] {dag.py:3490} INFO - Setting next_dagrun for example_local_kubernetes_executor to None, run_after=None
[2023-07-04T00:21:38.202+0000] {processor.py:179} INFO - Processing /home/airflow/.local/lib/python3.7/site-packages/airflow/example_dags/example_local_kubernetes_executor.py took 0.452 seconds
[2023-07-04T00:22:09.069+0000] {processor.py:157} INFO - Started process (PID=1735) to work on /home/airflow/.local/lib/python3.7/site-packages/airflow/example_dags/example_local_kubernetes_executor.py
[2023-07-04T00:22:09.070+0000] {processor.py:826} INFO - Processing file /home/airflow/.local/lib/python3.7/site-packages/airflow/example_dags/example_local_kubernetes_executor.py for tasks to queue
[2023-07-04T00:22:09.071+0000] {logging_mixin.py:149} INFO - [2023-07-04T00:22:09.071+0000] {dagbag.py:541} INFO - Filling up the DagBag from /home/airflow/.local/lib/python3.7/site-packages/airflow/example_dags/example_local_kubernetes_executor.py
[2023-07-04T00:22:09.452+0000] {processor.py:836} INFO - DAG(s) dict_keys(['example_local_kubernetes_executor']) retrieved from /home/airflow/.local/lib/python3.7/site-packages/airflow/example_dags/example_local_kubernetes_executor.py
[2023-07-04T00:22:09.521+0000] {logging_mixin.py:149} INFO - [2023-07-04T00:22:09.520+0000] {dag.py:2726} INFO - Sync 1 DAGs
[2023-07-04T00:22:09.587+0000] {logging_mixin.py:149} INFO - [2023-07-04T00:22:09.587+0000] {dag.py:3490} INFO - Setting next_dagrun for example_local_kubernetes_executor to None, run_after=None
[2023-07-04T00:22:09.621+0000] {processor.py:179} INFO - Processing /home/airflow/.local/lib/python3.7/site-packages/airflow/example_dags/example_local_kubernetes_executor.py took 0.558 seconds
[2023-07-04T00:22:39.703+0000] {processor.py:157} INFO - Started process (PID=1792) to work on /home/airflow/.local/lib/python3.7/site-packages/airflow/example_dags/example_local_kubernetes_executor.py
[2023-07-04T00:22:39.704+0000] {processor.py:826} INFO - Processing file /home/airflow/.local/lib/python3.7/site-packages/airflow/example_dags/example_local_kubernetes_executor.py for tasks to queue
[2023-07-04T00:22:39.705+0000] {logging_mixin.py:149} INFO - [2023-07-04T00:22:39.704+0000] {dagbag.py:541} INFO - Filling up the DagBag from /home/airflow/.local/lib/python3.7/site-packages/airflow/example_dags/example_local_kubernetes_executor.py
[2023-07-04T00:22:40.005+0000] {processor.py:836} INFO - DAG(s) dict_keys(['example_local_kubernetes_executor']) retrieved from /home/airflow/.local/lib/python3.7/site-packages/airflow/example_dags/example_local_kubernetes_executor.py
[2023-07-04T00:22:40.051+0000] {logging_mixin.py:149} INFO - [2023-07-04T00:22:40.051+0000] {dag.py:2726} INFO - Sync 1 DAGs
[2023-07-04T00:22:40.086+0000] {logging_mixin.py:149} INFO - [2023-07-04T00:22:40.086+0000] {dag.py:3490} INFO - Setting next_dagrun for example_local_kubernetes_executor to None, run_after=None
[2023-07-04T00:22:40.109+0000] {processor.py:179} INFO - Processing /home/airflow/.local/lib/python3.7/site-packages/airflow/example_dags/example_local_kubernetes_executor.py took 0.411 seconds
[2023-07-04T00:23:10.616+0000] {processor.py:157} INFO - Started process (PID=1849) to work on /home/airflow/.local/lib/python3.7/site-packages/airflow/example_dags/example_local_kubernetes_executor.py
[2023-07-04T00:23:10.617+0000] {processor.py:826} INFO - Processing file /home/airflow/.local/lib/python3.7/site-packages/airflow/example_dags/example_local_kubernetes_executor.py for tasks to queue
[2023-07-04T00:23:10.618+0000] {logging_mixin.py:149} INFO - [2023-07-04T00:23:10.618+0000] {dagbag.py:541} INFO - Filling up the DagBag from /home/airflow/.local/lib/python3.7/site-packages/airflow/example_dags/example_local_kubernetes_executor.py
[2023-07-04T00:23:11.106+0000] {processor.py:836} INFO - DAG(s) dict_keys(['example_local_kubernetes_executor']) retrieved from /home/airflow/.local/lib/python3.7/site-packages/airflow/example_dags/example_local_kubernetes_executor.py
[2023-07-04T00:23:11.194+0000] {logging_mixin.py:149} INFO - [2023-07-04T00:23:11.194+0000] {dag.py:2726} INFO - Sync 1 DAGs
[2023-07-04T00:23:11.262+0000] {logging_mixin.py:149} INFO - [2023-07-04T00:23:11.261+0000] {dag.py:3490} INFO - Setting next_dagrun for example_local_kubernetes_executor to None, run_after=None
[2023-07-04T00:23:11.305+0000] {processor.py:179} INFO - Processing /home/airflow/.local/lib/python3.7/site-packages/airflow/example_dags/example_local_kubernetes_executor.py took 0.695 seconds
[2023-07-04T00:23:41.505+0000] {processor.py:157} INFO - Started process (PID=1906) to work on /home/airflow/.local/lib/python3.7/site-packages/airflow/example_dags/example_local_kubernetes_executor.py
[2023-07-04T00:23:41.506+0000] {processor.py:826} INFO - Processing file /home/airflow/.local/lib/python3.7/site-packages/airflow/example_dags/example_local_kubernetes_executor.py for tasks to queue
[2023-07-04T00:23:41.507+0000] {logging_mixin.py:149} INFO - [2023-07-04T00:23:41.507+0000] {dagbag.py:541} INFO - Filling up the DagBag from /home/airflow/.local/lib/python3.7/site-packages/airflow/example_dags/example_local_kubernetes_executor.py
[2023-07-04T00:23:41.836+0000] {processor.py:836} INFO - DAG(s) dict_keys(['example_local_kubernetes_executor']) retrieved from /home/airflow/.local/lib/python3.7/site-packages/airflow/example_dags/example_local_kubernetes_executor.py
[2023-07-04T00:23:41.890+0000] {logging_mixin.py:149} INFO - [2023-07-04T00:23:41.890+0000] {dag.py:2726} INFO - Sync 1 DAGs
[2023-07-04T00:23:41.935+0000] {logging_mixin.py:149} INFO - [2023-07-04T00:23:41.935+0000] {dag.py:3490} INFO - Setting next_dagrun for example_local_kubernetes_executor to None, run_after=None
[2023-07-04T00:23:41.972+0000] {processor.py:179} INFO - Processing /home/airflow/.local/lib/python3.7/site-packages/airflow/example_dags/example_local_kubernetes_executor.py took 0.476 seconds
[2023-07-04T00:24:12.728+0000] {processor.py:157} INFO - Started process (PID=1969) to work on /home/airflow/.local/lib/python3.7/site-packages/airflow/example_dags/example_local_kubernetes_executor.py
[2023-07-04T00:24:12.729+0000] {processor.py:826} INFO - Processing file /home/airflow/.local/lib/python3.7/site-packages/airflow/example_dags/example_local_kubernetes_executor.py for tasks to queue
[2023-07-04T00:24:12.732+0000] {logging_mixin.py:149} INFO - [2023-07-04T00:24:12.731+0000] {dagbag.py:541} INFO - Filling up the DagBag from /home/airflow/.local/lib/python3.7/site-packages/airflow/example_dags/example_local_kubernetes_executor.py
[2023-07-04T00:24:13.149+0000] {processor.py:836} INFO - DAG(s) dict_keys(['example_local_kubernetes_executor']) retrieved from /home/airflow/.local/lib/python3.7/site-packages/airflow/example_dags/example_local_kubernetes_executor.py
[2023-07-04T00:24:13.229+0000] {logging_mixin.py:149} INFO - [2023-07-04T00:24:13.228+0000] {dag.py:2726} INFO - Sync 1 DAGs
[2023-07-04T00:24:13.295+0000] {logging_mixin.py:149} INFO - [2023-07-04T00:24:13.294+0000] {dag.py:3490} INFO - Setting next_dagrun for example_local_kubernetes_executor to None, run_after=None
[2023-07-04T00:24:13.342+0000] {processor.py:179} INFO - Processing /home/airflow/.local/lib/python3.7/site-packages/airflow/example_dags/example_local_kubernetes_executor.py took 0.624 seconds
[2023-07-04T00:24:44.367+0000] {processor.py:157} INFO - Started process (PID=2027) to work on /home/airflow/.local/lib/python3.7/site-packages/airflow/example_dags/example_local_kubernetes_executor.py
[2023-07-04T00:24:44.369+0000] {processor.py:826} INFO - Processing file /home/airflow/.local/lib/python3.7/site-packages/airflow/example_dags/example_local_kubernetes_executor.py for tasks to queue
[2023-07-04T00:24:44.371+0000] {logging_mixin.py:149} INFO - [2023-07-04T00:24:44.371+0000] {dagbag.py:541} INFO - Filling up the DagBag from /home/airflow/.local/lib/python3.7/site-packages/airflow/example_dags/example_local_kubernetes_executor.py
[2023-07-04T00:24:44.796+0000] {processor.py:836} INFO - DAG(s) dict_keys(['example_local_kubernetes_executor']) retrieved from /home/airflow/.local/lib/python3.7/site-packages/airflow/example_dags/example_local_kubernetes_executor.py
[2023-07-04T00:24:44.910+0000] {logging_mixin.py:149} INFO - [2023-07-04T00:24:44.910+0000] {dag.py:2726} INFO - Sync 1 DAGs
[2023-07-04T00:24:44.969+0000] {logging_mixin.py:149} INFO - [2023-07-04T00:24:44.969+0000] {dag.py:3490} INFO - Setting next_dagrun for example_local_kubernetes_executor to None, run_after=None
[2023-07-04T00:24:45.029+0000] {processor.py:179} INFO - Processing /home/airflow/.local/lib/python3.7/site-packages/airflow/example_dags/example_local_kubernetes_executor.py took 0.669 seconds
[2023-07-04T00:25:15.546+0000] {processor.py:157} INFO - Started process (PID=2085) to work on /home/airflow/.local/lib/python3.7/site-packages/airflow/example_dags/example_local_kubernetes_executor.py
[2023-07-04T00:25:15.548+0000] {processor.py:826} INFO - Processing file /home/airflow/.local/lib/python3.7/site-packages/airflow/example_dags/example_local_kubernetes_executor.py for tasks to queue
[2023-07-04T00:25:15.550+0000] {logging_mixin.py:149} INFO - [2023-07-04T00:25:15.549+0000] {dagbag.py:541} INFO - Filling up the DagBag from /home/airflow/.local/lib/python3.7/site-packages/airflow/example_dags/example_local_kubernetes_executor.py
[2023-07-04T00:25:15.897+0000] {processor.py:836} INFO - DAG(s) dict_keys(['example_local_kubernetes_executor']) retrieved from /home/airflow/.local/lib/python3.7/site-packages/airflow/example_dags/example_local_kubernetes_executor.py
[2023-07-04T00:25:15.946+0000] {logging_mixin.py:149} INFO - [2023-07-04T00:25:15.946+0000] {dag.py:2726} INFO - Sync 1 DAGs
[2023-07-04T00:25:16.009+0000] {logging_mixin.py:149} INFO - [2023-07-04T00:25:16.008+0000] {dag.py:3490} INFO - Setting next_dagrun for example_local_kubernetes_executor to None, run_after=None
[2023-07-04T00:25:16.043+0000] {processor.py:179} INFO - Processing /home/airflow/.local/lib/python3.7/site-packages/airflow/example_dags/example_local_kubernetes_executor.py took 0.502 seconds
[2023-07-04T00:25:46.163+0000] {processor.py:157} INFO - Started process (PID=2142) to work on /home/airflow/.local/lib/python3.7/site-packages/airflow/example_dags/example_local_kubernetes_executor.py
[2023-07-04T00:25:46.165+0000] {processor.py:826} INFO - Processing file /home/airflow/.local/lib/python3.7/site-packages/airflow/example_dags/example_local_kubernetes_executor.py for tasks to queue
[2023-07-04T00:25:46.166+0000] {logging_mixin.py:149} INFO - [2023-07-04T00:25:46.166+0000] {dagbag.py:541} INFO - Filling up the DagBag from /home/airflow/.local/lib/python3.7/site-packages/airflow/example_dags/example_local_kubernetes_executor.py
[2023-07-04T00:25:46.477+0000] {processor.py:836} INFO - DAG(s) dict_keys(['example_local_kubernetes_executor']) retrieved from /home/airflow/.local/lib/python3.7/site-packages/airflow/example_dags/example_local_kubernetes_executor.py
[2023-07-04T00:25:46.556+0000] {logging_mixin.py:149} INFO - [2023-07-04T00:25:46.556+0000] {dag.py:2726} INFO - Sync 1 DAGs
[2023-07-04T00:25:46.610+0000] {logging_mixin.py:149} INFO - [2023-07-04T00:25:46.610+0000] {dag.py:3490} INFO - Setting next_dagrun for example_local_kubernetes_executor to None, run_after=None
[2023-07-04T00:25:46.659+0000] {processor.py:179} INFO - Processing /home/airflow/.local/lib/python3.7/site-packages/airflow/example_dags/example_local_kubernetes_executor.py took 0.502 seconds
[2023-07-04T00:26:16.731+0000] {processor.py:157} INFO - Started process (PID=2199) to work on /home/airflow/.local/lib/python3.7/site-packages/airflow/example_dags/example_local_kubernetes_executor.py
[2023-07-04T00:26:16.732+0000] {processor.py:826} INFO - Processing file /home/airflow/.local/lib/python3.7/site-packages/airflow/example_dags/example_local_kubernetes_executor.py for tasks to queue
[2023-07-04T00:26:16.733+0000] {logging_mixin.py:149} INFO - [2023-07-04T00:26:16.733+0000] {dagbag.py:541} INFO - Filling up the DagBag from /home/airflow/.local/lib/python3.7/site-packages/airflow/example_dags/example_local_kubernetes_executor.py
[2023-07-04T00:26:17.064+0000] {processor.py:836} INFO - DAG(s) dict_keys(['example_local_kubernetes_executor']) retrieved from /home/airflow/.local/lib/python3.7/site-packages/airflow/example_dags/example_local_kubernetes_executor.py
[2023-07-04T00:26:17.129+0000] {logging_mixin.py:149} INFO - [2023-07-04T00:26:17.128+0000] {dag.py:2726} INFO - Sync 1 DAGs
[2023-07-04T00:26:17.330+0000] {logging_mixin.py:149} INFO - [2023-07-04T00:26:17.329+0000] {dag.py:3490} INFO - Setting next_dagrun for example_local_kubernetes_executor to None, run_after=None
[2023-07-04T00:26:17.366+0000] {processor.py:179} INFO - Processing /home/airflow/.local/lib/python3.7/site-packages/airflow/example_dags/example_local_kubernetes_executor.py took 0.641 seconds
[2023-07-04T00:26:47.932+0000] {processor.py:157} INFO - Started process (PID=2256) to work on /home/airflow/.local/lib/python3.7/site-packages/airflow/example_dags/example_local_kubernetes_executor.py
[2023-07-04T00:26:47.933+0000] {processor.py:826} INFO - Processing file /home/airflow/.local/lib/python3.7/site-packages/airflow/example_dags/example_local_kubernetes_executor.py for tasks to queue
[2023-07-04T00:26:47.934+0000] {logging_mixin.py:149} INFO - [2023-07-04T00:26:47.934+0000] {dagbag.py:541} INFO - Filling up the DagBag from /home/airflow/.local/lib/python3.7/site-packages/airflow/example_dags/example_local_kubernetes_executor.py
[2023-07-04T00:26:48.260+0000] {processor.py:836} INFO - DAG(s) dict_keys(['example_local_kubernetes_executor']) retrieved from /home/airflow/.local/lib/python3.7/site-packages/airflow/example_dags/example_local_kubernetes_executor.py
[2023-07-04T00:26:48.315+0000] {logging_mixin.py:149} INFO - [2023-07-04T00:26:48.315+0000] {dag.py:2726} INFO - Sync 1 DAGs
[2023-07-04T00:26:48.356+0000] {logging_mixin.py:149} INFO - [2023-07-04T00:26:48.356+0000] {dag.py:3490} INFO - Setting next_dagrun for example_local_kubernetes_executor to None, run_after=None
[2023-07-04T00:26:48.387+0000] {processor.py:179} INFO - Processing /home/airflow/.local/lib/python3.7/site-packages/airflow/example_dags/example_local_kubernetes_executor.py took 0.460 seconds
[2023-07-04T00:27:18.848+0000] {processor.py:157} INFO - Started process (PID=2313) to work on /home/airflow/.local/lib/python3.7/site-packages/airflow/example_dags/example_local_kubernetes_executor.py
[2023-07-04T00:27:18.849+0000] {processor.py:826} INFO - Processing file /home/airflow/.local/lib/python3.7/site-packages/airflow/example_dags/example_local_kubernetes_executor.py for tasks to queue
[2023-07-04T00:27:18.850+0000] {logging_mixin.py:149} INFO - [2023-07-04T00:27:18.850+0000] {dagbag.py:541} INFO - Filling up the DagBag from /home/airflow/.local/lib/python3.7/site-packages/airflow/example_dags/example_local_kubernetes_executor.py
[2023-07-04T00:27:19.150+0000] {processor.py:836} INFO - DAG(s) dict_keys(['example_local_kubernetes_executor']) retrieved from /home/airflow/.local/lib/python3.7/site-packages/airflow/example_dags/example_local_kubernetes_executor.py
[2023-07-04T00:27:19.203+0000] {logging_mixin.py:149} INFO - [2023-07-04T00:27:19.203+0000] {dag.py:2726} INFO - Sync 1 DAGs
[2023-07-04T00:27:19.249+0000] {logging_mixin.py:149} INFO - [2023-07-04T00:27:19.249+0000] {dag.py:3490} INFO - Setting next_dagrun for example_local_kubernetes_executor to None, run_after=None
[2023-07-04T00:27:19.282+0000] {processor.py:179} INFO - Processing /home/airflow/.local/lib/python3.7/site-packages/airflow/example_dags/example_local_kubernetes_executor.py took 0.439 seconds
[2023-07-04T00:27:49.573+0000] {processor.py:157} INFO - Started process (PID=2370) to work on /home/airflow/.local/lib/python3.7/site-packages/airflow/example_dags/example_local_kubernetes_executor.py
[2023-07-04T00:27:49.575+0000] {processor.py:826} INFO - Processing file /home/airflow/.local/lib/python3.7/site-packages/airflow/example_dags/example_local_kubernetes_executor.py for tasks to queue
[2023-07-04T00:27:49.578+0000] {logging_mixin.py:149} INFO - [2023-07-04T00:27:49.577+0000] {dagbag.py:541} INFO - Filling up the DagBag from /home/airflow/.local/lib/python3.7/site-packages/airflow/example_dags/example_local_kubernetes_executor.py
[2023-07-04T00:27:49.921+0000] {processor.py:836} INFO - DAG(s) dict_keys(['example_local_kubernetes_executor']) retrieved from /home/airflow/.local/lib/python3.7/site-packages/airflow/example_dags/example_local_kubernetes_executor.py
[2023-07-04T00:27:49.981+0000] {logging_mixin.py:149} INFO - [2023-07-04T00:27:49.981+0000] {dag.py:2726} INFO - Sync 1 DAGs
[2023-07-04T00:27:50.022+0000] {logging_mixin.py:149} INFO - [2023-07-04T00:27:50.022+0000] {dag.py:3490} INFO - Setting next_dagrun for example_local_kubernetes_executor to None, run_after=None
[2023-07-04T00:27:50.181+0000] {processor.py:179} INFO - Processing /home/airflow/.local/lib/python3.7/site-packages/airflow/example_dags/example_local_kubernetes_executor.py took 0.615 seconds
[2023-07-04T00:28:20.559+0000] {processor.py:157} INFO - Started process (PID=2427) to work on /home/airflow/.local/lib/python3.7/site-packages/airflow/example_dags/example_local_kubernetes_executor.py
[2023-07-04T00:28:20.561+0000] {processor.py:826} INFO - Processing file /home/airflow/.local/lib/python3.7/site-packages/airflow/example_dags/example_local_kubernetes_executor.py for tasks to queue
[2023-07-04T00:28:20.562+0000] {logging_mixin.py:149} INFO - [2023-07-04T00:28:20.562+0000] {dagbag.py:541} INFO - Filling up the DagBag from /home/airflow/.local/lib/python3.7/site-packages/airflow/example_dags/example_local_kubernetes_executor.py
[2023-07-04T00:28:20.859+0000] {processor.py:836} INFO - DAG(s) dict_keys(['example_local_kubernetes_executor']) retrieved from /home/airflow/.local/lib/python3.7/site-packages/airflow/example_dags/example_local_kubernetes_executor.py
[2023-07-04T00:28:20.909+0000] {logging_mixin.py:149} INFO - [2023-07-04T00:28:20.909+0000] {dag.py:2726} INFO - Sync 1 DAGs
[2023-07-04T00:28:20.942+0000] {logging_mixin.py:149} INFO - [2023-07-04T00:28:20.941+0000] {dag.py:3490} INFO - Setting next_dagrun for example_local_kubernetes_executor to None, run_after=None
[2023-07-04T00:28:20.968+0000] {processor.py:179} INFO - Processing /home/airflow/.local/lib/python3.7/site-packages/airflow/example_dags/example_local_kubernetes_executor.py took 0.417 seconds
[2023-07-04T00:28:51.049+0000] {processor.py:157} INFO - Started process (PID=2484) to work on /home/airflow/.local/lib/python3.7/site-packages/airflow/example_dags/example_local_kubernetes_executor.py
[2023-07-04T00:28:51.051+0000] {processor.py:826} INFO - Processing file /home/airflow/.local/lib/python3.7/site-packages/airflow/example_dags/example_local_kubernetes_executor.py for tasks to queue
[2023-07-04T00:28:51.054+0000] {logging_mixin.py:149} INFO - [2023-07-04T00:28:51.053+0000] {dagbag.py:541} INFO - Filling up the DagBag from /home/airflow/.local/lib/python3.7/site-packages/airflow/example_dags/example_local_kubernetes_executor.py
[2023-07-04T00:28:51.341+0000] {processor.py:836} INFO - DAG(s) dict_keys(['example_local_kubernetes_executor']) retrieved from /home/airflow/.local/lib/python3.7/site-packages/airflow/example_dags/example_local_kubernetes_executor.py
[2023-07-04T00:28:51.501+0000] {logging_mixin.py:149} INFO - [2023-07-04T00:28:51.501+0000] {dag.py:2726} INFO - Sync 1 DAGs
[2023-07-04T00:28:51.527+0000] {logging_mixin.py:149} INFO - [2023-07-04T00:28:51.527+0000] {dag.py:3490} INFO - Setting next_dagrun for example_local_kubernetes_executor to None, run_after=None
[2023-07-04T00:28:51.555+0000] {processor.py:179} INFO - Processing /home/airflow/.local/lib/python3.7/site-packages/airflow/example_dags/example_local_kubernetes_executor.py took 0.513 seconds
[2023-07-04T00:29:22.084+0000] {processor.py:157} INFO - Started process (PID=2541) to work on /home/airflow/.local/lib/python3.7/site-packages/airflow/example_dags/example_local_kubernetes_executor.py
[2023-07-04T00:29:22.086+0000] {processor.py:826} INFO - Processing file /home/airflow/.local/lib/python3.7/site-packages/airflow/example_dags/example_local_kubernetes_executor.py for tasks to queue
[2023-07-04T00:29:22.090+0000] {logging_mixin.py:149} INFO - [2023-07-04T00:29:22.089+0000] {dagbag.py:541} INFO - Filling up the DagBag from /home/airflow/.local/lib/python3.7/site-packages/airflow/example_dags/example_local_kubernetes_executor.py
[2023-07-04T00:29:22.750+0000] {processor.py:836} INFO - DAG(s) dict_keys(['example_local_kubernetes_executor']) retrieved from /home/airflow/.local/lib/python3.7/site-packages/airflow/example_dags/example_local_kubernetes_executor.py
[2023-07-04T00:29:22.804+0000] {logging_mixin.py:149} INFO - [2023-07-04T00:29:22.804+0000] {dag.py:2726} INFO - Sync 1 DAGs
[2023-07-04T00:29:23.010+0000] {logging_mixin.py:149} INFO - [2023-07-04T00:29:23.010+0000] {dag.py:3490} INFO - Setting next_dagrun for example_local_kubernetes_executor to None, run_after=None
[2023-07-04T00:29:23.046+0000] {processor.py:179} INFO - Processing /home/airflow/.local/lib/python3.7/site-packages/airflow/example_dags/example_local_kubernetes_executor.py took 0.974 seconds
[2023-07-04T00:29:53.277+0000] {processor.py:157} INFO - Started process (PID=2598) to work on /home/airflow/.local/lib/python3.7/site-packages/airflow/example_dags/example_local_kubernetes_executor.py
[2023-07-04T00:29:53.278+0000] {processor.py:826} INFO - Processing file /home/airflow/.local/lib/python3.7/site-packages/airflow/example_dags/example_local_kubernetes_executor.py for tasks to queue
[2023-07-04T00:29:53.279+0000] {logging_mixin.py:149} INFO - [2023-07-04T00:29:53.279+0000] {dagbag.py:541} INFO - Filling up the DagBag from /home/airflow/.local/lib/python3.7/site-packages/airflow/example_dags/example_local_kubernetes_executor.py
[2023-07-04T00:29:53.533+0000] {processor.py:836} INFO - DAG(s) dict_keys(['example_local_kubernetes_executor']) retrieved from /home/airflow/.local/lib/python3.7/site-packages/airflow/example_dags/example_local_kubernetes_executor.py
[2023-07-04T00:29:53.592+0000] {logging_mixin.py:149} INFO - [2023-07-04T00:29:53.592+0000] {dag.py:2726} INFO - Sync 1 DAGs
[2023-07-04T00:29:53.641+0000] {logging_mixin.py:149} INFO - [2023-07-04T00:29:53.641+0000] {dag.py:3490} INFO - Setting next_dagrun for example_local_kubernetes_executor to None, run_after=None
[2023-07-04T00:29:53.671+0000] {processor.py:179} INFO - Processing /home/airflow/.local/lib/python3.7/site-packages/airflow/example_dags/example_local_kubernetes_executor.py took 0.399 seconds
[2023-07-04T00:30:24.171+0000] {processor.py:157} INFO - Started process (PID=2655) to work on /home/airflow/.local/lib/python3.7/site-packages/airflow/example_dags/example_local_kubernetes_executor.py
[2023-07-04T00:30:24.173+0000] {processor.py:826} INFO - Processing file /home/airflow/.local/lib/python3.7/site-packages/airflow/example_dags/example_local_kubernetes_executor.py for tasks to queue
[2023-07-04T00:30:24.174+0000] {logging_mixin.py:149} INFO - [2023-07-04T00:30:24.174+0000] {dagbag.py:541} INFO - Filling up the DagBag from /home/airflow/.local/lib/python3.7/site-packages/airflow/example_dags/example_local_kubernetes_executor.py
[2023-07-04T00:30:24.507+0000] {processor.py:836} INFO - DAG(s) dict_keys(['example_local_kubernetes_executor']) retrieved from /home/airflow/.local/lib/python3.7/site-packages/airflow/example_dags/example_local_kubernetes_executor.py
[2023-07-04T00:30:24.740+0000] {logging_mixin.py:149} INFO - [2023-07-04T00:30:24.740+0000] {dag.py:2726} INFO - Sync 1 DAGs
[2023-07-04T00:30:24.788+0000] {logging_mixin.py:149} INFO - [2023-07-04T00:30:24.788+0000] {dag.py:3490} INFO - Setting next_dagrun for example_local_kubernetes_executor to None, run_after=None
[2023-07-04T00:30:24.829+0000] {processor.py:179} INFO - Processing /home/airflow/.local/lib/python3.7/site-packages/airflow/example_dags/example_local_kubernetes_executor.py took 0.665 seconds
[2023-07-04T00:30:55.142+0000] {processor.py:157} INFO - Started process (PID=2711) to work on /home/airflow/.local/lib/python3.7/site-packages/airflow/example_dags/example_local_kubernetes_executor.py
[2023-07-04T00:30:55.143+0000] {processor.py:826} INFO - Processing file /home/airflow/.local/lib/python3.7/site-packages/airflow/example_dags/example_local_kubernetes_executor.py for tasks to queue
[2023-07-04T00:30:55.144+0000] {logging_mixin.py:149} INFO - [2023-07-04T00:30:55.143+0000] {dagbag.py:541} INFO - Filling up the DagBag from /home/airflow/.local/lib/python3.7/site-packages/airflow/example_dags/example_local_kubernetes_executor.py
[2023-07-04T00:30:55.478+0000] {processor.py:836} INFO - DAG(s) dict_keys(['example_local_kubernetes_executor']) retrieved from /home/airflow/.local/lib/python3.7/site-packages/airflow/example_dags/example_local_kubernetes_executor.py
[2023-07-04T00:30:55.530+0000] {logging_mixin.py:149} INFO - [2023-07-04T00:30:55.530+0000] {dag.py:2726} INFO - Sync 1 DAGs
[2023-07-04T00:30:55.734+0000] {logging_mixin.py:149} INFO - [2023-07-04T00:30:55.734+0000] {dag.py:3490} INFO - Setting next_dagrun for example_local_kubernetes_executor to None, run_after=None
[2023-07-04T00:30:55.766+0000] {processor.py:179} INFO - Processing /home/airflow/.local/lib/python3.7/site-packages/airflow/example_dags/example_local_kubernetes_executor.py took 0.629 seconds
[2023-07-04T00:31:26.288+0000] {processor.py:157} INFO - Started process (PID=2768) to work on /home/airflow/.local/lib/python3.7/site-packages/airflow/example_dags/example_local_kubernetes_executor.py
[2023-07-04T00:31:26.290+0000] {processor.py:826} INFO - Processing file /home/airflow/.local/lib/python3.7/site-packages/airflow/example_dags/example_local_kubernetes_executor.py for tasks to queue
[2023-07-04T00:31:26.291+0000] {logging_mixin.py:149} INFO - [2023-07-04T00:31:26.291+0000] {dagbag.py:541} INFO - Filling up the DagBag from /home/airflow/.local/lib/python3.7/site-packages/airflow/example_dags/example_local_kubernetes_executor.py
[2023-07-04T00:31:26.545+0000] {processor.py:836} INFO - DAG(s) dict_keys(['example_local_kubernetes_executor']) retrieved from /home/airflow/.local/lib/python3.7/site-packages/airflow/example_dags/example_local_kubernetes_executor.py
[2023-07-04T00:31:26.773+0000] {logging_mixin.py:149} INFO - [2023-07-04T00:31:26.772+0000] {dag.py:2726} INFO - Sync 1 DAGs
[2023-07-04T00:31:26.803+0000] {logging_mixin.py:149} INFO - [2023-07-04T00:31:26.802+0000] {dag.py:3490} INFO - Setting next_dagrun for example_local_kubernetes_executor to None, run_after=None
[2023-07-04T00:31:26.832+0000] {processor.py:179} INFO - Processing /home/airflow/.local/lib/python3.7/site-packages/airflow/example_dags/example_local_kubernetes_executor.py took 0.548 seconds
[2023-07-04T00:31:57.299+0000] {processor.py:157} INFO - Started process (PID=2825) to work on /home/airflow/.local/lib/python3.7/site-packages/airflow/example_dags/example_local_kubernetes_executor.py
[2023-07-04T00:31:57.300+0000] {processor.py:826} INFO - Processing file /home/airflow/.local/lib/python3.7/site-packages/airflow/example_dags/example_local_kubernetes_executor.py for tasks to queue
[2023-07-04T00:31:57.301+0000] {logging_mixin.py:149} INFO - [2023-07-04T00:31:57.301+0000] {dagbag.py:541} INFO - Filling up the DagBag from /home/airflow/.local/lib/python3.7/site-packages/airflow/example_dags/example_local_kubernetes_executor.py
[2023-07-04T00:31:57.542+0000] {processor.py:836} INFO - DAG(s) dict_keys(['example_local_kubernetes_executor']) retrieved from /home/airflow/.local/lib/python3.7/site-packages/airflow/example_dags/example_local_kubernetes_executor.py
[2023-07-04T00:31:57.706+0000] {logging_mixin.py:149} INFO - [2023-07-04T00:31:57.705+0000] {dag.py:2726} INFO - Sync 1 DAGs
[2023-07-04T00:31:57.733+0000] {logging_mixin.py:149} INFO - [2023-07-04T00:31:57.733+0000] {dag.py:3490} INFO - Setting next_dagrun for example_local_kubernetes_executor to None, run_after=None
[2023-07-04T00:31:57.755+0000] {processor.py:179} INFO - Processing /home/airflow/.local/lib/python3.7/site-packages/airflow/example_dags/example_local_kubernetes_executor.py took 0.462 seconds
[2023-07-04T00:32:28.074+0000] {processor.py:157} INFO - Started process (PID=2882) to work on /home/airflow/.local/lib/python3.7/site-packages/airflow/example_dags/example_local_kubernetes_executor.py
[2023-07-04T00:32:28.075+0000] {processor.py:826} INFO - Processing file /home/airflow/.local/lib/python3.7/site-packages/airflow/example_dags/example_local_kubernetes_executor.py for tasks to queue
[2023-07-04T00:32:28.077+0000] {logging_mixin.py:149} INFO - [2023-07-04T00:32:28.076+0000] {dagbag.py:541} INFO - Filling up the DagBag from /home/airflow/.local/lib/python3.7/site-packages/airflow/example_dags/example_local_kubernetes_executor.py
[2023-07-04T00:32:28.343+0000] {processor.py:836} INFO - DAG(s) dict_keys(['example_local_kubernetes_executor']) retrieved from /home/airflow/.local/lib/python3.7/site-packages/airflow/example_dags/example_local_kubernetes_executor.py
[2023-07-04T00:32:28.390+0000] {logging_mixin.py:149} INFO - [2023-07-04T00:32:28.390+0000] {dag.py:2726} INFO - Sync 1 DAGs
[2023-07-04T00:32:28.589+0000] {logging_mixin.py:149} INFO - [2023-07-04T00:32:28.589+0000] {dag.py:3490} INFO - Setting next_dagrun for example_local_kubernetes_executor to None, run_after=None
[2023-07-04T00:32:28.625+0000] {processor.py:179} INFO - Processing /home/airflow/.local/lib/python3.7/site-packages/airflow/example_dags/example_local_kubernetes_executor.py took 0.556 seconds
[2023-07-04T00:32:59.981+0000] {processor.py:157} INFO - Started process (PID=2943) to work on /home/airflow/.local/lib/python3.7/site-packages/airflow/example_dags/example_local_kubernetes_executor.py
[2023-07-04T00:32:59.984+0000] {processor.py:826} INFO - Processing file /home/airflow/.local/lib/python3.7/site-packages/airflow/example_dags/example_local_kubernetes_executor.py for tasks to queue
[2023-07-04T00:32:59.987+0000] {logging_mixin.py:149} INFO - [2023-07-04T00:32:59.986+0000] {dagbag.py:541} INFO - Filling up the DagBag from /home/airflow/.local/lib/python3.7/site-packages/airflow/example_dags/example_local_kubernetes_executor.py
[2023-07-04T00:33:00.671+0000] {processor.py:836} INFO - DAG(s) dict_keys(['example_local_kubernetes_executor']) retrieved from /home/airflow/.local/lib/python3.7/site-packages/airflow/example_dags/example_local_kubernetes_executor.py
[2023-07-04T00:33:01.001+0000] {logging_mixin.py:149} INFO - [2023-07-04T00:33:01.001+0000] {dag.py:2726} INFO - Sync 1 DAGs
[2023-07-04T00:33:01.080+0000] {logging_mixin.py:149} INFO - [2023-07-04T00:33:01.079+0000] {dag.py:3490} INFO - Setting next_dagrun for example_local_kubernetes_executor to None, run_after=None
[2023-07-04T00:33:01.140+0000] {processor.py:179} INFO - Processing /home/airflow/.local/lib/python3.7/site-packages/airflow/example_dags/example_local_kubernetes_executor.py took 1.171 seconds
[2023-07-04T00:33:31.325+0000] {processor.py:157} INFO - Started process (PID=3001) to work on /home/airflow/.local/lib/python3.7/site-packages/airflow/example_dags/example_local_kubernetes_executor.py
[2023-07-04T00:33:31.327+0000] {processor.py:826} INFO - Processing file /home/airflow/.local/lib/python3.7/site-packages/airflow/example_dags/example_local_kubernetes_executor.py for tasks to queue
[2023-07-04T00:33:31.328+0000] {logging_mixin.py:149} INFO - [2023-07-04T00:33:31.327+0000] {dagbag.py:541} INFO - Filling up the DagBag from /home/airflow/.local/lib/python3.7/site-packages/airflow/example_dags/example_local_kubernetes_executor.py
[2023-07-04T00:33:31.756+0000] {processor.py:836} INFO - DAG(s) dict_keys(['example_local_kubernetes_executor']) retrieved from /home/airflow/.local/lib/python3.7/site-packages/airflow/example_dags/example_local_kubernetes_executor.py
[2023-07-04T00:33:31.796+0000] {logging_mixin.py:149} INFO - [2023-07-04T00:33:31.796+0000] {dag.py:2726} INFO - Sync 1 DAGs
[2023-07-04T00:33:31.829+0000] {logging_mixin.py:149} INFO - [2023-07-04T00:33:31.829+0000] {dag.py:3490} INFO - Setting next_dagrun for example_local_kubernetes_executor to None, run_after=None
[2023-07-04T00:33:31.851+0000] {processor.py:179} INFO - Processing /home/airflow/.local/lib/python3.7/site-packages/airflow/example_dags/example_local_kubernetes_executor.py took 0.531 seconds
[2023-07-04T00:34:01.946+0000] {processor.py:157} INFO - Started process (PID=3058) to work on /home/airflow/.local/lib/python3.7/site-packages/airflow/example_dags/example_local_kubernetes_executor.py
[2023-07-04T00:34:01.948+0000] {processor.py:826} INFO - Processing file /home/airflow/.local/lib/python3.7/site-packages/airflow/example_dags/example_local_kubernetes_executor.py for tasks to queue
[2023-07-04T00:34:01.948+0000] {logging_mixin.py:149} INFO - [2023-07-04T00:34:01.948+0000] {dagbag.py:541} INFO - Filling up the DagBag from /home/airflow/.local/lib/python3.7/site-packages/airflow/example_dags/example_local_kubernetes_executor.py
[2023-07-04T00:34:02.319+0000] {processor.py:836} INFO - DAG(s) dict_keys(['example_local_kubernetes_executor']) retrieved from /home/airflow/.local/lib/python3.7/site-packages/airflow/example_dags/example_local_kubernetes_executor.py
[2023-07-04T00:34:02.356+0000] {logging_mixin.py:149} INFO - [2023-07-04T00:34:02.356+0000] {dag.py:2726} INFO - Sync 1 DAGs
[2023-07-04T00:34:02.385+0000] {logging_mixin.py:149} INFO - [2023-07-04T00:34:02.384+0000] {dag.py:3490} INFO - Setting next_dagrun for example_local_kubernetes_executor to None, run_after=None
[2023-07-04T00:34:02.409+0000] {processor.py:179} INFO - Processing /home/airflow/.local/lib/python3.7/site-packages/airflow/example_dags/example_local_kubernetes_executor.py took 0.468 seconds
[2023-07-04T00:34:32.565+0000] {processor.py:157} INFO - Started process (PID=3115) to work on /home/airflow/.local/lib/python3.7/site-packages/airflow/example_dags/example_local_kubernetes_executor.py
[2023-07-04T00:34:32.567+0000] {processor.py:826} INFO - Processing file /home/airflow/.local/lib/python3.7/site-packages/airflow/example_dags/example_local_kubernetes_executor.py for tasks to queue
[2023-07-04T00:34:32.569+0000] {logging_mixin.py:149} INFO - [2023-07-04T00:34:32.568+0000] {dagbag.py:541} INFO - Filling up the DagBag from /home/airflow/.local/lib/python3.7/site-packages/airflow/example_dags/example_local_kubernetes_executor.py
[2023-07-04T00:34:32.926+0000] {processor.py:836} INFO - DAG(s) dict_keys(['example_local_kubernetes_executor']) retrieved from /home/airflow/.local/lib/python3.7/site-packages/airflow/example_dags/example_local_kubernetes_executor.py
[2023-07-04T00:34:33.124+0000] {logging_mixin.py:149} INFO - [2023-07-04T00:34:33.124+0000] {dag.py:2726} INFO - Sync 1 DAGs
[2023-07-04T00:34:33.162+0000] {logging_mixin.py:149} INFO - [2023-07-04T00:34:33.162+0000] {dag.py:3490} INFO - Setting next_dagrun for example_local_kubernetes_executor to None, run_after=None
[2023-07-04T00:34:33.190+0000] {processor.py:179} INFO - Processing /home/airflow/.local/lib/python3.7/site-packages/airflow/example_dags/example_local_kubernetes_executor.py took 0.635 seconds
[2023-07-04T00:35:04.578+0000] {processor.py:157} INFO - Started process (PID=3176) to work on /home/airflow/.local/lib/python3.7/site-packages/airflow/example_dags/example_local_kubernetes_executor.py
[2023-07-04T00:35:04.580+0000] {processor.py:826} INFO - Processing file /home/airflow/.local/lib/python3.7/site-packages/airflow/example_dags/example_local_kubernetes_executor.py for tasks to queue
[2023-07-04T00:35:04.581+0000] {logging_mixin.py:149} INFO - [2023-07-04T00:35:04.581+0000] {dagbag.py:541} INFO - Filling up the DagBag from /home/airflow/.local/lib/python3.7/site-packages/airflow/example_dags/example_local_kubernetes_executor.py
[2023-07-04T00:35:05.454+0000] {processor.py:836} INFO - DAG(s) dict_keys(['example_local_kubernetes_executor']) retrieved from /home/airflow/.local/lib/python3.7/site-packages/airflow/example_dags/example_local_kubernetes_executor.py
[2023-07-04T00:35:05.528+0000] {logging_mixin.py:149} INFO - [2023-07-04T00:35:05.527+0000] {dag.py:2726} INFO - Sync 1 DAGs
[2023-07-04T00:35:05.595+0000] {logging_mixin.py:149} INFO - [2023-07-04T00:35:05.595+0000] {dag.py:3490} INFO - Setting next_dagrun for example_local_kubernetes_executor to None, run_after=None
[2023-07-04T00:35:05.649+0000] {processor.py:179} INFO - Processing /home/airflow/.local/lib/python3.7/site-packages/airflow/example_dags/example_local_kubernetes_executor.py took 1.080 seconds
