[2023-07-04T00:07:04.448+0000] {processor.py:157} INFO - Started process (PID=47) to work on /home/airflow/.local/lib/python3.7/site-packages/airflow/example_dags/example_python_operator.py
[2023-07-04T00:07:04.451+0000] {processor.py:826} INFO - Processing file /home/airflow/.local/lib/python3.7/site-packages/airflow/example_dags/example_python_operator.py for tasks to queue
[2023-07-04T00:07:04.460+0000] {logging_mixin.py:149} INFO - [2023-07-04T00:07:04.459+0000] {dagbag.py:541} INFO - Filling up the DagBag from /home/airflow/.local/lib/python3.7/site-packages/airflow/example_dags/example_python_operator.py
[2023-07-04T00:07:04.491+0000] {processor.py:836} INFO - DAG(s) dict_keys(['example_python_operator']) retrieved from /home/airflow/.local/lib/python3.7/site-packages/airflow/example_dags/example_python_operator.py
[2023-07-04T00:07:05.166+0000] {logging_mixin.py:149} INFO - [2023-07-04T00:07:05.165+0000] {dag.py:2726} INFO - Sync 1 DAGs
[2023-07-04T00:07:05.244+0000] {logging_mixin.py:149} INFO - [2023-07-04T00:07:05.244+0000] {dag.py:3490} INFO - Setting next_dagrun for example_python_operator to None, run_after=None
[2023-07-04T00:07:05.304+0000] {processor.py:179} INFO - Processing /home/airflow/.local/lib/python3.7/site-packages/airflow/example_dags/example_python_operator.py took 0.869 seconds
[2023-07-04T00:07:35.480+0000] {processor.py:157} INFO - Started process (PID=104) to work on /home/airflow/.local/lib/python3.7/site-packages/airflow/example_dags/example_python_operator.py
[2023-07-04T00:07:35.482+0000] {processor.py:826} INFO - Processing file /home/airflow/.local/lib/python3.7/site-packages/airflow/example_dags/example_python_operator.py for tasks to queue
[2023-07-04T00:07:35.483+0000] {logging_mixin.py:149} INFO - [2023-07-04T00:07:35.483+0000] {dagbag.py:541} INFO - Filling up the DagBag from /home/airflow/.local/lib/python3.7/site-packages/airflow/example_dags/example_python_operator.py
[2023-07-04T00:07:35.506+0000] {processor.py:836} INFO - DAG(s) dict_keys(['example_python_operator']) retrieved from /home/airflow/.local/lib/python3.7/site-packages/airflow/example_dags/example_python_operator.py
[2023-07-04T00:07:35.556+0000] {logging_mixin.py:149} INFO - [2023-07-04T00:07:35.556+0000] {dag.py:2726} INFO - Sync 1 DAGs
[2023-07-04T00:07:35.621+0000] {logging_mixin.py:149} INFO - [2023-07-04T00:07:35.621+0000] {dag.py:3490} INFO - Setting next_dagrun for example_python_operator to None, run_after=None
[2023-07-04T00:07:35.660+0000] {processor.py:179} INFO - Processing /home/airflow/.local/lib/python3.7/site-packages/airflow/example_dags/example_python_operator.py took 0.186 seconds
[2023-07-04T00:08:05.835+0000] {processor.py:157} INFO - Started process (PID=160) to work on /home/airflow/.local/lib/python3.7/site-packages/airflow/example_dags/example_python_operator.py
[2023-07-04T00:08:05.837+0000] {processor.py:826} INFO - Processing file /home/airflow/.local/lib/python3.7/site-packages/airflow/example_dags/example_python_operator.py for tasks to queue
[2023-07-04T00:08:05.840+0000] {logging_mixin.py:149} INFO - [2023-07-04T00:08:05.840+0000] {dagbag.py:541} INFO - Filling up the DagBag from /home/airflow/.local/lib/python3.7/site-packages/airflow/example_dags/example_python_operator.py
[2023-07-04T00:08:05.869+0000] {processor.py:836} INFO - DAG(s) dict_keys(['example_python_operator']) retrieved from /home/airflow/.local/lib/python3.7/site-packages/airflow/example_dags/example_python_operator.py
[2023-07-04T00:08:05.920+0000] {logging_mixin.py:149} INFO - [2023-07-04T00:08:05.920+0000] {dag.py:2726} INFO - Sync 1 DAGs
[2023-07-04T00:08:05.967+0000] {logging_mixin.py:149} INFO - [2023-07-04T00:08:05.967+0000] {dag.py:3490} INFO - Setting next_dagrun for example_python_operator to None, run_after=None
[2023-07-04T00:08:06.007+0000] {processor.py:179} INFO - Processing /home/airflow/.local/lib/python3.7/site-packages/airflow/example_dags/example_python_operator.py took 0.181 seconds
[2023-07-04T00:08:36.882+0000] {processor.py:157} INFO - Started process (PID=218) to work on /home/airflow/.local/lib/python3.7/site-packages/airflow/example_dags/example_python_operator.py
[2023-07-04T00:08:36.884+0000] {processor.py:826} INFO - Processing file /home/airflow/.local/lib/python3.7/site-packages/airflow/example_dags/example_python_operator.py for tasks to queue
[2023-07-04T00:08:36.886+0000] {logging_mixin.py:149} INFO - [2023-07-04T00:08:36.885+0000] {dagbag.py:541} INFO - Filling up the DagBag from /home/airflow/.local/lib/python3.7/site-packages/airflow/example_dags/example_python_operator.py
[2023-07-04T00:08:36.912+0000] {processor.py:836} INFO - DAG(s) dict_keys(['example_python_operator']) retrieved from /home/airflow/.local/lib/python3.7/site-packages/airflow/example_dags/example_python_operator.py
[2023-07-04T00:08:36.972+0000] {logging_mixin.py:149} INFO - [2023-07-04T00:08:36.971+0000] {dag.py:2726} INFO - Sync 1 DAGs
[2023-07-04T00:08:37.020+0000] {logging_mixin.py:149} INFO - [2023-07-04T00:08:37.020+0000] {dag.py:3490} INFO - Setting next_dagrun for example_python_operator to None, run_after=None
[2023-07-04T00:08:37.054+0000] {processor.py:179} INFO - Processing /home/airflow/.local/lib/python3.7/site-packages/airflow/example_dags/example_python_operator.py took 0.181 seconds
[2023-07-04T00:09:07.602+0000] {processor.py:157} INFO - Started process (PID=275) to work on /home/airflow/.local/lib/python3.7/site-packages/airflow/example_dags/example_python_operator.py
[2023-07-04T00:09:07.604+0000] {processor.py:826} INFO - Processing file /home/airflow/.local/lib/python3.7/site-packages/airflow/example_dags/example_python_operator.py for tasks to queue
[2023-07-04T00:09:07.606+0000] {logging_mixin.py:149} INFO - [2023-07-04T00:09:07.605+0000] {dagbag.py:541} INFO - Filling up the DagBag from /home/airflow/.local/lib/python3.7/site-packages/airflow/example_dags/example_python_operator.py
[2023-07-04T00:09:07.626+0000] {processor.py:836} INFO - DAG(s) dict_keys(['example_python_operator']) retrieved from /home/airflow/.local/lib/python3.7/site-packages/airflow/example_dags/example_python_operator.py
[2023-07-04T00:09:07.678+0000] {logging_mixin.py:149} INFO - [2023-07-04T00:09:07.678+0000] {dag.py:2726} INFO - Sync 1 DAGs
[2023-07-04T00:09:07.729+0000] {logging_mixin.py:149} INFO - [2023-07-04T00:09:07.729+0000] {dag.py:3490} INFO - Setting next_dagrun for example_python_operator to None, run_after=None
[2023-07-04T00:09:07.773+0000] {processor.py:179} INFO - Processing /home/airflow/.local/lib/python3.7/site-packages/airflow/example_dags/example_python_operator.py took 0.177 seconds
[2023-07-04T00:09:38.051+0000] {processor.py:157} INFO - Started process (PID=331) to work on /home/airflow/.local/lib/python3.7/site-packages/airflow/example_dags/example_python_operator.py
[2023-07-04T00:09:38.052+0000] {processor.py:826} INFO - Processing file /home/airflow/.local/lib/python3.7/site-packages/airflow/example_dags/example_python_operator.py for tasks to queue
[2023-07-04T00:09:38.054+0000] {logging_mixin.py:149} INFO - [2023-07-04T00:09:38.054+0000] {dagbag.py:541} INFO - Filling up the DagBag from /home/airflow/.local/lib/python3.7/site-packages/airflow/example_dags/example_python_operator.py
[2023-07-04T00:09:38.074+0000] {processor.py:836} INFO - DAG(s) dict_keys(['example_python_operator']) retrieved from /home/airflow/.local/lib/python3.7/site-packages/airflow/example_dags/example_python_operator.py
[2023-07-04T00:09:38.123+0000] {logging_mixin.py:149} INFO - [2023-07-04T00:09:38.123+0000] {dag.py:2726} INFO - Sync 1 DAGs
[2023-07-04T00:09:38.171+0000] {logging_mixin.py:149} INFO - [2023-07-04T00:09:38.171+0000] {dag.py:3490} INFO - Setting next_dagrun for example_python_operator to None, run_after=None
[2023-07-04T00:09:38.210+0000] {processor.py:179} INFO - Processing /home/airflow/.local/lib/python3.7/site-packages/airflow/example_dags/example_python_operator.py took 0.165 seconds
[2023-07-04T00:10:08.697+0000] {processor.py:157} INFO - Started process (PID=388) to work on /home/airflow/.local/lib/python3.7/site-packages/airflow/example_dags/example_python_operator.py
[2023-07-04T00:10:08.698+0000] {processor.py:826} INFO - Processing file /home/airflow/.local/lib/python3.7/site-packages/airflow/example_dags/example_python_operator.py for tasks to queue
[2023-07-04T00:10:08.700+0000] {logging_mixin.py:149} INFO - [2023-07-04T00:10:08.699+0000] {dagbag.py:541} INFO - Filling up the DagBag from /home/airflow/.local/lib/python3.7/site-packages/airflow/example_dags/example_python_operator.py
[2023-07-04T00:10:08.720+0000] {processor.py:836} INFO - DAG(s) dict_keys(['example_python_operator']) retrieved from /home/airflow/.local/lib/python3.7/site-packages/airflow/example_dags/example_python_operator.py
[2023-07-04T00:10:08.771+0000] {logging_mixin.py:149} INFO - [2023-07-04T00:10:08.770+0000] {dag.py:2726} INFO - Sync 1 DAGs
[2023-07-04T00:10:08.818+0000] {logging_mixin.py:149} INFO - [2023-07-04T00:10:08.817+0000] {dag.py:3490} INFO - Setting next_dagrun for example_python_operator to None, run_after=None
[2023-07-04T00:10:08.857+0000] {processor.py:179} INFO - Processing /home/airflow/.local/lib/python3.7/site-packages/airflow/example_dags/example_python_operator.py took 0.167 seconds
[2023-07-04T00:10:39.181+0000] {processor.py:157} INFO - Started process (PID=444) to work on /home/airflow/.local/lib/python3.7/site-packages/airflow/example_dags/example_python_operator.py
[2023-07-04T00:10:39.182+0000] {processor.py:826} INFO - Processing file /home/airflow/.local/lib/python3.7/site-packages/airflow/example_dags/example_python_operator.py for tasks to queue
[2023-07-04T00:10:39.183+0000] {logging_mixin.py:149} INFO - [2023-07-04T00:10:39.183+0000] {dagbag.py:541} INFO - Filling up the DagBag from /home/airflow/.local/lib/python3.7/site-packages/airflow/example_dags/example_python_operator.py
[2023-07-04T00:10:39.205+0000] {processor.py:836} INFO - DAG(s) dict_keys(['example_python_operator']) retrieved from /home/airflow/.local/lib/python3.7/site-packages/airflow/example_dags/example_python_operator.py
[2023-07-04T00:10:39.266+0000] {logging_mixin.py:149} INFO - [2023-07-04T00:10:39.266+0000] {dag.py:2726} INFO - Sync 1 DAGs
[2023-07-04T00:10:39.325+0000] {logging_mixin.py:149} INFO - [2023-07-04T00:10:39.325+0000] {dag.py:3490} INFO - Setting next_dagrun for example_python_operator to None, run_after=None
[2023-07-04T00:10:39.408+0000] {processor.py:179} INFO - Processing /home/airflow/.local/lib/python3.7/site-packages/airflow/example_dags/example_python_operator.py took 0.237 seconds
[2023-07-04T00:11:10.019+0000] {processor.py:157} INFO - Started process (PID=508) to work on /home/airflow/.local/lib/python3.7/site-packages/airflow/example_dags/example_python_operator.py
[2023-07-04T00:11:10.022+0000] {processor.py:826} INFO - Processing file /home/airflow/.local/lib/python3.7/site-packages/airflow/example_dags/example_python_operator.py for tasks to queue
[2023-07-04T00:11:10.024+0000] {logging_mixin.py:149} INFO - [2023-07-04T00:11:10.023+0000] {dagbag.py:541} INFO - Filling up the DagBag from /home/airflow/.local/lib/python3.7/site-packages/airflow/example_dags/example_python_operator.py
[2023-07-04T00:11:10.059+0000] {processor.py:836} INFO - DAG(s) dict_keys(['example_python_operator']) retrieved from /home/airflow/.local/lib/python3.7/site-packages/airflow/example_dags/example_python_operator.py
[2023-07-04T00:11:10.142+0000] {logging_mixin.py:149} INFO - [2023-07-04T00:11:10.141+0000] {dag.py:2726} INFO - Sync 1 DAGs
[2023-07-04T00:11:10.250+0000] {logging_mixin.py:149} INFO - [2023-07-04T00:11:10.250+0000] {dag.py:3490} INFO - Setting next_dagrun for example_python_operator to None, run_after=None
[2023-07-04T00:11:10.335+0000] {processor.py:179} INFO - Processing /home/airflow/.local/lib/python3.7/site-packages/airflow/example_dags/example_python_operator.py took 0.327 seconds
[2023-07-04T00:11:40.948+0000] {processor.py:157} INFO - Started process (PID=565) to work on /home/airflow/.local/lib/python3.7/site-packages/airflow/example_dags/example_python_operator.py
[2023-07-04T00:11:40.950+0000] {processor.py:826} INFO - Processing file /home/airflow/.local/lib/python3.7/site-packages/airflow/example_dags/example_python_operator.py for tasks to queue
[2023-07-04T00:11:40.952+0000] {logging_mixin.py:149} INFO - [2023-07-04T00:11:40.952+0000] {dagbag.py:541} INFO - Filling up the DagBag from /home/airflow/.local/lib/python3.7/site-packages/airflow/example_dags/example_python_operator.py
[2023-07-04T00:11:40.975+0000] {processor.py:836} INFO - DAG(s) dict_keys(['example_python_operator']) retrieved from /home/airflow/.local/lib/python3.7/site-packages/airflow/example_dags/example_python_operator.py
[2023-07-04T00:11:41.038+0000] {logging_mixin.py:149} INFO - [2023-07-04T00:11:41.038+0000] {dag.py:2726} INFO - Sync 1 DAGs
[2023-07-04T00:11:41.101+0000] {logging_mixin.py:149} INFO - [2023-07-04T00:11:41.101+0000] {dag.py:3490} INFO - Setting next_dagrun for example_python_operator to None, run_after=None
[2023-07-04T00:11:41.143+0000] {processor.py:179} INFO - Processing /home/airflow/.local/lib/python3.7/site-packages/airflow/example_dags/example_python_operator.py took 0.203 seconds
[2023-07-04T00:12:11.266+0000] {processor.py:157} INFO - Started process (PID=622) to work on /home/airflow/.local/lib/python3.7/site-packages/airflow/example_dags/example_python_operator.py
[2023-07-04T00:12:11.268+0000] {processor.py:826} INFO - Processing file /home/airflow/.local/lib/python3.7/site-packages/airflow/example_dags/example_python_operator.py for tasks to queue
[2023-07-04T00:12:11.272+0000] {logging_mixin.py:149} INFO - [2023-07-04T00:12:11.271+0000] {dagbag.py:541} INFO - Filling up the DagBag from /home/airflow/.local/lib/python3.7/site-packages/airflow/example_dags/example_python_operator.py
[2023-07-04T00:12:11.300+0000] {processor.py:836} INFO - DAG(s) dict_keys(['example_python_operator']) retrieved from /home/airflow/.local/lib/python3.7/site-packages/airflow/example_dags/example_python_operator.py
[2023-07-04T00:12:11.363+0000] {logging_mixin.py:149} INFO - [2023-07-04T00:12:11.363+0000] {dag.py:2726} INFO - Sync 1 DAGs
[2023-07-04T00:12:11.422+0000] {logging_mixin.py:149} INFO - [2023-07-04T00:12:11.421+0000] {dag.py:3490} INFO - Setting next_dagrun for example_python_operator to None, run_after=None
[2023-07-04T00:12:11.467+0000] {processor.py:179} INFO - Processing /home/airflow/.local/lib/python3.7/site-packages/airflow/example_dags/example_python_operator.py took 0.210 seconds
[2023-07-04T00:12:41.584+0000] {processor.py:157} INFO - Started process (PID=679) to work on /home/airflow/.local/lib/python3.7/site-packages/airflow/example_dags/example_python_operator.py
[2023-07-04T00:12:41.587+0000] {processor.py:826} INFO - Processing file /home/airflow/.local/lib/python3.7/site-packages/airflow/example_dags/example_python_operator.py for tasks to queue
[2023-07-04T00:12:41.591+0000] {logging_mixin.py:149} INFO - [2023-07-04T00:12:41.590+0000] {dagbag.py:541} INFO - Filling up the DagBag from /home/airflow/.local/lib/python3.7/site-packages/airflow/example_dags/example_python_operator.py
[2023-07-04T00:12:41.631+0000] {processor.py:836} INFO - DAG(s) dict_keys(['example_python_operator']) retrieved from /home/airflow/.local/lib/python3.7/site-packages/airflow/example_dags/example_python_operator.py
[2023-07-04T00:12:41.782+0000] {logging_mixin.py:149} INFO - [2023-07-04T00:12:41.782+0000] {dag.py:2726} INFO - Sync 1 DAGs
[2023-07-04T00:12:41.926+0000] {logging_mixin.py:149} INFO - [2023-07-04T00:12:41.925+0000] {dag.py:3490} INFO - Setting next_dagrun for example_python_operator to None, run_after=None
[2023-07-04T00:12:42.011+0000] {processor.py:179} INFO - Processing /home/airflow/.local/lib/python3.7/site-packages/airflow/example_dags/example_python_operator.py took 0.439 seconds
[2023-07-04T00:13:12.248+0000] {processor.py:157} INFO - Started process (PID=737) to work on /home/airflow/.local/lib/python3.7/site-packages/airflow/example_dags/example_python_operator.py
[2023-07-04T00:13:12.250+0000] {processor.py:826} INFO - Processing file /home/airflow/.local/lib/python3.7/site-packages/airflow/example_dags/example_python_operator.py for tasks to queue
[2023-07-04T00:13:12.252+0000] {logging_mixin.py:149} INFO - [2023-07-04T00:13:12.251+0000] {dagbag.py:541} INFO - Filling up the DagBag from /home/airflow/.local/lib/python3.7/site-packages/airflow/example_dags/example_python_operator.py
[2023-07-04T00:13:12.280+0000] {processor.py:836} INFO - DAG(s) dict_keys(['example_python_operator']) retrieved from /home/airflow/.local/lib/python3.7/site-packages/airflow/example_dags/example_python_operator.py
[2023-07-04T00:13:12.335+0000] {logging_mixin.py:149} INFO - [2023-07-04T00:13:12.334+0000] {dag.py:2726} INFO - Sync 1 DAGs
[2023-07-04T00:13:12.424+0000] {logging_mixin.py:149} INFO - [2023-07-04T00:13:12.424+0000] {dag.py:3490} INFO - Setting next_dagrun for example_python_operator to None, run_after=None
[2023-07-04T00:13:12.466+0000] {processor.py:179} INFO - Processing /home/airflow/.local/lib/python3.7/site-packages/airflow/example_dags/example_python_operator.py took 0.229 seconds
[2023-07-04T00:13:42.822+0000] {processor.py:157} INFO - Started process (PID=794) to work on /home/airflow/.local/lib/python3.7/site-packages/airflow/example_dags/example_python_operator.py
[2023-07-04T00:13:42.824+0000] {processor.py:826} INFO - Processing file /home/airflow/.local/lib/python3.7/site-packages/airflow/example_dags/example_python_operator.py for tasks to queue
[2023-07-04T00:13:42.826+0000] {logging_mixin.py:149} INFO - [2023-07-04T00:13:42.825+0000] {dagbag.py:541} INFO - Filling up the DagBag from /home/airflow/.local/lib/python3.7/site-packages/airflow/example_dags/example_python_operator.py
[2023-07-04T00:13:42.844+0000] {processor.py:836} INFO - DAG(s) dict_keys(['example_python_operator']) retrieved from /home/airflow/.local/lib/python3.7/site-packages/airflow/example_dags/example_python_operator.py
[2023-07-04T00:13:42.894+0000] {logging_mixin.py:149} INFO - [2023-07-04T00:13:42.893+0000] {dag.py:2726} INFO - Sync 1 DAGs
[2023-07-04T00:13:42.944+0000] {logging_mixin.py:149} INFO - [2023-07-04T00:13:42.944+0000] {dag.py:3490} INFO - Setting next_dagrun for example_python_operator to None, run_after=None
[2023-07-04T00:13:42.974+0000] {processor.py:179} INFO - Processing /home/airflow/.local/lib/python3.7/site-packages/airflow/example_dags/example_python_operator.py took 0.161 seconds
[2023-07-04T00:14:13.528+0000] {processor.py:157} INFO - Started process (PID=850) to work on /home/airflow/.local/lib/python3.7/site-packages/airflow/example_dags/example_python_operator.py
[2023-07-04T00:14:13.531+0000] {processor.py:826} INFO - Processing file /home/airflow/.local/lib/python3.7/site-packages/airflow/example_dags/example_python_operator.py for tasks to queue
[2023-07-04T00:14:13.534+0000] {logging_mixin.py:149} INFO - [2023-07-04T00:14:13.533+0000] {dagbag.py:541} INFO - Filling up the DagBag from /home/airflow/.local/lib/python3.7/site-packages/airflow/example_dags/example_python_operator.py
[2023-07-04T00:14:13.569+0000] {processor.py:836} INFO - DAG(s) dict_keys(['example_python_operator']) retrieved from /home/airflow/.local/lib/python3.7/site-packages/airflow/example_dags/example_python_operator.py
[2023-07-04T00:14:13.662+0000] {logging_mixin.py:149} INFO - [2023-07-04T00:14:13.662+0000] {dag.py:2726} INFO - Sync 1 DAGs
[2023-07-04T00:14:13.757+0000] {logging_mixin.py:149} INFO - [2023-07-04T00:14:13.757+0000] {dag.py:3490} INFO - Setting next_dagrun for example_python_operator to None, run_after=None
[2023-07-04T00:14:13.822+0000] {processor.py:179} INFO - Processing /home/airflow/.local/lib/python3.7/site-packages/airflow/example_dags/example_python_operator.py took 0.305 seconds
[2023-07-04T00:14:44.244+0000] {processor.py:157} INFO - Started process (PID=907) to work on /home/airflow/.local/lib/python3.7/site-packages/airflow/example_dags/example_python_operator.py
[2023-07-04T00:14:44.245+0000] {processor.py:826} INFO - Processing file /home/airflow/.local/lib/python3.7/site-packages/airflow/example_dags/example_python_operator.py for tasks to queue
[2023-07-04T00:14:44.246+0000] {logging_mixin.py:149} INFO - [2023-07-04T00:14:44.246+0000] {dagbag.py:541} INFO - Filling up the DagBag from /home/airflow/.local/lib/python3.7/site-packages/airflow/example_dags/example_python_operator.py
[2023-07-04T00:14:44.262+0000] {processor.py:836} INFO - DAG(s) dict_keys(['example_python_operator']) retrieved from /home/airflow/.local/lib/python3.7/site-packages/airflow/example_dags/example_python_operator.py
[2023-07-04T00:14:44.311+0000] {logging_mixin.py:149} INFO - [2023-07-04T00:14:44.311+0000] {dag.py:2726} INFO - Sync 1 DAGs
[2023-07-04T00:14:44.352+0000] {logging_mixin.py:149} INFO - [2023-07-04T00:14:44.352+0000] {dag.py:3490} INFO - Setting next_dagrun for example_python_operator to None, run_after=None
[2023-07-04T00:14:44.381+0000] {processor.py:179} INFO - Processing /home/airflow/.local/lib/python3.7/site-packages/airflow/example_dags/example_python_operator.py took 0.143 seconds
[2023-07-04T00:15:14.835+0000] {processor.py:157} INFO - Started process (PID=964) to work on /home/airflow/.local/lib/python3.7/site-packages/airflow/example_dags/example_python_operator.py
[2023-07-04T00:15:14.836+0000] {processor.py:826} INFO - Processing file /home/airflow/.local/lib/python3.7/site-packages/airflow/example_dags/example_python_operator.py for tasks to queue
[2023-07-04T00:15:14.839+0000] {logging_mixin.py:149} INFO - [2023-07-04T00:15:14.838+0000] {dagbag.py:541} INFO - Filling up the DagBag from /home/airflow/.local/lib/python3.7/site-packages/airflow/example_dags/example_python_operator.py
[2023-07-04T00:15:14.869+0000] {processor.py:836} INFO - DAG(s) dict_keys(['example_python_operator']) retrieved from /home/airflow/.local/lib/python3.7/site-packages/airflow/example_dags/example_python_operator.py
[2023-07-04T00:15:14.934+0000] {logging_mixin.py:149} INFO - [2023-07-04T00:15:14.934+0000] {dag.py:2726} INFO - Sync 1 DAGs
[2023-07-04T00:15:15.037+0000] {logging_mixin.py:149} INFO - [2023-07-04T00:15:15.037+0000] {dag.py:3490} INFO - Setting next_dagrun for example_python_operator to None, run_after=None
[2023-07-04T00:15:15.126+0000] {processor.py:179} INFO - Processing /home/airflow/.local/lib/python3.7/site-packages/airflow/example_dags/example_python_operator.py took 0.301 seconds
[2023-07-04T00:15:45.685+0000] {processor.py:157} INFO - Started process (PID=1022) to work on /home/airflow/.local/lib/python3.7/site-packages/airflow/example_dags/example_python_operator.py
[2023-07-04T00:15:45.687+0000] {processor.py:826} INFO - Processing file /home/airflow/.local/lib/python3.7/site-packages/airflow/example_dags/example_python_operator.py for tasks to queue
[2023-07-04T00:15:45.689+0000] {logging_mixin.py:149} INFO - [2023-07-04T00:15:45.688+0000] {dagbag.py:541} INFO - Filling up the DagBag from /home/airflow/.local/lib/python3.7/site-packages/airflow/example_dags/example_python_operator.py
[2023-07-04T00:15:45.718+0000] {processor.py:836} INFO - DAG(s) dict_keys(['example_python_operator']) retrieved from /home/airflow/.local/lib/python3.7/site-packages/airflow/example_dags/example_python_operator.py
[2023-07-04T00:15:45.794+0000] {logging_mixin.py:149} INFO - [2023-07-04T00:15:45.793+0000] {dag.py:2726} INFO - Sync 1 DAGs
[2023-07-04T00:15:45.877+0000] {logging_mixin.py:149} INFO - [2023-07-04T00:15:45.877+0000] {dag.py:3490} INFO - Setting next_dagrun for example_python_operator to None, run_after=None
[2023-07-04T00:15:45.942+0000] {processor.py:179} INFO - Processing /home/airflow/.local/lib/python3.7/site-packages/airflow/example_dags/example_python_operator.py took 0.264 seconds
[2023-07-04T00:16:16.119+0000] {processor.py:157} INFO - Started process (PID=1079) to work on /home/airflow/.local/lib/python3.7/site-packages/airflow/example_dags/example_python_operator.py
[2023-07-04T00:16:16.120+0000] {processor.py:826} INFO - Processing file /home/airflow/.local/lib/python3.7/site-packages/airflow/example_dags/example_python_operator.py for tasks to queue
[2023-07-04T00:16:16.121+0000] {logging_mixin.py:149} INFO - [2023-07-04T00:16:16.121+0000] {dagbag.py:541} INFO - Filling up the DagBag from /home/airflow/.local/lib/python3.7/site-packages/airflow/example_dags/example_python_operator.py
[2023-07-04T00:16:16.143+0000] {processor.py:836} INFO - DAG(s) dict_keys(['example_python_operator']) retrieved from /home/airflow/.local/lib/python3.7/site-packages/airflow/example_dags/example_python_operator.py
[2023-07-04T00:16:16.205+0000] {logging_mixin.py:149} INFO - [2023-07-04T00:16:16.204+0000] {dag.py:2726} INFO - Sync 1 DAGs
[2023-07-04T00:16:16.266+0000] {logging_mixin.py:149} INFO - [2023-07-04T00:16:16.265+0000] {dag.py:3490} INFO - Setting next_dagrun for example_python_operator to None, run_after=None
[2023-07-04T00:16:16.313+0000] {processor.py:179} INFO - Processing /home/airflow/.local/lib/python3.7/site-packages/airflow/example_dags/example_python_operator.py took 0.203 seconds
[2023-07-04T00:16:46.958+0000] {processor.py:157} INFO - Started process (PID=1136) to work on /home/airflow/.local/lib/python3.7/site-packages/airflow/example_dags/example_python_operator.py
[2023-07-04T00:16:46.959+0000] {processor.py:826} INFO - Processing file /home/airflow/.local/lib/python3.7/site-packages/airflow/example_dags/example_python_operator.py for tasks to queue
[2023-07-04T00:16:46.962+0000] {logging_mixin.py:149} INFO - [2023-07-04T00:16:46.961+0000] {dagbag.py:541} INFO - Filling up the DagBag from /home/airflow/.local/lib/python3.7/site-packages/airflow/example_dags/example_python_operator.py
[2023-07-04T00:16:46.987+0000] {processor.py:836} INFO - DAG(s) dict_keys(['example_python_operator']) retrieved from /home/airflow/.local/lib/python3.7/site-packages/airflow/example_dags/example_python_operator.py
[2023-07-04T00:16:47.029+0000] {logging_mixin.py:149} INFO - [2023-07-04T00:16:47.029+0000] {dag.py:2726} INFO - Sync 1 DAGs
[2023-07-04T00:16:47.074+0000] {logging_mixin.py:149} INFO - [2023-07-04T00:16:47.073+0000] {dag.py:3490} INFO - Setting next_dagrun for example_python_operator to None, run_after=None
[2023-07-04T00:16:47.108+0000] {processor.py:179} INFO - Processing /home/airflow/.local/lib/python3.7/site-packages/airflow/example_dags/example_python_operator.py took 0.157 seconds
[2023-07-04T00:17:17.717+0000] {processor.py:157} INFO - Started process (PID=1193) to work on /home/airflow/.local/lib/python3.7/site-packages/airflow/example_dags/example_python_operator.py
[2023-07-04T00:17:17.718+0000] {processor.py:826} INFO - Processing file /home/airflow/.local/lib/python3.7/site-packages/airflow/example_dags/example_python_operator.py for tasks to queue
[2023-07-04T00:17:17.719+0000] {logging_mixin.py:149} INFO - [2023-07-04T00:17:17.719+0000] {dagbag.py:541} INFO - Filling up the DagBag from /home/airflow/.local/lib/python3.7/site-packages/airflow/example_dags/example_python_operator.py
[2023-07-04T00:17:17.740+0000] {processor.py:836} INFO - DAG(s) dict_keys(['example_python_operator']) retrieved from /home/airflow/.local/lib/python3.7/site-packages/airflow/example_dags/example_python_operator.py
[2023-07-04T00:17:17.806+0000] {logging_mixin.py:149} INFO - [2023-07-04T00:17:17.806+0000] {dag.py:2726} INFO - Sync 1 DAGs
[2023-07-04T00:17:17.858+0000] {logging_mixin.py:149} INFO - [2023-07-04T00:17:17.857+0000] {dag.py:3490} INFO - Setting next_dagrun for example_python_operator to None, run_after=None
[2023-07-04T00:17:17.898+0000] {processor.py:179} INFO - Processing /home/airflow/.local/lib/python3.7/site-packages/airflow/example_dags/example_python_operator.py took 0.188 seconds
[2023-07-04T00:17:48.054+0000] {processor.py:157} INFO - Started process (PID=1250) to work on /home/airflow/.local/lib/python3.7/site-packages/airflow/example_dags/example_python_operator.py
[2023-07-04T00:17:48.056+0000] {processor.py:826} INFO - Processing file /home/airflow/.local/lib/python3.7/site-packages/airflow/example_dags/example_python_operator.py for tasks to queue
[2023-07-04T00:17:48.058+0000] {logging_mixin.py:149} INFO - [2023-07-04T00:17:48.057+0000] {dagbag.py:541} INFO - Filling up the DagBag from /home/airflow/.local/lib/python3.7/site-packages/airflow/example_dags/example_python_operator.py
[2023-07-04T00:17:48.080+0000] {processor.py:836} INFO - DAG(s) dict_keys(['example_python_operator']) retrieved from /home/airflow/.local/lib/python3.7/site-packages/airflow/example_dags/example_python_operator.py
[2023-07-04T00:17:48.144+0000] {logging_mixin.py:149} INFO - [2023-07-04T00:17:48.144+0000] {dag.py:2726} INFO - Sync 1 DAGs
[2023-07-04T00:17:48.202+0000] {logging_mixin.py:149} INFO - [2023-07-04T00:17:48.201+0000] {dag.py:3490} INFO - Setting next_dagrun for example_python_operator to None, run_after=None
[2023-07-04T00:17:48.252+0000] {processor.py:179} INFO - Processing /home/airflow/.local/lib/python3.7/site-packages/airflow/example_dags/example_python_operator.py took 0.207 seconds
[2023-07-04T00:18:18.384+0000] {processor.py:157} INFO - Started process (PID=1307) to work on /home/airflow/.local/lib/python3.7/site-packages/airflow/example_dags/example_python_operator.py
[2023-07-04T00:18:18.385+0000] {processor.py:826} INFO - Processing file /home/airflow/.local/lib/python3.7/site-packages/airflow/example_dags/example_python_operator.py for tasks to queue
[2023-07-04T00:18:18.386+0000] {logging_mixin.py:149} INFO - [2023-07-04T00:18:18.386+0000] {dagbag.py:541} INFO - Filling up the DagBag from /home/airflow/.local/lib/python3.7/site-packages/airflow/example_dags/example_python_operator.py
[2023-07-04T00:18:18.406+0000] {processor.py:836} INFO - DAG(s) dict_keys(['example_python_operator']) retrieved from /home/airflow/.local/lib/python3.7/site-packages/airflow/example_dags/example_python_operator.py
[2023-07-04T00:18:18.452+0000] {logging_mixin.py:149} INFO - [2023-07-04T00:18:18.452+0000] {dag.py:2726} INFO - Sync 1 DAGs
[2023-07-04T00:18:18.500+0000] {logging_mixin.py:149} INFO - [2023-07-04T00:18:18.500+0000] {dag.py:3490} INFO - Setting next_dagrun for example_python_operator to None, run_after=None
[2023-07-04T00:18:18.538+0000] {processor.py:179} INFO - Processing /home/airflow/.local/lib/python3.7/site-packages/airflow/example_dags/example_python_operator.py took 0.159 seconds
[2023-07-04T00:18:49.009+0000] {processor.py:157} INFO - Started process (PID=1363) to work on /home/airflow/.local/lib/python3.7/site-packages/airflow/example_dags/example_python_operator.py
[2023-07-04T00:18:49.011+0000] {processor.py:826} INFO - Processing file /home/airflow/.local/lib/python3.7/site-packages/airflow/example_dags/example_python_operator.py for tasks to queue
[2023-07-04T00:18:49.012+0000] {logging_mixin.py:149} INFO - [2023-07-04T00:18:49.012+0000] {dagbag.py:541} INFO - Filling up the DagBag from /home/airflow/.local/lib/python3.7/site-packages/airflow/example_dags/example_python_operator.py
[2023-07-04T00:18:49.041+0000] {processor.py:836} INFO - DAG(s) dict_keys(['example_python_operator']) retrieved from /home/airflow/.local/lib/python3.7/site-packages/airflow/example_dags/example_python_operator.py
[2023-07-04T00:18:49.093+0000] {logging_mixin.py:149} INFO - [2023-07-04T00:18:49.093+0000] {dag.py:2726} INFO - Sync 1 DAGs
[2023-07-04T00:18:49.181+0000] {logging_mixin.py:149} INFO - [2023-07-04T00:18:49.180+0000] {dag.py:3490} INFO - Setting next_dagrun for example_python_operator to None, run_after=None
[2023-07-04T00:18:49.222+0000] {processor.py:179} INFO - Processing /home/airflow/.local/lib/python3.7/site-packages/airflow/example_dags/example_python_operator.py took 0.224 seconds
[2023-07-04T00:19:19.482+0000] {processor.py:157} INFO - Started process (PID=1421) to work on /home/airflow/.local/lib/python3.7/site-packages/airflow/example_dags/example_python_operator.py
[2023-07-04T00:19:19.485+0000] {processor.py:826} INFO - Processing file /home/airflow/.local/lib/python3.7/site-packages/airflow/example_dags/example_python_operator.py for tasks to queue
[2023-07-04T00:19:19.488+0000] {logging_mixin.py:149} INFO - [2023-07-04T00:19:19.487+0000] {dagbag.py:541} INFO - Filling up the DagBag from /home/airflow/.local/lib/python3.7/site-packages/airflow/example_dags/example_python_operator.py
[2023-07-04T00:19:19.515+0000] {processor.py:836} INFO - DAG(s) dict_keys(['example_python_operator']) retrieved from /home/airflow/.local/lib/python3.7/site-packages/airflow/example_dags/example_python_operator.py
[2023-07-04T00:19:19.570+0000] {logging_mixin.py:149} INFO - [2023-07-04T00:19:19.570+0000] {dag.py:2726} INFO - Sync 1 DAGs
[2023-07-04T00:19:19.633+0000] {logging_mixin.py:149} INFO - [2023-07-04T00:19:19.632+0000] {dag.py:3490} INFO - Setting next_dagrun for example_python_operator to None, run_after=None
[2023-07-04T00:19:19.678+0000] {processor.py:179} INFO - Processing /home/airflow/.local/lib/python3.7/site-packages/airflow/example_dags/example_python_operator.py took 0.203 seconds
[2023-07-04T00:19:50.258+0000] {processor.py:157} INFO - Started process (PID=1478) to work on /home/airflow/.local/lib/python3.7/site-packages/airflow/example_dags/example_python_operator.py
[2023-07-04T00:19:50.260+0000] {processor.py:826} INFO - Processing file /home/airflow/.local/lib/python3.7/site-packages/airflow/example_dags/example_python_operator.py for tasks to queue
[2023-07-04T00:19:50.261+0000] {logging_mixin.py:149} INFO - [2023-07-04T00:19:50.261+0000] {dagbag.py:541} INFO - Filling up the DagBag from /home/airflow/.local/lib/python3.7/site-packages/airflow/example_dags/example_python_operator.py
[2023-07-04T00:19:50.284+0000] {processor.py:836} INFO - DAG(s) dict_keys(['example_python_operator']) retrieved from /home/airflow/.local/lib/python3.7/site-packages/airflow/example_dags/example_python_operator.py
[2023-07-04T00:19:50.353+0000] {logging_mixin.py:149} INFO - [2023-07-04T00:19:50.353+0000] {dag.py:2726} INFO - Sync 1 DAGs
[2023-07-04T00:19:50.407+0000] {logging_mixin.py:149} INFO - [2023-07-04T00:19:50.407+0000] {dag.py:3490} INFO - Setting next_dagrun for example_python_operator to None, run_after=None
[2023-07-04T00:19:50.448+0000] {processor.py:179} INFO - Processing /home/airflow/.local/lib/python3.7/site-packages/airflow/example_dags/example_python_operator.py took 0.197 seconds
[2023-07-04T00:20:20.941+0000] {processor.py:157} INFO - Started process (PID=1535) to work on /home/airflow/.local/lib/python3.7/site-packages/airflow/example_dags/example_python_operator.py
[2023-07-04T00:20:20.943+0000] {processor.py:826} INFO - Processing file /home/airflow/.local/lib/python3.7/site-packages/airflow/example_dags/example_python_operator.py for tasks to queue
[2023-07-04T00:20:20.944+0000] {logging_mixin.py:149} INFO - [2023-07-04T00:20:20.944+0000] {dagbag.py:541} INFO - Filling up the DagBag from /home/airflow/.local/lib/python3.7/site-packages/airflow/example_dags/example_python_operator.py
[2023-07-04T00:20:20.968+0000] {processor.py:836} INFO - DAG(s) dict_keys(['example_python_operator']) retrieved from /home/airflow/.local/lib/python3.7/site-packages/airflow/example_dags/example_python_operator.py
[2023-07-04T00:20:21.029+0000] {logging_mixin.py:149} INFO - [2023-07-04T00:20:21.029+0000] {dag.py:2726} INFO - Sync 1 DAGs
[2023-07-04T00:20:21.079+0000] {logging_mixin.py:149} INFO - [2023-07-04T00:20:21.079+0000] {dag.py:3490} INFO - Setting next_dagrun for example_python_operator to None, run_after=None
[2023-07-04T00:20:21.117+0000] {processor.py:179} INFO - Processing /home/airflow/.local/lib/python3.7/site-packages/airflow/example_dags/example_python_operator.py took 0.182 seconds
[2023-07-04T00:20:51.777+0000] {processor.py:157} INFO - Started process (PID=1592) to work on /home/airflow/.local/lib/python3.7/site-packages/airflow/example_dags/example_python_operator.py
[2023-07-04T00:20:51.779+0000] {processor.py:826} INFO - Processing file /home/airflow/.local/lib/python3.7/site-packages/airflow/example_dags/example_python_operator.py for tasks to queue
[2023-07-04T00:20:51.781+0000] {logging_mixin.py:149} INFO - [2023-07-04T00:20:51.780+0000] {dagbag.py:541} INFO - Filling up the DagBag from /home/airflow/.local/lib/python3.7/site-packages/airflow/example_dags/example_python_operator.py
[2023-07-04T00:20:51.811+0000] {processor.py:836} INFO - DAG(s) dict_keys(['example_python_operator']) retrieved from /home/airflow/.local/lib/python3.7/site-packages/airflow/example_dags/example_python_operator.py
[2023-07-04T00:20:51.902+0000] {logging_mixin.py:149} INFO - [2023-07-04T00:20:51.902+0000] {dag.py:2726} INFO - Sync 1 DAGs
[2023-07-04T00:20:51.989+0000] {logging_mixin.py:149} INFO - [2023-07-04T00:20:51.988+0000] {dag.py:3490} INFO - Setting next_dagrun for example_python_operator to None, run_after=None
[2023-07-04T00:20:52.047+0000] {processor.py:179} INFO - Processing /home/airflow/.local/lib/python3.7/site-packages/airflow/example_dags/example_python_operator.py took 0.282 seconds
[2023-07-04T00:21:22.901+0000] {processor.py:157} INFO - Started process (PID=1648) to work on /home/airflow/.local/lib/python3.7/site-packages/airflow/example_dags/example_python_operator.py
[2023-07-04T00:21:22.902+0000] {processor.py:826} INFO - Processing file /home/airflow/.local/lib/python3.7/site-packages/airflow/example_dags/example_python_operator.py for tasks to queue
[2023-07-04T00:21:22.903+0000] {logging_mixin.py:149} INFO - [2023-07-04T00:21:22.903+0000] {dagbag.py:541} INFO - Filling up the DagBag from /home/airflow/.local/lib/python3.7/site-packages/airflow/example_dags/example_python_operator.py
[2023-07-04T00:21:22.919+0000] {processor.py:836} INFO - DAG(s) dict_keys(['example_python_operator']) retrieved from /home/airflow/.local/lib/python3.7/site-packages/airflow/example_dags/example_python_operator.py
[2023-07-04T00:21:22.960+0000] {logging_mixin.py:149} INFO - [2023-07-04T00:21:22.960+0000] {dag.py:2726} INFO - Sync 1 DAGs
[2023-07-04T00:21:22.999+0000] {logging_mixin.py:149} INFO - [2023-07-04T00:21:22.999+0000] {dag.py:3490} INFO - Setting next_dagrun for example_python_operator to None, run_after=None
[2023-07-04T00:21:23.029+0000] {processor.py:179} INFO - Processing /home/airflow/.local/lib/python3.7/site-packages/airflow/example_dags/example_python_operator.py took 0.133 seconds
[2023-07-04T00:21:53.224+0000] {processor.py:157} INFO - Started process (PID=1705) to work on /home/airflow/.local/lib/python3.7/site-packages/airflow/example_dags/example_python_operator.py
[2023-07-04T00:21:53.226+0000] {processor.py:826} INFO - Processing file /home/airflow/.local/lib/python3.7/site-packages/airflow/example_dags/example_python_operator.py for tasks to queue
[2023-07-04T00:21:53.228+0000] {logging_mixin.py:149} INFO - [2023-07-04T00:21:53.227+0000] {dagbag.py:541} INFO - Filling up the DagBag from /home/airflow/.local/lib/python3.7/site-packages/airflow/example_dags/example_python_operator.py
[2023-07-04T00:21:53.254+0000] {processor.py:836} INFO - DAG(s) dict_keys(['example_python_operator']) retrieved from /home/airflow/.local/lib/python3.7/site-packages/airflow/example_dags/example_python_operator.py
[2023-07-04T00:21:53.320+0000] {logging_mixin.py:149} INFO - [2023-07-04T00:21:53.320+0000] {dag.py:2726} INFO - Sync 1 DAGs
[2023-07-04T00:21:53.374+0000] {logging_mixin.py:149} INFO - [2023-07-04T00:21:53.373+0000] {dag.py:3490} INFO - Setting next_dagrun for example_python_operator to None, run_after=None
[2023-07-04T00:21:53.405+0000] {processor.py:179} INFO - Processing /home/airflow/.local/lib/python3.7/site-packages/airflow/example_dags/example_python_operator.py took 0.190 seconds
[2023-07-04T00:22:23.622+0000] {processor.py:157} INFO - Started process (PID=1762) to work on /home/airflow/.local/lib/python3.7/site-packages/airflow/example_dags/example_python_operator.py
[2023-07-04T00:22:23.623+0000] {processor.py:826} INFO - Processing file /home/airflow/.local/lib/python3.7/site-packages/airflow/example_dags/example_python_operator.py for tasks to queue
[2023-07-04T00:22:23.625+0000] {logging_mixin.py:149} INFO - [2023-07-04T00:22:23.624+0000] {dagbag.py:541} INFO - Filling up the DagBag from /home/airflow/.local/lib/python3.7/site-packages/airflow/example_dags/example_python_operator.py
[2023-07-04T00:22:23.651+0000] {processor.py:836} INFO - DAG(s) dict_keys(['example_python_operator']) retrieved from /home/airflow/.local/lib/python3.7/site-packages/airflow/example_dags/example_python_operator.py
[2023-07-04T00:22:23.711+0000] {logging_mixin.py:149} INFO - [2023-07-04T00:22:23.711+0000] {dag.py:2726} INFO - Sync 1 DAGs
[2023-07-04T00:22:23.754+0000] {logging_mixin.py:149} INFO - [2023-07-04T00:22:23.754+0000] {dag.py:3490} INFO - Setting next_dagrun for example_python_operator to None, run_after=None
[2023-07-04T00:22:23.792+0000] {processor.py:179} INFO - Processing /home/airflow/.local/lib/python3.7/site-packages/airflow/example_dags/example_python_operator.py took 0.175 seconds
[2023-07-04T00:22:54.434+0000] {processor.py:157} INFO - Started process (PID=1819) to work on /home/airflow/.local/lib/python3.7/site-packages/airflow/example_dags/example_python_operator.py
[2023-07-04T00:22:54.435+0000] {processor.py:826} INFO - Processing file /home/airflow/.local/lib/python3.7/site-packages/airflow/example_dags/example_python_operator.py for tasks to queue
[2023-07-04T00:22:54.436+0000] {logging_mixin.py:149} INFO - [2023-07-04T00:22:54.436+0000] {dagbag.py:541} INFO - Filling up the DagBag from /home/airflow/.local/lib/python3.7/site-packages/airflow/example_dags/example_python_operator.py
[2023-07-04T00:22:54.457+0000] {processor.py:836} INFO - DAG(s) dict_keys(['example_python_operator']) retrieved from /home/airflow/.local/lib/python3.7/site-packages/airflow/example_dags/example_python_operator.py
[2023-07-04T00:22:54.517+0000] {logging_mixin.py:149} INFO - [2023-07-04T00:22:54.517+0000] {dag.py:2726} INFO - Sync 1 DAGs
[2023-07-04T00:22:54.558+0000] {logging_mixin.py:149} INFO - [2023-07-04T00:22:54.558+0000] {dag.py:3490} INFO - Setting next_dagrun for example_python_operator to None, run_after=None
[2023-07-04T00:22:54.590+0000] {processor.py:179} INFO - Processing /home/airflow/.local/lib/python3.7/site-packages/airflow/example_dags/example_python_operator.py took 0.164 seconds
[2023-07-04T00:23:24.893+0000] {processor.py:157} INFO - Started process (PID=1876) to work on /home/airflow/.local/lib/python3.7/site-packages/airflow/example_dags/example_python_operator.py
[2023-07-04T00:23:24.895+0000] {processor.py:826} INFO - Processing file /home/airflow/.local/lib/python3.7/site-packages/airflow/example_dags/example_python_operator.py for tasks to queue
[2023-07-04T00:23:24.896+0000] {logging_mixin.py:149} INFO - [2023-07-04T00:23:24.896+0000] {dagbag.py:541} INFO - Filling up the DagBag from /home/airflow/.local/lib/python3.7/site-packages/airflow/example_dags/example_python_operator.py
[2023-07-04T00:23:24.918+0000] {processor.py:836} INFO - DAG(s) dict_keys(['example_python_operator']) retrieved from /home/airflow/.local/lib/python3.7/site-packages/airflow/example_dags/example_python_operator.py
[2023-07-04T00:23:24.967+0000] {logging_mixin.py:149} INFO - [2023-07-04T00:23:24.966+0000] {dag.py:2726} INFO - Sync 1 DAGs
[2023-07-04T00:23:25.022+0000] {logging_mixin.py:149} INFO - [2023-07-04T00:23:25.021+0000] {dag.py:3490} INFO - Setting next_dagrun for example_python_operator to None, run_after=None
[2023-07-04T00:23:25.060+0000] {processor.py:179} INFO - Processing /home/airflow/.local/lib/python3.7/site-packages/airflow/example_dags/example_python_operator.py took 0.176 seconds
[2023-07-04T00:23:55.251+0000] {processor.py:157} INFO - Started process (PID=1933) to work on /home/airflow/.local/lib/python3.7/site-packages/airflow/example_dags/example_python_operator.py
[2023-07-04T00:23:55.252+0000] {processor.py:826} INFO - Processing file /home/airflow/.local/lib/python3.7/site-packages/airflow/example_dags/example_python_operator.py for tasks to queue
[2023-07-04T00:23:55.253+0000] {logging_mixin.py:149} INFO - [2023-07-04T00:23:55.253+0000] {dagbag.py:541} INFO - Filling up the DagBag from /home/airflow/.local/lib/python3.7/site-packages/airflow/example_dags/example_python_operator.py
[2023-07-04T00:23:55.268+0000] {processor.py:836} INFO - DAG(s) dict_keys(['example_python_operator']) retrieved from /home/airflow/.local/lib/python3.7/site-packages/airflow/example_dags/example_python_operator.py
[2023-07-04T00:23:55.323+0000] {logging_mixin.py:149} INFO - [2023-07-04T00:23:55.323+0000] {dag.py:2726} INFO - Sync 1 DAGs
[2023-07-04T00:23:55.410+0000] {logging_mixin.py:149} INFO - [2023-07-04T00:23:55.410+0000] {dag.py:3490} INFO - Setting next_dagrun for example_python_operator to None, run_after=None
[2023-07-04T00:23:55.476+0000] {processor.py:179} INFO - Processing /home/airflow/.local/lib/python3.7/site-packages/airflow/example_dags/example_python_operator.py took 0.230 seconds
[2023-07-04T00:24:25.829+0000] {processor.py:157} INFO - Started process (PID=1990) to work on /home/airflow/.local/lib/python3.7/site-packages/airflow/example_dags/example_python_operator.py
[2023-07-04T00:24:25.831+0000] {processor.py:826} INFO - Processing file /home/airflow/.local/lib/python3.7/site-packages/airflow/example_dags/example_python_operator.py for tasks to queue
[2023-07-04T00:24:25.833+0000] {logging_mixin.py:149} INFO - [2023-07-04T00:24:25.833+0000] {dagbag.py:541} INFO - Filling up the DagBag from /home/airflow/.local/lib/python3.7/site-packages/airflow/example_dags/example_python_operator.py
[2023-07-04T00:24:25.854+0000] {processor.py:836} INFO - DAG(s) dict_keys(['example_python_operator']) retrieved from /home/airflow/.local/lib/python3.7/site-packages/airflow/example_dags/example_python_operator.py
[2023-07-04T00:24:25.901+0000] {logging_mixin.py:149} INFO - [2023-07-04T00:24:25.901+0000] {dag.py:2726} INFO - Sync 1 DAGs
[2023-07-04T00:24:25.949+0000] {logging_mixin.py:149} INFO - [2023-07-04T00:24:25.949+0000] {dag.py:3490} INFO - Setting next_dagrun for example_python_operator to None, run_after=None
[2023-07-04T00:24:26.000+0000] {processor.py:179} INFO - Processing /home/airflow/.local/lib/python3.7/site-packages/airflow/example_dags/example_python_operator.py took 0.179 seconds
[2023-07-04T00:24:56.697+0000] {processor.py:157} INFO - Started process (PID=2047) to work on /home/airflow/.local/lib/python3.7/site-packages/airflow/example_dags/example_python_operator.py
[2023-07-04T00:24:56.700+0000] {processor.py:826} INFO - Processing file /home/airflow/.local/lib/python3.7/site-packages/airflow/example_dags/example_python_operator.py for tasks to queue
[2023-07-04T00:24:56.703+0000] {logging_mixin.py:149} INFO - [2023-07-04T00:24:56.702+0000] {dagbag.py:541} INFO - Filling up the DagBag from /home/airflow/.local/lib/python3.7/site-packages/airflow/example_dags/example_python_operator.py
[2023-07-04T00:24:56.733+0000] {processor.py:836} INFO - DAG(s) dict_keys(['example_python_operator']) retrieved from /home/airflow/.local/lib/python3.7/site-packages/airflow/example_dags/example_python_operator.py
[2023-07-04T00:24:56.804+0000] {logging_mixin.py:149} INFO - [2023-07-04T00:24:56.803+0000] {dag.py:2726} INFO - Sync 1 DAGs
[2023-07-04T00:24:56.851+0000] {logging_mixin.py:149} INFO - [2023-07-04T00:24:56.851+0000] {dag.py:3490} INFO - Setting next_dagrun for example_python_operator to None, run_after=None
[2023-07-04T00:24:56.884+0000] {processor.py:179} INFO - Processing /home/airflow/.local/lib/python3.7/site-packages/airflow/example_dags/example_python_operator.py took 0.195 seconds
[2023-07-04T00:25:27.511+0000] {processor.py:157} INFO - Started process (PID=2105) to work on /home/airflow/.local/lib/python3.7/site-packages/airflow/example_dags/example_python_operator.py
[2023-07-04T00:25:27.513+0000] {processor.py:826} INFO - Processing file /home/airflow/.local/lib/python3.7/site-packages/airflow/example_dags/example_python_operator.py for tasks to queue
[2023-07-04T00:25:27.515+0000] {logging_mixin.py:149} INFO - [2023-07-04T00:25:27.515+0000] {dagbag.py:541} INFO - Filling up the DagBag from /home/airflow/.local/lib/python3.7/site-packages/airflow/example_dags/example_python_operator.py
[2023-07-04T00:25:27.540+0000] {processor.py:836} INFO - DAG(s) dict_keys(['example_python_operator']) retrieved from /home/airflow/.local/lib/python3.7/site-packages/airflow/example_dags/example_python_operator.py
[2023-07-04T00:25:27.611+0000] {logging_mixin.py:149} INFO - [2023-07-04T00:25:27.610+0000] {dag.py:2726} INFO - Sync 1 DAGs
[2023-07-04T00:25:27.674+0000] {logging_mixin.py:149} INFO - [2023-07-04T00:25:27.674+0000] {dag.py:3490} INFO - Setting next_dagrun for example_python_operator to None, run_after=None
[2023-07-04T00:25:27.717+0000] {processor.py:179} INFO - Processing /home/airflow/.local/lib/python3.7/site-packages/airflow/example_dags/example_python_operator.py took 0.211 seconds
[2023-07-04T00:25:58.325+0000] {processor.py:157} INFO - Started process (PID=2162) to work on /home/airflow/.local/lib/python3.7/site-packages/airflow/example_dags/example_python_operator.py
[2023-07-04T00:25:58.327+0000] {processor.py:826} INFO - Processing file /home/airflow/.local/lib/python3.7/site-packages/airflow/example_dags/example_python_operator.py for tasks to queue
[2023-07-04T00:25:58.328+0000] {logging_mixin.py:149} INFO - [2023-07-04T00:25:58.328+0000] {dagbag.py:541} INFO - Filling up the DagBag from /home/airflow/.local/lib/python3.7/site-packages/airflow/example_dags/example_python_operator.py
[2023-07-04T00:25:58.348+0000] {processor.py:836} INFO - DAG(s) dict_keys(['example_python_operator']) retrieved from /home/airflow/.local/lib/python3.7/site-packages/airflow/example_dags/example_python_operator.py
[2023-07-04T00:25:58.405+0000] {logging_mixin.py:149} INFO - [2023-07-04T00:25:58.404+0000] {dag.py:2726} INFO - Sync 1 DAGs
[2023-07-04T00:25:58.468+0000] {logging_mixin.py:149} INFO - [2023-07-04T00:25:58.468+0000] {dag.py:3490} INFO - Setting next_dagrun for example_python_operator to None, run_after=None
[2023-07-04T00:25:58.514+0000] {processor.py:179} INFO - Processing /home/airflow/.local/lib/python3.7/site-packages/airflow/example_dags/example_python_operator.py took 0.199 seconds
[2023-07-04T00:26:28.606+0000] {processor.py:157} INFO - Started process (PID=2219) to work on /home/airflow/.local/lib/python3.7/site-packages/airflow/example_dags/example_python_operator.py
[2023-07-04T00:26:28.608+0000] {processor.py:826} INFO - Processing file /home/airflow/.local/lib/python3.7/site-packages/airflow/example_dags/example_python_operator.py for tasks to queue
[2023-07-04T00:26:28.610+0000] {logging_mixin.py:149} INFO - [2023-07-04T00:26:28.610+0000] {dagbag.py:541} INFO - Filling up the DagBag from /home/airflow/.local/lib/python3.7/site-packages/airflow/example_dags/example_python_operator.py
[2023-07-04T00:26:28.633+0000] {processor.py:836} INFO - DAG(s) dict_keys(['example_python_operator']) retrieved from /home/airflow/.local/lib/python3.7/site-packages/airflow/example_dags/example_python_operator.py
[2023-07-04T00:26:28.677+0000] {logging_mixin.py:149} INFO - [2023-07-04T00:26:28.677+0000] {dag.py:2726} INFO - Sync 1 DAGs
[2023-07-04T00:26:28.718+0000] {logging_mixin.py:149} INFO - [2023-07-04T00:26:28.718+0000] {dag.py:3490} INFO - Setting next_dagrun for example_python_operator to None, run_after=None
[2023-07-04T00:26:28.749+0000] {processor.py:179} INFO - Processing /home/airflow/.local/lib/python3.7/site-packages/airflow/example_dags/example_python_operator.py took 0.150 seconds
[2023-07-04T00:26:59.125+0000] {processor.py:157} INFO - Started process (PID=2271) to work on /home/airflow/.local/lib/python3.7/site-packages/airflow/example_dags/example_python_operator.py
[2023-07-04T00:26:59.126+0000] {processor.py:826} INFO - Processing file /home/airflow/.local/lib/python3.7/site-packages/airflow/example_dags/example_python_operator.py for tasks to queue
[2023-07-04T00:26:59.128+0000] {logging_mixin.py:149} INFO - [2023-07-04T00:26:59.127+0000] {dagbag.py:541} INFO - Filling up the DagBag from /home/airflow/.local/lib/python3.7/site-packages/airflow/example_dags/example_python_operator.py
[2023-07-04T00:26:59.148+0000] {processor.py:836} INFO - DAG(s) dict_keys(['example_python_operator']) retrieved from /home/airflow/.local/lib/python3.7/site-packages/airflow/example_dags/example_python_operator.py
[2023-07-04T00:26:59.222+0000] {logging_mixin.py:149} INFO - [2023-07-04T00:26:59.222+0000] {dag.py:2726} INFO - Sync 1 DAGs
[2023-07-04T00:26:59.335+0000] {logging_mixin.py:149} INFO - [2023-07-04T00:26:59.335+0000] {dag.py:3490} INFO - Setting next_dagrun for example_python_operator to None, run_after=None
[2023-07-04T00:26:59.372+0000] {processor.py:179} INFO - Processing /home/airflow/.local/lib/python3.7/site-packages/airflow/example_dags/example_python_operator.py took 0.252 seconds
[2023-07-04T00:27:29.590+0000] {processor.py:157} INFO - Started process (PID=2328) to work on /home/airflow/.local/lib/python3.7/site-packages/airflow/example_dags/example_python_operator.py
[2023-07-04T00:27:29.592+0000] {processor.py:826} INFO - Processing file /home/airflow/.local/lib/python3.7/site-packages/airflow/example_dags/example_python_operator.py for tasks to queue
[2023-07-04T00:27:29.594+0000] {logging_mixin.py:149} INFO - [2023-07-04T00:27:29.593+0000] {dagbag.py:541} INFO - Filling up the DagBag from /home/airflow/.local/lib/python3.7/site-packages/airflow/example_dags/example_python_operator.py
[2023-07-04T00:27:29.617+0000] {processor.py:836} INFO - DAG(s) dict_keys(['example_python_operator']) retrieved from /home/airflow/.local/lib/python3.7/site-packages/airflow/example_dags/example_python_operator.py
[2023-07-04T00:27:29.675+0000] {logging_mixin.py:149} INFO - [2023-07-04T00:27:29.674+0000] {dag.py:2726} INFO - Sync 1 DAGs
[2023-07-04T00:27:29.724+0000] {logging_mixin.py:149} INFO - [2023-07-04T00:27:29.723+0000] {dag.py:3490} INFO - Setting next_dagrun for example_python_operator to None, run_after=None
[2023-07-04T00:27:29.757+0000] {processor.py:179} INFO - Processing /home/airflow/.local/lib/python3.7/site-packages/airflow/example_dags/example_python_operator.py took 0.174 seconds
[2023-07-04T00:27:59.956+0000] {processor.py:157} INFO - Started process (PID=2385) to work on /home/airflow/.local/lib/python3.7/site-packages/airflow/example_dags/example_python_operator.py
[2023-07-04T00:27:59.958+0000] {processor.py:826} INFO - Processing file /home/airflow/.local/lib/python3.7/site-packages/airflow/example_dags/example_python_operator.py for tasks to queue
[2023-07-04T00:27:59.959+0000] {logging_mixin.py:149} INFO - [2023-07-04T00:27:59.959+0000] {dagbag.py:541} INFO - Filling up the DagBag from /home/airflow/.local/lib/python3.7/site-packages/airflow/example_dags/example_python_operator.py
[2023-07-04T00:27:59.975+0000] {processor.py:836} INFO - DAG(s) dict_keys(['example_python_operator']) retrieved from /home/airflow/.local/lib/python3.7/site-packages/airflow/example_dags/example_python_operator.py
[2023-07-04T00:28:00.023+0000] {logging_mixin.py:149} INFO - [2023-07-04T00:28:00.023+0000] {dag.py:2726} INFO - Sync 1 DAGs
[2023-07-04T00:28:00.087+0000] {logging_mixin.py:149} INFO - [2023-07-04T00:28:00.087+0000] {dag.py:3490} INFO - Setting next_dagrun for example_python_operator to None, run_after=None
[2023-07-04T00:28:00.120+0000] {processor.py:179} INFO - Processing /home/airflow/.local/lib/python3.7/site-packages/airflow/example_dags/example_python_operator.py took 0.168 seconds
[2023-07-04T00:28:30.190+0000] {processor.py:157} INFO - Started process (PID=2442) to work on /home/airflow/.local/lib/python3.7/site-packages/airflow/example_dags/example_python_operator.py
[2023-07-04T00:28:30.191+0000] {processor.py:826} INFO - Processing file /home/airflow/.local/lib/python3.7/site-packages/airflow/example_dags/example_python_operator.py for tasks to queue
[2023-07-04T00:28:30.192+0000] {logging_mixin.py:149} INFO - [2023-07-04T00:28:30.191+0000] {dagbag.py:541} INFO - Filling up the DagBag from /home/airflow/.local/lib/python3.7/site-packages/airflow/example_dags/example_python_operator.py
[2023-07-04T00:28:30.204+0000] {processor.py:836} INFO - DAG(s) dict_keys(['example_python_operator']) retrieved from /home/airflow/.local/lib/python3.7/site-packages/airflow/example_dags/example_python_operator.py
[2023-07-04T00:28:30.242+0000] {logging_mixin.py:149} INFO - [2023-07-04T00:28:30.242+0000] {dag.py:2726} INFO - Sync 1 DAGs
[2023-07-04T00:28:30.274+0000] {logging_mixin.py:149} INFO - [2023-07-04T00:28:30.274+0000] {dag.py:3490} INFO - Setting next_dagrun for example_python_operator to None, run_after=None
[2023-07-04T00:28:30.299+0000] {processor.py:179} INFO - Processing /home/airflow/.local/lib/python3.7/site-packages/airflow/example_dags/example_python_operator.py took 0.114 seconds
[2023-07-04T00:29:01.037+0000] {processor.py:157} INFO - Started process (PID=2499) to work on /home/airflow/.local/lib/python3.7/site-packages/airflow/example_dags/example_python_operator.py
[2023-07-04T00:29:01.038+0000] {processor.py:826} INFO - Processing file /home/airflow/.local/lib/python3.7/site-packages/airflow/example_dags/example_python_operator.py for tasks to queue
[2023-07-04T00:29:01.039+0000] {logging_mixin.py:149} INFO - [2023-07-04T00:29:01.039+0000] {dagbag.py:541} INFO - Filling up the DagBag from /home/airflow/.local/lib/python3.7/site-packages/airflow/example_dags/example_python_operator.py
[2023-07-04T00:29:01.066+0000] {processor.py:836} INFO - DAG(s) dict_keys(['example_python_operator']) retrieved from /home/airflow/.local/lib/python3.7/site-packages/airflow/example_dags/example_python_operator.py
[2023-07-04T00:29:01.116+0000] {logging_mixin.py:149} INFO - [2023-07-04T00:29:01.116+0000] {dag.py:2726} INFO - Sync 1 DAGs
[2023-07-04T00:29:01.160+0000] {logging_mixin.py:149} INFO - [2023-07-04T00:29:01.160+0000] {dag.py:3490} INFO - Setting next_dagrun for example_python_operator to None, run_after=None
[2023-07-04T00:29:01.191+0000] {processor.py:179} INFO - Processing /home/airflow/.local/lib/python3.7/site-packages/airflow/example_dags/example_python_operator.py took 0.161 seconds
[2023-07-04T00:29:32.160+0000] {processor.py:157} INFO - Started process (PID=2556) to work on /home/airflow/.local/lib/python3.7/site-packages/airflow/example_dags/example_python_operator.py
[2023-07-04T00:29:32.161+0000] {processor.py:826} INFO - Processing file /home/airflow/.local/lib/python3.7/site-packages/airflow/example_dags/example_python_operator.py for tasks to queue
[2023-07-04T00:29:32.163+0000] {logging_mixin.py:149} INFO - [2023-07-04T00:29:32.162+0000] {dagbag.py:541} INFO - Filling up the DagBag from /home/airflow/.local/lib/python3.7/site-packages/airflow/example_dags/example_python_operator.py
[2023-07-04T00:29:32.179+0000] {processor.py:836} INFO - DAG(s) dict_keys(['example_python_operator']) retrieved from /home/airflow/.local/lib/python3.7/site-packages/airflow/example_dags/example_python_operator.py
[2023-07-04T00:29:32.217+0000] {logging_mixin.py:149} INFO - [2023-07-04T00:29:32.217+0000] {dag.py:2726} INFO - Sync 1 DAGs
[2023-07-04T00:29:32.257+0000] {logging_mixin.py:149} INFO - [2023-07-04T00:29:32.256+0000] {dag.py:3490} INFO - Setting next_dagrun for example_python_operator to None, run_after=None
[2023-07-04T00:29:32.283+0000] {processor.py:179} INFO - Processing /home/airflow/.local/lib/python3.7/site-packages/airflow/example_dags/example_python_operator.py took 0.131 seconds
[2023-07-04T00:30:03.066+0000] {processor.py:157} INFO - Started process (PID=2613) to work on /home/airflow/.local/lib/python3.7/site-packages/airflow/example_dags/example_python_operator.py
[2023-07-04T00:30:03.068+0000] {processor.py:826} INFO - Processing file /home/airflow/.local/lib/python3.7/site-packages/airflow/example_dags/example_python_operator.py for tasks to queue
[2023-07-04T00:30:03.070+0000] {logging_mixin.py:149} INFO - [2023-07-04T00:30:03.069+0000] {dagbag.py:541} INFO - Filling up the DagBag from /home/airflow/.local/lib/python3.7/site-packages/airflow/example_dags/example_python_operator.py
[2023-07-04T00:30:03.097+0000] {processor.py:836} INFO - DAG(s) dict_keys(['example_python_operator']) retrieved from /home/airflow/.local/lib/python3.7/site-packages/airflow/example_dags/example_python_operator.py
[2023-07-04T00:30:03.153+0000] {logging_mixin.py:149} INFO - [2023-07-04T00:30:03.153+0000] {dag.py:2726} INFO - Sync 1 DAGs
[2023-07-04T00:30:03.218+0000] {logging_mixin.py:149} INFO - [2023-07-04T00:30:03.217+0000] {dag.py:3490} INFO - Setting next_dagrun for example_python_operator to None, run_after=None
[2023-07-04T00:30:03.266+0000] {processor.py:179} INFO - Processing /home/airflow/.local/lib/python3.7/site-packages/airflow/example_dags/example_python_operator.py took 0.210 seconds
[2023-07-04T00:30:33.353+0000] {processor.py:157} INFO - Started process (PID=2670) to work on /home/airflow/.local/lib/python3.7/site-packages/airflow/example_dags/example_python_operator.py
[2023-07-04T00:30:33.354+0000] {processor.py:826} INFO - Processing file /home/airflow/.local/lib/python3.7/site-packages/airflow/example_dags/example_python_operator.py for tasks to queue
[2023-07-04T00:30:33.355+0000] {logging_mixin.py:149} INFO - [2023-07-04T00:30:33.355+0000] {dagbag.py:541} INFO - Filling up the DagBag from /home/airflow/.local/lib/python3.7/site-packages/airflow/example_dags/example_python_operator.py
[2023-07-04T00:30:33.373+0000] {processor.py:836} INFO - DAG(s) dict_keys(['example_python_operator']) retrieved from /home/airflow/.local/lib/python3.7/site-packages/airflow/example_dags/example_python_operator.py
[2023-07-04T00:30:33.414+0000] {logging_mixin.py:149} INFO - [2023-07-04T00:30:33.414+0000] {dag.py:2726} INFO - Sync 1 DAGs
[2023-07-04T00:30:33.447+0000] {logging_mixin.py:149} INFO - [2023-07-04T00:30:33.447+0000] {dag.py:3490} INFO - Setting next_dagrun for example_python_operator to None, run_after=None
[2023-07-04T00:30:33.478+0000] {processor.py:179} INFO - Processing /home/airflow/.local/lib/python3.7/site-packages/airflow/example_dags/example_python_operator.py took 0.130 seconds
[2023-07-04T00:31:03.671+0000] {processor.py:157} INFO - Started process (PID=2726) to work on /home/airflow/.local/lib/python3.7/site-packages/airflow/example_dags/example_python_operator.py
[2023-07-04T00:31:03.672+0000] {processor.py:826} INFO - Processing file /home/airflow/.local/lib/python3.7/site-packages/airflow/example_dags/example_python_operator.py for tasks to queue
[2023-07-04T00:31:03.673+0000] {logging_mixin.py:149} INFO - [2023-07-04T00:31:03.673+0000] {dagbag.py:541} INFO - Filling up the DagBag from /home/airflow/.local/lib/python3.7/site-packages/airflow/example_dags/example_python_operator.py
[2023-07-04T00:31:03.696+0000] {processor.py:836} INFO - DAG(s) dict_keys(['example_python_operator']) retrieved from /home/airflow/.local/lib/python3.7/site-packages/airflow/example_dags/example_python_operator.py
[2023-07-04T00:31:03.756+0000] {logging_mixin.py:149} INFO - [2023-07-04T00:31:03.756+0000] {dag.py:2726} INFO - Sync 1 DAGs
[2023-07-04T00:31:03.820+0000] {logging_mixin.py:149} INFO - [2023-07-04T00:31:03.820+0000] {dag.py:3490} INFO - Setting next_dagrun for example_python_operator to None, run_after=None
[2023-07-04T00:31:03.861+0000] {processor.py:179} INFO - Processing /home/airflow/.local/lib/python3.7/site-packages/airflow/example_dags/example_python_operator.py took 0.200 seconds
[2023-07-04T00:31:34.063+0000] {processor.py:157} INFO - Started process (PID=2783) to work on /home/airflow/.local/lib/python3.7/site-packages/airflow/example_dags/example_python_operator.py
[2023-07-04T00:31:34.064+0000] {processor.py:826} INFO - Processing file /home/airflow/.local/lib/python3.7/site-packages/airflow/example_dags/example_python_operator.py for tasks to queue
[2023-07-04T00:31:34.065+0000] {logging_mixin.py:149} INFO - [2023-07-04T00:31:34.065+0000] {dagbag.py:541} INFO - Filling up the DagBag from /home/airflow/.local/lib/python3.7/site-packages/airflow/example_dags/example_python_operator.py
[2023-07-04T00:31:34.079+0000] {processor.py:836} INFO - DAG(s) dict_keys(['example_python_operator']) retrieved from /home/airflow/.local/lib/python3.7/site-packages/airflow/example_dags/example_python_operator.py
[2023-07-04T00:31:34.114+0000] {logging_mixin.py:149} INFO - [2023-07-04T00:31:34.114+0000] {dag.py:2726} INFO - Sync 1 DAGs
[2023-07-04T00:31:34.152+0000] {logging_mixin.py:149} INFO - [2023-07-04T00:31:34.152+0000] {dag.py:3490} INFO - Setting next_dagrun for example_python_operator to None, run_after=None
[2023-07-04T00:31:34.181+0000] {processor.py:179} INFO - Processing /home/airflow/.local/lib/python3.7/site-packages/airflow/example_dags/example_python_operator.py took 0.125 seconds
[2023-07-04T00:32:04.322+0000] {processor.py:157} INFO - Started process (PID=2840) to work on /home/airflow/.local/lib/python3.7/site-packages/airflow/example_dags/example_python_operator.py
[2023-07-04T00:32:04.324+0000] {processor.py:826} INFO - Processing file /home/airflow/.local/lib/python3.7/site-packages/airflow/example_dags/example_python_operator.py for tasks to queue
[2023-07-04T00:32:04.325+0000] {logging_mixin.py:149} INFO - [2023-07-04T00:32:04.325+0000] {dagbag.py:541} INFO - Filling up the DagBag from /home/airflow/.local/lib/python3.7/site-packages/airflow/example_dags/example_python_operator.py
[2023-07-04T00:32:04.343+0000] {processor.py:836} INFO - DAG(s) dict_keys(['example_python_operator']) retrieved from /home/airflow/.local/lib/python3.7/site-packages/airflow/example_dags/example_python_operator.py
[2023-07-04T00:32:04.383+0000] {logging_mixin.py:149} INFO - [2023-07-04T00:32:04.382+0000] {dag.py:2726} INFO - Sync 1 DAGs
[2023-07-04T00:32:04.414+0000] {logging_mixin.py:149} INFO - [2023-07-04T00:32:04.414+0000] {dag.py:3490} INFO - Setting next_dagrun for example_python_operator to None, run_after=None
[2023-07-04T00:32:04.439+0000] {processor.py:179} INFO - Processing /home/airflow/.local/lib/python3.7/site-packages/airflow/example_dags/example_python_operator.py took 0.125 seconds
[2023-07-04T00:32:34.666+0000] {processor.py:157} INFO - Started process (PID=2897) to work on /home/airflow/.local/lib/python3.7/site-packages/airflow/example_dags/example_python_operator.py
[2023-07-04T00:32:34.667+0000] {processor.py:826} INFO - Processing file /home/airflow/.local/lib/python3.7/site-packages/airflow/example_dags/example_python_operator.py for tasks to queue
[2023-07-04T00:32:34.668+0000] {logging_mixin.py:149} INFO - [2023-07-04T00:32:34.668+0000] {dagbag.py:541} INFO - Filling up the DagBag from /home/airflow/.local/lib/python3.7/site-packages/airflow/example_dags/example_python_operator.py
[2023-07-04T00:32:34.681+0000] {processor.py:836} INFO - DAG(s) dict_keys(['example_python_operator']) retrieved from /home/airflow/.local/lib/python3.7/site-packages/airflow/example_dags/example_python_operator.py
[2023-07-04T00:32:34.714+0000] {logging_mixin.py:149} INFO - [2023-07-04T00:32:34.714+0000] {dag.py:2726} INFO - Sync 1 DAGs
[2023-07-04T00:32:34.748+0000] {logging_mixin.py:149} INFO - [2023-07-04T00:32:34.748+0000] {dag.py:3490} INFO - Setting next_dagrun for example_python_operator to None, run_after=None
[2023-07-04T00:32:34.770+0000] {processor.py:179} INFO - Processing /home/airflow/.local/lib/python3.7/site-packages/airflow/example_dags/example_python_operator.py took 0.109 seconds
[2023-07-04T00:33:05.219+0000] {processor.py:157} INFO - Started process (PID=2955) to work on /home/airflow/.local/lib/python3.7/site-packages/airflow/example_dags/example_python_operator.py
[2023-07-04T00:33:05.221+0000] {processor.py:826} INFO - Processing file /home/airflow/.local/lib/python3.7/site-packages/airflow/example_dags/example_python_operator.py for tasks to queue
[2023-07-04T00:33:05.222+0000] {logging_mixin.py:149} INFO - [2023-07-04T00:33:05.222+0000] {dagbag.py:541} INFO - Filling up the DagBag from /home/airflow/.local/lib/python3.7/site-packages/airflow/example_dags/example_python_operator.py
[2023-07-04T00:33:05.237+0000] {processor.py:836} INFO - DAG(s) dict_keys(['example_python_operator']) retrieved from /home/airflow/.local/lib/python3.7/site-packages/airflow/example_dags/example_python_operator.py
[2023-07-04T00:33:05.283+0000] {logging_mixin.py:149} INFO - [2023-07-04T00:33:05.282+0000] {dag.py:2726} INFO - Sync 1 DAGs
[2023-07-04T00:33:05.329+0000] {logging_mixin.py:149} INFO - [2023-07-04T00:33:05.328+0000] {dag.py:3490} INFO - Setting next_dagrun for example_python_operator to None, run_after=None
[2023-07-04T00:33:05.357+0000] {processor.py:179} INFO - Processing /home/airflow/.local/lib/python3.7/site-packages/airflow/example_dags/example_python_operator.py took 0.144 seconds
[2023-07-04T00:33:35.872+0000] {processor.py:157} INFO - Started process (PID=3012) to work on /home/airflow/.local/lib/python3.7/site-packages/airflow/example_dags/example_python_operator.py
[2023-07-04T00:33:35.873+0000] {processor.py:826} INFO - Processing file /home/airflow/.local/lib/python3.7/site-packages/airflow/example_dags/example_python_operator.py for tasks to queue
[2023-07-04T00:33:35.874+0000] {logging_mixin.py:149} INFO - [2023-07-04T00:33:35.874+0000] {dagbag.py:541} INFO - Filling up the DagBag from /home/airflow/.local/lib/python3.7/site-packages/airflow/example_dags/example_python_operator.py
[2023-07-04T00:33:35.888+0000] {processor.py:836} INFO - DAG(s) dict_keys(['example_python_operator']) retrieved from /home/airflow/.local/lib/python3.7/site-packages/airflow/example_dags/example_python_operator.py
[2023-07-04T00:33:35.928+0000] {logging_mixin.py:149} INFO - [2023-07-04T00:33:35.928+0000] {dag.py:2726} INFO - Sync 1 DAGs
[2023-07-04T00:33:35.963+0000] {logging_mixin.py:149} INFO - [2023-07-04T00:33:35.963+0000] {dag.py:3490} INFO - Setting next_dagrun for example_python_operator to None, run_after=None
[2023-07-04T00:33:35.990+0000] {processor.py:179} INFO - Processing /home/airflow/.local/lib/python3.7/site-packages/airflow/example_dags/example_python_operator.py took 0.122 seconds
[2023-07-04T00:34:06.464+0000] {processor.py:157} INFO - Started process (PID=3069) to work on /home/airflow/.local/lib/python3.7/site-packages/airflow/example_dags/example_python_operator.py
[2023-07-04T00:34:06.465+0000] {processor.py:826} INFO - Processing file /home/airflow/.local/lib/python3.7/site-packages/airflow/example_dags/example_python_operator.py for tasks to queue
[2023-07-04T00:34:06.467+0000] {logging_mixin.py:149} INFO - [2023-07-04T00:34:06.466+0000] {dagbag.py:541} INFO - Filling up the DagBag from /home/airflow/.local/lib/python3.7/site-packages/airflow/example_dags/example_python_operator.py
[2023-07-04T00:34:06.481+0000] {processor.py:836} INFO - DAG(s) dict_keys(['example_python_operator']) retrieved from /home/airflow/.local/lib/python3.7/site-packages/airflow/example_dags/example_python_operator.py
[2023-07-04T00:34:06.529+0000] {logging_mixin.py:149} INFO - [2023-07-04T00:34:06.529+0000] {dag.py:2726} INFO - Sync 1 DAGs
[2023-07-04T00:34:06.571+0000] {logging_mixin.py:149} INFO - [2023-07-04T00:34:06.571+0000] {dag.py:3490} INFO - Setting next_dagrun for example_python_operator to None, run_after=None
[2023-07-04T00:34:06.604+0000] {processor.py:179} INFO - Processing /home/airflow/.local/lib/python3.7/site-packages/airflow/example_dags/example_python_operator.py took 0.146 seconds
[2023-07-04T00:34:37.348+0000] {processor.py:157} INFO - Started process (PID=3126) to work on /home/airflow/.local/lib/python3.7/site-packages/airflow/example_dags/example_python_operator.py
[2023-07-04T00:34:37.350+0000] {processor.py:826} INFO - Processing file /home/airflow/.local/lib/python3.7/site-packages/airflow/example_dags/example_python_operator.py for tasks to queue
[2023-07-04T00:34:37.351+0000] {logging_mixin.py:149} INFO - [2023-07-04T00:34:37.351+0000] {dagbag.py:541} INFO - Filling up the DagBag from /home/airflow/.local/lib/python3.7/site-packages/airflow/example_dags/example_python_operator.py
[2023-07-04T00:34:37.365+0000] {processor.py:836} INFO - DAG(s) dict_keys(['example_python_operator']) retrieved from /home/airflow/.local/lib/python3.7/site-packages/airflow/example_dags/example_python_operator.py
[2023-07-04T00:34:37.400+0000] {logging_mixin.py:149} INFO - [2023-07-04T00:34:37.400+0000] {dag.py:2726} INFO - Sync 1 DAGs
[2023-07-04T00:34:37.435+0000] {logging_mixin.py:149} INFO - [2023-07-04T00:34:37.434+0000] {dag.py:3490} INFO - Setting next_dagrun for example_python_operator to None, run_after=None
[2023-07-04T00:34:37.459+0000] {processor.py:179} INFO - Processing /home/airflow/.local/lib/python3.7/site-packages/airflow/example_dags/example_python_operator.py took 0.117 seconds
[2023-07-04T00:35:08.098+0000] {processor.py:157} INFO - Started process (PID=3183) to work on /home/airflow/.local/lib/python3.7/site-packages/airflow/example_dags/example_python_operator.py
[2023-07-04T00:35:08.100+0000] {processor.py:826} INFO - Processing file /home/airflow/.local/lib/python3.7/site-packages/airflow/example_dags/example_python_operator.py for tasks to queue
[2023-07-04T00:35:08.103+0000] {logging_mixin.py:149} INFO - [2023-07-04T00:35:08.102+0000] {dagbag.py:541} INFO - Filling up the DagBag from /home/airflow/.local/lib/python3.7/site-packages/airflow/example_dags/example_python_operator.py
[2023-07-04T00:35:08.121+0000] {processor.py:836} INFO - DAG(s) dict_keys(['example_python_operator']) retrieved from /home/airflow/.local/lib/python3.7/site-packages/airflow/example_dags/example_python_operator.py
[2023-07-04T00:35:08.168+0000] {logging_mixin.py:149} INFO - [2023-07-04T00:35:08.167+0000] {dag.py:2726} INFO - Sync 1 DAGs
[2023-07-04T00:35:08.212+0000] {logging_mixin.py:149} INFO - [2023-07-04T00:35:08.212+0000] {dag.py:3490} INFO - Setting next_dagrun for example_python_operator to None, run_after=None
[2023-07-04T00:35:08.245+0000] {processor.py:179} INFO - Processing /home/airflow/.local/lib/python3.7/site-packages/airflow/example_dags/example_python_operator.py took 0.153 seconds
