[2023-07-04T00:07:07.339+0000] {processor.py:157} INFO - Started process (PID=57) to work on /home/airflow/.local/lib/python3.7/site-packages/airflow/example_dags/example_params_trigger_ui.py
[2023-07-04T00:07:07.341+0000] {processor.py:826} INFO - Processing file /home/airflow/.local/lib/python3.7/site-packages/airflow/example_dags/example_params_trigger_ui.py for tasks to queue
[2023-07-04T00:07:07.343+0000] {logging_mixin.py:149} INFO - [2023-07-04T00:07:07.342+0000] {dagbag.py:541} INFO - Filling up the DagBag from /home/airflow/.local/lib/python3.7/site-packages/airflow/example_dags/example_params_trigger_ui.py
[2023-07-04T00:07:07.413+0000] {processor.py:836} INFO - DAG(s) dict_keys(['example_params_trigger_ui']) retrieved from /home/airflow/.local/lib/python3.7/site-packages/airflow/example_dags/example_params_trigger_ui.py
[2023-07-04T00:07:07.640+0000] {logging_mixin.py:149} INFO - [2023-07-04T00:07:07.640+0000] {dag.py:2726} INFO - Sync 1 DAGs
[2023-07-04T00:07:07.708+0000] {logging_mixin.py:149} INFO - [2023-07-04T00:07:07.707+0000] {dag.py:3490} INFO - Setting next_dagrun for example_params_trigger_ui to None, run_after=None
[2023-07-04T00:07:07.980+0000] {processor.py:179} INFO - Processing /home/airflow/.local/lib/python3.7/site-packages/airflow/example_dags/example_params_trigger_ui.py took 0.653 seconds
[2023-07-04T00:07:38.773+0000] {processor.py:157} INFO - Started process (PID=120) to work on /home/airflow/.local/lib/python3.7/site-packages/airflow/example_dags/example_params_trigger_ui.py
[2023-07-04T00:07:38.774+0000] {processor.py:826} INFO - Processing file /home/airflow/.local/lib/python3.7/site-packages/airflow/example_dags/example_params_trigger_ui.py for tasks to queue
[2023-07-04T00:07:38.776+0000] {logging_mixin.py:149} INFO - [2023-07-04T00:07:38.775+0000] {dagbag.py:541} INFO - Filling up the DagBag from /home/airflow/.local/lib/python3.7/site-packages/airflow/example_dags/example_params_trigger_ui.py
[2023-07-04T00:07:38.830+0000] {processor.py:836} INFO - DAG(s) dict_keys(['example_params_trigger_ui']) retrieved from /home/airflow/.local/lib/python3.7/site-packages/airflow/example_dags/example_params_trigger_ui.py
[2023-07-04T00:07:39.035+0000] {logging_mixin.py:149} INFO - [2023-07-04T00:07:39.035+0000] {dag.py:2726} INFO - Sync 1 DAGs
[2023-07-04T00:07:39.091+0000] {logging_mixin.py:149} INFO - [2023-07-04T00:07:39.091+0000] {dag.py:3490} INFO - Setting next_dagrun for example_params_trigger_ui to None, run_after=None
[2023-07-04T00:07:39.128+0000] {processor.py:179} INFO - Processing /home/airflow/.local/lib/python3.7/site-packages/airflow/example_dags/example_params_trigger_ui.py took 0.363 seconds
[2023-07-04T00:08:09.431+0000] {processor.py:157} INFO - Started process (PID=178) to work on /home/airflow/.local/lib/python3.7/site-packages/airflow/example_dags/example_params_trigger_ui.py
[2023-07-04T00:08:09.433+0000] {processor.py:826} INFO - Processing file /home/airflow/.local/lib/python3.7/site-packages/airflow/example_dags/example_params_trigger_ui.py for tasks to queue
[2023-07-04T00:08:09.435+0000] {logging_mixin.py:149} INFO - [2023-07-04T00:08:09.434+0000] {dagbag.py:541} INFO - Filling up the DagBag from /home/airflow/.local/lib/python3.7/site-packages/airflow/example_dags/example_params_trigger_ui.py
[2023-07-04T00:08:09.473+0000] {processor.py:836} INFO - DAG(s) dict_keys(['example_params_trigger_ui']) retrieved from /home/airflow/.local/lib/python3.7/site-packages/airflow/example_dags/example_params_trigger_ui.py
[2023-07-04T00:08:09.632+0000] {logging_mixin.py:149} INFO - [2023-07-04T00:08:09.632+0000] {dag.py:2726} INFO - Sync 1 DAGs
[2023-07-04T00:08:09.701+0000] {logging_mixin.py:149} INFO - [2023-07-04T00:08:09.701+0000] {dag.py:3490} INFO - Setting next_dagrun for example_params_trigger_ui to None, run_after=None
[2023-07-04T00:08:09.733+0000] {processor.py:179} INFO - Processing /home/airflow/.local/lib/python3.7/site-packages/airflow/example_dags/example_params_trigger_ui.py took 0.307 seconds
[2023-07-04T00:08:40.073+0000] {processor.py:157} INFO - Started process (PID=235) to work on /home/airflow/.local/lib/python3.7/site-packages/airflow/example_dags/example_params_trigger_ui.py
[2023-07-04T00:08:40.075+0000] {processor.py:826} INFO - Processing file /home/airflow/.local/lib/python3.7/site-packages/airflow/example_dags/example_params_trigger_ui.py for tasks to queue
[2023-07-04T00:08:40.076+0000] {logging_mixin.py:149} INFO - [2023-07-04T00:08:40.076+0000] {dagbag.py:541} INFO - Filling up the DagBag from /home/airflow/.local/lib/python3.7/site-packages/airflow/example_dags/example_params_trigger_ui.py
[2023-07-04T00:08:40.112+0000] {processor.py:836} INFO - DAG(s) dict_keys(['example_params_trigger_ui']) retrieved from /home/airflow/.local/lib/python3.7/site-packages/airflow/example_dags/example_params_trigger_ui.py
[2023-07-04T00:08:40.263+0000] {logging_mixin.py:149} INFO - [2023-07-04T00:08:40.263+0000] {dag.py:2726} INFO - Sync 1 DAGs
[2023-07-04T00:08:40.309+0000] {logging_mixin.py:149} INFO - [2023-07-04T00:08:40.308+0000] {dag.py:3490} INFO - Setting next_dagrun for example_params_trigger_ui to None, run_after=None
[2023-07-04T00:08:40.343+0000] {processor.py:179} INFO - Processing /home/airflow/.local/lib/python3.7/site-packages/airflow/example_dags/example_params_trigger_ui.py took 0.275 seconds
[2023-07-04T00:09:10.632+0000] {processor.py:157} INFO - Started process (PID=292) to work on /home/airflow/.local/lib/python3.7/site-packages/airflow/example_dags/example_params_trigger_ui.py
[2023-07-04T00:09:10.634+0000] {processor.py:826} INFO - Processing file /home/airflow/.local/lib/python3.7/site-packages/airflow/example_dags/example_params_trigger_ui.py for tasks to queue
[2023-07-04T00:09:10.635+0000] {logging_mixin.py:149} INFO - [2023-07-04T00:09:10.635+0000] {dagbag.py:541} INFO - Filling up the DagBag from /home/airflow/.local/lib/python3.7/site-packages/airflow/example_dags/example_params_trigger_ui.py
[2023-07-04T00:09:10.677+0000] {processor.py:836} INFO - DAG(s) dict_keys(['example_params_trigger_ui']) retrieved from /home/airflow/.local/lib/python3.7/site-packages/airflow/example_dags/example_params_trigger_ui.py
[2023-07-04T00:09:10.838+0000] {logging_mixin.py:149} INFO - [2023-07-04T00:09:10.837+0000] {dag.py:2726} INFO - Sync 1 DAGs
[2023-07-04T00:09:10.892+0000] {logging_mixin.py:149} INFO - [2023-07-04T00:09:10.891+0000] {dag.py:3490} INFO - Setting next_dagrun for example_params_trigger_ui to None, run_after=None
[2023-07-04T00:09:10.928+0000] {processor.py:179} INFO - Processing /home/airflow/.local/lib/python3.7/site-packages/airflow/example_dags/example_params_trigger_ui.py took 0.302 seconds
[2023-07-04T00:09:41.297+0000] {processor.py:157} INFO - Started process (PID=349) to work on /home/airflow/.local/lib/python3.7/site-packages/airflow/example_dags/example_params_trigger_ui.py
[2023-07-04T00:09:41.299+0000] {processor.py:826} INFO - Processing file /home/airflow/.local/lib/python3.7/site-packages/airflow/example_dags/example_params_trigger_ui.py for tasks to queue
[2023-07-04T00:09:41.302+0000] {logging_mixin.py:149} INFO - [2023-07-04T00:09:41.301+0000] {dagbag.py:541} INFO - Filling up the DagBag from /home/airflow/.local/lib/python3.7/site-packages/airflow/example_dags/example_params_trigger_ui.py
[2023-07-04T00:09:41.345+0000] {processor.py:836} INFO - DAG(s) dict_keys(['example_params_trigger_ui']) retrieved from /home/airflow/.local/lib/python3.7/site-packages/airflow/example_dags/example_params_trigger_ui.py
[2023-07-04T00:09:41.508+0000] {logging_mixin.py:149} INFO - [2023-07-04T00:09:41.508+0000] {dag.py:2726} INFO - Sync 1 DAGs
[2023-07-04T00:09:41.560+0000] {logging_mixin.py:149} INFO - [2023-07-04T00:09:41.559+0000] {dag.py:3490} INFO - Setting next_dagrun for example_params_trigger_ui to None, run_after=None
[2023-07-04T00:09:41.598+0000] {processor.py:179} INFO - Processing /home/airflow/.local/lib/python3.7/site-packages/airflow/example_dags/example_params_trigger_ui.py took 0.307 seconds
[2023-07-04T00:10:11.735+0000] {processor.py:157} INFO - Started process (PID=406) to work on /home/airflow/.local/lib/python3.7/site-packages/airflow/example_dags/example_params_trigger_ui.py
[2023-07-04T00:10:11.736+0000] {processor.py:826} INFO - Processing file /home/airflow/.local/lib/python3.7/site-packages/airflow/example_dags/example_params_trigger_ui.py for tasks to queue
[2023-07-04T00:10:11.737+0000] {logging_mixin.py:149} INFO - [2023-07-04T00:10:11.737+0000] {dagbag.py:541} INFO - Filling up the DagBag from /home/airflow/.local/lib/python3.7/site-packages/airflow/example_dags/example_params_trigger_ui.py
[2023-07-04T00:10:11.772+0000] {processor.py:836} INFO - DAG(s) dict_keys(['example_params_trigger_ui']) retrieved from /home/airflow/.local/lib/python3.7/site-packages/airflow/example_dags/example_params_trigger_ui.py
[2023-07-04T00:10:11.919+0000] {logging_mixin.py:149} INFO - [2023-07-04T00:10:11.919+0000] {dag.py:2726} INFO - Sync 1 DAGs
[2023-07-04T00:10:11.970+0000] {logging_mixin.py:149} INFO - [2023-07-04T00:10:11.970+0000] {dag.py:3490} INFO - Setting next_dagrun for example_params_trigger_ui to None, run_after=None
[2023-07-04T00:10:12.015+0000] {processor.py:179} INFO - Processing /home/airflow/.local/lib/python3.7/site-packages/airflow/example_dags/example_params_trigger_ui.py took 0.285 seconds
[2023-07-04T00:10:42.921+0000] {processor.py:157} INFO - Started process (PID=463) to work on /home/airflow/.local/lib/python3.7/site-packages/airflow/example_dags/example_params_trigger_ui.py
[2023-07-04T00:10:42.923+0000] {processor.py:826} INFO - Processing file /home/airflow/.local/lib/python3.7/site-packages/airflow/example_dags/example_params_trigger_ui.py for tasks to queue
[2023-07-04T00:10:42.925+0000] {logging_mixin.py:149} INFO - [2023-07-04T00:10:42.924+0000] {dagbag.py:541} INFO - Filling up the DagBag from /home/airflow/.local/lib/python3.7/site-packages/airflow/example_dags/example_params_trigger_ui.py
[2023-07-04T00:10:42.968+0000] {processor.py:836} INFO - DAG(s) dict_keys(['example_params_trigger_ui']) retrieved from /home/airflow/.local/lib/python3.7/site-packages/airflow/example_dags/example_params_trigger_ui.py
[2023-07-04T00:10:43.145+0000] {logging_mixin.py:149} INFO - [2023-07-04T00:10:43.145+0000] {dag.py:2726} INFO - Sync 1 DAGs
[2023-07-04T00:10:43.196+0000] {logging_mixin.py:149} INFO - [2023-07-04T00:10:43.196+0000] {dag.py:3490} INFO - Setting next_dagrun for example_params_trigger_ui to None, run_after=None
[2023-07-04T00:10:43.238+0000] {processor.py:179} INFO - Processing /home/airflow/.local/lib/python3.7/site-packages/airflow/example_dags/example_params_trigger_ui.py took 0.326 seconds
[2023-07-04T00:11:13.972+0000] {processor.py:157} INFO - Started process (PID=520) to work on /home/airflow/.local/lib/python3.7/site-packages/airflow/example_dags/example_params_trigger_ui.py
[2023-07-04T00:11:13.974+0000] {processor.py:826} INFO - Processing file /home/airflow/.local/lib/python3.7/site-packages/airflow/example_dags/example_params_trigger_ui.py for tasks to queue
[2023-07-04T00:11:13.976+0000] {logging_mixin.py:149} INFO - [2023-07-04T00:11:13.976+0000] {dagbag.py:541} INFO - Filling up the DagBag from /home/airflow/.local/lib/python3.7/site-packages/airflow/example_dags/example_params_trigger_ui.py
[2023-07-04T00:11:14.044+0000] {processor.py:836} INFO - DAG(s) dict_keys(['example_params_trigger_ui']) retrieved from /home/airflow/.local/lib/python3.7/site-packages/airflow/example_dags/example_params_trigger_ui.py
[2023-07-04T00:11:14.281+0000] {logging_mixin.py:149} INFO - [2023-07-04T00:11:14.281+0000] {dag.py:2726} INFO - Sync 1 DAGs
[2023-07-04T00:11:14.363+0000] {logging_mixin.py:149} INFO - [2023-07-04T00:11:14.363+0000] {dag.py:3490} INFO - Setting next_dagrun for example_params_trigger_ui to None, run_after=None
[2023-07-04T00:11:14.420+0000] {processor.py:179} INFO - Processing /home/airflow/.local/lib/python3.7/site-packages/airflow/example_dags/example_params_trigger_ui.py took 0.458 seconds
[2023-07-04T00:11:44.939+0000] {processor.py:157} INFO - Started process (PID=577) to work on /home/airflow/.local/lib/python3.7/site-packages/airflow/example_dags/example_params_trigger_ui.py
[2023-07-04T00:11:44.941+0000] {processor.py:826} INFO - Processing file /home/airflow/.local/lib/python3.7/site-packages/airflow/example_dags/example_params_trigger_ui.py for tasks to queue
[2023-07-04T00:11:44.944+0000] {logging_mixin.py:149} INFO - [2023-07-04T00:11:44.943+0000] {dagbag.py:541} INFO - Filling up the DagBag from /home/airflow/.local/lib/python3.7/site-packages/airflow/example_dags/example_params_trigger_ui.py
[2023-07-04T00:11:45.018+0000] {processor.py:836} INFO - DAG(s) dict_keys(['example_params_trigger_ui']) retrieved from /home/airflow/.local/lib/python3.7/site-packages/airflow/example_dags/example_params_trigger_ui.py
[2023-07-04T00:11:45.264+0000] {logging_mixin.py:149} INFO - [2023-07-04T00:11:45.264+0000] {dag.py:2726} INFO - Sync 1 DAGs
[2023-07-04T00:11:45.328+0000] {logging_mixin.py:149} INFO - [2023-07-04T00:11:45.328+0000] {dag.py:3490} INFO - Setting next_dagrun for example_params_trigger_ui to None, run_after=None
[2023-07-04T00:11:45.387+0000] {processor.py:179} INFO - Processing /home/airflow/.local/lib/python3.7/site-packages/airflow/example_dags/example_params_trigger_ui.py took 0.455 seconds
[2023-07-04T00:12:15.803+0000] {processor.py:157} INFO - Started process (PID=634) to work on /home/airflow/.local/lib/python3.7/site-packages/airflow/example_dags/example_params_trigger_ui.py
[2023-07-04T00:12:15.805+0000] {processor.py:826} INFO - Processing file /home/airflow/.local/lib/python3.7/site-packages/airflow/example_dags/example_params_trigger_ui.py for tasks to queue
[2023-07-04T00:12:15.808+0000] {logging_mixin.py:149} INFO - [2023-07-04T00:12:15.807+0000] {dagbag.py:541} INFO - Filling up the DagBag from /home/airflow/.local/lib/python3.7/site-packages/airflow/example_dags/example_params_trigger_ui.py
[2023-07-04T00:12:15.851+0000] {processor.py:836} INFO - DAG(s) dict_keys(['example_params_trigger_ui']) retrieved from /home/airflow/.local/lib/python3.7/site-packages/airflow/example_dags/example_params_trigger_ui.py
[2023-07-04T00:12:16.159+0000] {logging_mixin.py:149} INFO - [2023-07-04T00:12:16.159+0000] {dag.py:2726} INFO - Sync 1 DAGs
[2023-07-04T00:12:16.275+0000] {logging_mixin.py:149} INFO - [2023-07-04T00:12:16.275+0000] {dag.py:3490} INFO - Setting next_dagrun for example_params_trigger_ui to None, run_after=None
[2023-07-04T00:12:16.350+0000] {processor.py:179} INFO - Processing /home/airflow/.local/lib/python3.7/site-packages/airflow/example_dags/example_params_trigger_ui.py took 0.554 seconds
[2023-07-04T00:12:46.584+0000] {processor.py:157} INFO - Started process (PID=691) to work on /home/airflow/.local/lib/python3.7/site-packages/airflow/example_dags/example_params_trigger_ui.py
[2023-07-04T00:12:46.586+0000] {processor.py:826} INFO - Processing file /home/airflow/.local/lib/python3.7/site-packages/airflow/example_dags/example_params_trigger_ui.py for tasks to queue
[2023-07-04T00:12:46.587+0000] {logging_mixin.py:149} INFO - [2023-07-04T00:12:46.587+0000] {dagbag.py:541} INFO - Filling up the DagBag from /home/airflow/.local/lib/python3.7/site-packages/airflow/example_dags/example_params_trigger_ui.py
[2023-07-04T00:12:46.630+0000] {processor.py:836} INFO - DAG(s) dict_keys(['example_params_trigger_ui']) retrieved from /home/airflow/.local/lib/python3.7/site-packages/airflow/example_dags/example_params_trigger_ui.py
[2023-07-04T00:12:46.793+0000] {logging_mixin.py:149} INFO - [2023-07-04T00:12:46.793+0000] {dag.py:2726} INFO - Sync 1 DAGs
[2023-07-04T00:12:46.837+0000] {logging_mixin.py:149} INFO - [2023-07-04T00:12:46.837+0000] {dag.py:3490} INFO - Setting next_dagrun for example_params_trigger_ui to None, run_after=None
[2023-07-04T00:12:46.874+0000] {processor.py:179} INFO - Processing /home/airflow/.local/lib/python3.7/site-packages/airflow/example_dags/example_params_trigger_ui.py took 0.298 seconds
[2023-07-04T00:13:16.988+0000] {processor.py:157} INFO - Started process (PID=748) to work on /home/airflow/.local/lib/python3.7/site-packages/airflow/example_dags/example_params_trigger_ui.py
[2023-07-04T00:13:16.989+0000] {processor.py:826} INFO - Processing file /home/airflow/.local/lib/python3.7/site-packages/airflow/example_dags/example_params_trigger_ui.py for tasks to queue
[2023-07-04T00:13:16.991+0000] {logging_mixin.py:149} INFO - [2023-07-04T00:13:16.990+0000] {dagbag.py:541} INFO - Filling up the DagBag from /home/airflow/.local/lib/python3.7/site-packages/airflow/example_dags/example_params_trigger_ui.py
[2023-07-04T00:13:17.037+0000] {processor.py:836} INFO - DAG(s) dict_keys(['example_params_trigger_ui']) retrieved from /home/airflow/.local/lib/python3.7/site-packages/airflow/example_dags/example_params_trigger_ui.py
[2023-07-04T00:13:17.271+0000] {logging_mixin.py:149} INFO - [2023-07-04T00:13:17.271+0000] {dag.py:2726} INFO - Sync 1 DAGs
[2023-07-04T00:13:17.314+0000] {logging_mixin.py:149} INFO - [2023-07-04T00:13:17.314+0000] {dag.py:3490} INFO - Setting next_dagrun for example_params_trigger_ui to None, run_after=None
[2023-07-04T00:13:17.346+0000] {processor.py:179} INFO - Processing /home/airflow/.local/lib/python3.7/site-packages/airflow/example_dags/example_params_trigger_ui.py took 0.362 seconds
[2023-07-04T00:13:47.885+0000] {processor.py:157} INFO - Started process (PID=805) to work on /home/airflow/.local/lib/python3.7/site-packages/airflow/example_dags/example_params_trigger_ui.py
[2023-07-04T00:13:47.887+0000] {processor.py:826} INFO - Processing file /home/airflow/.local/lib/python3.7/site-packages/airflow/example_dags/example_params_trigger_ui.py for tasks to queue
[2023-07-04T00:13:47.888+0000] {logging_mixin.py:149} INFO - [2023-07-04T00:13:47.888+0000] {dagbag.py:541} INFO - Filling up the DagBag from /home/airflow/.local/lib/python3.7/site-packages/airflow/example_dags/example_params_trigger_ui.py
[2023-07-04T00:13:47.934+0000] {processor.py:836} INFO - DAG(s) dict_keys(['example_params_trigger_ui']) retrieved from /home/airflow/.local/lib/python3.7/site-packages/airflow/example_dags/example_params_trigger_ui.py
[2023-07-04T00:13:48.185+0000] {logging_mixin.py:149} INFO - [2023-07-04T00:13:48.185+0000] {dag.py:2726} INFO - Sync 1 DAGs
[2023-07-04T00:13:48.265+0000] {logging_mixin.py:149} INFO - [2023-07-04T00:13:48.264+0000] {dag.py:3490} INFO - Setting next_dagrun for example_params_trigger_ui to None, run_after=None
[2023-07-04T00:13:48.333+0000] {processor.py:179} INFO - Processing /home/airflow/.local/lib/python3.7/site-packages/airflow/example_dags/example_params_trigger_ui.py took 0.454 seconds
[2023-07-04T00:14:18.674+0000] {processor.py:157} INFO - Started process (PID=862) to work on /home/airflow/.local/lib/python3.7/site-packages/airflow/example_dags/example_params_trigger_ui.py
[2023-07-04T00:14:18.676+0000] {processor.py:826} INFO - Processing file /home/airflow/.local/lib/python3.7/site-packages/airflow/example_dags/example_params_trigger_ui.py for tasks to queue
[2023-07-04T00:14:18.678+0000] {logging_mixin.py:149} INFO - [2023-07-04T00:14:18.677+0000] {dagbag.py:541} INFO - Filling up the DagBag from /home/airflow/.local/lib/python3.7/site-packages/airflow/example_dags/example_params_trigger_ui.py
[2023-07-04T00:14:18.739+0000] {processor.py:836} INFO - DAG(s) dict_keys(['example_params_trigger_ui']) retrieved from /home/airflow/.local/lib/python3.7/site-packages/airflow/example_dags/example_params_trigger_ui.py
[2023-07-04T00:14:18.970+0000] {logging_mixin.py:149} INFO - [2023-07-04T00:14:18.970+0000] {dag.py:2726} INFO - Sync 1 DAGs
[2023-07-04T00:14:19.040+0000] {logging_mixin.py:149} INFO - [2023-07-04T00:14:19.040+0000] {dag.py:3490} INFO - Setting next_dagrun for example_params_trigger_ui to None, run_after=None
[2023-07-04T00:14:19.092+0000] {processor.py:179} INFO - Processing /home/airflow/.local/lib/python3.7/site-packages/airflow/example_dags/example_params_trigger_ui.py took 0.429 seconds
[2023-07-04T00:14:49.367+0000] {processor.py:157} INFO - Started process (PID=919) to work on /home/airflow/.local/lib/python3.7/site-packages/airflow/example_dags/example_params_trigger_ui.py
[2023-07-04T00:14:49.368+0000] {processor.py:826} INFO - Processing file /home/airflow/.local/lib/python3.7/site-packages/airflow/example_dags/example_params_trigger_ui.py for tasks to queue
[2023-07-04T00:14:49.370+0000] {logging_mixin.py:149} INFO - [2023-07-04T00:14:49.369+0000] {dagbag.py:541} INFO - Filling up the DagBag from /home/airflow/.local/lib/python3.7/site-packages/airflow/example_dags/example_params_trigger_ui.py
[2023-07-04T00:14:49.407+0000] {processor.py:836} INFO - DAG(s) dict_keys(['example_params_trigger_ui']) retrieved from /home/airflow/.local/lib/python3.7/site-packages/airflow/example_dags/example_params_trigger_ui.py
[2023-07-04T00:14:49.699+0000] {logging_mixin.py:149} INFO - [2023-07-04T00:14:49.698+0000] {dag.py:2726} INFO - Sync 1 DAGs
[2023-07-04T00:14:49.813+0000] {logging_mixin.py:149} INFO - [2023-07-04T00:14:49.812+0000] {dag.py:3490} INFO - Setting next_dagrun for example_params_trigger_ui to None, run_after=None
[2023-07-04T00:14:49.889+0000] {processor.py:179} INFO - Processing /home/airflow/.local/lib/python3.7/site-packages/airflow/example_dags/example_params_trigger_ui.py took 0.529 seconds
[2023-07-04T00:15:20.455+0000] {processor.py:157} INFO - Started process (PID=976) to work on /home/airflow/.local/lib/python3.7/site-packages/airflow/example_dags/example_params_trigger_ui.py
[2023-07-04T00:15:20.457+0000] {processor.py:826} INFO - Processing file /home/airflow/.local/lib/python3.7/site-packages/airflow/example_dags/example_params_trigger_ui.py for tasks to queue
[2023-07-04T00:15:20.459+0000] {logging_mixin.py:149} INFO - [2023-07-04T00:15:20.458+0000] {dagbag.py:541} INFO - Filling up the DagBag from /home/airflow/.local/lib/python3.7/site-packages/airflow/example_dags/example_params_trigger_ui.py
[2023-07-04T00:15:20.502+0000] {processor.py:836} INFO - DAG(s) dict_keys(['example_params_trigger_ui']) retrieved from /home/airflow/.local/lib/python3.7/site-packages/airflow/example_dags/example_params_trigger_ui.py
[2023-07-04T00:15:20.681+0000] {logging_mixin.py:149} INFO - [2023-07-04T00:15:20.681+0000] {dag.py:2726} INFO - Sync 1 DAGs
[2023-07-04T00:15:20.743+0000] {logging_mixin.py:149} INFO - [2023-07-04T00:15:20.743+0000] {dag.py:3490} INFO - Setting next_dagrun for example_params_trigger_ui to None, run_after=None
[2023-07-04T00:15:20.779+0000] {processor.py:179} INFO - Processing /home/airflow/.local/lib/python3.7/site-packages/airflow/example_dags/example_params_trigger_ui.py took 0.331 seconds
[2023-07-04T00:15:51.271+0000] {processor.py:157} INFO - Started process (PID=1034) to work on /home/airflow/.local/lib/python3.7/site-packages/airflow/example_dags/example_params_trigger_ui.py
[2023-07-04T00:15:51.273+0000] {processor.py:826} INFO - Processing file /home/airflow/.local/lib/python3.7/site-packages/airflow/example_dags/example_params_trigger_ui.py for tasks to queue
[2023-07-04T00:15:51.274+0000] {logging_mixin.py:149} INFO - [2023-07-04T00:15:51.273+0000] {dagbag.py:541} INFO - Filling up the DagBag from /home/airflow/.local/lib/python3.7/site-packages/airflow/example_dags/example_params_trigger_ui.py
[2023-07-04T00:15:51.322+0000] {processor.py:836} INFO - DAG(s) dict_keys(['example_params_trigger_ui']) retrieved from /home/airflow/.local/lib/python3.7/site-packages/airflow/example_dags/example_params_trigger_ui.py
[2023-07-04T00:15:51.530+0000] {logging_mixin.py:149} INFO - [2023-07-04T00:15:51.530+0000] {dag.py:2726} INFO - Sync 1 DAGs
[2023-07-04T00:15:51.603+0000] {logging_mixin.py:149} INFO - [2023-07-04T00:15:51.602+0000] {dag.py:3490} INFO - Setting next_dagrun for example_params_trigger_ui to None, run_after=None
[2023-07-04T00:15:51.648+0000] {processor.py:179} INFO - Processing /home/airflow/.local/lib/python3.7/site-packages/airflow/example_dags/example_params_trigger_ui.py took 0.382 seconds
[2023-07-04T00:16:21.848+0000] {processor.py:157} INFO - Started process (PID=1092) to work on /home/airflow/.local/lib/python3.7/site-packages/airflow/example_dags/example_params_trigger_ui.py
[2023-07-04T00:16:21.850+0000] {processor.py:826} INFO - Processing file /home/airflow/.local/lib/python3.7/site-packages/airflow/example_dags/example_params_trigger_ui.py for tasks to queue
[2023-07-04T00:16:21.852+0000] {logging_mixin.py:149} INFO - [2023-07-04T00:16:21.852+0000] {dagbag.py:541} INFO - Filling up the DagBag from /home/airflow/.local/lib/python3.7/site-packages/airflow/example_dags/example_params_trigger_ui.py
[2023-07-04T00:16:21.900+0000] {processor.py:836} INFO - DAG(s) dict_keys(['example_params_trigger_ui']) retrieved from /home/airflow/.local/lib/python3.7/site-packages/airflow/example_dags/example_params_trigger_ui.py
[2023-07-04T00:16:22.069+0000] {logging_mixin.py:149} INFO - [2023-07-04T00:16:22.068+0000] {dag.py:2726} INFO - Sync 1 DAGs
[2023-07-04T00:16:22.108+0000] {logging_mixin.py:149} INFO - [2023-07-04T00:16:22.108+0000] {dag.py:3490} INFO - Setting next_dagrun for example_params_trigger_ui to None, run_after=None
[2023-07-04T00:16:22.143+0000] {processor.py:179} INFO - Processing /home/airflow/.local/lib/python3.7/site-packages/airflow/example_dags/example_params_trigger_ui.py took 0.305 seconds
[2023-07-04T00:16:52.384+0000] {processor.py:157} INFO - Started process (PID=1150) to work on /home/airflow/.local/lib/python3.7/site-packages/airflow/example_dags/example_params_trigger_ui.py
[2023-07-04T00:16:52.386+0000] {processor.py:826} INFO - Processing file /home/airflow/.local/lib/python3.7/site-packages/airflow/example_dags/example_params_trigger_ui.py for tasks to queue
[2023-07-04T00:16:52.388+0000] {logging_mixin.py:149} INFO - [2023-07-04T00:16:52.387+0000] {dagbag.py:541} INFO - Filling up the DagBag from /home/airflow/.local/lib/python3.7/site-packages/airflow/example_dags/example_params_trigger_ui.py
[2023-07-04T00:16:52.435+0000] {processor.py:836} INFO - DAG(s) dict_keys(['example_params_trigger_ui']) retrieved from /home/airflow/.local/lib/python3.7/site-packages/airflow/example_dags/example_params_trigger_ui.py
[2023-07-04T00:16:52.636+0000] {logging_mixin.py:149} INFO - [2023-07-04T00:16:52.635+0000] {dag.py:2726} INFO - Sync 1 DAGs
[2023-07-04T00:16:52.701+0000] {logging_mixin.py:149} INFO - [2023-07-04T00:16:52.700+0000] {dag.py:3490} INFO - Setting next_dagrun for example_params_trigger_ui to None, run_after=None
[2023-07-04T00:16:52.736+0000] {processor.py:179} INFO - Processing /home/airflow/.local/lib/python3.7/site-packages/airflow/example_dags/example_params_trigger_ui.py took 0.359 seconds
[2023-07-04T00:17:22.783+0000] {processor.py:157} INFO - Started process (PID=1205) to work on /home/airflow/.local/lib/python3.7/site-packages/airflow/example_dags/example_params_trigger_ui.py
[2023-07-04T00:17:22.785+0000] {processor.py:826} INFO - Processing file /home/airflow/.local/lib/python3.7/site-packages/airflow/example_dags/example_params_trigger_ui.py for tasks to queue
[2023-07-04T00:17:22.786+0000] {logging_mixin.py:149} INFO - [2023-07-04T00:17:22.786+0000] {dagbag.py:541} INFO - Filling up the DagBag from /home/airflow/.local/lib/python3.7/site-packages/airflow/example_dags/example_params_trigger_ui.py
[2023-07-04T00:17:22.830+0000] {processor.py:836} INFO - DAG(s) dict_keys(['example_params_trigger_ui']) retrieved from /home/airflow/.local/lib/python3.7/site-packages/airflow/example_dags/example_params_trigger_ui.py
[2023-07-04T00:17:23.069+0000] {logging_mixin.py:149} INFO - [2023-07-04T00:17:23.069+0000] {dag.py:2726} INFO - Sync 1 DAGs
[2023-07-04T00:17:23.147+0000] {logging_mixin.py:149} INFO - [2023-07-04T00:17:23.147+0000] {dag.py:3490} INFO - Setting next_dagrun for example_params_trigger_ui to None, run_after=None
[2023-07-04T00:17:23.201+0000] {processor.py:179} INFO - Processing /home/airflow/.local/lib/python3.7/site-packages/airflow/example_dags/example_params_trigger_ui.py took 0.426 seconds
[2023-07-04T00:17:53.239+0000] {processor.py:157} INFO - Started process (PID=1261) to work on /home/airflow/.local/lib/python3.7/site-packages/airflow/example_dags/example_params_trigger_ui.py
[2023-07-04T00:17:53.241+0000] {processor.py:826} INFO - Processing file /home/airflow/.local/lib/python3.7/site-packages/airflow/example_dags/example_params_trigger_ui.py for tasks to queue
[2023-07-04T00:17:53.242+0000] {logging_mixin.py:149} INFO - [2023-07-04T00:17:53.242+0000] {dagbag.py:541} INFO - Filling up the DagBag from /home/airflow/.local/lib/python3.7/site-packages/airflow/example_dags/example_params_trigger_ui.py
[2023-07-04T00:17:53.275+0000] {processor.py:836} INFO - DAG(s) dict_keys(['example_params_trigger_ui']) retrieved from /home/airflow/.local/lib/python3.7/site-packages/airflow/example_dags/example_params_trigger_ui.py
[2023-07-04T00:17:53.397+0000] {logging_mixin.py:149} INFO - [2023-07-04T00:17:53.397+0000] {dag.py:2726} INFO - Sync 1 DAGs
[2023-07-04T00:17:53.437+0000] {logging_mixin.py:149} INFO - [2023-07-04T00:17:53.437+0000] {dag.py:3490} INFO - Setting next_dagrun for example_params_trigger_ui to None, run_after=None
[2023-07-04T00:17:53.473+0000] {processor.py:179} INFO - Processing /home/airflow/.local/lib/python3.7/site-packages/airflow/example_dags/example_params_trigger_ui.py took 0.238 seconds
[2023-07-04T00:18:23.623+0000] {processor.py:157} INFO - Started process (PID=1318) to work on /home/airflow/.local/lib/python3.7/site-packages/airflow/example_dags/example_params_trigger_ui.py
[2023-07-04T00:18:23.624+0000] {processor.py:826} INFO - Processing file /home/airflow/.local/lib/python3.7/site-packages/airflow/example_dags/example_params_trigger_ui.py for tasks to queue
[2023-07-04T00:18:23.625+0000] {logging_mixin.py:149} INFO - [2023-07-04T00:18:23.625+0000] {dagbag.py:541} INFO - Filling up the DagBag from /home/airflow/.local/lib/python3.7/site-packages/airflow/example_dags/example_params_trigger_ui.py
[2023-07-04T00:18:23.657+0000] {processor.py:836} INFO - DAG(s) dict_keys(['example_params_trigger_ui']) retrieved from /home/airflow/.local/lib/python3.7/site-packages/airflow/example_dags/example_params_trigger_ui.py
[2023-07-04T00:18:23.786+0000] {logging_mixin.py:149} INFO - [2023-07-04T00:18:23.786+0000] {dag.py:2726} INFO - Sync 1 DAGs
[2023-07-04T00:18:23.830+0000] {logging_mixin.py:149} INFO - [2023-07-04T00:18:23.830+0000] {dag.py:3490} INFO - Setting next_dagrun for example_params_trigger_ui to None, run_after=None
[2023-07-04T00:18:23.866+0000] {processor.py:179} INFO - Processing /home/airflow/.local/lib/python3.7/site-packages/airflow/example_dags/example_params_trigger_ui.py took 0.248 seconds
[2023-07-04T00:18:54.241+0000] {processor.py:157} INFO - Started process (PID=1374) to work on /home/airflow/.local/lib/python3.7/site-packages/airflow/example_dags/example_params_trigger_ui.py
[2023-07-04T00:18:54.243+0000] {processor.py:826} INFO - Processing file /home/airflow/.local/lib/python3.7/site-packages/airflow/example_dags/example_params_trigger_ui.py for tasks to queue
[2023-07-04T00:18:54.245+0000] {logging_mixin.py:149} INFO - [2023-07-04T00:18:54.245+0000] {dagbag.py:541} INFO - Filling up the DagBag from /home/airflow/.local/lib/python3.7/site-packages/airflow/example_dags/example_params_trigger_ui.py
[2023-07-04T00:18:54.293+0000] {processor.py:836} INFO - DAG(s) dict_keys(['example_params_trigger_ui']) retrieved from /home/airflow/.local/lib/python3.7/site-packages/airflow/example_dags/example_params_trigger_ui.py
[2023-07-04T00:18:54.448+0000] {logging_mixin.py:149} INFO - [2023-07-04T00:18:54.448+0000] {dag.py:2726} INFO - Sync 1 DAGs
[2023-07-04T00:18:54.503+0000] {logging_mixin.py:149} INFO - [2023-07-04T00:18:54.502+0000] {dag.py:3490} INFO - Setting next_dagrun for example_params_trigger_ui to None, run_after=None
[2023-07-04T00:18:54.532+0000] {processor.py:179} INFO - Processing /home/airflow/.local/lib/python3.7/site-packages/airflow/example_dags/example_params_trigger_ui.py took 0.302 seconds
[2023-07-04T00:19:25.244+0000] {processor.py:157} INFO - Started process (PID=1432) to work on /home/airflow/.local/lib/python3.7/site-packages/airflow/example_dags/example_params_trigger_ui.py
[2023-07-04T00:19:25.247+0000] {processor.py:826} INFO - Processing file /home/airflow/.local/lib/python3.7/site-packages/airflow/example_dags/example_params_trigger_ui.py for tasks to queue
[2023-07-04T00:19:25.250+0000] {logging_mixin.py:149} INFO - [2023-07-04T00:19:25.249+0000] {dagbag.py:541} INFO - Filling up the DagBag from /home/airflow/.local/lib/python3.7/site-packages/airflow/example_dags/example_params_trigger_ui.py
[2023-07-04T00:19:25.301+0000] {processor.py:836} INFO - DAG(s) dict_keys(['example_params_trigger_ui']) retrieved from /home/airflow/.local/lib/python3.7/site-packages/airflow/example_dags/example_params_trigger_ui.py
[2023-07-04T00:19:25.481+0000] {logging_mixin.py:149} INFO - [2023-07-04T00:19:25.481+0000] {dag.py:2726} INFO - Sync 1 DAGs
[2023-07-04T00:19:25.527+0000] {logging_mixin.py:149} INFO - [2023-07-04T00:19:25.527+0000] {dag.py:3490} INFO - Setting next_dagrun for example_params_trigger_ui to None, run_after=None
[2023-07-04T00:19:25.560+0000] {processor.py:179} INFO - Processing /home/airflow/.local/lib/python3.7/site-packages/airflow/example_dags/example_params_trigger_ui.py took 0.327 seconds
[2023-07-04T00:19:55.620+0000] {processor.py:157} INFO - Started process (PID=1489) to work on /home/airflow/.local/lib/python3.7/site-packages/airflow/example_dags/example_params_trigger_ui.py
[2023-07-04T00:19:55.622+0000] {processor.py:826} INFO - Processing file /home/airflow/.local/lib/python3.7/site-packages/airflow/example_dags/example_params_trigger_ui.py for tasks to queue
[2023-07-04T00:19:55.625+0000] {logging_mixin.py:149} INFO - [2023-07-04T00:19:55.625+0000] {dagbag.py:541} INFO - Filling up the DagBag from /home/airflow/.local/lib/python3.7/site-packages/airflow/example_dags/example_params_trigger_ui.py
[2023-07-04T00:19:55.662+0000] {processor.py:836} INFO - DAG(s) dict_keys(['example_params_trigger_ui']) retrieved from /home/airflow/.local/lib/python3.7/site-packages/airflow/example_dags/example_params_trigger_ui.py
[2023-07-04T00:19:55.810+0000] {logging_mixin.py:149} INFO - [2023-07-04T00:19:55.809+0000] {dag.py:2726} INFO - Sync 1 DAGs
[2023-07-04T00:19:55.850+0000] {logging_mixin.py:149} INFO - [2023-07-04T00:19:55.850+0000] {dag.py:3490} INFO - Setting next_dagrun for example_params_trigger_ui to None, run_after=None
[2023-07-04T00:19:55.882+0000] {processor.py:179} INFO - Processing /home/airflow/.local/lib/python3.7/site-packages/airflow/example_dags/example_params_trigger_ui.py took 0.267 seconds
[2023-07-04T00:20:26.879+0000] {processor.py:157} INFO - Started process (PID=1546) to work on /home/airflow/.local/lib/python3.7/site-packages/airflow/example_dags/example_params_trigger_ui.py
[2023-07-04T00:20:26.881+0000] {processor.py:826} INFO - Processing file /home/airflow/.local/lib/python3.7/site-packages/airflow/example_dags/example_params_trigger_ui.py for tasks to queue
[2023-07-04T00:20:26.882+0000] {logging_mixin.py:149} INFO - [2023-07-04T00:20:26.882+0000] {dagbag.py:541} INFO - Filling up the DagBag from /home/airflow/.local/lib/python3.7/site-packages/airflow/example_dags/example_params_trigger_ui.py
[2023-07-04T00:20:26.916+0000] {processor.py:836} INFO - DAG(s) dict_keys(['example_params_trigger_ui']) retrieved from /home/airflow/.local/lib/python3.7/site-packages/airflow/example_dags/example_params_trigger_ui.py
[2023-07-04T00:20:27.056+0000] {logging_mixin.py:149} INFO - [2023-07-04T00:20:27.056+0000] {dag.py:2726} INFO - Sync 1 DAGs
[2023-07-04T00:20:27.099+0000] {logging_mixin.py:149} INFO - [2023-07-04T00:20:27.098+0000] {dag.py:3490} INFO - Setting next_dagrun for example_params_trigger_ui to None, run_after=None
[2023-07-04T00:20:27.127+0000] {processor.py:179} INFO - Processing /home/airflow/.local/lib/python3.7/site-packages/airflow/example_dags/example_params_trigger_ui.py took 0.254 seconds
[2023-07-04T00:20:57.587+0000] {processor.py:157} INFO - Started process (PID=1603) to work on /home/airflow/.local/lib/python3.7/site-packages/airflow/example_dags/example_params_trigger_ui.py
[2023-07-04T00:20:57.589+0000] {processor.py:826} INFO - Processing file /home/airflow/.local/lib/python3.7/site-packages/airflow/example_dags/example_params_trigger_ui.py for tasks to queue
[2023-07-04T00:20:57.590+0000] {logging_mixin.py:149} INFO - [2023-07-04T00:20:57.590+0000] {dagbag.py:541} INFO - Filling up the DagBag from /home/airflow/.local/lib/python3.7/site-packages/airflow/example_dags/example_params_trigger_ui.py
[2023-07-04T00:20:57.628+0000] {processor.py:836} INFO - DAG(s) dict_keys(['example_params_trigger_ui']) retrieved from /home/airflow/.local/lib/python3.7/site-packages/airflow/example_dags/example_params_trigger_ui.py
[2023-07-04T00:20:57.785+0000] {logging_mixin.py:149} INFO - [2023-07-04T00:20:57.785+0000] {dag.py:2726} INFO - Sync 1 DAGs
[2023-07-04T00:20:57.834+0000] {logging_mixin.py:149} INFO - [2023-07-04T00:20:57.834+0000] {dag.py:3490} INFO - Setting next_dagrun for example_params_trigger_ui to None, run_after=None
[2023-07-04T00:20:57.872+0000] {processor.py:179} INFO - Processing /home/airflow/.local/lib/python3.7/site-packages/airflow/example_dags/example_params_trigger_ui.py took 0.290 seconds
[2023-07-04T00:21:27.961+0000] {processor.py:157} INFO - Started process (PID=1659) to work on /home/airflow/.local/lib/python3.7/site-packages/airflow/example_dags/example_params_trigger_ui.py
[2023-07-04T00:21:27.963+0000] {processor.py:826} INFO - Processing file /home/airflow/.local/lib/python3.7/site-packages/airflow/example_dags/example_params_trigger_ui.py for tasks to queue
[2023-07-04T00:21:27.966+0000] {logging_mixin.py:149} INFO - [2023-07-04T00:21:27.965+0000] {dagbag.py:541} INFO - Filling up the DagBag from /home/airflow/.local/lib/python3.7/site-packages/airflow/example_dags/example_params_trigger_ui.py
[2023-07-04T00:21:28.030+0000] {processor.py:836} INFO - DAG(s) dict_keys(['example_params_trigger_ui']) retrieved from /home/airflow/.local/lib/python3.7/site-packages/airflow/example_dags/example_params_trigger_ui.py
[2023-07-04T00:21:28.258+0000] {logging_mixin.py:149} INFO - [2023-07-04T00:21:28.258+0000] {dag.py:2726} INFO - Sync 1 DAGs
[2023-07-04T00:21:28.304+0000] {logging_mixin.py:149} INFO - [2023-07-04T00:21:28.304+0000] {dag.py:3490} INFO - Setting next_dagrun for example_params_trigger_ui to None, run_after=None
[2023-07-04T00:21:28.345+0000] {processor.py:179} INFO - Processing /home/airflow/.local/lib/python3.7/site-packages/airflow/example_dags/example_params_trigger_ui.py took 0.396 seconds
[2023-07-04T00:21:58.421+0000] {processor.py:157} INFO - Started process (PID=1716) to work on /home/airflow/.local/lib/python3.7/site-packages/airflow/example_dags/example_params_trigger_ui.py
[2023-07-04T00:21:58.423+0000] {processor.py:826} INFO - Processing file /home/airflow/.local/lib/python3.7/site-packages/airflow/example_dags/example_params_trigger_ui.py for tasks to queue
[2023-07-04T00:21:58.424+0000] {logging_mixin.py:149} INFO - [2023-07-04T00:21:58.424+0000] {dagbag.py:541} INFO - Filling up the DagBag from /home/airflow/.local/lib/python3.7/site-packages/airflow/example_dags/example_params_trigger_ui.py
[2023-07-04T00:21:58.465+0000] {processor.py:836} INFO - DAG(s) dict_keys(['example_params_trigger_ui']) retrieved from /home/airflow/.local/lib/python3.7/site-packages/airflow/example_dags/example_params_trigger_ui.py
[2023-07-04T00:21:58.653+0000] {logging_mixin.py:149} INFO - [2023-07-04T00:21:58.653+0000] {dag.py:2726} INFO - Sync 1 DAGs
[2023-07-04T00:21:58.743+0000] {logging_mixin.py:149} INFO - [2023-07-04T00:21:58.742+0000] {dag.py:3490} INFO - Setting next_dagrun for example_params_trigger_ui to None, run_after=None
[2023-07-04T00:21:58.809+0000] {processor.py:179} INFO - Processing /home/airflow/.local/lib/python3.7/site-packages/airflow/example_dags/example_params_trigger_ui.py took 0.397 seconds
[2023-07-04T00:22:28.863+0000] {processor.py:157} INFO - Started process (PID=1773) to work on /home/airflow/.local/lib/python3.7/site-packages/airflow/example_dags/example_params_trigger_ui.py
[2023-07-04T00:22:28.865+0000] {processor.py:826} INFO - Processing file /home/airflow/.local/lib/python3.7/site-packages/airflow/example_dags/example_params_trigger_ui.py for tasks to queue
[2023-07-04T00:22:28.866+0000] {logging_mixin.py:149} INFO - [2023-07-04T00:22:28.865+0000] {dagbag.py:541} INFO - Filling up the DagBag from /home/airflow/.local/lib/python3.7/site-packages/airflow/example_dags/example_params_trigger_ui.py
[2023-07-04T00:22:28.894+0000] {processor.py:836} INFO - DAG(s) dict_keys(['example_params_trigger_ui']) retrieved from /home/airflow/.local/lib/python3.7/site-packages/airflow/example_dags/example_params_trigger_ui.py
[2023-07-04T00:22:29.017+0000] {logging_mixin.py:149} INFO - [2023-07-04T00:22:29.017+0000] {dag.py:2726} INFO - Sync 1 DAGs
[2023-07-04T00:22:29.073+0000] {logging_mixin.py:149} INFO - [2023-07-04T00:22:29.073+0000] {dag.py:3490} INFO - Setting next_dagrun for example_params_trigger_ui to None, run_after=None
[2023-07-04T00:22:29.103+0000] {processor.py:179} INFO - Processing /home/airflow/.local/lib/python3.7/site-packages/airflow/example_dags/example_params_trigger_ui.py took 0.246 seconds
[2023-07-04T00:22:59.251+0000] {processor.py:157} INFO - Started process (PID=1830) to work on /home/airflow/.local/lib/python3.7/site-packages/airflow/example_dags/example_params_trigger_ui.py
[2023-07-04T00:22:59.252+0000] {processor.py:826} INFO - Processing file /home/airflow/.local/lib/python3.7/site-packages/airflow/example_dags/example_params_trigger_ui.py for tasks to queue
[2023-07-04T00:22:59.254+0000] {logging_mixin.py:149} INFO - [2023-07-04T00:22:59.254+0000] {dagbag.py:541} INFO - Filling up the DagBag from /home/airflow/.local/lib/python3.7/site-packages/airflow/example_dags/example_params_trigger_ui.py
[2023-07-04T00:22:59.289+0000] {processor.py:836} INFO - DAG(s) dict_keys(['example_params_trigger_ui']) retrieved from /home/airflow/.local/lib/python3.7/site-packages/airflow/example_dags/example_params_trigger_ui.py
[2023-07-04T00:22:59.444+0000] {logging_mixin.py:149} INFO - [2023-07-04T00:22:59.444+0000] {dag.py:2726} INFO - Sync 1 DAGs
[2023-07-04T00:22:59.528+0000] {logging_mixin.py:149} INFO - [2023-07-04T00:22:59.527+0000] {dag.py:3490} INFO - Setting next_dagrun for example_params_trigger_ui to None, run_after=None
[2023-07-04T00:22:59.585+0000] {processor.py:179} INFO - Processing /home/airflow/.local/lib/python3.7/site-packages/airflow/example_dags/example_params_trigger_ui.py took 0.339 seconds
[2023-07-04T00:23:30.092+0000] {processor.py:157} INFO - Started process (PID=1887) to work on /home/airflow/.local/lib/python3.7/site-packages/airflow/example_dags/example_params_trigger_ui.py
[2023-07-04T00:23:30.093+0000] {processor.py:826} INFO - Processing file /home/airflow/.local/lib/python3.7/site-packages/airflow/example_dags/example_params_trigger_ui.py for tasks to queue
[2023-07-04T00:23:30.094+0000] {logging_mixin.py:149} INFO - [2023-07-04T00:23:30.094+0000] {dagbag.py:541} INFO - Filling up the DagBag from /home/airflow/.local/lib/python3.7/site-packages/airflow/example_dags/example_params_trigger_ui.py
[2023-07-04T00:23:30.133+0000] {processor.py:836} INFO - DAG(s) dict_keys(['example_params_trigger_ui']) retrieved from /home/airflow/.local/lib/python3.7/site-packages/airflow/example_dags/example_params_trigger_ui.py
[2023-07-04T00:23:30.278+0000] {logging_mixin.py:149} INFO - [2023-07-04T00:23:30.278+0000] {dag.py:2726} INFO - Sync 1 DAGs
[2023-07-04T00:23:30.325+0000] {logging_mixin.py:149} INFO - [2023-07-04T00:23:30.325+0000] {dag.py:3490} INFO - Setting next_dagrun for example_params_trigger_ui to None, run_after=None
[2023-07-04T00:23:30.359+0000] {processor.py:179} INFO - Processing /home/airflow/.local/lib/python3.7/site-packages/airflow/example_dags/example_params_trigger_ui.py took 0.272 seconds
[2023-07-04T00:24:00.429+0000] {processor.py:157} INFO - Started process (PID=1944) to work on /home/airflow/.local/lib/python3.7/site-packages/airflow/example_dags/example_params_trigger_ui.py
[2023-07-04T00:24:00.431+0000] {processor.py:826} INFO - Processing file /home/airflow/.local/lib/python3.7/site-packages/airflow/example_dags/example_params_trigger_ui.py for tasks to queue
[2023-07-04T00:24:00.432+0000] {logging_mixin.py:149} INFO - [2023-07-04T00:24:00.432+0000] {dagbag.py:541} INFO - Filling up the DagBag from /home/airflow/.local/lib/python3.7/site-packages/airflow/example_dags/example_params_trigger_ui.py
[2023-07-04T00:24:00.463+0000] {processor.py:836} INFO - DAG(s) dict_keys(['example_params_trigger_ui']) retrieved from /home/airflow/.local/lib/python3.7/site-packages/airflow/example_dags/example_params_trigger_ui.py
[2023-07-04T00:24:00.581+0000] {logging_mixin.py:149} INFO - [2023-07-04T00:24:00.581+0000] {dag.py:2726} INFO - Sync 1 DAGs
[2023-07-04T00:24:00.615+0000] {logging_mixin.py:149} INFO - [2023-07-04T00:24:00.615+0000] {dag.py:3490} INFO - Setting next_dagrun for example_params_trigger_ui to None, run_after=None
[2023-07-04T00:24:00.642+0000] {processor.py:179} INFO - Processing /home/airflow/.local/lib/python3.7/site-packages/airflow/example_dags/example_params_trigger_ui.py took 0.217 seconds
[2023-07-04T00:24:31.099+0000] {processor.py:157} INFO - Started process (PID=2001) to work on /home/airflow/.local/lib/python3.7/site-packages/airflow/example_dags/example_params_trigger_ui.py
[2023-07-04T00:24:31.100+0000] {processor.py:826} INFO - Processing file /home/airflow/.local/lib/python3.7/site-packages/airflow/example_dags/example_params_trigger_ui.py for tasks to queue
[2023-07-04T00:24:31.102+0000] {logging_mixin.py:149} INFO - [2023-07-04T00:24:31.101+0000] {dagbag.py:541} INFO - Filling up the DagBag from /home/airflow/.local/lib/python3.7/site-packages/airflow/example_dags/example_params_trigger_ui.py
[2023-07-04T00:24:31.134+0000] {processor.py:836} INFO - DAG(s) dict_keys(['example_params_trigger_ui']) retrieved from /home/airflow/.local/lib/python3.7/site-packages/airflow/example_dags/example_params_trigger_ui.py
[2023-07-04T00:24:31.251+0000] {logging_mixin.py:149} INFO - [2023-07-04T00:24:31.251+0000] {dag.py:2726} INFO - Sync 1 DAGs
[2023-07-04T00:24:31.292+0000] {logging_mixin.py:149} INFO - [2023-07-04T00:24:31.292+0000] {dag.py:3490} INFO - Setting next_dagrun for example_params_trigger_ui to None, run_after=None
[2023-07-04T00:24:31.330+0000] {processor.py:179} INFO - Processing /home/airflow/.local/lib/python3.7/site-packages/airflow/example_dags/example_params_trigger_ui.py took 0.236 seconds
[2023-07-04T00:25:01.614+0000] {processor.py:157} INFO - Started process (PID=2058) to work on /home/airflow/.local/lib/python3.7/site-packages/airflow/example_dags/example_params_trigger_ui.py
[2023-07-04T00:25:01.615+0000] {processor.py:826} INFO - Processing file /home/airflow/.local/lib/python3.7/site-packages/airflow/example_dags/example_params_trigger_ui.py for tasks to queue
[2023-07-04T00:25:01.616+0000] {logging_mixin.py:149} INFO - [2023-07-04T00:25:01.616+0000] {dagbag.py:541} INFO - Filling up the DagBag from /home/airflow/.local/lib/python3.7/site-packages/airflow/example_dags/example_params_trigger_ui.py
[2023-07-04T00:25:01.650+0000] {processor.py:836} INFO - DAG(s) dict_keys(['example_params_trigger_ui']) retrieved from /home/airflow/.local/lib/python3.7/site-packages/airflow/example_dags/example_params_trigger_ui.py
[2023-07-04T00:25:01.799+0000] {logging_mixin.py:149} INFO - [2023-07-04T00:25:01.798+0000] {dag.py:2726} INFO - Sync 1 DAGs
[2023-07-04T00:25:01.844+0000] {logging_mixin.py:149} INFO - [2023-07-04T00:25:01.844+0000] {dag.py:3490} INFO - Setting next_dagrun for example_params_trigger_ui to None, run_after=None
[2023-07-04T00:25:01.884+0000] {processor.py:179} INFO - Processing /home/airflow/.local/lib/python3.7/site-packages/airflow/example_dags/example_params_trigger_ui.py took 0.278 seconds
[2023-07-04T00:25:32.579+0000] {processor.py:157} INFO - Started process (PID=2116) to work on /home/airflow/.local/lib/python3.7/site-packages/airflow/example_dags/example_params_trigger_ui.py
[2023-07-04T00:25:32.582+0000] {processor.py:826} INFO - Processing file /home/airflow/.local/lib/python3.7/site-packages/airflow/example_dags/example_params_trigger_ui.py for tasks to queue
[2023-07-04T00:25:32.589+0000] {logging_mixin.py:149} INFO - [2023-07-04T00:25:32.589+0000] {dagbag.py:541} INFO - Filling up the DagBag from /home/airflow/.local/lib/python3.7/site-packages/airflow/example_dags/example_params_trigger_ui.py
[2023-07-04T00:25:32.686+0000] {processor.py:836} INFO - DAG(s) dict_keys(['example_params_trigger_ui']) retrieved from /home/airflow/.local/lib/python3.7/site-packages/airflow/example_dags/example_params_trigger_ui.py
[2023-07-04T00:25:33.125+0000] {logging_mixin.py:149} INFO - [2023-07-04T00:25:33.125+0000] {dag.py:2726} INFO - Sync 1 DAGs
[2023-07-04T00:25:33.223+0000] {logging_mixin.py:149} INFO - [2023-07-04T00:25:33.223+0000] {dag.py:3490} INFO - Setting next_dagrun for example_params_trigger_ui to None, run_after=None
[2023-07-04T00:25:33.279+0000] {processor.py:179} INFO - Processing /home/airflow/.local/lib/python3.7/site-packages/airflow/example_dags/example_params_trigger_ui.py took 0.713 seconds
[2023-07-04T00:26:03.788+0000] {processor.py:157} INFO - Started process (PID=2173) to work on /home/airflow/.local/lib/python3.7/site-packages/airflow/example_dags/example_params_trigger_ui.py
[2023-07-04T00:26:03.789+0000] {processor.py:826} INFO - Processing file /home/airflow/.local/lib/python3.7/site-packages/airflow/example_dags/example_params_trigger_ui.py for tasks to queue
[2023-07-04T00:26:03.791+0000] {logging_mixin.py:149} INFO - [2023-07-04T00:26:03.790+0000] {dagbag.py:541} INFO - Filling up the DagBag from /home/airflow/.local/lib/python3.7/site-packages/airflow/example_dags/example_params_trigger_ui.py
[2023-07-04T00:26:03.850+0000] {processor.py:836} INFO - DAG(s) dict_keys(['example_params_trigger_ui']) retrieved from /home/airflow/.local/lib/python3.7/site-packages/airflow/example_dags/example_params_trigger_ui.py
[2023-07-04T00:26:04.060+0000] {logging_mixin.py:149} INFO - [2023-07-04T00:26:04.059+0000] {dag.py:2726} INFO - Sync 1 DAGs
[2023-07-04T00:26:04.101+0000] {logging_mixin.py:149} INFO - [2023-07-04T00:26:04.101+0000] {dag.py:3490} INFO - Setting next_dagrun for example_params_trigger_ui to None, run_after=None
[2023-07-04T00:26:04.134+0000] {processor.py:179} INFO - Processing /home/airflow/.local/lib/python3.7/site-packages/airflow/example_dags/example_params_trigger_ui.py took 0.353 seconds
[2023-07-04T00:26:35.008+0000] {processor.py:157} INFO - Started process (PID=2230) to work on /home/airflow/.local/lib/python3.7/site-packages/airflow/example_dags/example_params_trigger_ui.py
[2023-07-04T00:26:35.011+0000] {processor.py:826} INFO - Processing file /home/airflow/.local/lib/python3.7/site-packages/airflow/example_dags/example_params_trigger_ui.py for tasks to queue
[2023-07-04T00:26:35.012+0000] {logging_mixin.py:149} INFO - [2023-07-04T00:26:35.012+0000] {dagbag.py:541} INFO - Filling up the DagBag from /home/airflow/.local/lib/python3.7/site-packages/airflow/example_dags/example_params_trigger_ui.py
[2023-07-04T00:26:35.053+0000] {processor.py:836} INFO - DAG(s) dict_keys(['example_params_trigger_ui']) retrieved from /home/airflow/.local/lib/python3.7/site-packages/airflow/example_dags/example_params_trigger_ui.py
[2023-07-04T00:26:35.240+0000] {logging_mixin.py:149} INFO - [2023-07-04T00:26:35.239+0000] {dag.py:2726} INFO - Sync 1 DAGs
[2023-07-04T00:26:35.305+0000] {logging_mixin.py:149} INFO - [2023-07-04T00:26:35.304+0000] {dag.py:3490} INFO - Setting next_dagrun for example_params_trigger_ui to None, run_after=None
[2023-07-04T00:26:35.358+0000] {processor.py:179} INFO - Processing /home/airflow/.local/lib/python3.7/site-packages/airflow/example_dags/example_params_trigger_ui.py took 0.357 seconds
[2023-07-04T00:27:05.467+0000] {processor.py:157} INFO - Started process (PID=2287) to work on /home/airflow/.local/lib/python3.7/site-packages/airflow/example_dags/example_params_trigger_ui.py
[2023-07-04T00:27:05.469+0000] {processor.py:826} INFO - Processing file /home/airflow/.local/lib/python3.7/site-packages/airflow/example_dags/example_params_trigger_ui.py for tasks to queue
[2023-07-04T00:27:05.471+0000] {logging_mixin.py:149} INFO - [2023-07-04T00:27:05.470+0000] {dagbag.py:541} INFO - Filling up the DagBag from /home/airflow/.local/lib/python3.7/site-packages/airflow/example_dags/example_params_trigger_ui.py
[2023-07-04T00:27:05.519+0000] {processor.py:836} INFO - DAG(s) dict_keys(['example_params_trigger_ui']) retrieved from /home/airflow/.local/lib/python3.7/site-packages/airflow/example_dags/example_params_trigger_ui.py
[2023-07-04T00:27:05.688+0000] {logging_mixin.py:149} INFO - [2023-07-04T00:27:05.688+0000] {dag.py:2726} INFO - Sync 1 DAGs
[2023-07-04T00:27:05.734+0000] {logging_mixin.py:149} INFO - [2023-07-04T00:27:05.734+0000] {dag.py:3490} INFO - Setting next_dagrun for example_params_trigger_ui to None, run_after=None
[2023-07-04T00:27:05.770+0000] {processor.py:179} INFO - Processing /home/airflow/.local/lib/python3.7/site-packages/airflow/example_dags/example_params_trigger_ui.py took 0.312 seconds
[2023-07-04T00:27:35.959+0000] {processor.py:157} INFO - Started process (PID=2345) to work on /home/airflow/.local/lib/python3.7/site-packages/airflow/example_dags/example_params_trigger_ui.py
[2023-07-04T00:27:35.961+0000] {processor.py:826} INFO - Processing file /home/airflow/.local/lib/python3.7/site-packages/airflow/example_dags/example_params_trigger_ui.py for tasks to queue
[2023-07-04T00:27:35.962+0000] {logging_mixin.py:149} INFO - [2023-07-04T00:27:35.962+0000] {dagbag.py:541} INFO - Filling up the DagBag from /home/airflow/.local/lib/python3.7/site-packages/airflow/example_dags/example_params_trigger_ui.py
[2023-07-04T00:27:36.014+0000] {processor.py:836} INFO - DAG(s) dict_keys(['example_params_trigger_ui']) retrieved from /home/airflow/.local/lib/python3.7/site-packages/airflow/example_dags/example_params_trigger_ui.py
[2023-07-04T00:27:36.204+0000] {logging_mixin.py:149} INFO - [2023-07-04T00:27:36.204+0000] {dag.py:2726} INFO - Sync 1 DAGs
[2023-07-04T00:27:36.252+0000] {logging_mixin.py:149} INFO - [2023-07-04T00:27:36.252+0000] {dag.py:3490} INFO - Setting next_dagrun for example_params_trigger_ui to None, run_after=None
[2023-07-04T00:27:36.286+0000] {processor.py:179} INFO - Processing /home/airflow/.local/lib/python3.7/site-packages/airflow/example_dags/example_params_trigger_ui.py took 0.334 seconds
[2023-07-04T00:28:06.991+0000] {processor.py:157} INFO - Started process (PID=2402) to work on /home/airflow/.local/lib/python3.7/site-packages/airflow/example_dags/example_params_trigger_ui.py
[2023-07-04T00:28:06.993+0000] {processor.py:826} INFO - Processing file /home/airflow/.local/lib/python3.7/site-packages/airflow/example_dags/example_params_trigger_ui.py for tasks to queue
[2023-07-04T00:28:06.994+0000] {logging_mixin.py:149} INFO - [2023-07-04T00:28:06.994+0000] {dagbag.py:541} INFO - Filling up the DagBag from /home/airflow/.local/lib/python3.7/site-packages/airflow/example_dags/example_params_trigger_ui.py
[2023-07-04T00:28:07.031+0000] {processor.py:836} INFO - DAG(s) dict_keys(['example_params_trigger_ui']) retrieved from /home/airflow/.local/lib/python3.7/site-packages/airflow/example_dags/example_params_trigger_ui.py
[2023-07-04T00:28:07.148+0000] {logging_mixin.py:149} INFO - [2023-07-04T00:28:07.147+0000] {dag.py:2726} INFO - Sync 1 DAGs
[2023-07-04T00:28:07.191+0000] {logging_mixin.py:149} INFO - [2023-07-04T00:28:07.191+0000] {dag.py:3490} INFO - Setting next_dagrun for example_params_trigger_ui to None, run_after=None
[2023-07-04T00:28:07.237+0000] {processor.py:179} INFO - Processing /home/airflow/.local/lib/python3.7/site-packages/airflow/example_dags/example_params_trigger_ui.py took 0.252 seconds
[2023-07-04T00:28:37.312+0000] {processor.py:157} INFO - Started process (PID=2459) to work on /home/airflow/.local/lib/python3.7/site-packages/airflow/example_dags/example_params_trigger_ui.py
[2023-07-04T00:28:37.314+0000] {processor.py:826} INFO - Processing file /home/airflow/.local/lib/python3.7/site-packages/airflow/example_dags/example_params_trigger_ui.py for tasks to queue
[2023-07-04T00:28:37.317+0000] {logging_mixin.py:149} INFO - [2023-07-04T00:28:37.317+0000] {dagbag.py:541} INFO - Filling up the DagBag from /home/airflow/.local/lib/python3.7/site-packages/airflow/example_dags/example_params_trigger_ui.py
[2023-07-04T00:28:37.371+0000] {processor.py:836} INFO - DAG(s) dict_keys(['example_params_trigger_ui']) retrieved from /home/airflow/.local/lib/python3.7/site-packages/airflow/example_dags/example_params_trigger_ui.py
[2023-07-04T00:28:37.511+0000] {logging_mixin.py:149} INFO - [2023-07-04T00:28:37.511+0000] {dag.py:2726} INFO - Sync 1 DAGs
[2023-07-04T00:28:37.553+0000] {logging_mixin.py:149} INFO - [2023-07-04T00:28:37.553+0000] {dag.py:3490} INFO - Setting next_dagrun for example_params_trigger_ui to None, run_after=None
[2023-07-04T00:28:37.585+0000] {processor.py:179} INFO - Processing /home/airflow/.local/lib/python3.7/site-packages/airflow/example_dags/example_params_trigger_ui.py took 0.280 seconds
[2023-07-04T00:29:07.992+0000] {processor.py:157} INFO - Started process (PID=2516) to work on /home/airflow/.local/lib/python3.7/site-packages/airflow/example_dags/example_params_trigger_ui.py
[2023-07-04T00:29:07.994+0000] {processor.py:826} INFO - Processing file /home/airflow/.local/lib/python3.7/site-packages/airflow/example_dags/example_params_trigger_ui.py for tasks to queue
[2023-07-04T00:29:07.995+0000] {logging_mixin.py:149} INFO - [2023-07-04T00:29:07.995+0000] {dagbag.py:541} INFO - Filling up the DagBag from /home/airflow/.local/lib/python3.7/site-packages/airflow/example_dags/example_params_trigger_ui.py
[2023-07-04T00:29:08.045+0000] {processor.py:836} INFO - DAG(s) dict_keys(['example_params_trigger_ui']) retrieved from /home/airflow/.local/lib/python3.7/site-packages/airflow/example_dags/example_params_trigger_ui.py
[2023-07-04T00:29:08.226+0000] {logging_mixin.py:149} INFO - [2023-07-04T00:29:08.226+0000] {dag.py:2726} INFO - Sync 1 DAGs
[2023-07-04T00:29:08.274+0000] {logging_mixin.py:149} INFO - [2023-07-04T00:29:08.274+0000] {dag.py:3490} INFO - Setting next_dagrun for example_params_trigger_ui to None, run_after=None
[2023-07-04T00:29:08.310+0000] {processor.py:179} INFO - Processing /home/airflow/.local/lib/python3.7/site-packages/airflow/example_dags/example_params_trigger_ui.py took 0.327 seconds
[2023-07-04T00:29:38.691+0000] {processor.py:157} INFO - Started process (PID=2573) to work on /home/airflow/.local/lib/python3.7/site-packages/airflow/example_dags/example_params_trigger_ui.py
[2023-07-04T00:29:38.693+0000] {processor.py:826} INFO - Processing file /home/airflow/.local/lib/python3.7/site-packages/airflow/example_dags/example_params_trigger_ui.py for tasks to queue
[2023-07-04T00:29:38.695+0000] {logging_mixin.py:149} INFO - [2023-07-04T00:29:38.695+0000] {dagbag.py:541} INFO - Filling up the DagBag from /home/airflow/.local/lib/python3.7/site-packages/airflow/example_dags/example_params_trigger_ui.py
[2023-07-04T00:29:38.762+0000] {processor.py:836} INFO - DAG(s) dict_keys(['example_params_trigger_ui']) retrieved from /home/airflow/.local/lib/python3.7/site-packages/airflow/example_dags/example_params_trigger_ui.py
[2023-07-04T00:29:38.894+0000] {logging_mixin.py:149} INFO - [2023-07-04T00:29:38.894+0000] {dag.py:2726} INFO - Sync 1 DAGs
[2023-07-04T00:29:38.926+0000] {logging_mixin.py:149} INFO - [2023-07-04T00:29:38.926+0000] {dag.py:3490} INFO - Setting next_dagrun for example_params_trigger_ui to None, run_after=None
[2023-07-04T00:29:38.955+0000] {processor.py:179} INFO - Processing /home/airflow/.local/lib/python3.7/site-packages/airflow/example_dags/example_params_trigger_ui.py took 0.278 seconds
[2023-07-04T00:30:09.753+0000] {processor.py:157} INFO - Started process (PID=2630) to work on /home/airflow/.local/lib/python3.7/site-packages/airflow/example_dags/example_params_trigger_ui.py
[2023-07-04T00:30:09.754+0000] {processor.py:826} INFO - Processing file /home/airflow/.local/lib/python3.7/site-packages/airflow/example_dags/example_params_trigger_ui.py for tasks to queue
[2023-07-04T00:30:09.755+0000] {logging_mixin.py:149} INFO - [2023-07-04T00:30:09.755+0000] {dagbag.py:541} INFO - Filling up the DagBag from /home/airflow/.local/lib/python3.7/site-packages/airflow/example_dags/example_params_trigger_ui.py
[2023-07-04T00:30:09.788+0000] {processor.py:836} INFO - DAG(s) dict_keys(['example_params_trigger_ui']) retrieved from /home/airflow/.local/lib/python3.7/site-packages/airflow/example_dags/example_params_trigger_ui.py
[2023-07-04T00:30:09.919+0000] {logging_mixin.py:149} INFO - [2023-07-04T00:30:09.919+0000] {dag.py:2726} INFO - Sync 1 DAGs
[2023-07-04T00:30:09.951+0000] {logging_mixin.py:149} INFO - [2023-07-04T00:30:09.951+0000] {dag.py:3490} INFO - Setting next_dagrun for example_params_trigger_ui to None, run_after=None
[2023-07-04T00:30:09.979+0000] {processor.py:179} INFO - Processing /home/airflow/.local/lib/python3.7/site-packages/airflow/example_dags/example_params_trigger_ui.py took 0.232 seconds
[2023-07-04T00:30:40.117+0000] {processor.py:157} INFO - Started process (PID=2687) to work on /home/airflow/.local/lib/python3.7/site-packages/airflow/example_dags/example_params_trigger_ui.py
[2023-07-04T00:30:40.118+0000] {processor.py:826} INFO - Processing file /home/airflow/.local/lib/python3.7/site-packages/airflow/example_dags/example_params_trigger_ui.py for tasks to queue
[2023-07-04T00:30:40.120+0000] {logging_mixin.py:149} INFO - [2023-07-04T00:30:40.119+0000] {dagbag.py:541} INFO - Filling up the DagBag from /home/airflow/.local/lib/python3.7/site-packages/airflow/example_dags/example_params_trigger_ui.py
[2023-07-04T00:30:40.180+0000] {processor.py:836} INFO - DAG(s) dict_keys(['example_params_trigger_ui']) retrieved from /home/airflow/.local/lib/python3.7/site-packages/airflow/example_dags/example_params_trigger_ui.py
[2023-07-04T00:30:40.366+0000] {logging_mixin.py:149} INFO - [2023-07-04T00:30:40.366+0000] {dag.py:2726} INFO - Sync 1 DAGs
[2023-07-04T00:30:40.403+0000] {logging_mixin.py:149} INFO - [2023-07-04T00:30:40.403+0000] {dag.py:3490} INFO - Setting next_dagrun for example_params_trigger_ui to None, run_after=None
[2023-07-04T00:30:40.429+0000] {processor.py:179} INFO - Processing /home/airflow/.local/lib/python3.7/site-packages/airflow/example_dags/example_params_trigger_ui.py took 0.321 seconds
[2023-07-04T00:31:10.524+0000] {processor.py:157} INFO - Started process (PID=2738) to work on /home/airflow/.local/lib/python3.7/site-packages/airflow/example_dags/example_params_trigger_ui.py
[2023-07-04T00:31:10.526+0000] {processor.py:826} INFO - Processing file /home/airflow/.local/lib/python3.7/site-packages/airflow/example_dags/example_params_trigger_ui.py for tasks to queue
[2023-07-04T00:31:10.527+0000] {logging_mixin.py:149} INFO - [2023-07-04T00:31:10.527+0000] {dagbag.py:541} INFO - Filling up the DagBag from /home/airflow/.local/lib/python3.7/site-packages/airflow/example_dags/example_params_trigger_ui.py
[2023-07-04T00:31:10.562+0000] {processor.py:836} INFO - DAG(s) dict_keys(['example_params_trigger_ui']) retrieved from /home/airflow/.local/lib/python3.7/site-packages/airflow/example_dags/example_params_trigger_ui.py
[2023-07-04T00:31:10.699+0000] {logging_mixin.py:149} INFO - [2023-07-04T00:31:10.699+0000] {dag.py:2726} INFO - Sync 1 DAGs
[2023-07-04T00:31:10.777+0000] {logging_mixin.py:149} INFO - [2023-07-04T00:31:10.776+0000] {dag.py:3490} INFO - Setting next_dagrun for example_params_trigger_ui to None, run_after=None
[2023-07-04T00:31:10.831+0000] {processor.py:179} INFO - Processing /home/airflow/.local/lib/python3.7/site-packages/airflow/example_dags/example_params_trigger_ui.py took 0.312 seconds
[2023-07-04T00:31:40.908+0000] {processor.py:157} INFO - Started process (PID=2795) to work on /home/airflow/.local/lib/python3.7/site-packages/airflow/example_dags/example_params_trigger_ui.py
[2023-07-04T00:31:40.909+0000] {processor.py:826} INFO - Processing file /home/airflow/.local/lib/python3.7/site-packages/airflow/example_dags/example_params_trigger_ui.py for tasks to queue
[2023-07-04T00:31:40.910+0000] {logging_mixin.py:149} INFO - [2023-07-04T00:31:40.910+0000] {dagbag.py:541} INFO - Filling up the DagBag from /home/airflow/.local/lib/python3.7/site-packages/airflow/example_dags/example_params_trigger_ui.py
[2023-07-04T00:31:40.943+0000] {processor.py:836} INFO - DAG(s) dict_keys(['example_params_trigger_ui']) retrieved from /home/airflow/.local/lib/python3.7/site-packages/airflow/example_dags/example_params_trigger_ui.py
[2023-07-04T00:31:41.074+0000] {logging_mixin.py:149} INFO - [2023-07-04T00:31:41.074+0000] {dag.py:2726} INFO - Sync 1 DAGs
[2023-07-04T00:31:41.112+0000] {logging_mixin.py:149} INFO - [2023-07-04T00:31:41.112+0000] {dag.py:3490} INFO - Setting next_dagrun for example_params_trigger_ui to None, run_after=None
[2023-07-04T00:31:41.136+0000] {processor.py:179} INFO - Processing /home/airflow/.local/lib/python3.7/site-packages/airflow/example_dags/example_params_trigger_ui.py took 0.233 seconds
[2023-07-04T00:32:11.304+0000] {processor.py:157} INFO - Started process (PID=2853) to work on /home/airflow/.local/lib/python3.7/site-packages/airflow/example_dags/example_params_trigger_ui.py
[2023-07-04T00:32:11.305+0000] {processor.py:826} INFO - Processing file /home/airflow/.local/lib/python3.7/site-packages/airflow/example_dags/example_params_trigger_ui.py for tasks to queue
[2023-07-04T00:32:11.307+0000] {logging_mixin.py:149} INFO - [2023-07-04T00:32:11.306+0000] {dagbag.py:541} INFO - Filling up the DagBag from /home/airflow/.local/lib/python3.7/site-packages/airflow/example_dags/example_params_trigger_ui.py
[2023-07-04T00:32:11.343+0000] {processor.py:836} INFO - DAG(s) dict_keys(['example_params_trigger_ui']) retrieved from /home/airflow/.local/lib/python3.7/site-packages/airflow/example_dags/example_params_trigger_ui.py
[2023-07-04T00:32:11.472+0000] {logging_mixin.py:149} INFO - [2023-07-04T00:32:11.472+0000] {dag.py:2726} INFO - Sync 1 DAGs
[2023-07-04T00:32:11.513+0000] {logging_mixin.py:149} INFO - [2023-07-04T00:32:11.513+0000] {dag.py:3490} INFO - Setting next_dagrun for example_params_trigger_ui to None, run_after=None
[2023-07-04T00:32:11.541+0000] {processor.py:179} INFO - Processing /home/airflow/.local/lib/python3.7/site-packages/airflow/example_dags/example_params_trigger_ui.py took 0.243 seconds
[2023-07-04T00:32:42.072+0000] {processor.py:157} INFO - Started process (PID=2908) to work on /home/airflow/.local/lib/python3.7/site-packages/airflow/example_dags/example_params_trigger_ui.py
[2023-07-04T00:32:42.077+0000] {processor.py:826} INFO - Processing file /home/airflow/.local/lib/python3.7/site-packages/airflow/example_dags/example_params_trigger_ui.py for tasks to queue
[2023-07-04T00:32:42.082+0000] {logging_mixin.py:149} INFO - [2023-07-04T00:32:42.082+0000] {dagbag.py:541} INFO - Filling up the DagBag from /home/airflow/.local/lib/python3.7/site-packages/airflow/example_dags/example_params_trigger_ui.py
[2023-07-04T00:32:42.172+0000] {processor.py:836} INFO - DAG(s) dict_keys(['example_params_trigger_ui']) retrieved from /home/airflow/.local/lib/python3.7/site-packages/airflow/example_dags/example_params_trigger_ui.py
[2023-07-04T00:32:42.529+0000] {logging_mixin.py:149} INFO - [2023-07-04T00:32:42.529+0000] {dag.py:2726} INFO - Sync 1 DAGs
[2023-07-04T00:32:42.628+0000] {logging_mixin.py:149} INFO - [2023-07-04T00:32:42.627+0000] {dag.py:3490} INFO - Setting next_dagrun for example_params_trigger_ui to None, run_after=None
[2023-07-04T00:32:42.697+0000] {processor.py:179} INFO - Processing /home/airflow/.local/lib/python3.7/site-packages/airflow/example_dags/example_params_trigger_ui.py took 0.640 seconds
