[2023-07-04T00:07:06.875+0000] {processor.py:157} INFO - Started process (PID=56) to work on /home/airflow/.local/lib/python3.7/site-packages/airflow/example_dags/example_branch_labels.py
[2023-07-04T00:07:06.878+0000] {processor.py:826} INFO - Processing file /home/airflow/.local/lib/python3.7/site-packages/airflow/example_dags/example_branch_labels.py for tasks to queue
[2023-07-04T00:07:06.881+0000] {logging_mixin.py:149} INFO - [2023-07-04T00:07:06.881+0000] {dagbag.py:541} INFO - Filling up the DagBag from /home/airflow/.local/lib/python3.7/site-packages/airflow/example_dags/example_branch_labels.py
[2023-07-04T00:07:06.967+0000] {processor.py:836} INFO - DAG(s) dict_keys(['example_branch_labels']) retrieved from /home/airflow/.local/lib/python3.7/site-packages/airflow/example_dags/example_branch_labels.py
[2023-07-04T00:07:07.132+0000] {logging_mixin.py:149} INFO - [2023-07-04T00:07:07.132+0000] {dag.py:2726} INFO - Sync 1 DAGs
[2023-07-04T00:07:07.216+0000] {logging_mixin.py:149} INFO - [2023-07-04T00:07:07.216+0000] {dag.py:3490} INFO - Setting next_dagrun for example_branch_labels to 2023-07-03T00:00:00+00:00, run_after=2023-07-04T00:00:00+00:00
[2023-07-04T00:07:07.279+0000] {processor.py:179} INFO - Processing /home/airflow/.local/lib/python3.7/site-packages/airflow/example_dags/example_branch_labels.py took 0.420 seconds
[2023-07-04T00:07:37.703+0000] {processor.py:157} INFO - Started process (PID=113) to work on /home/airflow/.local/lib/python3.7/site-packages/airflow/example_dags/example_branch_labels.py
[2023-07-04T00:07:37.704+0000] {processor.py:826} INFO - Processing file /home/airflow/.local/lib/python3.7/site-packages/airflow/example_dags/example_branch_labels.py for tasks to queue
[2023-07-04T00:07:37.706+0000] {logging_mixin.py:149} INFO - [2023-07-04T00:07:37.705+0000] {dagbag.py:541} INFO - Filling up the DagBag from /home/airflow/.local/lib/python3.7/site-packages/airflow/example_dags/example_branch_labels.py
[2023-07-04T00:07:37.722+0000] {processor.py:836} INFO - DAG(s) dict_keys(['example_branch_labels']) retrieved from /home/airflow/.local/lib/python3.7/site-packages/airflow/example_dags/example_branch_labels.py
[2023-07-04T00:07:37.764+0000] {logging_mixin.py:149} INFO - [2023-07-04T00:07:37.764+0000] {dag.py:2726} INFO - Sync 1 DAGs
[2023-07-04T00:07:37.802+0000] {logging_mixin.py:149} INFO - [2023-07-04T00:07:37.802+0000] {dag.py:3490} INFO - Setting next_dagrun for example_branch_labels to 2023-07-03T00:00:00+00:00, run_after=2023-07-04T00:00:00+00:00
[2023-07-04T00:07:37.829+0000] {processor.py:179} INFO - Processing /home/airflow/.local/lib/python3.7/site-packages/airflow/example_dags/example_branch_labels.py took 0.132 seconds
[2023-07-04T00:08:08.380+0000] {processor.py:157} INFO - Started process (PID=170) to work on /home/airflow/.local/lib/python3.7/site-packages/airflow/example_dags/example_branch_labels.py
[2023-07-04T00:08:08.382+0000] {processor.py:826} INFO - Processing file /home/airflow/.local/lib/python3.7/site-packages/airflow/example_dags/example_branch_labels.py for tasks to queue
[2023-07-04T00:08:08.383+0000] {logging_mixin.py:149} INFO - [2023-07-04T00:08:08.383+0000] {dagbag.py:541} INFO - Filling up the DagBag from /home/airflow/.local/lib/python3.7/site-packages/airflow/example_dags/example_branch_labels.py
[2023-07-04T00:08:08.400+0000] {processor.py:836} INFO - DAG(s) dict_keys(['example_branch_labels']) retrieved from /home/airflow/.local/lib/python3.7/site-packages/airflow/example_dags/example_branch_labels.py
[2023-07-04T00:08:08.452+0000] {logging_mixin.py:149} INFO - [2023-07-04T00:08:08.451+0000] {dag.py:2726} INFO - Sync 1 DAGs
[2023-07-04T00:08:08.501+0000] {logging_mixin.py:149} INFO - [2023-07-04T00:08:08.501+0000] {dag.py:3490} INFO - Setting next_dagrun for example_branch_labels to 2023-07-03T00:00:00+00:00, run_after=2023-07-04T00:00:00+00:00
[2023-07-04T00:08:08.528+0000] {processor.py:179} INFO - Processing /home/airflow/.local/lib/python3.7/site-packages/airflow/example_dags/example_branch_labels.py took 0.154 seconds
[2023-07-04T00:08:39.060+0000] {processor.py:157} INFO - Started process (PID=234) to work on /home/airflow/.local/lib/python3.7/site-packages/airflow/example_dags/example_branch_labels.py
[2023-07-04T00:08:39.061+0000] {processor.py:826} INFO - Processing file /home/airflow/.local/lib/python3.7/site-packages/airflow/example_dags/example_branch_labels.py for tasks to queue
[2023-07-04T00:08:39.062+0000] {logging_mixin.py:149} INFO - [2023-07-04T00:08:39.062+0000] {dagbag.py:541} INFO - Filling up the DagBag from /home/airflow/.local/lib/python3.7/site-packages/airflow/example_dags/example_branch_labels.py
[2023-07-04T00:08:39.072+0000] {processor.py:836} INFO - DAG(s) dict_keys(['example_branch_labels']) retrieved from /home/airflow/.local/lib/python3.7/site-packages/airflow/example_dags/example_branch_labels.py
[2023-07-04T00:08:39.107+0000] {logging_mixin.py:149} INFO - [2023-07-04T00:08:39.107+0000] {dag.py:2726} INFO - Sync 1 DAGs
[2023-07-04T00:08:39.151+0000] {logging_mixin.py:149} INFO - [2023-07-04T00:08:39.151+0000] {dag.py:3490} INFO - Setting next_dagrun for example_branch_labels to 2023-07-03T00:00:00+00:00, run_after=2023-07-04T00:00:00+00:00
[2023-07-04T00:08:39.177+0000] {processor.py:179} INFO - Processing /home/airflow/.local/lib/python3.7/site-packages/airflow/example_dags/example_branch_labels.py took 0.122 seconds
[2023-07-04T00:09:09.584+0000] {processor.py:157} INFO - Started process (PID=291) to work on /home/airflow/.local/lib/python3.7/site-packages/airflow/example_dags/example_branch_labels.py
[2023-07-04T00:09:09.585+0000] {processor.py:826} INFO - Processing file /home/airflow/.local/lib/python3.7/site-packages/airflow/example_dags/example_branch_labels.py for tasks to queue
[2023-07-04T00:09:09.586+0000] {logging_mixin.py:149} INFO - [2023-07-04T00:09:09.586+0000] {dagbag.py:541} INFO - Filling up the DagBag from /home/airflow/.local/lib/python3.7/site-packages/airflow/example_dags/example_branch_labels.py
[2023-07-04T00:09:09.609+0000] {processor.py:836} INFO - DAG(s) dict_keys(['example_branch_labels']) retrieved from /home/airflow/.local/lib/python3.7/site-packages/airflow/example_dags/example_branch_labels.py
[2023-07-04T00:09:09.649+0000] {logging_mixin.py:149} INFO - [2023-07-04T00:09:09.649+0000] {dag.py:2726} INFO - Sync 1 DAGs
[2023-07-04T00:09:09.689+0000] {logging_mixin.py:149} INFO - [2023-07-04T00:09:09.688+0000] {dag.py:3490} INFO - Setting next_dagrun for example_branch_labels to 2023-07-03T00:00:00+00:00, run_after=2023-07-04T00:00:00+00:00
[2023-07-04T00:09:09.714+0000] {processor.py:179} INFO - Processing /home/airflow/.local/lib/python3.7/site-packages/airflow/example_dags/example_branch_labels.py took 0.135 seconds
[2023-07-04T00:09:40.247+0000] {processor.py:157} INFO - Started process (PID=348) to work on /home/airflow/.local/lib/python3.7/site-packages/airflow/example_dags/example_branch_labels.py
[2023-07-04T00:09:40.249+0000] {processor.py:826} INFO - Processing file /home/airflow/.local/lib/python3.7/site-packages/airflow/example_dags/example_branch_labels.py for tasks to queue
[2023-07-04T00:09:40.250+0000] {logging_mixin.py:149} INFO - [2023-07-04T00:09:40.250+0000] {dagbag.py:541} INFO - Filling up the DagBag from /home/airflow/.local/lib/python3.7/site-packages/airflow/example_dags/example_branch_labels.py
[2023-07-04T00:09:40.264+0000] {processor.py:836} INFO - DAG(s) dict_keys(['example_branch_labels']) retrieved from /home/airflow/.local/lib/python3.7/site-packages/airflow/example_dags/example_branch_labels.py
[2023-07-04T00:09:40.307+0000] {logging_mixin.py:149} INFO - [2023-07-04T00:09:40.306+0000] {dag.py:2726} INFO - Sync 1 DAGs
[2023-07-04T00:09:40.355+0000] {logging_mixin.py:149} INFO - [2023-07-04T00:09:40.355+0000] {dag.py:3490} INFO - Setting next_dagrun for example_branch_labels to 2023-07-03T00:00:00+00:00, run_after=2023-07-04T00:00:00+00:00
[2023-07-04T00:09:40.387+0000] {processor.py:179} INFO - Processing /home/airflow/.local/lib/python3.7/site-packages/airflow/example_dags/example_branch_labels.py took 0.146 seconds
[2023-07-04T00:10:11.199+0000] {processor.py:157} INFO - Started process (PID=404) to work on /home/airflow/.local/lib/python3.7/site-packages/airflow/example_dags/example_branch_labels.py
[2023-07-04T00:10:11.202+0000] {processor.py:826} INFO - Processing file /home/airflow/.local/lib/python3.7/site-packages/airflow/example_dags/example_branch_labels.py for tasks to queue
[2023-07-04T00:10:11.205+0000] {logging_mixin.py:149} INFO - [2023-07-04T00:10:11.204+0000] {dagbag.py:541} INFO - Filling up the DagBag from /home/airflow/.local/lib/python3.7/site-packages/airflow/example_dags/example_branch_labels.py
[2023-07-04T00:10:11.235+0000] {processor.py:836} INFO - DAG(s) dict_keys(['example_branch_labels']) retrieved from /home/airflow/.local/lib/python3.7/site-packages/airflow/example_dags/example_branch_labels.py
[2023-07-04T00:10:11.321+0000] {logging_mixin.py:149} INFO - [2023-07-04T00:10:11.321+0000] {dag.py:2726} INFO - Sync 1 DAGs
[2023-07-04T00:10:11.429+0000] {logging_mixin.py:149} INFO - [2023-07-04T00:10:11.428+0000] {dag.py:3490} INFO - Setting next_dagrun for example_branch_labels to 2023-07-03T00:00:00+00:00, run_after=2023-07-04T00:00:00+00:00
[2023-07-04T00:10:11.504+0000] {processor.py:179} INFO - Processing /home/airflow/.local/lib/python3.7/site-packages/airflow/example_dags/example_branch_labels.py took 0.318 seconds
[2023-07-04T00:10:41.651+0000] {processor.py:157} INFO - Started process (PID=461) to work on /home/airflow/.local/lib/python3.7/site-packages/airflow/example_dags/example_branch_labels.py
[2023-07-04T00:10:41.652+0000] {processor.py:826} INFO - Processing file /home/airflow/.local/lib/python3.7/site-packages/airflow/example_dags/example_branch_labels.py for tasks to queue
[2023-07-04T00:10:41.653+0000] {logging_mixin.py:149} INFO - [2023-07-04T00:10:41.653+0000] {dagbag.py:541} INFO - Filling up the DagBag from /home/airflow/.local/lib/python3.7/site-packages/airflow/example_dags/example_branch_labels.py
[2023-07-04T00:10:41.676+0000] {processor.py:836} INFO - DAG(s) dict_keys(['example_branch_labels']) retrieved from /home/airflow/.local/lib/python3.7/site-packages/airflow/example_dags/example_branch_labels.py
[2023-07-04T00:10:41.742+0000] {logging_mixin.py:149} INFO - [2023-07-04T00:10:41.742+0000] {dag.py:2726} INFO - Sync 1 DAGs
[2023-07-04T00:10:41.819+0000] {logging_mixin.py:149} INFO - [2023-07-04T00:10:41.818+0000] {dag.py:3490} INFO - Setting next_dagrun for example_branch_labels to 2023-07-03T00:00:00+00:00, run_after=2023-07-04T00:00:00+00:00
[2023-07-04T00:10:41.869+0000] {processor.py:179} INFO - Processing /home/airflow/.local/lib/python3.7/site-packages/airflow/example_dags/example_branch_labels.py took 0.227 seconds
[2023-07-04T00:11:12.740+0000] {processor.py:157} INFO - Started process (PID=518) to work on /home/airflow/.local/lib/python3.7/site-packages/airflow/example_dags/example_branch_labels.py
[2023-07-04T00:11:12.742+0000] {processor.py:826} INFO - Processing file /home/airflow/.local/lib/python3.7/site-packages/airflow/example_dags/example_branch_labels.py for tasks to queue
[2023-07-04T00:11:12.745+0000] {logging_mixin.py:149} INFO - [2023-07-04T00:11:12.744+0000] {dagbag.py:541} INFO - Filling up the DagBag from /home/airflow/.local/lib/python3.7/site-packages/airflow/example_dags/example_branch_labels.py
[2023-07-04T00:11:12.764+0000] {processor.py:836} INFO - DAG(s) dict_keys(['example_branch_labels']) retrieved from /home/airflow/.local/lib/python3.7/site-packages/airflow/example_dags/example_branch_labels.py
[2023-07-04T00:11:12.814+0000] {logging_mixin.py:149} INFO - [2023-07-04T00:11:12.814+0000] {dag.py:2726} INFO - Sync 1 DAGs
[2023-07-04T00:11:12.871+0000] {logging_mixin.py:149} INFO - [2023-07-04T00:11:12.871+0000] {dag.py:3490} INFO - Setting next_dagrun for example_branch_labels to 2023-07-03T00:00:00+00:00, run_after=2023-07-04T00:00:00+00:00
[2023-07-04T00:11:12.905+0000] {processor.py:179} INFO - Processing /home/airflow/.local/lib/python3.7/site-packages/airflow/example_dags/example_branch_labels.py took 0.172 seconds
[2023-07-04T00:11:43.606+0000] {processor.py:157} INFO - Started process (PID=575) to work on /home/airflow/.local/lib/python3.7/site-packages/airflow/example_dags/example_branch_labels.py
[2023-07-04T00:11:43.607+0000] {processor.py:826} INFO - Processing file /home/airflow/.local/lib/python3.7/site-packages/airflow/example_dags/example_branch_labels.py for tasks to queue
[2023-07-04T00:11:43.609+0000] {logging_mixin.py:149} INFO - [2023-07-04T00:11:43.608+0000] {dagbag.py:541} INFO - Filling up the DagBag from /home/airflow/.local/lib/python3.7/site-packages/airflow/example_dags/example_branch_labels.py
[2023-07-04T00:11:43.634+0000] {processor.py:836} INFO - DAG(s) dict_keys(['example_branch_labels']) retrieved from /home/airflow/.local/lib/python3.7/site-packages/airflow/example_dags/example_branch_labels.py
[2023-07-04T00:11:43.702+0000] {logging_mixin.py:149} INFO - [2023-07-04T00:11:43.702+0000] {dag.py:2726} INFO - Sync 1 DAGs
[2023-07-04T00:11:43.805+0000] {logging_mixin.py:149} INFO - [2023-07-04T00:11:43.805+0000] {dag.py:3490} INFO - Setting next_dagrun for example_branch_labels to 2023-07-03T00:00:00+00:00, run_after=2023-07-04T00:00:00+00:00
[2023-07-04T00:11:43.874+0000] {processor.py:179} INFO - Processing /home/airflow/.local/lib/python3.7/site-packages/airflow/example_dags/example_branch_labels.py took 0.276 seconds
[2023-07-04T00:12:14.554+0000] {processor.py:157} INFO - Started process (PID=632) to work on /home/airflow/.local/lib/python3.7/site-packages/airflow/example_dags/example_branch_labels.py
[2023-07-04T00:12:14.558+0000] {processor.py:826} INFO - Processing file /home/airflow/.local/lib/python3.7/site-packages/airflow/example_dags/example_branch_labels.py for tasks to queue
[2023-07-04T00:12:14.560+0000] {logging_mixin.py:149} INFO - [2023-07-04T00:12:14.559+0000] {dagbag.py:541} INFO - Filling up the DagBag from /home/airflow/.local/lib/python3.7/site-packages/airflow/example_dags/example_branch_labels.py
[2023-07-04T00:12:14.585+0000] {processor.py:836} INFO - DAG(s) dict_keys(['example_branch_labels']) retrieved from /home/airflow/.local/lib/python3.7/site-packages/airflow/example_dags/example_branch_labels.py
[2023-07-04T00:12:14.650+0000] {logging_mixin.py:149} INFO - [2023-07-04T00:12:14.650+0000] {dag.py:2726} INFO - Sync 1 DAGs
[2023-07-04T00:12:14.715+0000] {logging_mixin.py:149} INFO - [2023-07-04T00:12:14.714+0000] {dag.py:3490} INFO - Setting next_dagrun for example_branch_labels to 2023-07-03T00:00:00+00:00, run_after=2023-07-04T00:00:00+00:00
[2023-07-04T00:12:14.756+0000] {processor.py:179} INFO - Processing /home/airflow/.local/lib/python3.7/site-packages/airflow/example_dags/example_branch_labels.py took 0.211 seconds
[2023-07-04T00:12:45.327+0000] {processor.py:157} INFO - Started process (PID=689) to work on /home/airflow/.local/lib/python3.7/site-packages/airflow/example_dags/example_branch_labels.py
[2023-07-04T00:12:45.329+0000] {processor.py:826} INFO - Processing file /home/airflow/.local/lib/python3.7/site-packages/airflow/example_dags/example_branch_labels.py for tasks to queue
[2023-07-04T00:12:45.331+0000] {logging_mixin.py:149} INFO - [2023-07-04T00:12:45.331+0000] {dagbag.py:541} INFO - Filling up the DagBag from /home/airflow/.local/lib/python3.7/site-packages/airflow/example_dags/example_branch_labels.py
[2023-07-04T00:12:45.347+0000] {processor.py:836} INFO - DAG(s) dict_keys(['example_branch_labels']) retrieved from /home/airflow/.local/lib/python3.7/site-packages/airflow/example_dags/example_branch_labels.py
[2023-07-04T00:12:45.419+0000] {logging_mixin.py:149} INFO - [2023-07-04T00:12:45.419+0000] {dag.py:2726} INFO - Sync 1 DAGs
[2023-07-04T00:12:45.494+0000] {logging_mixin.py:149} INFO - [2023-07-04T00:12:45.494+0000] {dag.py:3490} INFO - Setting next_dagrun for example_branch_labels to 2023-07-03T00:00:00+00:00, run_after=2023-07-04T00:00:00+00:00
[2023-07-04T00:12:45.534+0000] {processor.py:179} INFO - Processing /home/airflow/.local/lib/python3.7/site-packages/airflow/example_dags/example_branch_labels.py took 0.211 seconds
[2023-07-04T00:13:15.746+0000] {processor.py:157} INFO - Started process (PID=746) to work on /home/airflow/.local/lib/python3.7/site-packages/airflow/example_dags/example_branch_labels.py
[2023-07-04T00:13:15.748+0000] {processor.py:826} INFO - Processing file /home/airflow/.local/lib/python3.7/site-packages/airflow/example_dags/example_branch_labels.py for tasks to queue
[2023-07-04T00:13:15.749+0000] {logging_mixin.py:149} INFO - [2023-07-04T00:13:15.749+0000] {dagbag.py:541} INFO - Filling up the DagBag from /home/airflow/.local/lib/python3.7/site-packages/airflow/example_dags/example_branch_labels.py
[2023-07-04T00:13:15.763+0000] {processor.py:836} INFO - DAG(s) dict_keys(['example_branch_labels']) retrieved from /home/airflow/.local/lib/python3.7/site-packages/airflow/example_dags/example_branch_labels.py
[2023-07-04T00:13:15.821+0000] {logging_mixin.py:149} INFO - [2023-07-04T00:13:15.820+0000] {dag.py:2726} INFO - Sync 1 DAGs
[2023-07-04T00:13:15.880+0000] {logging_mixin.py:149} INFO - [2023-07-04T00:13:15.880+0000] {dag.py:3490} INFO - Setting next_dagrun for example_branch_labels to 2023-07-03T00:00:00+00:00, run_after=2023-07-04T00:00:00+00:00
[2023-07-04T00:13:15.941+0000] {processor.py:179} INFO - Processing /home/airflow/.local/lib/python3.7/site-packages/airflow/example_dags/example_branch_labels.py took 0.206 seconds
[2023-07-04T00:13:46.600+0000] {processor.py:157} INFO - Started process (PID=803) to work on /home/airflow/.local/lib/python3.7/site-packages/airflow/example_dags/example_branch_labels.py
[2023-07-04T00:13:46.602+0000] {processor.py:826} INFO - Processing file /home/airflow/.local/lib/python3.7/site-packages/airflow/example_dags/example_branch_labels.py for tasks to queue
[2023-07-04T00:13:46.605+0000] {logging_mixin.py:149} INFO - [2023-07-04T00:13:46.604+0000] {dagbag.py:541} INFO - Filling up the DagBag from /home/airflow/.local/lib/python3.7/site-packages/airflow/example_dags/example_branch_labels.py
[2023-07-04T00:13:46.635+0000] {processor.py:836} INFO - DAG(s) dict_keys(['example_branch_labels']) retrieved from /home/airflow/.local/lib/python3.7/site-packages/airflow/example_dags/example_branch_labels.py
[2023-07-04T00:13:46.739+0000] {logging_mixin.py:149} INFO - [2023-07-04T00:13:46.738+0000] {dag.py:2726} INFO - Sync 1 DAGs
[2023-07-04T00:13:46.804+0000] {logging_mixin.py:149} INFO - [2023-07-04T00:13:46.804+0000] {dag.py:3490} INFO - Setting next_dagrun for example_branch_labels to 2023-07-03T00:00:00+00:00, run_after=2023-07-04T00:00:00+00:00
[2023-07-04T00:13:46.842+0000] {processor.py:179} INFO - Processing /home/airflow/.local/lib/python3.7/site-packages/airflow/example_dags/example_branch_labels.py took 0.254 seconds
[2023-07-04T00:14:17.421+0000] {processor.py:157} INFO - Started process (PID=860) to work on /home/airflow/.local/lib/python3.7/site-packages/airflow/example_dags/example_branch_labels.py
[2023-07-04T00:14:17.423+0000] {processor.py:826} INFO - Processing file /home/airflow/.local/lib/python3.7/site-packages/airflow/example_dags/example_branch_labels.py for tasks to queue
[2023-07-04T00:14:17.425+0000] {logging_mixin.py:149} INFO - [2023-07-04T00:14:17.424+0000] {dagbag.py:541} INFO - Filling up the DagBag from /home/airflow/.local/lib/python3.7/site-packages/airflow/example_dags/example_branch_labels.py
[2023-07-04T00:14:17.441+0000] {processor.py:836} INFO - DAG(s) dict_keys(['example_branch_labels']) retrieved from /home/airflow/.local/lib/python3.7/site-packages/airflow/example_dags/example_branch_labels.py
[2023-07-04T00:14:17.501+0000] {logging_mixin.py:149} INFO - [2023-07-04T00:14:17.500+0000] {dag.py:2726} INFO - Sync 1 DAGs
[2023-07-04T00:14:17.577+0000] {logging_mixin.py:149} INFO - [2023-07-04T00:14:17.576+0000] {dag.py:3490} INFO - Setting next_dagrun for example_branch_labels to 2023-07-03T00:00:00+00:00, run_after=2023-07-04T00:00:00+00:00
[2023-07-04T00:14:17.623+0000] {processor.py:179} INFO - Processing /home/airflow/.local/lib/python3.7/site-packages/airflow/example_dags/example_branch_labels.py took 0.212 seconds
[2023-07-04T00:14:47.965+0000] {processor.py:157} INFO - Started process (PID=917) to work on /home/airflow/.local/lib/python3.7/site-packages/airflow/example_dags/example_branch_labels.py
[2023-07-04T00:14:47.967+0000] {processor.py:826} INFO - Processing file /home/airflow/.local/lib/python3.7/site-packages/airflow/example_dags/example_branch_labels.py for tasks to queue
[2023-07-04T00:14:47.969+0000] {logging_mixin.py:149} INFO - [2023-07-04T00:14:47.968+0000] {dagbag.py:541} INFO - Filling up the DagBag from /home/airflow/.local/lib/python3.7/site-packages/airflow/example_dags/example_branch_labels.py
[2023-07-04T00:14:47.991+0000] {processor.py:836} INFO - DAG(s) dict_keys(['example_branch_labels']) retrieved from /home/airflow/.local/lib/python3.7/site-packages/airflow/example_dags/example_branch_labels.py
[2023-07-04T00:14:48.044+0000] {logging_mixin.py:149} INFO - [2023-07-04T00:14:48.044+0000] {dag.py:2726} INFO - Sync 1 DAGs
[2023-07-04T00:14:48.103+0000] {logging_mixin.py:149} INFO - [2023-07-04T00:14:48.103+0000] {dag.py:3490} INFO - Setting next_dagrun for example_branch_labels to 2023-07-03T00:00:00+00:00, run_after=2023-07-04T00:00:00+00:00
[2023-07-04T00:14:48.135+0000] {processor.py:179} INFO - Processing /home/airflow/.local/lib/python3.7/site-packages/airflow/example_dags/example_branch_labels.py took 0.183 seconds
[2023-07-04T00:15:19.003+0000] {processor.py:157} INFO - Started process (PID=974) to work on /home/airflow/.local/lib/python3.7/site-packages/airflow/example_dags/example_branch_labels.py
[2023-07-04T00:15:19.004+0000] {processor.py:826} INFO - Processing file /home/airflow/.local/lib/python3.7/site-packages/airflow/example_dags/example_branch_labels.py for tasks to queue
[2023-07-04T00:15:19.006+0000] {logging_mixin.py:149} INFO - [2023-07-04T00:15:19.005+0000] {dagbag.py:541} INFO - Filling up the DagBag from /home/airflow/.local/lib/python3.7/site-packages/airflow/example_dags/example_branch_labels.py
[2023-07-04T00:15:19.025+0000] {processor.py:836} INFO - DAG(s) dict_keys(['example_branch_labels']) retrieved from /home/airflow/.local/lib/python3.7/site-packages/airflow/example_dags/example_branch_labels.py
[2023-07-04T00:15:19.082+0000] {logging_mixin.py:149} INFO - [2023-07-04T00:15:19.081+0000] {dag.py:2726} INFO - Sync 1 DAGs
[2023-07-04T00:15:19.164+0000] {logging_mixin.py:149} INFO - [2023-07-04T00:15:19.164+0000] {dag.py:3490} INFO - Setting next_dagrun for example_branch_labels to 2023-07-03T00:00:00+00:00, run_after=2023-07-04T00:00:00+00:00
[2023-07-04T00:15:19.207+0000] {processor.py:179} INFO - Processing /home/airflow/.local/lib/python3.7/site-packages/airflow/example_dags/example_branch_labels.py took 0.214 seconds
[2023-07-04T00:15:49.754+0000] {processor.py:157} INFO - Started process (PID=1032) to work on /home/airflow/.local/lib/python3.7/site-packages/airflow/example_dags/example_branch_labels.py
[2023-07-04T00:15:49.757+0000] {processor.py:826} INFO - Processing file /home/airflow/.local/lib/python3.7/site-packages/airflow/example_dags/example_branch_labels.py for tasks to queue
[2023-07-04T00:15:49.759+0000] {logging_mixin.py:149} INFO - [2023-07-04T00:15:49.759+0000] {dagbag.py:541} INFO - Filling up the DagBag from /home/airflow/.local/lib/python3.7/site-packages/airflow/example_dags/example_branch_labels.py
[2023-07-04T00:15:49.780+0000] {processor.py:836} INFO - DAG(s) dict_keys(['example_branch_labels']) retrieved from /home/airflow/.local/lib/python3.7/site-packages/airflow/example_dags/example_branch_labels.py
[2023-07-04T00:15:49.861+0000] {logging_mixin.py:149} INFO - [2023-07-04T00:15:49.861+0000] {dag.py:2726} INFO - Sync 1 DAGs
[2023-07-04T00:15:49.925+0000] {logging_mixin.py:149} INFO - [2023-07-04T00:15:49.925+0000] {dag.py:3490} INFO - Setting next_dagrun for example_branch_labels to 2023-07-03T00:00:00+00:00, run_after=2023-07-04T00:00:00+00:00
[2023-07-04T00:15:49.966+0000] {processor.py:179} INFO - Processing /home/airflow/.local/lib/python3.7/site-packages/airflow/example_dags/example_branch_labels.py took 0.222 seconds
[2023-07-04T00:16:20.384+0000] {processor.py:157} INFO - Started process (PID=1088) to work on /home/airflow/.local/lib/python3.7/site-packages/airflow/example_dags/example_branch_labels.py
[2023-07-04T00:16:20.386+0000] {processor.py:826} INFO - Processing file /home/airflow/.local/lib/python3.7/site-packages/airflow/example_dags/example_branch_labels.py for tasks to queue
[2023-07-04T00:16:20.388+0000] {logging_mixin.py:149} INFO - [2023-07-04T00:16:20.388+0000] {dagbag.py:541} INFO - Filling up the DagBag from /home/airflow/.local/lib/python3.7/site-packages/airflow/example_dags/example_branch_labels.py
[2023-07-04T00:16:20.409+0000] {processor.py:836} INFO - DAG(s) dict_keys(['example_branch_labels']) retrieved from /home/airflow/.local/lib/python3.7/site-packages/airflow/example_dags/example_branch_labels.py
[2023-07-04T00:16:20.484+0000] {logging_mixin.py:149} INFO - [2023-07-04T00:16:20.484+0000] {dag.py:2726} INFO - Sync 1 DAGs
[2023-07-04T00:16:20.568+0000] {logging_mixin.py:149} INFO - [2023-07-04T00:16:20.568+0000] {dag.py:3490} INFO - Setting next_dagrun for example_branch_labels to 2023-07-03T00:00:00+00:00, run_after=2023-07-04T00:00:00+00:00
[2023-07-04T00:16:20.623+0000] {processor.py:179} INFO - Processing /home/airflow/.local/lib/python3.7/site-packages/airflow/example_dags/example_branch_labels.py took 0.248 seconds
[2023-07-04T00:16:50.664+0000] {processor.py:157} INFO - Started process (PID=1145) to work on /home/airflow/.local/lib/python3.7/site-packages/airflow/example_dags/example_branch_labels.py
[2023-07-04T00:16:50.666+0000] {processor.py:826} INFO - Processing file /home/airflow/.local/lib/python3.7/site-packages/airflow/example_dags/example_branch_labels.py for tasks to queue
[2023-07-04T00:16:50.667+0000] {logging_mixin.py:149} INFO - [2023-07-04T00:16:50.667+0000] {dagbag.py:541} INFO - Filling up the DagBag from /home/airflow/.local/lib/python3.7/site-packages/airflow/example_dags/example_branch_labels.py
[2023-07-04T00:16:50.684+0000] {processor.py:836} INFO - DAG(s) dict_keys(['example_branch_labels']) retrieved from /home/airflow/.local/lib/python3.7/site-packages/airflow/example_dags/example_branch_labels.py
[2023-07-04T00:16:50.751+0000] {logging_mixin.py:149} INFO - [2023-07-04T00:16:50.751+0000] {dag.py:2726} INFO - Sync 1 DAGs
[2023-07-04T00:16:50.824+0000] {logging_mixin.py:149} INFO - [2023-07-04T00:16:50.824+0000] {dag.py:3490} INFO - Setting next_dagrun for example_branch_labels to 2023-07-03T00:00:00+00:00, run_after=2023-07-04T00:00:00+00:00
[2023-07-04T00:16:50.866+0000] {processor.py:179} INFO - Processing /home/airflow/.local/lib/python3.7/site-packages/airflow/example_dags/example_branch_labels.py took 0.209 seconds
[2023-07-04T00:17:21.696+0000] {processor.py:157} INFO - Started process (PID=1202) to work on /home/airflow/.local/lib/python3.7/site-packages/airflow/example_dags/example_branch_labels.py
[2023-07-04T00:17:21.699+0000] {processor.py:826} INFO - Processing file /home/airflow/.local/lib/python3.7/site-packages/airflow/example_dags/example_branch_labels.py for tasks to queue
[2023-07-04T00:17:21.701+0000] {logging_mixin.py:149} INFO - [2023-07-04T00:17:21.700+0000] {dagbag.py:541} INFO - Filling up the DagBag from /home/airflow/.local/lib/python3.7/site-packages/airflow/example_dags/example_branch_labels.py
[2023-07-04T00:17:21.718+0000] {processor.py:836} INFO - DAG(s) dict_keys(['example_branch_labels']) retrieved from /home/airflow/.local/lib/python3.7/site-packages/airflow/example_dags/example_branch_labels.py
[2023-07-04T00:17:21.772+0000] {logging_mixin.py:149} INFO - [2023-07-04T00:17:21.772+0000] {dag.py:2726} INFO - Sync 1 DAGs
[2023-07-04T00:17:21.832+0000] {logging_mixin.py:149} INFO - [2023-07-04T00:17:21.831+0000] {dag.py:3490} INFO - Setting next_dagrun for example_branch_labels to 2023-07-03T00:00:00+00:00, run_after=2023-07-04T00:00:00+00:00
[2023-07-04T00:17:21.871+0000] {processor.py:179} INFO - Processing /home/airflow/.local/lib/python3.7/site-packages/airflow/example_dags/example_branch_labels.py took 0.181 seconds
[2023-07-04T00:17:52.048+0000] {processor.py:157} INFO - Started process (PID=1259) to work on /home/airflow/.local/lib/python3.7/site-packages/airflow/example_dags/example_branch_labels.py
[2023-07-04T00:17:52.049+0000] {processor.py:826} INFO - Processing file /home/airflow/.local/lib/python3.7/site-packages/airflow/example_dags/example_branch_labels.py for tasks to queue
[2023-07-04T00:17:52.051+0000] {logging_mixin.py:149} INFO - [2023-07-04T00:17:52.050+0000] {dagbag.py:541} INFO - Filling up the DagBag from /home/airflow/.local/lib/python3.7/site-packages/airflow/example_dags/example_branch_labels.py
[2023-07-04T00:17:52.067+0000] {processor.py:836} INFO - DAG(s) dict_keys(['example_branch_labels']) retrieved from /home/airflow/.local/lib/python3.7/site-packages/airflow/example_dags/example_branch_labels.py
[2023-07-04T00:17:52.113+0000] {logging_mixin.py:149} INFO - [2023-07-04T00:17:52.112+0000] {dag.py:2726} INFO - Sync 1 DAGs
[2023-07-04T00:17:52.169+0000] {logging_mixin.py:149} INFO - [2023-07-04T00:17:52.169+0000] {dag.py:3490} INFO - Setting next_dagrun for example_branch_labels to 2023-07-03T00:00:00+00:00, run_after=2023-07-04T00:00:00+00:00
[2023-07-04T00:17:52.203+0000] {processor.py:179} INFO - Processing /home/airflow/.local/lib/python3.7/site-packages/airflow/example_dags/example_branch_labels.py took 0.161 seconds
[2023-07-04T00:18:22.407+0000] {processor.py:157} INFO - Started process (PID=1316) to work on /home/airflow/.local/lib/python3.7/site-packages/airflow/example_dags/example_branch_labels.py
[2023-07-04T00:18:22.408+0000] {processor.py:826} INFO - Processing file /home/airflow/.local/lib/python3.7/site-packages/airflow/example_dags/example_branch_labels.py for tasks to queue
[2023-07-04T00:18:22.410+0000] {logging_mixin.py:149} INFO - [2023-07-04T00:18:22.409+0000] {dagbag.py:541} INFO - Filling up the DagBag from /home/airflow/.local/lib/python3.7/site-packages/airflow/example_dags/example_branch_labels.py
[2023-07-04T00:18:22.426+0000] {processor.py:836} INFO - DAG(s) dict_keys(['example_branch_labels']) retrieved from /home/airflow/.local/lib/python3.7/site-packages/airflow/example_dags/example_branch_labels.py
[2023-07-04T00:18:22.483+0000] {logging_mixin.py:149} INFO - [2023-07-04T00:18:22.483+0000] {dag.py:2726} INFO - Sync 1 DAGs
[2023-07-04T00:18:22.546+0000] {logging_mixin.py:149} INFO - [2023-07-04T00:18:22.546+0000] {dag.py:3490} INFO - Setting next_dagrun for example_branch_labels to 2023-07-03T00:00:00+00:00, run_after=2023-07-04T00:00:00+00:00
[2023-07-04T00:18:22.585+0000] {processor.py:179} INFO - Processing /home/airflow/.local/lib/python3.7/site-packages/airflow/example_dags/example_branch_labels.py took 0.185 seconds
[2023-07-04T00:18:52.989+0000] {processor.py:157} INFO - Started process (PID=1372) to work on /home/airflow/.local/lib/python3.7/site-packages/airflow/example_dags/example_branch_labels.py
[2023-07-04T00:18:52.992+0000] {processor.py:826} INFO - Processing file /home/airflow/.local/lib/python3.7/site-packages/airflow/example_dags/example_branch_labels.py for tasks to queue
[2023-07-04T00:18:52.994+0000] {logging_mixin.py:149} INFO - [2023-07-04T00:18:52.993+0000] {dagbag.py:541} INFO - Filling up the DagBag from /home/airflow/.local/lib/python3.7/site-packages/airflow/example_dags/example_branch_labels.py
[2023-07-04T00:18:53.010+0000] {processor.py:836} INFO - DAG(s) dict_keys(['example_branch_labels']) retrieved from /home/airflow/.local/lib/python3.7/site-packages/airflow/example_dags/example_branch_labels.py
[2023-07-04T00:18:53.062+0000] {logging_mixin.py:149} INFO - [2023-07-04T00:18:53.062+0000] {dag.py:2726} INFO - Sync 1 DAGs
[2023-07-04T00:18:53.141+0000] {logging_mixin.py:149} INFO - [2023-07-04T00:18:53.140+0000] {dag.py:3490} INFO - Setting next_dagrun for example_branch_labels to 2023-07-03T00:00:00+00:00, run_after=2023-07-04T00:00:00+00:00
[2023-07-04T00:18:53.192+0000] {processor.py:179} INFO - Processing /home/airflow/.local/lib/python3.7/site-packages/airflow/example_dags/example_branch_labels.py took 0.211 seconds
[2023-07-04T00:19:23.690+0000] {processor.py:157} INFO - Started process (PID=1430) to work on /home/airflow/.local/lib/python3.7/site-packages/airflow/example_dags/example_branch_labels.py
[2023-07-04T00:19:23.693+0000] {processor.py:826} INFO - Processing file /home/airflow/.local/lib/python3.7/site-packages/airflow/example_dags/example_branch_labels.py for tasks to queue
[2023-07-04T00:19:23.696+0000] {logging_mixin.py:149} INFO - [2023-07-04T00:19:23.695+0000] {dagbag.py:541} INFO - Filling up the DagBag from /home/airflow/.local/lib/python3.7/site-packages/airflow/example_dags/example_branch_labels.py
[2023-07-04T00:19:23.734+0000] {processor.py:836} INFO - DAG(s) dict_keys(['example_branch_labels']) retrieved from /home/airflow/.local/lib/python3.7/site-packages/airflow/example_dags/example_branch_labels.py
[2023-07-04T00:19:23.857+0000] {logging_mixin.py:149} INFO - [2023-07-04T00:19:23.856+0000] {dag.py:2726} INFO - Sync 1 DAGs
[2023-07-04T00:19:24.029+0000] {logging_mixin.py:149} INFO - [2023-07-04T00:19:24.029+0000] {dag.py:3490} INFO - Setting next_dagrun for example_branch_labels to 2023-07-03T00:00:00+00:00, run_after=2023-07-04T00:00:00+00:00
[2023-07-04T00:19:24.166+0000] {processor.py:179} INFO - Processing /home/airflow/.local/lib/python3.7/site-packages/airflow/example_dags/example_branch_labels.py took 0.492 seconds
[2023-07-04T00:19:54.252+0000] {processor.py:157} INFO - Started process (PID=1487) to work on /home/airflow/.local/lib/python3.7/site-packages/airflow/example_dags/example_branch_labels.py
[2023-07-04T00:19:54.254+0000] {processor.py:826} INFO - Processing file /home/airflow/.local/lib/python3.7/site-packages/airflow/example_dags/example_branch_labels.py for tasks to queue
[2023-07-04T00:19:54.257+0000] {logging_mixin.py:149} INFO - [2023-07-04T00:19:54.257+0000] {dagbag.py:541} INFO - Filling up the DagBag from /home/airflow/.local/lib/python3.7/site-packages/airflow/example_dags/example_branch_labels.py
[2023-07-04T00:19:54.271+0000] {processor.py:836} INFO - DAG(s) dict_keys(['example_branch_labels']) retrieved from /home/airflow/.local/lib/python3.7/site-packages/airflow/example_dags/example_branch_labels.py
[2023-07-04T00:19:54.315+0000] {logging_mixin.py:149} INFO - [2023-07-04T00:19:54.314+0000] {dag.py:2726} INFO - Sync 1 DAGs
[2023-07-04T00:19:54.371+0000] {logging_mixin.py:149} INFO - [2023-07-04T00:19:54.370+0000] {dag.py:3490} INFO - Setting next_dagrun for example_branch_labels to 2023-07-03T00:00:00+00:00, run_after=2023-07-04T00:00:00+00:00
[2023-07-04T00:19:54.405+0000] {processor.py:179} INFO - Processing /home/airflow/.local/lib/python3.7/site-packages/airflow/example_dags/example_branch_labels.py took 0.165 seconds
[2023-07-04T00:20:24.671+0000] {processor.py:157} INFO - Started process (PID=1544) to work on /home/airflow/.local/lib/python3.7/site-packages/airflow/example_dags/example_branch_labels.py
[2023-07-04T00:20:24.673+0000] {processor.py:826} INFO - Processing file /home/airflow/.local/lib/python3.7/site-packages/airflow/example_dags/example_branch_labels.py for tasks to queue
[2023-07-04T00:20:24.674+0000] {logging_mixin.py:149} INFO - [2023-07-04T00:20:24.674+0000] {dagbag.py:541} INFO - Filling up the DagBag from /home/airflow/.local/lib/python3.7/site-packages/airflow/example_dags/example_branch_labels.py
[2023-07-04T00:20:24.693+0000] {processor.py:836} INFO - DAG(s) dict_keys(['example_branch_labels']) retrieved from /home/airflow/.local/lib/python3.7/site-packages/airflow/example_dags/example_branch_labels.py
[2023-07-04T00:20:24.745+0000] {logging_mixin.py:149} INFO - [2023-07-04T00:20:24.745+0000] {dag.py:2726} INFO - Sync 1 DAGs
[2023-07-04T00:20:24.794+0000] {logging_mixin.py:149} INFO - [2023-07-04T00:20:24.794+0000] {dag.py:3490} INFO - Setting next_dagrun for example_branch_labels to 2023-07-03T00:00:00+00:00, run_after=2023-07-04T00:00:00+00:00
[2023-07-04T00:20:24.832+0000] {processor.py:179} INFO - Processing /home/airflow/.local/lib/python3.7/site-packages/airflow/example_dags/example_branch_labels.py took 0.169 seconds
[2023-07-04T00:20:55.249+0000] {processor.py:157} INFO - Started process (PID=1601) to work on /home/airflow/.local/lib/python3.7/site-packages/airflow/example_dags/example_branch_labels.py
[2023-07-04T00:20:55.251+0000] {processor.py:826} INFO - Processing file /home/airflow/.local/lib/python3.7/site-packages/airflow/example_dags/example_branch_labels.py for tasks to queue
[2023-07-04T00:20:55.254+0000] {logging_mixin.py:149} INFO - [2023-07-04T00:20:55.253+0000] {dagbag.py:541} INFO - Filling up the DagBag from /home/airflow/.local/lib/python3.7/site-packages/airflow/example_dags/example_branch_labels.py
[2023-07-04T00:20:55.301+0000] {processor.py:836} INFO - DAG(s) dict_keys(['example_branch_labels']) retrieved from /home/airflow/.local/lib/python3.7/site-packages/airflow/example_dags/example_branch_labels.py
[2023-07-04T00:20:55.377+0000] {logging_mixin.py:149} INFO - [2023-07-04T00:20:55.377+0000] {dag.py:2726} INFO - Sync 1 DAGs
[2023-07-04T00:20:55.467+0000] {logging_mixin.py:149} INFO - [2023-07-04T00:20:55.466+0000] {dag.py:3490} INFO - Setting next_dagrun for example_branch_labels to 2023-07-03T00:00:00+00:00, run_after=2023-07-04T00:00:00+00:00
[2023-07-04T00:20:55.527+0000] {processor.py:179} INFO - Processing /home/airflow/.local/lib/python3.7/site-packages/airflow/example_dags/example_branch_labels.py took 0.289 seconds
[2023-07-04T00:21:25.677+0000] {processor.py:157} INFO - Started process (PID=1657) to work on /home/airflow/.local/lib/python3.7/site-packages/airflow/example_dags/example_branch_labels.py
[2023-07-04T00:21:25.679+0000] {processor.py:826} INFO - Processing file /home/airflow/.local/lib/python3.7/site-packages/airflow/example_dags/example_branch_labels.py for tasks to queue
[2023-07-04T00:21:25.681+0000] {logging_mixin.py:149} INFO - [2023-07-04T00:21:25.681+0000] {dagbag.py:541} INFO - Filling up the DagBag from /home/airflow/.local/lib/python3.7/site-packages/airflow/example_dags/example_branch_labels.py
[2023-07-04T00:21:25.707+0000] {processor.py:836} INFO - DAG(s) dict_keys(['example_branch_labels']) retrieved from /home/airflow/.local/lib/python3.7/site-packages/airflow/example_dags/example_branch_labels.py
[2023-07-04T00:21:25.787+0000] {logging_mixin.py:149} INFO - [2023-07-04T00:21:25.787+0000] {dag.py:2726} INFO - Sync 1 DAGs
[2023-07-04T00:21:25.854+0000] {logging_mixin.py:149} INFO - [2023-07-04T00:21:25.854+0000] {dag.py:3490} INFO - Setting next_dagrun for example_branch_labels to 2023-07-03T00:00:00+00:00, run_after=2023-07-04T00:00:00+00:00
[2023-07-04T00:21:25.893+0000] {processor.py:179} INFO - Processing /home/airflow/.local/lib/python3.7/site-packages/airflow/example_dags/example_branch_labels.py took 0.224 seconds
[2023-07-04T00:21:56.149+0000] {processor.py:157} INFO - Started process (PID=1714) to work on /home/airflow/.local/lib/python3.7/site-packages/airflow/example_dags/example_branch_labels.py
[2023-07-04T00:21:56.153+0000] {processor.py:826} INFO - Processing file /home/airflow/.local/lib/python3.7/site-packages/airflow/example_dags/example_branch_labels.py for tasks to queue
[2023-07-04T00:21:56.154+0000] {logging_mixin.py:149} INFO - [2023-07-04T00:21:56.154+0000] {dagbag.py:541} INFO - Filling up the DagBag from /home/airflow/.local/lib/python3.7/site-packages/airflow/example_dags/example_branch_labels.py
[2023-07-04T00:21:56.174+0000] {processor.py:836} INFO - DAG(s) dict_keys(['example_branch_labels']) retrieved from /home/airflow/.local/lib/python3.7/site-packages/airflow/example_dags/example_branch_labels.py
[2023-07-04T00:21:56.234+0000] {logging_mixin.py:149} INFO - [2023-07-04T00:21:56.234+0000] {dag.py:2726} INFO - Sync 1 DAGs
[2023-07-04T00:21:56.307+0000] {logging_mixin.py:149} INFO - [2023-07-04T00:21:56.307+0000] {dag.py:3490} INFO - Setting next_dagrun for example_branch_labels to 2023-07-03T00:00:00+00:00, run_after=2023-07-04T00:00:00+00:00
[2023-07-04T00:21:56.358+0000] {processor.py:179} INFO - Processing /home/airflow/.local/lib/python3.7/site-packages/airflow/example_dags/example_branch_labels.py took 0.215 seconds
[2023-07-04T00:22:26.450+0000] {processor.py:157} INFO - Started process (PID=1771) to work on /home/airflow/.local/lib/python3.7/site-packages/airflow/example_dags/example_branch_labels.py
[2023-07-04T00:22:26.452+0000] {processor.py:826} INFO - Processing file /home/airflow/.local/lib/python3.7/site-packages/airflow/example_dags/example_branch_labels.py for tasks to queue
[2023-07-04T00:22:26.453+0000] {logging_mixin.py:149} INFO - [2023-07-04T00:22:26.452+0000] {dagbag.py:541} INFO - Filling up the DagBag from /home/airflow/.local/lib/python3.7/site-packages/airflow/example_dags/example_branch_labels.py
[2023-07-04T00:22:26.473+0000] {processor.py:836} INFO - DAG(s) dict_keys(['example_branch_labels']) retrieved from /home/airflow/.local/lib/python3.7/site-packages/airflow/example_dags/example_branch_labels.py
[2023-07-04T00:22:26.528+0000] {logging_mixin.py:149} INFO - [2023-07-04T00:22:26.527+0000] {dag.py:2726} INFO - Sync 1 DAGs
[2023-07-04T00:22:26.591+0000] {logging_mixin.py:149} INFO - [2023-07-04T00:22:26.591+0000] {dag.py:3490} INFO - Setting next_dagrun for example_branch_labels to 2023-07-03T00:00:00+00:00, run_after=2023-07-04T00:00:00+00:00
[2023-07-04T00:22:26.637+0000] {processor.py:179} INFO - Processing /home/airflow/.local/lib/python3.7/site-packages/airflow/example_dags/example_branch_labels.py took 0.193 seconds
[2023-07-04T00:22:57.050+0000] {processor.py:157} INFO - Started process (PID=1828) to work on /home/airflow/.local/lib/python3.7/site-packages/airflow/example_dags/example_branch_labels.py
[2023-07-04T00:22:57.052+0000] {processor.py:826} INFO - Processing file /home/airflow/.local/lib/python3.7/site-packages/airflow/example_dags/example_branch_labels.py for tasks to queue
[2023-07-04T00:22:57.053+0000] {logging_mixin.py:149} INFO - [2023-07-04T00:22:57.053+0000] {dagbag.py:541} INFO - Filling up the DagBag from /home/airflow/.local/lib/python3.7/site-packages/airflow/example_dags/example_branch_labels.py
[2023-07-04T00:22:57.066+0000] {processor.py:836} INFO - DAG(s) dict_keys(['example_branch_labels']) retrieved from /home/airflow/.local/lib/python3.7/site-packages/airflow/example_dags/example_branch_labels.py
[2023-07-04T00:22:57.113+0000] {logging_mixin.py:149} INFO - [2023-07-04T00:22:57.113+0000] {dag.py:2726} INFO - Sync 1 DAGs
[2023-07-04T00:22:57.162+0000] {logging_mixin.py:149} INFO - [2023-07-04T00:22:57.162+0000] {dag.py:3490} INFO - Setting next_dagrun for example_branch_labels to 2023-07-03T00:00:00+00:00, run_after=2023-07-04T00:00:00+00:00
[2023-07-04T00:22:57.198+0000] {processor.py:179} INFO - Processing /home/airflow/.local/lib/python3.7/site-packages/airflow/example_dags/example_branch_labels.py took 0.154 seconds
[2023-07-04T00:23:27.851+0000] {processor.py:157} INFO - Started process (PID=1885) to work on /home/airflow/.local/lib/python3.7/site-packages/airflow/example_dags/example_branch_labels.py
[2023-07-04T00:23:27.854+0000] {processor.py:826} INFO - Processing file /home/airflow/.local/lib/python3.7/site-packages/airflow/example_dags/example_branch_labels.py for tasks to queue
[2023-07-04T00:23:27.855+0000] {logging_mixin.py:149} INFO - [2023-07-04T00:23:27.855+0000] {dagbag.py:541} INFO - Filling up the DagBag from /home/airflow/.local/lib/python3.7/site-packages/airflow/example_dags/example_branch_labels.py
[2023-07-04T00:23:27.877+0000] {processor.py:836} INFO - DAG(s) dict_keys(['example_branch_labels']) retrieved from /home/airflow/.local/lib/python3.7/site-packages/airflow/example_dags/example_branch_labels.py
[2023-07-04T00:23:27.935+0000] {logging_mixin.py:149} INFO - [2023-07-04T00:23:27.934+0000] {dag.py:2726} INFO - Sync 1 DAGs
[2023-07-04T00:23:27.999+0000] {logging_mixin.py:149} INFO - [2023-07-04T00:23:27.999+0000] {dag.py:3490} INFO - Setting next_dagrun for example_branch_labels to 2023-07-03T00:00:00+00:00, run_after=2023-07-04T00:00:00+00:00
[2023-07-04T00:23:28.041+0000] {processor.py:179} INFO - Processing /home/airflow/.local/lib/python3.7/site-packages/airflow/example_dags/example_branch_labels.py took 0.198 seconds
[2023-07-04T00:23:58.153+0000] {processor.py:157} INFO - Started process (PID=1942) to work on /home/airflow/.local/lib/python3.7/site-packages/airflow/example_dags/example_branch_labels.py
[2023-07-04T00:23:58.155+0000] {processor.py:826} INFO - Processing file /home/airflow/.local/lib/python3.7/site-packages/airflow/example_dags/example_branch_labels.py for tasks to queue
[2023-07-04T00:23:58.157+0000] {logging_mixin.py:149} INFO - [2023-07-04T00:23:58.157+0000] {dagbag.py:541} INFO - Filling up the DagBag from /home/airflow/.local/lib/python3.7/site-packages/airflow/example_dags/example_branch_labels.py
[2023-07-04T00:23:58.176+0000] {processor.py:836} INFO - DAG(s) dict_keys(['example_branch_labels']) retrieved from /home/airflow/.local/lib/python3.7/site-packages/airflow/example_dags/example_branch_labels.py
[2023-07-04T00:23:58.225+0000] {logging_mixin.py:149} INFO - [2023-07-04T00:23:58.225+0000] {dag.py:2726} INFO - Sync 1 DAGs
[2023-07-04T00:23:58.272+0000] {logging_mixin.py:149} INFO - [2023-07-04T00:23:58.272+0000] {dag.py:3490} INFO - Setting next_dagrun for example_branch_labels to 2023-07-03T00:00:00+00:00, run_after=2023-07-04T00:00:00+00:00
[2023-07-04T00:23:58.304+0000] {processor.py:179} INFO - Processing /home/airflow/.local/lib/python3.7/site-packages/airflow/example_dags/example_branch_labels.py took 0.160 seconds
[2023-07-04T00:24:28.798+0000] {processor.py:157} INFO - Started process (PID=1999) to work on /home/airflow/.local/lib/python3.7/site-packages/airflow/example_dags/example_branch_labels.py
[2023-07-04T00:24:28.801+0000] {processor.py:826} INFO - Processing file /home/airflow/.local/lib/python3.7/site-packages/airflow/example_dags/example_branch_labels.py for tasks to queue
[2023-07-04T00:24:28.803+0000] {logging_mixin.py:149} INFO - [2023-07-04T00:24:28.802+0000] {dagbag.py:541} INFO - Filling up the DagBag from /home/airflow/.local/lib/python3.7/site-packages/airflow/example_dags/example_branch_labels.py
[2023-07-04T00:24:28.829+0000] {processor.py:836} INFO - DAG(s) dict_keys(['example_branch_labels']) retrieved from /home/airflow/.local/lib/python3.7/site-packages/airflow/example_dags/example_branch_labels.py
[2023-07-04T00:24:28.908+0000] {logging_mixin.py:149} INFO - [2023-07-04T00:24:28.907+0000] {dag.py:2726} INFO - Sync 1 DAGs
[2023-07-04T00:24:28.994+0000] {logging_mixin.py:149} INFO - [2023-07-04T00:24:28.993+0000] {dag.py:3490} INFO - Setting next_dagrun for example_branch_labels to 2023-07-03T00:00:00+00:00, run_after=2023-07-04T00:00:00+00:00
[2023-07-04T00:24:29.047+0000] {processor.py:179} INFO - Processing /home/airflow/.local/lib/python3.7/site-packages/airflow/example_dags/example_branch_labels.py took 0.261 seconds
[2023-07-04T00:24:59.384+0000] {processor.py:157} INFO - Started process (PID=2056) to work on /home/airflow/.local/lib/python3.7/site-packages/airflow/example_dags/example_branch_labels.py
[2023-07-04T00:24:59.387+0000] {processor.py:826} INFO - Processing file /home/airflow/.local/lib/python3.7/site-packages/airflow/example_dags/example_branch_labels.py for tasks to queue
[2023-07-04T00:24:59.390+0000] {logging_mixin.py:149} INFO - [2023-07-04T00:24:59.389+0000] {dagbag.py:541} INFO - Filling up the DagBag from /home/airflow/.local/lib/python3.7/site-packages/airflow/example_dags/example_branch_labels.py
[2023-07-04T00:24:59.408+0000] {processor.py:836} INFO - DAG(s) dict_keys(['example_branch_labels']) retrieved from /home/airflow/.local/lib/python3.7/site-packages/airflow/example_dags/example_branch_labels.py
[2023-07-04T00:24:59.460+0000] {logging_mixin.py:149} INFO - [2023-07-04T00:24:59.460+0000] {dag.py:2726} INFO - Sync 1 DAGs
[2023-07-04T00:24:59.514+0000] {logging_mixin.py:149} INFO - [2023-07-04T00:24:59.514+0000] {dag.py:3490} INFO - Setting next_dagrun for example_branch_labels to 2023-07-03T00:00:00+00:00, run_after=2023-07-04T00:00:00+00:00
[2023-07-04T00:24:59.557+0000] {processor.py:179} INFO - Processing /home/airflow/.local/lib/python3.7/site-packages/airflow/example_dags/example_branch_labels.py took 0.180 seconds
[2023-07-04T00:25:30.314+0000] {processor.py:157} INFO - Started process (PID=2114) to work on /home/airflow/.local/lib/python3.7/site-packages/airflow/example_dags/example_branch_labels.py
[2023-07-04T00:25:30.316+0000] {processor.py:826} INFO - Processing file /home/airflow/.local/lib/python3.7/site-packages/airflow/example_dags/example_branch_labels.py for tasks to queue
[2023-07-04T00:25:30.317+0000] {logging_mixin.py:149} INFO - [2023-07-04T00:25:30.317+0000] {dagbag.py:541} INFO - Filling up the DagBag from /home/airflow/.local/lib/python3.7/site-packages/airflow/example_dags/example_branch_labels.py
[2023-07-04T00:25:30.336+0000] {processor.py:836} INFO - DAG(s) dict_keys(['example_branch_labels']) retrieved from /home/airflow/.local/lib/python3.7/site-packages/airflow/example_dags/example_branch_labels.py
[2023-07-04T00:25:30.394+0000] {logging_mixin.py:149} INFO - [2023-07-04T00:25:30.393+0000] {dag.py:2726} INFO - Sync 1 DAGs
[2023-07-04T00:25:30.463+0000] {logging_mixin.py:149} INFO - [2023-07-04T00:25:30.463+0000] {dag.py:3490} INFO - Setting next_dagrun for example_branch_labels to 2023-07-03T00:00:00+00:00, run_after=2023-07-04T00:00:00+00:00
[2023-07-04T00:25:30.497+0000] {processor.py:179} INFO - Processing /home/airflow/.local/lib/python3.7/site-packages/airflow/example_dags/example_branch_labels.py took 0.190 seconds
[2023-07-04T00:26:01.504+0000] {processor.py:157} INFO - Started process (PID=2171) to work on /home/airflow/.local/lib/python3.7/site-packages/airflow/example_dags/example_branch_labels.py
[2023-07-04T00:26:01.507+0000] {processor.py:826} INFO - Processing file /home/airflow/.local/lib/python3.7/site-packages/airflow/example_dags/example_branch_labels.py for tasks to queue
[2023-07-04T00:26:01.509+0000] {logging_mixin.py:149} INFO - [2023-07-04T00:26:01.509+0000] {dagbag.py:541} INFO - Filling up the DagBag from /home/airflow/.local/lib/python3.7/site-packages/airflow/example_dags/example_branch_labels.py
[2023-07-04T00:26:01.530+0000] {processor.py:836} INFO - DAG(s) dict_keys(['example_branch_labels']) retrieved from /home/airflow/.local/lib/python3.7/site-packages/airflow/example_dags/example_branch_labels.py
[2023-07-04T00:26:01.592+0000] {logging_mixin.py:149} INFO - [2023-07-04T00:26:01.592+0000] {dag.py:2726} INFO - Sync 1 DAGs
[2023-07-04T00:26:01.672+0000] {logging_mixin.py:149} INFO - [2023-07-04T00:26:01.671+0000] {dag.py:3490} INFO - Setting next_dagrun for example_branch_labels to 2023-07-03T00:00:00+00:00, run_after=2023-07-04T00:00:00+00:00
[2023-07-04T00:26:01.726+0000] {processor.py:179} INFO - Processing /home/airflow/.local/lib/python3.7/site-packages/airflow/example_dags/example_branch_labels.py took 0.230 seconds
[2023-07-04T00:26:31.791+0000] {processor.py:157} INFO - Started process (PID=2228) to work on /home/airflow/.local/lib/python3.7/site-packages/airflow/example_dags/example_branch_labels.py
[2023-07-04T00:26:31.793+0000] {processor.py:826} INFO - Processing file /home/airflow/.local/lib/python3.7/site-packages/airflow/example_dags/example_branch_labels.py for tasks to queue
[2023-07-04T00:26:31.794+0000] {logging_mixin.py:149} INFO - [2023-07-04T00:26:31.793+0000] {dagbag.py:541} INFO - Filling up the DagBag from /home/airflow/.local/lib/python3.7/site-packages/airflow/example_dags/example_branch_labels.py
[2023-07-04T00:26:31.806+0000] {processor.py:836} INFO - DAG(s) dict_keys(['example_branch_labels']) retrieved from /home/airflow/.local/lib/python3.7/site-packages/airflow/example_dags/example_branch_labels.py
[2023-07-04T00:26:31.849+0000] {logging_mixin.py:149} INFO - [2023-07-04T00:26:31.849+0000] {dag.py:2726} INFO - Sync 1 DAGs
[2023-07-04T00:26:31.894+0000] {logging_mixin.py:149} INFO - [2023-07-04T00:26:31.894+0000] {dag.py:3490} INFO - Setting next_dagrun for example_branch_labels to 2023-07-03T00:00:00+00:00, run_after=2023-07-04T00:00:00+00:00
[2023-07-04T00:26:31.925+0000] {processor.py:179} INFO - Processing /home/airflow/.local/lib/python3.7/site-packages/airflow/example_dags/example_branch_labels.py took 0.139 seconds
[2023-07-04T00:27:02.142+0000] {processor.py:157} INFO - Started process (PID=2285) to work on /home/airflow/.local/lib/python3.7/site-packages/airflow/example_dags/example_branch_labels.py
[2023-07-04T00:27:02.144+0000] {processor.py:826} INFO - Processing file /home/airflow/.local/lib/python3.7/site-packages/airflow/example_dags/example_branch_labels.py for tasks to queue
[2023-07-04T00:27:02.146+0000] {logging_mixin.py:149} INFO - [2023-07-04T00:27:02.146+0000] {dagbag.py:541} INFO - Filling up the DagBag from /home/airflow/.local/lib/python3.7/site-packages/airflow/example_dags/example_branch_labels.py
[2023-07-04T00:27:02.161+0000] {processor.py:836} INFO - DAG(s) dict_keys(['example_branch_labels']) retrieved from /home/airflow/.local/lib/python3.7/site-packages/airflow/example_dags/example_branch_labels.py
[2023-07-04T00:27:02.217+0000] {logging_mixin.py:149} INFO - [2023-07-04T00:27:02.217+0000] {dag.py:2726} INFO - Sync 1 DAGs
[2023-07-04T00:27:02.282+0000] {logging_mixin.py:149} INFO - [2023-07-04T00:27:02.282+0000] {dag.py:3490} INFO - Setting next_dagrun for example_branch_labels to 2023-07-03T00:00:00+00:00, run_after=2023-07-04T00:00:00+00:00
[2023-07-04T00:27:02.328+0000] {processor.py:179} INFO - Processing /home/airflow/.local/lib/python3.7/site-packages/airflow/example_dags/example_branch_labels.py took 0.194 seconds
[2023-07-04T00:27:32.421+0000] {processor.py:157} INFO - Started process (PID=2342) to work on /home/airflow/.local/lib/python3.7/site-packages/airflow/example_dags/example_branch_labels.py
[2023-07-04T00:27:32.423+0000] {processor.py:826} INFO - Processing file /home/airflow/.local/lib/python3.7/site-packages/airflow/example_dags/example_branch_labels.py for tasks to queue
[2023-07-04T00:27:32.425+0000] {logging_mixin.py:149} INFO - [2023-07-04T00:27:32.424+0000] {dagbag.py:541} INFO - Filling up the DagBag from /home/airflow/.local/lib/python3.7/site-packages/airflow/example_dags/example_branch_labels.py
[2023-07-04T00:27:32.441+0000] {processor.py:836} INFO - DAG(s) dict_keys(['example_branch_labels']) retrieved from /home/airflow/.local/lib/python3.7/site-packages/airflow/example_dags/example_branch_labels.py
[2023-07-04T00:27:32.494+0000] {logging_mixin.py:149} INFO - [2023-07-04T00:27:32.494+0000] {dag.py:2726} INFO - Sync 1 DAGs
[2023-07-04T00:27:32.550+0000] {logging_mixin.py:149} INFO - [2023-07-04T00:27:32.550+0000] {dag.py:3490} INFO - Setting next_dagrun for example_branch_labels to 2023-07-03T00:00:00+00:00, run_after=2023-07-04T00:00:00+00:00
[2023-07-04T00:27:32.590+0000] {processor.py:179} INFO - Processing /home/airflow/.local/lib/python3.7/site-packages/airflow/example_dags/example_branch_labels.py took 0.176 seconds
[2023-07-04T00:28:03.514+0000] {processor.py:157} INFO - Started process (PID=2399) to work on /home/airflow/.local/lib/python3.7/site-packages/airflow/example_dags/example_branch_labels.py
[2023-07-04T00:28:03.517+0000] {processor.py:826} INFO - Processing file /home/airflow/.local/lib/python3.7/site-packages/airflow/example_dags/example_branch_labels.py for tasks to queue
[2023-07-04T00:28:03.521+0000] {logging_mixin.py:149} INFO - [2023-07-04T00:28:03.520+0000] {dagbag.py:541} INFO - Filling up the DagBag from /home/airflow/.local/lib/python3.7/site-packages/airflow/example_dags/example_branch_labels.py
[2023-07-04T00:28:03.553+0000] {processor.py:836} INFO - DAG(s) dict_keys(['example_branch_labels']) retrieved from /home/airflow/.local/lib/python3.7/site-packages/airflow/example_dags/example_branch_labels.py
[2023-07-04T00:28:03.654+0000] {logging_mixin.py:149} INFO - [2023-07-04T00:28:03.654+0000] {dag.py:2726} INFO - Sync 1 DAGs
[2023-07-04T00:28:03.760+0000] {logging_mixin.py:149} INFO - [2023-07-04T00:28:03.760+0000] {dag.py:3490} INFO - Setting next_dagrun for example_branch_labels to 2023-07-03T00:00:00+00:00, run_after=2023-07-04T00:00:00+00:00
[2023-07-04T00:28:03.811+0000] {processor.py:179} INFO - Processing /home/airflow/.local/lib/python3.7/site-packages/airflow/example_dags/example_branch_labels.py took 0.310 seconds
[2023-07-04T00:28:34.967+0000] {processor.py:157} INFO - Started process (PID=2456) to work on /home/airflow/.local/lib/python3.7/site-packages/airflow/example_dags/example_branch_labels.py
[2023-07-04T00:28:34.969+0000] {processor.py:826} INFO - Processing file /home/airflow/.local/lib/python3.7/site-packages/airflow/example_dags/example_branch_labels.py for tasks to queue
[2023-07-04T00:28:34.971+0000] {logging_mixin.py:149} INFO - [2023-07-04T00:28:34.971+0000] {dagbag.py:541} INFO - Filling up the DagBag from /home/airflow/.local/lib/python3.7/site-packages/airflow/example_dags/example_branch_labels.py
[2023-07-04T00:28:34.997+0000] {processor.py:836} INFO - DAG(s) dict_keys(['example_branch_labels']) retrieved from /home/airflow/.local/lib/python3.7/site-packages/airflow/example_dags/example_branch_labels.py
[2023-07-04T00:28:35.064+0000] {logging_mixin.py:149} INFO - [2023-07-04T00:28:35.064+0000] {dag.py:2726} INFO - Sync 1 DAGs
[2023-07-04T00:28:35.128+0000] {logging_mixin.py:149} INFO - [2023-07-04T00:28:35.128+0000] {dag.py:3490} INFO - Setting next_dagrun for example_branch_labels to 2023-07-03T00:00:00+00:00, run_after=2023-07-04T00:00:00+00:00
[2023-07-04T00:28:35.178+0000] {processor.py:179} INFO - Processing /home/airflow/.local/lib/python3.7/site-packages/airflow/example_dags/example_branch_labels.py took 0.220 seconds
[2023-07-04T00:29:05.611+0000] {processor.py:157} INFO - Started process (PID=2508) to work on /home/airflow/.local/lib/python3.7/site-packages/airflow/example_dags/example_branch_labels.py
[2023-07-04T00:29:05.613+0000] {processor.py:826} INFO - Processing file /home/airflow/.local/lib/python3.7/site-packages/airflow/example_dags/example_branch_labels.py for tasks to queue
[2023-07-04T00:29:05.616+0000] {logging_mixin.py:149} INFO - [2023-07-04T00:29:05.615+0000] {dagbag.py:541} INFO - Filling up the DagBag from /home/airflow/.local/lib/python3.7/site-packages/airflow/example_dags/example_branch_labels.py
[2023-07-04T00:29:05.642+0000] {processor.py:836} INFO - DAG(s) dict_keys(['example_branch_labels']) retrieved from /home/airflow/.local/lib/python3.7/site-packages/airflow/example_dags/example_branch_labels.py
[2023-07-04T00:29:05.715+0000] {logging_mixin.py:149} INFO - [2023-07-04T00:29:05.714+0000] {dag.py:2726} INFO - Sync 1 DAGs
[2023-07-04T00:29:05.785+0000] {logging_mixin.py:149} INFO - [2023-07-04T00:29:05.785+0000] {dag.py:3490} INFO - Setting next_dagrun for example_branch_labels to 2023-07-03T00:00:00+00:00, run_after=2023-07-04T00:00:00+00:00
[2023-07-04T00:29:05.837+0000] {processor.py:179} INFO - Processing /home/airflow/.local/lib/python3.7/site-packages/airflow/example_dags/example_branch_labels.py took 0.233 seconds
[2023-07-04T00:29:36.825+0000] {processor.py:157} INFO - Started process (PID=2565) to work on /home/airflow/.local/lib/python3.7/site-packages/airflow/example_dags/example_branch_labels.py
[2023-07-04T00:29:36.826+0000] {processor.py:826} INFO - Processing file /home/airflow/.local/lib/python3.7/site-packages/airflow/example_dags/example_branch_labels.py for tasks to queue
[2023-07-04T00:29:36.827+0000] {logging_mixin.py:149} INFO - [2023-07-04T00:29:36.827+0000] {dagbag.py:541} INFO - Filling up the DagBag from /home/airflow/.local/lib/python3.7/site-packages/airflow/example_dags/example_branch_labels.py
[2023-07-04T00:29:36.840+0000] {processor.py:836} INFO - DAG(s) dict_keys(['example_branch_labels']) retrieved from /home/airflow/.local/lib/python3.7/site-packages/airflow/example_dags/example_branch_labels.py
[2023-07-04T00:29:36.880+0000] {logging_mixin.py:149} INFO - [2023-07-04T00:29:36.880+0000] {dag.py:2726} INFO - Sync 1 DAGs
[2023-07-04T00:29:36.925+0000] {logging_mixin.py:149} INFO - [2023-07-04T00:29:36.925+0000] {dag.py:3490} INFO - Setting next_dagrun for example_branch_labels to 2023-07-03T00:00:00+00:00, run_after=2023-07-04T00:00:00+00:00
[2023-07-04T00:29:36.953+0000] {processor.py:179} INFO - Processing /home/airflow/.local/lib/python3.7/site-packages/airflow/example_dags/example_branch_labels.py took 0.133 seconds
[2023-07-04T00:30:07.599+0000] {processor.py:157} INFO - Started process (PID=2622) to work on /home/airflow/.local/lib/python3.7/site-packages/airflow/example_dags/example_branch_labels.py
[2023-07-04T00:30:07.600+0000] {processor.py:826} INFO - Processing file /home/airflow/.local/lib/python3.7/site-packages/airflow/example_dags/example_branch_labels.py for tasks to queue
[2023-07-04T00:30:07.602+0000] {logging_mixin.py:149} INFO - [2023-07-04T00:30:07.602+0000] {dagbag.py:541} INFO - Filling up the DagBag from /home/airflow/.local/lib/python3.7/site-packages/airflow/example_dags/example_branch_labels.py
[2023-07-04T00:30:07.618+0000] {processor.py:836} INFO - DAG(s) dict_keys(['example_branch_labels']) retrieved from /home/airflow/.local/lib/python3.7/site-packages/airflow/example_dags/example_branch_labels.py
[2023-07-04T00:30:07.682+0000] {logging_mixin.py:149} INFO - [2023-07-04T00:30:07.682+0000] {dag.py:2726} INFO - Sync 1 DAGs
[2023-07-04T00:30:07.745+0000] {logging_mixin.py:149} INFO - [2023-07-04T00:30:07.744+0000] {dag.py:3490} INFO - Setting next_dagrun for example_branch_labels to 2023-07-03T00:00:00+00:00, run_after=2023-07-04T00:00:00+00:00
[2023-07-04T00:30:07.782+0000] {processor.py:179} INFO - Processing /home/airflow/.local/lib/python3.7/site-packages/airflow/example_dags/example_branch_labels.py took 0.190 seconds
[2023-07-04T00:30:37.909+0000] {processor.py:157} INFO - Started process (PID=2679) to work on /home/airflow/.local/lib/python3.7/site-packages/airflow/example_dags/example_branch_labels.py
[2023-07-04T00:30:37.911+0000] {processor.py:826} INFO - Processing file /home/airflow/.local/lib/python3.7/site-packages/airflow/example_dags/example_branch_labels.py for tasks to queue
[2023-07-04T00:30:37.913+0000] {logging_mixin.py:149} INFO - [2023-07-04T00:30:37.912+0000] {dagbag.py:541} INFO - Filling up the DagBag from /home/airflow/.local/lib/python3.7/site-packages/airflow/example_dags/example_branch_labels.py
[2023-07-04T00:30:37.928+0000] {processor.py:836} INFO - DAG(s) dict_keys(['example_branch_labels']) retrieved from /home/airflow/.local/lib/python3.7/site-packages/airflow/example_dags/example_branch_labels.py
[2023-07-04T00:30:37.982+0000] {logging_mixin.py:149} INFO - [2023-07-04T00:30:37.981+0000] {dag.py:2726} INFO - Sync 1 DAGs
[2023-07-04T00:30:38.038+0000] {logging_mixin.py:149} INFO - [2023-07-04T00:30:38.038+0000] {dag.py:3490} INFO - Setting next_dagrun for example_branch_labels to 2023-07-03T00:00:00+00:00, run_after=2023-07-04T00:00:00+00:00
[2023-07-04T00:30:38.072+0000] {processor.py:179} INFO - Processing /home/airflow/.local/lib/python3.7/site-packages/airflow/example_dags/example_branch_labels.py took 0.169 seconds
[2023-07-04T00:31:08.319+0000] {processor.py:157} INFO - Started process (PID=2735) to work on /home/airflow/.local/lib/python3.7/site-packages/airflow/example_dags/example_branch_labels.py
[2023-07-04T00:31:08.320+0000] {processor.py:826} INFO - Processing file /home/airflow/.local/lib/python3.7/site-packages/airflow/example_dags/example_branch_labels.py for tasks to queue
[2023-07-04T00:31:08.322+0000] {logging_mixin.py:149} INFO - [2023-07-04T00:31:08.321+0000] {dagbag.py:541} INFO - Filling up the DagBag from /home/airflow/.local/lib/python3.7/site-packages/airflow/example_dags/example_branch_labels.py
[2023-07-04T00:31:08.336+0000] {processor.py:836} INFO - DAG(s) dict_keys(['example_branch_labels']) retrieved from /home/airflow/.local/lib/python3.7/site-packages/airflow/example_dags/example_branch_labels.py
[2023-07-04T00:31:08.383+0000] {logging_mixin.py:149} INFO - [2023-07-04T00:31:08.383+0000] {dag.py:2726} INFO - Sync 1 DAGs
[2023-07-04T00:31:08.432+0000] {logging_mixin.py:149} INFO - [2023-07-04T00:31:08.432+0000] {dag.py:3490} INFO - Setting next_dagrun for example_branch_labels to 2023-07-03T00:00:00+00:00, run_after=2023-07-04T00:00:00+00:00
[2023-07-04T00:31:08.469+0000] {processor.py:179} INFO - Processing /home/airflow/.local/lib/python3.7/site-packages/airflow/example_dags/example_branch_labels.py took 0.155 seconds
[2023-07-04T00:31:38.853+0000] {processor.py:157} INFO - Started process (PID=2792) to work on /home/airflow/.local/lib/python3.7/site-packages/airflow/example_dags/example_branch_labels.py
[2023-07-04T00:31:38.855+0000] {processor.py:826} INFO - Processing file /home/airflow/.local/lib/python3.7/site-packages/airflow/example_dags/example_branch_labels.py for tasks to queue
[2023-07-04T00:31:38.857+0000] {logging_mixin.py:149} INFO - [2023-07-04T00:31:38.857+0000] {dagbag.py:541} INFO - Filling up the DagBag from /home/airflow/.local/lib/python3.7/site-packages/airflow/example_dags/example_branch_labels.py
[2023-07-04T00:31:38.880+0000] {processor.py:836} INFO - DAG(s) dict_keys(['example_branch_labels']) retrieved from /home/airflow/.local/lib/python3.7/site-packages/airflow/example_dags/example_branch_labels.py
[2023-07-04T00:31:38.931+0000] {logging_mixin.py:149} INFO - [2023-07-04T00:31:38.930+0000] {dag.py:2726} INFO - Sync 1 DAGs
[2023-07-04T00:31:38.987+0000] {logging_mixin.py:149} INFO - [2023-07-04T00:31:38.987+0000] {dag.py:3490} INFO - Setting next_dagrun for example_branch_labels to 2023-07-03T00:00:00+00:00, run_after=2023-07-04T00:00:00+00:00
[2023-07-04T00:31:39.041+0000] {processor.py:179} INFO - Processing /home/airflow/.local/lib/python3.7/site-packages/airflow/example_dags/example_branch_labels.py took 0.198 seconds
[2023-07-04T00:32:09.776+0000] {processor.py:157} INFO - Started process (PID=2849) to work on /home/airflow/.local/lib/python3.7/site-packages/airflow/example_dags/example_branch_labels.py
[2023-07-04T00:32:09.777+0000] {processor.py:826} INFO - Processing file /home/airflow/.local/lib/python3.7/site-packages/airflow/example_dags/example_branch_labels.py for tasks to queue
[2023-07-04T00:32:09.779+0000] {logging_mixin.py:149} INFO - [2023-07-04T00:32:09.779+0000] {dagbag.py:541} INFO - Filling up the DagBag from /home/airflow/.local/lib/python3.7/site-packages/airflow/example_dags/example_branch_labels.py
[2023-07-04T00:32:09.793+0000] {processor.py:836} INFO - DAG(s) dict_keys(['example_branch_labels']) retrieved from /home/airflow/.local/lib/python3.7/site-packages/airflow/example_dags/example_branch_labels.py
[2023-07-04T00:32:09.839+0000] {logging_mixin.py:149} INFO - [2023-07-04T00:32:09.839+0000] {dag.py:2726} INFO - Sync 1 DAGs
[2023-07-04T00:32:09.888+0000] {logging_mixin.py:149} INFO - [2023-07-04T00:32:09.888+0000] {dag.py:3490} INFO - Setting next_dagrun for example_branch_labels to 2023-07-03T00:00:00+00:00, run_after=2023-07-04T00:00:00+00:00
[2023-07-04T00:32:09.921+0000] {processor.py:179} INFO - Processing /home/airflow/.local/lib/python3.7/site-packages/airflow/example_dags/example_branch_labels.py took 0.152 seconds
[2023-07-04T00:32:40.438+0000] {processor.py:157} INFO - Started process (PID=2906) to work on /home/airflow/.local/lib/python3.7/site-packages/airflow/example_dags/example_branch_labels.py
[2023-07-04T00:32:40.440+0000] {processor.py:826} INFO - Processing file /home/airflow/.local/lib/python3.7/site-packages/airflow/example_dags/example_branch_labels.py for tasks to queue
[2023-07-04T00:32:40.442+0000] {logging_mixin.py:149} INFO - [2023-07-04T00:32:40.442+0000] {dagbag.py:541} INFO - Filling up the DagBag from /home/airflow/.local/lib/python3.7/site-packages/airflow/example_dags/example_branch_labels.py
[2023-07-04T00:32:40.479+0000] {processor.py:836} INFO - DAG(s) dict_keys(['example_branch_labels']) retrieved from /home/airflow/.local/lib/python3.7/site-packages/airflow/example_dags/example_branch_labels.py
[2023-07-04T00:32:40.649+0000] {logging_mixin.py:149} INFO - [2023-07-04T00:32:40.646+0000] {dag.py:2726} INFO - Sync 1 DAGs
[2023-07-04T00:32:40.895+0000] {logging_mixin.py:149} INFO - [2023-07-04T00:32:40.894+0000] {dag.py:3490} INFO - Setting next_dagrun for example_branch_labels to 2023-07-03T00:00:00+00:00, run_after=2023-07-04T00:00:00+00:00
[2023-07-04T00:32:41.000+0000] {processor.py:179} INFO - Processing /home/airflow/.local/lib/python3.7/site-packages/airflow/example_dags/example_branch_labels.py took 0.586 seconds
