[2023-07-04T00:07:09.324+0000] {processor.py:157} INFO - Started process (PID=69) to work on /home/airflow/.local/lib/python3.7/site-packages/airflow/example_dags/example_dynamic_task_mapping_with_no_taskflow_operators.py
[2023-07-04T00:07:09.334+0000] {processor.py:826} INFO - Processing file /home/airflow/.local/lib/python3.7/site-packages/airflow/example_dags/example_dynamic_task_mapping_with_no_taskflow_operators.py for tasks to queue
[2023-07-04T00:07:09.336+0000] {logging_mixin.py:149} INFO - [2023-07-04T00:07:09.336+0000] {dagbag.py:541} INFO - Filling up the DagBag from /home/airflow/.local/lib/python3.7/site-packages/airflow/example_dags/example_dynamic_task_mapping_with_no_taskflow_operators.py
[2023-07-04T00:07:09.369+0000] {processor.py:836} INFO - DAG(s) dict_keys(['example_dynamic_task_mapping_with_no_taskflow_operators']) retrieved from /home/airflow/.local/lib/python3.7/site-packages/airflow/example_dags/example_dynamic_task_mapping_with_no_taskflow_operators.py
[2023-07-04T00:07:09.465+0000] {logging_mixin.py:149} INFO - [2023-07-04T00:07:09.465+0000] {dag.py:2726} INFO - Sync 1 DAGs
[2023-07-04T00:07:09.561+0000] {logging_mixin.py:149} INFO - [2023-07-04T00:07:09.558+0000] {dag.py:3490} INFO - Setting next_dagrun for example_dynamic_task_mapping_with_no_taskflow_operators to 2023-07-03T00:07:09.558070+00:00, run_after=2023-07-04T00:07:09.558070+00:00
[2023-07-04T00:07:09.611+0000] {processor.py:179} INFO - Processing /home/airflow/.local/lib/python3.7/site-packages/airflow/example_dags/example_dynamic_task_mapping_with_no_taskflow_operators.py took 0.296 seconds
[2023-07-04T00:07:40.347+0000] {processor.py:157} INFO - Started process (PID=126) to work on /home/airflow/.local/lib/python3.7/site-packages/airflow/example_dags/example_dynamic_task_mapping_with_no_taskflow_operators.py
[2023-07-04T00:07:40.349+0000] {processor.py:826} INFO - Processing file /home/airflow/.local/lib/python3.7/site-packages/airflow/example_dags/example_dynamic_task_mapping_with_no_taskflow_operators.py for tasks to queue
[2023-07-04T00:07:40.350+0000] {logging_mixin.py:149} INFO - [2023-07-04T00:07:40.350+0000] {dagbag.py:541} INFO - Filling up the DagBag from /home/airflow/.local/lib/python3.7/site-packages/airflow/example_dags/example_dynamic_task_mapping_with_no_taskflow_operators.py
[2023-07-04T00:07:40.361+0000] {processor.py:836} INFO - DAG(s) dict_keys(['example_dynamic_task_mapping_with_no_taskflow_operators']) retrieved from /home/airflow/.local/lib/python3.7/site-packages/airflow/example_dags/example_dynamic_task_mapping_with_no_taskflow_operators.py
[2023-07-04T00:07:40.408+0000] {logging_mixin.py:149} INFO - [2023-07-04T00:07:40.408+0000] {dag.py:2726} INFO - Sync 1 DAGs
[2023-07-04T00:07:40.474+0000] {logging_mixin.py:149} INFO - [2023-07-04T00:07:40.473+0000] {dag.py:3490} INFO - Setting next_dagrun for example_dynamic_task_mapping_with_no_taskflow_operators to 2023-07-03T00:07:40.473299+00:00, run_after=2023-07-04T00:07:40.473299+00:00
[2023-07-04T00:07:40.515+0000] {processor.py:179} INFO - Processing /home/airflow/.local/lib/python3.7/site-packages/airflow/example_dags/example_dynamic_task_mapping_with_no_taskflow_operators.py took 0.174 seconds
[2023-07-04T00:08:10.850+0000] {processor.py:157} INFO - Started process (PID=183) to work on /home/airflow/.local/lib/python3.7/site-packages/airflow/example_dags/example_dynamic_task_mapping_with_no_taskflow_operators.py
[2023-07-04T00:08:10.853+0000] {processor.py:826} INFO - Processing file /home/airflow/.local/lib/python3.7/site-packages/airflow/example_dags/example_dynamic_task_mapping_with_no_taskflow_operators.py for tasks to queue
[2023-07-04T00:08:10.854+0000] {logging_mixin.py:149} INFO - [2023-07-04T00:08:10.854+0000] {dagbag.py:541} INFO - Filling up the DagBag from /home/airflow/.local/lib/python3.7/site-packages/airflow/example_dags/example_dynamic_task_mapping_with_no_taskflow_operators.py
[2023-07-04T00:08:10.866+0000] {processor.py:836} INFO - DAG(s) dict_keys(['example_dynamic_task_mapping_with_no_taskflow_operators']) retrieved from /home/airflow/.local/lib/python3.7/site-packages/airflow/example_dags/example_dynamic_task_mapping_with_no_taskflow_operators.py
[2023-07-04T00:08:10.911+0000] {logging_mixin.py:149} INFO - [2023-07-04T00:08:10.911+0000] {dag.py:2726} INFO - Sync 1 DAGs
[2023-07-04T00:08:10.962+0000] {logging_mixin.py:149} INFO - [2023-07-04T00:08:10.962+0000] {dag.py:3490} INFO - Setting next_dagrun for example_dynamic_task_mapping_with_no_taskflow_operators to 2023-07-03T00:08:10.961778+00:00, run_after=2023-07-04T00:08:10.961778+00:00
[2023-07-04T00:08:11.006+0000] {processor.py:179} INFO - Processing /home/airflow/.local/lib/python3.7/site-packages/airflow/example_dags/example_dynamic_task_mapping_with_no_taskflow_operators.py took 0.161 seconds
[2023-07-04T00:08:41.484+0000] {processor.py:157} INFO - Started process (PID=240) to work on /home/airflow/.local/lib/python3.7/site-packages/airflow/example_dags/example_dynamic_task_mapping_with_no_taskflow_operators.py
[2023-07-04T00:08:41.485+0000] {processor.py:826} INFO - Processing file /home/airflow/.local/lib/python3.7/site-packages/airflow/example_dags/example_dynamic_task_mapping_with_no_taskflow_operators.py for tasks to queue
[2023-07-04T00:08:41.487+0000] {logging_mixin.py:149} INFO - [2023-07-04T00:08:41.486+0000] {dagbag.py:541} INFO - Filling up the DagBag from /home/airflow/.local/lib/python3.7/site-packages/airflow/example_dags/example_dynamic_task_mapping_with_no_taskflow_operators.py
[2023-07-04T00:08:41.505+0000] {processor.py:836} INFO - DAG(s) dict_keys(['example_dynamic_task_mapping_with_no_taskflow_operators']) retrieved from /home/airflow/.local/lib/python3.7/site-packages/airflow/example_dags/example_dynamic_task_mapping_with_no_taskflow_operators.py
[2023-07-04T00:08:41.554+0000] {logging_mixin.py:149} INFO - [2023-07-04T00:08:41.553+0000] {dag.py:2726} INFO - Sync 1 DAGs
[2023-07-04T00:08:41.600+0000] {logging_mixin.py:149} INFO - [2023-07-04T00:08:41.600+0000] {dag.py:3490} INFO - Setting next_dagrun for example_dynamic_task_mapping_with_no_taskflow_operators to 2023-07-03T00:08:41.599722+00:00, run_after=2023-07-04T00:08:41.599722+00:00
[2023-07-04T00:08:41.635+0000] {processor.py:179} INFO - Processing /home/airflow/.local/lib/python3.7/site-packages/airflow/example_dags/example_dynamic_task_mapping_with_no_taskflow_operators.py took 0.159 seconds
[2023-07-04T00:09:12.079+0000] {processor.py:157} INFO - Started process (PID=297) to work on /home/airflow/.local/lib/python3.7/site-packages/airflow/example_dags/example_dynamic_task_mapping_with_no_taskflow_operators.py
[2023-07-04T00:09:12.081+0000] {processor.py:826} INFO - Processing file /home/airflow/.local/lib/python3.7/site-packages/airflow/example_dags/example_dynamic_task_mapping_with_no_taskflow_operators.py for tasks to queue
[2023-07-04T00:09:12.084+0000] {logging_mixin.py:149} INFO - [2023-07-04T00:09:12.083+0000] {dagbag.py:541} INFO - Filling up the DagBag from /home/airflow/.local/lib/python3.7/site-packages/airflow/example_dags/example_dynamic_task_mapping_with_no_taskflow_operators.py
[2023-07-04T00:09:12.106+0000] {processor.py:836} INFO - DAG(s) dict_keys(['example_dynamic_task_mapping_with_no_taskflow_operators']) retrieved from /home/airflow/.local/lib/python3.7/site-packages/airflow/example_dags/example_dynamic_task_mapping_with_no_taskflow_operators.py
[2023-07-04T00:09:12.184+0000] {logging_mixin.py:149} INFO - [2023-07-04T00:09:12.184+0000] {dag.py:2726} INFO - Sync 1 DAGs
[2023-07-04T00:09:12.262+0000] {logging_mixin.py:149} INFO - [2023-07-04T00:09:12.262+0000] {dag.py:3490} INFO - Setting next_dagrun for example_dynamic_task_mapping_with_no_taskflow_operators to 2023-07-03T00:09:12.261506+00:00, run_after=2023-07-04T00:09:12.261506+00:00
[2023-07-04T00:09:12.305+0000] {processor.py:179} INFO - Processing /home/airflow/.local/lib/python3.7/site-packages/airflow/example_dags/example_dynamic_task_mapping_with_no_taskflow_operators.py took 0.236 seconds
[2023-07-04T00:09:42.868+0000] {processor.py:157} INFO - Started process (PID=354) to work on /home/airflow/.local/lib/python3.7/site-packages/airflow/example_dags/example_dynamic_task_mapping_with_no_taskflow_operators.py
[2023-07-04T00:09:42.871+0000] {processor.py:826} INFO - Processing file /home/airflow/.local/lib/python3.7/site-packages/airflow/example_dags/example_dynamic_task_mapping_with_no_taskflow_operators.py for tasks to queue
[2023-07-04T00:09:42.872+0000] {logging_mixin.py:149} INFO - [2023-07-04T00:09:42.872+0000] {dagbag.py:541} INFO - Filling up the DagBag from /home/airflow/.local/lib/python3.7/site-packages/airflow/example_dags/example_dynamic_task_mapping_with_no_taskflow_operators.py
[2023-07-04T00:09:42.893+0000] {processor.py:836} INFO - DAG(s) dict_keys(['example_dynamic_task_mapping_with_no_taskflow_operators']) retrieved from /home/airflow/.local/lib/python3.7/site-packages/airflow/example_dags/example_dynamic_task_mapping_with_no_taskflow_operators.py
[2023-07-04T00:09:42.954+0000] {logging_mixin.py:149} INFO - [2023-07-04T00:09:42.954+0000] {dag.py:2726} INFO - Sync 1 DAGs
[2023-07-04T00:09:43.018+0000] {logging_mixin.py:149} INFO - [2023-07-04T00:09:43.018+0000] {dag.py:3490} INFO - Setting next_dagrun for example_dynamic_task_mapping_with_no_taskflow_operators to 2023-07-03T00:09:43.017672+00:00, run_after=2023-07-04T00:09:43.017672+00:00
[2023-07-04T00:09:43.050+0000] {processor.py:179} INFO - Processing /home/airflow/.local/lib/python3.7/site-packages/airflow/example_dags/example_dynamic_task_mapping_with_no_taskflow_operators.py took 0.190 seconds
[2023-07-04T00:10:13.348+0000] {processor.py:157} INFO - Started process (PID=410) to work on /home/airflow/.local/lib/python3.7/site-packages/airflow/example_dags/example_dynamic_task_mapping_with_no_taskflow_operators.py
[2023-07-04T00:10:13.350+0000] {processor.py:826} INFO - Processing file /home/airflow/.local/lib/python3.7/site-packages/airflow/example_dags/example_dynamic_task_mapping_with_no_taskflow_operators.py for tasks to queue
[2023-07-04T00:10:13.352+0000] {logging_mixin.py:149} INFO - [2023-07-04T00:10:13.352+0000] {dagbag.py:541} INFO - Filling up the DagBag from /home/airflow/.local/lib/python3.7/site-packages/airflow/example_dags/example_dynamic_task_mapping_with_no_taskflow_operators.py
[2023-07-04T00:10:13.365+0000] {processor.py:836} INFO - DAG(s) dict_keys(['example_dynamic_task_mapping_with_no_taskflow_operators']) retrieved from /home/airflow/.local/lib/python3.7/site-packages/airflow/example_dags/example_dynamic_task_mapping_with_no_taskflow_operators.py
[2023-07-04T00:10:13.416+0000] {logging_mixin.py:149} INFO - [2023-07-04T00:10:13.416+0000] {dag.py:2726} INFO - Sync 1 DAGs
[2023-07-04T00:10:13.480+0000] {logging_mixin.py:149} INFO - [2023-07-04T00:10:13.479+0000] {dag.py:3490} INFO - Setting next_dagrun for example_dynamic_task_mapping_with_no_taskflow_operators to 2023-07-03T00:10:13.478801+00:00, run_after=2023-07-04T00:10:13.478801+00:00
[2023-07-04T00:10:13.524+0000] {processor.py:179} INFO - Processing /home/airflow/.local/lib/python3.7/site-packages/airflow/example_dags/example_dynamic_task_mapping_with_no_taskflow_operators.py took 0.185 seconds
[2023-07-04T00:10:44.369+0000] {processor.py:157} INFO - Started process (PID=467) to work on /home/airflow/.local/lib/python3.7/site-packages/airflow/example_dags/example_dynamic_task_mapping_with_no_taskflow_operators.py
[2023-07-04T00:10:44.371+0000] {processor.py:826} INFO - Processing file /home/airflow/.local/lib/python3.7/site-packages/airflow/example_dags/example_dynamic_task_mapping_with_no_taskflow_operators.py for tasks to queue
[2023-07-04T00:10:44.373+0000] {logging_mixin.py:149} INFO - [2023-07-04T00:10:44.373+0000] {dagbag.py:541} INFO - Filling up the DagBag from /home/airflow/.local/lib/python3.7/site-packages/airflow/example_dags/example_dynamic_task_mapping_with_no_taskflow_operators.py
[2023-07-04T00:10:44.384+0000] {processor.py:836} INFO - DAG(s) dict_keys(['example_dynamic_task_mapping_with_no_taskflow_operators']) retrieved from /home/airflow/.local/lib/python3.7/site-packages/airflow/example_dags/example_dynamic_task_mapping_with_no_taskflow_operators.py
[2023-07-04T00:10:44.429+0000] {logging_mixin.py:149} INFO - [2023-07-04T00:10:44.429+0000] {dag.py:2726} INFO - Sync 1 DAGs
[2023-07-04T00:10:44.481+0000] {logging_mixin.py:149} INFO - [2023-07-04T00:10:44.481+0000] {dag.py:3490} INFO - Setting next_dagrun for example_dynamic_task_mapping_with_no_taskflow_operators to 2023-07-03T00:10:44.481317+00:00, run_after=2023-07-04T00:10:44.481317+00:00
[2023-07-04T00:10:44.519+0000] {processor.py:179} INFO - Processing /home/airflow/.local/lib/python3.7/site-packages/airflow/example_dags/example_dynamic_task_mapping_with_no_taskflow_operators.py took 0.156 seconds
[2023-07-04T00:11:14.559+0000] {processor.py:157} INFO - Started process (PID=523) to work on /home/airflow/.local/lib/python3.7/site-packages/airflow/example_dags/example_dynamic_task_mapping_with_no_taskflow_operators.py
[2023-07-04T00:11:14.562+0000] {processor.py:826} INFO - Processing file /home/airflow/.local/lib/python3.7/site-packages/airflow/example_dags/example_dynamic_task_mapping_with_no_taskflow_operators.py for tasks to queue
[2023-07-04T00:11:14.564+0000] {logging_mixin.py:149} INFO - [2023-07-04T00:11:14.564+0000] {dagbag.py:541} INFO - Filling up the DagBag from /home/airflow/.local/lib/python3.7/site-packages/airflow/example_dags/example_dynamic_task_mapping_with_no_taskflow_operators.py
[2023-07-04T00:11:14.584+0000] {processor.py:836} INFO - DAG(s) dict_keys(['example_dynamic_task_mapping_with_no_taskflow_operators']) retrieved from /home/airflow/.local/lib/python3.7/site-packages/airflow/example_dags/example_dynamic_task_mapping_with_no_taskflow_operators.py
[2023-07-04T00:11:14.658+0000] {logging_mixin.py:149} INFO - [2023-07-04T00:11:14.658+0000] {dag.py:2726} INFO - Sync 1 DAGs
[2023-07-04T00:11:14.736+0000] {logging_mixin.py:149} INFO - [2023-07-04T00:11:14.736+0000] {dag.py:3490} INFO - Setting next_dagrun for example_dynamic_task_mapping_with_no_taskflow_operators to 2023-07-03T00:11:14.735664+00:00, run_after=2023-07-04T00:11:14.735664+00:00
[2023-07-04T00:11:14.798+0000] {processor.py:179} INFO - Processing /home/airflow/.local/lib/python3.7/site-packages/airflow/example_dags/example_dynamic_task_mapping_with_no_taskflow_operators.py took 0.245 seconds
[2023-07-04T00:11:45.512+0000] {processor.py:157} INFO - Started process (PID=580) to work on /home/airflow/.local/lib/python3.7/site-packages/airflow/example_dags/example_dynamic_task_mapping_with_no_taskflow_operators.py
[2023-07-04T00:11:45.515+0000] {processor.py:826} INFO - Processing file /home/airflow/.local/lib/python3.7/site-packages/airflow/example_dags/example_dynamic_task_mapping_with_no_taskflow_operators.py for tasks to queue
[2023-07-04T00:11:45.517+0000] {logging_mixin.py:149} INFO - [2023-07-04T00:11:45.516+0000] {dagbag.py:541} INFO - Filling up the DagBag from /home/airflow/.local/lib/python3.7/site-packages/airflow/example_dags/example_dynamic_task_mapping_with_no_taskflow_operators.py
[2023-07-04T00:11:45.534+0000] {processor.py:836} INFO - DAG(s) dict_keys(['example_dynamic_task_mapping_with_no_taskflow_operators']) retrieved from /home/airflow/.local/lib/python3.7/site-packages/airflow/example_dags/example_dynamic_task_mapping_with_no_taskflow_operators.py
[2023-07-04T00:11:45.600+0000] {logging_mixin.py:149} INFO - [2023-07-04T00:11:45.600+0000] {dag.py:2726} INFO - Sync 1 DAGs
[2023-07-04T00:11:45.681+0000] {logging_mixin.py:149} INFO - [2023-07-04T00:11:45.680+0000] {dag.py:3490} INFO - Setting next_dagrun for example_dynamic_task_mapping_with_no_taskflow_operators to 2023-07-03T00:11:45.680401+00:00, run_after=2023-07-04T00:11:45.680401+00:00
[2023-07-04T00:11:45.742+0000] {processor.py:179} INFO - Processing /home/airflow/.local/lib/python3.7/site-packages/airflow/example_dags/example_dynamic_task_mapping_with_no_taskflow_operators.py took 0.239 seconds
[2023-07-04T00:12:16.682+0000] {processor.py:157} INFO - Started process (PID=637) to work on /home/airflow/.local/lib/python3.7/site-packages/airflow/example_dags/example_dynamic_task_mapping_with_no_taskflow_operators.py
[2023-07-04T00:12:16.686+0000] {processor.py:826} INFO - Processing file /home/airflow/.local/lib/python3.7/site-packages/airflow/example_dags/example_dynamic_task_mapping_with_no_taskflow_operators.py for tasks to queue
[2023-07-04T00:12:16.689+0000] {logging_mixin.py:149} INFO - [2023-07-04T00:12:16.689+0000] {dagbag.py:541} INFO - Filling up the DagBag from /home/airflow/.local/lib/python3.7/site-packages/airflow/example_dags/example_dynamic_task_mapping_with_no_taskflow_operators.py
[2023-07-04T00:12:16.712+0000] {processor.py:836} INFO - DAG(s) dict_keys(['example_dynamic_task_mapping_with_no_taskflow_operators']) retrieved from /home/airflow/.local/lib/python3.7/site-packages/airflow/example_dags/example_dynamic_task_mapping_with_no_taskflow_operators.py
[2023-07-04T00:12:16.788+0000] {logging_mixin.py:149} INFO - [2023-07-04T00:12:16.787+0000] {dag.py:2726} INFO - Sync 1 DAGs
[2023-07-04T00:12:16.866+0000] {logging_mixin.py:149} INFO - [2023-07-04T00:12:16.866+0000] {dag.py:3490} INFO - Setting next_dagrun for example_dynamic_task_mapping_with_no_taskflow_operators to 2023-07-03T00:12:16.866041+00:00, run_after=2023-07-04T00:12:16.866041+00:00
[2023-07-04T00:12:16.919+0000] {processor.py:179} INFO - Processing /home/airflow/.local/lib/python3.7/site-packages/airflow/example_dags/example_dynamic_task_mapping_with_no_taskflow_operators.py took 0.256 seconds
[2023-07-04T00:12:47.214+0000] {processor.py:157} INFO - Started process (PID=694) to work on /home/airflow/.local/lib/python3.7/site-packages/airflow/example_dags/example_dynamic_task_mapping_with_no_taskflow_operators.py
[2023-07-04T00:12:47.216+0000] {processor.py:826} INFO - Processing file /home/airflow/.local/lib/python3.7/site-packages/airflow/example_dags/example_dynamic_task_mapping_with_no_taskflow_operators.py for tasks to queue
[2023-07-04T00:12:47.217+0000] {logging_mixin.py:149} INFO - [2023-07-04T00:12:47.217+0000] {dagbag.py:541} INFO - Filling up the DagBag from /home/airflow/.local/lib/python3.7/site-packages/airflow/example_dags/example_dynamic_task_mapping_with_no_taskflow_operators.py
[2023-07-04T00:12:47.229+0000] {processor.py:836} INFO - DAG(s) dict_keys(['example_dynamic_task_mapping_with_no_taskflow_operators']) retrieved from /home/airflow/.local/lib/python3.7/site-packages/airflow/example_dags/example_dynamic_task_mapping_with_no_taskflow_operators.py
[2023-07-04T00:12:47.283+0000] {logging_mixin.py:149} INFO - [2023-07-04T00:12:47.282+0000] {dag.py:2726} INFO - Sync 1 DAGs
[2023-07-04T00:12:47.357+0000] {logging_mixin.py:149} INFO - [2023-07-04T00:12:47.356+0000] {dag.py:3490} INFO - Setting next_dagrun for example_dynamic_task_mapping_with_no_taskflow_operators to 2023-07-03T00:12:47.356506+00:00, run_after=2023-07-04T00:12:47.356506+00:00
[2023-07-04T00:12:47.393+0000] {processor.py:179} INFO - Processing /home/airflow/.local/lib/python3.7/site-packages/airflow/example_dags/example_dynamic_task_mapping_with_no_taskflow_operators.py took 0.186 seconds
[2023-07-04T00:13:17.589+0000] {processor.py:157} INFO - Started process (PID=751) to work on /home/airflow/.local/lib/python3.7/site-packages/airflow/example_dags/example_dynamic_task_mapping_with_no_taskflow_operators.py
[2023-07-04T00:13:17.590+0000] {processor.py:826} INFO - Processing file /home/airflow/.local/lib/python3.7/site-packages/airflow/example_dags/example_dynamic_task_mapping_with_no_taskflow_operators.py for tasks to queue
[2023-07-04T00:13:17.592+0000] {logging_mixin.py:149} INFO - [2023-07-04T00:13:17.592+0000] {dagbag.py:541} INFO - Filling up the DagBag from /home/airflow/.local/lib/python3.7/site-packages/airflow/example_dags/example_dynamic_task_mapping_with_no_taskflow_operators.py
[2023-07-04T00:13:17.606+0000] {processor.py:836} INFO - DAG(s) dict_keys(['example_dynamic_task_mapping_with_no_taskflow_operators']) retrieved from /home/airflow/.local/lib/python3.7/site-packages/airflow/example_dags/example_dynamic_task_mapping_with_no_taskflow_operators.py
[2023-07-04T00:13:17.657+0000] {logging_mixin.py:149} INFO - [2023-07-04T00:13:17.657+0000] {dag.py:2726} INFO - Sync 1 DAGs
[2023-07-04T00:13:17.716+0000] {logging_mixin.py:149} INFO - [2023-07-04T00:13:17.715+0000] {dag.py:3490} INFO - Setting next_dagrun for example_dynamic_task_mapping_with_no_taskflow_operators to 2023-07-03T00:13:17.715441+00:00, run_after=2023-07-04T00:13:17.715441+00:00
[2023-07-04T00:13:17.750+0000] {processor.py:179} INFO - Processing /home/airflow/.local/lib/python3.7/site-packages/airflow/example_dags/example_dynamic_task_mapping_with_no_taskflow_operators.py took 0.168 seconds
[2023-07-04T00:13:48.185+0000] {processor.py:157} INFO - Started process (PID=807) to work on /home/airflow/.local/lib/python3.7/site-packages/airflow/example_dags/example_dynamic_task_mapping_with_no_taskflow_operators.py
[2023-07-04T00:13:48.187+0000] {processor.py:826} INFO - Processing file /home/airflow/.local/lib/python3.7/site-packages/airflow/example_dags/example_dynamic_task_mapping_with_no_taskflow_operators.py for tasks to queue
[2023-07-04T00:13:48.188+0000] {logging_mixin.py:149} INFO - [2023-07-04T00:13:48.188+0000] {dagbag.py:541} INFO - Filling up the DagBag from /home/airflow/.local/lib/python3.7/site-packages/airflow/example_dags/example_dynamic_task_mapping_with_no_taskflow_operators.py
[2023-07-04T00:13:48.214+0000] {processor.py:836} INFO - DAG(s) dict_keys(['example_dynamic_task_mapping_with_no_taskflow_operators']) retrieved from /home/airflow/.local/lib/python3.7/site-packages/airflow/example_dags/example_dynamic_task_mapping_with_no_taskflow_operators.py
[2023-07-04T00:13:48.278+0000] {logging_mixin.py:149} INFO - [2023-07-04T00:13:48.278+0000] {dag.py:2726} INFO - Sync 1 DAGs
[2023-07-04T00:13:48.373+0000] {logging_mixin.py:149} INFO - [2023-07-04T00:13:48.373+0000] {dag.py:3490} INFO - Setting next_dagrun for example_dynamic_task_mapping_with_no_taskflow_operators to 2023-07-03T00:13:48.372545+00:00, run_after=2023-07-04T00:13:48.372545+00:00
[2023-07-04T00:13:48.435+0000] {processor.py:179} INFO - Processing /home/airflow/.local/lib/python3.7/site-packages/airflow/example_dags/example_dynamic_task_mapping_with_no_taskflow_operators.py took 0.259 seconds
[2023-07-04T00:14:18.927+0000] {processor.py:157} INFO - Started process (PID=864) to work on /home/airflow/.local/lib/python3.7/site-packages/airflow/example_dags/example_dynamic_task_mapping_with_no_taskflow_operators.py
[2023-07-04T00:14:18.929+0000] {processor.py:826} INFO - Processing file /home/airflow/.local/lib/python3.7/site-packages/airflow/example_dags/example_dynamic_task_mapping_with_no_taskflow_operators.py for tasks to queue
[2023-07-04T00:14:18.930+0000] {logging_mixin.py:149} INFO - [2023-07-04T00:14:18.930+0000] {dagbag.py:541} INFO - Filling up the DagBag from /home/airflow/.local/lib/python3.7/site-packages/airflow/example_dags/example_dynamic_task_mapping_with_no_taskflow_operators.py
[2023-07-04T00:14:18.953+0000] {processor.py:836} INFO - DAG(s) dict_keys(['example_dynamic_task_mapping_with_no_taskflow_operators']) retrieved from /home/airflow/.local/lib/python3.7/site-packages/airflow/example_dags/example_dynamic_task_mapping_with_no_taskflow_operators.py
[2023-07-04T00:14:19.021+0000] {logging_mixin.py:149} INFO - [2023-07-04T00:14:19.020+0000] {dag.py:2726} INFO - Sync 1 DAGs
[2023-07-04T00:14:19.100+0000] {logging_mixin.py:149} INFO - [2023-07-04T00:14:19.100+0000] {dag.py:3490} INFO - Setting next_dagrun for example_dynamic_task_mapping_with_no_taskflow_operators to 2023-07-03T00:14:19.099798+00:00, run_after=2023-07-04T00:14:19.099798+00:00
[2023-07-04T00:14:19.160+0000] {processor.py:179} INFO - Processing /home/airflow/.local/lib/python3.7/site-packages/airflow/example_dags/example_dynamic_task_mapping_with_no_taskflow_operators.py took 0.243 seconds
[2023-07-04T00:14:49.745+0000] {processor.py:157} INFO - Started process (PID=921) to work on /home/airflow/.local/lib/python3.7/site-packages/airflow/example_dags/example_dynamic_task_mapping_with_no_taskflow_operators.py
[2023-07-04T00:14:49.748+0000] {processor.py:826} INFO - Processing file /home/airflow/.local/lib/python3.7/site-packages/airflow/example_dags/example_dynamic_task_mapping_with_no_taskflow_operators.py for tasks to queue
[2023-07-04T00:14:49.752+0000] {logging_mixin.py:149} INFO - [2023-07-04T00:14:49.751+0000] {dagbag.py:541} INFO - Filling up the DagBag from /home/airflow/.local/lib/python3.7/site-packages/airflow/example_dags/example_dynamic_task_mapping_with_no_taskflow_operators.py
[2023-07-04T00:14:49.773+0000] {processor.py:836} INFO - DAG(s) dict_keys(['example_dynamic_task_mapping_with_no_taskflow_operators']) retrieved from /home/airflow/.local/lib/python3.7/site-packages/airflow/example_dags/example_dynamic_task_mapping_with_no_taskflow_operators.py
[2023-07-04T00:14:49.855+0000] {logging_mixin.py:149} INFO - [2023-07-04T00:14:49.854+0000] {dag.py:2726} INFO - Sync 1 DAGs
[2023-07-04T00:14:49.964+0000] {logging_mixin.py:149} INFO - [2023-07-04T00:14:49.963+0000] {dag.py:3490} INFO - Setting next_dagrun for example_dynamic_task_mapping_with_no_taskflow_operators to 2023-07-03T00:14:49.960416+00:00, run_after=2023-07-04T00:14:49.960416+00:00
[2023-07-04T00:14:50.031+0000] {processor.py:179} INFO - Processing /home/airflow/.local/lib/python3.7/site-packages/airflow/example_dags/example_dynamic_task_mapping_with_no_taskflow_operators.py took 0.295 seconds
[2023-07-04T00:15:20.690+0000] {processor.py:157} INFO - Started process (PID=978) to work on /home/airflow/.local/lib/python3.7/site-packages/airflow/example_dags/example_dynamic_task_mapping_with_no_taskflow_operators.py
[2023-07-04T00:15:20.692+0000] {processor.py:826} INFO - Processing file /home/airflow/.local/lib/python3.7/site-packages/airflow/example_dags/example_dynamic_task_mapping_with_no_taskflow_operators.py for tasks to queue
[2023-07-04T00:15:20.694+0000] {logging_mixin.py:149} INFO - [2023-07-04T00:15:20.693+0000] {dagbag.py:541} INFO - Filling up the DagBag from /home/airflow/.local/lib/python3.7/site-packages/airflow/example_dags/example_dynamic_task_mapping_with_no_taskflow_operators.py
[2023-07-04T00:15:20.708+0000] {processor.py:836} INFO - DAG(s) dict_keys(['example_dynamic_task_mapping_with_no_taskflow_operators']) retrieved from /home/airflow/.local/lib/python3.7/site-packages/airflow/example_dags/example_dynamic_task_mapping_with_no_taskflow_operators.py
[2023-07-04T00:15:20.754+0000] {logging_mixin.py:149} INFO - [2023-07-04T00:15:20.754+0000] {dag.py:2726} INFO - Sync 1 DAGs
[2023-07-04T00:15:20.814+0000] {logging_mixin.py:149} INFO - [2023-07-04T00:15:20.814+0000] {dag.py:3490} INFO - Setting next_dagrun for example_dynamic_task_mapping_with_no_taskflow_operators to 2023-07-03T00:15:20.813580+00:00, run_after=2023-07-04T00:15:20.813580+00:00
[2023-07-04T00:15:20.860+0000] {processor.py:179} INFO - Processing /home/airflow/.local/lib/python3.7/site-packages/airflow/example_dags/example_dynamic_task_mapping_with_no_taskflow_operators.py took 0.180 seconds
[2023-07-04T00:15:51.538+0000] {processor.py:157} INFO - Started process (PID=1036) to work on /home/airflow/.local/lib/python3.7/site-packages/airflow/example_dags/example_dynamic_task_mapping_with_no_taskflow_operators.py
[2023-07-04T00:15:51.540+0000] {processor.py:826} INFO - Processing file /home/airflow/.local/lib/python3.7/site-packages/airflow/example_dags/example_dynamic_task_mapping_with_no_taskflow_operators.py for tasks to queue
[2023-07-04T00:15:51.541+0000] {logging_mixin.py:149} INFO - [2023-07-04T00:15:51.541+0000] {dagbag.py:541} INFO - Filling up the DagBag from /home/airflow/.local/lib/python3.7/site-packages/airflow/example_dags/example_dynamic_task_mapping_with_no_taskflow_operators.py
[2023-07-04T00:15:51.559+0000] {processor.py:836} INFO - DAG(s) dict_keys(['example_dynamic_task_mapping_with_no_taskflow_operators']) retrieved from /home/airflow/.local/lib/python3.7/site-packages/airflow/example_dags/example_dynamic_task_mapping_with_no_taskflow_operators.py
[2023-07-04T00:15:51.620+0000] {logging_mixin.py:149} INFO - [2023-07-04T00:15:51.619+0000] {dag.py:2726} INFO - Sync 1 DAGs
[2023-07-04T00:15:51.672+0000] {logging_mixin.py:149} INFO - [2023-07-04T00:15:51.672+0000] {dag.py:3490} INFO - Setting next_dagrun for example_dynamic_task_mapping_with_no_taskflow_operators to 2023-07-03T00:15:51.672058+00:00, run_after=2023-07-04T00:15:51.672058+00:00
[2023-07-04T00:15:51.717+0000] {processor.py:179} INFO - Processing /home/airflow/.local/lib/python3.7/site-packages/airflow/example_dags/example_dynamic_task_mapping_with_no_taskflow_operators.py took 0.187 seconds
[2023-07-04T00:16:21.857+0000] {processor.py:157} INFO - Started process (PID=1093) to work on /home/airflow/.local/lib/python3.7/site-packages/airflow/example_dags/example_dynamic_task_mapping_with_no_taskflow_operators.py
[2023-07-04T00:16:21.859+0000] {processor.py:826} INFO - Processing file /home/airflow/.local/lib/python3.7/site-packages/airflow/example_dags/example_dynamic_task_mapping_with_no_taskflow_operators.py for tasks to queue
[2023-07-04T00:16:21.860+0000] {logging_mixin.py:149} INFO - [2023-07-04T00:16:21.860+0000] {dagbag.py:541} INFO - Filling up the DagBag from /home/airflow/.local/lib/python3.7/site-packages/airflow/example_dags/example_dynamic_task_mapping_with_no_taskflow_operators.py
[2023-07-04T00:16:21.876+0000] {processor.py:836} INFO - DAG(s) dict_keys(['example_dynamic_task_mapping_with_no_taskflow_operators']) retrieved from /home/airflow/.local/lib/python3.7/site-packages/airflow/example_dags/example_dynamic_task_mapping_with_no_taskflow_operators.py
[2023-07-04T00:16:21.923+0000] {logging_mixin.py:149} INFO - [2023-07-04T00:16:21.923+0000] {dag.py:2726} INFO - Sync 1 DAGs
[2023-07-04T00:16:21.979+0000] {logging_mixin.py:149} INFO - [2023-07-04T00:16:21.978+0000] {dag.py:3490} INFO - Setting next_dagrun for example_dynamic_task_mapping_with_no_taskflow_operators to 2023-07-03T00:16:21.978189+00:00, run_after=2023-07-04T00:16:21.978189+00:00
[2023-07-04T00:16:22.016+0000] {processor.py:179} INFO - Processing /home/airflow/.local/lib/python3.7/site-packages/airflow/example_dags/example_dynamic_task_mapping_with_no_taskflow_operators.py took 0.165 seconds
[2023-07-04T00:16:52.135+0000] {processor.py:157} INFO - Started process (PID=1149) to work on /home/airflow/.local/lib/python3.7/site-packages/airflow/example_dags/example_dynamic_task_mapping_with_no_taskflow_operators.py
[2023-07-04T00:16:52.136+0000] {processor.py:826} INFO - Processing file /home/airflow/.local/lib/python3.7/site-packages/airflow/example_dags/example_dynamic_task_mapping_with_no_taskflow_operators.py for tasks to queue
[2023-07-04T00:16:52.138+0000] {logging_mixin.py:149} INFO - [2023-07-04T00:16:52.137+0000] {dagbag.py:541} INFO - Filling up the DagBag from /home/airflow/.local/lib/python3.7/site-packages/airflow/example_dags/example_dynamic_task_mapping_with_no_taskflow_operators.py
[2023-07-04T00:16:52.152+0000] {processor.py:836} INFO - DAG(s) dict_keys(['example_dynamic_task_mapping_with_no_taskflow_operators']) retrieved from /home/airflow/.local/lib/python3.7/site-packages/airflow/example_dags/example_dynamic_task_mapping_with_no_taskflow_operators.py
[2023-07-04T00:16:52.206+0000] {logging_mixin.py:149} INFO - [2023-07-04T00:16:52.206+0000] {dag.py:2726} INFO - Sync 1 DAGs
[2023-07-04T00:16:52.286+0000] {logging_mixin.py:149} INFO - [2023-07-04T00:16:52.285+0000] {dag.py:3490} INFO - Setting next_dagrun for example_dynamic_task_mapping_with_no_taskflow_operators to 2023-07-03T00:16:52.284861+00:00, run_after=2023-07-04T00:16:52.284861+00:00
[2023-07-04T00:16:52.339+0000] {processor.py:179} INFO - Processing /home/airflow/.local/lib/python3.7/site-packages/airflow/example_dags/example_dynamic_task_mapping_with_no_taskflow_operators.py took 0.210 seconds
[2023-07-04T00:17:23.584+0000] {processor.py:157} INFO - Started process (PID=1207) to work on /home/airflow/.local/lib/python3.7/site-packages/airflow/example_dags/example_dynamic_task_mapping_with_no_taskflow_operators.py
[2023-07-04T00:17:23.586+0000] {processor.py:826} INFO - Processing file /home/airflow/.local/lib/python3.7/site-packages/airflow/example_dags/example_dynamic_task_mapping_with_no_taskflow_operators.py for tasks to queue
[2023-07-04T00:17:23.588+0000] {logging_mixin.py:149} INFO - [2023-07-04T00:17:23.588+0000] {dagbag.py:541} INFO - Filling up the DagBag from /home/airflow/.local/lib/python3.7/site-packages/airflow/example_dags/example_dynamic_task_mapping_with_no_taskflow_operators.py
[2023-07-04T00:17:23.607+0000] {processor.py:836} INFO - DAG(s) dict_keys(['example_dynamic_task_mapping_with_no_taskflow_operators']) retrieved from /home/airflow/.local/lib/python3.7/site-packages/airflow/example_dags/example_dynamic_task_mapping_with_no_taskflow_operators.py
[2023-07-04T00:17:23.679+0000] {logging_mixin.py:149} INFO - [2023-07-04T00:17:23.678+0000] {dag.py:2726} INFO - Sync 1 DAGs
[2023-07-04T00:17:23.773+0000] {logging_mixin.py:149} INFO - [2023-07-04T00:17:23.773+0000] {dag.py:3490} INFO - Setting next_dagrun for example_dynamic_task_mapping_with_no_taskflow_operators to 2023-07-03T00:17:23.772520+00:00, run_after=2023-07-04T00:17:23.772520+00:00
[2023-07-04T00:17:23.842+0000] {processor.py:179} INFO - Processing /home/airflow/.local/lib/python3.7/site-packages/airflow/example_dags/example_dynamic_task_mapping_with_no_taskflow_operators.py took 0.270 seconds
[2023-07-04T00:17:55.235+0000] {processor.py:157} INFO - Started process (PID=1265) to work on /home/airflow/.local/lib/python3.7/site-packages/airflow/example_dags/example_dynamic_task_mapping_with_no_taskflow_operators.py
[2023-07-04T00:17:55.237+0000] {processor.py:826} INFO - Processing file /home/airflow/.local/lib/python3.7/site-packages/airflow/example_dags/example_dynamic_task_mapping_with_no_taskflow_operators.py for tasks to queue
[2023-07-04T00:17:55.238+0000] {logging_mixin.py:149} INFO - [2023-07-04T00:17:55.238+0000] {dagbag.py:541} INFO - Filling up the DagBag from /home/airflow/.local/lib/python3.7/site-packages/airflow/example_dags/example_dynamic_task_mapping_with_no_taskflow_operators.py
[2023-07-04T00:17:55.253+0000] {processor.py:836} INFO - DAG(s) dict_keys(['example_dynamic_task_mapping_with_no_taskflow_operators']) retrieved from /home/airflow/.local/lib/python3.7/site-packages/airflow/example_dags/example_dynamic_task_mapping_with_no_taskflow_operators.py
[2023-07-04T00:17:55.314+0000] {logging_mixin.py:149} INFO - [2023-07-04T00:17:55.314+0000] {dag.py:2726} INFO - Sync 1 DAGs
[2023-07-04T00:17:55.365+0000] {logging_mixin.py:149} INFO - [2023-07-04T00:17:55.365+0000] {dag.py:3490} INFO - Setting next_dagrun for example_dynamic_task_mapping_with_no_taskflow_operators to 2023-07-03T00:17:55.364628+00:00, run_after=2023-07-04T00:17:55.364628+00:00
[2023-07-04T00:17:55.406+0000] {processor.py:179} INFO - Processing /home/airflow/.local/lib/python3.7/site-packages/airflow/example_dags/example_dynamic_task_mapping_with_no_taskflow_operators.py took 0.181 seconds
[2023-07-04T00:18:26.194+0000] {processor.py:157} INFO - Started process (PID=1322) to work on /home/airflow/.local/lib/python3.7/site-packages/airflow/example_dags/example_dynamic_task_mapping_with_no_taskflow_operators.py
[2023-07-04T00:18:26.196+0000] {processor.py:826} INFO - Processing file /home/airflow/.local/lib/python3.7/site-packages/airflow/example_dags/example_dynamic_task_mapping_with_no_taskflow_operators.py for tasks to queue
[2023-07-04T00:18:26.197+0000] {logging_mixin.py:149} INFO - [2023-07-04T00:18:26.197+0000] {dagbag.py:541} INFO - Filling up the DagBag from /home/airflow/.local/lib/python3.7/site-packages/airflow/example_dags/example_dynamic_task_mapping_with_no_taskflow_operators.py
[2023-07-04T00:18:26.209+0000] {processor.py:836} INFO - DAG(s) dict_keys(['example_dynamic_task_mapping_with_no_taskflow_operators']) retrieved from /home/airflow/.local/lib/python3.7/site-packages/airflow/example_dags/example_dynamic_task_mapping_with_no_taskflow_operators.py
[2023-07-04T00:18:26.261+0000] {logging_mixin.py:149} INFO - [2023-07-04T00:18:26.261+0000] {dag.py:2726} INFO - Sync 1 DAGs
[2023-07-04T00:18:26.326+0000] {logging_mixin.py:149} INFO - [2023-07-04T00:18:26.326+0000] {dag.py:3490} INFO - Setting next_dagrun for example_dynamic_task_mapping_with_no_taskflow_operators to 2023-07-03T00:18:26.325899+00:00, run_after=2023-07-04T00:18:26.325899+00:00
[2023-07-04T00:18:26.370+0000] {processor.py:179} INFO - Processing /home/airflow/.local/lib/python3.7/site-packages/airflow/example_dags/example_dynamic_task_mapping_with_no_taskflow_operators.py took 0.182 seconds
[2023-07-04T00:18:57.191+0000] {processor.py:157} INFO - Started process (PID=1379) to work on /home/airflow/.local/lib/python3.7/site-packages/airflow/example_dags/example_dynamic_task_mapping_with_no_taskflow_operators.py
[2023-07-04T00:18:57.192+0000] {processor.py:826} INFO - Processing file /home/airflow/.local/lib/python3.7/site-packages/airflow/example_dags/example_dynamic_task_mapping_with_no_taskflow_operators.py for tasks to queue
[2023-07-04T00:18:57.193+0000] {logging_mixin.py:149} INFO - [2023-07-04T00:18:57.193+0000] {dagbag.py:541} INFO - Filling up the DagBag from /home/airflow/.local/lib/python3.7/site-packages/airflow/example_dags/example_dynamic_task_mapping_with_no_taskflow_operators.py
[2023-07-04T00:18:57.211+0000] {processor.py:836} INFO - DAG(s) dict_keys(['example_dynamic_task_mapping_with_no_taskflow_operators']) retrieved from /home/airflow/.local/lib/python3.7/site-packages/airflow/example_dags/example_dynamic_task_mapping_with_no_taskflow_operators.py
[2023-07-04T00:18:57.259+0000] {logging_mixin.py:149} INFO - [2023-07-04T00:18:57.258+0000] {dag.py:2726} INFO - Sync 1 DAGs
[2023-07-04T00:18:57.334+0000] {logging_mixin.py:149} INFO - [2023-07-04T00:18:57.334+0000] {dag.py:3490} INFO - Setting next_dagrun for example_dynamic_task_mapping_with_no_taskflow_operators to 2023-07-03T00:18:57.333669+00:00, run_after=2023-07-04T00:18:57.333669+00:00
[2023-07-04T00:18:57.374+0000] {processor.py:179} INFO - Processing /home/airflow/.local/lib/python3.7/site-packages/airflow/example_dags/example_dynamic_task_mapping_with_no_taskflow_operators.py took 0.192 seconds
[2023-07-04T00:19:28.088+0000] {processor.py:157} INFO - Started process (PID=1437) to work on /home/airflow/.local/lib/python3.7/site-packages/airflow/example_dags/example_dynamic_task_mapping_with_no_taskflow_operators.py
[2023-07-04T00:19:28.090+0000] {processor.py:826} INFO - Processing file /home/airflow/.local/lib/python3.7/site-packages/airflow/example_dags/example_dynamic_task_mapping_with_no_taskflow_operators.py for tasks to queue
[2023-07-04T00:19:28.091+0000] {logging_mixin.py:149} INFO - [2023-07-04T00:19:28.091+0000] {dagbag.py:541} INFO - Filling up the DagBag from /home/airflow/.local/lib/python3.7/site-packages/airflow/example_dags/example_dynamic_task_mapping_with_no_taskflow_operators.py
[2023-07-04T00:19:28.108+0000] {processor.py:836} INFO - DAG(s) dict_keys(['example_dynamic_task_mapping_with_no_taskflow_operators']) retrieved from /home/airflow/.local/lib/python3.7/site-packages/airflow/example_dags/example_dynamic_task_mapping_with_no_taskflow_operators.py
[2023-07-04T00:19:28.154+0000] {logging_mixin.py:149} INFO - [2023-07-04T00:19:28.154+0000] {dag.py:2726} INFO - Sync 1 DAGs
[2023-07-04T00:19:28.209+0000] {logging_mixin.py:149} INFO - [2023-07-04T00:19:28.209+0000] {dag.py:3490} INFO - Setting next_dagrun for example_dynamic_task_mapping_with_no_taskflow_operators to 2023-07-03T00:19:28.209059+00:00, run_after=2023-07-04T00:19:28.209059+00:00
[2023-07-04T00:19:28.248+0000] {processor.py:179} INFO - Processing /home/airflow/.local/lib/python3.7/site-packages/airflow/example_dags/example_dynamic_task_mapping_with_no_taskflow_operators.py took 0.169 seconds
[2023-07-04T00:19:58.618+0000] {processor.py:157} INFO - Started process (PID=1493) to work on /home/airflow/.local/lib/python3.7/site-packages/airflow/example_dags/example_dynamic_task_mapping_with_no_taskflow_operators.py
[2023-07-04T00:19:58.619+0000] {processor.py:826} INFO - Processing file /home/airflow/.local/lib/python3.7/site-packages/airflow/example_dags/example_dynamic_task_mapping_with_no_taskflow_operators.py for tasks to queue
[2023-07-04T00:19:58.621+0000] {logging_mixin.py:149} INFO - [2023-07-04T00:19:58.621+0000] {dagbag.py:541} INFO - Filling up the DagBag from /home/airflow/.local/lib/python3.7/site-packages/airflow/example_dags/example_dynamic_task_mapping_with_no_taskflow_operators.py
[2023-07-04T00:19:58.637+0000] {processor.py:836} INFO - DAG(s) dict_keys(['example_dynamic_task_mapping_with_no_taskflow_operators']) retrieved from /home/airflow/.local/lib/python3.7/site-packages/airflow/example_dags/example_dynamic_task_mapping_with_no_taskflow_operators.py
[2023-07-04T00:19:58.694+0000] {logging_mixin.py:149} INFO - [2023-07-04T00:19:58.693+0000] {dag.py:2726} INFO - Sync 1 DAGs
[2023-07-04T00:19:58.751+0000] {logging_mixin.py:149} INFO - [2023-07-04T00:19:58.750+0000] {dag.py:3490} INFO - Setting next_dagrun for example_dynamic_task_mapping_with_no_taskflow_operators to 2023-07-03T00:19:58.750066+00:00, run_after=2023-07-04T00:19:58.750066+00:00
[2023-07-04T00:19:58.808+0000] {processor.py:179} INFO - Processing /home/airflow/.local/lib/python3.7/site-packages/airflow/example_dags/example_dynamic_task_mapping_with_no_taskflow_operators.py took 0.197 seconds
[2023-07-04T00:20:29.118+0000] {processor.py:157} INFO - Started process (PID=1549) to work on /home/airflow/.local/lib/python3.7/site-packages/airflow/example_dags/example_dynamic_task_mapping_with_no_taskflow_operators.py
[2023-07-04T00:20:29.120+0000] {processor.py:826} INFO - Processing file /home/airflow/.local/lib/python3.7/site-packages/airflow/example_dags/example_dynamic_task_mapping_with_no_taskflow_operators.py for tasks to queue
[2023-07-04T00:20:29.121+0000] {logging_mixin.py:149} INFO - [2023-07-04T00:20:29.121+0000] {dagbag.py:541} INFO - Filling up the DagBag from /home/airflow/.local/lib/python3.7/site-packages/airflow/example_dags/example_dynamic_task_mapping_with_no_taskflow_operators.py
[2023-07-04T00:20:29.132+0000] {processor.py:836} INFO - DAG(s) dict_keys(['example_dynamic_task_mapping_with_no_taskflow_operators']) retrieved from /home/airflow/.local/lib/python3.7/site-packages/airflow/example_dags/example_dynamic_task_mapping_with_no_taskflow_operators.py
[2023-07-04T00:20:29.181+0000] {logging_mixin.py:149} INFO - [2023-07-04T00:20:29.180+0000] {dag.py:2726} INFO - Sync 1 DAGs
[2023-07-04T00:20:29.226+0000] {logging_mixin.py:149} INFO - [2023-07-04T00:20:29.226+0000] {dag.py:3490} INFO - Setting next_dagrun for example_dynamic_task_mapping_with_no_taskflow_operators to 2023-07-03T00:20:29.226102+00:00, run_after=2023-07-04T00:20:29.226102+00:00
[2023-07-04T00:20:29.261+0000] {processor.py:179} INFO - Processing /home/airflow/.local/lib/python3.7/site-packages/airflow/example_dags/example_dynamic_task_mapping_with_no_taskflow_operators.py took 0.148 seconds
[2023-07-04T00:21:00.135+0000] {processor.py:157} INFO - Started process (PID=1607) to work on /home/airflow/.local/lib/python3.7/site-packages/airflow/example_dags/example_dynamic_task_mapping_with_no_taskflow_operators.py
[2023-07-04T00:21:00.137+0000] {processor.py:826} INFO - Processing file /home/airflow/.local/lib/python3.7/site-packages/airflow/example_dags/example_dynamic_task_mapping_with_no_taskflow_operators.py for tasks to queue
[2023-07-04T00:21:00.138+0000] {logging_mixin.py:149} INFO - [2023-07-04T00:21:00.138+0000] {dagbag.py:541} INFO - Filling up the DagBag from /home/airflow/.local/lib/python3.7/site-packages/airflow/example_dags/example_dynamic_task_mapping_with_no_taskflow_operators.py
[2023-07-04T00:21:00.151+0000] {processor.py:836} INFO - DAG(s) dict_keys(['example_dynamic_task_mapping_with_no_taskflow_operators']) retrieved from /home/airflow/.local/lib/python3.7/site-packages/airflow/example_dags/example_dynamic_task_mapping_with_no_taskflow_operators.py
[2023-07-04T00:21:00.199+0000] {logging_mixin.py:149} INFO - [2023-07-04T00:21:00.199+0000] {dag.py:2726} INFO - Sync 1 DAGs
[2023-07-04T00:21:00.248+0000] {logging_mixin.py:149} INFO - [2023-07-04T00:21:00.248+0000] {dag.py:3490} INFO - Setting next_dagrun for example_dynamic_task_mapping_with_no_taskflow_operators to 2023-07-03T00:21:00.247684+00:00, run_after=2023-07-04T00:21:00.247684+00:00
[2023-07-04T00:21:00.293+0000] {processor.py:179} INFO - Processing /home/airflow/.local/lib/python3.7/site-packages/airflow/example_dags/example_dynamic_task_mapping_with_no_taskflow_operators.py took 0.163 seconds
[2023-07-04T00:21:30.602+0000] {processor.py:157} INFO - Started process (PID=1663) to work on /home/airflow/.local/lib/python3.7/site-packages/airflow/example_dags/example_dynamic_task_mapping_with_no_taskflow_operators.py
[2023-07-04T00:21:30.603+0000] {processor.py:826} INFO - Processing file /home/airflow/.local/lib/python3.7/site-packages/airflow/example_dags/example_dynamic_task_mapping_with_no_taskflow_operators.py for tasks to queue
[2023-07-04T00:21:30.605+0000] {logging_mixin.py:149} INFO - [2023-07-04T00:21:30.604+0000] {dagbag.py:541} INFO - Filling up the DagBag from /home/airflow/.local/lib/python3.7/site-packages/airflow/example_dags/example_dynamic_task_mapping_with_no_taskflow_operators.py
[2023-07-04T00:21:30.616+0000] {processor.py:836} INFO - DAG(s) dict_keys(['example_dynamic_task_mapping_with_no_taskflow_operators']) retrieved from /home/airflow/.local/lib/python3.7/site-packages/airflow/example_dags/example_dynamic_task_mapping_with_no_taskflow_operators.py
[2023-07-04T00:21:30.657+0000] {logging_mixin.py:149} INFO - [2023-07-04T00:21:30.657+0000] {dag.py:2726} INFO - Sync 1 DAGs
[2023-07-04T00:21:30.702+0000] {logging_mixin.py:149} INFO - [2023-07-04T00:21:30.702+0000] {dag.py:3490} INFO - Setting next_dagrun for example_dynamic_task_mapping_with_no_taskflow_operators to 2023-07-03T00:21:30.701698+00:00, run_after=2023-07-04T00:21:30.701698+00:00
[2023-07-04T00:21:30.734+0000] {processor.py:179} INFO - Processing /home/airflow/.local/lib/python3.7/site-packages/airflow/example_dags/example_dynamic_task_mapping_with_no_taskflow_operators.py took 0.138 seconds
[2023-07-04T00:22:00.882+0000] {processor.py:157} INFO - Started process (PID=1719) to work on /home/airflow/.local/lib/python3.7/site-packages/airflow/example_dags/example_dynamic_task_mapping_with_no_taskflow_operators.py
[2023-07-04T00:22:00.885+0000] {processor.py:826} INFO - Processing file /home/airflow/.local/lib/python3.7/site-packages/airflow/example_dags/example_dynamic_task_mapping_with_no_taskflow_operators.py for tasks to queue
[2023-07-04T00:22:00.889+0000] {logging_mixin.py:149} INFO - [2023-07-04T00:22:00.888+0000] {dagbag.py:541} INFO - Filling up the DagBag from /home/airflow/.local/lib/python3.7/site-packages/airflow/example_dags/example_dynamic_task_mapping_with_no_taskflow_operators.py
[2023-07-04T00:22:00.914+0000] {processor.py:836} INFO - DAG(s) dict_keys(['example_dynamic_task_mapping_with_no_taskflow_operators']) retrieved from /home/airflow/.local/lib/python3.7/site-packages/airflow/example_dags/example_dynamic_task_mapping_with_no_taskflow_operators.py
[2023-07-04T00:22:01.020+0000] {logging_mixin.py:149} INFO - [2023-07-04T00:22:01.020+0000] {dag.py:2726} INFO - Sync 1 DAGs
[2023-07-04T00:22:01.100+0000] {logging_mixin.py:149} INFO - [2023-07-04T00:22:01.100+0000] {dag.py:3490} INFO - Setting next_dagrun for example_dynamic_task_mapping_with_no_taskflow_operators to 2023-07-03T00:22:01.099226+00:00, run_after=2023-07-04T00:22:01.099226+00:00
[2023-07-04T00:22:01.151+0000] {processor.py:179} INFO - Processing /home/airflow/.local/lib/python3.7/site-packages/airflow/example_dags/example_dynamic_task_mapping_with_no_taskflow_operators.py took 0.278 seconds
[2023-07-04T00:22:32.333+0000] {processor.py:157} INFO - Started process (PID=1777) to work on /home/airflow/.local/lib/python3.7/site-packages/airflow/example_dags/example_dynamic_task_mapping_with_no_taskflow_operators.py
[2023-07-04T00:22:32.335+0000] {processor.py:826} INFO - Processing file /home/airflow/.local/lib/python3.7/site-packages/airflow/example_dags/example_dynamic_task_mapping_with_no_taskflow_operators.py for tasks to queue
[2023-07-04T00:22:32.336+0000] {logging_mixin.py:149} INFO - [2023-07-04T00:22:32.336+0000] {dagbag.py:541} INFO - Filling up the DagBag from /home/airflow/.local/lib/python3.7/site-packages/airflow/example_dags/example_dynamic_task_mapping_with_no_taskflow_operators.py
[2023-07-04T00:22:32.352+0000] {processor.py:836} INFO - DAG(s) dict_keys(['example_dynamic_task_mapping_with_no_taskflow_operators']) retrieved from /home/airflow/.local/lib/python3.7/site-packages/airflow/example_dags/example_dynamic_task_mapping_with_no_taskflow_operators.py
[2023-07-04T00:22:32.406+0000] {logging_mixin.py:149} INFO - [2023-07-04T00:22:32.406+0000] {dag.py:2726} INFO - Sync 1 DAGs
[2023-07-04T00:22:32.473+0000] {logging_mixin.py:149} INFO - [2023-07-04T00:22:32.472+0000] {dag.py:3490} INFO - Setting next_dagrun for example_dynamic_task_mapping_with_no_taskflow_operators to 2023-07-03T00:22:32.472196+00:00, run_after=2023-07-04T00:22:32.472196+00:00
[2023-07-04T00:22:32.516+0000] {processor.py:179} INFO - Processing /home/airflow/.local/lib/python3.7/site-packages/airflow/example_dags/example_dynamic_task_mapping_with_no_taskflow_operators.py took 0.194 seconds
[2023-07-04T00:23:02.745+0000] {processor.py:157} INFO - Started process (PID=1834) to work on /home/airflow/.local/lib/python3.7/site-packages/airflow/example_dags/example_dynamic_task_mapping_with_no_taskflow_operators.py
[2023-07-04T00:23:02.747+0000] {processor.py:826} INFO - Processing file /home/airflow/.local/lib/python3.7/site-packages/airflow/example_dags/example_dynamic_task_mapping_with_no_taskflow_operators.py for tasks to queue
[2023-07-04T00:23:02.749+0000] {logging_mixin.py:149} INFO - [2023-07-04T00:23:02.749+0000] {dagbag.py:541} INFO - Filling up the DagBag from /home/airflow/.local/lib/python3.7/site-packages/airflow/example_dags/example_dynamic_task_mapping_with_no_taskflow_operators.py
[2023-07-04T00:23:02.764+0000] {processor.py:836} INFO - DAG(s) dict_keys(['example_dynamic_task_mapping_with_no_taskflow_operators']) retrieved from /home/airflow/.local/lib/python3.7/site-packages/airflow/example_dags/example_dynamic_task_mapping_with_no_taskflow_operators.py
[2023-07-04T00:23:02.827+0000] {logging_mixin.py:149} INFO - [2023-07-04T00:23:02.827+0000] {dag.py:2726} INFO - Sync 1 DAGs
[2023-07-04T00:23:02.894+0000] {logging_mixin.py:149} INFO - [2023-07-04T00:23:02.894+0000] {dag.py:3490} INFO - Setting next_dagrun for example_dynamic_task_mapping_with_no_taskflow_operators to 2023-07-03T00:23:02.894008+00:00, run_after=2023-07-04T00:23:02.894008+00:00
[2023-07-04T00:23:02.930+0000] {processor.py:179} INFO - Processing /home/airflow/.local/lib/python3.7/site-packages/airflow/example_dags/example_dynamic_task_mapping_with_no_taskflow_operators.py took 0.193 seconds
[2023-07-04T00:23:33.571+0000] {processor.py:157} INFO - Started process (PID=1891) to work on /home/airflow/.local/lib/python3.7/site-packages/airflow/example_dags/example_dynamic_task_mapping_with_no_taskflow_operators.py
[2023-07-04T00:23:33.573+0000] {processor.py:826} INFO - Processing file /home/airflow/.local/lib/python3.7/site-packages/airflow/example_dags/example_dynamic_task_mapping_with_no_taskflow_operators.py for tasks to queue
[2023-07-04T00:23:33.574+0000] {logging_mixin.py:149} INFO - [2023-07-04T00:23:33.574+0000] {dagbag.py:541} INFO - Filling up the DagBag from /home/airflow/.local/lib/python3.7/site-packages/airflow/example_dags/example_dynamic_task_mapping_with_no_taskflow_operators.py
[2023-07-04T00:23:33.588+0000] {processor.py:836} INFO - DAG(s) dict_keys(['example_dynamic_task_mapping_with_no_taskflow_operators']) retrieved from /home/airflow/.local/lib/python3.7/site-packages/airflow/example_dags/example_dynamic_task_mapping_with_no_taskflow_operators.py
[2023-07-04T00:23:33.636+0000] {logging_mixin.py:149} INFO - [2023-07-04T00:23:33.635+0000] {dag.py:2726} INFO - Sync 1 DAGs
[2023-07-04T00:23:33.698+0000] {logging_mixin.py:149} INFO - [2023-07-04T00:23:33.698+0000] {dag.py:3490} INFO - Setting next_dagrun for example_dynamic_task_mapping_with_no_taskflow_operators to 2023-07-03T00:23:33.697801+00:00, run_after=2023-07-04T00:23:33.697801+00:00
[2023-07-04T00:23:33.740+0000] {processor.py:179} INFO - Processing /home/airflow/.local/lib/python3.7/site-packages/airflow/example_dags/example_dynamic_task_mapping_with_no_taskflow_operators.py took 0.176 seconds
[2023-07-04T00:24:04.289+0000] {processor.py:157} INFO - Started process (PID=1948) to work on /home/airflow/.local/lib/python3.7/site-packages/airflow/example_dags/example_dynamic_task_mapping_with_no_taskflow_operators.py
[2023-07-04T00:24:04.291+0000] {processor.py:826} INFO - Processing file /home/airflow/.local/lib/python3.7/site-packages/airflow/example_dags/example_dynamic_task_mapping_with_no_taskflow_operators.py for tasks to queue
[2023-07-04T00:24:04.295+0000] {logging_mixin.py:149} INFO - [2023-07-04T00:24:04.294+0000] {dagbag.py:541} INFO - Filling up the DagBag from /home/airflow/.local/lib/python3.7/site-packages/airflow/example_dags/example_dynamic_task_mapping_with_no_taskflow_operators.py
[2023-07-04T00:24:04.318+0000] {processor.py:836} INFO - DAG(s) dict_keys(['example_dynamic_task_mapping_with_no_taskflow_operators']) retrieved from /home/airflow/.local/lib/python3.7/site-packages/airflow/example_dags/example_dynamic_task_mapping_with_no_taskflow_operators.py
[2023-07-04T00:24:04.411+0000] {logging_mixin.py:149} INFO - [2023-07-04T00:24:04.411+0000] {dag.py:2726} INFO - Sync 1 DAGs
[2023-07-04T00:24:04.547+0000] {logging_mixin.py:149} INFO - [2023-07-04T00:24:04.546+0000] {dag.py:3490} INFO - Setting next_dagrun for example_dynamic_task_mapping_with_no_taskflow_operators to 2023-07-03T00:24:04.536595+00:00, run_after=2023-07-04T00:24:04.536595+00:00
[2023-07-04T00:24:04.656+0000] {processor.py:179} INFO - Processing /home/airflow/.local/lib/python3.7/site-packages/airflow/example_dags/example_dynamic_task_mapping_with_no_taskflow_operators.py took 0.376 seconds
[2023-07-04T00:24:35.030+0000] {processor.py:157} INFO - Started process (PID=2005) to work on /home/airflow/.local/lib/python3.7/site-packages/airflow/example_dags/example_dynamic_task_mapping_with_no_taskflow_operators.py
[2023-07-04T00:24:35.032+0000] {processor.py:826} INFO - Processing file /home/airflow/.local/lib/python3.7/site-packages/airflow/example_dags/example_dynamic_task_mapping_with_no_taskflow_operators.py for tasks to queue
[2023-07-04T00:24:35.033+0000] {logging_mixin.py:149} INFO - [2023-07-04T00:24:35.033+0000] {dagbag.py:541} INFO - Filling up the DagBag from /home/airflow/.local/lib/python3.7/site-packages/airflow/example_dags/example_dynamic_task_mapping_with_no_taskflow_operators.py
[2023-07-04T00:24:35.050+0000] {processor.py:836} INFO - DAG(s) dict_keys(['example_dynamic_task_mapping_with_no_taskflow_operators']) retrieved from /home/airflow/.local/lib/python3.7/site-packages/airflow/example_dags/example_dynamic_task_mapping_with_no_taskflow_operators.py
[2023-07-04T00:24:35.096+0000] {logging_mixin.py:149} INFO - [2023-07-04T00:24:35.096+0000] {dag.py:2726} INFO - Sync 1 DAGs
[2023-07-04T00:24:35.144+0000] {logging_mixin.py:149} INFO - [2023-07-04T00:24:35.144+0000] {dag.py:3490} INFO - Setting next_dagrun for example_dynamic_task_mapping_with_no_taskflow_operators to 2023-07-03T00:24:35.143997+00:00, run_after=2023-07-04T00:24:35.143997+00:00
[2023-07-04T00:24:35.178+0000] {processor.py:179} INFO - Processing /home/airflow/.local/lib/python3.7/site-packages/airflow/example_dags/example_dynamic_task_mapping_with_no_taskflow_operators.py took 0.155 seconds
[2023-07-04T00:25:05.293+0000] {processor.py:157} INFO - Started process (PID=2062) to work on /home/airflow/.local/lib/python3.7/site-packages/airflow/example_dags/example_dynamic_task_mapping_with_no_taskflow_operators.py
[2023-07-04T00:25:05.295+0000] {processor.py:826} INFO - Processing file /home/airflow/.local/lib/python3.7/site-packages/airflow/example_dags/example_dynamic_task_mapping_with_no_taskflow_operators.py for tasks to queue
[2023-07-04T00:25:05.298+0000] {logging_mixin.py:149} INFO - [2023-07-04T00:25:05.298+0000] {dagbag.py:541} INFO - Filling up the DagBag from /home/airflow/.local/lib/python3.7/site-packages/airflow/example_dags/example_dynamic_task_mapping_with_no_taskflow_operators.py
[2023-07-04T00:25:05.326+0000] {processor.py:836} INFO - DAG(s) dict_keys(['example_dynamic_task_mapping_with_no_taskflow_operators']) retrieved from /home/airflow/.local/lib/python3.7/site-packages/airflow/example_dags/example_dynamic_task_mapping_with_no_taskflow_operators.py
[2023-07-04T00:25:05.396+0000] {logging_mixin.py:149} INFO - [2023-07-04T00:25:05.395+0000] {dag.py:2726} INFO - Sync 1 DAGs
[2023-07-04T00:25:05.471+0000] {logging_mixin.py:149} INFO - [2023-07-04T00:25:05.470+0000] {dag.py:3490} INFO - Setting next_dagrun for example_dynamic_task_mapping_with_no_taskflow_operators to 2023-07-03T00:25:05.469547+00:00, run_after=2023-07-04T00:25:05.469547+00:00
[2023-07-04T00:25:05.513+0000] {processor.py:179} INFO - Processing /home/airflow/.local/lib/python3.7/site-packages/airflow/example_dags/example_dynamic_task_mapping_with_no_taskflow_operators.py took 0.232 seconds
[2023-07-04T00:25:35.553+0000] {processor.py:157} INFO - Started process (PID=2119) to work on /home/airflow/.local/lib/python3.7/site-packages/airflow/example_dags/example_dynamic_task_mapping_with_no_taskflow_operators.py
[2023-07-04T00:25:35.555+0000] {processor.py:826} INFO - Processing file /home/airflow/.local/lib/python3.7/site-packages/airflow/example_dags/example_dynamic_task_mapping_with_no_taskflow_operators.py for tasks to queue
[2023-07-04T00:25:35.556+0000] {logging_mixin.py:149} INFO - [2023-07-04T00:25:35.556+0000] {dagbag.py:541} INFO - Filling up the DagBag from /home/airflow/.local/lib/python3.7/site-packages/airflow/example_dags/example_dynamic_task_mapping_with_no_taskflow_operators.py
[2023-07-04T00:25:35.569+0000] {processor.py:836} INFO - DAG(s) dict_keys(['example_dynamic_task_mapping_with_no_taskflow_operators']) retrieved from /home/airflow/.local/lib/python3.7/site-packages/airflow/example_dags/example_dynamic_task_mapping_with_no_taskflow_operators.py
[2023-07-04T00:25:35.631+0000] {logging_mixin.py:149} INFO - [2023-07-04T00:25:35.631+0000] {dag.py:2726} INFO - Sync 1 DAGs
[2023-07-04T00:25:35.694+0000] {logging_mixin.py:149} INFO - [2023-07-04T00:25:35.693+0000] {dag.py:3490} INFO - Setting next_dagrun for example_dynamic_task_mapping_with_no_taskflow_operators to 2023-07-03T00:25:35.693311+00:00, run_after=2023-07-04T00:25:35.693311+00:00
[2023-07-04T00:25:35.730+0000] {processor.py:179} INFO - Processing /home/airflow/.local/lib/python3.7/site-packages/airflow/example_dags/example_dynamic_task_mapping_with_no_taskflow_operators.py took 0.188 seconds
[2023-07-04T00:26:05.958+0000] {processor.py:157} INFO - Started process (PID=2176) to work on /home/airflow/.local/lib/python3.7/site-packages/airflow/example_dags/example_dynamic_task_mapping_with_no_taskflow_operators.py
[2023-07-04T00:26:05.959+0000] {processor.py:826} INFO - Processing file /home/airflow/.local/lib/python3.7/site-packages/airflow/example_dags/example_dynamic_task_mapping_with_no_taskflow_operators.py for tasks to queue
[2023-07-04T00:26:05.961+0000] {logging_mixin.py:149} INFO - [2023-07-04T00:26:05.960+0000] {dagbag.py:541} INFO - Filling up the DagBag from /home/airflow/.local/lib/python3.7/site-packages/airflow/example_dags/example_dynamic_task_mapping_with_no_taskflow_operators.py
[2023-07-04T00:26:05.976+0000] {processor.py:836} INFO - DAG(s) dict_keys(['example_dynamic_task_mapping_with_no_taskflow_operators']) retrieved from /home/airflow/.local/lib/python3.7/site-packages/airflow/example_dags/example_dynamic_task_mapping_with_no_taskflow_operators.py
[2023-07-04T00:26:06.036+0000] {logging_mixin.py:149} INFO - [2023-07-04T00:26:06.035+0000] {dag.py:2726} INFO - Sync 1 DAGs
[2023-07-04T00:26:06.145+0000] {logging_mixin.py:149} INFO - [2023-07-04T00:26:06.145+0000] {dag.py:3490} INFO - Setting next_dagrun for example_dynamic_task_mapping_with_no_taskflow_operators to 2023-07-03T00:26:06.144696+00:00, run_after=2023-07-04T00:26:06.144696+00:00
[2023-07-04T00:26:06.199+0000] {processor.py:179} INFO - Processing /home/airflow/.local/lib/python3.7/site-packages/airflow/example_dags/example_dynamic_task_mapping_with_no_taskflow_operators.py took 0.254 seconds
[2023-07-04T00:26:36.403+0000] {processor.py:157} INFO - Started process (PID=2232) to work on /home/airflow/.local/lib/python3.7/site-packages/airflow/example_dags/example_dynamic_task_mapping_with_no_taskflow_operators.py
[2023-07-04T00:26:36.404+0000] {processor.py:826} INFO - Processing file /home/airflow/.local/lib/python3.7/site-packages/airflow/example_dags/example_dynamic_task_mapping_with_no_taskflow_operators.py for tasks to queue
[2023-07-04T00:26:36.405+0000] {logging_mixin.py:149} INFO - [2023-07-04T00:26:36.405+0000] {dagbag.py:541} INFO - Filling up the DagBag from /home/airflow/.local/lib/python3.7/site-packages/airflow/example_dags/example_dynamic_task_mapping_with_no_taskflow_operators.py
[2023-07-04T00:26:36.422+0000] {processor.py:836} INFO - DAG(s) dict_keys(['example_dynamic_task_mapping_with_no_taskflow_operators']) retrieved from /home/airflow/.local/lib/python3.7/site-packages/airflow/example_dags/example_dynamic_task_mapping_with_no_taskflow_operators.py
[2023-07-04T00:26:36.472+0000] {logging_mixin.py:149} INFO - [2023-07-04T00:26:36.472+0000] {dag.py:2726} INFO - Sync 1 DAGs
[2023-07-04T00:26:36.534+0000] {logging_mixin.py:149} INFO - [2023-07-04T00:26:36.534+0000] {dag.py:3490} INFO - Setting next_dagrun for example_dynamic_task_mapping_with_no_taskflow_operators to 2023-07-03T00:26:36.533626+00:00, run_after=2023-07-04T00:26:36.533626+00:00
[2023-07-04T00:26:36.581+0000] {processor.py:179} INFO - Processing /home/airflow/.local/lib/python3.7/site-packages/airflow/example_dags/example_dynamic_task_mapping_with_no_taskflow_operators.py took 0.184 seconds
[2023-07-04T00:27:06.701+0000] {processor.py:157} INFO - Started process (PID=2289) to work on /home/airflow/.local/lib/python3.7/site-packages/airflow/example_dags/example_dynamic_task_mapping_with_no_taskflow_operators.py
[2023-07-04T00:27:06.703+0000] {processor.py:826} INFO - Processing file /home/airflow/.local/lib/python3.7/site-packages/airflow/example_dags/example_dynamic_task_mapping_with_no_taskflow_operators.py for tasks to queue
[2023-07-04T00:27:06.704+0000] {logging_mixin.py:149} INFO - [2023-07-04T00:27:06.704+0000] {dagbag.py:541} INFO - Filling up the DagBag from /home/airflow/.local/lib/python3.7/site-packages/airflow/example_dags/example_dynamic_task_mapping_with_no_taskflow_operators.py
[2023-07-04T00:27:06.719+0000] {processor.py:836} INFO - DAG(s) dict_keys(['example_dynamic_task_mapping_with_no_taskflow_operators']) retrieved from /home/airflow/.local/lib/python3.7/site-packages/airflow/example_dags/example_dynamic_task_mapping_with_no_taskflow_operators.py
[2023-07-04T00:27:06.763+0000] {logging_mixin.py:149} INFO - [2023-07-04T00:27:06.763+0000] {dag.py:2726} INFO - Sync 1 DAGs
[2023-07-04T00:27:06.821+0000] {logging_mixin.py:149} INFO - [2023-07-04T00:27:06.820+0000] {dag.py:3490} INFO - Setting next_dagrun for example_dynamic_task_mapping_with_no_taskflow_operators to 2023-07-03T00:27:06.820152+00:00, run_after=2023-07-04T00:27:06.820152+00:00
[2023-07-04T00:27:06.868+0000] {processor.py:179} INFO - Processing /home/airflow/.local/lib/python3.7/site-packages/airflow/example_dags/example_dynamic_task_mapping_with_no_taskflow_operators.py took 0.174 seconds
[2023-07-04T00:27:36.972+0000] {processor.py:157} INFO - Started process (PID=2346) to work on /home/airflow/.local/lib/python3.7/site-packages/airflow/example_dags/example_dynamic_task_mapping_with_no_taskflow_operators.py
[2023-07-04T00:27:36.974+0000] {processor.py:826} INFO - Processing file /home/airflow/.local/lib/python3.7/site-packages/airflow/example_dags/example_dynamic_task_mapping_with_no_taskflow_operators.py for tasks to queue
[2023-07-04T00:27:36.975+0000] {logging_mixin.py:149} INFO - [2023-07-04T00:27:36.975+0000] {dagbag.py:541} INFO - Filling up the DagBag from /home/airflow/.local/lib/python3.7/site-packages/airflow/example_dags/example_dynamic_task_mapping_with_no_taskflow_operators.py
[2023-07-04T00:27:36.986+0000] {processor.py:836} INFO - DAG(s) dict_keys(['example_dynamic_task_mapping_with_no_taskflow_operators']) retrieved from /home/airflow/.local/lib/python3.7/site-packages/airflow/example_dags/example_dynamic_task_mapping_with_no_taskflow_operators.py
[2023-07-04T00:27:37.021+0000] {logging_mixin.py:149} INFO - [2023-07-04T00:27:37.020+0000] {dag.py:2726} INFO - Sync 1 DAGs
[2023-07-04T00:27:37.065+0000] {logging_mixin.py:149} INFO - [2023-07-04T00:27:37.065+0000] {dag.py:3490} INFO - Setting next_dagrun for example_dynamic_task_mapping_with_no_taskflow_operators to 2023-07-03T00:27:37.064710+00:00, run_after=2023-07-04T00:27:37.064710+00:00
[2023-07-04T00:27:37.098+0000] {processor.py:179} INFO - Processing /home/airflow/.local/lib/python3.7/site-packages/airflow/example_dags/example_dynamic_task_mapping_with_no_taskflow_operators.py took 0.133 seconds
[2023-07-04T00:28:07.259+0000] {processor.py:157} INFO - Started process (PID=2403) to work on /home/airflow/.local/lib/python3.7/site-packages/airflow/example_dags/example_dynamic_task_mapping_with_no_taskflow_operators.py
[2023-07-04T00:28:07.261+0000] {processor.py:826} INFO - Processing file /home/airflow/.local/lib/python3.7/site-packages/airflow/example_dags/example_dynamic_task_mapping_with_no_taskflow_operators.py for tasks to queue
[2023-07-04T00:28:07.262+0000] {logging_mixin.py:149} INFO - [2023-07-04T00:28:07.262+0000] {dagbag.py:541} INFO - Filling up the DagBag from /home/airflow/.local/lib/python3.7/site-packages/airflow/example_dags/example_dynamic_task_mapping_with_no_taskflow_operators.py
[2023-07-04T00:28:07.273+0000] {processor.py:836} INFO - DAG(s) dict_keys(['example_dynamic_task_mapping_with_no_taskflow_operators']) retrieved from /home/airflow/.local/lib/python3.7/site-packages/airflow/example_dags/example_dynamic_task_mapping_with_no_taskflow_operators.py
[2023-07-04T00:28:07.314+0000] {logging_mixin.py:149} INFO - [2023-07-04T00:28:07.314+0000] {dag.py:2726} INFO - Sync 1 DAGs
[2023-07-04T00:28:07.363+0000] {logging_mixin.py:149} INFO - [2023-07-04T00:28:07.362+0000] {dag.py:3490} INFO - Setting next_dagrun for example_dynamic_task_mapping_with_no_taskflow_operators to 2023-07-03T00:28:07.362330+00:00, run_after=2023-07-04T00:28:07.362330+00:00
[2023-07-04T00:28:07.401+0000] {processor.py:179} INFO - Processing /home/airflow/.local/lib/python3.7/site-packages/airflow/example_dags/example_dynamic_task_mapping_with_no_taskflow_operators.py took 0.147 seconds
[2023-07-04T00:28:37.478+0000] {processor.py:157} INFO - Started process (PID=2460) to work on /home/airflow/.local/lib/python3.7/site-packages/airflow/example_dags/example_dynamic_task_mapping_with_no_taskflow_operators.py
[2023-07-04T00:28:37.479+0000] {processor.py:826} INFO - Processing file /home/airflow/.local/lib/python3.7/site-packages/airflow/example_dags/example_dynamic_task_mapping_with_no_taskflow_operators.py for tasks to queue
[2023-07-04T00:28:37.480+0000] {logging_mixin.py:149} INFO - [2023-07-04T00:28:37.480+0000] {dagbag.py:541} INFO - Filling up the DagBag from /home/airflow/.local/lib/python3.7/site-packages/airflow/example_dags/example_dynamic_task_mapping_with_no_taskflow_operators.py
[2023-07-04T00:28:37.491+0000] {processor.py:836} INFO - DAG(s) dict_keys(['example_dynamic_task_mapping_with_no_taskflow_operators']) retrieved from /home/airflow/.local/lib/python3.7/site-packages/airflow/example_dags/example_dynamic_task_mapping_with_no_taskflow_operators.py
[2023-07-04T00:28:37.529+0000] {logging_mixin.py:149} INFO - [2023-07-04T00:28:37.529+0000] {dag.py:2726} INFO - Sync 1 DAGs
[2023-07-04T00:28:37.572+0000] {logging_mixin.py:149} INFO - [2023-07-04T00:28:37.572+0000] {dag.py:3490} INFO - Setting next_dagrun for example_dynamic_task_mapping_with_no_taskflow_operators to 2023-07-03T00:28:37.571757+00:00, run_after=2023-07-04T00:28:37.571757+00:00
[2023-07-04T00:28:37.603+0000] {processor.py:179} INFO - Processing /home/airflow/.local/lib/python3.7/site-packages/airflow/example_dags/example_dynamic_task_mapping_with_no_taskflow_operators.py took 0.131 seconds
[2023-07-04T00:29:07.999+0000] {processor.py:157} INFO - Started process (PID=2517) to work on /home/airflow/.local/lib/python3.7/site-packages/airflow/example_dags/example_dynamic_task_mapping_with_no_taskflow_operators.py
[2023-07-04T00:29:08.000+0000] {processor.py:826} INFO - Processing file /home/airflow/.local/lib/python3.7/site-packages/airflow/example_dags/example_dynamic_task_mapping_with_no_taskflow_operators.py for tasks to queue
[2023-07-04T00:29:08.001+0000] {logging_mixin.py:149} INFO - [2023-07-04T00:29:08.001+0000] {dagbag.py:541} INFO - Filling up the DagBag from /home/airflow/.local/lib/python3.7/site-packages/airflow/example_dags/example_dynamic_task_mapping_with_no_taskflow_operators.py
[2023-07-04T00:29:08.012+0000] {processor.py:836} INFO - DAG(s) dict_keys(['example_dynamic_task_mapping_with_no_taskflow_operators']) retrieved from /home/airflow/.local/lib/python3.7/site-packages/airflow/example_dags/example_dynamic_task_mapping_with_no_taskflow_operators.py
[2023-07-04T00:29:08.060+0000] {logging_mixin.py:149} INFO - [2023-07-04T00:29:08.060+0000] {dag.py:2726} INFO - Sync 1 DAGs
[2023-07-04T00:29:08.121+0000] {logging_mixin.py:149} INFO - [2023-07-04T00:29:08.120+0000] {dag.py:3490} INFO - Setting next_dagrun for example_dynamic_task_mapping_with_no_taskflow_operators to 2023-07-03T00:29:08.120067+00:00, run_after=2023-07-04T00:29:08.120067+00:00
[2023-07-04T00:29:08.162+0000] {processor.py:179} INFO - Processing /home/airflow/.local/lib/python3.7/site-packages/airflow/example_dags/example_dynamic_task_mapping_with_no_taskflow_operators.py took 0.169 seconds
[2023-07-04T00:29:38.711+0000] {processor.py:157} INFO - Started process (PID=2574) to work on /home/airflow/.local/lib/python3.7/site-packages/airflow/example_dags/example_dynamic_task_mapping_with_no_taskflow_operators.py
[2023-07-04T00:29:38.713+0000] {processor.py:826} INFO - Processing file /home/airflow/.local/lib/python3.7/site-packages/airflow/example_dags/example_dynamic_task_mapping_with_no_taskflow_operators.py for tasks to queue
[2023-07-04T00:29:38.715+0000] {logging_mixin.py:149} INFO - [2023-07-04T00:29:38.714+0000] {dagbag.py:541} INFO - Filling up the DagBag from /home/airflow/.local/lib/python3.7/site-packages/airflow/example_dags/example_dynamic_task_mapping_with_no_taskflow_operators.py
[2023-07-04T00:29:38.734+0000] {processor.py:836} INFO - DAG(s) dict_keys(['example_dynamic_task_mapping_with_no_taskflow_operators']) retrieved from /home/airflow/.local/lib/python3.7/site-packages/airflow/example_dags/example_dynamic_task_mapping_with_no_taskflow_operators.py
[2023-07-04T00:29:38.790+0000] {logging_mixin.py:149} INFO - [2023-07-04T00:29:38.790+0000] {dag.py:2726} INFO - Sync 1 DAGs
[2023-07-04T00:29:38.832+0000] {logging_mixin.py:149} INFO - [2023-07-04T00:29:38.832+0000] {dag.py:3490} INFO - Setting next_dagrun for example_dynamic_task_mapping_with_no_taskflow_operators to 2023-07-03T00:29:38.831643+00:00, run_after=2023-07-04T00:29:38.831643+00:00
[2023-07-04T00:29:38.860+0000] {processor.py:179} INFO - Processing /home/airflow/.local/lib/python3.7/site-packages/airflow/example_dags/example_dynamic_task_mapping_with_no_taskflow_operators.py took 0.158 seconds
[2023-07-04T00:30:09.761+0000] {processor.py:157} INFO - Started process (PID=2631) to work on /home/airflow/.local/lib/python3.7/site-packages/airflow/example_dags/example_dynamic_task_mapping_with_no_taskflow_operators.py
[2023-07-04T00:30:09.763+0000] {processor.py:826} INFO - Processing file /home/airflow/.local/lib/python3.7/site-packages/airflow/example_dags/example_dynamic_task_mapping_with_no_taskflow_operators.py for tasks to queue
[2023-07-04T00:30:09.764+0000] {logging_mixin.py:149} INFO - [2023-07-04T00:30:09.764+0000] {dagbag.py:541} INFO - Filling up the DagBag from /home/airflow/.local/lib/python3.7/site-packages/airflow/example_dags/example_dynamic_task_mapping_with_no_taskflow_operators.py
[2023-07-04T00:30:09.775+0000] {processor.py:836} INFO - DAG(s) dict_keys(['example_dynamic_task_mapping_with_no_taskflow_operators']) retrieved from /home/airflow/.local/lib/python3.7/site-packages/airflow/example_dags/example_dynamic_task_mapping_with_no_taskflow_operators.py
[2023-07-04T00:30:09.810+0000] {logging_mixin.py:149} INFO - [2023-07-04T00:30:09.809+0000] {dag.py:2726} INFO - Sync 1 DAGs
[2023-07-04T00:30:09.851+0000] {logging_mixin.py:149} INFO - [2023-07-04T00:30:09.851+0000] {dag.py:3490} INFO - Setting next_dagrun for example_dynamic_task_mapping_with_no_taskflow_operators to 2023-07-03T00:30:09.851066+00:00, run_after=2023-07-04T00:30:09.851066+00:00
[2023-07-04T00:30:09.882+0000] {processor.py:179} INFO - Processing /home/airflow/.local/lib/python3.7/site-packages/airflow/example_dags/example_dynamic_task_mapping_with_no_taskflow_operators.py took 0.126 seconds
[2023-07-04T00:30:40.129+0000] {processor.py:157} INFO - Started process (PID=2688) to work on /home/airflow/.local/lib/python3.7/site-packages/airflow/example_dags/example_dynamic_task_mapping_with_no_taskflow_operators.py
[2023-07-04T00:30:40.131+0000] {processor.py:826} INFO - Processing file /home/airflow/.local/lib/python3.7/site-packages/airflow/example_dags/example_dynamic_task_mapping_with_no_taskflow_operators.py for tasks to queue
[2023-07-04T00:30:40.133+0000] {logging_mixin.py:149} INFO - [2023-07-04T00:30:40.132+0000] {dagbag.py:541} INFO - Filling up the DagBag from /home/airflow/.local/lib/python3.7/site-packages/airflow/example_dags/example_dynamic_task_mapping_with_no_taskflow_operators.py
[2023-07-04T00:30:40.149+0000] {processor.py:836} INFO - DAG(s) dict_keys(['example_dynamic_task_mapping_with_no_taskflow_operators']) retrieved from /home/airflow/.local/lib/python3.7/site-packages/airflow/example_dags/example_dynamic_task_mapping_with_no_taskflow_operators.py
[2023-07-04T00:30:40.218+0000] {logging_mixin.py:149} INFO - [2023-07-04T00:30:40.217+0000] {dag.py:2726} INFO - Sync 1 DAGs
[2023-07-04T00:30:40.290+0000] {logging_mixin.py:149} INFO - [2023-07-04T00:30:40.290+0000] {dag.py:3490} INFO - Setting next_dagrun for example_dynamic_task_mapping_with_no_taskflow_operators to 2023-07-03T00:30:40.289516+00:00, run_after=2023-07-04T00:30:40.289516+00:00
[2023-07-04T00:30:40.327+0000] {processor.py:179} INFO - Processing /home/airflow/.local/lib/python3.7/site-packages/airflow/example_dags/example_dynamic_task_mapping_with_no_taskflow_operators.py took 0.206 seconds
[2023-07-04T00:31:10.534+0000] {processor.py:157} INFO - Started process (PID=2739) to work on /home/airflow/.local/lib/python3.7/site-packages/airflow/example_dags/example_dynamic_task_mapping_with_no_taskflow_operators.py
[2023-07-04T00:31:10.535+0000] {processor.py:826} INFO - Processing file /home/airflow/.local/lib/python3.7/site-packages/airflow/example_dags/example_dynamic_task_mapping_with_no_taskflow_operators.py for tasks to queue
[2023-07-04T00:31:10.536+0000] {logging_mixin.py:149} INFO - [2023-07-04T00:31:10.536+0000] {dagbag.py:541} INFO - Filling up the DagBag from /home/airflow/.local/lib/python3.7/site-packages/airflow/example_dags/example_dynamic_task_mapping_with_no_taskflow_operators.py
[2023-07-04T00:31:10.545+0000] {processor.py:836} INFO - DAG(s) dict_keys(['example_dynamic_task_mapping_with_no_taskflow_operators']) retrieved from /home/airflow/.local/lib/python3.7/site-packages/airflow/example_dags/example_dynamic_task_mapping_with_no_taskflow_operators.py
[2023-07-04T00:31:10.583+0000] {logging_mixin.py:149} INFO - [2023-07-04T00:31:10.583+0000] {dag.py:2726} INFO - Sync 1 DAGs
[2023-07-04T00:31:10.623+0000] {logging_mixin.py:149} INFO - [2023-07-04T00:31:10.623+0000] {dag.py:3490} INFO - Setting next_dagrun for example_dynamic_task_mapping_with_no_taskflow_operators to 2023-07-03T00:31:10.623138+00:00, run_after=2023-07-04T00:31:10.623138+00:00
[2023-07-04T00:31:10.653+0000] {processor.py:179} INFO - Processing /home/airflow/.local/lib/python3.7/site-packages/airflow/example_dags/example_dynamic_task_mapping_with_no_taskflow_operators.py took 0.125 seconds
[2023-07-04T00:31:40.916+0000] {processor.py:157} INFO - Started process (PID=2796) to work on /home/airflow/.local/lib/python3.7/site-packages/airflow/example_dags/example_dynamic_task_mapping_with_no_taskflow_operators.py
[2023-07-04T00:31:40.918+0000] {processor.py:826} INFO - Processing file /home/airflow/.local/lib/python3.7/site-packages/airflow/example_dags/example_dynamic_task_mapping_with_no_taskflow_operators.py for tasks to queue
[2023-07-04T00:31:40.919+0000] {logging_mixin.py:149} INFO - [2023-07-04T00:31:40.918+0000] {dagbag.py:541} INFO - Filling up the DagBag from /home/airflow/.local/lib/python3.7/site-packages/airflow/example_dags/example_dynamic_task_mapping_with_no_taskflow_operators.py
[2023-07-04T00:31:40.928+0000] {processor.py:836} INFO - DAG(s) dict_keys(['example_dynamic_task_mapping_with_no_taskflow_operators']) retrieved from /home/airflow/.local/lib/python3.7/site-packages/airflow/example_dags/example_dynamic_task_mapping_with_no_taskflow_operators.py
[2023-07-04T00:31:40.966+0000] {logging_mixin.py:149} INFO - [2023-07-04T00:31:40.966+0000] {dag.py:2726} INFO - Sync 1 DAGs
[2023-07-04T00:31:41.009+0000] {logging_mixin.py:149} INFO - [2023-07-04T00:31:41.009+0000] {dag.py:3490} INFO - Setting next_dagrun for example_dynamic_task_mapping_with_no_taskflow_operators to 2023-07-03T00:31:41.008700+00:00, run_after=2023-07-04T00:31:41.008700+00:00
[2023-07-04T00:31:41.039+0000] {processor.py:179} INFO - Processing /home/airflow/.local/lib/python3.7/site-packages/airflow/example_dags/example_dynamic_task_mapping_with_no_taskflow_operators.py took 0.128 seconds
[2023-07-04T00:32:11.122+0000] {processor.py:157} INFO - Started process (PID=2852) to work on /home/airflow/.local/lib/python3.7/site-packages/airflow/example_dags/example_dynamic_task_mapping_with_no_taskflow_operators.py
[2023-07-04T00:32:11.123+0000] {processor.py:826} INFO - Processing file /home/airflow/.local/lib/python3.7/site-packages/airflow/example_dags/example_dynamic_task_mapping_with_no_taskflow_operators.py for tasks to queue
[2023-07-04T00:32:11.124+0000] {logging_mixin.py:149} INFO - [2023-07-04T00:32:11.124+0000] {dagbag.py:541} INFO - Filling up the DagBag from /home/airflow/.local/lib/python3.7/site-packages/airflow/example_dags/example_dynamic_task_mapping_with_no_taskflow_operators.py
[2023-07-04T00:32:11.134+0000] {processor.py:836} INFO - DAG(s) dict_keys(['example_dynamic_task_mapping_with_no_taskflow_operators']) retrieved from /home/airflow/.local/lib/python3.7/site-packages/airflow/example_dags/example_dynamic_task_mapping_with_no_taskflow_operators.py
[2023-07-04T00:32:11.173+0000] {logging_mixin.py:149} INFO - [2023-07-04T00:32:11.173+0000] {dag.py:2726} INFO - Sync 1 DAGs
[2023-07-04T00:32:11.224+0000] {logging_mixin.py:149} INFO - [2023-07-04T00:32:11.224+0000] {dag.py:3490} INFO - Setting next_dagrun for example_dynamic_task_mapping_with_no_taskflow_operators to 2023-07-03T00:32:11.223774+00:00, run_after=2023-07-04T00:32:11.223774+00:00
[2023-07-04T00:32:11.264+0000] {processor.py:179} INFO - Processing /home/airflow/.local/lib/python3.7/site-packages/airflow/example_dags/example_dynamic_task_mapping_with_no_taskflow_operators.py took 0.148 seconds
[2023-07-04T00:32:42.502+0000] {processor.py:157} INFO - Started process (PID=2910) to work on /home/airflow/.local/lib/python3.7/site-packages/airflow/example_dags/example_dynamic_task_mapping_with_no_taskflow_operators.py
[2023-07-04T00:32:42.506+0000] {processor.py:826} INFO - Processing file /home/airflow/.local/lib/python3.7/site-packages/airflow/example_dags/example_dynamic_task_mapping_with_no_taskflow_operators.py for tasks to queue
[2023-07-04T00:32:42.508+0000] {logging_mixin.py:149} INFO - [2023-07-04T00:32:42.508+0000] {dagbag.py:541} INFO - Filling up the DagBag from /home/airflow/.local/lib/python3.7/site-packages/airflow/example_dags/example_dynamic_task_mapping_with_no_taskflow_operators.py
[2023-07-04T00:32:42.530+0000] {processor.py:836} INFO - DAG(s) dict_keys(['example_dynamic_task_mapping_with_no_taskflow_operators']) retrieved from /home/airflow/.local/lib/python3.7/site-packages/airflow/example_dags/example_dynamic_task_mapping_with_no_taskflow_operators.py
[2023-07-04T00:32:42.619+0000] {logging_mixin.py:149} INFO - [2023-07-04T00:32:42.618+0000] {dag.py:2726} INFO - Sync 1 DAGs
[2023-07-04T00:32:42.722+0000] {logging_mixin.py:149} INFO - [2023-07-04T00:32:42.721+0000] {dag.py:3490} INFO - Setting next_dagrun for example_dynamic_task_mapping_with_no_taskflow_operators to 2023-07-03T00:32:42.720803+00:00, run_after=2023-07-04T00:32:42.720803+00:00
[2023-07-04T00:32:42.783+0000] {processor.py:179} INFO - Processing /home/airflow/.local/lib/python3.7/site-packages/airflow/example_dags/example_dynamic_task_mapping_with_no_taskflow_operators.py took 0.291 seconds
