[2023-07-04T00:07:00.505+0000] {processor.py:157} INFO - Started process (PID=34) to work on /home/airflow/.local/lib/python3.7/site-packages/airflow/example_dags/example_branch_operator.py
[2023-07-04T00:07:00.506+0000] {processor.py:826} INFO - Processing file /home/airflow/.local/lib/python3.7/site-packages/airflow/example_dags/example_branch_operator.py for tasks to queue
[2023-07-04T00:07:00.507+0000] {logging_mixin.py:149} INFO - [2023-07-04T00:07:00.507+0000] {dagbag.py:541} INFO - Filling up the DagBag from /home/airflow/.local/lib/python3.7/site-packages/airflow/example_dags/example_branch_operator.py
[2023-07-04T00:07:00.536+0000] {processor.py:836} INFO - DAG(s) dict_keys(['example_branch_operator']) retrieved from /home/airflow/.local/lib/python3.7/site-packages/airflow/example_dags/example_branch_operator.py
[2023-07-04T00:07:00.598+0000] {logging_mixin.py:149} INFO - [2023-07-04T00:07:00.598+0000] {dag.py:2726} INFO - Sync 1 DAGs
[2023-07-04T00:07:00.648+0000] {logging_mixin.py:149} INFO - [2023-07-04T00:07:00.647+0000] {dag.py:3490} INFO - Setting next_dagrun for example_branch_operator to 2023-07-03T00:00:00+00:00, run_after=2023-07-04T00:00:00+00:00
[2023-07-04T00:07:00.690+0000] {processor.py:179} INFO - Processing /home/airflow/.local/lib/python3.7/site-packages/airflow/example_dags/example_branch_operator.py took 0.190 seconds
[2023-07-04T00:07:31.197+0000] {processor.py:157} INFO - Started process (PID=91) to work on /home/airflow/.local/lib/python3.7/site-packages/airflow/example_dags/example_branch_operator.py
[2023-07-04T00:07:31.199+0000] {processor.py:826} INFO - Processing file /home/airflow/.local/lib/python3.7/site-packages/airflow/example_dags/example_branch_operator.py for tasks to queue
[2023-07-04T00:07:31.200+0000] {logging_mixin.py:149} INFO - [2023-07-04T00:07:31.200+0000] {dagbag.py:541} INFO - Filling up the DagBag from /home/airflow/.local/lib/python3.7/site-packages/airflow/example_dags/example_branch_operator.py
[2023-07-04T00:07:31.213+0000] {processor.py:836} INFO - DAG(s) dict_keys(['example_branch_operator']) retrieved from /home/airflow/.local/lib/python3.7/site-packages/airflow/example_dags/example_branch_operator.py
[2023-07-04T00:07:31.257+0000] {logging_mixin.py:149} INFO - [2023-07-04T00:07:31.257+0000] {dag.py:2726} INFO - Sync 1 DAGs
[2023-07-04T00:07:31.307+0000] {logging_mixin.py:149} INFO - [2023-07-04T00:07:31.307+0000] {dag.py:3490} INFO - Setting next_dagrun for example_branch_operator to 2023-07-03T00:00:00+00:00, run_after=2023-07-04T00:00:00+00:00
[2023-07-04T00:07:31.342+0000] {processor.py:179} INFO - Processing /home/airflow/.local/lib/python3.7/site-packages/airflow/example_dags/example_branch_operator.py took 0.149 seconds
[2023-07-04T00:08:02.090+0000] {processor.py:157} INFO - Started process (PID=148) to work on /home/airflow/.local/lib/python3.7/site-packages/airflow/example_dags/example_branch_operator.py
[2023-07-04T00:08:02.091+0000] {processor.py:826} INFO - Processing file /home/airflow/.local/lib/python3.7/site-packages/airflow/example_dags/example_branch_operator.py for tasks to queue
[2023-07-04T00:08:02.092+0000] {logging_mixin.py:149} INFO - [2023-07-04T00:08:02.092+0000] {dagbag.py:541} INFO - Filling up the DagBag from /home/airflow/.local/lib/python3.7/site-packages/airflow/example_dags/example_branch_operator.py
[2023-07-04T00:08:02.105+0000] {processor.py:836} INFO - DAG(s) dict_keys(['example_branch_operator']) retrieved from /home/airflow/.local/lib/python3.7/site-packages/airflow/example_dags/example_branch_operator.py
[2023-07-04T00:08:02.153+0000] {logging_mixin.py:149} INFO - [2023-07-04T00:08:02.153+0000] {dag.py:2726} INFO - Sync 1 DAGs
[2023-07-04T00:08:02.209+0000] {logging_mixin.py:149} INFO - [2023-07-04T00:08:02.209+0000] {dag.py:3490} INFO - Setting next_dagrun for example_branch_operator to 2023-07-03T00:00:00+00:00, run_after=2023-07-04T00:00:00+00:00
[2023-07-04T00:08:02.247+0000] {processor.py:179} INFO - Processing /home/airflow/.local/lib/python3.7/site-packages/airflow/example_dags/example_branch_operator.py took 0.162 seconds
[2023-07-04T00:08:32.510+0000] {processor.py:157} INFO - Started process (PID=205) to work on /home/airflow/.local/lib/python3.7/site-packages/airflow/example_dags/example_branch_operator.py
[2023-07-04T00:08:32.512+0000] {processor.py:826} INFO - Processing file /home/airflow/.local/lib/python3.7/site-packages/airflow/example_dags/example_branch_operator.py for tasks to queue
[2023-07-04T00:08:32.513+0000] {logging_mixin.py:149} INFO - [2023-07-04T00:08:32.513+0000] {dagbag.py:541} INFO - Filling up the DagBag from /home/airflow/.local/lib/python3.7/site-packages/airflow/example_dags/example_branch_operator.py
[2023-07-04T00:08:32.527+0000] {processor.py:836} INFO - DAG(s) dict_keys(['example_branch_operator']) retrieved from /home/airflow/.local/lib/python3.7/site-packages/airflow/example_dags/example_branch_operator.py
[2023-07-04T00:08:32.580+0000] {logging_mixin.py:149} INFO - [2023-07-04T00:08:32.580+0000] {dag.py:2726} INFO - Sync 1 DAGs
[2023-07-04T00:08:32.632+0000] {logging_mixin.py:149} INFO - [2023-07-04T00:08:32.632+0000] {dag.py:3490} INFO - Setting next_dagrun for example_branch_operator to 2023-07-03T00:00:00+00:00, run_after=2023-07-04T00:00:00+00:00
[2023-07-04T00:08:32.669+0000] {processor.py:179} INFO - Processing /home/airflow/.local/lib/python3.7/site-packages/airflow/example_dags/example_branch_operator.py took 0.165 seconds
[2023-07-04T00:09:03.386+0000] {processor.py:157} INFO - Started process (PID=262) to work on /home/airflow/.local/lib/python3.7/site-packages/airflow/example_dags/example_branch_operator.py
[2023-07-04T00:09:03.387+0000] {processor.py:826} INFO - Processing file /home/airflow/.local/lib/python3.7/site-packages/airflow/example_dags/example_branch_operator.py for tasks to queue
[2023-07-04T00:09:03.388+0000] {logging_mixin.py:149} INFO - [2023-07-04T00:09:03.388+0000] {dagbag.py:541} INFO - Filling up the DagBag from /home/airflow/.local/lib/python3.7/site-packages/airflow/example_dags/example_branch_operator.py
[2023-07-04T00:09:03.403+0000] {processor.py:836} INFO - DAG(s) dict_keys(['example_branch_operator']) retrieved from /home/airflow/.local/lib/python3.7/site-packages/airflow/example_dags/example_branch_operator.py
[2023-07-04T00:09:03.462+0000] {logging_mixin.py:149} INFO - [2023-07-04T00:09:03.461+0000] {dag.py:2726} INFO - Sync 1 DAGs
[2023-07-04T00:09:03.530+0000] {logging_mixin.py:149} INFO - [2023-07-04T00:09:03.529+0000] {dag.py:3490} INFO - Setting next_dagrun for example_branch_operator to 2023-07-03T00:00:00+00:00, run_after=2023-07-04T00:00:00+00:00
[2023-07-04T00:09:03.590+0000] {processor.py:179} INFO - Processing /home/airflow/.local/lib/python3.7/site-packages/airflow/example_dags/example_branch_operator.py took 0.211 seconds
[2023-07-04T00:09:33.726+0000] {processor.py:157} INFO - Started process (PID=319) to work on /home/airflow/.local/lib/python3.7/site-packages/airflow/example_dags/example_branch_operator.py
[2023-07-04T00:09:33.728+0000] {processor.py:826} INFO - Processing file /home/airflow/.local/lib/python3.7/site-packages/airflow/example_dags/example_branch_operator.py for tasks to queue
[2023-07-04T00:09:33.729+0000] {logging_mixin.py:149} INFO - [2023-07-04T00:09:33.729+0000] {dagbag.py:541} INFO - Filling up the DagBag from /home/airflow/.local/lib/python3.7/site-packages/airflow/example_dags/example_branch_operator.py
[2023-07-04T00:09:33.744+0000] {processor.py:836} INFO - DAG(s) dict_keys(['example_branch_operator']) retrieved from /home/airflow/.local/lib/python3.7/site-packages/airflow/example_dags/example_branch_operator.py
[2023-07-04T00:09:33.800+0000] {logging_mixin.py:149} INFO - [2023-07-04T00:09:33.799+0000] {dag.py:2726} INFO - Sync 1 DAGs
[2023-07-04T00:09:33.868+0000] {logging_mixin.py:149} INFO - [2023-07-04T00:09:33.867+0000] {dag.py:3490} INFO - Setting next_dagrun for example_branch_operator to 2023-07-03T00:00:00+00:00, run_after=2023-07-04T00:00:00+00:00
[2023-07-04T00:09:33.936+0000] {processor.py:179} INFO - Processing /home/airflow/.local/lib/python3.7/site-packages/airflow/example_dags/example_branch_operator.py took 0.215 seconds
[2023-07-04T00:10:04.388+0000] {processor.py:157} INFO - Started process (PID=376) to work on /home/airflow/.local/lib/python3.7/site-packages/airflow/example_dags/example_branch_operator.py
[2023-07-04T00:10:04.389+0000] {processor.py:826} INFO - Processing file /home/airflow/.local/lib/python3.7/site-packages/airflow/example_dags/example_branch_operator.py for tasks to queue
[2023-07-04T00:10:04.390+0000] {logging_mixin.py:149} INFO - [2023-07-04T00:10:04.389+0000] {dagbag.py:541} INFO - Filling up the DagBag from /home/airflow/.local/lib/python3.7/site-packages/airflow/example_dags/example_branch_operator.py
[2023-07-04T00:10:04.406+0000] {processor.py:836} INFO - DAG(s) dict_keys(['example_branch_operator']) retrieved from /home/airflow/.local/lib/python3.7/site-packages/airflow/example_dags/example_branch_operator.py
[2023-07-04T00:10:04.466+0000] {logging_mixin.py:149} INFO - [2023-07-04T00:10:04.465+0000] {dag.py:2726} INFO - Sync 1 DAGs
[2023-07-04T00:10:04.521+0000] {logging_mixin.py:149} INFO - [2023-07-04T00:10:04.521+0000] {dag.py:3490} INFO - Setting next_dagrun for example_branch_operator to 2023-07-03T00:00:00+00:00, run_after=2023-07-04T00:00:00+00:00
[2023-07-04T00:10:04.557+0000] {processor.py:179} INFO - Processing /home/airflow/.local/lib/python3.7/site-packages/airflow/example_dags/example_branch_operator.py took 0.174 seconds
[2023-07-04T00:10:35.608+0000] {processor.py:157} INFO - Started process (PID=432) to work on /home/airflow/.local/lib/python3.7/site-packages/airflow/example_dags/example_branch_operator.py
[2023-07-04T00:10:35.611+0000] {processor.py:826} INFO - Processing file /home/airflow/.local/lib/python3.7/site-packages/airflow/example_dags/example_branch_operator.py for tasks to queue
[2023-07-04T00:10:35.614+0000] {logging_mixin.py:149} INFO - [2023-07-04T00:10:35.613+0000] {dagbag.py:541} INFO - Filling up the DagBag from /home/airflow/.local/lib/python3.7/site-packages/airflow/example_dags/example_branch_operator.py
[2023-07-04T00:10:35.645+0000] {processor.py:836} INFO - DAG(s) dict_keys(['example_branch_operator']) retrieved from /home/airflow/.local/lib/python3.7/site-packages/airflow/example_dags/example_branch_operator.py
[2023-07-04T00:10:35.734+0000] {logging_mixin.py:149} INFO - [2023-07-04T00:10:35.734+0000] {dag.py:2726} INFO - Sync 1 DAGs
[2023-07-04T00:10:35.808+0000] {logging_mixin.py:149} INFO - [2023-07-04T00:10:35.808+0000] {dag.py:3490} INFO - Setting next_dagrun for example_branch_operator to 2023-07-03T00:00:00+00:00, run_after=2023-07-04T00:00:00+00:00
[2023-07-04T00:10:35.874+0000] {processor.py:179} INFO - Processing /home/airflow/.local/lib/python3.7/site-packages/airflow/example_dags/example_branch_operator.py took 0.275 seconds
[2023-07-04T00:11:06.337+0000] {processor.py:157} INFO - Started process (PID=489) to work on /home/airflow/.local/lib/python3.7/site-packages/airflow/example_dags/example_branch_operator.py
[2023-07-04T00:11:06.339+0000] {processor.py:826} INFO - Processing file /home/airflow/.local/lib/python3.7/site-packages/airflow/example_dags/example_branch_operator.py for tasks to queue
[2023-07-04T00:11:06.341+0000] {logging_mixin.py:149} INFO - [2023-07-04T00:11:06.340+0000] {dagbag.py:541} INFO - Filling up the DagBag from /home/airflow/.local/lib/python3.7/site-packages/airflow/example_dags/example_branch_operator.py
[2023-07-04T00:11:06.380+0000] {processor.py:836} INFO - DAG(s) dict_keys(['example_branch_operator']) retrieved from /home/airflow/.local/lib/python3.7/site-packages/airflow/example_dags/example_branch_operator.py
[2023-07-04T00:11:06.476+0000] {logging_mixin.py:149} INFO - [2023-07-04T00:11:06.475+0000] {dag.py:2726} INFO - Sync 1 DAGs
[2023-07-04T00:11:06.602+0000] {logging_mixin.py:149} INFO - [2023-07-04T00:11:06.601+0000] {dag.py:3490} INFO - Setting next_dagrun for example_branch_operator to 2023-07-03T00:00:00+00:00, run_after=2023-07-04T00:00:00+00:00
[2023-07-04T00:11:06.672+0000] {processor.py:179} INFO - Processing /home/airflow/.local/lib/python3.7/site-packages/airflow/example_dags/example_branch_operator.py took 0.346 seconds
[2023-07-04T00:11:36.726+0000] {processor.py:157} INFO - Started process (PID=546) to work on /home/airflow/.local/lib/python3.7/site-packages/airflow/example_dags/example_branch_operator.py
[2023-07-04T00:11:36.727+0000] {processor.py:826} INFO - Processing file /home/airflow/.local/lib/python3.7/site-packages/airflow/example_dags/example_branch_operator.py for tasks to queue
[2023-07-04T00:11:36.728+0000] {logging_mixin.py:149} INFO - [2023-07-04T00:11:36.728+0000] {dagbag.py:541} INFO - Filling up the DagBag from /home/airflow/.local/lib/python3.7/site-packages/airflow/example_dags/example_branch_operator.py
[2023-07-04T00:11:36.744+0000] {processor.py:836} INFO - DAG(s) dict_keys(['example_branch_operator']) retrieved from /home/airflow/.local/lib/python3.7/site-packages/airflow/example_dags/example_branch_operator.py
[2023-07-04T00:11:36.801+0000] {logging_mixin.py:149} INFO - [2023-07-04T00:11:36.800+0000] {dag.py:2726} INFO - Sync 1 DAGs
[2023-07-04T00:11:36.874+0000] {logging_mixin.py:149} INFO - [2023-07-04T00:11:36.874+0000] {dag.py:3490} INFO - Setting next_dagrun for example_branch_operator to 2023-07-03T00:00:00+00:00, run_after=2023-07-04T00:00:00+00:00
[2023-07-04T00:11:36.916+0000] {processor.py:179} INFO - Processing /home/airflow/.local/lib/python3.7/site-packages/airflow/example_dags/example_branch_operator.py took 0.203 seconds
[2023-07-04T00:12:07.581+0000] {processor.py:157} INFO - Started process (PID=603) to work on /home/airflow/.local/lib/python3.7/site-packages/airflow/example_dags/example_branch_operator.py
[2023-07-04T00:12:07.585+0000] {processor.py:826} INFO - Processing file /home/airflow/.local/lib/python3.7/site-packages/airflow/example_dags/example_branch_operator.py for tasks to queue
[2023-07-04T00:12:07.591+0000] {logging_mixin.py:149} INFO - [2023-07-04T00:12:07.590+0000] {dagbag.py:541} INFO - Filling up the DagBag from /home/airflow/.local/lib/python3.7/site-packages/airflow/example_dags/example_branch_operator.py
[2023-07-04T00:12:07.632+0000] {processor.py:836} INFO - DAG(s) dict_keys(['example_branch_operator']) retrieved from /home/airflow/.local/lib/python3.7/site-packages/airflow/example_dags/example_branch_operator.py
[2023-07-04T00:12:07.747+0000] {logging_mixin.py:149} INFO - [2023-07-04T00:12:07.746+0000] {dag.py:2726} INFO - Sync 1 DAGs
[2023-07-04T00:12:07.829+0000] {logging_mixin.py:149} INFO - [2023-07-04T00:12:07.829+0000] {dag.py:3490} INFO - Setting next_dagrun for example_branch_operator to 2023-07-03T00:00:00+00:00, run_after=2023-07-04T00:00:00+00:00
[2023-07-04T00:12:07.902+0000] {processor.py:179} INFO - Processing /home/airflow/.local/lib/python3.7/site-packages/airflow/example_dags/example_branch_operator.py took 0.346 seconds
[2023-07-04T00:12:38.644+0000] {processor.py:157} INFO - Started process (PID=660) to work on /home/airflow/.local/lib/python3.7/site-packages/airflow/example_dags/example_branch_operator.py
[2023-07-04T00:12:38.646+0000] {processor.py:826} INFO - Processing file /home/airflow/.local/lib/python3.7/site-packages/airflow/example_dags/example_branch_operator.py for tasks to queue
[2023-07-04T00:12:38.649+0000] {logging_mixin.py:149} INFO - [2023-07-04T00:12:38.649+0000] {dagbag.py:541} INFO - Filling up the DagBag from /home/airflow/.local/lib/python3.7/site-packages/airflow/example_dags/example_branch_operator.py
[2023-07-04T00:12:38.674+0000] {processor.py:836} INFO - DAG(s) dict_keys(['example_branch_operator']) retrieved from /home/airflow/.local/lib/python3.7/site-packages/airflow/example_dags/example_branch_operator.py
[2023-07-04T00:12:38.741+0000] {logging_mixin.py:149} INFO - [2023-07-04T00:12:38.741+0000] {dag.py:2726} INFO - Sync 1 DAGs
[2023-07-04T00:12:38.823+0000] {logging_mixin.py:149} INFO - [2023-07-04T00:12:38.822+0000] {dag.py:3490} INFO - Setting next_dagrun for example_branch_operator to 2023-07-03T00:00:00+00:00, run_after=2023-07-04T00:00:00+00:00
[2023-07-04T00:12:38.896+0000] {processor.py:179} INFO - Processing /home/airflow/.local/lib/python3.7/site-packages/airflow/example_dags/example_branch_operator.py took 0.262 seconds
[2023-07-04T00:13:09.204+0000] {processor.py:157} INFO - Started process (PID=717) to work on /home/airflow/.local/lib/python3.7/site-packages/airflow/example_dags/example_branch_operator.py
[2023-07-04T00:13:09.208+0000] {processor.py:826} INFO - Processing file /home/airflow/.local/lib/python3.7/site-packages/airflow/example_dags/example_branch_operator.py for tasks to queue
[2023-07-04T00:13:09.213+0000] {logging_mixin.py:149} INFO - [2023-07-04T00:13:09.212+0000] {dagbag.py:541} INFO - Filling up the DagBag from /home/airflow/.local/lib/python3.7/site-packages/airflow/example_dags/example_branch_operator.py
[2023-07-04T00:13:09.247+0000] {processor.py:836} INFO - DAG(s) dict_keys(['example_branch_operator']) retrieved from /home/airflow/.local/lib/python3.7/site-packages/airflow/example_dags/example_branch_operator.py
[2023-07-04T00:13:09.309+0000] {logging_mixin.py:149} INFO - [2023-07-04T00:13:09.309+0000] {dag.py:2726} INFO - Sync 1 DAGs
[2023-07-04T00:13:09.367+0000] {logging_mixin.py:149} INFO - [2023-07-04T00:13:09.366+0000] {dag.py:3490} INFO - Setting next_dagrun for example_branch_operator to 2023-07-03T00:00:00+00:00, run_after=2023-07-04T00:00:00+00:00
[2023-07-04T00:13:09.410+0000] {processor.py:179} INFO - Processing /home/airflow/.local/lib/python3.7/site-packages/airflow/example_dags/example_branch_operator.py took 0.220 seconds
[2023-07-04T00:13:39.616+0000] {processor.py:157} INFO - Started process (PID=774) to work on /home/airflow/.local/lib/python3.7/site-packages/airflow/example_dags/example_branch_operator.py
[2023-07-04T00:13:39.618+0000] {processor.py:826} INFO - Processing file /home/airflow/.local/lib/python3.7/site-packages/airflow/example_dags/example_branch_operator.py for tasks to queue
[2023-07-04T00:13:39.619+0000] {logging_mixin.py:149} INFO - [2023-07-04T00:13:39.619+0000] {dagbag.py:541} INFO - Filling up the DagBag from /home/airflow/.local/lib/python3.7/site-packages/airflow/example_dags/example_branch_operator.py
[2023-07-04T00:13:39.638+0000] {processor.py:836} INFO - DAG(s) dict_keys(['example_branch_operator']) retrieved from /home/airflow/.local/lib/python3.7/site-packages/airflow/example_dags/example_branch_operator.py
[2023-07-04T00:13:39.694+0000] {logging_mixin.py:149} INFO - [2023-07-04T00:13:39.694+0000] {dag.py:2726} INFO - Sync 1 DAGs
[2023-07-04T00:13:39.749+0000] {logging_mixin.py:149} INFO - [2023-07-04T00:13:39.749+0000] {dag.py:3490} INFO - Setting next_dagrun for example_branch_operator to 2023-07-03T00:00:00+00:00, run_after=2023-07-04T00:00:00+00:00
[2023-07-04T00:13:39.786+0000] {processor.py:179} INFO - Processing /home/airflow/.local/lib/python3.7/site-packages/airflow/example_dags/example_branch_operator.py took 0.177 seconds
[2023-07-04T00:14:10.694+0000] {processor.py:157} INFO - Started process (PID=838) to work on /home/airflow/.local/lib/python3.7/site-packages/airflow/example_dags/example_branch_operator.py
[2023-07-04T00:14:10.697+0000] {processor.py:826} INFO - Processing file /home/airflow/.local/lib/python3.7/site-packages/airflow/example_dags/example_branch_operator.py for tasks to queue
[2023-07-04T00:14:10.699+0000] {logging_mixin.py:149} INFO - [2023-07-04T00:14:10.699+0000] {dagbag.py:541} INFO - Filling up the DagBag from /home/airflow/.local/lib/python3.7/site-packages/airflow/example_dags/example_branch_operator.py
[2023-07-04T00:14:10.725+0000] {processor.py:836} INFO - DAG(s) dict_keys(['example_branch_operator']) retrieved from /home/airflow/.local/lib/python3.7/site-packages/airflow/example_dags/example_branch_operator.py
[2023-07-04T00:14:10.803+0000] {logging_mixin.py:149} INFO - [2023-07-04T00:14:10.803+0000] {dag.py:2726} INFO - Sync 1 DAGs
[2023-07-04T00:14:10.882+0000] {logging_mixin.py:149} INFO - [2023-07-04T00:14:10.882+0000] {dag.py:3490} INFO - Setting next_dagrun for example_branch_operator to 2023-07-03T00:00:00+00:00, run_after=2023-07-04T00:00:00+00:00
[2023-07-04T00:14:10.939+0000] {processor.py:179} INFO - Processing /home/airflow/.local/lib/python3.7/site-packages/airflow/example_dags/example_branch_operator.py took 0.252 seconds
[2023-07-04T00:14:41.096+0000] {processor.py:157} INFO - Started process (PID=895) to work on /home/airflow/.local/lib/python3.7/site-packages/airflow/example_dags/example_branch_operator.py
[2023-07-04T00:14:41.098+0000] {processor.py:826} INFO - Processing file /home/airflow/.local/lib/python3.7/site-packages/airflow/example_dags/example_branch_operator.py for tasks to queue
[2023-07-04T00:14:41.099+0000] {logging_mixin.py:149} INFO - [2023-07-04T00:14:41.099+0000] {dagbag.py:541} INFO - Filling up the DagBag from /home/airflow/.local/lib/python3.7/site-packages/airflow/example_dags/example_branch_operator.py
[2023-07-04T00:14:41.116+0000] {processor.py:836} INFO - DAG(s) dict_keys(['example_branch_operator']) retrieved from /home/airflow/.local/lib/python3.7/site-packages/airflow/example_dags/example_branch_operator.py
[2023-07-04T00:14:41.162+0000] {logging_mixin.py:149} INFO - [2023-07-04T00:14:41.161+0000] {dag.py:2726} INFO - Sync 1 DAGs
[2023-07-04T00:14:41.217+0000] {logging_mixin.py:149} INFO - [2023-07-04T00:14:41.217+0000] {dag.py:3490} INFO - Setting next_dagrun for example_branch_operator to 2023-07-03T00:00:00+00:00, run_after=2023-07-04T00:00:00+00:00
[2023-07-04T00:14:41.247+0000] {processor.py:179} INFO - Processing /home/airflow/.local/lib/python3.7/site-packages/airflow/example_dags/example_branch_operator.py took 0.158 seconds
[2023-07-04T00:15:11.580+0000] {processor.py:157} INFO - Started process (PID=952) to work on /home/airflow/.local/lib/python3.7/site-packages/airflow/example_dags/example_branch_operator.py
[2023-07-04T00:15:11.582+0000] {processor.py:826} INFO - Processing file /home/airflow/.local/lib/python3.7/site-packages/airflow/example_dags/example_branch_operator.py for tasks to queue
[2023-07-04T00:15:11.583+0000] {logging_mixin.py:149} INFO - [2023-07-04T00:15:11.583+0000] {dagbag.py:541} INFO - Filling up the DagBag from /home/airflow/.local/lib/python3.7/site-packages/airflow/example_dags/example_branch_operator.py
[2023-07-04T00:15:11.601+0000] {processor.py:836} INFO - DAG(s) dict_keys(['example_branch_operator']) retrieved from /home/airflow/.local/lib/python3.7/site-packages/airflow/example_dags/example_branch_operator.py
[2023-07-04T00:15:11.682+0000] {logging_mixin.py:149} INFO - [2023-07-04T00:15:11.682+0000] {dag.py:2726} INFO - Sync 1 DAGs
[2023-07-04T00:15:11.747+0000] {logging_mixin.py:149} INFO - [2023-07-04T00:15:11.747+0000] {dag.py:3490} INFO - Setting next_dagrun for example_branch_operator to 2023-07-03T00:00:00+00:00, run_after=2023-07-04T00:00:00+00:00
[2023-07-04T00:15:11.786+0000] {processor.py:179} INFO - Processing /home/airflow/.local/lib/python3.7/site-packages/airflow/example_dags/example_branch_operator.py took 0.213 seconds
[2023-07-04T00:15:41.975+0000] {processor.py:157} INFO - Started process (PID=1010) to work on /home/airflow/.local/lib/python3.7/site-packages/airflow/example_dags/example_branch_operator.py
[2023-07-04T00:15:41.978+0000] {processor.py:826} INFO - Processing file /home/airflow/.local/lib/python3.7/site-packages/airflow/example_dags/example_branch_operator.py for tasks to queue
[2023-07-04T00:15:41.980+0000] {logging_mixin.py:149} INFO - [2023-07-04T00:15:41.980+0000] {dagbag.py:541} INFO - Filling up the DagBag from /home/airflow/.local/lib/python3.7/site-packages/airflow/example_dags/example_branch_operator.py
[2023-07-04T00:15:42.012+0000] {processor.py:836} INFO - DAG(s) dict_keys(['example_branch_operator']) retrieved from /home/airflow/.local/lib/python3.7/site-packages/airflow/example_dags/example_branch_operator.py
[2023-07-04T00:15:42.107+0000] {logging_mixin.py:149} INFO - [2023-07-04T00:15:42.107+0000] {dag.py:2726} INFO - Sync 1 DAGs
[2023-07-04T00:15:42.186+0000] {logging_mixin.py:149} INFO - [2023-07-04T00:15:42.186+0000] {dag.py:3490} INFO - Setting next_dagrun for example_branch_operator to 2023-07-03T00:00:00+00:00, run_after=2023-07-04T00:00:00+00:00
[2023-07-04T00:15:42.237+0000] {processor.py:179} INFO - Processing /home/airflow/.local/lib/python3.7/site-packages/airflow/example_dags/example_branch_operator.py took 0.271 seconds
[2023-07-04T00:16:12.400+0000] {processor.py:157} INFO - Started process (PID=1067) to work on /home/airflow/.local/lib/python3.7/site-packages/airflow/example_dags/example_branch_operator.py
[2023-07-04T00:16:12.402+0000] {processor.py:826} INFO - Processing file /home/airflow/.local/lib/python3.7/site-packages/airflow/example_dags/example_branch_operator.py for tasks to queue
[2023-07-04T00:16:12.403+0000] {logging_mixin.py:149} INFO - [2023-07-04T00:16:12.403+0000] {dagbag.py:541} INFO - Filling up the DagBag from /home/airflow/.local/lib/python3.7/site-packages/airflow/example_dags/example_branch_operator.py
[2023-07-04T00:16:12.419+0000] {processor.py:836} INFO - DAG(s) dict_keys(['example_branch_operator']) retrieved from /home/airflow/.local/lib/python3.7/site-packages/airflow/example_dags/example_branch_operator.py
[2023-07-04T00:16:12.474+0000] {logging_mixin.py:149} INFO - [2023-07-04T00:16:12.474+0000] {dag.py:2726} INFO - Sync 1 DAGs
[2023-07-04T00:16:12.529+0000] {logging_mixin.py:149} INFO - [2023-07-04T00:16:12.529+0000] {dag.py:3490} INFO - Setting next_dagrun for example_branch_operator to 2023-07-03T00:00:00+00:00, run_after=2023-07-04T00:00:00+00:00
[2023-07-04T00:16:12.579+0000] {processor.py:179} INFO - Processing /home/airflow/.local/lib/python3.7/site-packages/airflow/example_dags/example_branch_operator.py took 0.187 seconds
[2023-07-04T00:16:42.723+0000] {processor.py:157} INFO - Started process (PID=1124) to work on /home/airflow/.local/lib/python3.7/site-packages/airflow/example_dags/example_branch_operator.py
[2023-07-04T00:16:42.725+0000] {processor.py:826} INFO - Processing file /home/airflow/.local/lib/python3.7/site-packages/airflow/example_dags/example_branch_operator.py for tasks to queue
[2023-07-04T00:16:42.727+0000] {logging_mixin.py:149} INFO - [2023-07-04T00:16:42.727+0000] {dagbag.py:541} INFO - Filling up the DagBag from /home/airflow/.local/lib/python3.7/site-packages/airflow/example_dags/example_branch_operator.py
[2023-07-04T00:16:42.744+0000] {processor.py:836} INFO - DAG(s) dict_keys(['example_branch_operator']) retrieved from /home/airflow/.local/lib/python3.7/site-packages/airflow/example_dags/example_branch_operator.py
[2023-07-04T00:16:42.788+0000] {logging_mixin.py:149} INFO - [2023-07-04T00:16:42.787+0000] {dag.py:2726} INFO - Sync 1 DAGs
[2023-07-04T00:16:42.838+0000] {logging_mixin.py:149} INFO - [2023-07-04T00:16:42.838+0000] {dag.py:3490} INFO - Setting next_dagrun for example_branch_operator to 2023-07-03T00:00:00+00:00, run_after=2023-07-04T00:00:00+00:00
[2023-07-04T00:16:42.874+0000] {processor.py:179} INFO - Processing /home/airflow/.local/lib/python3.7/site-packages/airflow/example_dags/example_branch_operator.py took 0.157 seconds
[2023-07-04T00:17:13.458+0000] {processor.py:157} INFO - Started process (PID=1181) to work on /home/airflow/.local/lib/python3.7/site-packages/airflow/example_dags/example_branch_operator.py
[2023-07-04T00:17:13.459+0000] {processor.py:826} INFO - Processing file /home/airflow/.local/lib/python3.7/site-packages/airflow/example_dags/example_branch_operator.py for tasks to queue
[2023-07-04T00:17:13.460+0000] {logging_mixin.py:149} INFO - [2023-07-04T00:17:13.460+0000] {dagbag.py:541} INFO - Filling up the DagBag from /home/airflow/.local/lib/python3.7/site-packages/airflow/example_dags/example_branch_operator.py
[2023-07-04T00:17:13.480+0000] {processor.py:836} INFO - DAG(s) dict_keys(['example_branch_operator']) retrieved from /home/airflow/.local/lib/python3.7/site-packages/airflow/example_dags/example_branch_operator.py
[2023-07-04T00:17:13.539+0000] {logging_mixin.py:149} INFO - [2023-07-04T00:17:13.539+0000] {dag.py:2726} INFO - Sync 1 DAGs
[2023-07-04T00:17:13.589+0000] {logging_mixin.py:149} INFO - [2023-07-04T00:17:13.589+0000] {dag.py:3490} INFO - Setting next_dagrun for example_branch_operator to 2023-07-03T00:00:00+00:00, run_after=2023-07-04T00:00:00+00:00
[2023-07-04T00:17:13.627+0000] {processor.py:179} INFO - Processing /home/airflow/.local/lib/python3.7/site-packages/airflow/example_dags/example_branch_operator.py took 0.177 seconds
[2023-07-04T00:17:43.677+0000] {processor.py:157} INFO - Started process (PID=1238) to work on /home/airflow/.local/lib/python3.7/site-packages/airflow/example_dags/example_branch_operator.py
[2023-07-04T00:17:43.680+0000] {processor.py:826} INFO - Processing file /home/airflow/.local/lib/python3.7/site-packages/airflow/example_dags/example_branch_operator.py for tasks to queue
[2023-07-04T00:17:43.682+0000] {logging_mixin.py:149} INFO - [2023-07-04T00:17:43.682+0000] {dagbag.py:541} INFO - Filling up the DagBag from /home/airflow/.local/lib/python3.7/site-packages/airflow/example_dags/example_branch_operator.py
[2023-07-04T00:17:43.701+0000] {processor.py:836} INFO - DAG(s) dict_keys(['example_branch_operator']) retrieved from /home/airflow/.local/lib/python3.7/site-packages/airflow/example_dags/example_branch_operator.py
[2023-07-04T00:17:43.761+0000] {logging_mixin.py:149} INFO - [2023-07-04T00:17:43.761+0000] {dag.py:2726} INFO - Sync 1 DAGs
[2023-07-04T00:17:43.821+0000] {logging_mixin.py:149} INFO - [2023-07-04T00:17:43.821+0000] {dag.py:3490} INFO - Setting next_dagrun for example_branch_operator to 2023-07-03T00:00:00+00:00, run_after=2023-07-04T00:00:00+00:00
[2023-07-04T00:17:43.873+0000] {processor.py:179} INFO - Processing /home/airflow/.local/lib/python3.7/site-packages/airflow/example_dags/example_branch_operator.py took 0.202 seconds
[2023-07-04T00:18:14.317+0000] {processor.py:157} INFO - Started process (PID=1295) to work on /home/airflow/.local/lib/python3.7/site-packages/airflow/example_dags/example_branch_operator.py
[2023-07-04T00:18:14.319+0000] {processor.py:826} INFO - Processing file /home/airflow/.local/lib/python3.7/site-packages/airflow/example_dags/example_branch_operator.py for tasks to queue
[2023-07-04T00:18:14.320+0000] {logging_mixin.py:149} INFO - [2023-07-04T00:18:14.320+0000] {dagbag.py:541} INFO - Filling up the DagBag from /home/airflow/.local/lib/python3.7/site-packages/airflow/example_dags/example_branch_operator.py
[2023-07-04T00:18:14.341+0000] {processor.py:836} INFO - DAG(s) dict_keys(['example_branch_operator']) retrieved from /home/airflow/.local/lib/python3.7/site-packages/airflow/example_dags/example_branch_operator.py
[2023-07-04T00:18:14.424+0000] {logging_mixin.py:149} INFO - [2023-07-04T00:18:14.423+0000] {dag.py:2726} INFO - Sync 1 DAGs
[2023-07-04T00:18:14.499+0000] {logging_mixin.py:149} INFO - [2023-07-04T00:18:14.499+0000] {dag.py:3490} INFO - Setting next_dagrun for example_branch_operator to 2023-07-03T00:00:00+00:00, run_after=2023-07-04T00:00:00+00:00
[2023-07-04T00:18:14.535+0000] {processor.py:179} INFO - Processing /home/airflow/.local/lib/python3.7/site-packages/airflow/example_dags/example_branch_operator.py took 0.224 seconds
[2023-07-04T00:18:44.788+0000] {processor.py:157} INFO - Started process (PID=1351) to work on /home/airflow/.local/lib/python3.7/site-packages/airflow/example_dags/example_branch_operator.py
[2023-07-04T00:18:44.789+0000] {processor.py:826} INFO - Processing file /home/airflow/.local/lib/python3.7/site-packages/airflow/example_dags/example_branch_operator.py for tasks to queue
[2023-07-04T00:18:44.791+0000] {logging_mixin.py:149} INFO - [2023-07-04T00:18:44.791+0000] {dagbag.py:541} INFO - Filling up the DagBag from /home/airflow/.local/lib/python3.7/site-packages/airflow/example_dags/example_branch_operator.py
[2023-07-04T00:18:44.810+0000] {processor.py:836} INFO - DAG(s) dict_keys(['example_branch_operator']) retrieved from /home/airflow/.local/lib/python3.7/site-packages/airflow/example_dags/example_branch_operator.py
[2023-07-04T00:18:44.865+0000] {logging_mixin.py:149} INFO - [2023-07-04T00:18:44.865+0000] {dag.py:2726} INFO - Sync 1 DAGs
[2023-07-04T00:18:44.924+0000] {logging_mixin.py:149} INFO - [2023-07-04T00:18:44.923+0000] {dag.py:3490} INFO - Setting next_dagrun for example_branch_operator to 2023-07-03T00:00:00+00:00, run_after=2023-07-04T00:00:00+00:00
[2023-07-04T00:18:44.960+0000] {processor.py:179} INFO - Processing /home/airflow/.local/lib/python3.7/site-packages/airflow/example_dags/example_branch_operator.py took 0.180 seconds
[2023-07-04T00:19:15.144+0000] {processor.py:157} INFO - Started process (PID=1409) to work on /home/airflow/.local/lib/python3.7/site-packages/airflow/example_dags/example_branch_operator.py
[2023-07-04T00:19:15.146+0000] {processor.py:826} INFO - Processing file /home/airflow/.local/lib/python3.7/site-packages/airflow/example_dags/example_branch_operator.py for tasks to queue
[2023-07-04T00:19:15.147+0000] {logging_mixin.py:149} INFO - [2023-07-04T00:19:15.147+0000] {dagbag.py:541} INFO - Filling up the DagBag from /home/airflow/.local/lib/python3.7/site-packages/airflow/example_dags/example_branch_operator.py
[2023-07-04T00:19:15.176+0000] {processor.py:836} INFO - DAG(s) dict_keys(['example_branch_operator']) retrieved from /home/airflow/.local/lib/python3.7/site-packages/airflow/example_dags/example_branch_operator.py
[2023-07-04T00:19:15.246+0000] {logging_mixin.py:149} INFO - [2023-07-04T00:19:15.246+0000] {dag.py:2726} INFO - Sync 1 DAGs
[2023-07-04T00:19:15.313+0000] {logging_mixin.py:149} INFO - [2023-07-04T00:19:15.313+0000] {dag.py:3490} INFO - Setting next_dagrun for example_branch_operator to 2023-07-03T00:00:00+00:00, run_after=2023-07-04T00:00:00+00:00
[2023-07-04T00:19:15.355+0000] {processor.py:179} INFO - Processing /home/airflow/.local/lib/python3.7/site-packages/airflow/example_dags/example_branch_operator.py took 0.216 seconds
[2023-07-04T00:19:45.776+0000] {processor.py:157} INFO - Started process (PID=1466) to work on /home/airflow/.local/lib/python3.7/site-packages/airflow/example_dags/example_branch_operator.py
[2023-07-04T00:19:45.780+0000] {processor.py:826} INFO - Processing file /home/airflow/.local/lib/python3.7/site-packages/airflow/example_dags/example_branch_operator.py for tasks to queue
[2023-07-04T00:19:45.785+0000] {logging_mixin.py:149} INFO - [2023-07-04T00:19:45.785+0000] {dagbag.py:541} INFO - Filling up the DagBag from /home/airflow/.local/lib/python3.7/site-packages/airflow/example_dags/example_branch_operator.py
[2023-07-04T00:19:45.810+0000] {processor.py:836} INFO - DAG(s) dict_keys(['example_branch_operator']) retrieved from /home/airflow/.local/lib/python3.7/site-packages/airflow/example_dags/example_branch_operator.py
[2023-07-04T00:19:45.889+0000] {logging_mixin.py:149} INFO - [2023-07-04T00:19:45.889+0000] {dag.py:2726} INFO - Sync 1 DAGs
[2023-07-04T00:19:46.013+0000] {logging_mixin.py:149} INFO - [2023-07-04T00:19:46.013+0000] {dag.py:3490} INFO - Setting next_dagrun for example_branch_operator to 2023-07-03T00:00:00+00:00, run_after=2023-07-04T00:00:00+00:00
[2023-07-04T00:19:46.076+0000] {processor.py:179} INFO - Processing /home/airflow/.local/lib/python3.7/site-packages/airflow/example_dags/example_branch_operator.py took 0.308 seconds
[2023-07-04T00:20:16.140+0000] {processor.py:157} INFO - Started process (PID=1523) to work on /home/airflow/.local/lib/python3.7/site-packages/airflow/example_dags/example_branch_operator.py
[2023-07-04T00:20:16.141+0000] {processor.py:826} INFO - Processing file /home/airflow/.local/lib/python3.7/site-packages/airflow/example_dags/example_branch_operator.py for tasks to queue
[2023-07-04T00:20:16.142+0000] {logging_mixin.py:149} INFO - [2023-07-04T00:20:16.142+0000] {dagbag.py:541} INFO - Filling up the DagBag from /home/airflow/.local/lib/python3.7/site-packages/airflow/example_dags/example_branch_operator.py
[2023-07-04T00:20:16.158+0000] {processor.py:836} INFO - DAG(s) dict_keys(['example_branch_operator']) retrieved from /home/airflow/.local/lib/python3.7/site-packages/airflow/example_dags/example_branch_operator.py
[2023-07-04T00:20:16.222+0000] {logging_mixin.py:149} INFO - [2023-07-04T00:20:16.222+0000] {dag.py:2726} INFO - Sync 1 DAGs
[2023-07-04T00:20:16.283+0000] {logging_mixin.py:149} INFO - [2023-07-04T00:20:16.282+0000] {dag.py:3490} INFO - Setting next_dagrun for example_branch_operator to 2023-07-03T00:00:00+00:00, run_after=2023-07-04T00:00:00+00:00
[2023-07-04T00:20:16.321+0000] {processor.py:179} INFO - Processing /home/airflow/.local/lib/python3.7/site-packages/airflow/example_dags/example_branch_operator.py took 0.190 seconds
[2023-07-04T00:20:47.281+0000] {processor.py:157} INFO - Started process (PID=1580) to work on /home/airflow/.local/lib/python3.7/site-packages/airflow/example_dags/example_branch_operator.py
[2023-07-04T00:20:47.283+0000] {processor.py:826} INFO - Processing file /home/airflow/.local/lib/python3.7/site-packages/airflow/example_dags/example_branch_operator.py for tasks to queue
[2023-07-04T00:20:47.284+0000] {logging_mixin.py:149} INFO - [2023-07-04T00:20:47.284+0000] {dagbag.py:541} INFO - Filling up the DagBag from /home/airflow/.local/lib/python3.7/site-packages/airflow/example_dags/example_branch_operator.py
[2023-07-04T00:20:47.301+0000] {processor.py:836} INFO - DAG(s) dict_keys(['example_branch_operator']) retrieved from /home/airflow/.local/lib/python3.7/site-packages/airflow/example_dags/example_branch_operator.py
[2023-07-04T00:20:47.345+0000] {logging_mixin.py:149} INFO - [2023-07-04T00:20:47.345+0000] {dag.py:2726} INFO - Sync 1 DAGs
[2023-07-04T00:20:47.390+0000] {logging_mixin.py:149} INFO - [2023-07-04T00:20:47.389+0000] {dag.py:3490} INFO - Setting next_dagrun for example_branch_operator to 2023-07-03T00:00:00+00:00, run_after=2023-07-04T00:00:00+00:00
[2023-07-04T00:20:47.425+0000] {processor.py:179} INFO - Processing /home/airflow/.local/lib/python3.7/site-packages/airflow/example_dags/example_branch_operator.py took 0.150 seconds
[2023-07-04T00:21:17.769+0000] {processor.py:157} INFO - Started process (PID=1636) to work on /home/airflow/.local/lib/python3.7/site-packages/airflow/example_dags/example_branch_operator.py
[2023-07-04T00:21:17.770+0000] {processor.py:826} INFO - Processing file /home/airflow/.local/lib/python3.7/site-packages/airflow/example_dags/example_branch_operator.py for tasks to queue
[2023-07-04T00:21:17.772+0000] {logging_mixin.py:149} INFO - [2023-07-04T00:21:17.771+0000] {dagbag.py:541} INFO - Filling up the DagBag from /home/airflow/.local/lib/python3.7/site-packages/airflow/example_dags/example_branch_operator.py
[2023-07-04T00:21:17.787+0000] {processor.py:836} INFO - DAG(s) dict_keys(['example_branch_operator']) retrieved from /home/airflow/.local/lib/python3.7/site-packages/airflow/example_dags/example_branch_operator.py
[2023-07-04T00:21:17.833+0000] {logging_mixin.py:149} INFO - [2023-07-04T00:21:17.833+0000] {dag.py:2726} INFO - Sync 1 DAGs
[2023-07-04T00:21:17.886+0000] {logging_mixin.py:149} INFO - [2023-07-04T00:21:17.886+0000] {dag.py:3490} INFO - Setting next_dagrun for example_branch_operator to 2023-07-03T00:00:00+00:00, run_after=2023-07-04T00:00:00+00:00
[2023-07-04T00:21:17.917+0000] {processor.py:179} INFO - Processing /home/airflow/.local/lib/python3.7/site-packages/airflow/example_dags/example_branch_operator.py took 0.155 seconds
[2023-07-04T00:21:48.035+0000] {processor.py:157} INFO - Started process (PID=1693) to work on /home/airflow/.local/lib/python3.7/site-packages/airflow/example_dags/example_branch_operator.py
[2023-07-04T00:21:48.037+0000] {processor.py:826} INFO - Processing file /home/airflow/.local/lib/python3.7/site-packages/airflow/example_dags/example_branch_operator.py for tasks to queue
[2023-07-04T00:21:48.038+0000] {logging_mixin.py:149} INFO - [2023-07-04T00:21:48.038+0000] {dagbag.py:541} INFO - Filling up the DagBag from /home/airflow/.local/lib/python3.7/site-packages/airflow/example_dags/example_branch_operator.py
[2023-07-04T00:21:48.058+0000] {processor.py:836} INFO - DAG(s) dict_keys(['example_branch_operator']) retrieved from /home/airflow/.local/lib/python3.7/site-packages/airflow/example_dags/example_branch_operator.py
[2023-07-04T00:21:48.101+0000] {logging_mixin.py:149} INFO - [2023-07-04T00:21:48.100+0000] {dag.py:2726} INFO - Sync 1 DAGs
[2023-07-04T00:21:48.150+0000] {logging_mixin.py:149} INFO - [2023-07-04T00:21:48.150+0000] {dag.py:3490} INFO - Setting next_dagrun for example_branch_operator to 2023-07-03T00:00:00+00:00, run_after=2023-07-04T00:00:00+00:00
[2023-07-04T00:21:48.185+0000] {processor.py:179} INFO - Processing /home/airflow/.local/lib/python3.7/site-packages/airflow/example_dags/example_branch_operator.py took 0.159 seconds
[2023-07-04T00:22:19.011+0000] {processor.py:157} INFO - Started process (PID=1750) to work on /home/airflow/.local/lib/python3.7/site-packages/airflow/example_dags/example_branch_operator.py
[2023-07-04T00:22:19.014+0000] {processor.py:826} INFO - Processing file /home/airflow/.local/lib/python3.7/site-packages/airflow/example_dags/example_branch_operator.py for tasks to queue
[2023-07-04T00:22:19.017+0000] {logging_mixin.py:149} INFO - [2023-07-04T00:22:19.016+0000] {dagbag.py:541} INFO - Filling up the DagBag from /home/airflow/.local/lib/python3.7/site-packages/airflow/example_dags/example_branch_operator.py
[2023-07-04T00:22:19.038+0000] {processor.py:836} INFO - DAG(s) dict_keys(['example_branch_operator']) retrieved from /home/airflow/.local/lib/python3.7/site-packages/airflow/example_dags/example_branch_operator.py
[2023-07-04T00:22:19.102+0000] {logging_mixin.py:149} INFO - [2023-07-04T00:22:19.101+0000] {dag.py:2726} INFO - Sync 1 DAGs
[2023-07-04T00:22:19.170+0000] {logging_mixin.py:149} INFO - [2023-07-04T00:22:19.169+0000] {dag.py:3490} INFO - Setting next_dagrun for example_branch_operator to 2023-07-03T00:00:00+00:00, run_after=2023-07-04T00:00:00+00:00
[2023-07-04T00:22:19.214+0000] {processor.py:179} INFO - Processing /home/airflow/.local/lib/python3.7/site-packages/airflow/example_dags/example_branch_operator.py took 0.209 seconds
[2023-07-04T00:22:49.911+0000] {processor.py:157} INFO - Started process (PID=1807) to work on /home/airflow/.local/lib/python3.7/site-packages/airflow/example_dags/example_branch_operator.py
[2023-07-04T00:22:49.912+0000] {processor.py:826} INFO - Processing file /home/airflow/.local/lib/python3.7/site-packages/airflow/example_dags/example_branch_operator.py for tasks to queue
[2023-07-04T00:22:49.914+0000] {logging_mixin.py:149} INFO - [2023-07-04T00:22:49.914+0000] {dagbag.py:541} INFO - Filling up the DagBag from /home/airflow/.local/lib/python3.7/site-packages/airflow/example_dags/example_branch_operator.py
[2023-07-04T00:22:49.932+0000] {processor.py:836} INFO - DAG(s) dict_keys(['example_branch_operator']) retrieved from /home/airflow/.local/lib/python3.7/site-packages/airflow/example_dags/example_branch_operator.py
[2023-07-04T00:22:50.005+0000] {logging_mixin.py:149} INFO - [2023-07-04T00:22:50.004+0000] {dag.py:2726} INFO - Sync 1 DAGs
[2023-07-04T00:22:50.084+0000] {logging_mixin.py:149} INFO - [2023-07-04T00:22:50.083+0000] {dag.py:3490} INFO - Setting next_dagrun for example_branch_operator to 2023-07-03T00:00:00+00:00, run_after=2023-07-04T00:00:00+00:00
[2023-07-04T00:22:50.144+0000] {processor.py:179} INFO - Processing /home/airflow/.local/lib/python3.7/site-packages/airflow/example_dags/example_branch_operator.py took 0.239 seconds
[2023-07-04T00:23:20.518+0000] {processor.py:157} INFO - Started process (PID=1864) to work on /home/airflow/.local/lib/python3.7/site-packages/airflow/example_dags/example_branch_operator.py
[2023-07-04T00:23:20.520+0000] {processor.py:826} INFO - Processing file /home/airflow/.local/lib/python3.7/site-packages/airflow/example_dags/example_branch_operator.py for tasks to queue
[2023-07-04T00:23:20.522+0000] {logging_mixin.py:149} INFO - [2023-07-04T00:23:20.521+0000] {dagbag.py:541} INFO - Filling up the DagBag from /home/airflow/.local/lib/python3.7/site-packages/airflow/example_dags/example_branch_operator.py
[2023-07-04T00:23:20.549+0000] {processor.py:836} INFO - DAG(s) dict_keys(['example_branch_operator']) retrieved from /home/airflow/.local/lib/python3.7/site-packages/airflow/example_dags/example_branch_operator.py
[2023-07-04T00:23:20.627+0000] {logging_mixin.py:149} INFO - [2023-07-04T00:23:20.626+0000] {dag.py:2726} INFO - Sync 1 DAGs
[2023-07-04T00:23:20.691+0000] {logging_mixin.py:149} INFO - [2023-07-04T00:23:20.691+0000] {dag.py:3490} INFO - Setting next_dagrun for example_branch_operator to 2023-07-03T00:00:00+00:00, run_after=2023-07-04T00:00:00+00:00
[2023-07-04T00:23:20.737+0000] {processor.py:179} INFO - Processing /home/airflow/.local/lib/python3.7/site-packages/airflow/example_dags/example_branch_operator.py took 0.226 seconds
[2023-07-04T00:23:50.797+0000] {processor.py:157} INFO - Started process (PID=1921) to work on /home/airflow/.local/lib/python3.7/site-packages/airflow/example_dags/example_branch_operator.py
[2023-07-04T00:23:50.798+0000] {processor.py:826} INFO - Processing file /home/airflow/.local/lib/python3.7/site-packages/airflow/example_dags/example_branch_operator.py for tasks to queue
[2023-07-04T00:23:50.799+0000] {logging_mixin.py:149} INFO - [2023-07-04T00:23:50.799+0000] {dagbag.py:541} INFO - Filling up the DagBag from /home/airflow/.local/lib/python3.7/site-packages/airflow/example_dags/example_branch_operator.py
[2023-07-04T00:23:50.820+0000] {processor.py:836} INFO - DAG(s) dict_keys(['example_branch_operator']) retrieved from /home/airflow/.local/lib/python3.7/site-packages/airflow/example_dags/example_branch_operator.py
[2023-07-04T00:23:50.882+0000] {logging_mixin.py:149} INFO - [2023-07-04T00:23:50.881+0000] {dag.py:2726} INFO - Sync 1 DAGs
[2023-07-04T00:23:50.966+0000] {logging_mixin.py:149} INFO - [2023-07-04T00:23:50.966+0000] {dag.py:3490} INFO - Setting next_dagrun for example_branch_operator to 2023-07-03T00:00:00+00:00, run_after=2023-07-04T00:00:00+00:00
[2023-07-04T00:23:51.035+0000] {processor.py:179} INFO - Processing /home/airflow/.local/lib/python3.7/site-packages/airflow/example_dags/example_branch_operator.py took 0.246 seconds
[2023-07-04T00:24:21.332+0000] {processor.py:157} INFO - Started process (PID=1978) to work on /home/airflow/.local/lib/python3.7/site-packages/airflow/example_dags/example_branch_operator.py
[2023-07-04T00:24:21.334+0000] {processor.py:826} INFO - Processing file /home/airflow/.local/lib/python3.7/site-packages/airflow/example_dags/example_branch_operator.py for tasks to queue
[2023-07-04T00:24:21.336+0000] {logging_mixin.py:149} INFO - [2023-07-04T00:24:21.336+0000] {dagbag.py:541} INFO - Filling up the DagBag from /home/airflow/.local/lib/python3.7/site-packages/airflow/example_dags/example_branch_operator.py
[2023-07-04T00:24:21.383+0000] {processor.py:836} INFO - DAG(s) dict_keys(['example_branch_operator']) retrieved from /home/airflow/.local/lib/python3.7/site-packages/airflow/example_dags/example_branch_operator.py
[2023-07-04T00:24:21.468+0000] {logging_mixin.py:149} INFO - [2023-07-04T00:24:21.468+0000] {dag.py:2726} INFO - Sync 1 DAGs
[2023-07-04T00:24:21.533+0000] {logging_mixin.py:149} INFO - [2023-07-04T00:24:21.533+0000] {dag.py:3490} INFO - Setting next_dagrun for example_branch_operator to 2023-07-03T00:00:00+00:00, run_after=2023-07-04T00:00:00+00:00
[2023-07-04T00:24:21.588+0000] {processor.py:179} INFO - Processing /home/airflow/.local/lib/python3.7/site-packages/airflow/example_dags/example_branch_operator.py took 0.267 seconds
[2023-07-04T00:24:52.392+0000] {processor.py:157} INFO - Started process (PID=2031) to work on /home/airflow/.local/lib/python3.7/site-packages/airflow/example_dags/example_branch_operator.py
[2023-07-04T00:24:52.394+0000] {processor.py:826} INFO - Processing file /home/airflow/.local/lib/python3.7/site-packages/airflow/example_dags/example_branch_operator.py for tasks to queue
[2023-07-04T00:24:52.396+0000] {logging_mixin.py:149} INFO - [2023-07-04T00:24:52.395+0000] {dagbag.py:541} INFO - Filling up the DagBag from /home/airflow/.local/lib/python3.7/site-packages/airflow/example_dags/example_branch_operator.py
[2023-07-04T00:24:52.417+0000] {processor.py:836} INFO - DAG(s) dict_keys(['example_branch_operator']) retrieved from /home/airflow/.local/lib/python3.7/site-packages/airflow/example_dags/example_branch_operator.py
[2023-07-04T00:24:52.489+0000] {logging_mixin.py:149} INFO - [2023-07-04T00:24:52.489+0000] {dag.py:2726} INFO - Sync 1 DAGs
[2023-07-04T00:24:52.573+0000] {logging_mixin.py:149} INFO - [2023-07-04T00:24:52.573+0000] {dag.py:3490} INFO - Setting next_dagrun for example_branch_operator to 2023-07-03T00:00:00+00:00, run_after=2023-07-04T00:00:00+00:00
[2023-07-04T00:24:52.625+0000] {processor.py:179} INFO - Processing /home/airflow/.local/lib/python3.7/site-packages/airflow/example_dags/example_branch_operator.py took 0.242 seconds
[2023-07-04T00:25:22.750+0000] {processor.py:157} INFO - Started process (PID=2089) to work on /home/airflow/.local/lib/python3.7/site-packages/airflow/example_dags/example_branch_operator.py
[2023-07-04T00:25:22.753+0000] {processor.py:826} INFO - Processing file /home/airflow/.local/lib/python3.7/site-packages/airflow/example_dags/example_branch_operator.py for tasks to queue
[2023-07-04T00:25:22.756+0000] {logging_mixin.py:149} INFO - [2023-07-04T00:25:22.755+0000] {dagbag.py:541} INFO - Filling up the DagBag from /home/airflow/.local/lib/python3.7/site-packages/airflow/example_dags/example_branch_operator.py
[2023-07-04T00:25:22.779+0000] {processor.py:836} INFO - DAG(s) dict_keys(['example_branch_operator']) retrieved from /home/airflow/.local/lib/python3.7/site-packages/airflow/example_dags/example_branch_operator.py
[2023-07-04T00:25:22.841+0000] {logging_mixin.py:149} INFO - [2023-07-04T00:25:22.841+0000] {dag.py:2726} INFO - Sync 1 DAGs
[2023-07-04T00:25:22.908+0000] {logging_mixin.py:149} INFO - [2023-07-04T00:25:22.907+0000] {dag.py:3490} INFO - Setting next_dagrun for example_branch_operator to 2023-07-03T00:00:00+00:00, run_after=2023-07-04T00:00:00+00:00
[2023-07-04T00:25:22.957+0000] {processor.py:179} INFO - Processing /home/airflow/.local/lib/python3.7/site-packages/airflow/example_dags/example_branch_operator.py took 0.213 seconds
[2023-07-04T00:25:53.034+0000] {processor.py:157} INFO - Started process (PID=2146) to work on /home/airflow/.local/lib/python3.7/site-packages/airflow/example_dags/example_branch_operator.py
[2023-07-04T00:25:53.036+0000] {processor.py:826} INFO - Processing file /home/airflow/.local/lib/python3.7/site-packages/airflow/example_dags/example_branch_operator.py for tasks to queue
[2023-07-04T00:25:53.038+0000] {logging_mixin.py:149} INFO - [2023-07-04T00:25:53.037+0000] {dagbag.py:541} INFO - Filling up the DagBag from /home/airflow/.local/lib/python3.7/site-packages/airflow/example_dags/example_branch_operator.py
[2023-07-04T00:25:53.057+0000] {processor.py:836} INFO - DAG(s) dict_keys(['example_branch_operator']) retrieved from /home/airflow/.local/lib/python3.7/site-packages/airflow/example_dags/example_branch_operator.py
[2023-07-04T00:25:53.116+0000] {logging_mixin.py:149} INFO - [2023-07-04T00:25:53.116+0000] {dag.py:2726} INFO - Sync 1 DAGs
[2023-07-04T00:25:53.177+0000] {logging_mixin.py:149} INFO - [2023-07-04T00:25:53.176+0000] {dag.py:3490} INFO - Setting next_dagrun for example_branch_operator to 2023-07-03T00:00:00+00:00, run_after=2023-07-04T00:00:00+00:00
[2023-07-04T00:25:53.217+0000] {processor.py:179} INFO - Processing /home/airflow/.local/lib/python3.7/site-packages/airflow/example_dags/example_branch_operator.py took 0.191 seconds
[2023-07-04T00:26:23.419+0000] {processor.py:157} INFO - Started process (PID=2203) to work on /home/airflow/.local/lib/python3.7/site-packages/airflow/example_dags/example_branch_operator.py
[2023-07-04T00:26:23.421+0000] {processor.py:826} INFO - Processing file /home/airflow/.local/lib/python3.7/site-packages/airflow/example_dags/example_branch_operator.py for tasks to queue
[2023-07-04T00:26:23.424+0000] {logging_mixin.py:149} INFO - [2023-07-04T00:26:23.423+0000] {dagbag.py:541} INFO - Filling up the DagBag from /home/airflow/.local/lib/python3.7/site-packages/airflow/example_dags/example_branch_operator.py
[2023-07-04T00:26:23.450+0000] {processor.py:836} INFO - DAG(s) dict_keys(['example_branch_operator']) retrieved from /home/airflow/.local/lib/python3.7/site-packages/airflow/example_dags/example_branch_operator.py
[2023-07-04T00:26:23.538+0000] {logging_mixin.py:149} INFO - [2023-07-04T00:26:23.538+0000] {dag.py:2726} INFO - Sync 1 DAGs
[2023-07-04T00:26:23.613+0000] {logging_mixin.py:149} INFO - [2023-07-04T00:26:23.612+0000] {dag.py:3490} INFO - Setting next_dagrun for example_branch_operator to 2023-07-03T00:00:00+00:00, run_after=2023-07-04T00:00:00+00:00
[2023-07-04T00:26:23.667+0000] {processor.py:179} INFO - Processing /home/airflow/.local/lib/python3.7/site-packages/airflow/example_dags/example_branch_operator.py took 0.256 seconds
[2023-07-04T00:26:53.816+0000] {processor.py:157} INFO - Started process (PID=2260) to work on /home/airflow/.local/lib/python3.7/site-packages/airflow/example_dags/example_branch_operator.py
[2023-07-04T00:26:53.818+0000] {processor.py:826} INFO - Processing file /home/airflow/.local/lib/python3.7/site-packages/airflow/example_dags/example_branch_operator.py for tasks to queue
[2023-07-04T00:26:53.820+0000] {logging_mixin.py:149} INFO - [2023-07-04T00:26:53.820+0000] {dagbag.py:541} INFO - Filling up the DagBag from /home/airflow/.local/lib/python3.7/site-packages/airflow/example_dags/example_branch_operator.py
[2023-07-04T00:26:53.839+0000] {processor.py:836} INFO - DAG(s) dict_keys(['example_branch_operator']) retrieved from /home/airflow/.local/lib/python3.7/site-packages/airflow/example_dags/example_branch_operator.py
[2023-07-04T00:26:53.916+0000] {logging_mixin.py:149} INFO - [2023-07-04T00:26:53.915+0000] {dag.py:2726} INFO - Sync 1 DAGs
[2023-07-04T00:26:54.013+0000] {logging_mixin.py:149} INFO - [2023-07-04T00:26:54.012+0000] {dag.py:3490} INFO - Setting next_dagrun for example_branch_operator to 2023-07-03T00:00:00+00:00, run_after=2023-07-04T00:00:00+00:00
[2023-07-04T00:26:54.055+0000] {processor.py:179} INFO - Processing /home/airflow/.local/lib/python3.7/site-packages/airflow/example_dags/example_branch_operator.py took 0.248 seconds
[2023-07-04T00:27:24.101+0000] {processor.py:157} INFO - Started process (PID=2317) to work on /home/airflow/.local/lib/python3.7/site-packages/airflow/example_dags/example_branch_operator.py
[2023-07-04T00:27:24.102+0000] {processor.py:826} INFO - Processing file /home/airflow/.local/lib/python3.7/site-packages/airflow/example_dags/example_branch_operator.py for tasks to queue
[2023-07-04T00:27:24.103+0000] {logging_mixin.py:149} INFO - [2023-07-04T00:27:24.103+0000] {dagbag.py:541} INFO - Filling up the DagBag from /home/airflow/.local/lib/python3.7/site-packages/airflow/example_dags/example_branch_operator.py
[2023-07-04T00:27:24.118+0000] {processor.py:836} INFO - DAG(s) dict_keys(['example_branch_operator']) retrieved from /home/airflow/.local/lib/python3.7/site-packages/airflow/example_dags/example_branch_operator.py
[2023-07-04T00:27:24.160+0000] {logging_mixin.py:149} INFO - [2023-07-04T00:27:24.159+0000] {dag.py:2726} INFO - Sync 1 DAGs
[2023-07-04T00:27:24.207+0000] {logging_mixin.py:149} INFO - [2023-07-04T00:27:24.207+0000] {dag.py:3490} INFO - Setting next_dagrun for example_branch_operator to 2023-07-03T00:00:00+00:00, run_after=2023-07-04T00:00:00+00:00
[2023-07-04T00:27:24.255+0000] {processor.py:179} INFO - Processing /home/airflow/.local/lib/python3.7/site-packages/airflow/example_dags/example_branch_operator.py took 0.159 seconds
[2023-07-04T00:27:54.482+0000] {processor.py:157} INFO - Started process (PID=2374) to work on /home/airflow/.local/lib/python3.7/site-packages/airflow/example_dags/example_branch_operator.py
[2023-07-04T00:27:54.484+0000] {processor.py:826} INFO - Processing file /home/airflow/.local/lib/python3.7/site-packages/airflow/example_dags/example_branch_operator.py for tasks to queue
[2023-07-04T00:27:54.487+0000] {logging_mixin.py:149} INFO - [2023-07-04T00:27:54.486+0000] {dagbag.py:541} INFO - Filling up the DagBag from /home/airflow/.local/lib/python3.7/site-packages/airflow/example_dags/example_branch_operator.py
[2023-07-04T00:27:54.506+0000] {processor.py:836} INFO - DAG(s) dict_keys(['example_branch_operator']) retrieved from /home/airflow/.local/lib/python3.7/site-packages/airflow/example_dags/example_branch_operator.py
[2023-07-04T00:27:54.558+0000] {logging_mixin.py:149} INFO - [2023-07-04T00:27:54.557+0000] {dag.py:2726} INFO - Sync 1 DAGs
[2023-07-04T00:27:54.634+0000] {logging_mixin.py:149} INFO - [2023-07-04T00:27:54.633+0000] {dag.py:3490} INFO - Setting next_dagrun for example_branch_operator to 2023-07-03T00:00:00+00:00, run_after=2023-07-04T00:00:00+00:00
[2023-07-04T00:27:54.686+0000] {processor.py:179} INFO - Processing /home/airflow/.local/lib/python3.7/site-packages/airflow/example_dags/example_branch_operator.py took 0.210 seconds
[2023-07-04T00:28:25.207+0000] {processor.py:157} INFO - Started process (PID=2431) to work on /home/airflow/.local/lib/python3.7/site-packages/airflow/example_dags/example_branch_operator.py
[2023-07-04T00:28:25.210+0000] {processor.py:826} INFO - Processing file /home/airflow/.local/lib/python3.7/site-packages/airflow/example_dags/example_branch_operator.py for tasks to queue
[2023-07-04T00:28:25.212+0000] {logging_mixin.py:149} INFO - [2023-07-04T00:28:25.211+0000] {dagbag.py:541} INFO - Filling up the DagBag from /home/airflow/.local/lib/python3.7/site-packages/airflow/example_dags/example_branch_operator.py
[2023-07-04T00:28:25.241+0000] {processor.py:836} INFO - DAG(s) dict_keys(['example_branch_operator']) retrieved from /home/airflow/.local/lib/python3.7/site-packages/airflow/example_dags/example_branch_operator.py
[2023-07-04T00:28:25.325+0000] {logging_mixin.py:149} INFO - [2023-07-04T00:28:25.325+0000] {dag.py:2726} INFO - Sync 1 DAGs
[2023-07-04T00:28:25.400+0000] {logging_mixin.py:149} INFO - [2023-07-04T00:28:25.399+0000] {dag.py:3490} INFO - Setting next_dagrun for example_branch_operator to 2023-07-03T00:00:00+00:00, run_after=2023-07-04T00:00:00+00:00
[2023-07-04T00:28:25.438+0000] {processor.py:179} INFO - Processing /home/airflow/.local/lib/python3.7/site-packages/airflow/example_dags/example_branch_operator.py took 0.241 seconds
[2023-07-04T00:28:55.787+0000] {processor.py:157} INFO - Started process (PID=2488) to work on /home/airflow/.local/lib/python3.7/site-packages/airflow/example_dags/example_branch_operator.py
[2023-07-04T00:28:55.788+0000] {processor.py:826} INFO - Processing file /home/airflow/.local/lib/python3.7/site-packages/airflow/example_dags/example_branch_operator.py for tasks to queue
[2023-07-04T00:28:55.789+0000] {logging_mixin.py:149} INFO - [2023-07-04T00:28:55.789+0000] {dagbag.py:541} INFO - Filling up the DagBag from /home/airflow/.local/lib/python3.7/site-packages/airflow/example_dags/example_branch_operator.py
[2023-07-04T00:28:55.806+0000] {processor.py:836} INFO - DAG(s) dict_keys(['example_branch_operator']) retrieved from /home/airflow/.local/lib/python3.7/site-packages/airflow/example_dags/example_branch_operator.py
[2023-07-04T00:28:55.858+0000] {logging_mixin.py:149} INFO - [2023-07-04T00:28:55.857+0000] {dag.py:2726} INFO - Sync 1 DAGs
[2023-07-04T00:28:55.914+0000] {logging_mixin.py:149} INFO - [2023-07-04T00:28:55.913+0000] {dag.py:3490} INFO - Setting next_dagrun for example_branch_operator to 2023-07-03T00:00:00+00:00, run_after=2023-07-04T00:00:00+00:00
[2023-07-04T00:28:55.948+0000] {processor.py:179} INFO - Processing /home/airflow/.local/lib/python3.7/site-packages/airflow/example_dags/example_branch_operator.py took 0.169 seconds
[2023-07-04T00:29:26.294+0000] {processor.py:157} INFO - Started process (PID=2545) to work on /home/airflow/.local/lib/python3.7/site-packages/airflow/example_dags/example_branch_operator.py
[2023-07-04T00:29:26.296+0000] {processor.py:826} INFO - Processing file /home/airflow/.local/lib/python3.7/site-packages/airflow/example_dags/example_branch_operator.py for tasks to queue
[2023-07-04T00:29:26.297+0000] {logging_mixin.py:149} INFO - [2023-07-04T00:29:26.297+0000] {dagbag.py:541} INFO - Filling up the DagBag from /home/airflow/.local/lib/python3.7/site-packages/airflow/example_dags/example_branch_operator.py
[2023-07-04T00:29:26.318+0000] {processor.py:836} INFO - DAG(s) dict_keys(['example_branch_operator']) retrieved from /home/airflow/.local/lib/python3.7/site-packages/airflow/example_dags/example_branch_operator.py
[2023-07-04T00:29:26.370+0000] {logging_mixin.py:149} INFO - [2023-07-04T00:29:26.369+0000] {dag.py:2726} INFO - Sync 1 DAGs
[2023-07-04T00:29:26.417+0000] {logging_mixin.py:149} INFO - [2023-07-04T00:29:26.417+0000] {dag.py:3490} INFO - Setting next_dagrun for example_branch_operator to 2023-07-03T00:00:00+00:00, run_after=2023-07-04T00:00:00+00:00
[2023-07-04T00:29:26.451+0000] {processor.py:179} INFO - Processing /home/airflow/.local/lib/python3.7/site-packages/airflow/example_dags/example_branch_operator.py took 0.163 seconds
[2023-07-04T00:29:56.942+0000] {processor.py:157} INFO - Started process (PID=2602) to work on /home/airflow/.local/lib/python3.7/site-packages/airflow/example_dags/example_branch_operator.py
[2023-07-04T00:29:56.944+0000] {processor.py:826} INFO - Processing file /home/airflow/.local/lib/python3.7/site-packages/airflow/example_dags/example_branch_operator.py for tasks to queue
[2023-07-04T00:29:56.946+0000] {logging_mixin.py:149} INFO - [2023-07-04T00:29:56.946+0000] {dagbag.py:541} INFO - Filling up the DagBag from /home/airflow/.local/lib/python3.7/site-packages/airflow/example_dags/example_branch_operator.py
[2023-07-04T00:29:56.975+0000] {processor.py:836} INFO - DAG(s) dict_keys(['example_branch_operator']) retrieved from /home/airflow/.local/lib/python3.7/site-packages/airflow/example_dags/example_branch_operator.py
[2023-07-04T00:29:57.052+0000] {logging_mixin.py:149} INFO - [2023-07-04T00:29:57.052+0000] {dag.py:2726} INFO - Sync 1 DAGs
[2023-07-04T00:29:57.118+0000] {logging_mixin.py:149} INFO - [2023-07-04T00:29:57.118+0000] {dag.py:3490} INFO - Setting next_dagrun for example_branch_operator to 2023-07-03T00:00:00+00:00, run_after=2023-07-04T00:00:00+00:00
[2023-07-04T00:29:57.166+0000] {processor.py:179} INFO - Processing /home/airflow/.local/lib/python3.7/site-packages/airflow/example_dags/example_branch_operator.py took 0.234 seconds
[2023-07-04T00:30:27.481+0000] {processor.py:157} INFO - Started process (PID=2659) to work on /home/airflow/.local/lib/python3.7/site-packages/airflow/example_dags/example_branch_operator.py
[2023-07-04T00:30:27.486+0000] {processor.py:826} INFO - Processing file /home/airflow/.local/lib/python3.7/site-packages/airflow/example_dags/example_branch_operator.py for tasks to queue
[2023-07-04T00:30:27.488+0000] {logging_mixin.py:149} INFO - [2023-07-04T00:30:27.487+0000] {dagbag.py:541} INFO - Filling up the DagBag from /home/airflow/.local/lib/python3.7/site-packages/airflow/example_dags/example_branch_operator.py
[2023-07-04T00:30:27.522+0000] {processor.py:836} INFO - DAG(s) dict_keys(['example_branch_operator']) retrieved from /home/airflow/.local/lib/python3.7/site-packages/airflow/example_dags/example_branch_operator.py
[2023-07-04T00:30:27.595+0000] {logging_mixin.py:149} INFO - [2023-07-04T00:30:27.594+0000] {dag.py:2726} INFO - Sync 1 DAGs
[2023-07-04T00:30:27.687+0000] {logging_mixin.py:149} INFO - [2023-07-04T00:30:27.686+0000] {dag.py:3490} INFO - Setting next_dagrun for example_branch_operator to 2023-07-03T00:00:00+00:00, run_after=2023-07-04T00:00:00+00:00
[2023-07-04T00:30:27.759+0000] {processor.py:179} INFO - Processing /home/airflow/.local/lib/python3.7/site-packages/airflow/example_dags/example_branch_operator.py took 0.290 seconds
[2023-07-04T00:30:58.593+0000] {processor.py:157} INFO - Started process (PID=2715) to work on /home/airflow/.local/lib/python3.7/site-packages/airflow/example_dags/example_branch_operator.py
[2023-07-04T00:30:58.595+0000] {processor.py:826} INFO - Processing file /home/airflow/.local/lib/python3.7/site-packages/airflow/example_dags/example_branch_operator.py for tasks to queue
[2023-07-04T00:30:58.596+0000] {logging_mixin.py:149} INFO - [2023-07-04T00:30:58.596+0000] {dagbag.py:541} INFO - Filling up the DagBag from /home/airflow/.local/lib/python3.7/site-packages/airflow/example_dags/example_branch_operator.py
[2023-07-04T00:30:58.611+0000] {processor.py:836} INFO - DAG(s) dict_keys(['example_branch_operator']) retrieved from /home/airflow/.local/lib/python3.7/site-packages/airflow/example_dags/example_branch_operator.py
[2023-07-04T00:30:58.652+0000] {logging_mixin.py:149} INFO - [2023-07-04T00:30:58.652+0000] {dag.py:2726} INFO - Sync 1 DAGs
[2023-07-04T00:30:58.696+0000] {logging_mixin.py:149} INFO - [2023-07-04T00:30:58.695+0000] {dag.py:3490} INFO - Setting next_dagrun for example_branch_operator to 2023-07-03T00:00:00+00:00, run_after=2023-07-04T00:00:00+00:00
[2023-07-04T00:30:58.730+0000] {processor.py:179} INFO - Processing /home/airflow/.local/lib/python3.7/site-packages/airflow/example_dags/example_branch_operator.py took 0.142 seconds
[2023-07-04T00:31:29.052+0000] {processor.py:157} INFO - Started process (PID=2772) to work on /home/airflow/.local/lib/python3.7/site-packages/airflow/example_dags/example_branch_operator.py
[2023-07-04T00:31:29.053+0000] {processor.py:826} INFO - Processing file /home/airflow/.local/lib/python3.7/site-packages/airflow/example_dags/example_branch_operator.py for tasks to queue
[2023-07-04T00:31:29.055+0000] {logging_mixin.py:149} INFO - [2023-07-04T00:31:29.054+0000] {dagbag.py:541} INFO - Filling up the DagBag from /home/airflow/.local/lib/python3.7/site-packages/airflow/example_dags/example_branch_operator.py
[2023-07-04T00:31:29.068+0000] {processor.py:836} INFO - DAG(s) dict_keys(['example_branch_operator']) retrieved from /home/airflow/.local/lib/python3.7/site-packages/airflow/example_dags/example_branch_operator.py
[2023-07-04T00:31:29.110+0000] {logging_mixin.py:149} INFO - [2023-07-04T00:31:29.110+0000] {dag.py:2726} INFO - Sync 1 DAGs
[2023-07-04T00:31:29.155+0000] {logging_mixin.py:149} INFO - [2023-07-04T00:31:29.155+0000] {dag.py:3490} INFO - Setting next_dagrun for example_branch_operator to 2023-07-03T00:00:00+00:00, run_after=2023-07-04T00:00:00+00:00
[2023-07-04T00:31:29.185+0000] {processor.py:179} INFO - Processing /home/airflow/.local/lib/python3.7/site-packages/airflow/example_dags/example_branch_operator.py took 0.139 seconds
[2023-07-04T00:31:59.482+0000] {processor.py:157} INFO - Started process (PID=2829) to work on /home/airflow/.local/lib/python3.7/site-packages/airflow/example_dags/example_branch_operator.py
[2023-07-04T00:31:59.483+0000] {processor.py:826} INFO - Processing file /home/airflow/.local/lib/python3.7/site-packages/airflow/example_dags/example_branch_operator.py for tasks to queue
[2023-07-04T00:31:59.484+0000] {logging_mixin.py:149} INFO - [2023-07-04T00:31:59.484+0000] {dagbag.py:541} INFO - Filling up the DagBag from /home/airflow/.local/lib/python3.7/site-packages/airflow/example_dags/example_branch_operator.py
[2023-07-04T00:31:59.503+0000] {processor.py:836} INFO - DAG(s) dict_keys(['example_branch_operator']) retrieved from /home/airflow/.local/lib/python3.7/site-packages/airflow/example_dags/example_branch_operator.py
[2023-07-04T00:31:59.546+0000] {logging_mixin.py:149} INFO - [2023-07-04T00:31:59.546+0000] {dag.py:2726} INFO - Sync 1 DAGs
[2023-07-04T00:31:59.590+0000] {logging_mixin.py:149} INFO - [2023-07-04T00:31:59.590+0000] {dag.py:3490} INFO - Setting next_dagrun for example_branch_operator to 2023-07-03T00:00:00+00:00, run_after=2023-07-04T00:00:00+00:00
[2023-07-04T00:31:59.618+0000] {processor.py:179} INFO - Processing /home/airflow/.local/lib/python3.7/site-packages/airflow/example_dags/example_branch_operator.py took 0.142 seconds
[2023-07-04T00:32:29.837+0000] {processor.py:157} INFO - Started process (PID=2886) to work on /home/airflow/.local/lib/python3.7/site-packages/airflow/example_dags/example_branch_operator.py
[2023-07-04T00:32:29.838+0000] {processor.py:826} INFO - Processing file /home/airflow/.local/lib/python3.7/site-packages/airflow/example_dags/example_branch_operator.py for tasks to queue
[2023-07-04T00:32:29.839+0000] {logging_mixin.py:149} INFO - [2023-07-04T00:32:29.839+0000] {dagbag.py:541} INFO - Filling up the DagBag from /home/airflow/.local/lib/python3.7/site-packages/airflow/example_dags/example_branch_operator.py
[2023-07-04T00:32:29.853+0000] {processor.py:836} INFO - DAG(s) dict_keys(['example_branch_operator']) retrieved from /home/airflow/.local/lib/python3.7/site-packages/airflow/example_dags/example_branch_operator.py
[2023-07-04T00:32:29.898+0000] {logging_mixin.py:149} INFO - [2023-07-04T00:32:29.898+0000] {dag.py:2726} INFO - Sync 1 DAGs
[2023-07-04T00:32:29.945+0000] {logging_mixin.py:149} INFO - [2023-07-04T00:32:29.945+0000] {dag.py:3490} INFO - Setting next_dagrun for example_branch_operator to 2023-07-03T00:00:00+00:00, run_after=2023-07-04T00:00:00+00:00
[2023-07-04T00:32:29.982+0000] {processor.py:179} INFO - Processing /home/airflow/.local/lib/python3.7/site-packages/airflow/example_dags/example_branch_operator.py took 0.150 seconds
[2023-07-04T00:33:00.693+0000] {processor.py:157} INFO - Started process (PID=2944) to work on /home/airflow/.local/lib/python3.7/site-packages/airflow/example_dags/example_branch_operator.py
[2023-07-04T00:33:00.695+0000] {processor.py:826} INFO - Processing file /home/airflow/.local/lib/python3.7/site-packages/airflow/example_dags/example_branch_operator.py for tasks to queue
[2023-07-04T00:33:00.698+0000] {logging_mixin.py:149} INFO - [2023-07-04T00:33:00.697+0000] {dagbag.py:541} INFO - Filling up the DagBag from /home/airflow/.local/lib/python3.7/site-packages/airflow/example_dags/example_branch_operator.py
[2023-07-04T00:33:00.734+0000] {processor.py:836} INFO - DAG(s) dict_keys(['example_branch_operator']) retrieved from /home/airflow/.local/lib/python3.7/site-packages/airflow/example_dags/example_branch_operator.py
[2023-07-04T00:33:00.829+0000] {logging_mixin.py:149} INFO - [2023-07-04T00:33:00.829+0000] {dag.py:2726} INFO - Sync 1 DAGs
[2023-07-04T00:33:00.897+0000] {logging_mixin.py:149} INFO - [2023-07-04T00:33:00.897+0000] {dag.py:3490} INFO - Setting next_dagrun for example_branch_operator to 2023-07-03T00:00:00+00:00, run_after=2023-07-04T00:00:00+00:00
[2023-07-04T00:33:00.979+0000] {processor.py:179} INFO - Processing /home/airflow/.local/lib/python3.7/site-packages/airflow/example_dags/example_branch_operator.py took 0.298 seconds
[2023-07-04T00:33:31.317+0000] {processor.py:157} INFO - Started process (PID=3000) to work on /home/airflow/.local/lib/python3.7/site-packages/airflow/example_dags/example_branch_operator.py
[2023-07-04T00:33:31.319+0000] {processor.py:826} INFO - Processing file /home/airflow/.local/lib/python3.7/site-packages/airflow/example_dags/example_branch_operator.py for tasks to queue
[2023-07-04T00:33:31.320+0000] {logging_mixin.py:149} INFO - [2023-07-04T00:33:31.319+0000] {dagbag.py:541} INFO - Filling up the DagBag from /home/airflow/.local/lib/python3.7/site-packages/airflow/example_dags/example_branch_operator.py
[2023-07-04T00:33:31.336+0000] {processor.py:836} INFO - DAG(s) dict_keys(['example_branch_operator']) retrieved from /home/airflow/.local/lib/python3.7/site-packages/airflow/example_dags/example_branch_operator.py
[2023-07-04T00:33:31.385+0000] {logging_mixin.py:149} INFO - [2023-07-04T00:33:31.385+0000] {dag.py:2726} INFO - Sync 1 DAGs
[2023-07-04T00:33:31.435+0000] {logging_mixin.py:149} INFO - [2023-07-04T00:33:31.435+0000] {dag.py:3490} INFO - Setting next_dagrun for example_branch_operator to 2023-07-03T00:00:00+00:00, run_after=2023-07-04T00:00:00+00:00
[2023-07-04T00:33:31.469+0000] {processor.py:179} INFO - Processing /home/airflow/.local/lib/python3.7/site-packages/airflow/example_dags/example_branch_operator.py took 0.157 seconds
[2023-07-04T00:34:01.786+0000] {processor.py:157} INFO - Started process (PID=3057) to work on /home/airflow/.local/lib/python3.7/site-packages/airflow/example_dags/example_branch_operator.py
[2023-07-04T00:34:01.787+0000] {processor.py:826} INFO - Processing file /home/airflow/.local/lib/python3.7/site-packages/airflow/example_dags/example_branch_operator.py for tasks to queue
[2023-07-04T00:34:01.788+0000] {logging_mixin.py:149} INFO - [2023-07-04T00:34:01.788+0000] {dagbag.py:541} INFO - Filling up the DagBag from /home/airflow/.local/lib/python3.7/site-packages/airflow/example_dags/example_branch_operator.py
[2023-07-04T00:34:01.805+0000] {processor.py:836} INFO - DAG(s) dict_keys(['example_branch_operator']) retrieved from /home/airflow/.local/lib/python3.7/site-packages/airflow/example_dags/example_branch_operator.py
[2023-07-04T00:34:01.852+0000] {logging_mixin.py:149} INFO - [2023-07-04T00:34:01.851+0000] {dag.py:2726} INFO - Sync 1 DAGs
[2023-07-04T00:34:01.893+0000] {logging_mixin.py:149} INFO - [2023-07-04T00:34:01.893+0000] {dag.py:3490} INFO - Setting next_dagrun for example_branch_operator to 2023-07-03T00:00:00+00:00, run_after=2023-07-04T00:00:00+00:00
[2023-07-04T00:34:01.919+0000] {processor.py:179} INFO - Processing /home/airflow/.local/lib/python3.7/site-packages/airflow/example_dags/example_branch_operator.py took 0.138 seconds
[2023-07-04T00:34:32.308+0000] {processor.py:157} INFO - Started process (PID=3114) to work on /home/airflow/.local/lib/python3.7/site-packages/airflow/example_dags/example_branch_operator.py
[2023-07-04T00:34:32.311+0000] {processor.py:826} INFO - Processing file /home/airflow/.local/lib/python3.7/site-packages/airflow/example_dags/example_branch_operator.py for tasks to queue
[2023-07-04T00:34:32.314+0000] {logging_mixin.py:149} INFO - [2023-07-04T00:34:32.313+0000] {dagbag.py:541} INFO - Filling up the DagBag from /home/airflow/.local/lib/python3.7/site-packages/airflow/example_dags/example_branch_operator.py
[2023-07-04T00:34:32.341+0000] {processor.py:836} INFO - DAG(s) dict_keys(['example_branch_operator']) retrieved from /home/airflow/.local/lib/python3.7/site-packages/airflow/example_dags/example_branch_operator.py
[2023-07-04T00:34:32.408+0000] {logging_mixin.py:149} INFO - [2023-07-04T00:34:32.407+0000] {dag.py:2726} INFO - Sync 1 DAGs
[2023-07-04T00:34:32.487+0000] {logging_mixin.py:149} INFO - [2023-07-04T00:34:32.486+0000] {dag.py:3490} INFO - Setting next_dagrun for example_branch_operator to 2023-07-03T00:00:00+00:00, run_after=2023-07-04T00:00:00+00:00
[2023-07-04T00:34:32.521+0000] {processor.py:179} INFO - Processing /home/airflow/.local/lib/python3.7/site-packages/airflow/example_dags/example_branch_operator.py took 0.223 seconds
[2023-07-04T00:35:02.848+0000] {processor.py:157} INFO - Started process (PID=3171) to work on /home/airflow/.local/lib/python3.7/site-packages/airflow/example_dags/example_branch_operator.py
[2023-07-04T00:35:02.849+0000] {processor.py:826} INFO - Processing file /home/airflow/.local/lib/python3.7/site-packages/airflow/example_dags/example_branch_operator.py for tasks to queue
[2023-07-04T00:35:02.851+0000] {logging_mixin.py:149} INFO - [2023-07-04T00:35:02.851+0000] {dagbag.py:541} INFO - Filling up the DagBag from /home/airflow/.local/lib/python3.7/site-packages/airflow/example_dags/example_branch_operator.py
[2023-07-04T00:35:02.869+0000] {processor.py:836} INFO - DAG(s) dict_keys(['example_branch_operator']) retrieved from /home/airflow/.local/lib/python3.7/site-packages/airflow/example_dags/example_branch_operator.py
[2023-07-04T00:35:02.931+0000] {logging_mixin.py:149} INFO - [2023-07-04T00:35:02.931+0000] {dag.py:2726} INFO - Sync 1 DAGs
[2023-07-04T00:35:03.028+0000] {logging_mixin.py:149} INFO - [2023-07-04T00:35:03.028+0000] {dag.py:3490} INFO - Setting next_dagrun for example_branch_operator to 2023-07-03T00:00:00+00:00, run_after=2023-07-04T00:00:00+00:00
[2023-07-04T00:35:03.101+0000] {processor.py:179} INFO - Processing /home/airflow/.local/lib/python3.7/site-packages/airflow/example_dags/example_branch_operator.py took 0.261 seconds
