[2023-07-04T00:07:11.379+0000] {processor.py:157} INFO - Started process (PID=76) to work on /home/airflow/.local/lib/python3.7/site-packages/airflow/example_dags/tutorial_dag.py
[2023-07-04T00:07:11.384+0000] {processor.py:826} INFO - Processing file /home/airflow/.local/lib/python3.7/site-packages/airflow/example_dags/tutorial_dag.py for tasks to queue
[2023-07-04T00:07:11.388+0000] {logging_mixin.py:149} INFO - [2023-07-04T00:07:11.388+0000] {dagbag.py:541} INFO - Filling up the DagBag from /home/airflow/.local/lib/python3.7/site-packages/airflow/example_dags/tutorial_dag.py
[2023-07-04T00:07:11.405+0000] {processor.py:836} INFO - DAG(s) dict_keys(['tutorial_dag']) retrieved from /home/airflow/.local/lib/python3.7/site-packages/airflow/example_dags/tutorial_dag.py
[2023-07-04T00:07:11.486+0000] {logging_mixin.py:149} INFO - [2023-07-04T00:07:11.486+0000] {dag.py:2726} INFO - Sync 1 DAGs
[2023-07-04T00:07:11.619+0000] {logging_mixin.py:149} INFO - [2023-07-04T00:07:11.619+0000] {dag.py:3490} INFO - Setting next_dagrun for tutorial_dag to None, run_after=None
[2023-07-04T00:07:11.709+0000] {processor.py:179} INFO - Processing /home/airflow/.local/lib/python3.7/site-packages/airflow/example_dags/tutorial_dag.py took 0.351 seconds
[2023-07-04T00:07:42.150+0000] {processor.py:157} INFO - Started process (PID=133) to work on /home/airflow/.local/lib/python3.7/site-packages/airflow/example_dags/tutorial_dag.py
[2023-07-04T00:07:42.152+0000] {processor.py:826} INFO - Processing file /home/airflow/.local/lib/python3.7/site-packages/airflow/example_dags/tutorial_dag.py for tasks to queue
[2023-07-04T00:07:42.153+0000] {logging_mixin.py:149} INFO - [2023-07-04T00:07:42.153+0000] {dagbag.py:541} INFO - Filling up the DagBag from /home/airflow/.local/lib/python3.7/site-packages/airflow/example_dags/tutorial_dag.py
[2023-07-04T00:07:42.164+0000] {processor.py:836} INFO - DAG(s) dict_keys(['tutorial_dag']) retrieved from /home/airflow/.local/lib/python3.7/site-packages/airflow/example_dags/tutorial_dag.py
[2023-07-04T00:07:42.223+0000] {logging_mixin.py:149} INFO - [2023-07-04T00:07:42.223+0000] {dag.py:2726} INFO - Sync 1 DAGs
[2023-07-04T00:07:42.284+0000] {logging_mixin.py:149} INFO - [2023-07-04T00:07:42.283+0000] {dag.py:3490} INFO - Setting next_dagrun for tutorial_dag to None, run_after=None
[2023-07-04T00:07:42.329+0000] {processor.py:179} INFO - Processing /home/airflow/.local/lib/python3.7/site-packages/airflow/example_dags/tutorial_dag.py took 0.186 seconds
[2023-07-04T00:08:12.464+0000] {processor.py:157} INFO - Started process (PID=189) to work on /home/airflow/.local/lib/python3.7/site-packages/airflow/example_dags/tutorial_dag.py
[2023-07-04T00:08:12.467+0000] {processor.py:826} INFO - Processing file /home/airflow/.local/lib/python3.7/site-packages/airflow/example_dags/tutorial_dag.py for tasks to queue
[2023-07-04T00:08:12.468+0000] {logging_mixin.py:149} INFO - [2023-07-04T00:08:12.468+0000] {dagbag.py:541} INFO - Filling up the DagBag from /home/airflow/.local/lib/python3.7/site-packages/airflow/example_dags/tutorial_dag.py
[2023-07-04T00:08:12.479+0000] {processor.py:836} INFO - DAG(s) dict_keys(['tutorial_dag']) retrieved from /home/airflow/.local/lib/python3.7/site-packages/airflow/example_dags/tutorial_dag.py
[2023-07-04T00:08:12.529+0000] {logging_mixin.py:149} INFO - [2023-07-04T00:08:12.528+0000] {dag.py:2726} INFO - Sync 1 DAGs
[2023-07-04T00:08:12.587+0000] {logging_mixin.py:149} INFO - [2023-07-04T00:08:12.587+0000] {dag.py:3490} INFO - Setting next_dagrun for tutorial_dag to None, run_after=None
[2023-07-04T00:08:12.625+0000] {processor.py:179} INFO - Processing /home/airflow/.local/lib/python3.7/site-packages/airflow/example_dags/tutorial_dag.py took 0.168 seconds
[2023-07-04T00:08:43.088+0000] {processor.py:157} INFO - Started process (PID=246) to work on /home/airflow/.local/lib/python3.7/site-packages/airflow/example_dags/tutorial_dag.py
[2023-07-04T00:08:43.090+0000] {processor.py:826} INFO - Processing file /home/airflow/.local/lib/python3.7/site-packages/airflow/example_dags/tutorial_dag.py for tasks to queue
[2023-07-04T00:08:43.091+0000] {logging_mixin.py:149} INFO - [2023-07-04T00:08:43.091+0000] {dagbag.py:541} INFO - Filling up the DagBag from /home/airflow/.local/lib/python3.7/site-packages/airflow/example_dags/tutorial_dag.py
[2023-07-04T00:08:43.098+0000] {processor.py:836} INFO - DAG(s) dict_keys(['tutorial_dag']) retrieved from /home/airflow/.local/lib/python3.7/site-packages/airflow/example_dags/tutorial_dag.py
[2023-07-04T00:08:43.144+0000] {logging_mixin.py:149} INFO - [2023-07-04T00:08:43.144+0000] {dag.py:2726} INFO - Sync 1 DAGs
[2023-07-04T00:08:43.195+0000] {logging_mixin.py:149} INFO - [2023-07-04T00:08:43.195+0000] {dag.py:3490} INFO - Setting next_dagrun for tutorial_dag to None, run_after=None
[2023-07-04T00:08:43.227+0000] {processor.py:179} INFO - Processing /home/airflow/.local/lib/python3.7/site-packages/airflow/example_dags/tutorial_dag.py took 0.146 seconds
[2023-07-04T00:09:13.992+0000] {processor.py:157} INFO - Started process (PID=304) to work on /home/airflow/.local/lib/python3.7/site-packages/airflow/example_dags/tutorial_dag.py
[2023-07-04T00:09:13.994+0000] {processor.py:826} INFO - Processing file /home/airflow/.local/lib/python3.7/site-packages/airflow/example_dags/tutorial_dag.py for tasks to queue
[2023-07-04T00:09:13.995+0000] {logging_mixin.py:149} INFO - [2023-07-04T00:09:13.995+0000] {dagbag.py:541} INFO - Filling up the DagBag from /home/airflow/.local/lib/python3.7/site-packages/airflow/example_dags/tutorial_dag.py
[2023-07-04T00:09:14.004+0000] {processor.py:836} INFO - DAG(s) dict_keys(['tutorial_dag']) retrieved from /home/airflow/.local/lib/python3.7/site-packages/airflow/example_dags/tutorial_dag.py
[2023-07-04T00:09:14.051+0000] {logging_mixin.py:149} INFO - [2023-07-04T00:09:14.051+0000] {dag.py:2726} INFO - Sync 1 DAGs
[2023-07-04T00:09:14.112+0000] {logging_mixin.py:149} INFO - [2023-07-04T00:09:14.111+0000] {dag.py:3490} INFO - Setting next_dagrun for tutorial_dag to None, run_after=None
[2023-07-04T00:09:14.163+0000] {processor.py:179} INFO - Processing /home/airflow/.local/lib/python3.7/site-packages/airflow/example_dags/tutorial_dag.py took 0.177 seconds
[2023-07-04T00:09:44.688+0000] {processor.py:157} INFO - Started process (PID=361) to work on /home/airflow/.local/lib/python3.7/site-packages/airflow/example_dags/tutorial_dag.py
[2023-07-04T00:09:44.690+0000] {processor.py:826} INFO - Processing file /home/airflow/.local/lib/python3.7/site-packages/airflow/example_dags/tutorial_dag.py for tasks to queue
[2023-07-04T00:09:44.691+0000] {logging_mixin.py:149} INFO - [2023-07-04T00:09:44.691+0000] {dagbag.py:541} INFO - Filling up the DagBag from /home/airflow/.local/lib/python3.7/site-packages/airflow/example_dags/tutorial_dag.py
[2023-07-04T00:09:44.703+0000] {processor.py:836} INFO - DAG(s) dict_keys(['tutorial_dag']) retrieved from /home/airflow/.local/lib/python3.7/site-packages/airflow/example_dags/tutorial_dag.py
[2023-07-04T00:09:44.755+0000] {logging_mixin.py:149} INFO - [2023-07-04T00:09:44.755+0000] {dag.py:2726} INFO - Sync 1 DAGs
[2023-07-04T00:09:44.818+0000] {logging_mixin.py:149} INFO - [2023-07-04T00:09:44.817+0000] {dag.py:3490} INFO - Setting next_dagrun for tutorial_dag to None, run_after=None
[2023-07-04T00:09:44.861+0000] {processor.py:179} INFO - Processing /home/airflow/.local/lib/python3.7/site-packages/airflow/example_dags/tutorial_dag.py took 0.180 seconds
[2023-07-04T00:10:15.433+0000] {processor.py:157} INFO - Started process (PID=417) to work on /home/airflow/.local/lib/python3.7/site-packages/airflow/example_dags/tutorial_dag.py
[2023-07-04T00:10:15.435+0000] {processor.py:826} INFO - Processing file /home/airflow/.local/lib/python3.7/site-packages/airflow/example_dags/tutorial_dag.py for tasks to queue
[2023-07-04T00:10:15.439+0000] {logging_mixin.py:149} INFO - [2023-07-04T00:10:15.439+0000] {dagbag.py:541} INFO - Filling up the DagBag from /home/airflow/.local/lib/python3.7/site-packages/airflow/example_dags/tutorial_dag.py
[2023-07-04T00:10:15.454+0000] {processor.py:836} INFO - DAG(s) dict_keys(['tutorial_dag']) retrieved from /home/airflow/.local/lib/python3.7/site-packages/airflow/example_dags/tutorial_dag.py
[2023-07-04T00:10:15.530+0000] {logging_mixin.py:149} INFO - [2023-07-04T00:10:15.529+0000] {dag.py:2726} INFO - Sync 1 DAGs
[2023-07-04T00:10:15.611+0000] {logging_mixin.py:149} INFO - [2023-07-04T00:10:15.610+0000] {dag.py:3490} INFO - Setting next_dagrun for tutorial_dag to None, run_after=None
[2023-07-04T00:10:15.687+0000] {processor.py:179} INFO - Processing /home/airflow/.local/lib/python3.7/site-packages/airflow/example_dags/tutorial_dag.py took 0.269 seconds
[2023-07-04T00:10:46.007+0000] {processor.py:157} INFO - Started process (PID=473) to work on /home/airflow/.local/lib/python3.7/site-packages/airflow/example_dags/tutorial_dag.py
[2023-07-04T00:10:46.009+0000] {processor.py:826} INFO - Processing file /home/airflow/.local/lib/python3.7/site-packages/airflow/example_dags/tutorial_dag.py for tasks to queue
[2023-07-04T00:10:46.011+0000] {logging_mixin.py:149} INFO - [2023-07-04T00:10:46.010+0000] {dagbag.py:541} INFO - Filling up the DagBag from /home/airflow/.local/lib/python3.7/site-packages/airflow/example_dags/tutorial_dag.py
[2023-07-04T00:10:46.021+0000] {processor.py:836} INFO - DAG(s) dict_keys(['tutorial_dag']) retrieved from /home/airflow/.local/lib/python3.7/site-packages/airflow/example_dags/tutorial_dag.py
[2023-07-04T00:10:46.073+0000] {logging_mixin.py:149} INFO - [2023-07-04T00:10:46.073+0000] {dag.py:2726} INFO - Sync 1 DAGs
[2023-07-04T00:10:46.124+0000] {logging_mixin.py:149} INFO - [2023-07-04T00:10:46.124+0000] {dag.py:3490} INFO - Setting next_dagrun for tutorial_dag to None, run_after=None
[2023-07-04T00:10:46.162+0000] {processor.py:179} INFO - Processing /home/airflow/.local/lib/python3.7/site-packages/airflow/example_dags/tutorial_dag.py took 0.160 seconds
[2023-07-04T00:11:16.824+0000] {processor.py:157} INFO - Started process (PID=530) to work on /home/airflow/.local/lib/python3.7/site-packages/airflow/example_dags/tutorial_dag.py
[2023-07-04T00:11:16.826+0000] {processor.py:826} INFO - Processing file /home/airflow/.local/lib/python3.7/site-packages/airflow/example_dags/tutorial_dag.py for tasks to queue
[2023-07-04T00:11:16.829+0000] {logging_mixin.py:149} INFO - [2023-07-04T00:11:16.828+0000] {dagbag.py:541} INFO - Filling up the DagBag from /home/airflow/.local/lib/python3.7/site-packages/airflow/example_dags/tutorial_dag.py
[2023-07-04T00:11:16.850+0000] {processor.py:836} INFO - DAG(s) dict_keys(['tutorial_dag']) retrieved from /home/airflow/.local/lib/python3.7/site-packages/airflow/example_dags/tutorial_dag.py
[2023-07-04T00:11:16.929+0000] {logging_mixin.py:149} INFO - [2023-07-04T00:11:16.929+0000] {dag.py:2726} INFO - Sync 1 DAGs
[2023-07-04T00:11:17.038+0000] {logging_mixin.py:149} INFO - [2023-07-04T00:11:17.037+0000] {dag.py:3490} INFO - Setting next_dagrun for tutorial_dag to None, run_after=None
[2023-07-04T00:11:17.111+0000] {processor.py:179} INFO - Processing /home/airflow/.local/lib/python3.7/site-packages/airflow/example_dags/tutorial_dag.py took 0.297 seconds
[2023-07-04T00:11:47.459+0000] {processor.py:157} INFO - Started process (PID=587) to work on /home/airflow/.local/lib/python3.7/site-packages/airflow/example_dags/tutorial_dag.py
[2023-07-04T00:11:47.461+0000] {processor.py:826} INFO - Processing file /home/airflow/.local/lib/python3.7/site-packages/airflow/example_dags/tutorial_dag.py for tasks to queue
[2023-07-04T00:11:47.464+0000] {logging_mixin.py:149} INFO - [2023-07-04T00:11:47.463+0000] {dagbag.py:541} INFO - Filling up the DagBag from /home/airflow/.local/lib/python3.7/site-packages/airflow/example_dags/tutorial_dag.py
[2023-07-04T00:11:47.479+0000] {processor.py:836} INFO - DAG(s) dict_keys(['tutorial_dag']) retrieved from /home/airflow/.local/lib/python3.7/site-packages/airflow/example_dags/tutorial_dag.py
[2023-07-04T00:11:47.547+0000] {logging_mixin.py:149} INFO - [2023-07-04T00:11:47.547+0000] {dag.py:2726} INFO - Sync 1 DAGs
[2023-07-04T00:11:47.626+0000] {logging_mixin.py:149} INFO - [2023-07-04T00:11:47.626+0000] {dag.py:3490} INFO - Setting next_dagrun for tutorial_dag to None, run_after=None
[2023-07-04T00:11:47.670+0000] {processor.py:179} INFO - Processing /home/airflow/.local/lib/python3.7/site-packages/airflow/example_dags/tutorial_dag.py took 0.218 seconds
[2023-07-04T00:12:18.105+0000] {processor.py:157} INFO - Started process (PID=644) to work on /home/airflow/.local/lib/python3.7/site-packages/airflow/example_dags/tutorial_dag.py
[2023-07-04T00:12:18.110+0000] {processor.py:826} INFO - Processing file /home/airflow/.local/lib/python3.7/site-packages/airflow/example_dags/tutorial_dag.py for tasks to queue
[2023-07-04T00:12:18.113+0000] {logging_mixin.py:149} INFO - [2023-07-04T00:12:18.112+0000] {dagbag.py:541} INFO - Filling up the DagBag from /home/airflow/.local/lib/python3.7/site-packages/airflow/example_dags/tutorial_dag.py
[2023-07-04T00:12:18.125+0000] {processor.py:836} INFO - DAG(s) dict_keys(['tutorial_dag']) retrieved from /home/airflow/.local/lib/python3.7/site-packages/airflow/example_dags/tutorial_dag.py
[2023-07-04T00:12:18.216+0000] {logging_mixin.py:149} INFO - [2023-07-04T00:12:18.215+0000] {dag.py:2726} INFO - Sync 1 DAGs
[2023-07-04T00:12:18.360+0000] {logging_mixin.py:149} INFO - [2023-07-04T00:12:18.359+0000] {dag.py:3490} INFO - Setting next_dagrun for tutorial_dag to None, run_after=None
[2023-07-04T00:12:18.467+0000] {processor.py:179} INFO - Processing /home/airflow/.local/lib/python3.7/site-packages/airflow/example_dags/tutorial_dag.py took 0.370 seconds
[2023-07-04T00:12:49.214+0000] {processor.py:157} INFO - Started process (PID=701) to work on /home/airflow/.local/lib/python3.7/site-packages/airflow/example_dags/tutorial_dag.py
[2023-07-04T00:12:49.219+0000] {processor.py:826} INFO - Processing file /home/airflow/.local/lib/python3.7/site-packages/airflow/example_dags/tutorial_dag.py for tasks to queue
[2023-07-04T00:12:49.221+0000] {logging_mixin.py:149} INFO - [2023-07-04T00:12:49.221+0000] {dagbag.py:541} INFO - Filling up the DagBag from /home/airflow/.local/lib/python3.7/site-packages/airflow/example_dags/tutorial_dag.py
[2023-07-04T00:12:49.233+0000] {processor.py:836} INFO - DAG(s) dict_keys(['tutorial_dag']) retrieved from /home/airflow/.local/lib/python3.7/site-packages/airflow/example_dags/tutorial_dag.py
[2023-07-04T00:12:49.285+0000] {logging_mixin.py:149} INFO - [2023-07-04T00:12:49.285+0000] {dag.py:2726} INFO - Sync 1 DAGs
[2023-07-04T00:12:49.336+0000] {logging_mixin.py:149} INFO - [2023-07-04T00:12:49.336+0000] {dag.py:3490} INFO - Setting next_dagrun for tutorial_dag to None, run_after=None
[2023-07-04T00:12:49.378+0000] {processor.py:179} INFO - Processing /home/airflow/.local/lib/python3.7/site-packages/airflow/example_dags/tutorial_dag.py took 0.170 seconds
[2023-07-04T00:13:19.431+0000] {processor.py:157} INFO - Started process (PID=757) to work on /home/airflow/.local/lib/python3.7/site-packages/airflow/example_dags/tutorial_dag.py
[2023-07-04T00:13:19.433+0000] {processor.py:826} INFO - Processing file /home/airflow/.local/lib/python3.7/site-packages/airflow/example_dags/tutorial_dag.py for tasks to queue
[2023-07-04T00:13:19.434+0000] {logging_mixin.py:149} INFO - [2023-07-04T00:13:19.434+0000] {dagbag.py:541} INFO - Filling up the DagBag from /home/airflow/.local/lib/python3.7/site-packages/airflow/example_dags/tutorial_dag.py
[2023-07-04T00:13:19.446+0000] {processor.py:836} INFO - DAG(s) dict_keys(['tutorial_dag']) retrieved from /home/airflow/.local/lib/python3.7/site-packages/airflow/example_dags/tutorial_dag.py
[2023-07-04T00:13:19.505+0000] {logging_mixin.py:149} INFO - [2023-07-04T00:13:19.504+0000] {dag.py:2726} INFO - Sync 1 DAGs
[2023-07-04T00:13:19.557+0000] {logging_mixin.py:149} INFO - [2023-07-04T00:13:19.557+0000] {dag.py:3490} INFO - Setting next_dagrun for tutorial_dag to None, run_after=None
[2023-07-04T00:13:19.600+0000] {processor.py:179} INFO - Processing /home/airflow/.local/lib/python3.7/site-packages/airflow/example_dags/tutorial_dag.py took 0.177 seconds
[2023-07-04T00:13:49.761+0000] {processor.py:157} INFO - Started process (PID=815) to work on /home/airflow/.local/lib/python3.7/site-packages/airflow/example_dags/tutorial_dag.py
[2023-07-04T00:13:49.763+0000] {processor.py:826} INFO - Processing file /home/airflow/.local/lib/python3.7/site-packages/airflow/example_dags/tutorial_dag.py for tasks to queue
[2023-07-04T00:13:49.765+0000] {logging_mixin.py:149} INFO - [2023-07-04T00:13:49.765+0000] {dagbag.py:541} INFO - Filling up the DagBag from /home/airflow/.local/lib/python3.7/site-packages/airflow/example_dags/tutorial_dag.py
[2023-07-04T00:13:49.776+0000] {processor.py:836} INFO - DAG(s) dict_keys(['tutorial_dag']) retrieved from /home/airflow/.local/lib/python3.7/site-packages/airflow/example_dags/tutorial_dag.py
[2023-07-04T00:13:49.814+0000] {logging_mixin.py:149} INFO - [2023-07-04T00:13:49.814+0000] {dag.py:2726} INFO - Sync 1 DAGs
[2023-07-04T00:13:49.861+0000] {logging_mixin.py:149} INFO - [2023-07-04T00:13:49.861+0000] {dag.py:3490} INFO - Setting next_dagrun for tutorial_dag to None, run_after=None
[2023-07-04T00:13:49.897+0000] {processor.py:179} INFO - Processing /home/airflow/.local/lib/python3.7/site-packages/airflow/example_dags/tutorial_dag.py took 0.144 seconds
[2023-07-04T00:14:20.223+0000] {processor.py:157} INFO - Started process (PID=872) to work on /home/airflow/.local/lib/python3.7/site-packages/airflow/example_dags/tutorial_dag.py
[2023-07-04T00:14:20.225+0000] {processor.py:826} INFO - Processing file /home/airflow/.local/lib/python3.7/site-packages/airflow/example_dags/tutorial_dag.py for tasks to queue
[2023-07-04T00:14:20.226+0000] {logging_mixin.py:149} INFO - [2023-07-04T00:14:20.226+0000] {dagbag.py:541} INFO - Filling up the DagBag from /home/airflow/.local/lib/python3.7/site-packages/airflow/example_dags/tutorial_dag.py
[2023-07-04T00:14:20.238+0000] {processor.py:836} INFO - DAG(s) dict_keys(['tutorial_dag']) retrieved from /home/airflow/.local/lib/python3.7/site-packages/airflow/example_dags/tutorial_dag.py
[2023-07-04T00:14:20.278+0000] {logging_mixin.py:149} INFO - [2023-07-04T00:14:20.278+0000] {dag.py:2726} INFO - Sync 1 DAGs
[2023-07-04T00:14:20.322+0000] {logging_mixin.py:149} INFO - [2023-07-04T00:14:20.322+0000] {dag.py:3490} INFO - Setting next_dagrun for tutorial_dag to None, run_after=None
[2023-07-04T00:14:20.360+0000] {processor.py:179} INFO - Processing /home/airflow/.local/lib/python3.7/site-packages/airflow/example_dags/tutorial_dag.py took 0.145 seconds
[2023-07-04T00:14:51.419+0000] {processor.py:157} INFO - Started process (PID=929) to work on /home/airflow/.local/lib/python3.7/site-packages/airflow/example_dags/tutorial_dag.py
[2023-07-04T00:14:51.422+0000] {processor.py:826} INFO - Processing file /home/airflow/.local/lib/python3.7/site-packages/airflow/example_dags/tutorial_dag.py for tasks to queue
[2023-07-04T00:14:51.424+0000] {logging_mixin.py:149} INFO - [2023-07-04T00:14:51.424+0000] {dagbag.py:541} INFO - Filling up the DagBag from /home/airflow/.local/lib/python3.7/site-packages/airflow/example_dags/tutorial_dag.py
[2023-07-04T00:14:51.433+0000] {processor.py:836} INFO - DAG(s) dict_keys(['tutorial_dag']) retrieved from /home/airflow/.local/lib/python3.7/site-packages/airflow/example_dags/tutorial_dag.py
[2023-07-04T00:14:51.496+0000] {logging_mixin.py:149} INFO - [2023-07-04T00:14:51.496+0000] {dag.py:2726} INFO - Sync 1 DAGs
[2023-07-04T00:14:51.559+0000] {logging_mixin.py:149} INFO - [2023-07-04T00:14:51.559+0000] {dag.py:3490} INFO - Setting next_dagrun for tutorial_dag to None, run_after=None
[2023-07-04T00:14:51.603+0000] {processor.py:179} INFO - Processing /home/airflow/.local/lib/python3.7/site-packages/airflow/example_dags/tutorial_dag.py took 0.199 seconds
[2023-07-04T00:15:21.917+0000] {processor.py:157} INFO - Started process (PID=986) to work on /home/airflow/.local/lib/python3.7/site-packages/airflow/example_dags/tutorial_dag.py
[2023-07-04T00:15:21.920+0000] {processor.py:826} INFO - Processing file /home/airflow/.local/lib/python3.7/site-packages/airflow/example_dags/tutorial_dag.py for tasks to queue
[2023-07-04T00:15:21.922+0000] {logging_mixin.py:149} INFO - [2023-07-04T00:15:21.921+0000] {dagbag.py:541} INFO - Filling up the DagBag from /home/airflow/.local/lib/python3.7/site-packages/airflow/example_dags/tutorial_dag.py
[2023-07-04T00:15:21.936+0000] {processor.py:836} INFO - DAG(s) dict_keys(['tutorial_dag']) retrieved from /home/airflow/.local/lib/python3.7/site-packages/airflow/example_dags/tutorial_dag.py
[2023-07-04T00:15:21.995+0000] {logging_mixin.py:149} INFO - [2023-07-04T00:15:21.994+0000] {dag.py:2726} INFO - Sync 1 DAGs
[2023-07-04T00:15:22.080+0000] {logging_mixin.py:149} INFO - [2023-07-04T00:15:22.080+0000] {dag.py:3490} INFO - Setting next_dagrun for tutorial_dag to None, run_after=None
[2023-07-04T00:15:22.130+0000] {processor.py:179} INFO - Processing /home/airflow/.local/lib/python3.7/site-packages/airflow/example_dags/tutorial_dag.py took 0.222 seconds
[2023-07-04T00:15:52.939+0000] {processor.py:157} INFO - Started process (PID=1044) to work on /home/airflow/.local/lib/python3.7/site-packages/airflow/example_dags/tutorial_dag.py
[2023-07-04T00:15:52.941+0000] {processor.py:826} INFO - Processing file /home/airflow/.local/lib/python3.7/site-packages/airflow/example_dags/tutorial_dag.py for tasks to queue
[2023-07-04T00:15:52.944+0000] {logging_mixin.py:149} INFO - [2023-07-04T00:15:52.943+0000] {dagbag.py:541} INFO - Filling up the DagBag from /home/airflow/.local/lib/python3.7/site-packages/airflow/example_dags/tutorial_dag.py
[2023-07-04T00:15:52.962+0000] {processor.py:836} INFO - DAG(s) dict_keys(['tutorial_dag']) retrieved from /home/airflow/.local/lib/python3.7/site-packages/airflow/example_dags/tutorial_dag.py
[2023-07-04T00:15:53.016+0000] {logging_mixin.py:149} INFO - [2023-07-04T00:15:53.016+0000] {dag.py:2726} INFO - Sync 1 DAGs
[2023-07-04T00:15:53.098+0000] {logging_mixin.py:149} INFO - [2023-07-04T00:15:53.098+0000] {dag.py:3490} INFO - Setting next_dagrun for tutorial_dag to None, run_after=None
[2023-07-04T00:15:53.141+0000] {processor.py:179} INFO - Processing /home/airflow/.local/lib/python3.7/site-packages/airflow/example_dags/tutorial_dag.py took 0.210 seconds
[2023-07-04T00:16:23.201+0000] {processor.py:157} INFO - Started process (PID=1101) to work on /home/airflow/.local/lib/python3.7/site-packages/airflow/example_dags/tutorial_dag.py
[2023-07-04T00:16:23.202+0000] {processor.py:826} INFO - Processing file /home/airflow/.local/lib/python3.7/site-packages/airflow/example_dags/tutorial_dag.py for tasks to queue
[2023-07-04T00:16:23.203+0000] {logging_mixin.py:149} INFO - [2023-07-04T00:16:23.203+0000] {dagbag.py:541} INFO - Filling up the DagBag from /home/airflow/.local/lib/python3.7/site-packages/airflow/example_dags/tutorial_dag.py
[2023-07-04T00:16:23.217+0000] {processor.py:836} INFO - DAG(s) dict_keys(['tutorial_dag']) retrieved from /home/airflow/.local/lib/python3.7/site-packages/airflow/example_dags/tutorial_dag.py
[2023-07-04T00:16:23.281+0000] {logging_mixin.py:149} INFO - [2023-07-04T00:16:23.280+0000] {dag.py:2726} INFO - Sync 1 DAGs
[2023-07-04T00:16:23.333+0000] {logging_mixin.py:149} INFO - [2023-07-04T00:16:23.332+0000] {dag.py:3490} INFO - Setting next_dagrun for tutorial_dag to None, run_after=None
[2023-07-04T00:16:23.373+0000] {processor.py:179} INFO - Processing /home/airflow/.local/lib/python3.7/site-packages/airflow/example_dags/tutorial_dag.py took 0.178 seconds
[2023-07-04T00:16:53.744+0000] {processor.py:157} INFO - Started process (PID=1158) to work on /home/airflow/.local/lib/python3.7/site-packages/airflow/example_dags/tutorial_dag.py
[2023-07-04T00:16:53.746+0000] {processor.py:826} INFO - Processing file /home/airflow/.local/lib/python3.7/site-packages/airflow/example_dags/tutorial_dag.py for tasks to queue
[2023-07-04T00:16:53.748+0000] {logging_mixin.py:149} INFO - [2023-07-04T00:16:53.748+0000] {dagbag.py:541} INFO - Filling up the DagBag from /home/airflow/.local/lib/python3.7/site-packages/airflow/example_dags/tutorial_dag.py
[2023-07-04T00:16:53.763+0000] {processor.py:836} INFO - DAG(s) dict_keys(['tutorial_dag']) retrieved from /home/airflow/.local/lib/python3.7/site-packages/airflow/example_dags/tutorial_dag.py
[2023-07-04T00:16:53.819+0000] {logging_mixin.py:149} INFO - [2023-07-04T00:16:53.819+0000] {dag.py:2726} INFO - Sync 1 DAGs
[2023-07-04T00:16:53.894+0000] {logging_mixin.py:149} INFO - [2023-07-04T00:16:53.893+0000] {dag.py:3490} INFO - Setting next_dagrun for tutorial_dag to None, run_after=None
[2023-07-04T00:16:53.946+0000] {processor.py:179} INFO - Processing /home/airflow/.local/lib/python3.7/site-packages/airflow/example_dags/tutorial_dag.py took 0.210 seconds
[2023-07-04T00:17:25.160+0000] {processor.py:157} INFO - Started process (PID=1215) to work on /home/airflow/.local/lib/python3.7/site-packages/airflow/example_dags/tutorial_dag.py
[2023-07-04T00:17:25.163+0000] {processor.py:826} INFO - Processing file /home/airflow/.local/lib/python3.7/site-packages/airflow/example_dags/tutorial_dag.py for tasks to queue
[2023-07-04T00:17:25.166+0000] {logging_mixin.py:149} INFO - [2023-07-04T00:17:25.165+0000] {dagbag.py:541} INFO - Filling up the DagBag from /home/airflow/.local/lib/python3.7/site-packages/airflow/example_dags/tutorial_dag.py
[2023-07-04T00:17:25.185+0000] {processor.py:836} INFO - DAG(s) dict_keys(['tutorial_dag']) retrieved from /home/airflow/.local/lib/python3.7/site-packages/airflow/example_dags/tutorial_dag.py
[2023-07-04T00:17:25.269+0000] {logging_mixin.py:149} INFO - [2023-07-04T00:17:25.269+0000] {dag.py:2726} INFO - Sync 1 DAGs
[2023-07-04T00:17:25.412+0000] {logging_mixin.py:149} INFO - [2023-07-04T00:17:25.411+0000] {dag.py:3490} INFO - Setting next_dagrun for tutorial_dag to None, run_after=None
[2023-07-04T00:17:25.502+0000] {processor.py:179} INFO - Processing /home/airflow/.local/lib/python3.7/site-packages/airflow/example_dags/tutorial_dag.py took 0.350 seconds
[2023-07-04T00:17:56.224+0000] {processor.py:157} INFO - Started process (PID=1272) to work on /home/airflow/.local/lib/python3.7/site-packages/airflow/example_dags/tutorial_dag.py
[2023-07-04T00:17:56.226+0000] {processor.py:826} INFO - Processing file /home/airflow/.local/lib/python3.7/site-packages/airflow/example_dags/tutorial_dag.py for tasks to queue
[2023-07-04T00:17:56.228+0000] {logging_mixin.py:149} INFO - [2023-07-04T00:17:56.228+0000] {dagbag.py:541} INFO - Filling up the DagBag from /home/airflow/.local/lib/python3.7/site-packages/airflow/example_dags/tutorial_dag.py
[2023-07-04T00:17:56.237+0000] {processor.py:836} INFO - DAG(s) dict_keys(['tutorial_dag']) retrieved from /home/airflow/.local/lib/python3.7/site-packages/airflow/example_dags/tutorial_dag.py
[2023-07-04T00:17:56.295+0000] {logging_mixin.py:149} INFO - [2023-07-04T00:17:56.295+0000] {dag.py:2726} INFO - Sync 1 DAGs
[2023-07-04T00:17:56.351+0000] {logging_mixin.py:149} INFO - [2023-07-04T00:17:56.351+0000] {dag.py:3490} INFO - Setting next_dagrun for tutorial_dag to None, run_after=None
[2023-07-04T00:17:56.391+0000] {processor.py:179} INFO - Processing /home/airflow/.local/lib/python3.7/site-packages/airflow/example_dags/tutorial_dag.py took 0.174 seconds
[2023-07-04T00:18:27.025+0000] {processor.py:157} INFO - Started process (PID=1329) to work on /home/airflow/.local/lib/python3.7/site-packages/airflow/example_dags/tutorial_dag.py
[2023-07-04T00:18:27.027+0000] {processor.py:826} INFO - Processing file /home/airflow/.local/lib/python3.7/site-packages/airflow/example_dags/tutorial_dag.py for tasks to queue
[2023-07-04T00:18:27.028+0000] {logging_mixin.py:149} INFO - [2023-07-04T00:18:27.028+0000] {dagbag.py:541} INFO - Filling up the DagBag from /home/airflow/.local/lib/python3.7/site-packages/airflow/example_dags/tutorial_dag.py
[2023-07-04T00:18:27.037+0000] {processor.py:836} INFO - DAG(s) dict_keys(['tutorial_dag']) retrieved from /home/airflow/.local/lib/python3.7/site-packages/airflow/example_dags/tutorial_dag.py
[2023-07-04T00:18:27.082+0000] {logging_mixin.py:149} INFO - [2023-07-04T00:18:27.082+0000] {dag.py:2726} INFO - Sync 1 DAGs
[2023-07-04T00:18:27.142+0000] {logging_mixin.py:149} INFO - [2023-07-04T00:18:27.142+0000] {dag.py:3490} INFO - Setting next_dagrun for tutorial_dag to None, run_after=None
[2023-07-04T00:18:27.180+0000] {processor.py:179} INFO - Processing /home/airflow/.local/lib/python3.7/site-packages/airflow/example_dags/tutorial_dag.py took 0.160 seconds
[2023-07-04T00:18:58.129+0000] {processor.py:157} INFO - Started process (PID=1385) to work on /home/airflow/.local/lib/python3.7/site-packages/airflow/example_dags/tutorial_dag.py
[2023-07-04T00:18:58.133+0000] {processor.py:826} INFO - Processing file /home/airflow/.local/lib/python3.7/site-packages/airflow/example_dags/tutorial_dag.py for tasks to queue
[2023-07-04T00:18:58.135+0000] {logging_mixin.py:149} INFO - [2023-07-04T00:18:58.135+0000] {dagbag.py:541} INFO - Filling up the DagBag from /home/airflow/.local/lib/python3.7/site-packages/airflow/example_dags/tutorial_dag.py
[2023-07-04T00:18:58.145+0000] {processor.py:836} INFO - DAG(s) dict_keys(['tutorial_dag']) retrieved from /home/airflow/.local/lib/python3.7/site-packages/airflow/example_dags/tutorial_dag.py
[2023-07-04T00:18:58.213+0000] {logging_mixin.py:149} INFO - [2023-07-04T00:18:58.213+0000] {dag.py:2726} INFO - Sync 1 DAGs
[2023-07-04T00:18:58.285+0000] {logging_mixin.py:149} INFO - [2023-07-04T00:18:58.285+0000] {dag.py:3490} INFO - Setting next_dagrun for tutorial_dag to None, run_after=None
[2023-07-04T00:18:58.324+0000] {processor.py:179} INFO - Processing /home/airflow/.local/lib/python3.7/site-packages/airflow/example_dags/tutorial_dag.py took 0.202 seconds
[2023-07-04T00:19:28.982+0000] {processor.py:157} INFO - Started process (PID=1443) to work on /home/airflow/.local/lib/python3.7/site-packages/airflow/example_dags/tutorial_dag.py
[2023-07-04T00:19:28.984+0000] {processor.py:826} INFO - Processing file /home/airflow/.local/lib/python3.7/site-packages/airflow/example_dags/tutorial_dag.py for tasks to queue
[2023-07-04T00:19:28.986+0000] {logging_mixin.py:149} INFO - [2023-07-04T00:19:28.986+0000] {dagbag.py:541} INFO - Filling up the DagBag from /home/airflow/.local/lib/python3.7/site-packages/airflow/example_dags/tutorial_dag.py
[2023-07-04T00:19:29.004+0000] {processor.py:836} INFO - DAG(s) dict_keys(['tutorial_dag']) retrieved from /home/airflow/.local/lib/python3.7/site-packages/airflow/example_dags/tutorial_dag.py
[2023-07-04T00:19:29.071+0000] {logging_mixin.py:149} INFO - [2023-07-04T00:19:29.070+0000] {dag.py:2726} INFO - Sync 1 DAGs
[2023-07-04T00:19:29.143+0000] {logging_mixin.py:149} INFO - [2023-07-04T00:19:29.142+0000] {dag.py:3490} INFO - Setting next_dagrun for tutorial_dag to None, run_after=None
[2023-07-04T00:19:29.178+0000] {processor.py:179} INFO - Processing /home/airflow/.local/lib/python3.7/site-packages/airflow/example_dags/tutorial_dag.py took 0.207 seconds
[2023-07-04T00:19:59.727+0000] {processor.py:157} INFO - Started process (PID=1500) to work on /home/airflow/.local/lib/python3.7/site-packages/airflow/example_dags/tutorial_dag.py
[2023-07-04T00:19:59.728+0000] {processor.py:826} INFO - Processing file /home/airflow/.local/lib/python3.7/site-packages/airflow/example_dags/tutorial_dag.py for tasks to queue
[2023-07-04T00:19:59.730+0000] {logging_mixin.py:149} INFO - [2023-07-04T00:19:59.730+0000] {dagbag.py:541} INFO - Filling up the DagBag from /home/airflow/.local/lib/python3.7/site-packages/airflow/example_dags/tutorial_dag.py
[2023-07-04T00:19:59.740+0000] {processor.py:836} INFO - DAG(s) dict_keys(['tutorial_dag']) retrieved from /home/airflow/.local/lib/python3.7/site-packages/airflow/example_dags/tutorial_dag.py
[2023-07-04T00:19:59.792+0000] {logging_mixin.py:149} INFO - [2023-07-04T00:19:59.791+0000] {dag.py:2726} INFO - Sync 1 DAGs
[2023-07-04T00:19:59.861+0000] {logging_mixin.py:149} INFO - [2023-07-04T00:19:59.860+0000] {dag.py:3490} INFO - Setting next_dagrun for tutorial_dag to None, run_after=None
[2023-07-04T00:19:59.900+0000] {processor.py:179} INFO - Processing /home/airflow/.local/lib/python3.7/site-packages/airflow/example_dags/tutorial_dag.py took 0.181 seconds
[2023-07-04T00:20:30.255+0000] {processor.py:157} INFO - Started process (PID=1557) to work on /home/airflow/.local/lib/python3.7/site-packages/airflow/example_dags/tutorial_dag.py
[2023-07-04T00:20:30.256+0000] {processor.py:826} INFO - Processing file /home/airflow/.local/lib/python3.7/site-packages/airflow/example_dags/tutorial_dag.py for tasks to queue
[2023-07-04T00:20:30.257+0000] {logging_mixin.py:149} INFO - [2023-07-04T00:20:30.257+0000] {dagbag.py:541} INFO - Filling up the DagBag from /home/airflow/.local/lib/python3.7/site-packages/airflow/example_dags/tutorial_dag.py
[2023-07-04T00:20:30.263+0000] {processor.py:836} INFO - DAG(s) dict_keys(['tutorial_dag']) retrieved from /home/airflow/.local/lib/python3.7/site-packages/airflow/example_dags/tutorial_dag.py
[2023-07-04T00:20:30.302+0000] {logging_mixin.py:149} INFO - [2023-07-04T00:20:30.302+0000] {dag.py:2726} INFO - Sync 1 DAGs
[2023-07-04T00:20:30.346+0000] {logging_mixin.py:149} INFO - [2023-07-04T00:20:30.345+0000] {dag.py:3490} INFO - Setting next_dagrun for tutorial_dag to None, run_after=None
[2023-07-04T00:20:30.376+0000] {processor.py:179} INFO - Processing /home/airflow/.local/lib/python3.7/site-packages/airflow/example_dags/tutorial_dag.py took 0.126 seconds
[2023-07-04T00:21:01.397+0000] {processor.py:157} INFO - Started process (PID=1614) to work on /home/airflow/.local/lib/python3.7/site-packages/airflow/example_dags/tutorial_dag.py
[2023-07-04T00:21:01.398+0000] {processor.py:826} INFO - Processing file /home/airflow/.local/lib/python3.7/site-packages/airflow/example_dags/tutorial_dag.py for tasks to queue
[2023-07-04T00:21:01.399+0000] {logging_mixin.py:149} INFO - [2023-07-04T00:21:01.399+0000] {dagbag.py:541} INFO - Filling up the DagBag from /home/airflow/.local/lib/python3.7/site-packages/airflow/example_dags/tutorial_dag.py
[2023-07-04T00:21:01.412+0000] {processor.py:836} INFO - DAG(s) dict_keys(['tutorial_dag']) retrieved from /home/airflow/.local/lib/python3.7/site-packages/airflow/example_dags/tutorial_dag.py
[2023-07-04T00:21:01.459+0000] {logging_mixin.py:149} INFO - [2023-07-04T00:21:01.458+0000] {dag.py:2726} INFO - Sync 1 DAGs
[2023-07-04T00:21:01.516+0000] {logging_mixin.py:149} INFO - [2023-07-04T00:21:01.515+0000] {dag.py:3490} INFO - Setting next_dagrun for tutorial_dag to None, run_after=None
[2023-07-04T00:21:01.557+0000] {processor.py:179} INFO - Processing /home/airflow/.local/lib/python3.7/site-packages/airflow/example_dags/tutorial_dag.py took 0.167 seconds
[2023-07-04T00:21:31.971+0000] {processor.py:157} INFO - Started process (PID=1670) to work on /home/airflow/.local/lib/python3.7/site-packages/airflow/example_dags/tutorial_dag.py
[2023-07-04T00:21:31.972+0000] {processor.py:826} INFO - Processing file /home/airflow/.local/lib/python3.7/site-packages/airflow/example_dags/tutorial_dag.py for tasks to queue
[2023-07-04T00:21:31.974+0000] {logging_mixin.py:149} INFO - [2023-07-04T00:21:31.974+0000] {dagbag.py:541} INFO - Filling up the DagBag from /home/airflow/.local/lib/python3.7/site-packages/airflow/example_dags/tutorial_dag.py
[2023-07-04T00:21:31.986+0000] {processor.py:836} INFO - DAG(s) dict_keys(['tutorial_dag']) retrieved from /home/airflow/.local/lib/python3.7/site-packages/airflow/example_dags/tutorial_dag.py
[2023-07-04T00:21:32.045+0000] {logging_mixin.py:149} INFO - [2023-07-04T00:21:32.045+0000] {dag.py:2726} INFO - Sync 1 DAGs
[2023-07-04T00:21:32.094+0000] {logging_mixin.py:149} INFO - [2023-07-04T00:21:32.093+0000] {dag.py:3490} INFO - Setting next_dagrun for tutorial_dag to None, run_after=None
[2023-07-04T00:21:32.127+0000] {processor.py:179} INFO - Processing /home/airflow/.local/lib/python3.7/site-packages/airflow/example_dags/tutorial_dag.py took 0.164 seconds
[2023-07-04T00:22:03.028+0000] {processor.py:157} INFO - Started process (PID=1727) to work on /home/airflow/.local/lib/python3.7/site-packages/airflow/example_dags/tutorial_dag.py
[2023-07-04T00:22:03.032+0000] {processor.py:826} INFO - Processing file /home/airflow/.local/lib/python3.7/site-packages/airflow/example_dags/tutorial_dag.py for tasks to queue
[2023-07-04T00:22:03.034+0000] {logging_mixin.py:149} INFO - [2023-07-04T00:22:03.034+0000] {dagbag.py:541} INFO - Filling up the DagBag from /home/airflow/.local/lib/python3.7/site-packages/airflow/example_dags/tutorial_dag.py
[2023-07-04T00:22:03.051+0000] {processor.py:836} INFO - DAG(s) dict_keys(['tutorial_dag']) retrieved from /home/airflow/.local/lib/python3.7/site-packages/airflow/example_dags/tutorial_dag.py
[2023-07-04T00:22:03.126+0000] {logging_mixin.py:149} INFO - [2023-07-04T00:22:03.126+0000] {dag.py:2726} INFO - Sync 1 DAGs
[2023-07-04T00:22:03.222+0000] {logging_mixin.py:149} INFO - [2023-07-04T00:22:03.221+0000] {dag.py:3490} INFO - Setting next_dagrun for tutorial_dag to None, run_after=None
[2023-07-04T00:22:03.277+0000] {processor.py:179} INFO - Processing /home/airflow/.local/lib/python3.7/site-packages/airflow/example_dags/tutorial_dag.py took 0.260 seconds
[2023-07-04T00:22:33.896+0000] {processor.py:157} INFO - Started process (PID=1784) to work on /home/airflow/.local/lib/python3.7/site-packages/airflow/example_dags/tutorial_dag.py
[2023-07-04T00:22:33.898+0000] {processor.py:826} INFO - Processing file /home/airflow/.local/lib/python3.7/site-packages/airflow/example_dags/tutorial_dag.py for tasks to queue
[2023-07-04T00:22:33.900+0000] {logging_mixin.py:149} INFO - [2023-07-04T00:22:33.899+0000] {dagbag.py:541} INFO - Filling up the DagBag from /home/airflow/.local/lib/python3.7/site-packages/airflow/example_dags/tutorial_dag.py
[2023-07-04T00:22:33.913+0000] {processor.py:836} INFO - DAG(s) dict_keys(['tutorial_dag']) retrieved from /home/airflow/.local/lib/python3.7/site-packages/airflow/example_dags/tutorial_dag.py
[2023-07-04T00:22:33.983+0000] {logging_mixin.py:149} INFO - [2023-07-04T00:22:33.983+0000] {dag.py:2726} INFO - Sync 1 DAGs
[2023-07-04T00:22:34.057+0000] {logging_mixin.py:149} INFO - [2023-07-04T00:22:34.056+0000] {dag.py:3490} INFO - Setting next_dagrun for tutorial_dag to None, run_after=None
[2023-07-04T00:22:34.100+0000] {processor.py:179} INFO - Processing /home/airflow/.local/lib/python3.7/site-packages/airflow/example_dags/tutorial_dag.py took 0.213 seconds
[2023-07-04T00:23:04.379+0000] {processor.py:157} INFO - Started process (PID=1841) to work on /home/airflow/.local/lib/python3.7/site-packages/airflow/example_dags/tutorial_dag.py
[2023-07-04T00:23:04.381+0000] {processor.py:826} INFO - Processing file /home/airflow/.local/lib/python3.7/site-packages/airflow/example_dags/tutorial_dag.py for tasks to queue
[2023-07-04T00:23:04.382+0000] {logging_mixin.py:149} INFO - [2023-07-04T00:23:04.382+0000] {dagbag.py:541} INFO - Filling up the DagBag from /home/airflow/.local/lib/python3.7/site-packages/airflow/example_dags/tutorial_dag.py
[2023-07-04T00:23:04.391+0000] {processor.py:836} INFO - DAG(s) dict_keys(['tutorial_dag']) retrieved from /home/airflow/.local/lib/python3.7/site-packages/airflow/example_dags/tutorial_dag.py
[2023-07-04T00:23:04.439+0000] {logging_mixin.py:149} INFO - [2023-07-04T00:23:04.439+0000] {dag.py:2726} INFO - Sync 1 DAGs
[2023-07-04T00:23:04.493+0000] {logging_mixin.py:149} INFO - [2023-07-04T00:23:04.493+0000] {dag.py:3490} INFO - Setting next_dagrun for tutorial_dag to None, run_after=None
[2023-07-04T00:23:04.536+0000] {processor.py:179} INFO - Processing /home/airflow/.local/lib/python3.7/site-packages/airflow/example_dags/tutorial_dag.py took 0.164 seconds
[2023-07-04T00:23:35.405+0000] {processor.py:157} INFO - Started process (PID=1898) to work on /home/airflow/.local/lib/python3.7/site-packages/airflow/example_dags/tutorial_dag.py
[2023-07-04T00:23:35.406+0000] {processor.py:826} INFO - Processing file /home/airflow/.local/lib/python3.7/site-packages/airflow/example_dags/tutorial_dag.py for tasks to queue
[2023-07-04T00:23:35.407+0000] {logging_mixin.py:149} INFO - [2023-07-04T00:23:35.407+0000] {dagbag.py:541} INFO - Filling up the DagBag from /home/airflow/.local/lib/python3.7/site-packages/airflow/example_dags/tutorial_dag.py
[2023-07-04T00:23:35.419+0000] {processor.py:836} INFO - DAG(s) dict_keys(['tutorial_dag']) retrieved from /home/airflow/.local/lib/python3.7/site-packages/airflow/example_dags/tutorial_dag.py
[2023-07-04T00:23:35.474+0000] {logging_mixin.py:149} INFO - [2023-07-04T00:23:35.474+0000] {dag.py:2726} INFO - Sync 1 DAGs
[2023-07-04T00:23:35.544+0000] {logging_mixin.py:149} INFO - [2023-07-04T00:23:35.543+0000] {dag.py:3490} INFO - Setting next_dagrun for tutorial_dag to None, run_after=None
[2023-07-04T00:23:35.589+0000] {processor.py:179} INFO - Processing /home/airflow/.local/lib/python3.7/site-packages/airflow/example_dags/tutorial_dag.py took 0.191 seconds
[2023-07-04T00:24:06.505+0000] {processor.py:157} INFO - Started process (PID=1955) to work on /home/airflow/.local/lib/python3.7/site-packages/airflow/example_dags/tutorial_dag.py
[2023-07-04T00:24:06.507+0000] {processor.py:826} INFO - Processing file /home/airflow/.local/lib/python3.7/site-packages/airflow/example_dags/tutorial_dag.py for tasks to queue
[2023-07-04T00:24:06.508+0000] {logging_mixin.py:149} INFO - [2023-07-04T00:24:06.508+0000] {dagbag.py:541} INFO - Filling up the DagBag from /home/airflow/.local/lib/python3.7/site-packages/airflow/example_dags/tutorial_dag.py
[2023-07-04T00:24:06.516+0000] {processor.py:836} INFO - DAG(s) dict_keys(['tutorial_dag']) retrieved from /home/airflow/.local/lib/python3.7/site-packages/airflow/example_dags/tutorial_dag.py
[2023-07-04T00:24:06.569+0000] {logging_mixin.py:149} INFO - [2023-07-04T00:24:06.569+0000] {dag.py:2726} INFO - Sync 1 DAGs
[2023-07-04T00:24:06.624+0000] {logging_mixin.py:149} INFO - [2023-07-04T00:24:06.623+0000] {dag.py:3490} INFO - Setting next_dagrun for tutorial_dag to None, run_after=None
[2023-07-04T00:24:06.676+0000] {processor.py:179} INFO - Processing /home/airflow/.local/lib/python3.7/site-packages/airflow/example_dags/tutorial_dag.py took 0.178 seconds
[2023-07-04T00:24:36.874+0000] {processor.py:157} INFO - Started process (PID=2011) to work on /home/airflow/.local/lib/python3.7/site-packages/airflow/example_dags/tutorial_dag.py
[2023-07-04T00:24:36.883+0000] {processor.py:826} INFO - Processing file /home/airflow/.local/lib/python3.7/site-packages/airflow/example_dags/tutorial_dag.py for tasks to queue
[2023-07-04T00:24:36.886+0000] {logging_mixin.py:149} INFO - [2023-07-04T00:24:36.886+0000] {dagbag.py:541} INFO - Filling up the DagBag from /home/airflow/.local/lib/python3.7/site-packages/airflow/example_dags/tutorial_dag.py
[2023-07-04T00:24:36.902+0000] {processor.py:836} INFO - DAG(s) dict_keys(['tutorial_dag']) retrieved from /home/airflow/.local/lib/python3.7/site-packages/airflow/example_dags/tutorial_dag.py
[2023-07-04T00:24:37.012+0000] {logging_mixin.py:149} INFO - [2023-07-04T00:24:37.011+0000] {dag.py:2726} INFO - Sync 1 DAGs
[2023-07-04T00:24:37.093+0000] {logging_mixin.py:149} INFO - [2023-07-04T00:24:37.093+0000] {dag.py:3490} INFO - Setting next_dagrun for tutorial_dag to None, run_after=None
[2023-07-04T00:24:37.150+0000] {processor.py:179} INFO - Processing /home/airflow/.local/lib/python3.7/site-packages/airflow/example_dags/tutorial_dag.py took 0.290 seconds
[2023-07-04T00:25:07.280+0000] {processor.py:157} INFO - Started process (PID=2068) to work on /home/airflow/.local/lib/python3.7/site-packages/airflow/example_dags/tutorial_dag.py
[2023-07-04T00:25:07.283+0000] {processor.py:826} INFO - Processing file /home/airflow/.local/lib/python3.7/site-packages/airflow/example_dags/tutorial_dag.py for tasks to queue
[2023-07-04T00:25:07.286+0000] {logging_mixin.py:149} INFO - [2023-07-04T00:25:07.285+0000] {dagbag.py:541} INFO - Filling up the DagBag from /home/airflow/.local/lib/python3.7/site-packages/airflow/example_dags/tutorial_dag.py
[2023-07-04T00:25:07.302+0000] {processor.py:836} INFO - DAG(s) dict_keys(['tutorial_dag']) retrieved from /home/airflow/.local/lib/python3.7/site-packages/airflow/example_dags/tutorial_dag.py
[2023-07-04T00:25:07.360+0000] {logging_mixin.py:149} INFO - [2023-07-04T00:25:07.359+0000] {dag.py:2726} INFO - Sync 1 DAGs
[2023-07-04T00:25:07.412+0000] {logging_mixin.py:149} INFO - [2023-07-04T00:25:07.412+0000] {dag.py:3490} INFO - Setting next_dagrun for tutorial_dag to None, run_after=None
[2023-07-04T00:25:07.456+0000] {processor.py:179} INFO - Processing /home/airflow/.local/lib/python3.7/site-packages/airflow/example_dags/tutorial_dag.py took 0.182 seconds
[2023-07-04T00:25:37.662+0000] {processor.py:157} INFO - Started process (PID=2126) to work on /home/airflow/.local/lib/python3.7/site-packages/airflow/example_dags/tutorial_dag.py
[2023-07-04T00:25:37.664+0000] {processor.py:826} INFO - Processing file /home/airflow/.local/lib/python3.7/site-packages/airflow/example_dags/tutorial_dag.py for tasks to queue
[2023-07-04T00:25:37.665+0000] {logging_mixin.py:149} INFO - [2023-07-04T00:25:37.665+0000] {dagbag.py:541} INFO - Filling up the DagBag from /home/airflow/.local/lib/python3.7/site-packages/airflow/example_dags/tutorial_dag.py
[2023-07-04T00:25:37.676+0000] {processor.py:836} INFO - DAG(s) dict_keys(['tutorial_dag']) retrieved from /home/airflow/.local/lib/python3.7/site-packages/airflow/example_dags/tutorial_dag.py
[2023-07-04T00:25:37.728+0000] {logging_mixin.py:149} INFO - [2023-07-04T00:25:37.728+0000] {dag.py:2726} INFO - Sync 1 DAGs
[2023-07-04T00:25:37.784+0000] {logging_mixin.py:149} INFO - [2023-07-04T00:25:37.783+0000] {dag.py:3490} INFO - Setting next_dagrun for tutorial_dag to None, run_after=None
[2023-07-04T00:25:37.825+0000] {processor.py:179} INFO - Processing /home/airflow/.local/lib/python3.7/site-packages/airflow/example_dags/tutorial_dag.py took 0.168 seconds
[2023-07-04T00:26:08.268+0000] {processor.py:157} INFO - Started process (PID=2183) to work on /home/airflow/.local/lib/python3.7/site-packages/airflow/example_dags/tutorial_dag.py
[2023-07-04T00:26:08.271+0000] {processor.py:826} INFO - Processing file /home/airflow/.local/lib/python3.7/site-packages/airflow/example_dags/tutorial_dag.py for tasks to queue
[2023-07-04T00:26:08.272+0000] {logging_mixin.py:149} INFO - [2023-07-04T00:26:08.272+0000] {dagbag.py:541} INFO - Filling up the DagBag from /home/airflow/.local/lib/python3.7/site-packages/airflow/example_dags/tutorial_dag.py
[2023-07-04T00:26:08.288+0000] {processor.py:836} INFO - DAG(s) dict_keys(['tutorial_dag']) retrieved from /home/airflow/.local/lib/python3.7/site-packages/airflow/example_dags/tutorial_dag.py
[2023-07-04T00:26:08.346+0000] {logging_mixin.py:149} INFO - [2023-07-04T00:26:08.345+0000] {dag.py:2726} INFO - Sync 1 DAGs
[2023-07-04T00:26:08.410+0000] {logging_mixin.py:149} INFO - [2023-07-04T00:26:08.410+0000] {dag.py:3490} INFO - Setting next_dagrun for tutorial_dag to None, run_after=None
[2023-07-04T00:26:08.466+0000] {processor.py:179} INFO - Processing /home/airflow/.local/lib/python3.7/site-packages/airflow/example_dags/tutorial_dag.py took 0.206 seconds
[2023-07-04T00:26:38.678+0000] {processor.py:157} INFO - Started process (PID=2240) to work on /home/airflow/.local/lib/python3.7/site-packages/airflow/example_dags/tutorial_dag.py
[2023-07-04T00:26:38.680+0000] {processor.py:826} INFO - Processing file /home/airflow/.local/lib/python3.7/site-packages/airflow/example_dags/tutorial_dag.py for tasks to queue
[2023-07-04T00:26:38.681+0000] {logging_mixin.py:149} INFO - [2023-07-04T00:26:38.681+0000] {dagbag.py:541} INFO - Filling up the DagBag from /home/airflow/.local/lib/python3.7/site-packages/airflow/example_dags/tutorial_dag.py
[2023-07-04T00:26:38.691+0000] {processor.py:836} INFO - DAG(s) dict_keys(['tutorial_dag']) retrieved from /home/airflow/.local/lib/python3.7/site-packages/airflow/example_dags/tutorial_dag.py
[2023-07-04T00:26:38.738+0000] {logging_mixin.py:149} INFO - [2023-07-04T00:26:38.738+0000] {dag.py:2726} INFO - Sync 1 DAGs
[2023-07-04T00:26:38.802+0000] {logging_mixin.py:149} INFO - [2023-07-04T00:26:38.802+0000] {dag.py:3490} INFO - Setting next_dagrun for tutorial_dag to None, run_after=None
[2023-07-04T00:26:38.838+0000] {processor.py:179} INFO - Processing /home/airflow/.local/lib/python3.7/site-packages/airflow/example_dags/tutorial_dag.py took 0.168 seconds
[2023-07-04T00:27:09.055+0000] {processor.py:157} INFO - Started process (PID=2297) to work on /home/airflow/.local/lib/python3.7/site-packages/airflow/example_dags/tutorial_dag.py
[2023-07-04T00:27:09.057+0000] {processor.py:826} INFO - Processing file /home/airflow/.local/lib/python3.7/site-packages/airflow/example_dags/tutorial_dag.py for tasks to queue
[2023-07-04T00:27:09.060+0000] {logging_mixin.py:149} INFO - [2023-07-04T00:27:09.059+0000] {dagbag.py:541} INFO - Filling up the DagBag from /home/airflow/.local/lib/python3.7/site-packages/airflow/example_dags/tutorial_dag.py
[2023-07-04T00:27:09.073+0000] {processor.py:836} INFO - DAG(s) dict_keys(['tutorial_dag']) retrieved from /home/airflow/.local/lib/python3.7/site-packages/airflow/example_dags/tutorial_dag.py
[2023-07-04T00:27:09.130+0000] {logging_mixin.py:149} INFO - [2023-07-04T00:27:09.130+0000] {dag.py:2726} INFO - Sync 1 DAGs
[2023-07-04T00:27:09.200+0000] {logging_mixin.py:149} INFO - [2023-07-04T00:27:09.200+0000] {dag.py:3490} INFO - Setting next_dagrun for tutorial_dag to None, run_after=None
[2023-07-04T00:27:09.247+0000] {processor.py:179} INFO - Processing /home/airflow/.local/lib/python3.7/site-packages/airflow/example_dags/tutorial_dag.py took 0.202 seconds
[2023-07-04T00:27:40.093+0000] {processor.py:157} INFO - Started process (PID=2354) to work on /home/airflow/.local/lib/python3.7/site-packages/airflow/example_dags/tutorial_dag.py
[2023-07-04T00:27:40.095+0000] {processor.py:826} INFO - Processing file /home/airflow/.local/lib/python3.7/site-packages/airflow/example_dags/tutorial_dag.py for tasks to queue
[2023-07-04T00:27:40.096+0000] {logging_mixin.py:149} INFO - [2023-07-04T00:27:40.096+0000] {dagbag.py:541} INFO - Filling up the DagBag from /home/airflow/.local/lib/python3.7/site-packages/airflow/example_dags/tutorial_dag.py
[2023-07-04T00:27:40.108+0000] {processor.py:836} INFO - DAG(s) dict_keys(['tutorial_dag']) retrieved from /home/airflow/.local/lib/python3.7/site-packages/airflow/example_dags/tutorial_dag.py
[2023-07-04T00:27:40.155+0000] {logging_mixin.py:149} INFO - [2023-07-04T00:27:40.155+0000] {dag.py:2726} INFO - Sync 1 DAGs
[2023-07-04T00:27:40.215+0000] {logging_mixin.py:149} INFO - [2023-07-04T00:27:40.214+0000] {dag.py:3490} INFO - Setting next_dagrun for tutorial_dag to None, run_after=None
[2023-07-04T00:27:40.257+0000] {processor.py:179} INFO - Processing /home/airflow/.local/lib/python3.7/site-packages/airflow/example_dags/tutorial_dag.py took 0.171 seconds
[2023-07-04T00:28:10.605+0000] {processor.py:157} INFO - Started process (PID=2411) to work on /home/airflow/.local/lib/python3.7/site-packages/airflow/example_dags/tutorial_dag.py
[2023-07-04T00:28:10.607+0000] {processor.py:826} INFO - Processing file /home/airflow/.local/lib/python3.7/site-packages/airflow/example_dags/tutorial_dag.py for tasks to queue
[2023-07-04T00:28:10.608+0000] {logging_mixin.py:149} INFO - [2023-07-04T00:28:10.608+0000] {dagbag.py:541} INFO - Filling up the DagBag from /home/airflow/.local/lib/python3.7/site-packages/airflow/example_dags/tutorial_dag.py
[2023-07-04T00:28:10.619+0000] {processor.py:836} INFO - DAG(s) dict_keys(['tutorial_dag']) retrieved from /home/airflow/.local/lib/python3.7/site-packages/airflow/example_dags/tutorial_dag.py
[2023-07-04T00:28:10.673+0000] {logging_mixin.py:149} INFO - [2023-07-04T00:28:10.673+0000] {dag.py:2726} INFO - Sync 1 DAGs
[2023-07-04T00:28:10.740+0000] {logging_mixin.py:149} INFO - [2023-07-04T00:28:10.740+0000] {dag.py:3490} INFO - Setting next_dagrun for tutorial_dag to None, run_after=None
[2023-07-04T00:28:10.784+0000] {processor.py:179} INFO - Processing /home/airflow/.local/lib/python3.7/site-packages/airflow/example_dags/tutorial_dag.py took 0.188 seconds
[2023-07-04T00:28:41.294+0000] {processor.py:157} INFO - Started process (PID=2468) to work on /home/airflow/.local/lib/python3.7/site-packages/airflow/example_dags/tutorial_dag.py
[2023-07-04T00:28:41.296+0000] {processor.py:826} INFO - Processing file /home/airflow/.local/lib/python3.7/site-packages/airflow/example_dags/tutorial_dag.py for tasks to queue
[2023-07-04T00:28:41.297+0000] {logging_mixin.py:149} INFO - [2023-07-04T00:28:41.297+0000] {dagbag.py:541} INFO - Filling up the DagBag from /home/airflow/.local/lib/python3.7/site-packages/airflow/example_dags/tutorial_dag.py
[2023-07-04T00:28:41.306+0000] {processor.py:836} INFO - DAG(s) dict_keys(['tutorial_dag']) retrieved from /home/airflow/.local/lib/python3.7/site-packages/airflow/example_dags/tutorial_dag.py
[2023-07-04T00:28:41.353+0000] {logging_mixin.py:149} INFO - [2023-07-04T00:28:41.353+0000] {dag.py:2726} INFO - Sync 1 DAGs
[2023-07-04T00:28:41.397+0000] {logging_mixin.py:149} INFO - [2023-07-04T00:28:41.397+0000] {dag.py:3490} INFO - Setting next_dagrun for tutorial_dag to None, run_after=None
[2023-07-04T00:28:41.436+0000] {processor.py:179} INFO - Processing /home/airflow/.local/lib/python3.7/site-packages/airflow/example_dags/tutorial_dag.py took 0.148 seconds
[2023-07-04T00:29:12.200+0000] {processor.py:157} INFO - Started process (PID=2525) to work on /home/airflow/.local/lib/python3.7/site-packages/airflow/example_dags/tutorial_dag.py
[2023-07-04T00:29:12.203+0000] {processor.py:826} INFO - Processing file /home/airflow/.local/lib/python3.7/site-packages/airflow/example_dags/tutorial_dag.py for tasks to queue
[2023-07-04T00:29:12.206+0000] {logging_mixin.py:149} INFO - [2023-07-04T00:29:12.205+0000] {dagbag.py:541} INFO - Filling up the DagBag from /home/airflow/.local/lib/python3.7/site-packages/airflow/example_dags/tutorial_dag.py
[2023-07-04T00:29:12.220+0000] {processor.py:836} INFO - DAG(s) dict_keys(['tutorial_dag']) retrieved from /home/airflow/.local/lib/python3.7/site-packages/airflow/example_dags/tutorial_dag.py
[2023-07-04T00:29:12.300+0000] {logging_mixin.py:149} INFO - [2023-07-04T00:29:12.299+0000] {dag.py:2726} INFO - Sync 1 DAGs
[2023-07-04T00:29:12.360+0000] {logging_mixin.py:149} INFO - [2023-07-04T00:29:12.360+0000] {dag.py:3490} INFO - Setting next_dagrun for tutorial_dag to None, run_after=None
[2023-07-04T00:29:12.401+0000] {processor.py:179} INFO - Processing /home/airflow/.local/lib/python3.7/site-packages/airflow/example_dags/tutorial_dag.py took 0.209 seconds
[2023-07-04T00:29:42.625+0000] {processor.py:157} INFO - Started process (PID=2582) to work on /home/airflow/.local/lib/python3.7/site-packages/airflow/example_dags/tutorial_dag.py
[2023-07-04T00:29:42.626+0000] {processor.py:826} INFO - Processing file /home/airflow/.local/lib/python3.7/site-packages/airflow/example_dags/tutorial_dag.py for tasks to queue
[2023-07-04T00:29:42.627+0000] {logging_mixin.py:149} INFO - [2023-07-04T00:29:42.627+0000] {dagbag.py:541} INFO - Filling up the DagBag from /home/airflow/.local/lib/python3.7/site-packages/airflow/example_dags/tutorial_dag.py
[2023-07-04T00:29:42.634+0000] {processor.py:836} INFO - DAG(s) dict_keys(['tutorial_dag']) retrieved from /home/airflow/.local/lib/python3.7/site-packages/airflow/example_dags/tutorial_dag.py
[2023-07-04T00:29:42.672+0000] {logging_mixin.py:149} INFO - [2023-07-04T00:29:42.672+0000] {dag.py:2726} INFO - Sync 1 DAGs
[2023-07-04T00:29:42.715+0000] {logging_mixin.py:149} INFO - [2023-07-04T00:29:42.715+0000] {dag.py:3490} INFO - Setting next_dagrun for tutorial_dag to None, run_after=None
[2023-07-04T00:29:42.745+0000] {processor.py:179} INFO - Processing /home/airflow/.local/lib/python3.7/site-packages/airflow/example_dags/tutorial_dag.py took 0.126 seconds
[2023-07-04T00:30:13.723+0000] {processor.py:157} INFO - Started process (PID=2639) to work on /home/airflow/.local/lib/python3.7/site-packages/airflow/example_dags/tutorial_dag.py
[2023-07-04T00:30:13.724+0000] {processor.py:826} INFO - Processing file /home/airflow/.local/lib/python3.7/site-packages/airflow/example_dags/tutorial_dag.py for tasks to queue
[2023-07-04T00:30:13.726+0000] {logging_mixin.py:149} INFO - [2023-07-04T00:30:13.726+0000] {dagbag.py:541} INFO - Filling up the DagBag from /home/airflow/.local/lib/python3.7/site-packages/airflow/example_dags/tutorial_dag.py
[2023-07-04T00:30:13.737+0000] {processor.py:836} INFO - DAG(s) dict_keys(['tutorial_dag']) retrieved from /home/airflow/.local/lib/python3.7/site-packages/airflow/example_dags/tutorial_dag.py
[2023-07-04T00:30:13.795+0000] {logging_mixin.py:149} INFO - [2023-07-04T00:30:13.795+0000] {dag.py:2726} INFO - Sync 1 DAGs
[2023-07-04T00:30:13.854+0000] {logging_mixin.py:149} INFO - [2023-07-04T00:30:13.854+0000] {dag.py:3490} INFO - Setting next_dagrun for tutorial_dag to None, run_after=None
[2023-07-04T00:30:13.906+0000] {processor.py:179} INFO - Processing /home/airflow/.local/lib/python3.7/site-packages/airflow/example_dags/tutorial_dag.py took 0.193 seconds
[2023-07-04T00:30:44.290+0000] {processor.py:157} INFO - Started process (PID=2702) to work on /home/airflow/.local/lib/python3.7/site-packages/airflow/example_dags/tutorial_dag.py
[2023-07-04T00:30:44.292+0000] {processor.py:826} INFO - Processing file /home/airflow/.local/lib/python3.7/site-packages/airflow/example_dags/tutorial_dag.py for tasks to queue
[2023-07-04T00:30:44.293+0000] {logging_mixin.py:149} INFO - [2023-07-04T00:30:44.293+0000] {dagbag.py:541} INFO - Filling up the DagBag from /home/airflow/.local/lib/python3.7/site-packages/airflow/example_dags/tutorial_dag.py
[2023-07-04T00:30:44.303+0000] {processor.py:836} INFO - DAG(s) dict_keys(['tutorial_dag']) retrieved from /home/airflow/.local/lib/python3.7/site-packages/airflow/example_dags/tutorial_dag.py
[2023-07-04T00:30:44.384+0000] {logging_mixin.py:149} INFO - [2023-07-04T00:30:44.383+0000] {dag.py:2726} INFO - Sync 1 DAGs
[2023-07-04T00:30:44.484+0000] {logging_mixin.py:149} INFO - [2023-07-04T00:30:44.483+0000] {dag.py:3490} INFO - Setting next_dagrun for tutorial_dag to None, run_after=None
[2023-07-04T00:30:44.562+0000] {processor.py:179} INFO - Processing /home/airflow/.local/lib/python3.7/site-packages/airflow/example_dags/tutorial_dag.py took 0.279 seconds
[2023-07-04T00:31:15.757+0000] {processor.py:157} INFO - Started process (PID=2759) to work on /home/airflow/.local/lib/python3.7/site-packages/airflow/example_dags/tutorial_dag.py
[2023-07-04T00:31:15.759+0000] {processor.py:826} INFO - Processing file /home/airflow/.local/lib/python3.7/site-packages/airflow/example_dags/tutorial_dag.py for tasks to queue
[2023-07-04T00:31:15.760+0000] {logging_mixin.py:149} INFO - [2023-07-04T00:31:15.760+0000] {dagbag.py:541} INFO - Filling up the DagBag from /home/airflow/.local/lib/python3.7/site-packages/airflow/example_dags/tutorial_dag.py
[2023-07-04T00:31:15.769+0000] {processor.py:836} INFO - DAG(s) dict_keys(['tutorial_dag']) retrieved from /home/airflow/.local/lib/python3.7/site-packages/airflow/example_dags/tutorial_dag.py
[2023-07-04T00:31:15.809+0000] {logging_mixin.py:149} INFO - [2023-07-04T00:31:15.809+0000] {dag.py:2726} INFO - Sync 1 DAGs
[2023-07-04T00:31:15.850+0000] {logging_mixin.py:149} INFO - [2023-07-04T00:31:15.850+0000] {dag.py:3490} INFO - Setting next_dagrun for tutorial_dag to None, run_after=None
[2023-07-04T00:31:15.880+0000] {processor.py:179} INFO - Processing /home/airflow/.local/lib/python3.7/site-packages/airflow/example_dags/tutorial_dag.py took 0.129 seconds
[2023-07-04T00:31:46.035+0000] {processor.py:157} INFO - Started process (PID=2816) to work on /home/airflow/.local/lib/python3.7/site-packages/airflow/example_dags/tutorial_dag.py
[2023-07-04T00:31:46.037+0000] {processor.py:826} INFO - Processing file /home/airflow/.local/lib/python3.7/site-packages/airflow/example_dags/tutorial_dag.py for tasks to queue
[2023-07-04T00:31:46.038+0000] {logging_mixin.py:149} INFO - [2023-07-04T00:31:46.038+0000] {dagbag.py:541} INFO - Filling up the DagBag from /home/airflow/.local/lib/python3.7/site-packages/airflow/example_dags/tutorial_dag.py
[2023-07-04T00:31:46.051+0000] {processor.py:836} INFO - DAG(s) dict_keys(['tutorial_dag']) retrieved from /home/airflow/.local/lib/python3.7/site-packages/airflow/example_dags/tutorial_dag.py
[2023-07-04T00:31:46.096+0000] {logging_mixin.py:149} INFO - [2023-07-04T00:31:46.096+0000] {dag.py:2726} INFO - Sync 1 DAGs
[2023-07-04T00:31:46.136+0000] {logging_mixin.py:149} INFO - [2023-07-04T00:31:46.135+0000] {dag.py:3490} INFO - Setting next_dagrun for tutorial_dag to None, run_after=None
[2023-07-04T00:31:46.165+0000] {processor.py:179} INFO - Processing /home/airflow/.local/lib/python3.7/site-packages/airflow/example_dags/tutorial_dag.py took 0.138 seconds
[2023-07-04T00:32:16.641+0000] {processor.py:157} INFO - Started process (PID=2873) to work on /home/airflow/.local/lib/python3.7/site-packages/airflow/example_dags/tutorial_dag.py
[2023-07-04T00:32:16.643+0000] {processor.py:826} INFO - Processing file /home/airflow/.local/lib/python3.7/site-packages/airflow/example_dags/tutorial_dag.py for tasks to queue
[2023-07-04T00:32:16.645+0000] {logging_mixin.py:149} INFO - [2023-07-04T00:32:16.644+0000] {dagbag.py:541} INFO - Filling up the DagBag from /home/airflow/.local/lib/python3.7/site-packages/airflow/example_dags/tutorial_dag.py
[2023-07-04T00:32:16.657+0000] {processor.py:836} INFO - DAG(s) dict_keys(['tutorial_dag']) retrieved from /home/airflow/.local/lib/python3.7/site-packages/airflow/example_dags/tutorial_dag.py
[2023-07-04T00:32:16.702+0000] {logging_mixin.py:149} INFO - [2023-07-04T00:32:16.701+0000] {dag.py:2726} INFO - Sync 1 DAGs
[2023-07-04T00:32:16.751+0000] {logging_mixin.py:149} INFO - [2023-07-04T00:32:16.751+0000] {dag.py:3490} INFO - Setting next_dagrun for tutorial_dag to None, run_after=None
[2023-07-04T00:32:16.785+0000] {processor.py:179} INFO - Processing /home/airflow/.local/lib/python3.7/site-packages/airflow/example_dags/tutorial_dag.py took 0.151 seconds
[2023-07-04T00:32:48.363+0000] {processor.py:157} INFO - Started process (PID=2931) to work on /home/airflow/.local/lib/python3.7/site-packages/airflow/example_dags/tutorial_dag.py
[2023-07-04T00:32:48.366+0000] {processor.py:826} INFO - Processing file /home/airflow/.local/lib/python3.7/site-packages/airflow/example_dags/tutorial_dag.py for tasks to queue
[2023-07-04T00:32:48.370+0000] {logging_mixin.py:149} INFO - [2023-07-04T00:32:48.369+0000] {dagbag.py:541} INFO - Filling up the DagBag from /home/airflow/.local/lib/python3.7/site-packages/airflow/example_dags/tutorial_dag.py
[2023-07-04T00:32:48.400+0000] {processor.py:836} INFO - DAG(s) dict_keys(['tutorial_dag']) retrieved from /home/airflow/.local/lib/python3.7/site-packages/airflow/example_dags/tutorial_dag.py
[2023-07-04T00:32:48.638+0000] {logging_mixin.py:149} INFO - [2023-07-04T00:32:48.637+0000] {dag.py:2726} INFO - Sync 1 DAGs
[2023-07-04T00:32:48.954+0000] {logging_mixin.py:149} INFO - [2023-07-04T00:32:48.954+0000] {dag.py:3490} INFO - Setting next_dagrun for tutorial_dag to None, run_after=None
[2023-07-04T00:32:49.323+0000] {processor.py:179} INFO - Processing /home/airflow/.local/lib/python3.7/site-packages/airflow/example_dags/tutorial_dag.py took 0.976 seconds
